Version identifier: 20.1.0.0 | 2020-11-10 | 9bedb6d68
CPXPARAM_Threads                                 1
CPXPARAM_TimeLimit                               7200
CPXPARAM_MIP_Tolerances_MIPGap                   0
Generic callback                                 0x60
1 of 1 MIP starts provided solutions.
MIP start 'm1' defined initial solution with objective 150.3678.
Tried aggregator 1 time.
Reduced MIP has 10101 rows, 10101 columns, and 30100 nonzeros.
Reduced MIP has 100 binaries, 0 generals, 0 SOSs, and 0 indicators.
Presolve time = 0.01 sec. (9.72 ticks)
Probing time = 0.00 sec. (1.26 ticks)
Tried aggregator 1 time.
Reduced MIP has 10101 rows, 10101 columns, and 30100 nonzeros.
Reduced MIP has 100 binaries, 0 generals, 0 SOSs, and 0 indicators.
Presolve time = 0.01 sec. (9.55 ticks)
Probing time = 0.00 sec. (1.26 ticks)
MIP emphasis: balance optimality and feasibility.
MIP search method: dynamic search.
Parallel mode: none, using 1 thread.
Root relaxation solution time = 0.00 sec. (3.90 ticks)

        Nodes                                         Cuts/
   Node  Left     Objective  IInf  Best Integer    Best Bound    ItCnt     Gap

*     0+    0                          150.3678      558.0000           271.09%
      0     0      172.3410     4      150.3678      558.0000        0  271.09%
*     0+    0                          155.5671      172.3410            10.78%
*     0+    0                          160.2810      172.3410             7.52%
      0     2      168.2188     5      160.2810      168.2163        0    4.95%
Elapsed time = 6.09 sec. (1982.63 ticks, tree = 0.01 MB, solutions = 3)
      2     2      165.1691     7      160.2810      165.1662     1044    3.05%
      6     4        cutoff            160.2810      164.6511     1354    2.73%
*     9     2      integral     0      164.0246      164.6511     1491    0.38%
     12     3      164.0673     8      164.0246      164.3413     1979    0.19%

User cuts applied:  14

Root node processing (before b&c):
  Real time             =    6.09 sec. (1983.00 ticks)
Sequential b&c:
  Real time             =    2.52 sec. (1024.56 ticks)
                          ------------
Total (root+branch&cut) =    8.61 sec. (3007.56 ticks)
@Parameters: 
is_S_cut                                true
is_add_all_yinF                         true
is_start_value                          true
is_usercut                              true
is_visualization                        true
uc_only_rootnode                        false

data                                    Biesinger
fn                                      data/Biesinger/111_n100_std
mode                                    ZLP
solver                                  cplex

p                                       2
r                                       5

EPS                                     1.0e-06
EPS_vio                                 1.0e-04
beta                                    0.10
gap                                     0.00
nodelimit                               Inf
timelimit                               7200.00

Solution X: [59, 85]
Solution Y: [9, 42, 46, 86, 89]

leader_capture_demand: [81.65710648354404, 82.3674729579028]
follower_capture_demand: [113.28254256970916, 69.86972017728571, 101.77843976870264, 44.611531137104365, 64.43318690575127]

========== Summary ==========
Total Demand: 558
Total Leader Captured: 164.02457944144686
Total Follower Captured: 393.97542055855314

@PrintInfos
ItCnt: 2036
Current gap: 0.00 %
Termination Status: OPTIMAL
Primal Status: FEASIBLE_POINT
Solve Time: 8.61 sec
Objective Value: 164.024579
Number of Nodes:     16

CutInfo: [phase] num / time (sec) 
ZLP             [phase1]     0 / 0.00 [rLC]     7 / 2.04 [rUC]     2 / 0.25 [sLC]     0 / 0.05 [sUC]     9 / 1.42 
OldSubmodular   [phase1]     0 / 0.00 [rLC]     0 / 0.00 [rUC]     0 / 0.00 [sLC]     0 / 0.00 [sUC]     0 / 0.00 
NewSubmodular   [phase1]     0 / 0.00 [rLC]     0 / 0.00 [rUC]     0 / 0.00 [sLC]     0 / 0.00 [sUC]     0 / 0.00 
PMP             [phase1]     0 / 0.00 [rLC]    10 / 0.95 [rUC]     2 / 0.09 [sLC]     1 / 0.05 [sUC]    23 / 1.17 
Separation Round: [phase1] 0  [rLC] 10  [rUC] 2  [sLC] 1  [sUC] 23
Root Best Bound 165.166195
Root Best Integer: 160.281038
Best Bound: 164.024579
Best Integer: 164.024579

