Version identifier: 20.1.0.0 | 2020-11-10 | 9bedb6d68
CPXPARAM_Threads                                 1
CPXPARAM_TimeLimit                               7200
CPXPARAM_MIP_Tolerances_MIPGap                   0
Generic callback                                 0x60
1 of 1 MIP starts provided solutions.
MIP start 'm1' defined initial solution with objective 332.4899.
Tried aggregator 1 time.
Reduced MIP has 10101 rows, 10101 columns, and 30100 nonzeros.
Reduced MIP has 100 binaries, 0 generals, 0 SOSs, and 0 indicators.
Presolve time = 0.01 sec. (9.72 ticks)
Probing time = 0.00 sec. (1.26 ticks)
Tried aggregator 1 time.
Reduced MIP has 10101 rows, 10101 columns, and 30100 nonzeros.
Reduced MIP has 100 binaries, 0 generals, 0 SOSs, and 0 indicators.
Presolve time = 0.01 sec. (9.55 ticks)
Probing time = 0.00 sec. (1.26 ticks)
MIP emphasis: balance optimality and feasibility.
MIP search method: dynamic search.
Parallel mode: none, using 1 thread.
Root relaxation solution time = 0.00 sec. (3.91 ticks)

        Nodes                                         Cuts/
   Node  Left     Objective  IInf  Best Integer    Best Bound    ItCnt     Gap

*     0+    0                          332.4899      558.0000            67.82%
      0     0      338.7240    14      332.4899      558.0000        0   67.82%
*     0+    0                          338.2090      338.7240             0.15%
*     0+    0                          338.3913      338.7240             0.10%
      0     2      338.6582    16      338.3913      338.6460        0    0.08%
Elapsed time = 3.47 sec. (487.49 ticks, tree = 0.01 MB, solutions = 3)
*     4     2      integral     0      338.4628      338.6403      124    0.05%

User cuts applied:  5

Root node processing (before b&c):
  Real time             =    3.47 sec. (487.88 ticks)
Sequential b&c:
  Real time             =    0.42 sec. (68.98 ticks)
                          ------------
Total (root+branch&cut) =    3.89 sec. (556.86 ticks)
@Parameters: 
is_S_cut                                true
is_add_all_yinF                         true
is_start_value                          true
is_usercut                              true
is_visualization                        true
uc_only_rootnode                        false

data                                    Biesinger
fn                                      data/Biesinger/111_n100_std
mode                                    ZLP
solver                                  cplex

p                                       9
r                                       5

EPS                                     1.0e-06
EPS_vio                                 1.0e-04
beta                                    0.10
gap                                     0.00
nodelimit                               Inf
timelimit                               7200.00

Solution X: [6, 24, 27, 31, 39, 52, 58, 68, 78]
Solution Y: [52, 59, 74, 89, 96]

leader_capture_demand: [41.07444830345891, 37.74494259039564, 33.345256384422875, 47.09243992542928, 35.93174016414344, 26.374882060757383, 32.21801484420838, 46.50013425791839, 38.180897771402066]
follower_capture_demand: [26.855915504776878, 55.61194723109928, 57.668800384558025, 40.343925240959074, 39.05665533647035]

========== Summary ==========
Total Demand: 558
Total Leader Captured: 338.4627563021363
Total Follower Captured: 219.5372436978636

@PrintInfos
ItCnt: 147
Current gap: 0.00 %
Termination Status: OPTIMAL
Primal Status: FEASIBLE_POINT
Solve Time: 3.89 sec
Objective Value: 338.462756
Number of Nodes:      7

CutInfo: [phase] num / time (sec) 
ZLP             [phase1]     0 / 0.00 [rLC]     5 / 1.27 [rUC]     2 / 0.21 [sLC]     0 / 0.05 [sUC]     2 / 0.30 
OldSubmodular   [phase1]     0 / 0.00 [rLC]     0 / 0.00 [rUC]     0 / 0.00 [sLC]     0 / 0.00 [sUC]     0 / 0.00 
NewSubmodular   [phase1]     0 / 0.00 [rLC]     0 / 0.00 [rUC]     0 / 0.00 [sLC]     0 / 0.00 [sUC]     0 / 0.00 
PMP             [phase1]     0 / 0.00 [rLC]     8 / 0.30 [rUC]     2 / 0.07 [sLC]     1 / 0.04 [sUC]     6 / 0.24 
Separation Round: [phase1] 0  [rLC] 8  [rUC] 2  [sLC] 1  [sUC] 6
Root Best Bound 338.640338
Root Best Integer: 338.391293
Best Bound: 338.462756
Best Integer: 338.462756

