Version identifier: 20.1.0.0 | 2020-11-10 | 9bedb6d68
CPXPARAM_Threads                                 1
CPXPARAM_TimeLimit                               7200
CPXPARAM_MIP_Tolerances_MIPGap                   0
Generic callback                                 0x60
1 of 1 MIP starts provided solutions.
MIP start 'm1' defined initial solution with objective 126.3904.
Tried aggregator 1 time.
Reduced MIP has 10101 rows, 10101 columns, and 30100 nonzeros.
Reduced MIP has 100 binaries, 0 generals, 0 SOSs, and 0 indicators.
Presolve time = 0.01 sec. (9.72 ticks)
Probing time = 0.00 sec. (1.26 ticks)
Tried aggregator 1 time.
Reduced MIP has 10101 rows, 10101 columns, and 30100 nonzeros.
Reduced MIP has 100 binaries, 0 generals, 0 SOSs, and 0 indicators.
Presolve time = 0.01 sec. (9.55 ticks)
Probing time = 0.00 sec. (1.26 ticks)
MIP emphasis: balance optimality and feasibility.
MIP search method: dynamic search.
Parallel mode: none, using 1 thread.
Root relaxation solution time = 0.00 sec. (3.90 ticks)

        Nodes                                         Cuts/
   Node  Left     Objective  IInf  Best Integer    Best Bound    ItCnt     Gap

*     0+    0                          126.3904      558.0000           341.49%
      0     0      164.8740     4      126.3904      558.0000        0  341.49%
*     0+    0                          132.9778      164.8740            23.99%
      0     2      144.9969     6      132.9778      144.9936        0    9.04%
Elapsed time = 5.54 sec. (1864.35 ticks, tree = 0.01 MB, solutions = 2)
      2     2      137.5140     9      132.9778      137.5132     1541    3.41%
      5     5      135.9451     3      132.9778      137.5132     2187    3.41%
     10     6      134.5004     5      132.9778      137.5132     2473    3.41%
     16     6      133.7538     5      132.9778      137.5132     2707    3.41%
     25     5      136.9963     2      132.9778      137.2888     3080    3.24%
     28     6      135.6926     5      132.9778      137.2888     3455    3.24%
*    29     4      integral     0      133.7157      137.2888     3491    2.67%
     32     5      135.2900     5      133.7157      137.2888     3553    2.67%
     38     5      134.7301     6      133.7157      137.2888     3743    2.67%
     45     6      136.0738     9      133.7157      137.2874     4491    2.67%
     51    12      133.7853     8      133.7157      137.2874     6153    2.67%
Elapsed time = 16.72 sec. (6700.73 ticks, tree = 0.05 MB, solutions = 3)
     59    10      133.9746     3      133.7157      135.8298     7916    1.58%
     68     5        cutoff            133.7157      135.3803     9256    1.24%

User cuts applied:  58

Root node processing (before b&c):
  Real time             =    5.55 sec. (1865.97 ticks)
Sequential b&c:
  Real time             =   14.98 sec. (7195.70 ticks)
                          ------------
Total (root+branch&cut) =   20.52 sec. (9061.67 ticks)
@Parameters: 
is_S_cut                                true
is_add_all_yinF                         true
is_start_value                          true
is_usercut                              true
is_visualization                        true
uc_only_rootnode                        false

data                                    Biesinger
fn                                      data/Biesinger/111_n100_std
mode                                    ZLP
solver                                  cplex

p                                       2
r                                       7

EPS                                     1.0e-06
EPS_vio                                 1.0e-04
beta                                    0.10
gap                                     0.00
nodelimit                               Inf
timelimit                               7200.00

Solution X: [68, 85]
Solution Y: [6, 20, 22, 53, 65, 68, 90]

leader_capture_demand: [68.29280116176604, 65.42289425578875]
follower_capture_demand: [45.256827173258394, 77.0658630329779, 83.40094138671546, 61.44249283279158, 46.505315194006286, 40.5, 70.11286496269564]

========== Summary ==========
Total Demand: 558
Total Leader Captured: 133.7156954175548
Total Follower Captured: 424.2843045824453

@PrintInfos
ItCnt: 9342
Current gap: 0.00 %
Termination Status: OPTIMAL
Primal Status: FEASIBLE_POINT
Solve Time: 20.52 sec
Objective Value: 133.715695
Number of Nodes:     74

CutInfo: [phase] num / time (sec) 
ZLP             [phase1]     0 / 0.00 [rLC]     8 / 1.73 [rUC]     2 / 0.19 [sLC]     0 / 0.05 [sUC]    52 / 6.71 
OldSubmodular   [phase1]     0 / 0.00 [rLC]     0 / 0.00 [rUC]     0 / 0.00 [sLC]     0 / 0.00 [sUC]     0 / 0.00 
NewSubmodular   [phase1]     0 / 0.00 [rLC]     0 / 0.00 [rUC]     0 / 0.00 [sLC]     0 / 0.00 [sUC]     0 / 0.00 
PMP             [phase1]     0 / 0.00 [rLC]    10 / 0.65 [rUC]     2 / 0.04 [sLC]     1 / 0.04 [sUC]   126 / 5.33 
Separation Round: [phase1] 0  [rLC] 10  [rUC] 2  [sLC] 1  [sUC] 126
Root Best Bound 137.513216
Root Best Integer: 132.977767
Best Bound: 133.715695
Best Integer: 133.715695

