Version identifier: 20.1.0.0 | 2020-11-10 | 9bedb6d68
CPXPARAM_Threads                                 1
CPXPARAM_TimeLimit                               7200
CPXPARAM_MIP_Tolerances_MIPGap                   0
Generic callback                                 0x60
1 of 1 MIP starts provided solutions.
MIP start 'm1' defined initial solution with objective 290.3895.
Tried aggregator 1 time.
Reduced MIP has 10101 rows, 10101 columns, and 30100 nonzeros.
Reduced MIP has 100 binaries, 0 generals, 0 SOSs, and 0 indicators.
Presolve time = 0.01 sec. (9.72 ticks)
Probing time = 0.00 sec. (1.26 ticks)
Tried aggregator 1 time.
Reduced MIP has 10101 rows, 10101 columns, and 30100 nonzeros.
Reduced MIP has 100 binaries, 0 generals, 0 SOSs, and 0 indicators.
Presolve time = 0.01 sec. (9.55 ticks)
Probing time = 0.00 sec. (1.26 ticks)
MIP emphasis: balance optimality and feasibility.
MIP search method: dynamic search.
Parallel mode: none, using 1 thread.
Root relaxation solution time = 0.00 sec. (3.91 ticks)

        Nodes                                         Cuts/
   Node  Left     Objective  IInf  Best Integer    Best Bound    ItCnt     Gap

*     0+    0                          290.3895      558.0000            92.16%
      0     0      298.5187     2      290.3895      558.0000        0   92.16%
*     0+    0                          298.1857      298.5187             0.11%
*     0+    0                          298.4431      298.5187             0.03%
      0     0        cutoff            298.4431      298.5187        0    0.03%
      0     2      298.5187     2      298.4431      298.4984        0    0.02%
Elapsed time = 3.75 sec. (374.73 ticks, tree = 0.01 MB, solutions = 3)

User cuts applied:  2

Root node processing (before b&c):
  Real time             =    3.75 sec. (374.84 ticks)
Sequential b&c:
  Real time             =    0.01 sec. (8.98 ticks)
                          ------------
Total (root+branch&cut) =    3.75 sec. (383.82 ticks)
@Parameters: 
is_S_cut                                true
is_add_all_yinF                         true
is_start_value                          true
is_usercut                              true
is_visualization                        true
uc_only_rootnode                        false

data                                    Biesinger
fn                                      data/Biesinger/111_n100_std
mode                                    ZLP
solver                                  cplex

p                                       6
r                                       5

EPS                                     1.0e-06
EPS_vio                                 1.0e-04
beta                                    0.10
gap                                     0.00
nodelimit                               Inf
timelimit                               7200.00

Solution X: [13, 19, 40, 42, 52, 96]
Solution Y: [52, 59, 74, 89, 96]

leader_capture_demand: [50.190064436443265, 44.53955678984535, 61.37165829730053, 67.2539031011652, 31.087954023385777, 44.0]
follower_capture_demand: [27.0, 63.234680702319785, 70.22336908856865, 54.66811078450046, 44.43070277647095]

========== Summary ==========
Total Demand: 558
Total Leader Captured: 298.4431366481401
Total Follower Captured: 259.5568633518599

@PrintInfos
ItCnt: 11
Current gap: 0.00 %
Termination Status: OPTIMAL
Primal Status: FEASIBLE_POINT
Solve Time: 3.75 sec
Objective Value: 298.443137
Number of Nodes:      3

CutInfo: [phase] num / time (sec) 
ZLP             [phase1]     0 / 0.00 [rLC]     4 / 1.41 [rUC]     0 / 0.25 [sLC]     0 / 0.00 [sUC]     0 / 0.00 
OldSubmodular   [phase1]     0 / 0.00 [rLC]     0 / 0.00 [rUC]     0 / 0.00 [sLC]     0 / 0.00 [sUC]     0 / 0.00 
NewSubmodular   [phase1]     0 / 0.00 [rLC]     0 / 0.00 [rUC]     0 / 0.00 [sLC]     0 / 0.00 [sUC]     0 / 0.00 
PMP             [phase1]     0 / 0.00 [rLC]     7 / 0.30 [rUC]     2 / 0.10 [sLC]     0 / 0.00 [sUC]     0 / 0.00 
Separation Round: [phase1] 0  [rLC] 7  [rUC] 2  [sLC] 0  [sUC] 0
Root Best Bound 298.443137
Root Best Integer: 298.443137
Best Bound: 298.443137
Best Integer: 298.443137

