Version identifier: 20.1.0.0 | 2020-11-10 | 9bedb6d68
CPXPARAM_Threads                                 1
CPXPARAM_TimeLimit                               7200
CPXPARAM_MIP_Tolerances_MIPGap                   0
Generic callback                                 0x60
1 of 1 MIP starts provided solutions.
MIP start 'm1' defined initial solution with objective 291.3206.
Tried aggregator 1 time.
Reduced MIP has 10101 rows, 10101 columns, and 30100 nonzeros.
Reduced MIP has 100 binaries, 0 generals, 0 SOSs, and 0 indicators.
Presolve time = 0.01 sec. (9.72 ticks)
Probing time = 0.00 sec. (1.26 ticks)
Tried aggregator 1 time.
Reduced MIP has 10101 rows, 10101 columns, and 30100 nonzeros.
Reduced MIP has 100 binaries, 0 generals, 0 SOSs, and 0 indicators.
Presolve time = 0.01 sec. (9.55 ticks)
Probing time = 0.00 sec. (1.26 ticks)
MIP emphasis: balance optimality and feasibility.
MIP search method: dynamic search.
Parallel mode: none, using 1 thread.
Root relaxation solution time = 0.00 sec. (3.91 ticks)

        Nodes                                         Cuts/
   Node  Left     Objective  IInf  Best Integer    Best Bound    ItCnt     Gap

*     0+    0                          291.3206      558.0000            91.54%
      0     0      295.0601     6      291.3206      558.0000        0   91.54%
*     0+    0                          294.6896      295.0601             0.13%
      0     2      295.0601     6      294.6896      295.0601        0    0.13%
Elapsed time = 3.64 sec. (370.89 ticks, tree = 0.01 MB, solutions = 2)

User cuts applied:  3

Root node processing (before b&c):
  Real time             =    3.64 sec. (370.94 ticks)
Sequential b&c:
  Real time             =    0.27 sec. (75.77 ticks)
                          ------------
Total (root+branch&cut) =    3.90 sec. (446.71 ticks)
@Parameters: 
is_S_cut                                true
is_add_all_yinF                         true
is_start_value                          true
is_usercut                              true
is_visualization                        true
uc_only_rootnode                        false

data                                    Biesinger
fn                                      data/Biesinger/111_n100_std
mode                                    ZLP
solver                                  cplex

p                                       7
r                                       6

EPS                                     1.0e-06
EPS_vio                                 1.0e-04
beta                                    0.10
gap                                     0.00
nodelimit                               Inf
timelimit                               7200.00

Solution X: [13, 19, 40, 52, 68, 78, 96]
Solution Y: [1, 13, 19, 40, 52, 96]

leader_capture_demand: [50.0, 25.5, 57.0, 28.5, 48.58285776937957, 41.10676207538012, 44.0]
follower_capture_demand: [53.90686813429916, 50.0, 27.412707890043308, 59.490804130897835, 28.5, 44.0]

========== Summary ==========
Total Demand: 558
Total Leader Captured: 294.6896198447597
Total Follower Captured: 263.3103801552403

@PrintInfos
ItCnt: 105
Current gap: 0.00 %
Termination Status: OPTIMAL
Primal Status: FEASIBLE_POINT
Solve Time: 3.90 sec
Objective Value: 294.689620
Number of Nodes:      7

CutInfo: [phase] num / time (sec) 
ZLP             [phase1]     0 / 0.00 [rLC]     4 / 1.31 [rUC]     2 / 0.22 [sLC]     0 / 0.00 [sUC]     1 / 0.19 
OldSubmodular   [phase1]     0 / 0.00 [rLC]     0 / 0.00 [rUC]     0 / 0.00 [sLC]     0 / 0.00 [sUC]     0 / 0.00 
NewSubmodular   [phase1]     0 / 0.00 [rLC]     0 / 0.00 [rUC]     0 / 0.00 [sLC]     0 / 0.00 [sUC]     0 / 0.00 
PMP             [phase1]     0 / 0.00 [rLC]     6 / 0.21 [rUC]     2 / 0.07 [sLC]     0 / 0.00 [sUC]     5 / 0.14 
Separation Round: [phase1] 0  [rLC] 6  [rUC] 2  [sLC] 0  [sUC] 5
Root Best Bound 294.855315
Root Best Integer: 294.689620
Best Bound: 294.689620
Best Integer: 294.689620

