Version identifier: 20.1.0.0 | 2020-11-10 | 9bedb6d68
CPXPARAM_Threads                                 1
CPXPARAM_TimeLimit                               7200
CPXPARAM_MIP_Tolerances_MIPGap                   0
Generic callback                                 0x60
1 of 1 MIP starts provided solutions.
MIP start 'm1' defined initial solution with objective 385.2936.
Tried aggregator 1 time.
Reduced MIP has 10101 rows, 10101 columns, and 30100 nonzeros.
Reduced MIP has 100 binaries, 0 generals, 0 SOSs, and 0 indicators.
Presolve time = 0.01 sec. (9.72 ticks)
Probing time = 0.00 sec. (1.26 ticks)
Tried aggregator 1 time.
Reduced MIP has 10101 rows, 10101 columns, and 30100 nonzeros.
Reduced MIP has 100 binaries, 0 generals, 0 SOSs, and 0 indicators.
Presolve time = 0.01 sec. (9.55 ticks)
Probing time = 0.00 sec. (1.26 ticks)
MIP emphasis: balance optimality and feasibility.
MIP search method: dynamic search.
Parallel mode: none, using 1 thread.
Root relaxation solution time = 0.00 sec. (3.91 ticks)

        Nodes                                         Cuts/
   Node  Left     Objective  IInf  Best Integer    Best Bound    ItCnt     Gap

*     0+    0                          385.2936      558.0000            44.82%
      0     0      403.8514     4      385.2936      558.0000        0   44.82%
      0     0      395.6223     8      385.2936   LiftProj: 1       16    2.68%
*     0+    0                          389.4374      395.6223             1.59%
*     0+    0                          391.7268      395.6223             0.99%
      0     2      393.0434    16      391.7268      393.0333       16    0.33%
Elapsed time = 4.32 sec. (923.94 ticks, tree = 0.01 MB, solutions = 3)
      4     4      392.0076    13      391.7268      392.2300      551    0.13%

User cuts applied:  12

Root node processing (before b&c):
  Real time             =    4.32 sec. (924.29 ticks)
Sequential b&c:
  Real time             =    1.20 sec. (414.66 ticks)
                          ------------
Total (root+branch&cut) =    5.52 sec. (1338.95 ticks)
@Parameters: 
is_S_cut                                true
is_add_all_yinF                         true
is_start_value                          true
is_usercut                              true
is_visualization                        true
uc_only_rootnode                        false

data                                    Biesinger
fn                                      data/Biesinger/111_n100_std
mode                                    ZLP
solver                                  cplex

p                                       9
r                                       3

EPS                                     1.0e-06
EPS_vio                                 1.0e-04
beta                                    0.10
gap                                     0.00
nodelimit                               Inf
timelimit                               7200.00

Solution X: [6, 24, 34, 52, 56, 68, 78, 90, 96]
Solution Y: [8, 31, 59]

leader_capture_demand: [41.07444830345891, 54.05385379757477, 31.37535569144302, 52.24994611945867, 27.97075621512035, 46.50013425791839, 39.861252751111074, 47.82736696923445, 50.81371796211401]
follower_capture_demand: [57.762212771658476, 50.52909039009353, 57.98186477081434]

========== Summary ==========
Total Demand: 558
Total Leader Captured: 391.7268320674337
Total Follower Captured: 166.27316793256637

@PrintInfos
ItCnt: 913
Current gap: 0.00 %
Termination Status: OPTIMAL
Primal Status: FEASIBLE_POINT
Solve Time: 5.52 sec
Objective Value: 391.726832
Number of Nodes:     11

CutInfo: [phase] num / time (sec) 
ZLP             [phase1]     0 / 0.00 [rLC]     7 / 1.51 [rUC]     3 / 0.26 [sLC]     0 / 0.00 [sUC]     6 / 0.82 
OldSubmodular   [phase1]     0 / 0.00 [rLC]     0 / 0.00 [rUC]     0 / 0.00 [sLC]     0 / 0.00 [sUC]     0 / 0.00 
NewSubmodular   [phase1]     0 / 0.00 [rLC]     0 / 0.00 [rUC]     0 / 0.00 [sLC]     0 / 0.00 [sUC]     0 / 0.00 
PMP             [phase1]     0 / 0.00 [rLC]    10 / 0.43 [rUC]     3 / 0.11 [sLC]     0 / 0.00 [sUC]    14 / 0.70 
Separation Round: [phase1] 0  [rLC] 10  [rUC] 3  [sLC] 0  [sUC] 14
Root Best Bound 392.530014
Root Best Integer: 391.726832
Best Bound: 391.726832
Best Integer: 391.726832

