Version identifier: 20.1.0.0 | 2020-11-10 | 9bedb6d68
CPXPARAM_Threads                                 1
CPXPARAM_TimeLimit                               7200
CPXPARAM_MIP_Tolerances_MIPGap                   0
Generic callback                                 0x60
1 of 1 MIP starts provided solutions.
MIP start 'm1' defined initial solution with objective 243.7509.
Tried aggregator 1 time.
Reduced MIP has 10101 rows, 10101 columns, and 30100 nonzeros.
Reduced MIP has 100 binaries, 0 generals, 0 SOSs, and 0 indicators.
Presolve time = 0.01 sec. (9.72 ticks)
Probing time = 0.00 sec. (1.26 ticks)
Tried aggregator 1 time.
Reduced MIP has 10101 rows, 10101 columns, and 30100 nonzeros.
Reduced MIP has 100 binaries, 0 generals, 0 SOSs, and 0 indicators.
Presolve time = 0.01 sec. (9.55 ticks)
Probing time = 0.00 sec. (1.26 ticks)
MIP emphasis: balance optimality and feasibility.
MIP search method: dynamic search.
Parallel mode: none, using 1 thread.
Root relaxation solution time = 0.00 sec. (3.91 ticks)

        Nodes                                         Cuts/
   Node  Left     Objective  IInf  Best Integer    Best Bound    ItCnt     Gap

*     0+    0                          243.7509      558.0000           128.92%
      0     0      249.3485     4      243.7509      558.0000        0  128.92%
*     0+    0                          248.6424      249.3485             0.28%
      0     2      249.3485     4      248.6424      249.3469        0    0.28%
Elapsed time = 3.69 sec. (336.91 ticks, tree = 0.01 MB, solutions = 2)
*     2     0      integral     0      249.1778      249.1778       72    0.00%

User cuts applied:  3

Root node processing (before b&c):
  Real time             =    3.69 sec. (337.02 ticks)
Sequential b&c:
  Real time             =    0.23 sec. (31.12 ticks)
                          ------------
Total (root+branch&cut) =    3.92 sec. (368.14 ticks)
@Parameters: 
is_S_cut                                true
is_add_all_yinF                         true
is_start_value                          true
is_usercut                              true
is_visualization                        true
uc_only_rootnode                        false

data                                    Biesinger
fn                                      data/Biesinger/111_n100_std
mode                                    ZLP
solver                                  cplex

p                                       6
r                                       8

EPS                                     1.0e-06
EPS_vio                                 1.0e-04
beta                                    0.10
gap                                     0.00
nodelimit                               Inf
timelimit                               7200.00

Solution X: [1, 19, 40, 52, 89, 96]
Solution Y: [19, 23, 31, 52, 68, 76, 78, 96]

leader_capture_demand: [53.90686813429917, 27.412707890043304, 56.56768913294745, 28.5, 39.56756029335753, 43.223004542037756]
follower_capture_demand: [25.5, 44.56532094903103, 49.337597947942, 28.5, 48.58285776937957, 33.29536905540569, 40.041024285556496, 39.0]

========== Summary ==========
Total Demand: 558
Total Leader Captured: 249.1778299926852
Total Follower Captured: 308.8221700073148

@PrintInfos
ItCnt: 72
Current gap: 0.00 %
Termination Status: OPTIMAL
Primal Status: FEASIBLE_POINT
Solve Time: 3.92 sec
Objective Value: 249.177830
Number of Nodes:      3

CutInfo: [phase] num / time (sec) 
ZLP             [phase1]     0 / 0.00 [rLC]     4 / 1.33 [rUC]     2 / 0.25 [sLC]     0 / 0.04 [sUC]     1 / 0.15 
OldSubmodular   [phase1]     0 / 0.00 [rLC]     0 / 0.00 [rUC]     0 / 0.00 [sLC]     0 / 0.00 [sUC]     0 / 0.00 
NewSubmodular   [phase1]     0 / 0.00 [rLC]     0 / 0.00 [rUC]     0 / 0.00 [sLC]     0 / 0.00 [sUC]     0 / 0.00 
PMP             [phase1]     0 / 0.00 [rLC]     6 / 0.22 [rUC]     2 / 0.08 [sLC]     1 / 0.04 [sUC]     3 / 0.13 
Separation Round: [phase1] 0  [rLC] 6  [rUC] 2  [sLC] 1  [sUC] 3
Root Best Bound 249.177830
Root Best Integer: 249.177830
Best Bound: 249.177830
Best Integer: 249.177830

