Version identifier: 20.1.0.0 | 2020-11-10 | 9bedb6d68
CPXPARAM_Threads                                 1
CPXPARAM_TimeLimit                               7200
CPXPARAM_MIP_Tolerances_MIPGap                   0
Generic callback                                 0x60
1 of 1 MIP starts provided solutions.
MIP start 'm1' defined initial solution with objective 314.0090.
Tried aggregator 1 time.
Reduced MIP has 10101 rows, 10101 columns, and 30100 nonzeros.
Reduced MIP has 100 binaries, 0 generals, 0 SOSs, and 0 indicators.
Presolve time = 0.01 sec. (9.72 ticks)
Probing time = 0.00 sec. (1.26 ticks)
Tried aggregator 1 time.
Reduced MIP has 10101 rows, 10101 columns, and 30100 nonzeros.
Reduced MIP has 100 binaries, 0 generals, 0 SOSs, and 0 indicators.
Presolve time = 0.01 sec. (9.55 ticks)
Probing time = 0.00 sec. (1.26 ticks)
MIP emphasis: balance optimality and feasibility.
MIP search method: dynamic search.
Parallel mode: none, using 1 thread.
Root relaxation solution time = 0.00 sec. (3.91 ticks)

        Nodes                                         Cuts/
   Node  Left     Objective  IInf  Best Integer    Best Bound    ItCnt     Gap

*     0+    0                          314.0090      558.0000            77.70%
      0     0      319.4360     6      314.0090      558.0000        0   77.70%
*     0+    0                          319.2852      319.4360             0.05%
      0     2      319.4360     6      319.2852      319.4352        0    0.05%
Elapsed time = 3.88 sec. (402.05 ticks, tree = 0.01 MB, solutions = 2)

User cuts applied:  3

Root node processing (before b&c):
  Real time             =    3.87 sec. (402.14 ticks)
Sequential b&c:
  Real time             =    0.17 sec. (27.92 ticks)
                          ------------
Total (root+branch&cut) =    4.04 sec. (430.05 ticks)
@Parameters: 
is_S_cut                                true
is_add_all_yinF                         true
is_start_value                          true
is_usercut                              true
is_visualization                        true
uc_only_rootnode                        false

data                                    Biesinger
fn                                      data/Biesinger/111_n100_std
mode                                    ZLP
solver                                  cplex

p                                       9
r                                       6

EPS                                     1.0e-06
EPS_vio                                 1.0e-04
beta                                    0.10
gap                                     0.00
nodelimit                               Inf
timelimit                               7200.00

Solution X: [12, 19, 31, 52, 53, 58, 68, 76, 78]
Solution Y: [1, 19, 31, 48, 52, 96]

leader_capture_demand: [38.04500703157479, 25.5, 50.0, 26.5, 31.016880990873915, 29.26833509090712, 44.07437434067502, 35.759507507363026, 39.12111941057819]
follower_capture_demand: [52.00276460138812, 27.412707890043308, 52.47644679569978, 43.251426193616275, 28.355915504776878, 35.21551464250358]

========== Summary ==========
Total Demand: 558
Total Leader Captured: 319.28522437197205
Total Follower Captured: 238.71477562802795

@PrintInfos
ItCnt: 60
Current gap: 0.00 %
Termination Status: OPTIMAL
Primal Status: FEASIBLE_POINT
Solve Time: 4.04 sec
Objective Value: 319.285224
Number of Nodes:      5

CutInfo: [phase] num / time (sec) 
ZLP             [phase1]     0 / 0.00 [rLC]     4 / 1.20 [rUC]     2 / 0.22 [sLC]     0 / 0.00 [sUC]     1 / 0.14 
OldSubmodular   [phase1]     0 / 0.00 [rLC]     0 / 0.00 [rUC]     0 / 0.00 [sLC]     0 / 0.00 [sUC]     0 / 0.00 
NewSubmodular   [phase1]     0 / 0.00 [rLC]     0 / 0.00 [rUC]     0 / 0.00 [sLC]     0 / 0.00 [sUC]     0 / 0.00 
PMP             [phase1]     0 / 0.00 [rLC]     6 / 0.20 [rUC]     2 / 0.07 [sLC]     0 / 0.00 [sUC]     3 / 0.12 
Separation Round: [phase1] 0  [rLC] 6  [rUC] 2  [sLC] 0  [sUC] 3
Root Best Bound 319.434109
Root Best Integer: 319.285224
Best Bound: 319.285224
Best Integer: 319.285224

