Version identifier: 20.1.0.0 | 2020-11-10 | 9bedb6d68
CPXPARAM_Threads                                 1
CPXPARAM_TimeLimit                               7200
CPXPARAM_MIP_Tolerances_MIPGap                   0
Generic callback                                 0x60
1 of 1 MIP starts provided solutions.
MIP start 'm1' defined initial solution with objective 361.2121.
Tried aggregator 1 time.
Reduced MIP has 10101 rows, 10101 columns, and 30100 nonzeros.
Reduced MIP has 100 binaries, 0 generals, 0 SOSs, and 0 indicators.
Presolve time = 0.01 sec. (9.72 ticks)
Probing time = 0.00 sec. (1.26 ticks)
Tried aggregator 1 time.
Reduced MIP has 10101 rows, 10101 columns, and 30100 nonzeros.
Reduced MIP has 100 binaries, 0 generals, 0 SOSs, and 0 indicators.
Presolve time = 0.01 sec. (9.55 ticks)
Probing time = 0.00 sec. (1.26 ticks)
MIP emphasis: balance optimality and feasibility.
MIP search method: dynamic search.
Parallel mode: none, using 1 thread.
Root relaxation solution time = 0.00 sec. (3.91 ticks)

        Nodes                                         Cuts/
   Node  Left     Objective  IInf  Best Integer    Best Bound    ItCnt     Gap

*     0+    0                          361.2121      558.0000            54.48%
      0     0      394.5117     4      361.2121      558.0000        0   54.48%
*     0+    0                          362.9078      394.5117             8.71%
*     0+    0                          365.7336      394.5117             7.87%
      0     2      366.5152    10      365.7336      366.5147        0    0.21%
Elapsed time = 3.53 sec. (292.29 ticks, tree = 0.01 MB, solutions = 3)
*     2     2      integral     0      366.0190      366.5033      126    0.13%

User cuts applied:  3

Root node processing (before b&c):
  Real time             =    3.53 sec. (292.57 ticks)
Sequential b&c:
  Real time             =    0.39 sec. (27.18 ticks)
                          ------------
Total (root+branch&cut) =    3.92 sec. (319.75 ticks)
@Parameters: 
is_S_cut                                true
is_add_all_yinF                         true
is_start_value                          true
is_usercut                              true
is_visualization                        true
uc_only_rootnode                        false

data                                    Biesinger
fn                                      data/Biesinger/111_n100_std
mode                                    ZLP
solver                                  cplex

p                                       10
r                                       4

EPS                                     1.0e-06
EPS_vio                                 1.0e-04
beta                                    0.10
gap                                     0.00
nodelimit                               Inf
timelimit                               7200.00

Solution X: [6, 24, 27, 34, 39, 52, 58, 68, 74, 78]
Solution Y: [58, 59, 74, 89]

leader_capture_demand: [41.07444830345891, 38.62385688512269, 34.33713078049255, 28.693694681018567, 35.93174016414344, 44.677136087617015, 30.0, 46.50013425791839, 28.0, 38.180897771402066]
follower_capture_demand: [45.184911887750715, 55.61194723109928, 49.49313142994897, 41.6909705200274]

========== Summary ==========
Total Demand: 558
Total Leader Captured: 366.0190389311736
Total Follower Captured: 191.98096106882636

@PrintInfos
ItCnt: 126
Current gap: 0.00 %
Termination Status: OPTIMAL
Primal Status: FEASIBLE_POINT
Solve Time: 3.92 sec
Objective Value: 366.019039
Number of Nodes:      3

CutInfo: [phase] num / time (sec) 
ZLP             [phase1]     0 / 0.00 [rLC]     4 / 1.37 [rUC]     0 / 0.00 [sLC]     0 / 0.04 [sUC]     1 / 0.28 
OldSubmodular   [phase1]     0 / 0.00 [rLC]     0 / 0.00 [rUC]     0 / 0.00 [sLC]     0 / 0.00 [sUC]     0 / 0.00 
NewSubmodular   [phase1]     0 / 0.00 [rLC]     0 / 0.00 [rUC]     0 / 0.00 [sLC]     0 / 0.00 [sUC]     0 / 0.00 
PMP             [phase1]     0 / 0.00 [rLC]     7 / 0.22 [rUC]     0 / 0.00 [sLC]     1 / 0.03 [sUC]     3 / 0.13 
Separation Round: [phase1] 0  [rLC] 7  [rUC] 0  [sLC] 1  [sUC] 3
Root Best Bound 366.019039
Root Best Integer: 366.019039
Best Bound: 366.019039
Best Integer: 366.019039

