Version identifier: 20.1.0.0 | 2020-11-10 | 9bedb6d68
CPXPARAM_Threads                                 1
CPXPARAM_TimeLimit                               7200
CPXPARAM_MIP_Tolerances_MIPGap                   0
Generic callback                                 0x60
1 of 1 MIP starts provided solutions.
MIP start 'm1' defined initial solution with objective 272.4027.
Tried aggregator 1 time.
Reduced MIP has 10101 rows, 10101 columns, and 30100 nonzeros.
Reduced MIP has 100 binaries, 0 generals, 0 SOSs, and 0 indicators.
Presolve time = 0.01 sec. (9.72 ticks)
Probing time = 0.00 sec. (1.26 ticks)
Tried aggregator 1 time.
Reduced MIP has 10101 rows, 10101 columns, and 30100 nonzeros.
Reduced MIP has 100 binaries, 0 generals, 0 SOSs, and 0 indicators.
Presolve time = 0.01 sec. (9.55 ticks)
Probing time = 0.00 sec. (1.26 ticks)
MIP emphasis: balance optimality and feasibility.
MIP search method: dynamic search.
Parallel mode: none, using 1 thread.
Root relaxation solution time = 0.00 sec. (3.90 ticks)

        Nodes                                         Cuts/
   Node  Left     Objective  IInf  Best Integer    Best Bound    ItCnt     Gap

*     0+    0                          272.4027      558.0000           104.84%
      0     0      279.0109    10      272.4027      558.0000        0  104.84%
*     0     0      integral     0      279.0000      Fract: 4        9    0.00%
      0     0        cutoff            279.0000      279.0000        9    0.00%
Elapsed time = 3.55 sec. (282.95 ticks, tree = 0.01 MB, solutions = 2)

Gomory fractional cuts applied:  4
User cuts applied:  1

Root node processing (before b&c):
  Real time             =    3.55 sec. (283.57 ticks)
Sequential b&c:
  Real time             =    0.00 sec. (0.00 ticks)
                          ------------
Total (root+branch&cut) =    3.55 sec. (283.57 ticks)
@Parameters: 
is_S_cut                                true
is_add_all_yinF                         true
is_start_value                          true
is_usercut                              true
is_visualization                        true
uc_only_rootnode                        false

data                                    Biesinger
fn                                      data/Biesinger/111_n100_std
mode                                    ZLP
solver                                  cplex

p                                       5
r                                       5

EPS                                     1.0e-06
EPS_vio                                 1.0e-04
beta                                    0.10
gap                                     0.00
nodelimit                               Inf
timelimit                               7200.00

Solution X: [52, 59, 74, 89, 96]
Solution Y: [21, 38, 42, 86, 97]

leader_capture_demand: [39.26753620062708, 62.54714022074224, 73.13298633312564, 69.0431193609068, 41.53648527552705]
follower_capture_demand: [66.34806527637951, 51.21540713568638, 69.05949594057424, 44.611531137104365, 41.238233119326694]

========== Summary ==========
Total Demand: 558
Total Leader Captured: 285.52726739092884
Total Follower Captured: 272.4727326090712

@PrintInfos
ItCnt: 9
Current gap: 0.00 %
Termination Status: OPTIMAL
Primal Status: FEASIBLE_POINT
Solve Time: 3.55 sec
Objective Value: 279.000000
Number of Nodes:      0

CutInfo: [phase] num / time (sec) 
ZLP             [phase1]     0 / 0.00 [rLC]     3 / 1.26 [rUC]     1 / 0.21 [sLC]     0 / 0.00 [sUC]     0 / 0.00 
OldSubmodular   [phase1]     0 / 0.00 [rLC]     0 / 0.00 [rUC]     0 / 0.00 [sLC]     0 / 0.00 [sUC]     0 / 0.00 
NewSubmodular   [phase1]     0 / 0.00 [rLC]     0 / 0.00 [rUC]     0 / 0.00 [sLC]     0 / 0.00 [sUC]     0 / 0.00 
PMP             [phase1]     0 / 0.00 [rLC]     5 / 0.18 [rUC]     1 / 0.06 [sLC]     0 / 0.00 [sUC]     0 / 0.00 
Separation Round: [phase1] 0  [rLC] 5  [rUC] 1  [sLC] 0  [sUC] 0
Root Best Bound 279.000000
Root Best Integer: 279.000000
Best Bound: 279.000000
Best Integer: 279.000000

