Version identifier: 20.1.0.0 | 2020-11-10 | 9bedb6d68
CPXPARAM_Threads                                 1
CPXPARAM_TimeLimit                               7200
CPXPARAM_MIP_Tolerances_MIPGap                   0
Generic callback                                 0x60
1 of 1 MIP starts provided solutions.
MIP start 'm1' defined initial solution with objective 324.0207.
Tried aggregator 1 time.
Reduced MIP has 10101 rows, 10101 columns, and 30100 nonzeros.
Reduced MIP has 100 binaries, 0 generals, 0 SOSs, and 0 indicators.
Presolve time = 0.01 sec. (9.72 ticks)
Probing time = 0.00 sec. (1.26 ticks)
Tried aggregator 1 time.
Reduced MIP has 10101 rows, 10101 columns, and 30100 nonzeros.
Reduced MIP has 100 binaries, 0 generals, 0 SOSs, and 0 indicators.
Presolve time = 0.01 sec. (9.55 ticks)
Probing time = 0.00 sec. (1.26 ticks)
MIP emphasis: balance optimality and feasibility.
MIP search method: dynamic search.
Parallel mode: none, using 1 thread.
Root relaxation solution time = 0.00 sec. (3.91 ticks)

        Nodes                                         Cuts/
   Node  Left     Objective  IInf  Best Integer    Best Bound    ItCnt     Gap

*     0+    0                          324.0207      558.0000            72.21%
      0     0      328.6539    10      324.0207      558.0000        0   72.21%
      0     0      328.6477    14      324.0207      Fract: 1        1    1.43%
      0     0      328.5921    14      324.0207   LiftProj: 1       23    1.41%
*     0+    0                          327.2579      328.5921             0.41%
*     0+    0                          327.4004      328.5921             0.36%
      0     2      328.4195    15      327.4004      328.4154       23    0.31%
Elapsed time = 4.11 sec. (528.06 ticks, tree = 0.01 MB, solutions = 3)
*     3     3      integral     0      327.5771      328.0102      227    0.13%
*     5     3      integral     0      327.7693      328.0102      235    0.07%

Lift and project cuts applied:  1
Gomory fractional cuts applied:  1
User cuts applied:  5

Root node processing (before b&c):
  Real time             =    4.11 sec. (528.53 ticks)
Sequential b&c:
  Real time             =    0.67 sec. (123.46 ticks)
                          ------------
Total (root+branch&cut) =    4.79 sec. (651.99 ticks)
@Parameters: 
is_S_cut                                true
is_add_all_yinF                         true
is_start_value                          true
is_usercut                              true
is_visualization                        true
uc_only_rootnode                        false

data                                    Biesinger
fn                                      data/Biesinger/111_n100_std
mode                                    ZLP
solver                                  cplex

p                                       10
r                                       6

EPS                                     1.0e-06
EPS_vio                                 1.0e-04
beta                                    0.10
gap                                     0.00
nodelimit                               Inf
timelimit                               7200.00

Solution X: [19, 24, 27, 34, 39, 52, 58, 68, 74, 78]
Solution Y: [19, 52, 68, 74, 89, 96]

leader_capture_demand: [25.5, 37.74494259039564, 31.89789406685683, 28.693694681018567, 35.93174016414344, 26.5, 32.21801484420838, 43.5, 28.0, 37.78297688323293]
follower_capture_demand: [27.412707890043308, 28.355915504776878, 46.819284422290416, 48.47396405445246, 40.343925240959074, 38.82493965762209]

========== Summary ==========
Total Demand: 558
Total Leader Captured: 327.7692632298558
Total Follower Captured: 230.2307367701442

@PrintInfos
ItCnt: 334
Current gap: 0.00 %
Termination Status: OPTIMAL
Primal Status: FEASIBLE_POINT
Solve Time: 4.79 sec
Objective Value: 327.769263
Number of Nodes:     11

CutInfo: [phase] num / time (sec) 
ZLP             [phase1]     0 / 0.00 [rLC]     5 / 1.42 [rUC]     4 / 0.33 [sLC]     0 / 0.09 [sUC]     2 / 0.45 
OldSubmodular   [phase1]     0 / 0.00 [rLC]     0 / 0.00 [rUC]     0 / 0.00 [sLC]     0 / 0.00 [sUC]     0 / 0.00 
NewSubmodular   [phase1]     0 / 0.00 [rLC]     0 / 0.00 [rUC]     0 / 0.00 [sLC]     0 / 0.00 [sUC]     0 / 0.00 
PMP             [phase1]     0 / 0.00 [rLC]     8 / 0.27 [rUC]     4 / 0.14 [sLC]     2 / 0.07 [sUC]    10 / 0.37 
Separation Round: [phase1] 0  [rLC] 8  [rUC] 4  [sLC] 2  [sUC] 10
Root Best Bound 328.010192
Root Best Integer: 327.400450
Best Bound: 327.769263
Best Integer: 327.769263

