Version identifier: 20.1.0.0 | 2020-11-10 | 9bedb6d68
CPXPARAM_Threads                                 1
CPXPARAM_TimeLimit                               7200
CPXPARAM_MIP_Tolerances_MIPGap                   0
Generic callback                                 0x60
1 of 1 MIP starts provided solutions.
MIP start 'm1' defined initial solution with objective 424.4141.
Tried aggregator 1 time.
Reduced MIP has 10101 rows, 10101 columns, and 30100 nonzeros.
Reduced MIP has 100 binaries, 0 generals, 0 SOSs, and 0 indicators.
Presolve time = 0.01 sec. (9.72 ticks)
Probing time = 0.00 sec. (1.26 ticks)
Tried aggregator 1 time.
Reduced MIP has 10101 rows, 10101 columns, and 30100 nonzeros.
Reduced MIP has 100 binaries, 0 generals, 0 SOSs, and 0 indicators.
Presolve time = 0.01 sec. (9.55 ticks)
Probing time = 0.00 sec. (1.26 ticks)
MIP emphasis: balance optimality and feasibility.
MIP search method: dynamic search.
Parallel mode: none, using 1 thread.
Root relaxation solution time = 0.00 sec. (3.91 ticks)

        Nodes                                         Cuts/
   Node  Left     Objective  IInf  Best Integer    Best Bound    ItCnt     Gap

*     0+    0                          424.4141      558.0000            31.48%
      0     0      430.4117     6      424.4141      558.0000        0   31.48%
*     0+    0                          424.6999      430.4117             1.34%
*     0+    0                          429.0387      430.4117             0.32%
      0     2      430.0198    17      429.0387      430.0153        0    0.23%
Elapsed time = 4.58 sec. (1198.14 ticks, tree = 0.01 MB, solutions = 3)
      6     6      429.0808     2      429.0387      429.5456      529    0.12%
     20     4      429.2292    14      429.0387      429.3486     1039    0.07%

User cuts applied:  11

Root node processing (before b&c):
  Real time             =    4.58 sec. (1198.47 ticks)
Sequential b&c:
  Real time             =    2.71 sec. (665.35 ticks)
                          ------------
Total (root+branch&cut) =    7.29 sec. (1863.83 ticks)
@Parameters: 
is_S_cut                                true
is_add_all_yinF                         true
is_start_value                          true
is_usercut                              true
is_visualization                        true
uc_only_rootnode                        false

data                                    Biesinger
fn                                      data/Biesinger/111_n100_std
mode                                    ZLP
solver                                  cplex

p                                       8
r                                       2

EPS                                     1.0e-06
EPS_vio                                 1.0e-04
beta                                    0.10
gap                                     0.00
nodelimit                               Inf
timelimit                               7200.00

Solution X: [6, 24, 31, 44, 52, 68, 78, 90]
Solution Y: [68, 90]

leader_capture_demand: [45.2568271732584, 61.63493283233266, 71.76975645332418, 78.43900924775924, 57.90104999737537, 43.5, 41.53712983030008, 29.0]
follower_capture_demand: [69.77215619199315, 59.1891382736569]

========== Summary ==========
Total Demand: 558
Total Leader Captured: 429.03870553434996
Total Follower Captured: 128.96129446565004

@PrintInfos
ItCnt: 1229
Current gap: 0.00 %
Termination Status: OPTIMAL
Primal Status: FEASIBLE_POINT
Solve Time: 7.29 sec
Objective Value: 429.038706
Number of Nodes:     27

CutInfo: [phase] num / time (sec) 
ZLP             [phase1]     0 / 0.00 [rLC]     7 / 1.56 [rUC]     2 / 0.22 [sLC]     0 / 0.00 [sUC]     6 / 2.06 
OldSubmodular   [phase1]     0 / 0.00 [rLC]     0 / 0.00 [rUC]     0 / 0.00 [sLC]     0 / 0.00 [sUC]     0 / 0.00 
NewSubmodular   [phase1]     0 / 0.00 [rLC]     0 / 0.00 [rUC]     0 / 0.00 [sLC]     0 / 0.00 [sUC]     0 / 0.00 
PMP             [phase1]     0 / 0.00 [rLC]    10 / 0.43 [rUC]     2 / 0.08 [sLC]     0 / 0.00 [sUC]    30 / 1.81 
Separation Round: [phase1] 0  [rLC] 10  [rUC] 2  [sLC] 0  [sUC] 30
Root Best Bound 429.545565
Root Best Integer: 429.038706
Best Bound: 429.038706
Best Integer: 429.038706

