Version identifier: 20.1.0.0 | 2020-11-10 | 9bedb6d68
CPXPARAM_Threads                                 1
CPXPARAM_TimeLimit                               7200
CPXPARAM_MIP_Tolerances_MIPGap                   0
Generic callback                                 0x60
1 of 1 MIP starts provided solutions.
MIP start 'm1' defined initial solution with objective 160.9298.
Tried aggregator 1 time.
Reduced MIP has 10101 rows, 10101 columns, and 30100 nonzeros.
Reduced MIP has 100 binaries, 0 generals, 0 SOSs, and 0 indicators.
Presolve time = 0.01 sec. (9.72 ticks)
Probing time = 0.00 sec. (1.26 ticks)
Tried aggregator 1 time.
Reduced MIP has 10101 rows, 10101 columns, and 30100 nonzeros.
Reduced MIP has 100 binaries, 0 generals, 0 SOSs, and 0 indicators.
Presolve time = 0.01 sec. (9.55 ticks)
Probing time = 0.00 sec. (1.26 ticks)
MIP emphasis: balance optimality and feasibility.
MIP search method: dynamic search.
Parallel mode: none, using 1 thread.
Root relaxation solution time = 0.00 sec. (3.90 ticks)

        Nodes                                         Cuts/
   Node  Left     Objective  IInf  Best Integer    Best Bound    ItCnt     Gap

*     0+    0                          160.9298      558.0000           246.74%
      0     0      173.8761     6      160.9298      558.0000        0  246.74%
*     0+    0                          164.0058      173.8761             6.02%
      0     2      166.8057     7      164.0058      166.8053        0    1.71%
Elapsed time = 4.25 sec. (1185.36 ticks, tree = 0.01 MB, solutions = 2)
      1     3      165.4422    10      164.0058      166.7949      668    1.70%
*     4     4      integral     0      164.2913      165.4369     1241    0.70%
      5     3      165.2558    10      164.2913      165.4220     1402    0.69%
     10     6      164.7595     8      164.2913      165.4220     1836    0.69%
     17     3      164.7491     6      164.2913      165.0899     2387    0.49%

User cuts applied:  21

Root node processing (before b&c):
  Real time             =    4.25 sec. (1185.95 ticks)
Sequential b&c:
  Real time             =    4.15 sec. (1483.49 ticks)
                          ------------
Total (root+branch&cut) =    8.40 sec. (2669.44 ticks)
@Parameters: 
is_S_cut                                true
is_add_all_yinF                         true
is_start_value                          true
is_usercut                              true
is_visualization                        true
uc_only_rootnode                        false

data                                    Biesinger
fn                                      data/Biesinger/111_n100_std
mode                                    ZLP
solver                                  cplex

p                                       3
r                                       9

EPS                                     1.0e-06
EPS_vio                                 1.0e-04
beta                                    0.10
gap                                     0.00
nodelimit                               Inf
timelimit                               7200.00

Solution X: [8, 59, 74]
Solution Y: [24, 34, 53, 68, 74, 78, 86, 90, 97]

leader_capture_demand: [51.76095637716412, 61.49332037873155, 51.03698503518895]
follower_capture_demand: [51.01281347514033, 28.693694681018563, 32.84116696039947, 46.5001342579184, 26.5, 38.18089777140206, 42.391404237030855, 48.66775954217772, 78.920867283828]

========== Summary ==========
Total Demand: 558
Total Leader Captured: 164.29126179108462
Total Follower Captured: 393.7087382089154

@PrintInfos
ItCnt: 2686
Current gap: 0.00 %
Termination Status: OPTIMAL
Primal Status: FEASIBLE_POINT
Solve Time: 8.40 sec
Objective Value: 164.291262
Number of Nodes:     27

CutInfo: [phase] num / time (sec) 
ZLP             [phase1]     0 / 0.00 [rLC]     6 / 1.27 [rUC]     2 / 0.19 [sLC]     0 / 0.05 [sUC]    17 / 2.37 
OldSubmodular   [phase1]     0 / 0.00 [rLC]     0 / 0.00 [rUC]     0 / 0.00 [sLC]     0 / 0.00 [sUC]     0 / 0.00 
NewSubmodular   [phase1]     0 / 0.00 [rLC]     0 / 0.00 [rUC]     0 / 0.00 [sLC]     0 / 0.00 [sUC]     0 / 0.00 
PMP             [phase1]     0 / 0.00 [rLC]     8 / 0.22 [rUC]     2 / 0.06 [sLC]     1 / 0.03 [sUC]    43 / 1.85 
Separation Round: [phase1] 0  [rLC] 8  [rUC] 2  [sLC] 1  [sUC] 43
Root Best Bound 165.436913
Root Best Integer: 164.005837
Best Bound: 164.291262
Best Integer: 164.291262

