Version identifier: 20.1.0.0 | 2020-11-10 | 9bedb6d68
CPXPARAM_Threads                                 1
CPXPARAM_TimeLimit                               7200
CPXPARAM_MIP_Tolerances_MIPGap                   0
Generic callback                                 0x60
1 of 1 MIP starts provided solutions.
MIP start 'm1' defined initial solution with objective 257.6119.
Tried aggregator 1 time.
Reduced MIP has 10101 rows, 10101 columns, and 30100 nonzeros.
Reduced MIP has 100 binaries, 0 generals, 0 SOSs, and 0 indicators.
Presolve time = 0.01 sec. (9.72 ticks)
Probing time = 0.00 sec. (1.26 ticks)
Tried aggregator 1 time.
Reduced MIP has 10101 rows, 10101 columns, and 30100 nonzeros.
Reduced MIP has 100 binaries, 0 generals, 0 SOSs, and 0 indicators.
Presolve time = 0.01 sec. (9.55 ticks)
Probing time = 0.00 sec. (1.26 ticks)
MIP emphasis: balance optimality and feasibility.
MIP search method: dynamic search.
Parallel mode: none, using 1 thread.
Root relaxation solution time = 0.00 sec. (3.91 ticks)

        Nodes                                         Cuts/
   Node  Left     Objective  IInf  Best Integer    Best Bound    ItCnt     Gap

*     0+    0                          257.6119      558.0000           116.60%
      0     0      263.1274     2      257.6119      558.0000        0  116.60%
*     0+    0                          262.9483      263.1274             0.07%
      0     2      263.1274     2      262.9483      263.1221        0    0.07%
Elapsed time = 3.65 sec. (388.41 ticks, tree = 0.01 MB, solutions = 2)

User cuts applied:  3

Root node processing (before b&c):
  Real time             =    3.65 sec. (388.49 ticks)
Sequential b&c:
  Real time             =    0.07 sec. (21.88 ticks)
                          ------------
Total (root+branch&cut) =    3.72 sec. (410.38 ticks)
@Parameters: 
is_S_cut                                true
is_add_all_yinF                         true
is_start_value                          true
is_usercut                              true
is_visualization                        true
uc_only_rootnode                        false

data                                    Biesinger
fn                                      data/Biesinger/111_n100_std
mode                                    ZLP
solver                                  cplex

p                                       6
r                                       7

EPS                                     1.0e-06
EPS_vio                                 1.0e-04
beta                                    0.10
gap                                     0.00
nodelimit                               Inf
timelimit                               7200.00

Solution X: [1, 13, 19, 31, 52, 96]
Solution Y: [13, 19, 40, 52, 68, 78, 96]

leader_capture_demand: [53.90686813429917, 50.0, 27.412707890043304, 59.12873580284383, 28.5, 44.0]
follower_capture_demand: [50.0, 25.5, 58.514981827527876, 28.5, 48.58285776937957, 39.953848575906264, 44.0]

========== Summary ==========
Total Demand: 558
Total Leader Captured: 262.94831182718633
Total Follower Captured: 295.0516881728137

@PrintInfos
ItCnt: 50
Current gap: 0.00 %
Termination Status: OPTIMAL
Primal Status: FEASIBLE_POINT
Solve Time: 3.72 sec
Objective Value: 262.948312
Number of Nodes:      3

CutInfo: [phase] num / time (sec) 
ZLP             [phase1]     0 / 0.00 [rLC]     4 / 1.29 [rUC]     2 / 0.24 [sLC]     0 / 0.00 [sUC]     1 / 0.04 
OldSubmodular   [phase1]     0 / 0.00 [rLC]     0 / 0.00 [rUC]     0 / 0.00 [sLC]     0 / 0.00 [sUC]     0 / 0.00 
NewSubmodular   [phase1]     0 / 0.00 [rLC]     0 / 0.00 [rUC]     0 / 0.00 [sLC]     0 / 0.00 [sUC]     0 / 0.00 
PMP             [phase1]     0 / 0.00 [rLC]     6 / 0.21 [rUC]     2 / 0.07 [sLC]     0 / 0.00 [sUC]     1 / 0.03 
Separation Round: [phase1] 0  [rLC] 6  [rUC] 2  [sLC] 0  [sUC] 1
Root Best Bound 262.948312
Root Best Integer: 262.948312
Best Bound: 262.948312
Best Integer: 262.948312

