Version identifier: 20.1.0.0 | 2020-11-10 | 9bedb6d68
CPXPARAM_Threads                                 1
CPXPARAM_TimeLimit                               7200
CPXPARAM_MIP_Tolerances_MIPGap                   0
Generic callback                                 0x60
1 of 1 MIP starts provided solutions.
MIP start 'm1' defined initial solution with objective 230.9647.
Tried aggregator 1 time.
Reduced MIP has 10101 rows, 10101 columns, and 30100 nonzeros.
Reduced MIP has 100 binaries, 0 generals, 0 SOSs, and 0 indicators.
Presolve time = 0.01 sec. (9.72 ticks)
Probing time = 0.00 sec. (1.26 ticks)
Tried aggregator 1 time.
Reduced MIP has 10101 rows, 10101 columns, and 30100 nonzeros.
Reduced MIP has 100 binaries, 0 generals, 0 SOSs, and 0 indicators.
Presolve time = 0.01 sec. (9.55 ticks)
Probing time = 0.00 sec. (1.26 ticks)
MIP emphasis: balance optimality and feasibility.
MIP search method: dynamic search.
Parallel mode: none, using 1 thread.
Root relaxation solution time = 0.00 sec. (3.90 ticks)

        Nodes                                         Cuts/
   Node  Left     Objective  IInf  Best Integer    Best Bound    ItCnt     Gap

*     0+    0                          230.9647      558.0000           141.60%
      0     0      235.5395     6      230.9647      558.0000        0  141.60%
*     0+    0                          233.2456      235.5395             0.98%
      0     2      235.5395     6      233.2456      235.5341        0    0.98%
Elapsed time = 3.76 sec. (549.29 ticks, tree = 0.01 MB, solutions = 2)
*     2     2      integral     0      234.1228      234.8722      176    0.32%

User cuts applied:  3

Root node processing (before b&c):
  Real time             =    3.76 sec. (549.37 ticks)
Sequential b&c:
  Real time             =    0.61 sec. (184.74 ticks)
                          ------------
Total (root+branch&cut) =    4.37 sec. (734.11 ticks)
@Parameters: 
is_S_cut                                true
is_add_all_yinF                         true
is_start_value                          true
is_usercut                              true
is_visualization                        true
uc_only_rootnode                        false

data                                    Biesinger
fn                                      data/Biesinger/111_n100_std
mode                                    ZLP
solver                                  cplex

p                                       3
r                                       4

EPS                                     1.0e-06
EPS_vio                                 1.0e-04
beta                                    0.10
gap                                     0.00
nodelimit                               Inf
timelimit                               7200.00

Solution X: [35, 74, 80]
Solution Y: [9, 59, 74, 89]

leader_capture_demand: [85.01376156109426, 75.9604950869757, 73.14852474835598]
follower_capture_demand: [102.61550449557417, 79.62548561977624, 73.30734271675352, 68.32888577147014]

========== Summary ==========
Total Demand: 558
Total Leader Captured: 234.12278139642595
Total Follower Captured: 323.8772186035741

@PrintInfos
ItCnt: 481
Current gap: 0.00 %
Termination Status: OPTIMAL
Primal Status: FEASIBLE_POINT
Solve Time: 4.37 sec
Objective Value: 234.122781
Number of Nodes:     11

CutInfo: [phase] num / time (sec) 
ZLP             [phase1]     0 / 0.00 [rLC]     4 / 1.28 [rUC]     2 / 0.23 [sLC]     0 / 0.03 [sUC]     1 / 0.38 
OldSubmodular   [phase1]     0 / 0.00 [rLC]     0 / 0.00 [rUC]     0 / 0.00 [sLC]     0 / 0.00 [sUC]     0 / 0.00 
NewSubmodular   [phase1]     0 / 0.00 [rLC]     0 / 0.00 [rUC]     0 / 0.00 [sLC]     0 / 0.00 [sUC]     0 / 0.00 
PMP             [phase1]     0 / 0.00 [rLC]     6 / 0.22 [rUC]     2 / 0.08 [sLC]     1 / 0.02 [sUC]     9 / 0.31 
Separation Round: [phase1] 0  [rLC] 6  [rUC] 2  [sLC] 1  [sUC] 9
Root Best Bound 234.872207
Root Best Integer: 234.122781
Best Bound: 234.122781
Best Integer: 234.122781

