Version identifier: 20.1.0.0 | 2020-11-10 | 9bedb6d68
CPXPARAM_Threads                                 1
CPXPARAM_TimeLimit                               7200
CPXPARAM_MIP_Tolerances_MIPGap                   0
Generic callback                                 0x60
1 of 1 MIP starts provided solutions.
MIP start 'm1' defined initial solution with objective 169.3885.
Tried aggregator 1 time.
Reduced MIP has 10101 rows, 10101 columns, and 30100 nonzeros.
Reduced MIP has 100 binaries, 0 generals, 0 SOSs, and 0 indicators.
Presolve time = 0.01 sec. (9.72 ticks)
Probing time = 0.00 sec. (1.26 ticks)
Tried aggregator 1 time.
Reduced MIP has 10101 rows, 10101 columns, and 30100 nonzeros.
Reduced MIP has 100 binaries, 0 generals, 0 SOSs, and 0 indicators.
Presolve time = 0.01 sec. (9.55 ticks)
Probing time = 0.00 sec. (1.26 ticks)
MIP emphasis: balance optimality and feasibility.
MIP search method: dynamic search.
Parallel mode: none, using 1 thread.
Root relaxation solution time = 0.00 sec. (3.90 ticks)

        Nodes                                         Cuts/
   Node  Left     Objective  IInf  Best Integer    Best Bound    ItCnt     Gap

*     0+    0                          169.3885      558.0000           229.42%
      0     0      179.0056     2      169.3885      558.0000        0  229.42%
*     0+    0                          172.3263      179.0056             3.88%
      0     2      175.2723     6      172.3263      175.2707        0    1.71%
Elapsed time = 3.88 sec. (876.14 ticks, tree = 0.01 MB, solutions = 2)
      2     4      172.9672     5      172.3263      173.7293      622    0.81%
     10     6      173.4223     6      172.3263      173.7277     1059    0.81%
*    20     3      integral     0      173.0028      173.1623     1509    0.09%

User cuts applied:  11

Root node processing (before b&c):
  Real time             =    3.88 sec. (876.44 ticks)
Sequential b&c:
  Real time             =    2.35 sec. (797.02 ticks)
                          ------------
Total (root+branch&cut) =    6.23 sec. (1673.46 ticks)
@Parameters: 
is_S_cut                                true
is_add_all_yinF                         true
is_start_value                          true
is_usercut                              true
is_visualization                        true
uc_only_rootnode                        false

data                                    Biesinger
fn                                      data/Biesinger/111_n100_std
mode                                    ZLP
solver                                  cplex

p                                       3
r                                       8

EPS                                     1.0e-06
EPS_vio                                 1.0e-04
beta                                    0.10
gap                                     0.00
nodelimit                               Inf
timelimit                               7200.00

Solution X: [8, 31, 35]
Solution Y: [24, 31, 53, 68, 78, 86, 90, 97]

leader_capture_demand: [54.20650140532396, 56.6847605422687, 62.11152763169791]
follower_capture_demand: [51.01281347514033, 45.5, 33.00988990472327, 47.002859807925994, 41.153361580022214, 43.65433842580221, 47.9746548676197, 75.68929235947571]

========== Summary ==========
Total Demand: 558
Total Leader Captured: 173.00278957929055
Total Follower Captured: 384.9972104207094

@PrintInfos
ItCnt: 1535
Current gap: 0.00 %
Termination Status: OPTIMAL
Primal Status: FEASIBLE_POINT
Solve Time: 6.23 sec
Objective Value: 173.002790
Number of Nodes:     24

CutInfo: [phase] num / time (sec) 
ZLP             [phase1]     0 / 0.00 [rLC]     5 / 1.26 [rUC]     2 / 0.18 [sLC]     0 / 0.04 [sUC]     9 / 1.46 
OldSubmodular   [phase1]     0 / 0.00 [rLC]     0 / 0.00 [rUC]     0 / 0.00 [sLC]     0 / 0.00 [sUC]     0 / 0.00 
NewSubmodular   [phase1]     0 / 0.00 [rLC]     0 / 0.00 [rUC]     0 / 0.00 [sLC]     0 / 0.00 [sUC]     0 / 0.00 
PMP             [phase1]     0 / 0.00 [rLC]     7 / 0.19 [rUC]     2 / 0.04 [sLC]     1 / 0.03 [sUC]    31 / 1.15 
Separation Round: [phase1] 0  [rLC] 7  [rUC] 2  [sLC] 1  [sUC] 31
Root Best Bound 173.729262
Root Best Integer: 172.326263
Best Bound: 173.002790
Best Integer: 173.002790

