Version identifier: 20.1.0.0 | 2020-11-10 | 9bedb6d68
CPXPARAM_Threads                                 1
CPXPARAM_TimeLimit                               7200
CPXPARAM_MIP_Tolerances_MIPGap                   0
Generic callback                                 0x60
1 of 1 MIP starts provided solutions.
MIP start 'm1' defined initial solution with objective 394.9003.
Tried aggregator 1 time.
Reduced MIP has 10101 rows, 10101 columns, and 30100 nonzeros.
Reduced MIP has 100 binaries, 0 generals, 0 SOSs, and 0 indicators.
Presolve time = 0.01 sec. (9.72 ticks)
Probing time = 0.00 sec. (1.26 ticks)
Tried aggregator 1 time.
Reduced MIP has 10101 rows, 10101 columns, and 30100 nonzeros.
Reduced MIP has 100 binaries, 0 generals, 0 SOSs, and 0 indicators.
Presolve time = 0.01 sec. (9.55 ticks)
Probing time = 0.00 sec. (1.26 ticks)
MIP emphasis: balance optimality and feasibility.
MIP search method: dynamic search.
Parallel mode: none, using 1 thread.
Root relaxation solution time = 0.00 sec. (3.91 ticks)

        Nodes                                         Cuts/
   Node  Left     Objective  IInf  Best Integer    Best Bound    ItCnt     Gap

*     0+    0                          394.9003      558.0000            41.30%
      0     0      403.7541     2      394.9003      558.0000        0   41.30%
*     0+    0                          397.5372      403.7541             1.56%
*     0+    0                          398.0167      403.7541             1.44%
*     0+    0                          398.8630      403.7541             1.23%
*     0+    0                          398.9451      403.7541             1.21%
      0     2      400.5119    10      398.9451      400.5108        0    0.39%
Elapsed time = 4.51 sec. (817.91 ticks, tree = 0.01 MB, solutions = 5)
*     3     3      integral     0      399.6235      400.2550      194    0.16%
     11     3      399.7152    15      399.6235      399.8388      607    0.05%

User cuts applied:  9

Root node processing (before b&c):
  Real time             =    4.51 sec. (818.41 ticks)
Sequential b&c:
  Real time             =    1.97 sec. (469.10 ticks)
                          ------------
Total (root+branch&cut) =    6.48 sec. (1287.52 ticks)
@Parameters: 
is_S_cut                                true
is_add_all_yinF                         true
is_start_value                          true
is_usercut                              true
is_visualization                        true
uc_only_rootnode                        false

data                                    Biesinger
fn                                      data/Biesinger/111_n100_std
mode                                    ZLP
solver                                  cplex

p                                       10
r                                       3

EPS                                     1.0e-06
EPS_vio                                 1.0e-04
beta                                    0.10
gap                                     0.00
nodelimit                               Inf
timelimit                               7200.00

Solution X: [6, 14, 23, 52, 53, 58, 68, 74, 76, 78]
Solution Y: [8, 59, 74]

leader_capture_demand: [41.07444830345891, 24.44925746311865, 62.253750469945444, 48.91682216211396, 26.75734334932681, 42.80839142382227, 46.50013425791839, 34.0, 34.682453385882155, 38.180897771402066]
follower_capture_demand: [45.68449519352439, 57.66760498002171, 55.02440123946525]

========== Summary ==========
Total Demand: 558
Total Leader Captured: 399.62349858698866
Total Follower Captured: 158.37650141301134

@PrintInfos
ItCnt: 761
Current gap: 0.00 %
Termination Status: OPTIMAL
Primal Status: FEASIBLE_POINT
Solve Time: 6.48 sec
Objective Value: 399.623499
Number of Nodes:     19

CutInfo: [phase] num / time (sec) 
ZLP             [phase1]     0 / 0.00 [rLC]     6 / 1.70 [rUC]     2 / 0.24 [sLC]     0 / 0.05 [sUC]     5 / 1.46 
OldSubmodular   [phase1]     0 / 0.00 [rLC]     0 / 0.00 [rUC]     0 / 0.00 [sLC]     0 / 0.00 [sUC]     0 / 0.00 
NewSubmodular   [phase1]     0 / 0.00 [rLC]     0 / 0.00 [rUC]     0 / 0.00 [sLC]     0 / 0.00 [sUC]     0 / 0.00 
PMP             [phase1]     0 / 0.00 [rLC]    11 / 0.52 [rUC]     2 / 0.08 [sLC]     1 / 0.04 [sUC]    21 / 1.27 
Separation Round: [phase1] 0  [rLC] 11  [rUC] 2  [sLC] 1  [sUC] 21
Root Best Bound 400.254996
Root Best Integer: 398.945057
Best Bound: 399.623499
Best Integer: 399.623499

