Version identifier: 20.1.0.0 | 2020-11-10 | 9bedb6d68
CPXPARAM_Threads                                 1
CPXPARAM_TimeLimit                               7200
CPXPARAM_MIP_Tolerances_MIPGap                   0
Generic callback                                 0x60
1 of 1 MIP starts provided solutions.
MIP start 'm1' defined initial solution with objective 225.7487.
Tried aggregator 1 time.
Reduced MIP has 10101 rows, 10101 columns, and 30100 nonzeros.
Reduced MIP has 100 binaries, 0 generals, 0 SOSs, and 0 indicators.
Presolve time = 0.01 sec. (9.72 ticks)
Probing time = 0.00 sec. (1.26 ticks)
Tried aggregator 1 time.
Reduced MIP has 10101 rows, 10101 columns, and 30100 nonzeros.
Reduced MIP has 100 binaries, 0 generals, 0 SOSs, and 0 indicators.
Presolve time = 0.01 sec. (9.55 ticks)
Probing time = 0.00 sec. (1.26 ticks)
MIP emphasis: balance optimality and feasibility.
MIP search method: dynamic search.
Parallel mode: none, using 1 thread.
Root relaxation solution time = 0.00 sec. (3.90 ticks)

        Nodes                                         Cuts/
   Node  Left     Objective  IInf  Best Integer    Best Bound    ItCnt     Gap

*     0+    0                          225.7487      558.0000           147.18%
      0     0      230.0079     2      225.7487      558.0000        0  147.18%
*     0+    0                          229.3610      230.0079             0.28%
      0     2      230.0079     2      229.3610      230.0078        0    0.28%
Elapsed time = 3.63 sec. (389.98 ticks, tree = 0.01 MB, solutions = 2)
*     3     3      integral     0      229.6389      229.6601      159    0.01%

User cuts applied:  5

Root node processing (before b&c):
  Real time             =    3.63 sec. (390.20 ticks)
Sequential b&c:
  Real time             =    0.49 sec. (90.89 ticks)
                          ------------
Total (root+branch&cut) =    4.12 sec. (481.09 ticks)
@Parameters: 
is_S_cut                                true
is_add_all_yinF                         true
is_start_value                          true
is_usercut                              true
is_visualization                        true
uc_only_rootnode                        false

data                                    Biesinger
fn                                      data/Biesinger/111_n100_std
mode                                    ZLP
solver                                  cplex

p                                       5
r                                       8

EPS                                     1.0e-06
EPS_vio                                 1.0e-04
beta                                    0.10
gap                                     0.00
nodelimit                               Inf
timelimit                               7200.00

Solution X: [52, 59, 74, 89, 96]
Solution Y: [1, 23, 31, 52, 76, 78, 86, 96]

leader_capture_demand: [27.0, 56.059531680633064, 60.150342832367414, 42.784675956529206, 43.64439735600306]
follower_capture_demand: [49.20140922453838, 46.494318688863764, 50.577526297153, 27.0, 33.29536905540569, 38.18089777140206, 44.611531137104365, 39.0]

========== Summary ==========
Total Demand: 558
Total Leader Captured: 229.63894782553274
Total Follower Captured: 328.36105217446726

@PrintInfos
ItCnt: 175
Current gap: 0.00 %
Termination Status: OPTIMAL
Primal Status: FEASIBLE_POINT
Solve Time: 4.12 sec
Objective Value: 229.638948
Number of Nodes:      7

CutInfo: [phase] num / time (sec) 
ZLP             [phase1]     0 / 0.00 [rLC]     4 / 1.30 [rUC]     2 / 0.22 [sLC]     0 / 0.04 [sUC]     3 / 0.34 
OldSubmodular   [phase1]     0 / 0.00 [rLC]     0 / 0.00 [rUC]     0 / 0.00 [sLC]     0 / 0.00 [sUC]     0 / 0.00 
NewSubmodular   [phase1]     0 / 0.00 [rLC]     0 / 0.00 [rUC]     0 / 0.00 [sLC]     0 / 0.00 [sUC]     0 / 0.00 
PMP             [phase1]     0 / 0.00 [rLC]     6 / 0.20 [rUC]     2 / 0.07 [sLC]     1 / 0.03 [sUC]     7 / 0.25 
Separation Round: [phase1] 0  [rLC] 6  [rUC] 2  [sLC] 1  [sUC] 7
Root Best Bound 229.660148
Root Best Integer: 229.360950
Best Bound: 229.638948
Best Integer: 229.638948

