Version identifier: 20.1.0.0 | 2020-11-10 | 9bedb6d68
CPXPARAM_Threads                                 1
CPXPARAM_TimeLimit                               7200
CPXPARAM_MIP_Tolerances_MIPGap                   0
Generic callback                                 0x60
1 of 1 MIP starts provided solutions.
MIP start 'm1' defined initial solution with objective 222.8851.
Tried aggregator 1 time.
Reduced MIP has 10101 rows, 10101 columns, and 30100 nonzeros.
Reduced MIP has 100 binaries, 0 generals, 0 SOSs, and 0 indicators.
Presolve time = 0.01 sec. (9.72 ticks)
Probing time = 0.00 sec. (1.26 ticks)
Tried aggregator 1 time.
Reduced MIP has 10101 rows, 10101 columns, and 30100 nonzeros.
Reduced MIP has 100 binaries, 0 generals, 0 SOSs, and 0 indicators.
Presolve time = 0.01 sec. (9.55 ticks)
Probing time = 0.00 sec. (1.26 ticks)
MIP emphasis: balance optimality and feasibility.
MIP search method: dynamic search.
Parallel mode: none, using 1 thread.
Root relaxation solution time = 0.00 sec. (3.90 ticks)

        Nodes                                         Cuts/
   Node  Left     Objective  IInf  Best Integer    Best Bound    ItCnt     Gap

*     0+    0                          222.8851      558.0000           150.35%
      0     0      223.4386     2      222.8851      558.0000        0  150.35%
*     0+    0                          223.2106      223.4386             0.10%
      0     2      223.4386     2      223.2106      223.4368        0    0.10%
Elapsed time = 2.44 sec. (513.19 ticks, tree = 0.01 MB, solutions = 2)

User cuts applied:  3

Root node processing (before b&c):
  Real time             =    2.44 sec. (513.26 ticks)
Sequential b&c:
  Real time             =    0.39 sec. (129.07 ticks)
                          ------------
Total (root+branch&cut) =    2.83 sec. (642.33 ticks)
@Parameters: 
is_S_cut                                true
is_add_all_yinF                         true
is_start_value                          true
is_usercut                              true
is_visualization                        true
uc_only_rootnode                        false

data                                    Biesinger
fn                                      data/Biesinger/111_n100_std
mode                                    ZLP
solver                                  cplex

p                                       4
r                                       7

EPS                                     1.0e-06
EPS_vio                                 1.0e-04
beta                                    0.10
gap                                     0.00
nodelimit                               Inf
timelimit                               7200.00

Solution X: [58, 59, 74, 89]
Solution Y: [1, 12, 31, 32, 78, 86, 97]

leader_capture_demand: [60.29902744349932, 56.059531680633064, 60.341514561078846, 46.51051024697026]
follower_capture_demand: [49.27583147374873, 41.14955699093447, 51.9974664088333, 49.0640274142729, 38.18089777140206, 44.611531137104365, 60.5101048715227]

========== Summary ==========
Total Demand: 558
Total Leader Captured: 223.2105839321815
Total Follower Captured: 334.7894160678185

@PrintInfos
ItCnt: 280
Current gap: 0.00 %
Termination Status: OPTIMAL
Primal Status: FEASIBLE_POINT
Solve Time: 2.83 sec
Objective Value: 223.210584
Number of Nodes:     11

CutInfo: [phase] num / time (sec) 
ZLP             [phase1]     0 / 0.00 [rLC]     4 / 0.88 [rUC]     0 / 0.13 [sLC]     0 / 0.00 [sUC]     1 / 0.28 
OldSubmodular   [phase1]     0 / 0.00 [rLC]     0 / 0.00 [rUC]     0 / 0.00 [sLC]     0 / 0.00 [sUC]     0 / 0.00 
NewSubmodular   [phase1]     0 / 0.00 [rLC]     0 / 0.00 [rUC]     0 / 0.00 [sLC]     0 / 0.00 [sUC]     0 / 0.00 
PMP             [phase1]     0 / 0.00 [rLC]     6 / 0.15 [rUC]     2 / 0.04 [sLC]     0 / 0.00 [sUC]     9 / 0.22 
Separation Round: [phase1] 0  [rLC] 6  [rUC] 2  [sLC] 0  [sUC] 9
Root Best Bound 223.384977
Root Best Integer: 223.210584
Best Bound: 223.210584
Best Integer: 223.210584

