Version identifier: 20.1.0.0 | 2020-11-10 | 9bedb6d68
CPXPARAM_Threads                                 1
CPXPARAM_TimeLimit                               7200
CPXPARAM_MIP_Tolerances_MIPGap                   0
Generic callback                                 0x60
1 of 1 MIP starts provided solutions.
MIP start 'm1' defined initial solution with objective 305.0849.
Tried aggregator 1 time.
Reduced MIP has 10101 rows, 10101 columns, and 30100 nonzeros.
Reduced MIP has 100 binaries, 0 generals, 0 SOSs, and 0 indicators.
Presolve time = 0.01 sec. (9.72 ticks)
Probing time = 0.00 sec. (1.26 ticks)
Tried aggregator 1 time.
Reduced MIP has 10101 rows, 10101 columns, and 30100 nonzeros.
Reduced MIP has 100 binaries, 0 generals, 0 SOSs, and 0 indicators.
Presolve time = 0.01 sec. (9.55 ticks)
Probing time = 0.00 sec. (1.26 ticks)
MIP emphasis: balance optimality and feasibility.
MIP search method: dynamic search.
Parallel mode: none, using 1 thread.
Root relaxation solution time = 0.00 sec. (3.91 ticks)

        Nodes                                         Cuts/
   Node  Left     Objective  IInf  Best Integer    Best Bound    ItCnt     Gap

*     0+    0                          305.0849      558.0000            82.90%
      0     0      308.8861     6      305.0849      558.0000        0   82.90%
*     0+    0                          308.5598      308.8861             0.11%
      0     2      308.8861     6      308.5598      308.8857        0    0.11%
Elapsed time = 3.77 sec. (341.14 ticks, tree = 0.01 MB, solutions = 2)
*     4     2      integral     0      308.6059      308.7268      180    0.04%

User cuts applied:  4

Root node processing (before b&c):
  Real time             =    3.77 sec. (341.34 ticks)
Sequential b&c:
  Real time             =    0.40 sec. (101.91 ticks)
                          ------------
Total (root+branch&cut) =    4.16 sec. (443.25 ticks)
@Parameters: 
is_S_cut                                true
is_add_all_yinF                         true
is_start_value                          true
is_usercut                              true
is_visualization                        true
uc_only_rootnode                        false

data                                    Biesinger
fn                                      data/Biesinger/111_n100_std
mode                                    ZLP
solver                                  cplex

p                                       8
r                                       6

EPS                                     1.0e-06
EPS_vio                                 1.0e-04
beta                                    0.10
gap                                     0.00
nodelimit                               Inf
timelimit                               7200.00

Solution X: [19, 23, 31, 32, 52, 58, 68, 78]
Solution Y: [1, 13, 19, 40, 52, 96]

leader_capture_demand: [25.5, 41.43382353440403, 49.337597947942, 42.03064925183746, 26.5, 35.179975440846604, 48.58285776937957, 40.0410242855565]
follower_capture_demand: [53.90686813429916, 41.40073866982835, 27.412707890043308, 56.56768913294745, 28.355915504776878, 41.75015243813869]

========== Summary ==========
Total Demand: 558
Total Leader Captured: 308.60592822996614
Total Follower Captured: 249.39407177003383

@PrintInfos
ItCnt: 185
Current gap: 0.00 %
Termination Status: OPTIMAL
Primal Status: FEASIBLE_POINT
Solve Time: 4.16 sec
Objective Value: 308.605928
Number of Nodes:      7

CutInfo: [phase] num / time (sec) 
ZLP             [phase1]     0 / 0.00 [rLC]     4 / 1.37 [rUC]     2 / 0.21 [sLC]     1 / 0.08 [sUC]     1 / 0.22 
OldSubmodular   [phase1]     0 / 0.00 [rLC]     0 / 0.00 [rUC]     0 / 0.00 [sLC]     0 / 0.00 [sUC]     0 / 0.00 
NewSubmodular   [phase1]     0 / 0.00 [rLC]     0 / 0.00 [rUC]     0 / 0.00 [sLC]     0 / 0.00 [sUC]     0 / 0.00 
PMP             [phase1]     0 / 0.00 [rLC]     6 / 0.22 [rUC]     2 / 0.06 [sLC]     2 / 0.06 [sUC]     5 / 0.19 
Separation Round: [phase1] 0  [rLC] 6  [rUC] 2  [sLC] 2  [sUC] 5
Root Best Bound 308.726752
Root Best Integer: 308.559819
Best Bound: 308.605928
Best Integer: 308.605928

