Version identifier: 20.1.0.0 | 2020-11-10 | 9bedb6d68
CPXPARAM_Threads                                 1
CPXPARAM_TimeLimit                               7200
CPXPARAM_MIP_Tolerances_MIPGap                   0
Generic callback                                 0x60
1 of 1 MIP starts provided solutions.
MIP start 'm1' defined initial solution with objective 352.2262.
Tried aggregator 1 time.
Reduced MIP has 10101 rows, 10101 columns, and 30100 nonzeros.
Reduced MIP has 100 binaries, 0 generals, 0 SOSs, and 0 indicators.
Presolve time = 0.01 sec. (9.72 ticks)
Probing time = 0.00 sec. (1.26 ticks)
Tried aggregator 1 time.
Reduced MIP has 10101 rows, 10101 columns, and 30100 nonzeros.
Reduced MIP has 100 binaries, 0 generals, 0 SOSs, and 0 indicators.
Presolve time = 0.01 sec. (9.55 ticks)
Probing time = 0.00 sec. (1.26 ticks)
MIP emphasis: balance optimality and feasibility.
MIP search method: dynamic search.
Parallel mode: none, using 1 thread.
Root relaxation solution time = 0.00 sec. (3.91 ticks)

        Nodes                                         Cuts/
   Node  Left     Objective  IInf  Best Integer    Best Bound    ItCnt     Gap

*     0+    0                          352.2262      558.0000            58.42%
      0     0      358.1825    14      352.2262      558.0000        0   58.42%
*     0+    0                          357.1567      358.1825             0.29%
*     0+    0                          357.7809      358.1825             0.11%
      0     2      357.9122     6      357.7809      357.9106        0    0.04%
Elapsed time = 3.39 sec. (457.48 ticks, tree = 0.01 MB, solutions = 3)
*     3     1      integral     0      357.8434      357.8434        9    0.00%

User cuts applied:  3

Root node processing (before b&c):
  Real time             =    3.39 sec. (457.82 ticks)
Sequential b&c:
  Real time             =    0.13 sec. (14.86 ticks)
                          ------------
Total (root+branch&cut) =    3.52 sec. (472.68 ticks)
@Parameters: 
is_S_cut                                true
is_add_all_yinF                         true
is_start_value                          true
is_usercut                              true
is_visualization                        true
uc_only_rootnode                        false

data                                    Biesinger
fn                                      data/Biesinger/111_n100_std
mode                                    ZLP
solver                                  cplex

p                                       9
r                                       4

EPS                                     1.0e-06
EPS_vio                                 1.0e-04
beta                                    0.10
gap                                     0.00
nodelimit                               Inf
timelimit                               7200.00

Solution X: [6, 24, 27, 31, 39, 52, 58, 68, 78]
Solution Y: [58, 59, 74, 89]

leader_capture_demand: [41.07444830345891, 38.62385688512269, 35.762716581472766, 47.09243992542928, 35.93174016414344, 44.677136087617015, 30.0, 46.50013425791839, 38.180897771402066]
follower_capture_demand: [45.184911887750715, 55.61194723109928, 57.668800384558025, 41.6909705200274]

========== Summary ==========
Total Demand: 558
Total Leader Captured: 357.84336997656453
Total Follower Captured: 200.1566300234354

@PrintInfos
ItCnt: 9
Current gap: 0.00 %
Termination Status: OPTIMAL
Primal Status: FEASIBLE_POINT
Solve Time: 3.52 sec
Objective Value: 357.843370
Number of Nodes:      4

CutInfo: [phase] num / time (sec) 
ZLP             [phase1]     0 / 0.00 [rLC]     5 / 1.22 [rUC]     2 / 0.19 [sLC]     0 / 0.04 [sUC]     0 / 0.07 
OldSubmodular   [phase1]     0 / 0.00 [rLC]     0 / 0.00 [rUC]     0 / 0.00 [sLC]     0 / 0.00 [sUC]     0 / 0.00 
NewSubmodular   [phase1]     0 / 0.00 [rLC]     0 / 0.00 [rUC]     0 / 0.00 [sLC]     0 / 0.00 [sUC]     0 / 0.00 
PMP             [phase1]     0 / 0.00 [rLC]     8 / 0.25 [rUC]     2 / 0.06 [sLC]     1 / 0.04 [sUC]     2 / 0.06 
Separation Round: [phase1] 0  [rLC] 8  [rUC] 2  [sLC] 1  [sUC] 2
Root Best Bound 357.843370
Root Best Integer: 357.780920
Best Bound: 357.843370
Best Integer: 357.843370

