Version identifier: 20.1.0.0 | 2020-11-10 | 9bedb6d68
CPXPARAM_Threads                                 1
CPXPARAM_TimeLimit                               7200
CPXPARAM_MIP_Tolerances_MIPGap                   0
Generic callback                                 0x60
1 of 1 MIP starts provided solutions.
MIP start 'm1' defined initial solution with objective 199.1689.
Tried aggregator 1 time.
Reduced MIP has 10101 rows, 10101 columns, and 30100 nonzeros.
Reduced MIP has 100 binaries, 0 generals, 0 SOSs, and 0 indicators.
Presolve time = 0.01 sec. (9.72 ticks)
Probing time = 0.00 sec. (1.26 ticks)
Tried aggregator 1 time.
Reduced MIP has 10101 rows, 10101 columns, and 30100 nonzeros.
Reduced MIP has 100 binaries, 0 generals, 0 SOSs, and 0 indicators.
Presolve time = 0.01 sec. (9.55 ticks)
Probing time = 0.00 sec. (1.26 ticks)
MIP emphasis: balance optimality and feasibility.
MIP search method: dynamic search.
Parallel mode: none, using 1 thread.
Root relaxation solution time = 0.00 sec. (3.90 ticks)

        Nodes                                         Cuts/
   Node  Left     Objective  IInf  Best Integer    Best Bound    ItCnt     Gap

*     0+    0                          199.1689      558.0000           180.16%
      0     0      220.8461     6      199.1689      558.0000        0  180.16%
*     0+    0                          215.9967      220.8461             2.25%
      0     0      218.6412     6      215.9967   LiftProj: 1       17    1.22%
      0     0      218.6348     6      215.9967    MIRcuts: 1       32    1.22%
      0     2      218.6348     6      215.9967      218.6341       32    1.22%
Elapsed time = 5.20 sec. (1375.83 ticks, tree = 0.01 MB, solutions = 2)
*     6     6      integral     0      216.3831      217.7429      393    0.63%
     19     3        cutoff            216.3831      217.4399      866    0.49%
*    22     0      integral     0      216.5025      216.5025      934    0.00%

Mixed integer rounding cuts applied:  1
Lift and project cuts applied:  1
User cuts applied:  5

Root node processing (before b&c):
  Real time             =    5.20 sec. (1375.98 ticks)
Sequential b&c:
  Real time             =    1.85 sec. (482.09 ticks)
                          ------------
Total (root+branch&cut) =    7.05 sec. (1858.07 ticks)
@Parameters: 
is_S_cut                                true
is_add_all_yinF                         true
is_start_value                          true
is_usercut                              true
is_visualization                        true
uc_only_rootnode                        false

data                                    Biesinger
fn                                      data/Biesinger/111_n100_std
mode                                    ZLP
solver                                  cplex

p                                       2
r                                       3

EPS                                     1.0e-06
EPS_vio                                 1.0e-04
beta                                    0.10
gap                                     0.00
nodelimit                               Inf
timelimit                               7200.00

Solution X: [68, 85]
Solution Y: [8, 46, 59]

leader_capture_demand: [123.12565511504418, 93.37683673096319]
follower_capture_demand: [112.10992767671722, 119.40876778705359, 109.97881269022186]

========== Summary ==========
Total Demand: 558
Total Leader Captured: 216.5024918460074
Total Follower Captured: 341.49750815399267

@PrintInfos
ItCnt: 934
Current gap: 0.00 %
Termination Status: OPTIMAL
Primal Status: FEASIBLE_POINT
Solve Time: 7.05 sec
Objective Value: 216.502492
Number of Nodes:     23

CutInfo: [phase] num / time (sec) 
ZLP             [phase1]     0 / 0.00 [rLC]     5 / 1.64 [rUC]     4 / 0.36 [sLC]     1 / 0.15 [sUC]     2 / 1.16 
OldSubmodular   [phase1]     0 / 0.00 [rLC]     0 / 0.00 [rUC]     0 / 0.00 [sLC]     0 / 0.00 [sUC]     0 / 0.00 
NewSubmodular   [phase1]     0 / 0.00 [rLC]     0 / 0.00 [rUC]     0 / 0.00 [sLC]     0 / 0.00 [sUC]     0 / 0.00 
PMP             [phase1]     0 / 0.00 [rLC]     7 / 0.59 [rUC]     4 / 0.18 [sLC]     3 / 0.13 [sUC]    22 / 0.99 
Separation Round: [phase1] 0  [rLC] 7  [rUC] 4  [sLC] 3  [sUC] 22
Root Best Bound 218.315216
Root Best Integer: 215.996710
Best Bound: 216.502492
Best Integer: 216.502492

