Version identifier: 20.1.0.0 | 2020-11-10 | 9bedb6d68
CPXPARAM_Threads                                 1
CPXPARAM_TimeLimit                               7200
CPXPARAM_MIP_Tolerances_MIPGap                   0
Generic callback                                 0x60
1 of 1 MIP starts provided solutions.
MIP start 'm1' defined initial solution with objective 310.7598.
Tried aggregator 1 time.
Reduced MIP has 10101 rows, 10101 columns, and 30100 nonzeros.
Reduced MIP has 100 binaries, 0 generals, 0 SOSs, and 0 indicators.
Presolve time = 0.01 sec. (9.72 ticks)
Probing time = 0.00 sec. (1.26 ticks)
Tried aggregator 1 time.
Reduced MIP has 10101 rows, 10101 columns, and 30100 nonzeros.
Reduced MIP has 100 binaries, 0 generals, 0 SOSs, and 0 indicators.
Presolve time = 0.01 sec. (9.55 ticks)
Probing time = 0.00 sec. (1.26 ticks)
MIP emphasis: balance optimality and feasibility.
MIP search method: dynamic search.
Parallel mode: none, using 1 thread.
Root relaxation solution time = 0.00 sec. (3.91 ticks)

        Nodes                                         Cuts/
   Node  Left     Objective  IInf  Best Integer    Best Bound    ItCnt     Gap

*     0+    0                          310.7598      558.0000            79.56%
      0     0      314.6025     4      310.7598      558.0000        0   79.56%
*     0+    0                          314.4808      314.6025             0.04%
      0     2      314.6025     4      314.4808      314.6018        0    0.04%
Elapsed time = 3.78 sec. (366.33 ticks, tree = 0.01 MB, solutions = 2)
*     2     2      integral     0      314.5665      314.5760      131    0.00%

User cuts applied:  3

Root node processing (before b&c):
  Real time             =    3.78 sec. (366.41 ticks)
Sequential b&c:
  Real time             =    0.30 sec. (62.98 ticks)
                          ------------
Total (root+branch&cut) =    4.08 sec. (429.40 ticks)
@Parameters: 
is_S_cut                                true
is_add_all_yinF                         true
is_start_value                          true
is_usercut                              true
is_visualization                        true
uc_only_rootnode                        false

data                                    Biesinger
fn                                      data/Biesinger/111_n100_std
mode                                    ZLP
solver                                  cplex

p                                       7
r                                       5

EPS                                     1.0e-06
EPS_vio                                 1.0e-04
beta                                    0.10
gap                                     0.00
nodelimit                               Inf
timelimit                               7200.00

Solution X: [6, 13, 40, 52, 68, 78, 96]
Solution Y: [52, 59, 74, 89, 96]

leader_capture_demand: [41.07444830345891, 50.190064436443265, 60.795118688526216, 28.374882060757383, 51.31906927597793, 38.81293197732988, 44.0]
follower_capture_demand: [27.0, 55.61194723109928, 61.68303649237552, 54.66811078450046, 44.470390749531134]

========== Summary ==========
Total Demand: 558
Total Leader Captured: 314.5665147424936
Total Follower Captured: 243.4334852575064

@PrintInfos
ItCnt: 145
Current gap: 0.00 %
Termination Status: OPTIMAL
Primal Status: FEASIBLE_POINT
Solve Time: 4.08 sec
Objective Value: 314.566515
Number of Nodes:      5

CutInfo: [phase] num / time (sec) 
ZLP             [phase1]     0 / 0.00 [rLC]     4 / 1.38 [rUC]     2 / 0.24 [sLC]     0 / 0.06 [sUC]     1 / 0.17 
OldSubmodular   [phase1]     0 / 0.00 [rLC]     0 / 0.00 [rUC]     0 / 0.00 [sLC]     0 / 0.00 [sUC]     0 / 0.00 
NewSubmodular   [phase1]     0 / 0.00 [rLC]     0 / 0.00 [rUC]     0 / 0.00 [sLC]     0 / 0.00 [sUC]     0 / 0.00 
PMP             [phase1]     0 / 0.00 [rLC]     6 / 0.27 [rUC]     2 / 0.10 [sLC]     1 / 0.05 [sUC]     3 / 0.14 
Separation Round: [phase1] 0  [rLC] 6  [rUC] 2  [sLC] 1  [sUC] 3
Root Best Bound 314.601824
Root Best Integer: 314.480762
Best Bound: 314.566515
Best Integer: 314.566515

