Version identifier: 20.1.0.0 | 2020-11-10 | 9bedb6d68
CPXPARAM_Threads                                 1
CPXPARAM_TimeLimit                               7200
CPXPARAM_MIP_Tolerances_MIPGap                   0
Generic callback                                 0x60
1 of 1 MIP starts provided solutions.
MIP start 'm1' defined initial solution with objective 323.1948.
Tried aggregator 1 time.
Reduced MIP has 10101 rows, 10101 columns, and 30100 nonzeros.
Reduced MIP has 100 binaries, 0 generals, 0 SOSs, and 0 indicators.
Presolve time = 0.01 sec. (9.72 ticks)
Probing time = 0.00 sec. (1.26 ticks)
Tried aggregator 1 time.
Reduced MIP has 10101 rows, 10101 columns, and 30100 nonzeros.
Reduced MIP has 100 binaries, 0 generals, 0 SOSs, and 0 indicators.
Presolve time = 0.01 sec. (9.55 ticks)
Probing time = 0.00 sec. (1.26 ticks)
MIP emphasis: balance optimality and feasibility.
MIP search method: dynamic search.
Parallel mode: none, using 1 thread.
Root relaxation solution time = 0.00 sec. (3.90 ticks)

        Nodes                                         Cuts/
   Node  Left     Objective  IInf  Best Integer    Best Bound    ItCnt     Gap

*     0+    0                          323.1948      558.0000            72.65%
      0     0      339.7816     8      323.1948      558.0000        0   72.65%
*     0+    0                          338.2677      339.7816             0.45%
      0     0      339.7461     9      338.2677   LiftProj: 1        8    0.44%
      0     2      339.7461     9      338.2677      339.7206        8    0.43%
Elapsed time = 4.39 sec. (760.95 ticks, tree = 0.01 MB, solutions = 2)
*     3     3      integral     0      338.2873      338.4993      500    0.06%
     10     2      338.4186     5      338.2873      338.4077      622    0.04%

Lift and project cuts applied:  1
User cuts applied:  6

Root node processing (before b&c):
  Real time             =    4.39 sec. (761.12 ticks)
Sequential b&c:
  Real time             =    1.57 sec. (511.49 ticks)
                          ------------
Total (root+branch&cut) =    5.96 sec. (1272.60 ticks)
@Parameters: 
is_S_cut                                true
is_add_all_yinF                         true
is_start_value                          true
is_usercut                              true
is_visualization                        true
uc_only_rootnode                        false

data                                    Biesinger
fn                                      data/Biesinger/111_n100_std
mode                                    ZLP
solver                                  cplex

p                                       3
r                                       2

EPS                                     1.0e-06
EPS_vio                                 1.0e-04
beta                                    0.10
gap                                     0.00
nodelimit                               Inf
timelimit                               7200.00

Solution X: [7, 46, 59]
Solution Y: [35, 46]

leader_capture_demand: [142.71005763501805, 88.5, 107.0772672604965]
follower_capture_demand: [113.34790850328122, 106.36476660120428]

========== Summary ==========
Total Demand: 558
Total Leader Captured: 338.28732489551453
Total Follower Captured: 219.7126751044855

@PrintInfos
ItCnt: 666
Current gap: 0.00 %
Termination Status: OPTIMAL
Primal Status: FEASIBLE_POINT
Solve Time: 5.96 sec
Objective Value: 338.287325
Number of Nodes:     15

CutInfo: [phase] num / time (sec) 
ZLP             [phase1]     0 / 0.00 [rLC]     4 / 1.58 [rUC]     3 / 0.29 [sLC]     0 / 0.05 [sUC]     4 / 0.97 
OldSubmodular   [phase1]     0 / 0.00 [rLC]     0 / 0.00 [rUC]     0 / 0.00 [sLC]     0 / 0.00 [sUC]     0 / 0.00 
NewSubmodular   [phase1]     0 / 0.00 [rLC]     0 / 0.00 [rUC]     0 / 0.00 [sLC]     0 / 0.00 [sUC]     0 / 0.00 
PMP             [phase1]     0 / 0.00 [rLC]     6 / 0.28 [rUC]     3 / 0.13 [sLC]     1 / 0.05 [sUC]    16 / 0.84 
Separation Round: [phase1] 0  [rLC] 6  [rUC] 3  [sLC] 1  [sUC] 16
Root Best Bound 338.499315
Root Best Integer: 338.267727
Best Bound: 338.287325
Best Integer: 338.287325

