Version identifier: 20.1.0.0 | 2020-11-10 | 9bedb6d68
CPXPARAM_Threads                                 1
CPXPARAM_TimeLimit                               7200
CPXPARAM_MIP_Tolerances_MIPGap                   0
Generic callback                                 0x60
1 of 1 MIP starts provided solutions.
MIP start 'm1' defined initial solution with objective 309.8294.
Tried aggregator 1 time.
Reduced MIP has 10101 rows, 10101 columns, and 30100 nonzeros.
Reduced MIP has 100 binaries, 0 generals, 0 SOSs, and 0 indicators.
Presolve time = 0.01 sec. (9.72 ticks)
Probing time = 0.00 sec. (1.26 ticks)
Tried aggregator 1 time.
Reduced MIP has 10101 rows, 10101 columns, and 30100 nonzeros.
Reduced MIP has 100 binaries, 0 generals, 0 SOSs, and 0 indicators.
Presolve time = 0.01 sec. (9.55 ticks)
Probing time = 0.00 sec. (1.26 ticks)
MIP emphasis: balance optimality and feasibility.
MIP search method: dynamic search.
Parallel mode: none, using 1 thread.
Root relaxation solution time = 0.00 sec. (3.91 ticks)

        Nodes                                         Cuts/
   Node  Left     Objective  IInf  Best Integer    Best Bound    ItCnt     Gap

*     0+    0                          309.8294      558.0000            80.10%
      0     0      319.2549    12      309.8294      558.0000        0   80.10%
*     0+    0                          317.1302      319.2549             0.67%
      0     2      319.2549    12      317.1302      319.2531        0    0.67%
Elapsed time = 3.81 sec. (409.38 ticks, tree = 0.01 MB, solutions = 2)
*     4     4      integral     0      317.6200      318.7190      338    0.35%
*     5     3      integral     0      317.7692      318.7190      359    0.30%
*    10     1      integral     0      318.4188      318.6765      476    0.08%

User cuts applied:  3

Root node processing (before b&c):
  Real time             =    3.81 sec. (409.65 ticks)
Sequential b&c:
  Real time             =    0.96 sec. (203.63 ticks)
                          ------------
Total (root+branch&cut) =    4.77 sec. (613.28 ticks)
@Parameters: 
is_S_cut                                true
is_add_all_yinF                         true
is_start_value                          true
is_usercut                              true
is_visualization                        true
uc_only_rootnode                        false

data                                    Biesinger
fn                                      data/Biesinger/111_n100_std
mode                                    ZLP
solver                                  cplex

p                                       6
r                                       4

EPS                                     1.0e-06
EPS_vio                                 1.0e-04
beta                                    0.10
gap                                     0.00
nodelimit                               Inf
timelimit                               7200.00

Solution X: [13, 40, 42, 52, 86, 96]
Solution Y: [58, 59, 74, 89]

leader_capture_demand: [50.190064436443265, 61.37165829730053, 68.76011253417666, 47.87124149426491, 44.611531137104365, 45.61415397627847]
follower_capture_demand: [48.41783012595631, 62.638303095545204, 70.69150081343257, 57.83360408949773]

========== Summary ==========
Total Demand: 558
Total Leader Captured: 318.4187618755682
Total Follower Captured: 239.58123812443182

@PrintInfos
ItCnt: 507
Current gap: 0.00 %
Termination Status: OPTIMAL
Primal Status: FEASIBLE_POINT
Solve Time: 4.77 sec
Objective Value: 318.418762
Number of Nodes:     12

CutInfo: [phase] num / time (sec) 
ZLP             [phase1]     0 / 0.00 [rLC]     4 / 1.37 [rUC]     2 / 0.22 [sLC]     0 / 0.14 [sUC]     1 / 0.58 
OldSubmodular   [phase1]     0 / 0.00 [rLC]     0 / 0.00 [rUC]     0 / 0.00 [sLC]     0 / 0.00 [sUC]     0 / 0.00 
NewSubmodular   [phase1]     0 / 0.00 [rLC]     0 / 0.00 [rUC]     0 / 0.00 [sLC]     0 / 0.00 [sUC]     0 / 0.00 
PMP             [phase1]     0 / 0.00 [rLC]     6 / 0.23 [rUC]     2 / 0.07 [sLC]     3 / 0.12 [sUC]    13 / 0.48 
Separation Round: [phase1] 0  [rLC] 6  [rUC] 2  [sLC] 3  [sUC] 13
Root Best Bound 318.719029
Root Best Integer: 317.130226
Best Bound: 318.418762
Best Integer: 318.418762

