Version identifier: 20.1.0.0 | 2020-11-10 | 9bedb6d68
CPXPARAM_Threads                                 1
CPXPARAM_TimeLimit                               7200
CPXPARAM_MIP_Tolerances_MIPGap                   0
Generic callback                                 0x60
1 of 1 MIP starts provided solutions.
MIP start 'm1' defined initial solution with objective 215.3769.
Tried aggregator 1 time.
Reduced MIP has 10101 rows, 10101 columns, and 30100 nonzeros.
Reduced MIP has 100 binaries, 0 generals, 0 SOSs, and 0 indicators.
Presolve time = 0.01 sec. (9.72 ticks)
Probing time = 0.00 sec. (1.26 ticks)
Tried aggregator 1 time.
Reduced MIP has 10101 rows, 10101 columns, and 30100 nonzeros.
Reduced MIP has 100 binaries, 0 generals, 0 SOSs, and 0 indicators.
Presolve time = 0.01 sec. (9.55 ticks)
Probing time = 0.00 sec. (1.26 ticks)
MIP emphasis: balance optimality and feasibility.
MIP search method: dynamic search.
Parallel mode: none, using 1 thread.
Root relaxation solution time = 0.00 sec. (3.90 ticks)

        Nodes                                         Cuts/
   Node  Left     Objective  IInf  Best Integer    Best Bound    ItCnt     Gap

*     0+    0                          215.3769      558.0000           159.08%
      0     0      219.5643     8      215.3769      558.0000        0  159.08%
*     0+    0                          219.4441      219.5643             0.05%
      0     2      219.5643     8      219.4441      219.5642        0    0.05%
Elapsed time = 4.01 sec. (381.17 ticks, tree = 0.01 MB, solutions = 2)

User cuts applied:  2

Root node processing (before b&c):
  Real time             =    4.01 sec. (381.21 ticks)
Sequential b&c:
  Real time             =    0.02 sec. (19.07 ticks)
                          ------------
Total (root+branch&cut) =    4.03 sec. (400.28 ticks)
@Parameters: 
is_S_cut                                true
is_add_all_yinF                         true
is_start_value                          true
is_usercut                              true
is_visualization                        true
uc_only_rootnode                        false

data                                    Biesinger
fn                                      data/Biesinger/111_n100_std
mode                                    ZLP
solver                                  cplex

p                                       5
r                                       9

EPS                                     1.0e-06
EPS_vio                                 1.0e-04
beta                                    0.10
gap                                     0.00
nodelimit                               Inf
timelimit                               7200.00

Solution X: [19, 31, 58, 68, 89]
Solution Y: [19, 24, 27, 31, 39, 52, 58, 68, 78]

leader_capture_demand: [27.412707890043304, 54.33349213977298, 45.00456109792749, 52.49298386098329, 40.200359511513504]
follower_capture_demand: [25.5, 38.62385688512269, 35.918848081087035, 45.5, 35.34618837514241, 44.89098317926753, 30.0, 43.5, 39.27601897913976]

========== Summary ==========
Total Demand: 558
Total Leader Captured: 219.44410450024057
Total Follower Captured: 338.5558954997594

@PrintInfos
ItCnt: 69
Current gap: 0.00 %
Termination Status: OPTIMAL
Primal Status: FEASIBLE_POINT
Solve Time: 4.03 sec
Objective Value: 219.444105
Number of Nodes:      3

CutInfo: [phase] num / time (sec) 
ZLP             [phase1]     0 / 0.00 [rLC]     4 / 1.46 [rUC]     2 / 0.25 [sLC]     0 / 0.00 [sUC]     0 / 0.00 
OldSubmodular   [phase1]     0 / 0.00 [rLC]     0 / 0.00 [rUC]     0 / 0.00 [sLC]     0 / 0.00 [sUC]     0 / 0.00 
NewSubmodular   [phase1]     0 / 0.00 [rLC]     0 / 0.00 [rUC]     0 / 0.00 [sLC]     0 / 0.00 [sUC]     0 / 0.00 
PMP             [phase1]     0 / 0.00 [rLC]     6 / 0.24 [rUC]     2 / 0.09 [sLC]     0 / 0.00 [sUC]     0 / 0.00 
Separation Round: [phase1] 0  [rLC] 6  [rUC] 2  [sLC] 0  [sUC] 0
Root Best Bound 219.444105
Root Best Integer: 219.444105
Best Bound: 219.444105
Best Integer: 219.444105

