Version identifier: 20.1.0.0 | 2020-11-10 | 9bedb6d68
CPXPARAM_Threads                                 1
CPXPARAM_TimeLimit                               7200
CPXPARAM_MIP_Tolerances_MIPGap                   0
Generic callback                                 0x60
1 of 1 MIP starts provided solutions.
MIP start 'm1' defined initial solution with objective 255.3520.
Tried aggregator 1 time.
Reduced MIP has 10101 rows, 10101 columns, and 30100 nonzeros.
Reduced MIP has 100 binaries, 0 generals, 0 SOSs, and 0 indicators.
Presolve time = 0.01 sec. (9.72 ticks)
Probing time = 0.00 sec. (1.26 ticks)
Tried aggregator 1 time.
Reduced MIP has 10101 rows, 10101 columns, and 30100 nonzeros.
Reduced MIP has 100 binaries, 0 generals, 0 SOSs, and 0 indicators.
Presolve time = 0.01 sec. (9.55 ticks)
Probing time = 0.00 sec. (1.26 ticks)
MIP emphasis: balance optimality and feasibility.
MIP search method: dynamic search.
Parallel mode: none, using 1 thread.
Root relaxation solution time = 0.00 sec. (3.90 ticks)

        Nodes                                         Cuts/
   Node  Left     Objective  IInf  Best Integer    Best Bound    ItCnt     Gap

*     0+    0                          255.3520      558.0000           118.52%
      0     0      259.5637    10      255.3520      558.0000        0  118.52%
      0     0      259.5353    13      255.3520      Fract: 5       35    1.64%
*     0+    0                          259.4286      259.5353             0.04%
      0     2      259.5353    13      259.4286      259.5348       35    0.04%
Elapsed time = 4.03 sec. (530.77 ticks, tree = 0.01 MB, solutions = 2)

Gomory fractional cuts applied:  1
User cuts applied:  2

Root node processing (before b&c):
  Real time             =    4.03 sec. (530.85 ticks)
Sequential b&c:
  Real time             =    0.01 sec. (11.49 ticks)
                          ------------
Total (root+branch&cut) =    4.04 sec. (542.34 ticks)
@Parameters: 
is_S_cut                                true
is_add_all_yinF                         true
is_start_value                          true
is_usercut                              true
is_visualization                        true
uc_only_rootnode                        false

data                                    Biesinger
fn                                      data/Biesinger/111_n100_std
mode                                    ZLP
solver                                  cplex

p                                       5
r                                       6

EPS                                     1.0e-06
EPS_vio                                 1.0e-04
beta                                    0.10
gap                                     0.00
nodelimit                               Inf
timelimit                               7200.00

Solution X: [52, 59, 74, 89, 96]
Solution Y: [13, 40, 42, 52, 86, 96]

leader_capture_demand: [27.0, 62.638303095545204, 70.69150081343257, 54.66811078450046, 44.43070277647095]
follower_capture_demand: [50.190064436443265, 61.37165829730055, 68.68505669657424, 29.713071962628394, 44.611531137104365, 44.0]

========== Summary ==========
Total Demand: 558
Total Leader Captured: 259.42861746994924
Total Follower Captured: 298.5713825300508

@PrintInfos
ItCnt: 61
Current gap: 0.00 %
Termination Status: OPTIMAL
Primal Status: FEASIBLE_POINT
Solve Time: 4.04 sec
Objective Value: 259.428617
Number of Nodes:      3

CutInfo: [phase] num / time (sec) 
ZLP             [phase1]     0 / 0.00 [rLC]     4 / 1.38 [rUC]     0 / 0.35 [sLC]     0 / 0.00 [sUC]     0 / 0.00 
OldSubmodular   [phase1]     0 / 0.00 [rLC]     0 / 0.00 [rUC]     0 / 0.00 [sLC]     0 / 0.00 [sUC]     0 / 0.00 
NewSubmodular   [phase1]     0 / 0.00 [rLC]     0 / 0.00 [rUC]     0 / 0.00 [sLC]     0 / 0.00 [sUC]     0 / 0.00 
PMP             [phase1]     0 / 0.00 [rLC]     6 / 0.25 [rUC]     4 / 0.17 [sLC]     0 / 0.00 [sUC]     0 / 0.00 
Separation Round: [phase1] 0  [rLC] 6  [rUC] 4  [sLC] 0  [sUC] 0
Root Best Bound 259.428617
Root Best Integer: 259.428617
Best Bound: 259.428617
Best Integer: 259.428617

