Version identifier: 20.1.0.0 | 2020-11-10 | 9bedb6d68
CPXPARAM_Threads                                 1
CPXPARAM_TimeLimit                               7200
CPXPARAM_MIP_Tolerances_MIPGap                   0
Generic callback                                 0x60
1 of 1 MIP starts provided solutions.
MIP start 'm1' defined initial solution with objective 394.1407.
Tried aggregator 1 time.
Reduced MIP has 10101 rows, 10101 columns, and 30100 nonzeros.
Reduced MIP has 100 binaries, 0 generals, 0 SOSs, and 0 indicators.
Presolve time = 0.01 sec. (9.72 ticks)
Probing time = 0.00 sec. (1.26 ticks)
Tried aggregator 1 time.
Reduced MIP has 10101 rows, 10101 columns, and 30100 nonzeros.
Reduced MIP has 100 binaries, 0 generals, 0 SOSs, and 0 indicators.
Presolve time = 0.01 sec. (9.55 ticks)
Probing time = 0.00 sec. (1.26 ticks)
MIP emphasis: balance optimality and feasibility.
MIP search method: dynamic search.
Parallel mode: none, using 1 thread.
Root relaxation solution time = 0.00 sec. (3.91 ticks)

        Nodes                                         Cuts/
   Node  Left     Objective  IInf  Best Integer    Best Bound    ItCnt     Gap

*     0+    0                          394.1407      558.0000            41.57%
      0     0      419.4093     2      394.1407      558.0000        0   41.57%
*     0+    0                          399.7864      419.4093             4.91%
*     0+    0                          404.7773      419.4093             3.61%
*     0+    0                          404.8555      419.4093             3.59%
      0     2      408.0579    18      404.8555      408.0573        0    0.79%
Elapsed time = 4.71 sec. (1257.15 ticks, tree = 0.01 MB, solutions = 4)
      3     5      407.5955    21      404.8555      407.7354      678    0.71%
     11     7        cutoff            404.8555      407.5955     1230    0.68%
     18    10      405.3648    11      404.8555      407.5932     1906    0.68%
     25    11      407.3778    24      404.8555      407.5126     2270    0.66%
     30    16      405.3711    18      404.8555      407.5126     3000    0.66%
     35    17      406.7324    23      404.8555      407.3778     3567    0.62%
     40    22      405.3694    12      404.8555      407.3778     4004    0.62%
     47    23        cutoff            404.8555      407.2086     4722    0.58%
     53    25      405.5831    19      404.8555      407.1248     5175    0.56%
*    69    13      integral     0      406.4075      406.8842     6422    0.12%
     93     5      406.5254    15      406.4075      406.6749     7359    0.07%
Elapsed time = 15.92 sec. (4741.18 ticks, tree = 0.02 MB, solutions = 5)

User cuts applied:  13

Root node processing (before b&c):
  Real time             =    4.71 sec. (1257.66 ticks)
Sequential b&c:
  Real time             =   11.26 sec. (3538.96 ticks)
                          ------------
Total (root+branch&cut) =   15.97 sec. (4796.63 ticks)
@Parameters: 
is_S_cut                                true
is_add_all_yinF                         true
is_start_value                          true
is_usercut                              true
is_visualization                        true
uc_only_rootnode                        false

data                                    Biesinger
fn                                      data/Biesinger/111_n100_std
mode                                    ZLP
solver                                  cplex

p                                       6
r                                       2

EPS                                     1.0e-06
EPS_vio                                 1.0e-04
beta                                    0.10
gap                                     0.00
nodelimit                               Inf
timelimit                               7200.00

Solution X: [1, 23, 38, 66, 74, 97]
Solution Y: [9, 74]

leader_capture_demand: [94.48823363079057, 71.20407314897443, 67.63269536639739, 58.186366026054486, 61.5, 53.39612998082147]
follower_capture_demand: [69.62317859170663, 81.96932325525506]

========== Summary ==========
Total Demand: 558
Total Leader Captured: 406.4074981530383
Total Follower Captured: 151.59250184696168

@PrintInfos
ItCnt: 7449
Current gap: 0.00 %
Termination Status: OPTIMAL
Primal Status: FEASIBLE_POINT
Solve Time: 15.97 sec
Objective Value: 406.407498
Number of Nodes:     99

CutInfo: [phase] num / time (sec) 
ZLP             [phase1]     0 / 0.00 [rLC]     6 / 1.54 [rUC]     2 / 0.21 [sLC]     0 / 0.05 [sUC]     9 / 7.67 
OldSubmodular   [phase1]     0 / 0.00 [rLC]     0 / 0.00 [rUC]     0 / 0.00 [sLC]     0 / 0.00 [sUC]     0 / 0.00 
NewSubmodular   [phase1]     0 / 0.00 [rLC]     0 / 0.00 [rUC]     0 / 0.00 [sLC]     0 / 0.00 [sUC]     0 / 0.00 
PMP             [phase1]     0 / 0.00 [rLC]    10 / 0.40 [rUC]     2 / 0.07 [sLC]     1 / 0.05 [sUC]   123 / 6.54 
Separation Round: [phase1] 0  [rLC] 10  [rUC] 2  [sLC] 1  [sUC] 123
Root Best Bound 407.741562
Root Best Integer: 404.855519
Best Bound: 406.407498
Best Integer: 406.407498

