Version identifier: 20.1.0.0 | 2020-11-10 | 9bedb6d68
CPXPARAM_Threads                                 1
CPXPARAM_TimeLimit                               7200
CPXPARAM_MIP_Tolerances_MIPGap                   0
Generic callback                                 0x60
1 of 1 MIP starts provided solutions.
MIP start 'm1' defined initial solution with objective 342.5017.
Tried aggregator 1 time.
Reduced MIP has 10101 rows, 10101 columns, and 30100 nonzeros.
Reduced MIP has 100 binaries, 0 generals, 0 SOSs, and 0 indicators.
Presolve time = 0.01 sec. (9.72 ticks)
Probing time = 0.00 sec. (1.26 ticks)
Tried aggregator 1 time.
Reduced MIP has 10101 rows, 10101 columns, and 30100 nonzeros.
Reduced MIP has 100 binaries, 0 generals, 0 SOSs, and 0 indicators.
Presolve time = 0.01 sec. (9.55 ticks)
Probing time = 0.00 sec. (1.26 ticks)
MIP emphasis: balance optimality and feasibility.
MIP search method: dynamic search.
Parallel mode: none, using 1 thread.
Root relaxation solution time = 0.00 sec. (3.91 ticks)

        Nodes                                         Cuts/
   Node  Left     Objective  IInf  Best Integer    Best Bound    ItCnt     Gap

*     0+    0                          342.5017      558.0000            62.92%
      0     0      348.3437     6      342.5017      558.0000        0   62.92%
      0     0      347.8107    12      342.5017   LiftProj: 1       17    1.55%
      0     0      347.7515    12      342.5017   LiftProj: 1       32    1.53%
*     0+    0                          344.9289      347.7515             0.82%
*     0+    0                          345.8715      347.7515             0.54%
*     0+    0                          346.1270      347.7515             0.47%
      0     2      347.7515    12      346.1270      347.7481       32    0.47%
Elapsed time = 4.20 sec. (514.64 ticks, tree = 0.01 MB, solutions = 4)
*     4     4      integral     0      346.4496      346.8869      228    0.13%
*     6     2      integral     0      346.6384      346.8869      244    0.07%

Lift and project cuts applied:  2
User cuts applied:  4

Root node processing (before b&c):
  Real time             =    4.20 sec. (515.01 ticks)
Sequential b&c:
  Real time             =    0.62 sec. (102.71 ticks)
                          ------------
Total (root+branch&cut) =    4.82 sec. (617.72 ticks)
@Parameters: 
is_S_cut                                true
is_add_all_yinF                         true
is_start_value                          true
is_usercut                              true
is_visualization                        true
uc_only_rootnode                        false

data                                    Biesinger
fn                                      data/Biesinger/111_n100_std
mode                                    ZLP
solver                                  cplex

p                                       10
r                                       5

EPS                                     1.0e-06
EPS_vio                                 1.0e-04
beta                                    0.10
gap                                     0.00
nodelimit                               Inf
timelimit                               7200.00

Solution X: [6, 24, 27, 34, 39, 52, 58, 68, 74, 78]
Solution Y: [52, 59, 74, 89, 96]

leader_capture_demand: [41.07444830345891, 37.74494259039564, 31.91967058344266, 28.693694681018567, 35.93174016414344, 26.374882060757383, 32.21801484420838, 46.50013425791839, 28.0, 38.180897771402066]
follower_capture_demand: [26.855915504776878, 55.61194723109928, 49.49313142994897, 40.343925240959074, 39.05665533647035]

========== Summary ==========
Total Demand: 558
Total Leader Captured: 346.6384252567454
Total Follower Captured: 211.36157474325455

@PrintInfos
ItCnt: 290
Current gap: 0.00 %
Termination Status: OPTIMAL
Primal Status: FEASIBLE_POINT
Solve Time: 4.82 sec
Objective Value: 346.638425
Number of Nodes:     11

CutInfo: [phase] num / time (sec) 
ZLP             [phase1]     0 / 0.00 [rLC]     5 / 1.49 [rUC]     4 / 0.35 [sLC]     0 / 0.09 [sUC]     1 / 0.41 
OldSubmodular   [phase1]     0 / 0.00 [rLC]     0 / 0.00 [rUC]     0 / 0.00 [sLC]     0 / 0.00 [sUC]     0 / 0.00 
NewSubmodular   [phase1]     0 / 0.00 [rLC]     0 / 0.00 [rUC]     0 / 0.00 [sLC]     0 / 0.00 [sUC]     0 / 0.00 
PMP             [phase1]     0 / 0.00 [rLC]     9 / 0.37 [rUC]     4 / 0.16 [sLC]     2 / 0.07 [sUC]     9 / 0.34 
Separation Round: [phase1] 0  [rLC] 9  [rUC] 4  [sLC] 2  [sUC] 9
Root Best Bound 346.886907
Root Best Integer: 346.127039
Best Bound: 346.638425
Best Integer: 346.638425

