Version identifier: 20.1.0.0 | 2020-11-10 | 9bedb6d68
CPXPARAM_Threads                                 1
CPXPARAM_TimeLimit                               7200
CPXPARAM_MIP_Tolerances_MIPGap                   0
Generic callback                                 0x60
1 of 1 MIP starts provided solutions.
MIP start 'm1' defined initial solution with objective 239.9083.
Tried aggregator 1 time.
Reduced MIP has 1 rows, 101 columns, and 100 nonzeros.
Reduced MIP has 100 binaries, 0 generals, 0 SOSs, and 0 indicators.
Presolve time = 0.00 sec. (0.03 ticks)
Probing time = 0.00 sec. (0.01 ticks)
Tried aggregator 1 time.
Reduced MIP has 1 rows, 101 columns, and 100 nonzeros.
Reduced MIP has 100 binaries, 0 generals, 0 SOSs, and 0 indicators.
Presolve time = 0.00 sec. (0.03 ticks)
Probing time = 0.00 sec. (0.01 ticks)
MIP emphasis: balance optimality and feasibility.
MIP search method: dynamic search.
Parallel mode: none, using 1 thread.
Root relaxation solution time = 0.00 sec. (0.02 ticks)

        Nodes                                         Cuts/
   Node  Left     Objective  IInf  Best Integer    Best Bound    ItCnt     Gap

*     0+    0                          239.9083      558.0000           132.59%
      0     0      280.1932     2      239.9083      558.0000        0  132.59%
      0     0      272.3777     4      239.9083 UserPurge2: 1        4   13.53%
      0     0      268.0351     5      239.9083 UserPurge2: 1        9   11.72%
      0     0      260.5967     5      239.9083 UserPurge2: 1       22    8.62%
      0     0      256.5489     4      239.9083 UserPurge2: 1       28    6.94%
*     0+    0                          241.0367      256.5489             6.44%
      0     0      251.7826     3      241.0367 UserPurge2: 1       39    4.46%
      0     0      250.7367     5      241.0367 UserPurge1: 1       41    4.02%
*     0+    0                          241.3161      250.7367             3.90%
      0     0      249.5203     5      241.3161 UserPurge2: 1       47    3.40%
      0     0      248.4491     4      241.3161 UserPurge2: 1       50    2.96%
      0     0      246.0114     3      241.3161 UserPurge2: 1       54    1.95%

Repeating presolve.
Tried aggregator 1 time.
MIP Presolve eliminated 0 rows and 39 columns.
Reduced MIP has 1 rows, 62 columns, and 61 nonzeros.
Reduced MIP has 61 binaries, 0 generals, 0 SOSs, and 0 indicators.
Presolve time = 0.00 sec. (0.03 ticks)
Probing time = 0.00 sec. (0.01 ticks)
Tried aggregator 1 time.
Reduced MIP has 1 rows, 62 columns, and 61 nonzeros.
Reduced MIP has 61 binaries, 0 generals, 0 SOSs, and 0 indicators.
Presolve time = 0.00 sec. (0.02 ticks)
Represolve time = 0.00 sec. (0.34 ticks)
Probing time = 0.00 sec. (0.01 ticks)
MIP emphasis: balance optimality and feasibility.
MIP search method: dynamic search.
Parallel mode: none, using 1 thread.
Root relaxation solution time = 0.00 sec. (0.11 ticks)

        Nodes                                         Cuts/
   Node  Left     Objective  IInf  Best Integer    Best Bound    ItCnt     Gap

*     0+    0                          241.3161      246.0114             1.95%
      0     0      245.9864     4      241.3161      245.9864       67    1.94%
      0     0      245.7424     4      241.3161 UserPurge2: 1       70    1.83%
      0     0      245.6403     5      241.3161 UserPurge2: 1       71    1.79%
*     0+    0                          242.6670      245.6403             1.23%
      0     0      245.2505     5      242.6670 UserPurge2: 1       73    1.06%
      0     0      243.1589     5      242.6670 UserPurge2: 1       80    0.20%
      0     0      242.9926     5      242.6670 UserPurge2: 1       85    0.13%
      0     0      242.9298     5      242.6670 UserPurge2: 1       88    0.11%
      0     0      242.8627     5      242.6670 UserPurge2: 1       90    0.08%
      0     0      242.8073     4      242.6670 UserPurge2: 1       95    0.06%
      0     0        cutoff            242.6670                     98     --- 
Elapsed time = 3.71 sec. (4.10 ticks, tree = 0.01 MB, solutions = 4)

User cuts applied:  3

Root node processing (before b&c):
  Real time             =    3.71 sec. (4.11 ticks)
Sequential b&c:
  Real time             =    0.00 sec. (0.00 ticks)
                          ------------
Total (root+branch&cut) =    3.71 sec. (4.11 ticks)
@Parameters: 
is_S_cut                                true
is_add_all_yinF                         true
is_start_value                          true
is_usercut                              true
is_visualization                        false
uc_only_rootnode                        false

data                                    Biesinger
fn                                      data/Biesinger/111_n100_std
mode                                    NewSubmodular
solver                                  cplex

p                                       3
r                                       5

EPS                                     1.0e-06
EPS_vio                                 1.0e-04
beta                                    0.10
gap                                     0.00
nodelimit                               Inf
timelimit                               7200.00


@PrintInfos
ItCnt: 98
Current gap: 0.00 %
Termination Status: OPTIMAL
Primal Status: FEASIBLE_POINT
Solve Time: 3.71 sec
Objective Value: 242.666953
Number of Nodes:      0

CutInfo: [phase] num / time (sec) 
ZLP             [phase1]     0 / 0.00 [rLC]     0 / 0.00 [rUC]     0 / 0.00 [sLC]     0 / 0.00 [sUC]     0 / 0.00 
OldSubmodular   [phase1]     0 / 0.00 [rLC]     0 / 0.00 [rUC]     0 / 0.00 [sLC]     0 / 0.00 [sUC]     0 / 0.00 
NewSubmodular   [phase1]     0 / 0.00 [rLC]    23 / 1.55 [rUC]    58 / 0.14 [sLC]     0 / 0.00 [sUC]     0 / 0.00 
PMP             [phase1]     0 / 0.00 [rLC]     9 / 0.32 [rUC]     0 / 0.00 [sLC]     0 / 0.00 [sUC]     0 / 0.00 
Separation Round: [phase1] 0  [rLC] 21  [rUC] 18  [sLC] 0  [sUC] 0
Root Best Bound 242.666953
Root Best Integer: 242.666953
Best Bound: 242.666953
Best Integer: 242.666953

