Version identifier: 20.1.0.0 | 2020-11-10 | 9bedb6d68
CPXPARAM_Threads                                 1
CPXPARAM_TimeLimit                               7200
CPXPARAM_MIP_Tolerances_MIPGap                   0
Generic callback                                 0x60
1 of 1 MIP starts provided solutions.
MIP start 'm1' defined initial solution with objective 389.8438.
Tried aggregator 1 time.
Reduced MIP has 10101 rows, 10101 columns, and 30100 nonzeros.
Reduced MIP has 100 binaries, 0 generals, 0 SOSs, and 0 indicators.
Presolve time = 0.01 sec. (9.72 ticks)
Probing time = 0.00 sec. (1.26 ticks)
Tried aggregator 1 time.
Reduced MIP has 10101 rows, 10101 columns, and 30100 nonzeros.
Reduced MIP has 100 binaries, 0 generals, 0 SOSs, and 0 indicators.
Presolve time = 0.01 sec. (9.55 ticks)
Probing time = 0.00 sec. (1.26 ticks)
MIP emphasis: balance optimality and feasibility.
MIP search method: dynamic search.
Parallel mode: none, using 1 thread.
Root relaxation solution time = 0.00 sec. (3.91 ticks)

        Nodes                                         Cuts/
   Node  Left     Objective  IInf  Best Integer    Best Bound    ItCnt     Gap

*     0+    0                          389.8438      558.0000            43.13%
      0     0      394.6276     6      389.8438      558.0000        0   43.13%
*     0+    0                          392.4912      394.6276             0.54%
*     0+    0                          393.6357      394.6276             0.25%
      0     2      394.0515     4      393.6357      394.0502        0    0.11%
Elapsed time = 3.47 sec. (407.31 ticks, tree = 0.01 MB, solutions = 3)

User cuts applied:  5

Root node processing (before b&c):
  Real time             =    3.47 sec. (407.49 ticks)
Sequential b&c:
  Real time             =    0.60 sec. (121.53 ticks)
                          ------------
Total (root+branch&cut) =    4.07 sec. (529.02 ticks)
@Parameters: 
is_S_cut                                true
is_add_all_yinF                         true
is_start_value                          true
is_usercut                              true
is_visualization                        false
uc_only_rootnode                        false

data                                    Biesinger
fn                                      data/Biesinger/111_n100_std
mode                                    ZLP
solver                                  cplex

p                                       10
r                                       2

EPS                                     1.0e-06
EPS_vio                                 1.0e-04
beta                                    0.10
gap                                     0.00
nodelimit                               Inf
timelimit                               7200.00


@PrintInfos
ItCnt: 280
Current gap: 0.00 %
Termination Status: OPTIMAL
Primal Status: FEASIBLE_POINT
Solve Time: 4.07 sec
Objective Value: 393.635694
Number of Nodes:     11

CutInfo: [phase] num / time (sec) 
ZLP             [phase1]     0 / 0.00 [rLC]     5 / 1.21 [rUC]     2 / 0.22 [sLC]     0 / 0.00 [sUC]     1 / 0.45 
OldSubmodular   [phase1]     0 / 0.00 [rLC]     0 / 0.00 [rUC]     0 / 0.00 [sLC]     0 / 0.00 [sUC]     0 / 0.00 
NewSubmodular   [phase1]     0 / 0.00 [rLC]     0 / 0.00 [rUC]     0 / 0.00 [sLC]     0 / 0.00 [sUC]     0 / 0.00 
PMP             [phase1]     0 / 0.00 [rLC]     8 / 0.32 [rUC]     2 / 0.08 [sLC]     0 / 0.00 [sUC]     9 / 0.41 
Separation Round: [phase1] 0  [rLC] 8  [rUC] 2  [sLC] 0  [sUC] 9
Root Best Bound 394.036635
Root Best Integer: 393.635694
Best Bound: 393.635694
Best Integer: 393.635694

