Version identifier: 20.1.0.0 | 2020-11-10 | 9bedb6d68
CPXPARAM_Threads                                 1
CPXPARAM_TimeLimit                               7200
CPXPARAM_MIP_Tolerances_MIPGap                   0
Generic callback                                 0x60
1 of 1 MIP starts provided solutions.
MIP start 'm1' defined initial solution with objective 239.9083.
Tried aggregator 1 time.
Reduced MIP has 1 rows, 101 columns, and 100 nonzeros.
Reduced MIP has 100 binaries, 0 generals, 0 SOSs, and 0 indicators.
Presolve time = 0.00 sec. (0.03 ticks)
Probing time = 0.00 sec. (0.01 ticks)
Tried aggregator 1 time.
Reduced MIP has 1 rows, 101 columns, and 100 nonzeros.
Reduced MIP has 100 binaries, 0 generals, 0 SOSs, and 0 indicators.
Presolve time = 0.00 sec. (0.03 ticks)
Probing time = 0.00 sec. (0.01 ticks)
MIP emphasis: balance optimality and feasibility.
MIP search method: dynamic search.
Parallel mode: none, using 1 thread.
Root relaxation solution time = 0.00 sec. (0.02 ticks)

        Nodes                                         Cuts/
   Node  Left     Objective  IInf  Best Integer    Best Bound    ItCnt     Gap

*     0+    0                          239.9083      558.0000           132.59%
      0     0      280.1932     2      239.9083      558.0000        0  132.59%
      0     0      272.9190     4      239.9083      Fract: 1        4   13.76%
*     0+    0                          240.6438      272.9190            13.41%
      0     2      269.7129     9      240.6438      269.7081        4   12.08%
Elapsed time = 2.88 sec. (2.28 ticks, tree = 0.01 MB, solutions = 2)
*    15     9      integral     0      240.8141      269.0883       61   11.74%

Performing restart 1

Repeating presolve.
Tried aggregator 1 time.
Reduced MIP has 1 rows, 101 columns, and 100 nonzeros.
Reduced MIP has 100 binaries, 0 generals, 0 SOSs, and 0 indicators.
Presolve time = 0.00 sec. (0.03 ticks)
Tried aggregator 1 time.
Reduced MIP has 1 rows, 101 columns, and 100 nonzeros.
Reduced MIP has 100 binaries, 0 generals, 0 SOSs, and 0 indicators.
Presolve time = 0.00 sec. (0.03 ticks)
Represolve time = 0.00 sec. (1.99 ticks)
*   496+    0                          241.3161      267.0529            10.67%
    704   144      263.1291     4      241.3161      265.8941     2134   10.19%
   1146   520      258.5679     7      241.3161      265.3214     3569    9.95%
   1657   945      241.8768     5      241.3161      264.2890     4797    9.52%
   2076  1298      242.9881     0      241.3161      263.7238     5893    9.29%
   2416  1586      250.0421     5      241.3161      263.0925     6852    9.02%
   2758  1862      252.3007     3      241.3161      262.5106     7527    8.78%
   3094  2150      244.2924     2      241.3161      262.3395     8260    8.71%
   3376  2381      245.4448     5      241.3161      262.1571     8986    8.64%
   3666  2624      248.8156     3      241.3161      261.8998     9658    8.53%
   4777  3538        cutoff            241.3161      261.2882    12426    8.28%
Elapsed time = 11.04 sec. (3118.21 ticks, tree = 18.42 MB, solutions = 4)
   6096  4614      248.9435     4      241.3161      260.6376    15672    8.01%
   7290  5565      245.7847     5      241.3161      260.0078    18599    7.75%
   8410  6459      248.2754     3      241.3161      259.7282    21348    7.63%
   9457  7289        cutoff            241.3161      259.1598    23894    7.39%
  10416  8030      243.2217     3      241.3161      258.8123    26219    7.25%
* 10832  8189      integral     0      241.9275      258.6838    27282    6.93%
  10932  8275      252.5084     5      241.9275      258.6311    27554    6.90%
  11804  8945      251.3474     4      241.9275      258.2939    29619    6.76%
  12680  9645      249.2329     3      241.9275      258.0061    31833    6.65%
  13557 10301      245.4686     4      241.9275      257.6625    33951    6.50%
  14408 10957      244.7230     3      241.9275      257.3698    35985    6.38%
Elapsed time = 27.27 sec. (12881.82 ticks, tree = 97.24 MB, solutions = 5)
  15229 11624      244.2466     4      241.9275      257.1185    37879    6.28%
* 15612 11869      integral     0      242.0351      257.0105    38882    6.19%
  16074 12251      245.2279     3      242.0351      256.8692    40111    6.13%
  16810 12801      248.2167     5      242.0351      256.6727    41907    6.05%
  17565 13370      247.4822     4      242.0351      256.3932    43864    5.93%
  18324 13959        cutoff            242.0351      256.1752    45975    5.84%
  18974 14421      245.4738     5      242.0351      255.8799    47719    5.72%
  19577 14844      248.6667     4      242.0351      255.6090    49469    5.61%
  20238 15322        cutoff            242.0351      255.3354    51163    5.50%
  20847 15759      245.5684     4      242.0351      255.1124    52858    5.40%
  21462 16164      248.1820     5      242.0351      254.9043    54488    5.32%
Elapsed time = 40.18 sec. (22430.31 ticks, tree = 167.89 MB, solutions = 6)
  22034 16518      244.6844     3      242.0351      254.6610    56056    5.22%
  22556 16842      244.3313     4      242.0351      254.4045    57535    5.11%
* 22798 16214      integral     0      242.6670      254.2828    58339    4.79%
  23082 16371        cutoff            242.6670      254.0428    59155    4.69%
  23522 16560      247.4916     4      242.6670      253.7808    60484    4.58%
  24036 16807      246.3299     4      242.6670      253.4864    61978    4.46%
  24445 16948      246.6303     5      242.6670      253.1774    63318    4.33%
  24854 17114      248.2531     5      242.6670      252.9097    64586    4.22%
  25269 17268      244.5624     4      242.6670      252.6603    65898    4.12%
  25695 17424        cutoff            242.6670      252.4142    67303    4.02%
  26096 17528      244.2309     4      242.6670      252.1453    68688    3.91%
Elapsed time = 49.48 sec. (31993.70 ticks, tree = 197.15 MB, solutions = 7)
  26480 17579        cutoff            242.6670      251.8761    69922    3.79%
  26847 17622        cutoff            242.6670      251.6127    71142    3.69%
  27237 17711      244.8248     3      242.6670      251.4262    72451    3.61%
  27548 17671      247.2719     4      242.6670      251.2099    73590    3.52%
  27875 17644        cutoff            242.6670      251.0055    74760    3.44%
  28187 17633      247.1156     5      242.6670      250.8275    75820    3.36%
  28533 17638        cutoff            242.6670      250.6595    76953    3.29%
  28849 17601        cutoff            242.6670      250.4839    78044    3.22%
  29142 17513        cutoff            242.6670      250.2660    79060    3.13%
  29454 17427      247.8710     6      242.6670      250.0637    80105    3.05%
Elapsed time = 56.32 sec. (41556.94 ticks, tree = 206.64 MB, solutions = 7)
  29774 17319        cutoff            242.6670      249.8808    81084    2.97%
  30065 17142        cutoff            242.6670      249.6761    82024    2.89%
  30352 16956        cutoff            242.6670      249.4770    82940    2.81%
  30671 16877      243.1285     3      242.6670      249.3457    83875    2.75%
  30950 16674        cutoff            242.6670      249.1741    84808    2.68%
  31235 16473      245.7019     2      242.6670      249.0213    85694    2.62%
  31502 16275        cutoff            242.6670      248.8733    86554    2.56%
  31767 16092        cutoff            242.6670      248.7279    87427    2.50%
  32039 15917        cutoff            242.6670      248.5946    88281    2.44%
  32293 15721        cutoff            242.6670      248.4714    89131    2.39%
Elapsed time = 61.24 sec. (51111.86 ticks, tree = 193.19 MB, solutions = 7)
  32579 15515      244.2173     3      242.6670      248.3411    89976    2.34%
  32841 15318        cutoff            242.6670      248.2204    90759    2.29%
  33105 15106        cutoff            242.6670      248.0940    91526    2.24%
  33375 14875        cutoff            242.6670      247.9512    92298    2.18%
  33644 14675        cutoff            242.6670      247.8337    93070    2.13%
  33908 14440        cutoff            242.6670      247.7124    93836    2.08%
  34170 14228        cutoff            242.6670      247.6095    94601    2.04%
  34416 14025        cutoff            242.6670      247.5189    95293    2.00%
  34679 13780        cutoff            242.6670      247.4145    96028    1.96%
  34936 13541        cutoff            242.6670      247.3092    96728    1.91%
Elapsed time = 65.51 sec. (60673.58 ticks, tree = 170.51 MB, solutions = 7)
  35189 13308        cutoff            242.6670      247.2052    97425    1.87%
  35427 13117        cutoff            242.6670      247.1304    98174    1.84%
  35683 12883      244.0086     6      242.6670      247.0364    98867    1.80%
  35941 12642        cutoff            242.6670      246.9381    99561    1.76%
  36194 12434        cutoff            242.6670      246.8468   100265    1.72%
  36447 12199        cutoff            242.6670      246.7623   100984    1.69%
  36691 11968      243.4664     5      242.6670      246.6810   101654    1.65%
  36943 11760      243.4700     3      242.6670      246.6028   102364    1.62%
  37188 11529        cutoff            242.6670      246.5227   103021    1.59%
  37431 11300        cutoff            242.6670      246.4387   103654    1.55%
Elapsed time = 69.44 sec. (70238.22 ticks, tree = 145.15 MB, solutions = 7)
  37667 11086        cutoff            242.6670      246.3485   104299    1.52%
  37930 10830        cutoff            242.6670      246.2588   104951    1.48%
  38181 10589        cutoff            242.6670      246.1738   105580    1.45%
  38433 10349        cutoff            242.6670      246.0987   106159    1.41%
  38689 10115        cutoff            242.6670      246.0126   106772    1.38%
  38932  9880        cutoff            242.6670      245.9382   107382    1.35%
  39180  9640        cutoff            242.6670      245.8604   107984    1.32%
  39428  9405        cutoff            242.6670      245.7806   108588    1.28%
  39669  9172        cutoff            242.6670      245.7131   109203    1.26%
  39923  8926        cutoff            242.6670      245.6331   109818    1.22%
Elapsed time = 73.21 sec. (79801.56 ticks, tree = 116.50 MB, solutions = 7)
  40171  8693        cutoff            242.6670      245.5555   110390    1.19%
  40425  8454        cutoff            242.6670      245.4837   110982    1.16%
  40664  8219        cutoff            242.6670      245.4037   111544    1.13%
  40908  7980        cutoff            242.6670      245.3317   112103    1.10%
  41156  7741        cutoff            242.6670      245.2614   112662    1.07%
  41405  7504        cutoff            242.6670      245.1943   113206    1.04%
  41659  7251        cutoff            242.6670      245.1182   113768    1.01%
  41916  7000        cutoff            242.6670      245.0374   114335    0.98%
  42154  6763        cutoff            242.6670      244.9592   114866    0.94%
  43152  5779        cutoff            242.6670      244.6742   116998    0.83%
Elapsed time = 77.83 sec. (92223.79 ticks, tree = 76.76 MB, solutions = 7)
  44148  4797        cutoff            242.6670      244.3904   119009    0.71%
  45130  3823        cutoff            242.6670      244.0935   120952    0.59%
  46131  2824        cutoff            242.6670      243.7956   122806    0.47%
  47120  1837        cutoff            242.6670      243.4592   124561    0.33%
  48119   839        cutoff            242.6670      243.0662   126219    0.16%

User cuts applied:  2854

Root node processing (before b&c):
  Real time             =    2.88 sec. (3.11 ticks)
Sequential b&c:
  Real time             =   82.67 sec. (114424.21 ticks)
                          ------------
Total (root+branch&cut) =   85.55 sec. (114427.31 ticks)
@Parameters: 
is_S_cut                                true
is_add_all_yinF                         true
is_start_value                          true
is_usercut                              true
is_visualization                        false
uc_only_rootnode                        false

data                                    Biesinger
fn                                      data/Biesinger/111_n100_std
mode                                    OldSubmodular
solver                                  cplex

p                                       3
r                                       5

EPS                                     1.0e-06
EPS_vio                                 1.0e-04
beta                                    0.10
gap                                     0.00
nodelimit                               Inf
timelimit                               7200.00


@PrintInfos
ItCnt: 127480
Current gap: 0.00 %
Termination Status: OPTIMAL
Primal Status: FEASIBLE_POINT
Solve Time: 85.55 sec
Objective Value: 242.666953
Number of Nodes:  48959

CutInfo: [phase] num / time (sec) 
ZLP             [phase1]     0 / 0.00 [rLC]     0 / 0.00 [rUC]     0 / 0.00 [sLC]     0 / 0.00 [sUC]     0 / 0.00 
OldSubmodular   [phase1]     0 / 0.00 [rLC]    19 / 0.91 [rUC]     0 / 0.14 [sLC]  3009 / 3.65 [sUC]     0 / 26.91 
NewSubmodular   [phase1]     0 / 0.00 [rLC]     0 / 0.00 [rUC]     0 / 0.00 [sLC]     0 / 0.00 [sUC]     0 / 0.00 
PMP             [phase1]     0 / 0.00 [rLC]     4 / 0.14 [rUC]     0 / 0.00 [sLC]     6 / 0.19 [sUC]     0 / 0.00 
Separation Round: [phase1] 0  [rLC] 15  [rUC] 3  [sLC] 1037  [sUC] 55564
Root Best Bound 269.411167
Root Best Integer: 240.643782
Best Bound: 242.666953
Best Integer: 242.666953

