Version identifier: 20.1.0.0 | 2020-11-10 | 9bedb6d68
CPXPARAM_Threads                                 1
CPXPARAM_TimeLimit                               7200
CPXPARAM_MIP_Tolerances_MIPGap                   0
Generic callback                                 0x60
1 of 1 MIP starts provided solutions.
MIP start 'm1' defined initial solution with objective 364.9547.
Tried aggregator 1 time.
Reduced MIP has 1 rows, 101 columns, and 100 nonzeros.
Reduced MIP has 100 binaries, 0 generals, 0 SOSs, and 0 indicators.
Presolve time = 0.00 sec. (0.03 ticks)
Probing time = 0.00 sec. (0.01 ticks)
Tried aggregator 1 time.
Reduced MIP has 1 rows, 101 columns, and 100 nonzeros.
Reduced MIP has 100 binaries, 0 generals, 0 SOSs, and 0 indicators.
Presolve time = 0.00 sec. (0.03 ticks)
Probing time = 0.00 sec. (0.01 ticks)
MIP emphasis: balance optimality and feasibility.
MIP search method: dynamic search.
Parallel mode: none, using 1 thread.
Root relaxation solution time = 0.00 sec. (0.02 ticks)

        Nodes                                         Cuts/
   Node  Left     Objective  IInf  Best Integer    Best Bound    ItCnt     Gap

*     0+    0                          364.9547      558.0000            52.90%
      0     0      432.5282     2      364.9547      558.0000        0   52.90%
      0     0      411.1325     4      364.9547 UserPurge2: 1        8   12.65%
      0     0      401.6618     5      364.9547 UserPurge2: 1       17   10.06%
      0     0      394.3244     7      364.9547 UserPurge2: 1       34    8.05%
      0     0      392.4130     8      364.9547 UserPurge2: 1       45    7.52%
      0     0      390.5578     9      364.9547 UserPurge2: 1       59    7.02%
      0     0      388.4877    10      364.9547 UserPurge2: 1       71    6.45%
      0     0      387.2484     9      364.9547 UserPurge2: 1       80    6.11%
      0     0      386.2613     9      364.9547 UserPurge1: 1       84    5.84%
      0     0      384.9594    10      364.9547 UserPurge2: 1       92    5.48%
      0     0      384.0589     9      364.9547 UserPurge2: 1       99    5.23%
      0     0      383.3509    10      364.9547 UserPurge1: 2      102    5.04%
      0     0      382.5808     8      364.9547 UserPurge2: 1      110    4.83%
      0     0      381.6156     9      364.9547 UserPurge2: 1      118    4.57%
      0     0      381.2791    11      364.9547 UserPurge1: 1      119    4.47%
      0     0      381.2171    12      364.9547 UserPurge1: 1      120    4.46%
      0     0      380.5637    11      364.9547 UserPurge2: 1      135    4.28%
      0     0      378.3034    10      364.9547 UserPurge2: 1      142    3.66%
      0     0      377.4768     9      364.9547 UserPurge2: 1      152    3.43%
      0     0      376.9346     9      364.9547 UserPurge2: 1      162    3.28%
      0     0      376.5452    10      364.9547 UserPurge2: 1      170    3.18%
      0     0      375.5866    10      364.9547 UserPurge2: 1      181    2.91%
      0     0      375.2961    10      364.9547 UserPurge2: 1      189    2.83%
      0     0      375.2023    11      364.9547 UserPurge2: 1      198    2.81%
      0     0      374.3801     9      364.9547 UserPurge2: 1      210    2.58%
      0     0      374.2621    10      364.9547 UserPurge2: 1      214    2.55%
      0     0      374.0814    10      364.9547 UserPurge2: 1      217    2.50%
      0     0      374.0102    11      364.9547 UserPurge2: 1      220    2.48%
      0     0      373.9342    12      364.9547 UserPurge2: 1      226    2.46%
      0     0      373.2243     9      364.9547 UserPurge2: 1      237    2.27%
      0     0      373.0288    10      364.9547 UserPurge2: 1      244    2.21%
      0     0      372.8216    11      364.9547 UserPurge2: 1      251    2.16%
      0     0      372.7804    12      364.9547 UserPurge2: 1      255    2.14%
      0     0      372.7513    13      364.9547 UserPurge2: 1      258    2.14%
      0     0      372.7249    14      364.9547 UserPurge2: 1      263    2.13%
      0     0      372.0571    12      364.9547 UserPurge2: 1      271    1.95%
      0     0      371.6207    10      364.9547 UserPurge2: 1      278    1.83%
      0     0      371.5035    10      364.9547 UserPurge2: 1      284    1.79%
      0     0      371.3665    11      364.9547 UserPurge2: 1      286    1.76%
      0     0      370.9332    10      364.9547 UserPurge2: 1      296    1.64%
*     0+    0                          367.3187      370.9332             0.98%
      0     0      370.8383    11      367.3187 UserPurge2: 1      299    0.96%
      0     0      370.8030    12      367.3187 UserPurge2: 1      301    0.95%
      0     0      370.7824    12      367.3187 UserPurge2: 1      303    0.94%
      0     0      370.6167    11      367.3187 UserPurge2: 1      311    0.90%
      0     0      370.5816    12      367.3187 UserPurge2: 1      314    0.89%
      0     0      370.5706    12      367.3187 UserPurge2: 1      318    0.89%
      0     0      370.5077    13      367.3187 UserPurge2: 1      324    0.87%
      0     0      370.4556    12      367.3187 UserPurge2: 1      329    0.85%
      0     0      370.3214    13      367.3187 UserPurge2: 1      338    0.82%
      0     0      370.1006    11      367.3187 UserPurge2: 1      348    0.76%
      0     0      370.0913    11      367.3187 UserPurge2: 1      351    0.75%
      0     0      370.0839    12      367.3187 UserPurge2: 1      354    0.75%
*     0+    0                          368.3999      370.0839             0.46%

Repeating presolve.
Tried aggregator 1 time.
MIP Presolve eliminated 0 rows and 32 columns.
Reduced MIP has 1 rows, 69 columns, and 68 nonzeros.
Reduced MIP has 68 binaries, 0 generals, 0 SOSs, and 0 indicators.
Presolve time = 0.00 sec. (0.03 ticks)
Probing time = 0.00 sec. (0.01 ticks)
Tried aggregator 1 time.
Reduced MIP has 1 rows, 69 columns, and 68 nonzeros.
Reduced MIP has 68 binaries, 0 generals, 0 SOSs, and 0 indicators.
Presolve time = 0.00 sec. (0.02 ticks)
Represolve time = 0.00 sec. (0.80 ticks)
Probing time = 0.00 sec. (0.01 ticks)
MIP emphasis: balance optimality and feasibility.
MIP search method: dynamic search.
Parallel mode: none, using 1 thread.
Root relaxation solution time = 0.00 sec. (0.30 ticks)

        Nodes                                         Cuts/
   Node  Left     Objective  IInf  Best Integer    Best Bound    ItCnt     Gap

*     0+    0                          368.3999      370.0839             0.46%
      0     0      370.0839    12      368.3999      370.0839      378    0.46%
      0     0      370.0485    13      368.3999 UserPurge2: 1      380    0.45%
      0     0      369.9994    13      368.3999 UserPurge2: 1      387    0.43%
      0     0      369.9915    12      368.3999 UserPurge2: 1      391    0.43%
*     0+    0                          368.4373      369.9915             0.42%
      0     0      369.9782    13      368.4373 UserPurge2: 1      394    0.42%
      0     0      369.9586    13      368.4373 UserPurge2: 1      402    0.41%
      0     0      369.9388    12      368.4373 UserPurge2: 1      407    0.41%
      0     0      369.9366    13      368.4373 UserPurge2: 1      410    0.41%
      0     0      369.9186    14      368.4373 UserPurge2: 1      417    0.40%
      0     0      369.8932    14      368.4373 UserPurge2: 1      419    0.40%
      0     0      369.8874    15      368.4373 UserPurge2: 1      421    0.39%
      0     0      369.8276    12      368.4373 UserPurge2: 1      428    0.38%
      0     0      369.7764    12      368.4373 UserPurge2: 1      434    0.36%
      0     0      369.7507    12      368.4373 UserPurge2: 1      438    0.36%
      0     0      369.7182    13      368.4373 UserPurge2: 1      442    0.35%
      0     0      369.7034    14      368.4373 UserPurge2: 1      448    0.34%
      0     0      369.6713    15      368.4373 UserPurge2: 1      455    0.33%
      0     0      369.6633    15      368.4373 UserPurge2: 1      458    0.33%
      0     0      369.5160    14      368.4373 UserPurge2: 1      468    0.29%
      0     0      369.3842    13      368.4373 UserPurge2: 1      478    0.26%
      0     0      369.2585    12      368.4373 UserPurge2: 1      485    0.22%
      0     0      369.2210    13      368.4373 UserPurge2: 1      491    0.21%
      0     0      369.1763    12      368.4373 UserPurge2: 1      495    0.20%
      0     0      369.1356    13      368.4373 UserPurge2: 1      501    0.19%
      0     0      369.1305    14      368.4373 UserPurge2: 1      505    0.19%
      0     0      369.0886    14      368.4373 UserPurge2: 1      511    0.18%
      0     0      369.0713    15      368.4373 UserPurge2: 1      515    0.17%
      0     0      369.0513    16      368.4373 UserPurge2: 1      520    0.17%
      0     0      368.9831    13      368.4373 UserPurge2: 1      528    0.15%
      0     0      368.9546    11      368.4373 UserPurge2: 1      535    0.14%
      0     0      368.9482    12      368.4373 UserPurge2: 1      538    0.14%
      0     0      368.9350    13      368.4373 UserPurge2: 1      542    0.14%
      0     0      368.9245    13      368.4373 UserPurge2: 1      546    0.13%
      0     0      368.9115    14      368.4373 UserPurge2: 1      549    0.13%
      0     0      368.9105    15      368.4373 UserPurge2: 1      552    0.13%
      0     0      368.8717    12      368.4373 UserPurge2: 1      561    0.12%
      0     0      368.8709    13      368.4373 UserPurge2: 1      563    0.12%
      0     0      368.8575    13      368.4373 UserPurge2: 1      569    0.11%
      0     0      368.8514    14      368.4373 UserPurge2: 1      572    0.11%
      0     0      368.8394    15      368.4373 UserPurge2: 1      576    0.11%
      0     0      368.8124    14      368.4373 UserPurge2: 1      580    0.10%
      0     0      368.8010    15      368.4373 UserPurge2: 1      585    0.10%
      0     0      368.7920    16      368.4373 UserPurge2: 1      588    0.10%
      0     0      368.7744    17      368.4373 UserPurge2: 1      591    0.09%
      0     0      368.7608    16      368.4373 UserPurge2: 1      594    0.09%
      0     0      368.7411    17      368.4373 UserPurge2: 1      597    0.08%
      0     0      368.7357    18      368.4373 UserPurge2: 1      598    0.08%
      0     0      368.7330    17      368.4373 UserPurge2: 1      602    0.08%
      0     0      368.6818    15      368.4373 UserPurge2: 1      610    0.07%
      0     0      368.6688    13      368.4373 UserPurge2: 1      619    0.06%
      0     0      368.6682    14      368.4373 UserPurge2: 1      620    0.06%
      0     0      368.6662    15      368.4373 UserPurge2: 1      622    0.06%
      0     0      368.6604    13      368.4373 UserPurge2: 1      626    0.06%
      0     0      368.6547    13      368.4373 UserPurge2: 1      630    0.06%
      0     0      368.6525    14      368.4373 UserPurge2: 1      634    0.06%
      0     0      368.6520    15      368.4373 UserPurge2: 1      636    0.06%
      0     0      368.6486    15      368.4373 UserPurge2: 1      640    0.06%
      0     0      368.6479    15      368.4373 UserPurge2: 1      643    0.06%
      0     0      368.6423    15      368.4373 UserPurge2: 1      645    0.06%
      0     0      368.6333    14      368.4373 UserPurge2: 1      650    0.05%
      0     0      368.6332    15      368.4373 UserPurge2: 1      651    0.05%
      0     0      368.6237    15      368.4373 UserPurge2: 1      655    0.05%
      0     0      368.6107    14      368.4373 UserPurge2: 1      662    0.05%
      0     0      368.6086    15      368.4373 UserPurge2: 1      666    0.05%
      0     0      368.6043    14      368.4373 UserPurge2: 1      671    0.05%
      0     0      368.6039    15      368.4373 UserPurge2: 1      672    0.05%
      0     0      368.5902    14      368.4373 UserPurge2: 1      676    0.04%
      0     0      368.5893    15      368.4373 UserPurge2: 1      677    0.04%
      0     2      368.5893    15      368.4373      368.5880      677    0.04%
Elapsed time = 3.75 sec. (54.80 ticks, tree = 0.01 MB, solutions = 4)

User cuts applied:  71

Root node processing (before b&c):
  Real time             =    3.75 sec. (54.82 ticks)
Sequential b&c:
  Real time             =    0.11 sec. (4.98 ticks)
                          ------------
Total (root+branch&cut) =    3.86 sec. (59.79 ticks)
@Parameters: 
is_S_cut                                true
is_add_all_yinF                         true
is_start_value                          true
is_usercut                              true
is_visualization                        false
uc_only_rootnode                        false

data                                    Biesinger
fn                                      data/Biesinger/111_n100_std
mode                                    NewSubmodular
solver                                  cplex

p                                       7
r                                       2

EPS                                     1.0e-06
EPS_vio                                 1.0e-04
beta                                    0.10
gap                                     0.00
nodelimit                               Inf
timelimit                               7200.00


@PrintInfos
ItCnt: 902
Current gap: 0.00 %
Termination Status: OPTIMAL
Primal Status: FEASIBLE_POINT
Solve Time: 3.86 sec
Objective Value: 368.437331
Number of Nodes:      3

CutInfo: [phase] num / time (sec) 
ZLP             [phase1]     0 / 0.00 [rLC]     0 / 0.00 [rUC]     0 / 0.00 [sLC]     0 / 0.00 [sUC]     0 / 0.00 
OldSubmodular   [phase1]     0 / 0.00 [rLC]     0 / 0.00 [rUC]     0 / 0.00 [sLC]     0 / 0.00 [sUC]     0 / 0.00 
NewSubmodular   [phase1]     0 / 0.00 [rLC]    45 / 1.47 [rUC]   195 / 0.34 [sLC]     0 / 0.00 [sUC]    56 / 0.10 
PMP             [phase1]     0 / 0.00 [rLC]     6 / 0.26 [rUC]     0 / 0.00 [sLC]     0 / 0.00 [sUC]     0 / 0.00 
Separation Round: [phase1] 0  [rLC] 47  [rUC] 120  [sLC] 0  [sUC] 32
Root Best Bound 368.437331
Root Best Integer: 368.437331
Best Bound: 368.437331
Best Integer: 368.437331

