Version identifier: 20.1.0.0 | 2020-11-10 | 9bedb6d68
CPXPARAM_Threads                                 1
CPXPARAM_TimeLimit                               7200
CPXPARAM_MIP_Tolerances_MIPGap                   0
Generic callback                                 0x60
1 of 1 MIP starts provided solutions.
MIP start 'm1' defined initial solution with objective 320.0638.
Tried aggregator 1 time.
Reduced MIP has 1 rows, 101 columns, and 100 nonzeros.
Reduced MIP has 100 binaries, 0 generals, 0 SOSs, and 0 indicators.
Presolve time = 0.00 sec. (0.03 ticks)
Probing time = 0.00 sec. (0.01 ticks)
Tried aggregator 1 time.
Reduced MIP has 1 rows, 101 columns, and 100 nonzeros.
Reduced MIP has 100 binaries, 0 generals, 0 SOSs, and 0 indicators.
Presolve time = 0.00 sec. (0.03 ticks)
Probing time = 0.00 sec. (0.01 ticks)
MIP emphasis: balance optimality and feasibility.
MIP search method: dynamic search.
Parallel mode: none, using 1 thread.
Root relaxation solution time = 0.00 sec. (0.02 ticks)

        Nodes                                         Cuts/
   Node  Left     Objective  IInf  Best Integer    Best Bound    ItCnt     Gap

*     0+    0                          320.0638      558.0000            74.34%
      0     0      397.6960     2      320.0638      558.0000        0   74.34%
      0     0      368.1624     3      320.0638 UserPurge2: 1        5   15.03%
      0     0      360.0970     5      320.0638 UserPurge2: 1       11   12.51%
      0     0      355.0974     6      320.0638 UserPurge2: 1       29   10.95%
      0     0      351.9255     8      320.0638 UserPurge2: 1       37    9.95%
      0     0      350.0883     9      320.0638 UserPurge2: 1       51    9.38%
      0     0      347.7949    10      320.0638 UserPurge2: 1       61    8.66%
      0     0      346.0239    10      320.0638 UserPurge2: 1       71    8.11%
      0     0      344.1901    11      320.0638 UserPurge2: 1       88    7.54%
      0     0      339.9278     8      320.0638 UserPurge2: 1       98    6.21%
      0     0      339.0970    10      320.0638 UserPurge1: 1      100    5.95%
*     0+    0                          320.8184      339.0970             5.70%
      0     0      338.5090     9      320.8184 UserPurge2: 1      110    5.51%
      0     0      337.7911    11      320.8184 UserPurge2: 1      121    5.29%
      0     0      337.2339    10      320.8184 UserPurge2: 1      131    5.12%
      0     0      335.7666     8      320.8184 UserPurge2: 1      141    4.66%
      0     0      335.6688    10      320.8184 UserPurge1: 1      148    4.63%
      0     0      334.9957     9      320.8184 UserPurge2: 1      157    4.42%
      0     0      334.7634    11      320.8184 UserPurge2: 1      162    4.35%
      0     0      334.5726    12      320.8184 UserPurge2: 1      167    4.29%
      0     0      334.3346    12      320.8184 UserPurge2: 1      176    4.21%
      0     0      333.5793    11      320.8184 UserPurge2: 1      187    3.98%
      0     0      333.3693    13      320.8184 UserPurge2: 1      192    3.91%
      0     0      333.2848    12      320.8184 UserPurge2: 1      200    3.89%
      0     0      332.9860    13      320.8184 UserPurge2: 1      211    3.79%
      0     0      332.8519    14      320.8184 UserPurge2: 1      217    3.75%
      0     0      331.8984    12      320.8184 UserPurge2: 1      232    3.45%
      0     0      330.3344    12      320.8184 UserPurge2: 1      242    2.97%
      0     0      329.3290     9      320.8184 UserPurge2: 1      253    2.65%
      0     0      328.8173     9      320.8184 UserPurge2: 1      257    2.49%
      0     0      328.6319     9      320.8184 UserPurge2: 1      263    2.44%
      0     0      328.4644     9      320.8184 UserPurge2: 1      268    2.38%
      0     0      328.3342    10      320.8184 UserPurge2: 1      272    2.34%
      0     0      328.2656    11      320.8184 UserPurge2: 1      277    2.32%
      0     0      328.2437    12      320.8184 UserPurge2: 1      283    2.31%
      0     0      328.0982    13      320.8184 UserPurge2: 1      286    2.27%
      0     0      327.8439    13      320.8184 UserPurge2: 1      299    2.19%
      0     0      327.8067    14      320.8184 UserPurge2: 1      301    2.18%
      0     0      327.7954    14      320.8184 UserPurge2: 1      305    2.17%
      0     0      327.2852    13      320.8184 UserPurge2: 1      321    2.02%
      0     0      327.0078    12      320.8184 UserPurge2: 1      327    1.93%
      0     0      326.8817    11      320.8184 UserPurge2: 1      331    1.89%
      0     0      326.7881    11      320.8184 UserPurge2: 1      336    1.86%
      0     0      326.6648    10      320.8184 UserPurge2: 1      343    1.82%
      0     0      326.5689    11      320.8184 UserPurge2: 1      350    1.79%
      0     0      326.5449    12      320.8184 UserPurge2: 1      355    1.78%
      0     0      326.5123    13      320.8184 UserPurge2: 1      361    1.77%
*     0+    0                          321.2123      326.5123             1.65%
      0     0      326.4920    14      321.2123 UserPurge2: 1      367    1.64%
*     0+    0                          323.0970      326.4920             1.05%
      0     0      326.4128    13      323.0970 UserPurge2: 1      372    1.03%
      0     0      326.3770    13      323.0970 UserPurge2: 1      375    1.02%
      0     0      326.2960    12      323.0970 UserPurge2: 1      380    0.99%
      0     0      326.2863    13      323.0970 UserPurge2: 1      381    0.99%
      0     0      326.2572    14      323.0970 UserPurge2: 1      384    0.98%
      0     0      326.0480    13      323.0970 UserPurge2: 1      391    0.91%
      0     0      325.9738    13      323.0970 UserPurge2: 1      398    0.89%
      0     0      325.8803    12      323.0970 UserPurge2: 1      406    0.86%
      0     0      325.8498    12      323.0970 UserPurge2: 1      412    0.85%
      0     0      325.8085    13      323.0970 UserPurge2: 1      417    0.84%
      0     0      325.7783    13      323.0970 UserPurge2: 1      421    0.83%
      0     0      325.7346    13      323.0970 UserPurge2: 1      426    0.82%
      0     0      325.7059    13      323.0970 UserPurge2: 1      431    0.81%
      0     0      325.7025    14      323.0970 UserPurge2: 1      436    0.81%
      0     0      325.6629    14      323.0970 UserPurge2: 1      444    0.79%
      0     0      325.6562    14      323.0970 UserPurge2: 1      449    0.79%
      0     0      325.5279    13      323.0970 UserPurge2: 1      455    0.75%
      0     0      325.3951    13      323.0970 UserPurge2: 1      465    0.71%
      0     0      325.3204    12      323.0970 UserPurge2: 1      472    0.69%
      0     0      325.2694    13      323.0970 UserPurge2: 1      476    0.67%
      0     0      325.2257    14      323.0970 UserPurge2: 1      482    0.66%
*     0+    0                          323.1544      325.2257             0.64%
      0     0      325.1062    15      323.1544 UserPurge2: 1      487    0.60%
      0     0      325.0602    14      323.1544 UserPurge2: 1      493    0.59%
      0     0      325.0217    14      323.1544 UserPurge2: 1      497    0.58%
      0     0      324.9839    15      323.1544 UserPurge2: 1      500    0.57%
      0     0      324.9506    15      323.1544 UserPurge2: 1      504    0.56%

Repeating presolve.
Tried aggregator 1 time.
MIP Presolve eliminated 0 rows and 26 columns.
Reduced MIP has 1 rows, 75 columns, and 74 nonzeros.
Reduced MIP has 74 binaries, 0 generals, 0 SOSs, and 0 indicators.
Presolve time = 0.00 sec. (0.03 ticks)
Probing time = 0.00 sec. (0.01 ticks)
Tried aggregator 1 time.
Reduced MIP has 1 rows, 75 columns, and 74 nonzeros.
Reduced MIP has 74 binaries, 0 generals, 0 SOSs, and 0 indicators.
Presolve time = 0.00 sec. (0.02 ticks)
Represolve time = 0.00 sec. (1.23 ticks)
Probing time = 0.00 sec. (0.01 ticks)
MIP emphasis: balance optimality and feasibility.
MIP search method: dynamic search.
Parallel mode: none, using 1 thread.
Root relaxation solution time = 0.00 sec. (0.46 ticks)

        Nodes                                         Cuts/
   Node  Left     Objective  IInf  Best Integer    Best Bound    ItCnt     Gap

*     0+    0                          323.1544      324.9506             0.56%
      0     0      324.9506    15      323.1544      324.9506      539    0.56%
      0     0      324.8514    14      323.1544 UserPurge2: 1      549    0.53%
      0     0      324.6499    13      323.1544 UserPurge2: 1      556    0.46%
      0     0      324.5552    12      323.1544 UserPurge2: 1      561    0.43%
      0     0      324.4838    12      323.1544 UserPurge2: 1      565    0.41%
      0     0      324.4790    13      323.1544 UserPurge2: 1      566    0.41%
      0     0      324.4688    14      323.1544 UserPurge2: 1      569    0.41%
      0     0      324.4637    13      323.1544 UserPurge2: 1      574    0.41%
      0     0      324.4367    14      323.1544 UserPurge2: 1      579    0.40%
      0     0      324.4153    14      323.1544 UserPurge2: 1      584    0.39%
      0     0      324.4126    15      323.1544 UserPurge2: 1      585    0.39%
      0     0      324.3738    14      323.1544 UserPurge2: 1      591    0.38%
      0     0      324.3568    14      323.1544 UserPurge2: 1      593    0.37%
      0     0      324.3543    15      323.1544 UserPurge2: 1      594    0.37%
      0     0      324.2974    14      323.1544 UserPurge2: 1      600    0.35%
      0     0      324.2445    12      323.1544 UserPurge2: 1      605    0.34%
      0     0      324.2289    13      323.1544 UserPurge2: 1      607    0.33%
      0     0      324.2025    14      323.1544 UserPurge2: 1      610    0.32%
      0     0      324.1560    13      323.1544 UserPurge2: 1      615    0.31%
      0     0      324.1078    12      323.1544 UserPurge2: 1      620    0.30%
      0     0      324.0956    13      323.1544 UserPurge2: 1      625    0.29%
      0     0      324.0786    14      323.1544 UserPurge2: 1      629    0.29%
      0     0      324.0634    15      323.1544 UserPurge2: 1      631    0.28%
      0     0      324.0165    15      323.1544 UserPurge2: 1      634    0.27%
      0     0      323.9897    15      323.1544 UserPurge2: 1      639    0.26%
      0     0      323.9747    16      323.1544 UserPurge2: 1      641    0.25%
      0     0      323.9308    16      323.1544 UserPurge2: 1      649    0.24%
      0     0      323.9206    17      323.1544 UserPurge2: 1      652    0.24%
      0     0      323.8833    16      323.1544 UserPurge2: 1      658    0.23%
      0     0      323.8738    16      323.1544 UserPurge2: 1      665    0.22%
      0     0      323.8284    13      323.1544 UserPurge2: 1      673    0.21%
      0     0      323.8004    14      323.1544 UserPurge2: 1      679    0.20%
      0     0      323.7849    15      323.1544 UserPurge2: 1      683    0.20%
      0     0      323.7801    16      323.1544 UserPurge2: 1      685    0.19%
      0     0      323.7389    15      323.1544 UserPurge2: 1      694    0.18%
      0     0      323.7319    16      323.1544 UserPurge2: 1      699    0.18%
      0     0      323.6857    14      323.1544 UserPurge2: 1      705    0.16%
      0     0      323.6409    13      323.1544 UserPurge2: 1      712    0.15%
*     0+    0                          323.3627      323.6409             0.09%
      0     0      323.6375    14      323.3627 UserPurge2: 1      715    0.08%
      0     0      323.6240    15      323.3627 UserPurge2: 1      722    0.08%
      0     0      323.6207    15      323.3627 UserPurge2: 1      727    0.08%
      0     0      323.6204    16      323.3627 UserPurge2: 1      729    0.08%
      0     0      323.6162    16      323.3627 UserPurge2: 1      732    0.08%
      0     0      323.6144    16      323.3627 UserPurge2: 1      735    0.08%
      0     0      323.6114    17      323.3627 UserPurge2: 1      738    0.08%
      0     0      323.5955    16      323.3627 UserPurge2: 1      746    0.07%
      0     0      323.5852    16      323.3627 UserPurge2: 1      752    0.07%
      0     0      323.5774    17      323.3627 UserPurge2: 1      754    0.07%
      0     0      323.5574    17      323.3627 UserPurge2: 1      756    0.06%
      0     0      323.5434    17      323.3627 UserPurge2: 1      759    0.06%
      0     0      323.5220    14      323.3627 UserPurge2: 1      766    0.05%
      0     0      323.5178    14      323.3627 UserPurge2: 1      769    0.05%
      0     0      323.5173    15      323.3627 UserPurge2: 1      772    0.05%
      0     0      323.5162    16      323.3627 UserPurge2: 1      775    0.05%
      0     0      323.5137    16      323.3627 UserPurge2: 1      779    0.05%
      0     0      323.5100    16      323.3627 UserPurge2: 1      782    0.05%
      0     0      323.5082    16      323.3627 UserPurge2: 1      786    0.05%
      0     0      323.5074    17      323.3627 UserPurge2: 1      791    0.04%
      0     0      323.5051    18      323.3627 UserPurge2: 1      795    0.04%
      0     0      323.5029    16      323.3627 UserPurge2: 1      800    0.04%
      0     0      323.4992    15      323.3627 UserPurge2: 1      806    0.04%
      0     0      323.4958    14      323.3627 UserPurge2: 1      811    0.04%
      0     0      323.4952    14      323.3627 UserPurge2: 1      813    0.04%
      0     0      323.4949    15      323.3627 UserPurge2: 1      815    0.04%
      0     0      323.4937    15      323.3627 UserPurge2: 1      818    0.04%
      0     0      323.4931    14      323.3627 UserPurge2: 1      821    0.04%
      0     0      323.4914    14      323.3627 UserPurge2: 1      825    0.04%
      0     0      323.4908    13      323.3627 UserPurge2: 1      829    0.04%
      0     2      323.4908    13      323.3627      323.4905      829    0.04%
Elapsed time = 3.82 sec. (71.89 ticks, tree = 0.01 MB, solutions = 6)

User cuts applied:  21

Root node processing (before b&c):
  Real time             =    3.82 sec. (71.90 ticks)
Sequential b&c:
  Real time             =    0.01 sec. (0.35 ticks)
                          ------------
Total (root+branch&cut) =    3.83 sec. (72.25 ticks)
@Parameters: 
is_S_cut                                true
is_add_all_yinF                         true
is_start_value                          true
is_usercut                              true
is_visualization                        false
uc_only_rootnode                        false

data                                    Biesinger
fn                                      data/Biesinger/111_n100_std
mode                                    NewSubmodular
solver                                  cplex

p                                       9
r                                       5

EPS                                     1.0e-06
EPS_vio                                 1.0e-04
beta                                    0.10
gap                                     0.00
nodelimit                               Inf
timelimit                               7200.00


@PrintInfos
ItCnt: 867
Current gap: 0.00 %
Termination Status: OPTIMAL
Primal Status: FEASIBLE_POINT
Solve Time: 3.83 sec
Objective Value: 323.362663
Number of Nodes:      3

CutInfo: [phase] num / time (sec) 
ZLP             [phase1]     0 / 0.00 [rLC]     0 / 0.00 [rUC]     0 / 0.00 [sLC]     0 / 0.00 [sUC]     0 / 0.00 
OldSubmodular   [phase1]     0 / 0.00 [rLC]     0 / 0.00 [rUC]     0 / 0.00 [sLC]     0 / 0.00 [sUC]     0 / 0.00 
NewSubmodular   [phase1]     0 / 0.00 [rLC]    46 / 1.48 [rUC]   243 / 0.36 [sLC]     0 / 0.00 [sUC]     8 / 0.01 
PMP             [phase1]     0 / 0.00 [rLC]     8 / 0.31 [rUC]     0 / 0.00 [sLC]     0 / 0.00 [sUC]     0 / 0.00 
Separation Round: [phase1] 0  [rLC] 49  [rUC] 141  [sLC] 0  [sUC] 4
Root Best Bound 323.362663
Root Best Integer: 323.362663
Best Bound: 323.362663
Best Integer: 323.362663

