Version identifier: 20.1.0.0 | 2020-11-10 | 9bedb6d68
CPXPARAM_Threads                                 1
CPXPARAM_TimeLimit                               7200
CPXPARAM_MIP_Tolerances_MIPGap                   0
Generic callback                                 0x60
1 of 1 MIP starts provided solutions.
MIP start 'm1' defined initial solution with objective 313.1447.
Tried aggregator 1 time.
Reduced MIP has 1 rows, 101 columns, and 100 nonzeros.
Reduced MIP has 100 binaries, 0 generals, 0 SOSs, and 0 indicators.
Presolve time = 0.00 sec. (0.03 ticks)
Probing time = 0.00 sec. (0.01 ticks)
Tried aggregator 1 time.
Reduced MIP has 1 rows, 101 columns, and 100 nonzeros.
Reduced MIP has 100 binaries, 0 generals, 0 SOSs, and 0 indicators.
Presolve time = 0.00 sec. (0.03 ticks)
Probing time = 0.00 sec. (0.01 ticks)
MIP emphasis: balance optimality and feasibility.
MIP search method: dynamic search.
Parallel mode: none, using 1 thread.
Root relaxation solution time = 0.00 sec. (0.02 ticks)

        Nodes                                         Cuts/
   Node  Left     Objective  IInf  Best Integer    Best Bound    ItCnt     Gap

*     0+    0                          313.1447      558.0000            78.19%
      0     0      383.4944     2      313.1447      558.0000        0   78.19%
      0     0      355.5206     4      313.1447 UserPurge2: 1        5   13.53%
      0     0      350.5816     5      313.1447 UserPurge2: 1       11   11.96%
      0     0      346.4337     7      313.1447 UserPurge2: 1       20   10.63%
      0     0      343.1638     7      313.1447 UserPurge2: 1       38    9.59%
      0     0      340.5031     8      313.1447 UserPurge2: 1       49    8.74%
      0     0      337.3632     8      313.1447 UserPurge2: 1       61    7.73%
      0     0      334.9152     8      313.1447 UserPurge2: 1       79    6.95%
      0     0      334.2655     9      313.1447 UserPurge1: 1       81    6.74%
      0     0      334.1898     9      313.1447 UserPurge1: 1       84    6.72%
      0     0      334.0361     9      313.1447 UserPurge2: 1       90    6.67%
      0     0      333.8848     9      313.1447 UserPurge1: 1       91    6.62%
      0     0      333.5548    10      313.1447 UserPurge2: 1      100    6.52%
      0     0      331.9185     7      313.1447 UserPurge2: 1      110    6.00%
      0     0      331.7029     9      313.1447 UserPurge1: 1      111    5.93%
      0     0      330.1193     8      313.1447 UserPurge2: 1      121    5.42%
      0     0      329.9941     9      313.1447 UserPurge2: 1      130    5.38%
      0     0      329.7542    11      313.1447 UserPurge2: 1      135    5.30%
      0     0      328.7042    10      313.1447 UserPurge2: 1      152    4.97%
      0     0      328.6816    12      313.1447 UserPurge1: 1      154    4.96%
      0     0      328.4786    12      313.1447 UserPurge2: 1      162    4.90%
      0     0      328.0779    11      313.1447 UserPurge2: 1      172    4.77%
      0     0      326.1946     8      313.1447 UserPurge2: 1      188    4.17%
      0     0      325.5199    10      313.1447 UserPurge2: 1      193    3.95%
      0     0      324.9393     9      313.1447 UserPurge2: 1      204    3.77%
      0     0      324.5215    10      313.1447 UserPurge2: 1      211    3.63%
      0     0      324.1820    11      313.1447 UserPurge2: 1      220    3.52%
      0     0      323.6117     8      313.1447 UserPurge2: 1      233    3.34%
      0     0      323.4061     9      313.1447 UserPurge2: 1      243    3.28%
      0     0      323.0835    10      313.1447 UserPurge2: 1      251    3.17%
      0     0      322.8180     9      313.1447 UserPurge2: 1      258    3.09%
      0     0      322.6858     9      313.1447 UserPurge2: 1      265    3.05%
      0     0      322.5733    10      313.1447 UserPurge2: 1      272    3.01%
      0     0      322.5251    11      313.1447 UserPurge2: 1      278    3.00%
      0     0      322.4463    12      313.1447 UserPurge2: 1      281    2.97%
      0     0      322.4193    13      313.1447 UserPurge2: 1      283    2.96%
      0     0      321.4071    11      313.1447 UserPurge2: 1      296    2.64%
      0     0      320.8900     9      313.1447 UserPurge2: 1      304    2.47%
      0     0      320.7788    11      313.1447 UserPurge2: 1      309    2.44%
      0     0      320.7204    11      313.1447 UserPurge2: 1      315    2.42%
      0     0      320.6525    12      313.1447 UserPurge2: 1      319    2.40%
      0     0      320.5778    12      313.1447 UserPurge2: 1      325    2.37%
      0     0      320.3772    13      313.1447 UserPurge2: 1      329    2.31%
      0     0      320.3566    13      313.1447 UserPurge2: 1      332    2.30%
      0     0      320.3443    14      313.1447 UserPurge2: 1      336    2.30%
      0     0      320.2817    13      313.1447 UserPurge2: 1      342    2.28%
      0     0      320.0859    14      313.1447 UserPurge2: 1      348    2.22%
      0     0      320.0340    15      313.1447 UserPurge2: 1      356    2.20%
      0     0      319.6211    12      313.1447 UserPurge2: 1      372    2.07%
      0     0      319.4393    11      313.1447 UserPurge2: 1      377    2.01%
      0     0      319.0898    10      313.1447 UserPurge2: 1      382    1.90%
      0     0      319.0247    11      313.1447 UserPurge2: 1      385    1.88%
      0     0      318.5896    11      313.1447 UserPurge2: 1      395    1.74%
      0     0      318.3542    11      313.1447 UserPurge2: 1      402    1.66%
      0     0      318.2585    12      313.1447 UserPurge2: 1      405    1.63%
      0     0      318.1427    12      313.1447 UserPurge2: 1      413    1.60%
      0     0      318.0843    13      313.1447 UserPurge2: 1      417    1.58%
      0     0      318.0083    12      313.1447 UserPurge2: 1      420    1.55%
      0     0      316.9106     7      313.1447 UserPurge2: 1      435    1.20%
*     0+    0                          313.8545      316.9106             0.97%
      0     0      316.8183     7      313.8545 UserPurge2: 1      439    0.94%
      0     0      316.7625     8      313.8545 UserPurge2: 1      442    0.93%
      0     0      316.7444     9      313.8545 UserPurge2: 1      445    0.92%
      0     0      316.7142     9      313.8545 UserPurge2: 1      450    0.91%
*     0+    0                          314.2074      316.7142             0.80%
      0     0      316.6736    10      314.2074 UserPurge2: 1      453    0.78%
      0     0      316.6566     9      314.2074 UserPurge2: 1      456    0.78%

Repeating presolve.
Tried aggregator 1 time.
MIP Presolve eliminated 0 rows and 26 columns.
Reduced MIP has 1 rows, 75 columns, and 74 nonzeros.
Reduced MIP has 74 binaries, 0 generals, 0 SOSs, and 0 indicators.
Presolve time = 0.00 sec. (0.03 ticks)
Probing time = 0.00 sec. (0.01 ticks)
Tried aggregator 1 time.
Reduced MIP has 1 rows, 75 columns, and 74 nonzeros.
Reduced MIP has 74 binaries, 0 generals, 0 SOSs, and 0 indicators.
Presolve time = 0.00 sec. (0.02 ticks)
Represolve time = 0.00 sec. (1.05 ticks)
Probing time = 0.00 sec. (0.01 ticks)
MIP emphasis: balance optimality and feasibility.
MIP search method: dynamic search.
Parallel mode: none, using 1 thread.
Root relaxation solution time = 0.00 sec. (0.24 ticks)

        Nodes                                         Cuts/
   Node  Left     Objective  IInf  Best Integer    Best Bound    ItCnt     Gap

*     0+    0                          314.2074      316.6566             0.78%
      0     0      316.6566     9      314.2074      316.6566      478    0.78%
      0     0      316.6531    10      314.2074 UserPurge2: 1      479    0.78%
      0     0      316.6348    10      314.2074 UserPurge2: 1      483    0.77%
      0     0      316.6296    11      314.2074 UserPurge2: 1      486    0.77%
      0     0      316.6122    12      314.2074 UserPurge2: 1      490    0.77%
      0     0      316.5861    12      314.2074 UserPurge2: 1      493    0.76%
      0     0      316.5519    12      314.2074 UserPurge2: 1      496    0.75%
      0     0      316.5251    12      314.2074 UserPurge2: 1      499    0.74%
      0     0      316.5010    13      314.2074 UserPurge2: 1      500    0.73%
      0     0      316.3045    11      314.2074 UserPurge2: 1      508    0.67%
*     0+    0                          314.8191      316.3045             0.47%
      0     0      316.3035    12      314.8191 UserPurge2: 1      510    0.47%
      0     0      316.3034    13      314.8191 UserPurge2: 1      511    0.47%
      0     0      316.2770    11      314.8191 UserPurge2: 1      515    0.46%
      0     0      316.2542    12      314.8191 UserPurge2: 1      517    0.46%
      0     0      316.2475    13      314.8191 UserPurge2: 1      521    0.45%
      0     0      316.2352    14      314.8191 UserPurge2: 1      523    0.45%
      0     0      315.9162    12      314.8191 UserPurge2: 1      529    0.35%
      0     0      315.7154    11      314.8191 UserPurge2: 1      538    0.28%
      0     0      315.6288    11      314.8191 UserPurge2: 1      543    0.26%
      0     0      315.5597    12      314.8191 UserPurge2: 1      549    0.24%
      0     0      315.5058    12      314.8191 UserPurge2: 1      555    0.22%
      0     0      315.3736     9      314.8191 UserPurge2: 1      562    0.18%
      0     0      315.3000     9      314.8191 UserPurge2: 1      567    0.15%
      0     0      315.2839    10      314.8191 UserPurge2: 1      570    0.15%
      0     0      315.2609    11      314.8191 UserPurge2: 1      572    0.14%
      0     0      315.2371    12      314.8191 UserPurge2: 1      575    0.13%
      0     0      315.2139    13      314.8191 UserPurge2: 1      578    0.13%
      0     0      315.1004    12      314.8191 UserPurge2: 1      586    0.09%
      0     0      315.0977    13      314.8191 UserPurge2: 1      588    0.09%
      0     0      315.0512    10      314.8191 UserPurge2: 1      594    0.07%
      0     0      315.0402    11      314.8191 UserPurge2: 1      596    0.07%
      0     0      315.0222    12      314.8191 UserPurge2: 1      599    0.06%
      0     0      314.9932    13      314.8191 UserPurge2: 1      604    0.06%
      0     0      314.9857    12      314.8191 UserPurge2: 1      609    0.05%
      0     0      314.9681    12      314.8191 UserPurge2: 1      614    0.05%
      0     0      314.9627    13      314.8191 UserPurge2: 1      618    0.05%
      0     0      314.9457    13      314.8191 UserPurge2: 1      623    0.04%
      0     0      314.9392    14      314.8191 UserPurge2: 1      626    0.04%
      0     0      314.9166    14      314.8191 UserPurge2: 1      633    0.03%
      0     0      314.8666    10      314.8191 UserPurge2: 1      639    0.02%
      0     0        cutoff            314.8191                    642     --- 
Elapsed time = 3.56 sec. (38.87 ticks, tree = 0.01 MB, solutions = 4)

User cuts applied:  8

Root node processing (before b&c):
  Real time             =    3.56 sec. (38.88 ticks)
Sequential b&c:
  Real time             =    0.00 sec. (0.00 ticks)
                          ------------
Total (root+branch&cut) =    3.56 sec. (38.88 ticks)
@Parameters: 
is_S_cut                                true
is_add_all_yinF                         true
is_start_value                          true
is_usercut                              true
is_visualization                        false
uc_only_rootnode                        false

data                                    Biesinger
fn                                      data/Biesinger/111_n100_std
mode                                    NewSubmodular
solver                                  cplex

p                                       8
r                                       5

EPS                                     1.0e-06
EPS_vio                                 1.0e-04
beta                                    0.10
gap                                     0.00
nodelimit                               Inf
timelimit                               7200.00


@PrintInfos
ItCnt: 642
Current gap: 0.00 %
Termination Status: OPTIMAL
Primal Status: FEASIBLE_POINT
Solve Time: 3.56 sec
Objective Value: 314.819119
Number of Nodes:      0

CutInfo: [phase] num / time (sec) 
ZLP             [phase1]     0 / 0.00 [rLC]     0 / 0.00 [rUC]     0 / 0.00 [sLC]     0 / 0.00 [sUC]     0 / 0.00 
OldSubmodular   [phase1]     0 / 0.00 [rLC]     0 / 0.00 [rUC]     0 / 0.00 [sLC]     0 / 0.00 [sUC]     0 / 0.00 
NewSubmodular   [phase1]     0 / 0.00 [rLC]    53 / 1.37 [rUC]   157 / 0.27 [sLC]     0 / 0.00 [sUC]     0 / 0.00 
PMP             [phase1]     0 / 0.00 [rLC]     6 / 0.22 [rUC]     0 / 0.00 [sLC]     0 / 0.00 [sUC]     0 / 0.00 
Separation Round: [phase1] 0  [rLC] 54  [rUC] 104  [sLC] 0  [sUC] 0
Root Best Bound 314.819119
Root Best Integer: 314.819119
Best Bound: 314.819119
Best Integer: 314.819119

