Version identifier: 20.1.0.0 | 2020-11-10 | 9bedb6d68
CPXPARAM_Threads                                 1
CPXPARAM_TimeLimit                               7200
CPXPARAM_MIP_Tolerances_MIPGap                   0
Generic callback                                 0x60
1 of 1 MIP starts provided solutions.
MIP start 'm1' defined initial solution with objective 348.0873.
Tried aggregator 1 time.
Reduced MIP has 1 rows, 101 columns, and 100 nonzeros.
Reduced MIP has 100 binaries, 0 generals, 0 SOSs, and 0 indicators.
Presolve time = 0.00 sec. (0.03 ticks)
Probing time = 0.00 sec. (0.01 ticks)
Tried aggregator 1 time.
Reduced MIP has 1 rows, 101 columns, and 100 nonzeros.
Reduced MIP has 100 binaries, 0 generals, 0 SOSs, and 0 indicators.
Presolve time = 0.00 sec. (0.03 ticks)
Probing time = 0.00 sec. (0.01 ticks)
MIP emphasis: balance optimality and feasibility.
MIP search method: dynamic search.
Parallel mode: none, using 1 thread.
Root relaxation solution time = 0.00 sec. (0.02 ticks)

        Nodes                                         Cuts/
   Node  Left     Objective  IInf  Best Integer    Best Bound    ItCnt     Gap

*     0+    0                          348.0873      558.0000            60.30%
      0     0      419.2034     2      348.0873      558.0000        0   60.30%
      0     0      391.2281     3      348.0873 UserPurge2: 1        9   12.39%
      0     0      381.1261     5      348.0873 UserPurge2: 1       14    9.49%
      0     0      378.9517     7      348.0873 UserPurge2: 1       22    8.87%
      0     0      377.3268     9      348.0873 UserPurge2: 1       31    8.40%
      0     0      375.8794    10      348.0873 UserPurge2: 1       47    7.98%
      0     0      369.7864     9      348.0873 UserPurge2: 1       63    6.23%
      0     0      367.3088    10      348.0873 UserPurge2: 1       70    5.52%
      0     0      366.7325    11      348.0873 UserPurge2: 1       81    5.36%
      0     0      365.2710     9      348.0873 UserPurge2: 1       92    4.94%
      0     0      364.6736    10      348.0873 UserPurge2: 1      103    4.76%
      0     0      364.4817    12      348.0873 UserPurge1: 1      104    4.71%
      0     0      363.8442    11      348.0873 UserPurge2: 1      116    4.53%
      0     0      362.7966    10      348.0873 UserPurge2: 1      125    4.23%
      0     0      361.7785    11      348.0873 UserPurge2: 1      134    3.93%
      0     0      361.1488    11      348.0873 UserPurge2: 1      143    3.75%
      0     0      360.3108    10      348.0873 UserPurge2: 1      157    3.51%
      0     0      359.9834    11      348.0873 UserPurge2: 1      170    3.42%
      0     0      359.8362    12      348.0873 UserPurge1: 1      178    3.38%
      0     0      357.6915     8      348.0873 UserPurge2: 1      200    2.76%
      0     0      357.2571     8      348.0873 UserPurge1: 1      202    2.63%
      0     0      357.0745     9      348.0873 UserPurge1: 1      203    2.58%
      0     0      356.7950    10      348.0873 UserPurge2: 1      214    2.50%
      0     0      356.2780     9      348.0873 UserPurge2: 1      223    2.35%
      0     0      356.0328    10      348.0873 UserPurge2: 1      231    2.28%
      0     0      355.9162    11      348.0873 UserPurge1: 1      234    2.25%
      0     0      355.5355     8      348.0873 UserPurge2: 1      243    2.14%
      0     0      355.2572     9      348.0873 UserPurge2: 1      254    2.06%
      0     0      355.0966    10      348.0873 UserPurge2: 1      262    2.01%
      0     0      354.9424    10      348.0873 UserPurge2: 1      271    1.97%
      0     0      354.8355    12      348.0873 UserPurge2: 1      276    1.94%
      0     0      354.5960    12      348.0873 UserPurge2: 1      283    1.87%
      0     0      354.4121    12      348.0873 UserPurge2: 1      289    1.82%
      0     0      354.2983    12      348.0873 UserPurge2: 1      295    1.78%
      0     0      354.1781    12      348.0873 UserPurge2: 1      304    1.75%
      0     0      353.9686    13      348.0873 UserPurge2: 1      310    1.69%
      0     0      353.7539    12      348.0873 UserPurge2: 1      318    1.63%
      0     0      353.7045    12      348.0873 UserPurge2: 1      322    1.61%
      0     0      353.5490    13      348.0873 UserPurge2: 1      329    1.57%
      0     0      353.5160    14      348.0873 UserPurge2: 1      332    1.56%
*     0+    0                          348.1978      353.5160             1.53%
      0     0      353.3259    14      348.1978 UserPurge2: 1      337    1.47%
      0     0      353.1146    13      348.1978 UserPurge2: 1      347    1.41%
      0     0      352.8624    13      348.1978 UserPurge2: 1      353    1.34%
      0     0      352.6827    13      348.1978 UserPurge2: 1      359    1.29%
      0     0      352.5431    14      348.1978 UserPurge2: 1      364    1.25%
      0     0      352.4920    14      348.1978 UserPurge2: 1      368    1.23%
      0     0      352.1448    12      348.1978 UserPurge2: 1      378    1.13%
      0     0      352.0145    12      348.1978 UserPurge2: 1      384    1.10%
      0     0      351.9677    13      348.1978 UserPurge2: 1      387    1.08%
      0     0      351.8785    12      348.1978 UserPurge2: 1      393    1.06%
      0     0      351.6701    11      348.1978 UserPurge2: 1      405    1.00%
      0     0      351.5894    10      348.1978 UserPurge2: 1      414    0.97%
*     0+    0                          349.4025      351.5894             0.63%

Repeating presolve.
Tried aggregator 1 time.
MIP Presolve eliminated 0 rows and 27 columns.
Reduced MIP has 1 rows, 74 columns, and 73 nonzeros.
Reduced MIP has 73 binaries, 0 generals, 0 SOSs, and 0 indicators.
Presolve time = 0.00 sec. (0.03 ticks)
Probing time = 0.00 sec. (0.01 ticks)
Tried aggregator 1 time.
Reduced MIP has 1 rows, 74 columns, and 73 nonzeros.
Reduced MIP has 73 binaries, 0 generals, 0 SOSs, and 0 indicators.
Presolve time = 0.00 sec. (0.02 ticks)
Represolve time = 0.00 sec. (0.85 ticks)
Probing time = 0.00 sec. (0.01 ticks)
MIP emphasis: balance optimality and feasibility.
MIP search method: dynamic search.
Parallel mode: none, using 1 thread.
Root relaxation solution time = 0.00 sec. (0.34 ticks)

        Nodes                                         Cuts/
   Node  Left     Objective  IInf  Best Integer    Best Bound    ItCnt     Gap

*     0+    0                          349.4025      351.5894             0.63%
      0     0      351.5894    10      349.4025      351.5894      448    0.63%
      0     0      351.5623    11      349.4025 UserPurge2: 1      454    0.62%
      0     0      351.5429    11      349.4025 UserPurge2: 1      462    0.61%
      0     0      351.5199    12      349.4025 UserPurge2: 1      467    0.61%
      0     0      351.4673    13      349.4025 UserPurge2: 1      474    0.59%
      0     0      351.4597    14      349.4025 UserPurge2: 1      477    0.59%
      0     0      351.4394    15      349.4025 UserPurge2: 1      480    0.58%
      0     0      351.4344    16      349.4025 UserPurge2: 1      482    0.58%
      0     0      351.3351    15      349.4025 UserPurge2: 1      491    0.55%
      0     0      351.2457    15      349.4025 UserPurge2: 1      500    0.53%
*     0+    0                          349.7517      351.2457             0.43%
      0     0      351.1188    15      349.7517 UserPurge2: 1      503    0.39%
      0     0      351.0713    15      349.7517 UserPurge2: 1      506    0.38%
      0     0      350.9477    11      349.7517 UserPurge2: 1      515    0.34%
      0     0      350.8809    12      349.7517 UserPurge2: 1      524    0.32%
      0     0      350.8734    13      349.7517 UserPurge2: 1      530    0.32%
      0     0      350.8360    14      349.7517 UserPurge2: 1      538    0.31%
      0     0      350.8104    14      349.7517 UserPurge2: 1      542    0.30%
      0     0      350.7396    13      349.7517 UserPurge2: 1      548    0.28%
      0     0      350.6988    13      349.7517 UserPurge2: 1      551    0.27%
      0     0      350.6843    14      349.7517 UserPurge2: 1      553    0.27%
      0     0      350.6492    15      349.7517 UserPurge2: 1      556    0.26%
      0     0      350.6274    15      349.7517 UserPurge2: 1      560    0.25%
      0     0      350.5591    15      349.7517 UserPurge2: 1      568    0.23%
      0     0      350.4746    14      349.7517 UserPurge2: 1      576    0.21%
      0     0      350.4555    14      349.7517 UserPurge2: 1      583    0.20%
      0     0      350.3826    14      349.7517 UserPurge2: 1      589    0.18%
      0     0      350.3527    13      349.7517 UserPurge2: 1      595    0.17%
      0     0      350.3448    14      349.7517 UserPurge2: 1      597    0.17%
      0     0      350.3396    14      349.7517 UserPurge2: 1      601    0.17%
*     0+    0                          349.7650      350.3396             0.16%
      0     0      350.3339    15      349.7650 UserPurge2: 1      604    0.16%
      0     0      350.3172    15      349.7650 UserPurge2: 1      611    0.16%
      0     0      350.2915    12      349.7650 UserPurge2: 1      617    0.15%
      0     0      350.2758    13      349.7650 UserPurge2: 1      622    0.15%
      0     0      350.2455    12      349.7650 UserPurge2: 1      629    0.14%
      0     0      350.2344    13      349.7650 UserPurge2: 1      632    0.13%
      0     0      350.2195    14      349.7650 UserPurge2: 1      637    0.13%
      0     0      350.2065    14      349.7650 UserPurge2: 1      641    0.13%
      0     0      350.0426    10      349.7650 UserPurge2: 1      652    0.08%
      0     0      350.0152    11      349.7650 UserPurge2: 1      658    0.07%
      0     0      350.0015    12      349.7650 UserPurge2: 1      665    0.07%
      0     0      349.9993    13      349.7650 UserPurge2: 1      667    0.07%
      0     0      349.9779    14      349.7650 UserPurge2: 1      671    0.06%
      0     0      349.9662    15      349.7650 UserPurge2: 1      673    0.06%
      0     0      349.9237    12      349.7650 UserPurge2: 1      685    0.05%
      0     0      349.8891    12      349.7650 UserPurge2: 1      692    0.04%
      0     0      349.8834    13      349.7650 UserPurge2: 1      696    0.03%
      0     0      349.8603    14      349.7650 UserPurge2: 1      700    0.03%
      0     0      349.8314    12      349.7650 UserPurge2: 1      706    0.02%
      0     0      349.8078    11      349.7650 UserPurge2: 1      712    0.01%
      0     0      349.7962    10      349.7650 UserPurge2: 1      715    0.01%
      0     0      349.7910    10      349.7650 UserPurge2: 1      718    0.01%
      0     0      349.7789     6      349.7650 UserPurge2: 1      723    0.00%
      0     0      349.7718     5      349.7650 UserPurge2: 1      725    0.00%
      0     0        cutoff            349.7650                    726     --- 
Elapsed time = 3.89 sec. (42.59 ticks, tree = 0.01 MB, solutions = 5)

User cuts applied:  5

Root node processing (before b&c):
  Real time             =    3.89 sec. (42.60 ticks)
Sequential b&c:
  Real time             =    0.00 sec. (0.00 ticks)
                          ------------
Total (root+branch&cut) =    3.89 sec. (42.60 ticks)
@Parameters: 
is_S_cut                                true
is_add_all_yinF                         true
is_start_value                          true
is_usercut                              true
is_visualization                        false
uc_only_rootnode                        false

data                                    Biesinger
fn                                      data/Biesinger/111_n100_std
mode                                    NewSubmodular
solver                                  cplex

p                                       8
r                                       3

EPS                                     1.0e-06
EPS_vio                                 1.0e-04
beta                                    0.10
gap                                     0.00
nodelimit                               Inf
timelimit                               7200.00


@PrintInfos
ItCnt: 726
Current gap: 0.00 %
Termination Status: OPTIMAL
Primal Status: FEASIBLE_POINT
Solve Time: 3.89 sec
Objective Value: 349.765004
Number of Nodes:      0

CutInfo: [phase] num / time (sec) 
ZLP             [phase1]     0 / 0.00 [rLC]     0 / 0.00 [rUC]     0 / 0.00 [sLC]     0 / 0.00 [sUC]     0 / 0.00 
OldSubmodular   [phase1]     0 / 0.00 [rLC]     0 / 0.00 [rUC]     0 / 0.00 [sLC]     0 / 0.00 [sUC]     0 / 0.00 
NewSubmodular   [phase1]     0 / 0.00 [rLC]    39 / 1.55 [rUC]   166 / 0.29 [sLC]     0 / 0.00 [sUC]     0 / 0.00 
PMP             [phase1]     0 / 0.00 [rLC]     7 / 0.29 [rUC]     0 / 0.00 [sLC]     0 / 0.00 [sUC]     0 / 0.00 
Separation Round: [phase1] 0  [rLC] 42  [rUC] 104  [sLC] 0  [sUC] 0
Root Best Bound 349.765004
Root Best Integer: 349.765004
Best Bound: 349.765004
Best Integer: 349.765004

