Version identifier: 20.1.0.0 | 2020-11-10 | 9bedb6d68
CPXPARAM_Threads                                 1
CPXPARAM_TimeLimit                               7200
CPXPARAM_MIP_Tolerances_MIPGap                   0
Generic callback                                 0x60
1 of 1 MIP starts provided solutions.
MIP start 'm1' defined initial solution with objective 354.9918.
Tried aggregator 1 time.
Reduced MIP has 1 rows, 101 columns, and 100 nonzeros.
Reduced MIP has 100 binaries, 0 generals, 0 SOSs, and 0 indicators.
Presolve time = 0.00 sec. (0.03 ticks)
Probing time = 0.00 sec. (0.01 ticks)
Tried aggregator 1 time.
Reduced MIP has 1 rows, 101 columns, and 100 nonzeros.
Reduced MIP has 100 binaries, 0 generals, 0 SOSs, and 0 indicators.
Presolve time = 0.00 sec. (0.03 ticks)
Probing time = 0.00 sec. (0.01 ticks)
MIP emphasis: balance optimality and feasibility.
MIP search method: dynamic search.
Parallel mode: none, using 1 thread.
Root relaxation solution time = 0.00 sec. (0.02 ticks)

        Nodes                                         Cuts/
   Node  Left     Objective  IInf  Best Integer    Best Bound    ItCnt     Gap

*     0+    0                          354.9918      558.0000            57.19%
      0     0      441.6806     2      354.9918      558.0000        0   57.19%
      0     0      404.4195     3      354.9918 UserPurge2: 1       12   13.92%
      0     0      391.3287     5      354.9918 UserPurge2: 1       16   10.24%
      0     0      387.3153     7      354.9918 UserPurge2: 1       25    9.11%
      0     0      381.6855     6      354.9918 UserPurge2: 1       41    7.52%
      0     0      380.4934     7      354.9918 UserPurge1: 2       49    7.18%
      0     0      379.5746     8      354.9918 UserPurge1: 1       50    6.92%
      0     0      378.2504    11      354.9918 UserPurge2: 1       58    6.55%
      0     0      377.6509    10      354.9918 UserPurge2: 1       68    6.38%
      0     0      377.2521    11      354.9918 UserPurge1: 1       73    6.27%
      0     0      373.8374     7      354.9918 UserPurge2: 1       88    5.31%
      0     0      371.4491     9      354.9918 UserPurge1: 1       91    4.64%
      0     0      369.7487    10      354.9918 UserPurge2: 1      103    4.16%
      0     0      369.5976    10      354.9918 UserPurge1: 2      106    4.11%
      0     0      368.3844     7      354.9918 UserPurge2: 1      116    3.77%
      0     0      367.8733     8      354.9918 UserPurge2: 1      124    3.63%
      0     0      367.4624     9      354.9918 UserPurge2: 1      132    3.51%
      0     0      366.5896     7      354.9918 UserPurge2: 1      142    3.27%
      0     0      366.4910    10      354.9918 UserPurge1: 2      145    3.24%
      0     0      366.4727    12      354.9918 UserPurge1: 1      147    3.23%
      0     0      366.2887     8      354.9918 UserPurge2: 1      155    3.18%
      0     0      366.2189     9      354.9918 UserPurge2: 1      158    3.16%
      0     0      365.9118     9      354.9918 UserPurge2: 1      169    3.08%
      0     0      365.5096    10      354.9918 UserPurge2: 1      176    2.96%
      0     0      365.0781    10      354.9918 UserPurge2: 1      181    2.84%
      0     0      364.1225     9      354.9918 UserPurge2: 1      191    2.57%
      0     0      363.8000    10      354.9918 UserPurge2: 1      197    2.48%
      0     0      362.5578     6      354.9918 UserPurge2: 1      213    2.13%
      0     0      362.4601     8      354.9918 UserPurge2: 1      219    2.10%
      0     0      362.3443     8      354.9918 UserPurge2: 1      226    2.07%
      0     0      362.2153     9      354.9918 UserPurge2: 1      232    2.03%
      0     0      362.1619    10      354.9918 UserPurge2: 1      236    2.02%
      0     0      362.1172    11      354.9918 UserPurge2: 1      239    2.01%
      0     0      362.1011    12      354.9918 UserPurge2: 1      240    2.00%
      0     0      361.8742    11      354.9918 UserPurge2: 1      248    1.94%
      0     0      361.6844    10      354.9918 UserPurge2: 1      255    1.89%
      0     0      361.4707    10      354.9918 UserPurge2: 1      263    1.83%
      0     0      361.2055    11      354.9918 UserPurge2: 1      271    1.75%
      0     0      360.8329    10      354.9918 UserPurge2: 1      277    1.65%
      0     0      360.5565    10      354.9918 UserPurge2: 1      286    1.57%
      0     0      360.4126    10      354.9918 UserPurge2: 1      290    1.53%
      0     0      360.4125    11      354.9918 UserPurge2: 1      291    1.53%
      0     0      360.2085    11      354.9918 UserPurge2: 1      297    1.47%
      0     0      360.0443     9      354.9918 UserPurge2: 1      303    1.42%
      0     0      360.0159    10      354.9918 UserPurge2: 1      306    1.42%
      0     0      360.0017    11      354.9918 UserPurge2: 1      308    1.41%
      0     0      359.9588    11      354.9918 UserPurge2: 1      314    1.40%
      0     0      359.8935    11      354.9918 UserPurge2: 1      321    1.38%
      0     0      359.8475    12      354.9918 UserPurge2: 1      324    1.37%
      0     0      359.7245    12      354.9918 UserPurge2: 1      332    1.33%
      0     0      359.4823    10      354.9918 UserPurge2: 1      340    1.26%
      0     0      359.4198    11      354.9918 UserPurge2: 1      343    1.25%
      0     0      359.3015    11      354.9918 UserPurge2: 1      349    1.21%
      0     0      359.1932    12      354.9918 UserPurge2: 1      353    1.18%
*     0+    0                          356.4820      359.1932             0.76%
      0     0      359.1649    13      356.4820 UserPurge2: 1      356    0.75%
*     0+    0                          357.7475      359.1649             0.40%

Repeating presolve.
Tried aggregator 1 time.
MIP Presolve eliminated 0 rows and 45 columns.
Reduced MIP has 1 rows, 56 columns, and 55 nonzeros.
Reduced MIP has 55 binaries, 0 generals, 0 SOSs, and 0 indicators.
Presolve time = 0.00 sec. (0.03 ticks)
Probing time = 0.00 sec. (0.01 ticks)
Tried aggregator 1 time.
Reduced MIP has 1 rows, 56 columns, and 55 nonzeros.
Reduced MIP has 55 binaries, 0 generals, 0 SOSs, and 0 indicators.
Presolve time = 0.00 sec. (0.02 ticks)
Represolve time = 0.00 sec. (1.26 ticks)
Probing time = 0.00 sec. (0.01 ticks)
MIP emphasis: balance optimality and feasibility.
MIP search method: dynamic search.
Parallel mode: none, using 1 thread.
Root relaxation solution time = 0.00 sec. (0.31 ticks)

        Nodes                                         Cuts/
   Node  Left     Objective  IInf  Best Integer    Best Bound    ItCnt     Gap

*     0+    0                          357.7475      359.1649             0.40%
      0     0      359.1649    13      357.7475      359.1649      387    0.40%
      0     0      359.1029    14      357.7475 UserPurge2: 1      393    0.38%
      0     0      358.9785    13      357.7475 UserPurge2: 1      398    0.34%
      0     0      358.9412    14      357.7475 UserPurge2: 1      403    0.33%
      0     0      358.9313    15      357.7475 UserPurge2: 1      408    0.33%
      0     0      358.8593    15      357.7475 UserPurge2: 1      414    0.31%
      0     0      358.8424    16      357.7475 UserPurge2: 1      417    0.31%
      0     0      358.8110    16      357.7475 UserPurge2: 1      423    0.30%
      0     0      358.6977    13      357.7475 UserPurge2: 1      432    0.27%
      0     0      358.6206    12      357.7475 UserPurge2: 1      437    0.24%
      0     0      358.5983    13      357.7475 UserPurge2: 1      441    0.24%
      0     0      358.5924    14      357.7475 UserPurge2: 1      445    0.24%
      0     0      358.5603    14      357.7475 UserPurge2: 1      452    0.23%
      0     0      358.4979    13      357.7475 UserPurge2: 1      461    0.21%
      0     0      358.4771    13      357.7475 UserPurge2: 1      464    0.20%
      0     0      358.3225    13      357.7475 UserPurge2: 1      477    0.16%
      0     0      358.3018    13      357.7475 UserPurge2: 1      481    0.15%
*     0+    0                          357.8112      358.3018             0.14%
      0     0      358.2911    13      357.8112 UserPurge2: 1      483    0.13%
      0     0      358.2553    14      357.8112 UserPurge2: 1      490    0.12%
      0     0      358.2417    15      357.8112 UserPurge2: 1      494    0.12%
      0     0      358.2302    16      357.8112 UserPurge2: 1      496    0.12%
      0     0      358.2054    15      357.8112 UserPurge2: 1      501    0.11%
      0     0      358.1430    14      357.8112 UserPurge2: 1      506    0.09%
      0     0      358.1354    14      357.8112 UserPurge2: 1      508    0.09%
      0     0      358.1307    14      357.8112 UserPurge2: 1      513    0.09%
      0     0      358.1023    15      357.8112 UserPurge2: 1      520    0.08%
      0     0      358.0889    16      357.8112 UserPurge2: 1      522    0.08%
      0     0      358.0429    15      357.8112 UserPurge2: 1      529    0.06%
      0     0      358.0097    13      357.8112 UserPurge2: 1      543    0.06%
      0     0      358.0069    14      357.8112 UserPurge2: 1      545    0.05%
      0     0      357.9895    12      357.8112 UserPurge2: 1      555    0.05%
      0     0      357.9886    13      357.8112 UserPurge2: 1      557    0.05%
      0     0      357.9872    13      357.8112 UserPurge2: 1      560    0.05%
      0     0      357.9839    13      357.8112 UserPurge2: 1      566    0.05%
      0     0      357.9787    14      357.8112 UserPurge2: 1      568    0.05%
      0     0      357.9746    14      357.8112 UserPurge2: 1      572    0.05%
      0     0      357.9605    12      357.8112 UserPurge2: 1      577    0.04%
      0     0      357.9495    13      357.8112 UserPurge2: 1      582    0.04%
      0     0      357.9464    14      357.8112 UserPurge2: 1      583    0.04%
      0     0      357.9376    13      357.8112 UserPurge2: 1      589    0.04%
      0     0      357.9354    12      357.8112 UserPurge2: 1      592    0.03%
      0     0      357.9345    13      357.8112 UserPurge2: 1      593    0.03%
      0     0      357.9313    14      357.8112 UserPurge2: 1      594    0.03%
      0     0      357.9294    12      357.8112 UserPurge2: 1      599    0.03%
      0     0      357.9286    13      357.8112 UserPurge2: 1      601    0.03%
      0     0      357.9189    12      357.8112 UserPurge2: 1      606    0.03%
      0     0      357.9176    12      357.8112 UserPurge2: 1      608    0.03%
      0     0      357.9133    11      357.8112 UserPurge2: 1      611    0.03%
      0     0      357.9122    12      357.8112 UserPurge2: 1      613    0.03%
      0     0      357.9117    12      357.8112 UserPurge2: 1      615    0.03%
      0     0      357.9113    13      357.8112 UserPurge2: 1      616    0.03%
      0     0      357.9103    13      357.8112 UserPurge2: 1      618    0.03%
      0     0      357.9005    12      357.8112 UserPurge2: 1      622    0.02%
      0     0      357.8985    12      357.8112 UserPurge2: 1      624    0.02%
      0     0      357.8969    11      357.8112 UserPurge2: 1      627    0.02%
      0     0      357.8965     6      357.8112 UserPurge2: 1      628    0.02%
      0     2      357.8965     6      357.8112      357.8956      628    0.02%
Elapsed time = 4.09 sec. (46.37 ticks, tree = 0.01 MB, solutions = 4)

User cuts applied:  39

Root node processing (before b&c):
  Real time             =    4.09 sec. (46.38 ticks)
Sequential b&c:
  Real time             =    0.22 sec. (0.79 ticks)
                          ------------
Total (root+branch&cut) =    4.31 sec. (47.16 ticks)
@Parameters: 
is_S_cut                                true
is_add_all_yinF                         true
is_start_value                          true
is_usercut                              true
is_visualization                        false
uc_only_rootnode                        false

data                                    Biesinger
fn                                      data/Biesinger/111_n100_std
mode                                    NewSubmodular
solver                                  cplex

p                                       6
r                                       2

EPS                                     1.0e-06
EPS_vio                                 1.0e-04
beta                                    0.10
gap                                     0.00
nodelimit                               Inf
timelimit                               7200.00


@PrintInfos
ItCnt: 674
Current gap: 0.00 %
Termination Status: OPTIMAL
Primal Status: FEASIBLE_POINT
Solve Time: 4.31 sec
Objective Value: 357.811195
Number of Nodes:      5

CutInfo: [phase] num / time (sec) 
ZLP             [phase1]     0 / 0.00 [rLC]     0 / 0.00 [rUC]     0 / 0.00 [sLC]     0 / 0.00 [sUC]     0 / 0.00 
OldSubmodular   [phase1]     0 / 0.00 [rLC]     0 / 0.00 [rUC]     0 / 0.00 [sLC]     0 / 0.00 [sUC]     0 / 0.00 
NewSubmodular   [phase1]     0 / 0.00 [rLC]   104 / 1.60 [rUC]   334 / 0.54 [sLC]     0 / 0.00 [sUC]    27 / 0.22 
PMP             [phase1]     0 / 0.00 [rLC]     8 / 0.38 [rUC]     0 / 0.00 [sLC]     0 / 0.00 [sUC]     2 / 0.09 
Separation Round: [phase1] 0  [rLC] 71  [rUC] 111  [sLC] 0  [sUC] 11
Root Best Bound 357.871656
Root Best Integer: 357.811195
Best Bound: 357.811195
Best Integer: 357.811195

