Version identifier: 20.1.0.0 | 2020-11-10 | 9bedb6d68
CPXPARAM_Threads                                 1
CPXPARAM_TimeLimit                               7200
CPXPARAM_MIP_Tolerances_MIPGap                   0
Generic callback                                 0x60
1 of 1 MIP starts provided solutions.
MIP start 'm1' defined initial solution with objective 290.0971.
Tried aggregator 1 time.
Reduced MIP has 1 rows, 101 columns, and 100 nonzeros.
Reduced MIP has 100 binaries, 0 generals, 0 SOSs, and 0 indicators.
Presolve time = 0.00 sec. (0.03 ticks)
Probing time = 0.00 sec. (0.01 ticks)
Tried aggregator 1 time.
Reduced MIP has 1 rows, 101 columns, and 100 nonzeros.
Reduced MIP has 100 binaries, 0 generals, 0 SOSs, and 0 indicators.
Presolve time = 0.00 sec. (0.03 ticks)
Probing time = 0.00 sec. (0.01 ticks)
MIP emphasis: balance optimality and feasibility.
MIP search method: dynamic search.
Parallel mode: none, using 1 thread.
Root relaxation solution time = 0.00 sec. (0.02 ticks)

        Nodes                                         Cuts/
   Node  Left     Objective  IInf  Best Integer    Best Bound    ItCnt     Gap

*     0+    0                          290.0971      558.0000            92.35%
      0     0      367.3433     2      290.0971      558.0000        0   92.35%
      0     0      340.5699     4      290.0971 UserPurge2: 1        4   17.40%
      0     0      327.6933     6      290.0971 UserPurge2: 1       10   12.96%
      0     0      324.1020     7      290.0971 UserPurge2: 1       17   11.72%
      0     0      321.4321     8      290.0971 UserPurge2: 1       23   10.80%
      0     0      318.2811     9      290.0971 UserPurge2: 1       35    9.72%
      0     0      312.0920     6      290.0971 UserPurge2: 1       47    7.58%
      0     0      311.0253     7      290.0971 UserPurge1: 1       49    7.21%
      0     0      309.7384     7      290.0971 UserPurge2: 1       56    6.77%
      0     0      308.7969     9      290.0971 UserPurge2: 1       63    6.45%
      0     0      308.6340    11      290.0971 UserPurge1: 1       67    6.39%
      0     0      306.3702     8      290.0971 UserPurge2: 1       77    5.61%
      0     0      305.3027     9      290.0971 UserPurge1: 2       79    5.24%
      0     0      303.5710     7      290.0971 UserPurge2: 1       87    4.64%
      0     0      302.6152     9      290.0971 UserPurge2: 1       91    4.32%
      0     0      302.2580     9      290.0971 UserPurge2: 1      100    4.19%
      0     0      301.7504     9      290.0971 UserPurge2: 1      104    4.02%
      0     0      301.5316     9      290.0971 UserPurge2: 1      111    3.94%
      0     0      300.9758     9      290.0971 UserPurge2: 1      118    3.75%
      0     0      300.3547     8      290.0971 UserPurge2: 1      125    3.54%
      0     0      300.1590     9      290.0971 UserPurge2: 1      128    3.47%
      0     0      299.9036     9      290.0971 UserPurge2: 1      136    3.38%
      0     0      299.7638     9      290.0971 UserPurge2: 1      142    3.33%
      0     0      298.8445     7      290.0971 UserPurge2: 1      151    3.02%
      0     0      298.5045     8      290.0971 UserPurge2: 1      160    2.90%
      0     0      298.0337     9      290.0971 UserPurge2: 1      163    2.74%
      0     0      297.8016    10      290.0971 UserPurge2: 1      173    2.66%
      0     0      297.1730     8      290.0971 UserPurge2: 1      180    2.44%
      0     0      297.0847     8      290.0971 UserPurge2: 1      183    2.41%
      0     0      296.9973     9      290.0971 UserPurge2: 1      187    2.38%
      0     0      296.4842     9      290.0971 UserPurge2: 1      192    2.20%
      0     0      296.3206    10      290.0971 UserPurge2: 1      198    2.15%
      0     0      296.2190    11      290.0971 UserPurge2: 1      201    2.11%
      0     0      296.0638    11      290.0971 UserPurge2: 1      207    2.06%
      0     0      296.0526    12      290.0971 UserPurge2: 1      210    2.05%
      0     0      295.9457    11      290.0971 UserPurge2: 1      217    2.02%
      0     0      295.3825    10      290.0971 UserPurge2: 1      226    1.82%
      0     0      295.3421    11      290.0971 UserPurge2: 1      231    1.81%
      0     0      295.3153    12      290.0971 UserPurge2: 1      235    1.80%
      0     0      295.2712    13      290.0971 UserPurge2: 1      238    1.78%
*     0+    0                          291.1718      295.2712             1.41%
      0     0      295.2388    13      291.1718 UserPurge2: 1      240    1.40%
      0     0      294.6544    11      291.1718 UserPurge2: 1      244    1.20%
      0     0      294.2094    10      291.1718 UserPurge2: 1      248    1.04%
*     0+    0                          291.8449      294.2094             0.81%

Repeating presolve.
Tried aggregator 1 time.
MIP Presolve eliminated 0 rows and 31 columns.
Reduced MIP has 1 rows, 70 columns, and 69 nonzeros.
Reduced MIP has 69 binaries, 0 generals, 0 SOSs, and 0 indicators.
Presolve time = 0.00 sec. (0.03 ticks)
Probing time = 0.00 sec. (0.01 ticks)
Tried aggregator 1 time.
Reduced MIP has 1 rows, 70 columns, and 69 nonzeros.
Reduced MIP has 69 binaries, 0 generals, 0 SOSs, and 0 indicators.
Presolve time = 0.00 sec. (0.02 ticks)
Represolve time = 0.00 sec. (0.71 ticks)
Probing time = 0.00 sec. (0.01 ticks)
MIP emphasis: balance optimality and feasibility.
MIP search method: dynamic search.
Parallel mode: none, using 1 thread.
Root relaxation solution time = 0.00 sec. (0.28 ticks)

        Nodes                                         Cuts/
   Node  Left     Objective  IInf  Best Integer    Best Bound    ItCnt     Gap

*     0+    0                          291.8449      294.2094             0.81%
      0     0      294.2094    10      291.8449      294.2094      272    0.81%
      0     0      294.1558    10      291.8449 UserPurge2: 1      275    0.79%
      0     0      293.9633    10      291.8449 UserPurge2: 1      280    0.73%
      0     0      293.7298    10      291.8449 UserPurge2: 1      288    0.65%
      0     0      293.7195    11      291.8449 UserPurge2: 1      289    0.64%
      0     0      293.3343    10      291.8449 UserPurge2: 1      294    0.51%
      0     0      293.2627    11      291.8449 UserPurge2: 1      299    0.49%
      0     0      293.2285    10      291.8449 UserPurge2: 1      307    0.47%
      0     0      293.2054    10      291.8449 UserPurge2: 1      311    0.47%
      0     0      293.2001    11      291.8449 UserPurge2: 1      314    0.46%
*     0+    0                          291.9581      293.2001             0.43%
      0     0      293.1884    12      291.9581 UserPurge2: 1      315    0.42%
      0     0      293.1687    12      291.9581 UserPurge2: 1      320    0.41%
      0     0      293.1250    12      291.9581 UserPurge2: 1      326    0.40%
      0     0      292.9804    12      291.9581 UserPurge2: 1      332    0.35%
      0     0      292.8809    11      291.9581 UserPurge2: 1      339    0.32%
      0     0      292.8693    12      291.9581 UserPurge2: 1      342    0.31%
      0     0      292.7328    12      291.9581 UserPurge2: 1      348    0.27%
      0     0      292.7159    12      291.9581 UserPurge2: 1      352    0.26%
      0     0      292.6586    13      291.9581 UserPurge2: 1      354    0.24%
      0     0      292.4572    12      291.9581 UserPurge2: 1      357    0.17%
      0     0      292.3416    12      291.9581 UserPurge2: 1      362    0.13%
      0     0      292.2490    12      291.9581 UserPurge2: 1      367    0.10%
      0     0      292.2177    13      291.9581 UserPurge2: 1      373    0.09%
      0     0      292.1796    13      291.9581 UserPurge2: 1      380    0.08%
      0     0      292.1332    13      291.9581 UserPurge2: 1      386    0.06%
      0     0      292.1192    13      291.9581 UserPurge2: 1      391    0.06%
      0     0      292.1045    13      291.9581 UserPurge2: 1      394    0.05%
      0     0      292.1037    14      291.9581 UserPurge2: 1      397    0.05%
      0     0      292.0966    15      291.9581 UserPurge2: 1      399    0.05%
      0     0      292.0640    14      291.9581 UserPurge2: 1      404    0.04%
      0     0      291.9868     7      291.9581 UserPurge2: 1      418    0.01%
      0     0      291.9752     6      291.9581 UserPurge2: 1      421    0.01%
      0     0      291.9748     6      291.9581 UserPurge2: 1      422    0.01%
      0     0      291.9609     6      291.9581 UserPurge2: 1      423    0.00%
      0     0        cutoff            291.9581                    424     --- 
Elapsed time = 3.55 sec. (25.41 ticks, tree = 0.01 MB, solutions = 4)

User cuts applied:  6

Root node processing (before b&c):
  Real time             =    3.55 sec. (25.42 ticks)
Sequential b&c:
  Real time             =    0.00 sec. (0.00 ticks)
                          ------------
Total (root+branch&cut) =    3.55 sec. (25.42 ticks)
@Parameters: 
is_S_cut                                true
is_add_all_yinF                         true
is_start_value                          true
is_usercut                              true
is_visualization                        false
uc_only_rootnode                        false

data                                    Biesinger
fn                                      data/Biesinger/111_n100_std
mode                                    NewSubmodular
solver                                  cplex

p                                       6
r                                       5

EPS                                     1.0e-06
EPS_vio                                 1.0e-04
beta                                    0.10
gap                                     0.00
nodelimit                               Inf
timelimit                               7200.00


@PrintInfos
ItCnt: 424
Current gap: 0.00 %
Termination Status: OPTIMAL
Primal Status: FEASIBLE_POINT
Solve Time: 3.55 sec
Objective Value: 291.958053
Number of Nodes:      0

CutInfo: [phase] num / time (sec) 
ZLP             [phase1]     0 / 0.00 [rLC]     0 / 0.00 [rUC]     0 / 0.00 [sLC]     0 / 0.00 [sUC]     0 / 0.00 
OldSubmodular   [phase1]     0 / 0.00 [rLC]     0 / 0.00 [rUC]     0 / 0.00 [sLC]     0 / 0.00 [sUC]     0 / 0.00 
NewSubmodular   [phase1]     0 / 0.00 [rLC]    42 / 1.45 [rUC]   113 / 0.20 [sLC]     0 / 0.00 [sUC]     0 / 0.00 
PMP             [phase1]     0 / 0.00 [rLC]     6 / 0.23 [rUC]     0 / 0.00 [sLC]     0 / 0.00 [sUC]     0 / 0.00 
Separation Round: [phase1] 0  [rLC] 45  [rUC] 76  [sLC] 0  [sUC] 0
Root Best Bound 291.958053
Root Best Integer: 291.958053
Best Bound: 291.958053
Best Integer: 291.958053

