Version identifier: 20.1.0.0 | 2020-11-10 | 9bedb6d68
CPXPARAM_Threads                                 1
CPXPARAM_TimeLimit                               7200
CPXPARAM_MIP_Tolerances_MIPGap                   0
Generic callback                                 0x60
1 of 1 MIP starts provided solutions.
MIP start 'm1' defined initial solution with objective 203.7863.
Tried aggregator 1 time.
Reduced MIP has 1 rows, 101 columns, and 100 nonzeros.
Reduced MIP has 100 binaries, 0 generals, 0 SOSs, and 0 indicators.
Presolve time = 0.00 sec. (0.03 ticks)
Probing time = 0.00 sec. (0.01 ticks)
Tried aggregator 1 time.
Reduced MIP has 1 rows, 101 columns, and 100 nonzeros.
Reduced MIP has 100 binaries, 0 generals, 0 SOSs, and 0 indicators.
Presolve time = 0.00 sec. (0.03 ticks)
Probing time = 0.00 sec. (0.01 ticks)
MIP emphasis: balance optimality and feasibility.
MIP search method: dynamic search.
Parallel mode: none, using 1 thread.
Root relaxation solution time = 0.00 sec. (0.02 ticks)

        Nodes                                         Cuts/
   Node  Left     Objective  IInf  Best Integer    Best Bound    ItCnt     Gap

*     0+    0                          203.7863      558.0000           173.82%
      0     0      247.5233     2      203.7863      558.0000        0  173.82%
      0     0      238.0897     3      203.7863      Fract: 1        6   16.83%
      0     0      236.6446     5      203.7863 UserPurge1: 1        8   16.12%
*     0+    0                          211.7474      236.6446            11.76%
      0     2      236.1565     6      211.7474      236.1521        8   11.53%
Elapsed time = 2.85 sec. (1.70 ticks, tree = 0.01 MB, solutions = 2)
*   100+   22                          211.8985      235.0236            10.91%
    884   508      224.9317     6      211.8985      231.6447     2268    9.32%
*  1369   776      integral     0      212.6039      230.0051     3497    8.18%
   1469   856      217.3406     5      212.6039      229.4241     3799    7.91%

Performing restart 1

Repeating presolve.
Tried aggregator 1 time.
Reduced MIP has 1 rows, 101 columns, and 100 nonzeros.
Reduced MIP has 100 binaries, 0 generals, 0 SOSs, and 0 indicators.
Presolve time = 0.00 sec. (0.03 ticks)
Tried aggregator 1 time.
Reduced MIP has 1 rows, 101 columns, and 100 nonzeros.
Reduced MIP has 100 binaries, 0 generals, 0 SOSs, and 0 indicators.
Presolve time = 0.00 sec. (0.03 ticks)
Represolve time = 0.01 sec. (4.27 ticks)
   1871   117      228.0152     5      212.6039      229.1766     4888    7.80%
   2368   493      220.8609     4      212.6039      229.1766     5994    7.80%
   2918   927      221.7887     5      212.6039      228.7822     7220    7.61%
   3402  1259      218.5135     4      212.6039      226.9237     8354    6.74%
   3758  1352      216.6896     3      212.6039      224.6818     9410    5.68%
   4056  1364      217.5154     4      212.6039      223.3657    10215    5.06%
   4290  1220        cutoff            212.6039      221.4292    10847    4.15%
   5326   282        cutoff            212.6039      215.6428    13036    1.43%
Elapsed time = 9.72 sec. (3115.49 ticks, tree = 1.20 MB, solutions = 4)

Gomory fractional cuts applied:  1
User cuts applied:  823

Root node processing (before b&c):
  Real time             =    2.85 sec. (1.94 ticks)
Sequential b&c:
  Real time             =    6.94 sec. (3297.34 ticks)
                          ------------
Total (root+branch&cut) =    9.79 sec. (3299.28 ticks)
@Parameters: 
is_S_cut                                true
is_add_all_yinF                         true
is_start_value                          true
is_usercut                              true
is_visualization                        false
uc_only_rootnode                        false

data                                    Biesinger
fn                                      data/Biesinger/111_n100_std
mode                                    OldSubmodular
solver                                  cplex

p                                       2
r                                       5

EPS                                     1.0e-06
EPS_vio                                 1.0e-04
beta                                    0.10
gap                                     0.00
nodelimit                               Inf
timelimit                               7200.00


@PrintInfos
ItCnt: 13320
Current gap: 0.00 %
Termination Status: OPTIMAL
Primal Status: FEASIBLE_POINT
Solve Time: 9.79 sec
Objective Value: 212.603919
Number of Nodes:   5609

CutInfo: [phase] num / time (sec) 
ZLP             [phase1]     0 / 0.00 [rLC]     0 / 0.00 [rUC]     0 / 0.00 [sLC]     0 / 0.00 [sUC]     0 / 0.00 
OldSubmodular   [phase1]     0 / 0.00 [rLC]    13 / 0.91 [rUC]     0 / 0.14 [sLC]  1194 / 1.56 [sUC]     0 / 3.31 
NewSubmodular   [phase1]     0 / 0.00 [rLC]     0 / 0.00 [rUC]     0 / 0.00 [sLC]     0 / 0.00 [sUC]     0 / 0.00 
PMP             [phase1]     0 / 0.00 [rLC]     4 / 0.15 [rUC]     0 / 0.00 [sLC]     3 / 0.11 [sUC]     0 / 0.00 
Separation Round: [phase1] 0  [rLC] 13  [rUC] 4  [sLC] 407  [sUC] 7016
Root Best Bound 236.085779
Root Best Integer: 211.747436
Best Bound: 212.603919
Best Integer: 212.603919

