Version identifier: 20.1.0.0 | 2020-11-10 | 9bedb6d68
CPXPARAM_Threads                                 1
CPXPARAM_TimeLimit                               7200
CPXPARAM_MIP_Tolerances_MIPGap                   0
Generic callback                                 0x60
1 of 1 MIP starts provided solutions.
MIP start 'm1' defined initial solution with objective 325.0520.
Tried aggregator 1 time.
Reduced MIP has 10101 rows, 10101 columns, and 30100 nonzeros.
Reduced MIP has 100 binaries, 0 generals, 0 SOSs, and 0 indicators.
Presolve time = 0.01 sec. (9.72 ticks)
Probing time = 0.00 sec. (1.26 ticks)
Tried aggregator 1 time.
Reduced MIP has 10101 rows, 10101 columns, and 30100 nonzeros.
Reduced MIP has 100 binaries, 0 generals, 0 SOSs, and 0 indicators.
Presolve time = 0.01 sec. (9.55 ticks)
Probing time = 0.00 sec. (1.26 ticks)
MIP emphasis: balance optimality and feasibility.
MIP search method: dynamic search.
Parallel mode: none, using 1 thread.
Root relaxation solution time = 0.00 sec. (3.91 ticks)

        Nodes                                         Cuts/
   Node  Left     Objective  IInf  Best Integer    Best Bound    ItCnt     Gap

*     0+    0                          325.0520      558.0000            71.66%
      0     0      327.4585     6      325.0520      558.0000        0   71.66%
*     0+    0                          326.6744      327.4585             0.24%
      0     2      327.3161     6      326.6744      327.3142        0    0.20%
Elapsed time = 3.34 sec. (348.82 ticks, tree = 0.01 MB, solutions = 2)
*     2     2      integral     0      326.9369      327.3077      125    0.11%
*     6     2      integral     0      326.9475      327.3077      250    0.11%
*     8     0      integral     0      326.9738      327.3077      297    0.10%

User cuts applied:  2

Root node processing (before b&c):
  Real time             =    3.34 sec. (349.06 ticks)
Sequential b&c:
  Real time             =    0.50 sec. (113.52 ticks)
                          ------------
Total (root+branch&cut) =    3.83 sec. (462.59 ticks)
@Parameters: 
is_S_cut                                true
is_add_all_yinF                         true
is_start_value                          true
is_usercut                              true
is_visualization                        false
uc_only_rootnode                        false

data                                    Biesinger
fn                                      data/Biesinger/111_n100_std
mode                                    ZLP
solver                                  cplex

p                                       6
r                                       3

EPS                                     1.0e-06
EPS_vio                                 1.0e-04
beta                                    0.10
gap                                     0.00
nodelimit                               Inf
timelimit                               7200.00


@PrintInfos
ItCnt: 297
Current gap: 0.00 %
Termination Status: OPTIMAL
Primal Status: FEASIBLE_POINT
Solve Time: 3.83 sec
Objective Value: 326.973786
Number of Nodes:      9

CutInfo: [phase] num / time (sec) 
ZLP             [phase1]     0 / 0.00 [rLC]     4 / 1.16 [rUC]     0 / 0.21 [sLC]     0 / 0.10 [sUC]     0 / 0.26 
OldSubmodular   [phase1]     0 / 0.00 [rLC]     0 / 0.00 [rUC]     0 / 0.00 [sLC]     0 / 0.00 [sUC]     0 / 0.00 
NewSubmodular   [phase1]     0 / 0.00 [rLC]     0 / 0.00 [rUC]     0 / 0.00 [sLC]     0 / 0.00 [sUC]     0 / 0.00 
PMP             [phase1]     0 / 0.00 [rLC]     6 / 0.21 [rUC]     2 / 0.07 [sLC]     3 / 0.09 [sUC]     6 / 0.24 
Separation Round: [phase1] 0  [rLC] 6  [rUC] 2  [sLC] 3  [sUC] 6
Root Best Bound 327.307730
Root Best Integer: 326.936927
Best Bound: 326.973786
Best Integer: 326.973786

