Version identifier: 20.1.0.0 | 2020-11-10 | 9bedb6d68
CPXPARAM_Threads                                 1
CPXPARAM_TimeLimit                               7200
CPXPARAM_MIP_Tolerances_MIPGap                   0
Generic callback                                 0x60
1 of 1 MIP starts provided solutions.
MIP start 'm1' defined initial solution with objective 326.2463.
Tried aggregator 1 time.
Reduced MIP has 1 rows, 101 columns, and 100 nonzeros.
Reduced MIP has 100 binaries, 0 generals, 0 SOSs, and 0 indicators.
Presolve time = 0.00 sec. (0.03 ticks)
Probing time = 0.00 sec. (0.01 ticks)
Tried aggregator 1 time.
Reduced MIP has 1 rows, 101 columns, and 100 nonzeros.
Reduced MIP has 100 binaries, 0 generals, 0 SOSs, and 0 indicators.
Presolve time = 0.00 sec. (0.03 ticks)
Probing time = 0.00 sec. (0.01 ticks)
MIP emphasis: balance optimality and feasibility.
MIP search method: dynamic search.
Parallel mode: none, using 1 thread.
Root relaxation solution time = 0.00 sec. (0.02 ticks)

        Nodes                                         Cuts/
   Node  Left     Objective  IInf  Best Integer    Best Bound    ItCnt     Gap

*     0+    0                          326.2463      558.0000            71.04%
      0     0      396.8269     2      326.2463      558.0000        0   71.04%
      0     0      369.9545     3      326.2463 UserPurge2: 1        8   13.40%
      0     0      361.8878     5      326.2463 UserPurge2: 1       20   10.92%
      0     0      358.8173     7      326.2463 UserPurge2: 1       26    9.98%
      0     0      356.4796     9      326.2463 UserPurge2: 1       46    9.27%
      0     0      354.9301    10      326.2463 UserPurge2: 1       55    8.79%
      0     0      351.6845    10      326.2463 UserPurge2: 1       74    7.80%
      0     0      351.2165    11      326.2463 UserPurge1: 1       78    7.65%
      0     0      350.7535    11      326.2463 UserPurge1: 1       83    7.51%
      0     0      350.5734    13      326.2463 UserPurge1: 1       84    7.46%
      0     0      347.8054     7      326.2463 UserPurge2: 1      106    6.61%
      0     0      343.2421     7      326.2463 UserPurge2: 1      112    5.21%
      0     0      341.8624     7      326.2463 UserPurge2: 1      123    4.79%
      0     0      341.3877     9      326.2463 UserPurge1: 1      125    4.64%
      0     0      341.2303    11      326.2463 UserPurge1: 1      127    4.59%
      0     0      340.9875    10      326.2463 UserPurge2: 1      136    4.52%
      0     0      338.9304     8      326.2463 UserPurge2: 1      152    3.89%
      0     0      338.8713     8      326.2463 UserPurge1: 1      153    3.87%
      0     0      338.6961     9      326.2463 UserPurge1: 1      155    3.82%
      0     0      338.4265    10      326.2463 UserPurge2: 1      162    3.73%
      0     0      337.3441     8      326.2463 UserPurge2: 1      170    3.40%
      0     0      337.1577     8      326.2463 UserPurge2: 1      177    3.34%
      0     0      336.7863     9      326.2463 UserPurge2: 1      185    3.23%
      0     0      336.6119    10      326.2463 UserPurge2: 1      199    3.18%
      0     0      336.4717    11      326.2463 UserPurge2: 1      206    3.13%
      0     0      336.3142    12      326.2463 UserPurge2: 1      213    3.09%
      0     0      336.1803    12      326.2463 UserPurge2: 1      221    3.04%
      0     0      335.9301    12      326.2463 UserPurge2: 1      226    2.97%
      0     0      335.8204    13      326.2463 UserPurge2: 1      228    2.93%
      0     0      334.2658    10      326.2463 UserPurge2: 1      242    2.46%
      0     0      333.9320     9      326.2463 UserPurge2: 1      249    2.36%
      0     0      333.7917     9      326.2463 UserPurge2: 1      255    2.31%
      0     0      333.6089    10      326.2463 UserPurge2: 1      259    2.26%
      0     0      333.5258    11      326.2463 UserPurge2: 1      267    2.23%
*     0+    0                          326.4234      333.5258             2.18%
      0     0      333.4490    12      326.4234 UserPurge2: 1      271    2.15%
      0     0      333.0504    13      326.4234 UserPurge2: 1      277    2.03%
      0     0      332.5227    12      326.4234 UserPurge2: 1      287    1.87%
      0     0      332.3033    11      326.4234 UserPurge2: 1      294    1.80%
      0     0      332.1727    11      326.4234 UserPurge2: 1      297    1.76%
      0     0      332.0755    12      326.4234 UserPurge2: 1      301    1.73%
      0     0      331.9684    13      326.4234 UserPurge2: 1      306    1.70%
      0     0      331.5545    12      326.4234 UserPurge2: 1      316    1.57%
*     0+    0                          326.9061      331.5545             1.42%
      0     0      331.4803    12      326.9061 UserPurge2: 1      325    1.40%
      0     0      331.3544    13      326.9061 UserPurge2: 1      331    1.36%
      0     0      331.2019    13      326.9061 UserPurge2: 1      336    1.31%
      0     0      330.3040    10      326.9061 UserPurge2: 1      344    1.04%
      0     0      329.9430     8      326.9061 UserPurge2: 1      350    0.93%
      0     0      329.6601     8      326.9061 UserPurge2: 1      359    0.84%
      0     0      329.5589     9      326.9061 UserPurge2: 1      365    0.81%
      0     0      329.5227     9      326.9061 UserPurge2: 1      370    0.80%
      0     0      329.4902    10      326.9061 UserPurge2: 1      372    0.79%
      0     0      329.4396    11      326.9061 UserPurge2: 1      377    0.77%
      0     0      329.2973    11      326.9061 UserPurge2: 1      387    0.73%
      0     0      329.2743    12      326.9061 UserPurge2: 1      391    0.72%
      0     0      329.1513    12      326.9061 UserPurge2: 1      396    0.69%
      0     0      329.1433    13      326.9061 UserPurge2: 1      397    0.68%
      0     0      329.0482    12      326.9061 UserPurge2: 1      405    0.66%
      0     0      328.6787     9      326.9061 UserPurge2: 1      414    0.54%

Repeating presolve.
Tried aggregator 1 time.
MIP Presolve eliminated 0 rows and 38 columns.
Reduced MIP has 1 rows, 63 columns, and 62 nonzeros.
Reduced MIP has 62 binaries, 0 generals, 0 SOSs, and 0 indicators.
Presolve time = 0.00 sec. (0.03 ticks)
Probing time = 0.00 sec. (0.01 ticks)
Tried aggregator 1 time.
Reduced MIP has 1 rows, 63 columns, and 62 nonzeros.
Reduced MIP has 62 binaries, 0 generals, 0 SOSs, and 0 indicators.
Presolve time = 0.00 sec. (0.02 ticks)
Represolve time = 0.00 sec. (0.69 ticks)
Probing time = 0.00 sec. (0.01 ticks)
MIP emphasis: balance optimality and feasibility.
MIP search method: dynamic search.
Parallel mode: none, using 1 thread.
Root relaxation solution time = 0.00 sec. (0.20 ticks)

        Nodes                                         Cuts/
   Node  Left     Objective  IInf  Best Integer    Best Bound    ItCnt     Gap

*     0+    0                          326.9061      328.6787             0.54%
      0     0      328.6787     9      326.9061      328.6787      434    0.54%
      0     0      328.5605    10      326.9061 UserPurge2: 1      438    0.51%
      0     0      328.5149    11      326.9061 UserPurge2: 1      440    0.49%
      0     0      328.3846    10      326.9061 UserPurge2: 1      446    0.45%
      0     0      328.3502    10      326.9061 UserPurge2: 1      448    0.44%
*     0+    0                          327.2472      328.3502             0.34%
      0     0      328.3223    10      327.2472 UserPurge2: 1      454    0.33%
      0     0      328.3071    10      327.2472 UserPurge2: 1      459    0.32%
      0     0      328.2679    10      327.2472 UserPurge2: 1      466    0.31%
      0     0      328.2390    11      327.2472 UserPurge2: 1      468    0.30%
      0     0      328.2246    11      327.2472 UserPurge2: 1      473    0.30%
      0     0      328.2174    11      327.2472 UserPurge2: 1      476    0.30%
      0     0      328.2103    11      327.2472 UserPurge2: 1      480    0.29%
      0     0      328.2071    12      327.2472 UserPurge2: 1      483    0.29%
*     0+    0                          327.8701      328.2071             0.10%
      0     0      328.2035    13      327.8701 UserPurge2: 1      485    0.10%
      0     0      328.1559    12      327.8701 UserPurge2: 1      493    0.09%
      0     0      328.1205    12      327.8701 UserPurge2: 1      496    0.08%
      0     0      328.0855    11      327.8701 UserPurge2: 1      502    0.07%
      0     0      328.0718    12      327.8701 UserPurge2: 1      506    0.06%
      0     0      328.0565    13      327.8701 UserPurge2: 1      509    0.06%
      0     0      328.0484    12      327.8701 UserPurge2: 1      515    0.05%
      0     0      328.0454    13      327.8701 UserPurge2: 1      519    0.05%
      0     0      328.0398    14      327.8701 UserPurge2: 1      521    0.05%
      0     0      328.0375    13      327.8701 UserPurge2: 1      524    0.05%
      0     0      328.0333    14      327.8701 UserPurge2: 1      526    0.05%
      0     0      328.0182    13      327.8701 UserPurge2: 1      534    0.05%
      0     0        cutoff            327.8701                    545     --- 
Elapsed time = 3.43 sec. (29.68 ticks, tree = 0.01 MB, solutions = 5)

User cuts applied:  8

Root node processing (before b&c):
  Real time             =    3.43 sec. (29.68 ticks)
Sequential b&c:
  Real time             =    0.00 sec. (0.00 ticks)
                          ------------
Total (root+branch&cut) =    3.43 sec. (29.68 ticks)
@Parameters: 
is_S_cut                                true
is_add_all_yinF                         true
is_start_value                          true
is_usercut                              true
is_visualization                        false
uc_only_rootnode                        false

data                                    Biesinger
fn                                      data/Biesinger/111_n100_std
mode                                    NewSubmodular
solver                                  cplex

p                                       8
r                                       4

EPS                                     1.0e-06
EPS_vio                                 1.0e-04
beta                                    0.10
gap                                     0.00
nodelimit                               Inf
timelimit                               7200.00


@PrintInfos
ItCnt: 545
Current gap: 0.00 %
Termination Status: OPTIMAL
Primal Status: FEASIBLE_POINT
Solve Time: 3.43 sec
Objective Value: 327.870063
Number of Nodes:      0

CutInfo: [phase] num / time (sec) 
ZLP             [phase1]     0 / 0.00 [rLC]     0 / 0.00 [rUC]     0 / 0.00 [sLC]     0 / 0.00 [sUC]     0 / 0.00 
OldSubmodular   [phase1]     0 / 0.00 [rLC]     0 / 0.00 [rUC]     0 / 0.00 [sLC]     0 / 0.00 [sUC]     0 / 0.00 
NewSubmodular   [phase1]     0 / 0.00 [rLC]    36 / 1.39 [rUC]    82 / 0.13 [sLC]     0 / 0.00 [sUC]     0 / 0.00 
PMP             [phase1]     0 / 0.00 [rLC]     6 / 0.23 [rUC]     0 / 0.00 [sLC]     0 / 0.00 [sUC]     0 / 0.00 
Separation Round: [phase1] 0  [rLC] 41  [rUC] 82  [sLC] 0  [sUC] 0
Root Best Bound 327.870063
Root Best Integer: 327.870063
Best Bound: 327.870063
Best Integer: 327.870063

