Version identifier: 20.1.0.0 | 2020-11-10 | 9bedb6d68
CPXPARAM_Threads                                 1
CPXPARAM_TimeLimit                               7200
CPXPARAM_MIP_Tolerances_MIPGap                   0
Generic callback                                 0x60
1 of 1 MIP starts provided solutions.
MIP start 'm1' defined initial solution with objective 306.1404.
Tried aggregator 1 time.
Reduced MIP has 1 rows, 101 columns, and 100 nonzeros.
Reduced MIP has 100 binaries, 0 generals, 0 SOSs, and 0 indicators.
Presolve time = 0.00 sec. (0.03 ticks)
Probing time = 0.00 sec. (0.01 ticks)
Tried aggregator 1 time.
Reduced MIP has 1 rows, 101 columns, and 100 nonzeros.
Reduced MIP has 100 binaries, 0 generals, 0 SOSs, and 0 indicators.
Presolve time = 0.00 sec. (0.03 ticks)
Probing time = 0.00 sec. (0.01 ticks)
MIP emphasis: balance optimality and feasibility.
MIP search method: dynamic search.
Parallel mode: none, using 1 thread.
Root relaxation solution time = 0.00 sec. (0.02 ticks)

        Nodes                                         Cuts/
   Node  Left     Objective  IInf  Best Integer    Best Bound    ItCnt     Gap

*     0+    0                          306.1404      558.0000            82.27%
      0     0      344.2602     2      306.1404      558.0000        0   82.27%
      0     0      332.7840     4      306.1404 UserPurge2: 1        9    8.70%
      0     0      321.7641     5      306.1404 UserPurge2: 1       17    5.10%
      0     0      318.5085     3      306.1404 UserPurge2: 1       22    4.04%
      0     0      316.1814     3      306.1404 UserPurge2: 1       28    3.28%
      0     0      314.5647     5      306.1404 UserPurge2: 1       31    2.75%
*     0+    0                          308.2251      314.5647             2.06%
      0     0      313.9522     5      308.2251 UserPurge2: 1       35    1.86%

Repeating presolve.
Tried aggregator 1 time.
MIP Presolve eliminated 0 rows and 28 columns.
Reduced MIP has 1 rows, 73 columns, and 72 nonzeros.
Reduced MIP has 72 binaries, 0 generals, 0 SOSs, and 0 indicators.
Presolve time = 0.00 sec. (0.03 ticks)
Probing time = 0.00 sec. (0.01 ticks)
Tried aggregator 1 time.
Reduced MIP has 1 rows, 73 columns, and 72 nonzeros.
Reduced MIP has 72 binaries, 0 generals, 0 SOSs, and 0 indicators.
Presolve time = 0.00 sec. (0.02 ticks)
Represolve time = 0.00 sec. (0.21 ticks)
Probing time = 0.00 sec. (0.01 ticks)
MIP emphasis: balance optimality and feasibility.
MIP search method: dynamic search.
Parallel mode: none, using 1 thread.
Root relaxation solution time = 0.00 sec. (0.10 ticks)

        Nodes                                         Cuts/
   Node  Left     Objective  IInf  Best Integer    Best Bound    ItCnt     Gap

*     0+    0                          308.2251      313.9522             1.86%
      0     0      313.9522     5      308.2251      313.9522       46    1.86%
      0     0      313.4919     6      308.2251 UserPurge2: 1       50    1.71%
      0     0      313.4675     7      308.2251 UserPurge2: 1       51    1.70%
      0     0      312.9140     6      308.2251 UserPurge2: 1       56    1.52%
*     0+    0                          308.3633      312.9140             1.48%
      0     0      312.7179     6      308.3633 UserPurge2: 1       61    1.41%
      0     0      311.8059     6      308.3633 UserPurge2: 1       66    1.12%
      0     0      311.3878     6      308.3633 UserPurge2: 1       72    0.98%
      0     0      311.2901     7      308.3633 UserPurge2: 1       75    0.95%
      0     0      311.2165     8      308.3633 UserPurge2: 1       76    0.93%
      0     0      310.7144     6      308.3633 UserPurge2: 1       82    0.76%
      0     0      310.5348     7      308.3633 UserPurge2: 1       86    0.70%
*     0+    0                          310.0133      310.5348             0.17%
      0     0      310.3018     7      310.0133 UserPurge2: 1       89    0.09%
      0     0      310.2045     8      310.0133 UserPurge2: 1       92    0.06%
      0     0      310.1650     8      310.0133 UserPurge2: 1       95    0.05%
      0     0      310.0768     6      310.0133 UserPurge2: 1       99    0.02%
      0     0      310.0307     2      310.0133 UserPurge2: 1      103    0.01%
      0     0      310.0307     2      310.0133      310.0133      103    0.00%
Elapsed time = 3.46 sec. (4.17 ticks, tree = 0.01 MB, solutions = 4)

User cuts applied:  4

Root node processing (before b&c):
  Real time             =    3.46 sec. (4.18 ticks)
Sequential b&c:
  Real time             =    0.00 sec. (0.00 ticks)
                          ------------
Total (root+branch&cut) =    3.47 sec. (4.18 ticks)
@Parameters: 
is_S_cut                                true
is_add_all_yinF                         true
is_start_value                          true
is_usercut                              true
is_visualization                        false
uc_only_rootnode                        false

data                                    Biesinger
fn                                      data/Biesinger/111_n100_std
mode                                    NewSubmodular
solver                                  cplex

p                                       3
r                                       2

EPS                                     1.0e-06
EPS_vio                                 1.0e-04
beta                                    0.10
gap                                     0.00
nodelimit                               Inf
timelimit                               7200.00


@PrintInfos
ItCnt: 103
Current gap: 0.00 %
Termination Status: OPTIMAL
Primal Status: FEASIBLE_POINT
Solve Time: 3.47 sec
Objective Value: 310.013286
Number of Nodes:      1

CutInfo: [phase] num / time (sec) 
ZLP             [phase1]     0 / 0.00 [rLC]     0 / 0.00 [rUC]     0 / 0.00 [sLC]     0 / 0.00 [sUC]     0 / 0.00 
OldSubmodular   [phase1]     0 / 0.00 [rLC]     0 / 0.00 [rUC]     0 / 0.00 [sLC]     0 / 0.00 [sUC]     0 / 0.00 
NewSubmodular   [phase1]     0 / 0.00 [rLC]    13 / 1.50 [rUC]    35 / 0.10 [sLC]     0 / 0.00 [sUC]     0 / 0.00 
PMP             [phase1]     0 / 0.00 [rLC]     6 / 0.29 [rUC]     0 / 0.00 [sLC]     0 / 0.00 [sUC]     0 / 0.00 
Separation Round: [phase1] 0  [rLC] 16  [rUC] 23  [sLC] 0  [sUC] 0
Root Best Bound 310.013286
Root Best Integer: 310.013286
Best Bound: 310.013286
Best Integer: 310.013286

