Version identifier: 20.1.0.0 | 2020-11-10 | 9bedb6d68
CPXPARAM_Threads                                 1
CPXPARAM_TimeLimit                               7200
CPXPARAM_MIP_Tolerances_MIPGap                   0
Generic callback                                 0x60
1 of 1 MIP starts provided solutions.
MIP start 'm1' defined initial solution with objective 328.1592.
Tried aggregator 1 time.
Reduced MIP has 1 rows, 101 columns, and 100 nonzeros.
Reduced MIP has 100 binaries, 0 generals, 0 SOSs, and 0 indicators.
Presolve time = 0.00 sec. (0.03 ticks)
Probing time = 0.00 sec. (0.01 ticks)
Tried aggregator 1 time.
Reduced MIP has 1 rows, 101 columns, and 100 nonzeros.
Reduced MIP has 100 binaries, 0 generals, 0 SOSs, and 0 indicators.
Presolve time = 0.00 sec. (0.03 ticks)
Probing time = 0.00 sec. (0.01 ticks)
MIP emphasis: balance optimality and feasibility.
MIP search method: dynamic search.
Parallel mode: none, using 1 thread.
Root relaxation solution time = 0.00 sec. (0.02 ticks)

        Nodes                                         Cuts/
   Node  Left     Objective  IInf  Best Integer    Best Bound    ItCnt     Gap

*     0+    0                          328.1592      558.0000            70.04%
      0     0      372.8701     2      328.1592      558.0000        0   70.04%
      0     0      366.2958     4      328.1592      Fract: 1        4   11.62%
      0     2      357.2779     8      328.1592      357.2317        4    8.86%
Elapsed time = 2.81 sec. (1.89 ticks, tree = 0.01 MB, solutions = 1)
*   730+  569                          328.7369      355.3383             8.09%

Performing restart 1

Repeating presolve.
Tried aggregator 1 time.
Reduced MIP has 1 rows, 101 columns, and 100 nonzeros.
Reduced MIP has 100 binaries, 0 generals, 0 SOSs, and 0 indicators.
Presolve time = 0.00 sec. (0.03 ticks)
Tried aggregator 1 time.
Reduced MIP has 1 rows, 101 columns, and 100 nonzeros.
Reduced MIP has 100 binaries, 0 generals, 0 SOSs, and 0 indicators.
Presolve time = 0.00 sec. (0.03 ticks)
Represolve time = 0.00 sec. (1.44 ticks)
*   992+    0                          329.9965      354.0842             7.30%
   1222   219      343.8959     7      329.9965      352.0716     4026    6.69%
*  1582+  538                          331.4625      351.8665             6.16%
*  1632+  575                          331.7613      351.8644             6.06%
   2254  1121      332.9622     3      331.7613      351.3359     7218    5.90%
   3211  1943        cutoff            331.7613      350.4700    10252    5.64%
   4012  2628      332.4959     2      331.7613      350.1543    12796    5.54%
   4769  3291      340.9120     5      331.7613      349.8442    15096    5.45%
   5482  3915      335.9049     5      331.7613      349.5822    17224    5.37%
   6116  4472      336.4384     8      331.7613      349.3705    19300    5.31%
   6692  4973      335.6268     4      331.7613      349.2079    21108    5.26%
   7243  5462      342.2310     8      331.7613      348.9197    22901    5.17%
  10192  8085      339.6945     6      331.7613      348.2196    31831    4.96%
Elapsed time = 12.22 sec. (3104.56 ticks, tree = 21.02 MB, solutions = 5)
  12338  9942      333.7203     3      331.7613      347.7009    38298    4.80%
  15070 12351        cutoff            331.7613      347.2378    46264    4.66%
  17644 14554      335.2884     4      331.7613      346.7194    53473    4.51%
  19987 16545      342.3540     8      331.7613      346.2947    60090    4.38%

Performing restart 2

Repeating presolve.
Tried aggregator 1 time.
Reduced MIP has 1 rows, 101 columns, and 100 nonzeros.
Reduced MIP has 100 binaries, 0 generals, 0 SOSs, and 0 indicators.
Presolve time = 0.00 sec. (0.03 ticks)
Tried aggregator 1 time.
Reduced MIP has 1 rows, 101 columns, and 100 nonzeros.
Reduced MIP has 100 binaries, 0 generals, 0 SOSs, and 0 indicators.
Presolve time = 0.00 sec. (0.03 ticks)
Represolve time = 0.03 sec. (7.19 ticks)
  23244  2114      345.0364     6      331.7613      346.1942    69452    4.35%
  26162  4682      336.6546     5      331.7613      346.1942    78479    4.35%
  29034  7173      340.4466     5      331.7613      346.1942    87056    4.35%
  32095  9858      343.2845     8      331.7613      346.1942    96302    4.35%
  35079 12404      341.2072     6      331.7613      346.1942   105097    4.35%
  37918 14765      336.3911     4      331.7613      346.1942   113251    4.35%
Elapsed time = 36.32 sec. (12646.39 ticks, tree = 45.13 MB, solutions = 5)
  40613 17011      343.0010     6      331.7613      346.0702   120915    4.31%
  43048 19033      336.6287     3      331.7613      345.7745   127668    4.22%
  45372 20913      334.3901     4      331.7613      345.4768   134046    4.13%
  47510 22605      341.2214     6      331.7613      345.2559   139964    4.07%
  49585 24274      338.8204     5      331.7613      345.0781   145560    4.01%
  51592 25883      335.0354     6      331.7613      344.9397   151005    3.97%
  53518 27360      333.6485     7      331.7613      344.7270   156149    3.91%
  55404 28857        cutoff            331.7613      344.5862   161084    3.87%
  57260 30246      337.5253     6      331.7613      344.4713   165776    3.83%
  59001 31567      338.3845     5      331.7613      344.3386   170305    3.79%
Elapsed time = 54.43 sec. (22189.03 ticks, tree = 130.00 MB, solutions = 5)
  60645 32821      334.7856     6      331.7613      344.2208   174831    3.76%
  62288 34022      334.3418     3      331.7613      344.1007   179059    3.72%
  63848 35178      337.4390     5      331.7613      343.9827   183296    3.68%
  65436 36362      340.7877     8      331.7613      343.8964   187610    3.66%
  67024 37528      333.4028     3      331.7613      343.7978   191636    3.63%
  68498 38581      336.1394     4      331.7613      343.7055   195580    3.60%
  69969 39637      340.3046     8      331.7613      343.6033   199433    3.57%
  71313 40591      334.9204     3      331.7613      343.5204   203228    3.54%
  72715 41601      336.4427     5      331.7613      343.4199   207038    3.51%
  74067 42591      334.3731     2      331.7613      343.3366   210869    3.49%
Elapsed time = 68.32 sec. (31728.64 ticks, tree = 207.48 MB, solutions = 5)
  75466 43581      335.3927     3      331.7613      343.2663   214558    3.47%
  76789 44505      335.1527     6      331.7613      343.2014   218042    3.45%
  78171 45501      334.9761     7      331.7613      343.1331   221815    3.43%
  79464 46411      335.9205     4      331.7613      343.0689   225430    3.41%
  80826 47387      338.9129     5      331.7613      342.9981   229077    3.39%
  82093 48218        cutoff            331.7613      342.9219   232410    3.36%
  83336 49043      333.8683     3      331.7613      342.8603   235704    3.35%
  84551 49889      334.4905     4      331.7613      342.8097   239288    3.33%
  85793 50720      335.4697     4      331.7613      342.7578   242614    3.31%
  87084 51596      334.5438     4      331.7613      342.7007   245952    3.30%
Elapsed time = 80.68 sec. (41277.05 ticks, tree = 279.77 MB, solutions = 5)
  88261 52421      332.9180     4      331.7613      342.6442   249203    3.28%
  89432 53268      335.0962     3      331.7613      342.6011   252563    3.27%
  90621 54029      333.2737     3      331.7613      342.5501   255654    3.25%
  91766 54781      336.1278     4      331.7613      342.4890   258767    3.23%
  92913 55515      332.4891     3      331.7613      342.4373   261739    3.22%
  94117 56367      335.1454     2      331.7613      342.3919   264964    3.20%
  95236 57121      333.7227     3      331.7613      342.3435   267985    3.19%
  96380 57877      337.0663     6      331.7613      342.2970   271179    3.18%
  97455 58582      335.6121     3      331.7613      342.2459   274124    3.16%
  98503 59222      332.3928     4      331.7613      342.1948   277086    3.14%
Elapsed time = 92.06 sec. (50824.99 ticks, tree = 347.10 MB, solutions = 5)
  99551 59883      332.9978     3      331.7613      342.1433   280064    3.13%
 100671 60605        cutoff            331.7613      342.0924   283065    3.11%
 101776 61313      335.1777     3      331.7613      342.0506   285943    3.10%
 102838 62037        cutoff            331.7613      342.0066   288936    3.09%
 103928 62761      337.0975     4      331.7613      341.9552   291864    3.07%
 104990 63427      337.5768     5      331.7613      341.9069   294681    3.06%
 106036 64077      333.8182     4      331.7613      341.8569   297470    3.04%
 107054 64663      335.5795     4      331.7613      341.8110   300385    3.03%
 108055 65232      334.2617     5      331.7613      341.7676   303117    3.02%
 109036 65803      336.3740     4      331.7613      341.7289   305840    3.00%
Elapsed time = 102.72 sec. (60367.45 ticks, tree = 413.14 MB, solutions = 5)
 110076 66413      335.0010     3      331.7613      341.6791   308671    2.99%
 111101 67043      333.9512     3      331.7613      341.6444   311439    2.98%
 112015 67538        cutoff            331.7613      341.6035   314153    2.97%
 112996 68152      334.6194     4      331.7613      341.5656   316866    2.96%
 113952 68708        cutoff            331.7613      341.5320   319505    2.95%
 114933 69335        cutoff            331.7613      341.4928   322127    2.93%
 115875 69886      336.6414     3      331.7613      341.4432   324792    2.92%
 116820 70476        cutoff            331.7613      341.4081   327516    2.91%
 117694 70947      336.2675     4      331.7613      341.3693   330150    2.90%
 118586 71471        cutoff            331.7613      341.3437   332829    2.89%
Elapsed time = 112.72 sec. (69911.79 ticks, tree = 471.61 MB, solutions = 5)
 119492 71989      333.2368     4      331.7613      341.3116   335494    2.88%
 120436 72555      333.5189     4      331.7613      341.2741   338098    2.87%
 121336 73086      334.2428     5      331.7613      341.2404   340706    2.86%
 122258 73640      334.9297     3      331.7613      341.2073   343387    2.85%
 123166 74155        cutoff            331.7613      341.1733   346032    2.84%
 124116 74722        cutoff            331.7613      341.1408   348784    2.83%
 124943 75171      336.2450     6      331.7613      341.1095   351348    2.82%
 125806 75696      334.2866     4      331.7613      341.0828   353923    2.81%
 126639 76157      335.5892     6      331.7613      341.0526   356530    2.80%
 127477 76622      335.6065     7      331.7613      341.0222   359148    2.79%
Elapsed time = 122.36 sec. (79466.31 ticks, tree = 527.39 MB, solutions = 5)
 128326 77120        cutoff            331.7613      340.9880   361781    2.78%
 129157 77590      333.8317     4      331.7613      340.9566   364233    2.77%
 129977 78037      336.5720     4      331.7613      340.9217   366742    2.76%
 130828 78511      335.8637     4      331.7613      340.8932   369214    2.75%
 131679 78992      334.0439     4      331.7613      340.8641   371701    2.74%
 132524 79454      332.7064     3      331.7613      340.8313   374100    2.73%
 133387 79924      331.8399     3      331.7613      340.7969   376601    2.72%
 134183 80316      331.8570     3      331.7613      340.7634   379028    2.71%
 135041 80766      336.2855     4      331.7613      340.7214   381442    2.70%
 138324 82472      336.6417     5      331.7613      340.5829   391202    2.66%
Elapsed time = 134.20 sec. (91870.79 ticks, tree = 594.17 MB, solutions = 5)
 141499 84030      335.2632     5      331.7613      340.4501   400788    2.62%
 144616 85594      332.4609     3      331.7613      340.3216   410223    2.58%
 147973 87245        cutoff            331.7613      340.1821   420069    2.54%
 151166 88764      332.1284     4      331.7613      340.0714   429927    2.50%
*151856 84551      integral     0      332.2340      340.0402   432107    2.35%
 154137 85422        cutoff            332.2340      339.9202   439835    2.31%
 157056 86548      335.7380     5      332.2340      339.7811   449809    2.27%
 159960 87608      335.8913     4      332.2340      339.6317   459441    2.23%
 162788 88608      335.3731     5      332.2340      339.4944   469006    2.19%
 165649 89610        cutoff            332.2340      339.3683   478627    2.15%
 168477 90509      333.9186     6      332.2340      339.2212   488295    2.10%
Elapsed time = 168.51 sec. (130034.25 ticks, tree = 720.34 MB, solutions = 6)
*170253 89285      integral     0      332.3595      339.1254   494557    2.04%
 171086 89387      334.5367     3      332.3595      339.0690   497607    2.02%
 173743 90139        cutoff            332.3595      338.9373   506798    1.98%
 176200 90549        cutoff            332.3595      338.7934   516102    1.94%
 178651 90992        cutoff            332.3595      338.6595   525197    1.90%
 181116 91371      334.7428     3      332.3595      338.5284   534117    1.86%
 183559 91728      334.7234     4      332.3595      338.3916   543111    1.81%
 185858 91912      333.3969     2      332.3595      338.2498   551992    1.77%
 188122 92050      334.3846     4      332.3595      338.1068   560503    1.73%
 190442 92274        cutoff            332.3595      337.9759   569211    1.69%
 192607 92248      332.8182     4      332.3595      337.8300   577549    1.65%
Elapsed time = 197.90 sec. (168188.50 ticks, tree = 784.54 MB, solutions = 7)
 194767 92162      332.9902     3      332.3595      337.6952   585934    1.61%
 196807 91875        cutoff            332.3595      337.5532   593893    1.56%
 198887 91625      332.7368     2      332.3595      337.4223   601801    1.52%
 200833 91223        cutoff            332.3595      337.2892   609639    1.48%
 202767 90883        cutoff            332.3595      337.1719   616914    1.45%
 204633 90431      333.4825     3      332.3595      337.0529   624024    1.41%
 206476 89839      335.4363     4      332.3595      336.9366   631232    1.38%
 208333 89226        cutoff            332.3595      336.8225   638295    1.34%
 210156 88550      334.5056     3      332.3595      336.7187   645365    1.31%
 212000 87894      333.4360     4      332.3595      336.6077   652353    1.28%
Elapsed time = 222.02 sec. (206349.27 ticks, tree = 782.96 MB, solutions = 7)
 213813 87148      333.6046     5      332.3595      336.5016   658987    1.25%
 215582 86313        cutoff            332.3595      336.3950   665533    1.21%
 217320 85420        cutoff            332.3595      336.2896   671935    1.18%
 219012 84516        cutoff            332.3595      336.1917   678057    1.15%
 220788 83657      332.7074     4      332.3595      336.0967   684278    1.12%
 222528 82701        cutoff            332.3595      336.0033   690244    1.10%
 224174 81632        cutoff            332.3595      335.9122   696106    1.07%
 225878 80649        cutoff            332.3595      335.8225   701937    1.04%
 227506 79559        cutoff            332.3595      335.7334   707523    1.02%
 229119 78418        cutoff            332.3595      335.6463   713077    0.99%
Elapsed time = 242.24 sec. (244510.43 ticks, tree = 722.76 MB, solutions = 7)
 230749 77285        cutoff            332.3595      335.5658   718470    0.96%
 232343 76103        cutoff            332.3595      335.4852   723876    0.94%
 233928 74968        cutoff            332.3595      335.4098   729195    0.92%
 235523 73748        cutoff            332.3595      335.3324   734288    0.89%
 237050 72464        cutoff            332.3595      335.2553   739265    0.87%
 238656 71277        cutoff            332.3595      335.1840   744270    0.85%
 240206 69984        cutoff            332.3595      335.1182   749079    0.83%
 241820 68790        cutoff            332.3595      335.0525   753939    0.81%
 243416 67536        cutoff            332.3595      334.9832   758717    0.79%
 244938 66198        cutoff            332.3595      334.9178   763340    0.77%
Elapsed time = 259.93 sec. (282667.57 ticks, tree = 625.56 MB, solutions = 7)
 246466 64849        cutoff            332.3595      334.8517   767848    0.75%
 248034 63568        cutoff            332.3595      334.7872   772459    0.73%
 249573 62262        cutoff            332.3595      334.7259   776853    0.71%
 251085 60905        cutoff            332.3595      334.6641   781143    0.69%
 252608 59590        cutoff            332.3595      334.6055   785461    0.68%
 254155 58248        cutoff            332.3595      334.5470   789703    0.66%
 255679 56845        cutoff            332.3595      334.4862   793857    0.64%
 257196 55465        cutoff            332.3595      334.4284   797995    0.62%
 258717 54086        cutoff            332.3595      334.3723   802089    0.61%
 260213 52666        cutoff            332.3595      334.3159   806106    0.59%
Elapsed time = 275.92 sec. (320827.20 ticks, tree = 506.75 MB, solutions = 7)
 261712 51219        cutoff            332.3595      334.2602   810033    0.57%
 263222 49793        cutoff            332.3595      334.2053   813986    0.56%
 264733 48353        cutoff            332.3595      334.1526   817785    0.54%
 266257 46910        cutoff            332.3595      334.0980   821618    0.52%
 267777 45462        cutoff            332.3595      334.0446   825350    0.51%
 269281 44014        cutoff            332.3595      333.9898   829034    0.49%
 270789 42584        cutoff            332.3595      333.9380   832758    0.47%
 272294 41119        cutoff            332.3595      333.8884   836414    0.46%
 273811 39664        cutoff            332.3595      333.8377   840050    0.44%
 275321 38192        cutoff            332.3595      333.7876   843650    0.43%
Elapsed time = 290.98 sec. (358985.00 ticks, tree = 372.32 MB, solutions = 7)
 276838 36737        cutoff            332.3595      333.7382   847204    0.41%
 278353 35265        cutoff            332.3595      333.6873   850717    0.40%
 279868 33790        cutoff            332.3595      333.6391   854143    0.39%
 281376 32296        cutoff            332.3595      333.5919   857512    0.37%
 282888 30812        cutoff            332.3595      333.5433   860831    0.36%
 284411 29323        cutoff            332.3595      333.4928   864140    0.34%
 285937 27832        cutoff            332.3595      333.4430   867346    0.33%
 287452 26352        cutoff            332.3595      333.3916   870621    0.31%
 288976 24839        cutoff            332.3595      333.3411   873778    0.30%
 290497 23347        cutoff            332.3595      333.2881   876933    0.28%
Elapsed time = 305.60 sec. (397139.19 ticks, tree = 230.76 MB, solutions = 7)
 292019 21848        cutoff            332.3595      333.2372   880070    0.26%
 293537 20341        cutoff            332.3595      333.1870   883125    0.25%
 295052 18845        cutoff            332.3595      333.1360   886157    0.23%
 296579 17329        cutoff            332.3595      333.0836   889142    0.22%
 298105 15812        cutoff            332.3595      333.0301   892106    0.20%
 299635 14287        cutoff            332.3595      332.9735   895012    0.18%
 301167 12765        cutoff            332.3595      332.9163   897945    0.17%
 302703 11239        cutoff            332.3595      332.8596   900807    0.15%
 304231  9712        cutoff            332.3595      332.7991   903616    0.13%
 305768  8179        cutoff            332.3595      332.7375   906345    0.11%
Elapsed time = 320.44 sec. (435296.54 ticks, tree = 84.12 MB, solutions = 7)
 307299  6652        cutoff            332.3595      332.6754   909094    0.10%
 308851  5102        cutoff            332.3595      332.6079   911762    0.07%
 310390  3563        cutoff            332.3595      332.5361   914414    0.05%
 311930  2024        cutoff            332.3595      332.4635   916993    0.03%
 313477   477        cutoff            332.3595      332.3822   919488    0.01%

User cuts applied:  1708

Root node processing (before b&c):
  Real time             =    2.81 sec. (2.47 ticks)
Sequential b&c:
  Real time             =  325.59 sec. (455601.61 ticks)
                          ------------
Total (root+branch&cut) =  328.40 sec. (455604.08 ticks)
@Parameters: 
is_S_cut                                true
is_add_all_yinF                         true
is_start_value                          true
is_usercut                              true
is_visualization                        false
uc_only_rootnode                        false

data                                    Biesinger
fn                                      data/Biesinger/111_n100_std
mode                                    OldSubmodular
solver                                  cplex

p                                       4
r                                       2

EPS                                     1.0e-06
EPS_vio                                 1.0e-04
beta                                    0.10
gap                                     0.00
nodelimit                               Inf
timelimit                               7200.00


@PrintInfos
ItCnt: 920259
Current gap: 0.00 %
Termination Status: OPTIMAL
Primal Status: FEASIBLE_POINT
Solve Time: 328.40 sec
Objective Value: 332.359474
Number of Nodes: 313955

CutInfo: [phase] num / time (sec) 
ZLP             [phase1]     0 / 0.00 [rLC]     0 / 0.00 [rUC]     0 / 0.00 [sLC]     0 / 0.00 [sUC]     0 / 0.00 
OldSubmodular   [phase1]     0 / 0.00 [rLC]    10 / 0.86 [rUC]     0 / 0.14 [sLC]  2319 / 3.87 [sUC]     0 / 91.20 
NewSubmodular   [phase1]     0 / 0.00 [rLC]     0 / 0.00 [rUC]     0 / 0.00 [sLC]     0 / 0.00 [sUC]     0 / 0.00 
PMP             [phase1]     0 / 0.00 [rLC]     2 / 0.07 [rUC]     0 / 0.00 [sLC]     6 / 0.19 [sUC]     0 / 0.00 
Separation Round: [phase1] 0  [rLC] 11  [rUC] 3  [sLC] 2325  [sUC] 390188
Root Best Bound 357.224672
Root Best Integer: 328.159194
Best Bound: 332.359474
Best Integer: 332.359474

