Version identifier: 20.1.0.0 | 2020-11-10 | 9bedb6d68
CPXPARAM_Threads                                 1
CPXPARAM_TimeLimit                               7200
CPXPARAM_MIP_Tolerances_MIPGap                   0
Generic callback                                 0x60
1 of 1 MIP starts provided solutions.
MIP start 'm1' defined initial solution with objective 342.5820.
Tried aggregator 1 time.
Reduced MIP has 1 rows, 101 columns, and 100 nonzeros.
Reduced MIP has 100 binaries, 0 generals, 0 SOSs, and 0 indicators.
Presolve time = 0.00 sec. (0.03 ticks)
Probing time = 0.00 sec. (0.01 ticks)
Tried aggregator 1 time.
Reduced MIP has 1 rows, 101 columns, and 100 nonzeros.
Reduced MIP has 100 binaries, 0 generals, 0 SOSs, and 0 indicators.
Presolve time = 0.00 sec. (0.03 ticks)
Probing time = 0.00 sec. (0.01 ticks)
MIP emphasis: balance optimality and feasibility.
MIP search method: dynamic search.
Parallel mode: none, using 1 thread.
Root relaxation solution time = 0.00 sec. (0.02 ticks)

        Nodes                                         Cuts/
   Node  Left     Objective  IInf  Best Integer    Best Bound    ItCnt     Gap

*     0+    0                          342.5820      558.0000            62.88%
      0     0      430.0616     2      342.5820      558.0000        0   62.88%
      0     0      404.3128     4      342.5820 UserPurge2: 1       10   18.02%
      0     0      391.2425     5      342.5820 UserPurge2: 1       18   14.20%
      0     0      382.7533     7      342.5820 UserPurge2: 1       29   11.73%
      0     0      377.1954     8      342.5820 UserPurge2: 1       45   10.10%
      0     0      375.0343    10      342.5820 UserPurge2: 1       58    9.47%
      0     0      372.5603    10      342.5820 UserPurge2: 1       68    8.75%
      0     0      372.4088    12      342.5820 UserPurge1: 1       75    8.71%
      0     0      371.6314    14      342.5820 UserPurge2: 1       82    8.48%
      0     0      370.6339    14      342.5820 UserPurge2: 1       91    8.19%
      0     0      368.6194    13      342.5820 UserPurge2: 1      106    7.60%
      0     0      368.1753    15      342.5820 UserPurge1: 1      110    7.47%
      0     0      365.5235    13      342.5820 UserPurge2: 1      122    6.70%
      0     0      364.6939    12      342.5820 UserPurge2: 1      132    6.45%
      0     0      364.3184    14      342.5820 UserPurge1: 3      141    6.34%
      0     0      363.1539    13      342.5820 UserPurge2: 1      159    6.00%
      0     0      361.7550    11      342.5820 UserPurge2: 1      171    5.60%
      0     0      361.2806    11      342.5820 UserPurge2: 1      185    5.46%
      0     0      359.5384    10      342.5820 UserPurge2: 1      194    4.95%
      0     0      359.3877    12      342.5820 UserPurge1: 1      195    4.91%
      0     0      358.0953    10      342.5820 UserPurge2: 1      208    4.53%
      0     0      357.4521     9      342.5820 UserPurge2: 1      218    4.34%
      0     0      357.2099    11      342.5820 UserPurge2: 1      226    4.27%
      0     0      356.7702    11      342.5820 UserPurge2: 1      238    4.14%
      0     0      356.4056    12      342.5820 UserPurge2: 1      244    4.04%
      0     0      356.0043    14      342.5820 UserPurge2: 1      255    3.92%
      0     0      355.2666    13      342.5820 UserPurge2: 1      262    3.70%
      0     0      355.1584    14      342.5820 UserPurge1: 1      264    3.67%
      0     0      354.7022    13      342.5820 UserPurge2: 1      277    3.54%
      0     0      354.5366    13      342.5820 UserPurge2: 1      282    3.49%
      0     0      354.2989    14      342.5820 UserPurge2: 1      288    3.42%
      0     0      353.9287    14      342.5820 UserPurge2: 1      295    3.31%
      0     0      353.7501    14      342.5820 UserPurge2: 1      303    3.26%
      0     0      353.6341    15      342.5820 UserPurge2: 1      309    3.23%
      0     0      353.3525    14      342.5820 UserPurge2: 1      318    3.14%
      0     0      352.8858    15      342.5820 UserPurge2: 1      327    3.01%
      0     0      352.5824    14      342.5820 UserPurge2: 1      339    2.92%
      0     0      352.2824    14      342.5820 UserPurge2: 1      349    2.83%
      0     0      351.8973    15      342.5820 UserPurge2: 1      362    2.72%
      0     0      351.7009    14      342.5820 UserPurge2: 1      372    2.66%
      0     0      351.3874    12      342.5820 UserPurge2: 1      381    2.57%
      0     0      351.3370    13      342.5820 UserPurge2: 1      391    2.56%
      0     0      351.2893    14      342.5820 UserPurge2: 1      396    2.54%
      0     0      351.2289    15      342.5820 UserPurge2: 1      401    2.52%
      0     0      351.1936    16      342.5820 UserPurge2: 1      405    2.51%
      0     0      351.0538    16      342.5820 UserPurge2: 1      415    2.47%
*     0+    0                          343.0142      351.0538             2.34%
      0     0      350.7106    14      343.0142 UserPurge2: 1      427    2.24%
      0     0      349.7413    12      343.0142 UserPurge2: 1      438    1.96%
      0     0      349.4249    12      343.0142 UserPurge2: 1      448    1.87%
      0     0      349.2001    13      343.0142 UserPurge2: 1      457    1.80%
      0     0      349.1648    14      343.0142 UserPurge2: 1      461    1.79%
      0     0      349.1527    15      343.0142 UserPurge2: 1      463    1.79%
      0     0      349.1129    15      343.0142 UserPurge2: 1      469    1.78%
      0     0      349.0721    15      343.0142 UserPurge2: 1      475    1.77%
      0     0      349.0600    16      343.0142 UserPurge2: 1      480    1.76%
      0     0      349.0198    16      343.0142 UserPurge2: 1      484    1.75%
      0     0      348.7032    11      343.0142 UserPurge2: 1      496    1.66%
*     0+    0                          343.8181      348.7032             1.42%
      0     0      348.6557    11      343.8181 UserPurge2: 1      504    1.41%
      0     0      348.6200    12      343.8181 UserPurge2: 1      509    1.40%
      0     0      348.5658    12      343.8181 UserPurge2: 1      515    1.38%
      0     0      348.5414    13      343.8181 UserPurge2: 1      519    1.37%
      0     0      348.5330    14      343.8181 UserPurge2: 1      523    1.37%
      0     0      348.4739    14      343.8181 UserPurge2: 1      527    1.35%
      0     0      348.4393    15      343.8181 UserPurge2: 1      531    1.34%
      0     0      348.3691    16      343.8181 UserPurge2: 1      536    1.32%
      0     0      348.1984    16      343.8181 UserPurge2: 1      546    1.27%
      0     0      348.1046    16      343.8181 UserPurge2: 1      555    1.25%
      0     0      348.0237    16      343.8181 UserPurge2: 1      562    1.22%
      0     0      347.9286    15      343.8181 UserPurge2: 1      571    1.20%
      0     0      347.8159    15      343.8181 UserPurge2: 1      579    1.16%
      0     0      347.7007    15      343.8181 UserPurge2: 1      585    1.13%
      0     0      347.6223    14      343.8181 UserPurge2: 1      591    1.11%
      0     0      347.5983    15      343.8181 UserPurge2: 1      599    1.10%
      0     0      347.5765    15      343.8181 UserPurge2: 1      603    1.09%
      0     0      347.5061    15      343.8181 UserPurge2: 1      610    1.07%
      0     0      347.4960    16      343.8181 UserPurge2: 1      613    1.07%
      0     0      347.4817    17      343.8181 UserPurge2: 1      621    1.07%
      0     0      347.4393    16      343.8181 UserPurge2: 1      637    1.05%
      0     0      347.4119    17      343.8181 UserPurge2: 1      644    1.05%
      0     0      347.3575    17      343.8181 UserPurge2: 1      654    1.03%
      0     0      347.1177    15      343.8181 UserPurge2: 1      664    0.96%
      0     0      347.0891    15      343.8181 UserPurge2: 1      669    0.95%
      0     0      346.9811    14      343.8181 UserPurge2: 1      674    0.92%
      0     0      346.9518    15      343.8181 UserPurge2: 1      676    0.91%
      0     0      346.9201    16      343.8181 UserPurge2: 1      678    0.90%
      0     0      346.8504    17      343.8181 UserPurge2: 1      681    0.88%
      0     0      346.5709    15      343.8181 UserPurge2: 1      690    0.80%
      0     0      346.4086    15      343.8181 UserPurge2: 1      694    0.75%
      0     0      346.4053    16      343.8181 UserPurge2: 1      701    0.75%
      0     0      346.3239    16      343.8181 UserPurge2: 1      706    0.73%
      0     0      346.2767    17      343.8181 UserPurge2: 1      712    0.72%
      0     0      346.2512    18      343.8181 UserPurge2: 1      719    0.71%
      0     0      346.2241    18      343.8181 UserPurge2: 1      725    0.70%
      0     0      346.1843    18      343.8181 UserPurge2: 1      731    0.69%
      0     0      346.0279    17      343.8181 UserPurge2: 1      739    0.64%
      0     0      346.0022    16      343.8181 UserPurge2: 1      743    0.64%
      0     0      345.9917    17      343.8181 UserPurge2: 1      746    0.63%
      0     0      345.8947    16      343.8181 UserPurge2: 1      752    0.60%
      0     0      345.8439    15      343.8181 UserPurge2: 1      757    0.59%
      0     0      345.8304    15      343.8181 UserPurge2: 1      763    0.59%
      0     0      345.8245    16      343.8181 UserPurge2: 1      767    0.58%
      0     0      345.7904    16      343.8181 UserPurge2: 1      771    0.57%
      0     0      345.6973    16      343.8181 UserPurge2: 1      781    0.55%
      0     0      345.6744    15      343.8181 UserPurge2: 1      789    0.54%
*     0+    0                          344.1591      345.6744             0.44%

Repeating presolve.
Tried aggregator 1 time.
MIP Presolve eliminated 0 rows and 26 columns.
Reduced MIP has 1 rows, 75 columns, and 74 nonzeros.
Reduced MIP has 74 binaries, 0 generals, 0 SOSs, and 0 indicators.
Presolve time = 0.00 sec. (0.03 ticks)
Probing time = 0.00 sec. (0.01 ticks)
Tried aggregator 1 time.
Reduced MIP has 1 rows, 75 columns, and 74 nonzeros.
Reduced MIP has 74 binaries, 0 generals, 0 SOSs, and 0 indicators.
Presolve time = 0.00 sec. (0.02 ticks)
Represolve time = 0.00 sec. (1.27 ticks)
Probing time = 0.00 sec. (0.01 ticks)
MIP emphasis: balance optimality and feasibility.
MIP search method: dynamic search.
Parallel mode: none, using 1 thread.
Root relaxation solution time = 0.00 sec. (0.50 ticks)

        Nodes                                         Cuts/
   Node  Left     Objective  IInf  Best Integer    Best Bound    ItCnt     Gap

*     0+    0                          344.1591      345.6744             0.44%
      0     0      345.6744    15      344.1591      345.6744      829    0.44%
      0     0      345.6616    16      344.1591 UserPurge2: 1      834    0.44%
*     0+    0                          344.2166      345.6616             0.42%
      0     0      345.6441    17      344.2166 UserPurge2: 1      836    0.41%
      0     0      345.5581    17      344.2166 UserPurge2: 1      841    0.39%
      0     0      345.4429    16      344.2166 UserPurge2: 1      849    0.36%
      0     0      345.4327    17      344.2166 UserPurge2: 1      852    0.35%
      0     0      345.4044    16      344.2166 UserPurge2: 1      857    0.35%
      0     0      345.3698    17      344.2166 UserPurge2: 1      862    0.34%
      0     0      345.3288    16      344.2166 UserPurge2: 1      870    0.32%
      0     0      345.3046    15      344.2166 UserPurge2: 1      874    0.32%
      0     0      345.2966    16      344.2166 UserPurge2: 1      880    0.31%
      0     0      345.2736    17      344.2166 UserPurge2: 1      884    0.31%
      0     0      345.2536    17      344.2166 UserPurge2: 1      889    0.30%
      0     0      345.2218    17      344.2166 UserPurge2: 1      894    0.29%
      0     0      345.2050    17      344.2166 UserPurge2: 1      899    0.29%
      0     0      345.1455    17      344.2166 UserPurge2: 1      904    0.27%
      0     0      345.1126    17      344.2166 UserPurge2: 1      913    0.26%
      0     0      345.0915    18      344.2166 UserPurge2: 1      917    0.25%
      0     0      345.0775    19      344.2166 UserPurge2: 1      920    0.25%
      0     0      344.9659    18      344.2166 UserPurge2: 1      926    0.22%
      0     0      344.8973    16      344.2166 UserPurge2: 1      931    0.20%
      0     0      344.8543    16      344.2166 UserPurge2: 1      936    0.19%
      0     0      344.8409    17      344.2166 UserPurge2: 1      939    0.18%
      0     0      344.6731    12      344.2166 UserPurge2: 1      952    0.13%
      0     0      344.6299    12      344.2166 UserPurge2: 1      959    0.12%
      0     0      344.6260    12      344.2166 UserPurge2: 1      964    0.12%
      0     0      344.6247    13      344.2166 UserPurge2: 1      966    0.12%
      0     0      344.6009    14      344.2166 UserPurge2: 1      973    0.11%
      0     0      344.6005    14      344.2166 UserPurge2: 1      978    0.11%
      0     0      344.5977    15      344.2166 UserPurge2: 1      981    0.11%
      0     0      344.5899    14      344.2166 UserPurge2: 1      987    0.11%
      0     0      344.5868    14      344.2166 UserPurge2: 1      990    0.11%
      0     0      344.5818    13      344.2166 UserPurge2: 1      997    0.11%
      0     0      344.5795    14      344.2166 UserPurge2: 1     1003    0.11%
      0     0      344.5718    15      344.2166 UserPurge2: 1     1007    0.10%
      0     0      344.5670    16      344.2166 UserPurge2: 1     1013    0.10%
      0     0      344.5648    17      344.2166 UserPurge2: 1     1017    0.10%
      0     0      344.5388    16      344.2166 UserPurge2: 1     1024    0.09%
      0     0      344.5152    13      344.2166 UserPurge2: 1     1040    0.09%
      0     0      344.4997    12      344.2166 UserPurge2: 1     1050    0.08%
      0     0      344.4962    13      344.2166 UserPurge2: 1     1054    0.08%
      0     0      344.4904    12      344.2166 UserPurge2: 1     1059    0.08%
      0     0      344.4900    13      344.2166 UserPurge2: 1     1061    0.08%
      0     0      344.4889    14      344.2166 UserPurge2: 1     1062    0.08%
      0     0      344.4865    14      344.2166 UserPurge2: 1     1066    0.08%
      0     0      344.4856    14      344.2166 UserPurge2: 1     1070    0.08%
      0     0      344.4836    15      344.2166 UserPurge2: 1     1073    0.08%
      0     0      344.4789    15      344.2166 UserPurge2: 1     1080    0.08%
      0     0      344.4760    16      344.2166 UserPurge2: 1     1085    0.08%
      0     0      344.4730    16      344.2166 UserPurge2: 1     1089    0.07%
      0     0      344.4641    15      344.2166 UserPurge2: 1     1097    0.07%
      0     0      344.4556    13      344.2166 UserPurge2: 1     1111    0.07%
      0     0      344.4539    14      344.2166 UserPurge2: 1     1116    0.07%
      0     0      344.4500    15      344.2166 UserPurge2: 1     1123    0.07%
      0     0      344.4492    16      344.2166 UserPurge2: 1     1126    0.07%
      0     0      344.4480    16      344.2166 UserPurge2: 1     1129    0.07%
      0     0      344.4475    17      344.2166 UserPurge2: 1     1132    0.07%
      0     0      344.4448    17      344.2166 UserPurge2: 1     1138    0.07%
      0     0      344.4389    16      344.2166 UserPurge2: 1     1149    0.06%
      0     0      344.4373    16      344.2166 UserPurge2: 1     1154    0.06%
      0     0      344.4356    17      344.2166 UserPurge2: 1     1157    0.06%
      0     0      344.4352    18      344.2166 UserPurge2: 1     1159    0.06%
      0     0      344.4344    18      344.2166 UserPurge2: 1     1166    0.06%
      0     0      344.4338    19      344.2166 UserPurge2: 1     1170    0.06%
      0     0      344.4332    19      344.2166 UserPurge2: 1     1172    0.06%
      0     0      344.4305    19      344.2166 UserPurge2: 1     1177    0.06%
      0     0      344.4262    18      344.2166 UserPurge2: 1     1182    0.06%
      0     0      344.4249    18      344.2166 UserPurge2: 1     1184    0.06%
      0     0      344.4223    18      344.2166 UserPurge2: 1     1189    0.06%
      0     0      344.4219    18      344.2166 UserPurge2: 1     1192    0.06%
      0     0      344.4211    18      344.2166 UserPurge2: 1     1196    0.06%
      0     0      344.4198    19      344.2166 UserPurge2: 1     1199    0.06%
      0     0      344.4128    19      344.2166 UserPurge2: 1     1205    0.06%
      0     0      344.4107    17      344.2166 UserPurge2: 1     1209    0.06%
      0     0      344.4084    17      344.2166 UserPurge2: 1     1212    0.06%
      0     0      344.4082    17      344.2166 UserPurge2: 1     1214    0.06%
      0     0      344.4068    18      344.2166 UserPurge2: 1     1216    0.06%
      0     0      344.4065    19      344.2166 UserPurge2: 1     1218    0.06%
      0     0      344.3980    18      344.2166 UserPurge2: 1     1224    0.05%
      0     0      344.3891    18      344.2166 UserPurge2: 1     1226    0.05%
      0     0      344.3859    18      344.2166 UserPurge2: 1     1231    0.05%
      0     0      344.3847    19      344.2166 UserPurge2: 1     1235    0.05%
      0     0      344.3636    18      344.2166 UserPurge2: 1     1240    0.04%
      0     0      344.3585    17      344.2166 UserPurge2: 1     1246    0.04%
      0     0      344.3513    17      344.2166 UserPurge2: 1     1250    0.04%
      0     0      344.3106    13      344.2166 UserPurge2: 1     1261    0.03%
      0     0      344.3067    13      344.2166 UserPurge2: 1     1265    0.03%
      0     0      344.2965    12      344.2166 UserPurge2: 1     1270    0.02%
      0     0      344.2917    12      344.2166 UserPurge2: 1     1274    0.02%
      0     0      344.2889    12      344.2166 UserPurge2: 1     1279    0.02%
      0     0      344.2868    13      344.2166 UserPurge2: 1     1282    0.02%
      0     0      344.2756    13      344.2166 UserPurge2: 1     1285    0.02%
      0     0      344.2544    12      344.2166 UserPurge2: 1     1289    0.01%
      0     0        cutoff            344.2166                   1294     --- 
Elapsed time = 3.72 sec. (114.99 ticks, tree = 0.01 MB, solutions = 5)

User cuts applied:  12

Root node processing (before b&c):
  Real time             =    3.72 sec. (115.00 ticks)
Sequential b&c:
  Real time             =    0.00 sec. (0.00 ticks)
                          ------------
Total (root+branch&cut) =    3.72 sec. (115.00 ticks)
@Parameters: 
is_S_cut                                true
is_add_all_yinF                         true
is_start_value                          true
is_usercut                              true
is_visualization                        false
uc_only_rootnode                        false

data                                    Biesinger
fn                                      data/Biesinger/111_n100_std
mode                                    NewSubmodular
solver                                  cplex

p                                       10
r                                       4

EPS                                     1.0e-06
EPS_vio                                 1.0e-04
beta                                    0.10
gap                                     0.00
nodelimit                               Inf
timelimit                               7200.00


@PrintInfos
ItCnt: 1294
Current gap: 0.00 %
Termination Status: OPTIMAL
Primal Status: FEASIBLE_POINT
Solve Time: 3.72 sec
Objective Value: 344.216606
Number of Nodes:      0

CutInfo: [phase] num / time (sec) 
ZLP             [phase1]     0 / 0.00 [rLC]     0 / 0.00 [rUC]     0 / 0.00 [sLC]     0 / 0.00 [sUC]     0 / 0.00 
OldSubmodular   [phase1]     0 / 0.00 [rLC]     0 / 0.00 [rUC]     0 / 0.00 [sLC]     0 / 0.00 [sUC]     0 / 0.00 
NewSubmodular   [phase1]     0 / 0.00 [rLC]    56 / 1.39 [rUC]   196 / 0.30 [sLC]     0 / 0.00 [sUC]     0 / 0.00 
PMP             [phase1]     0 / 0.00 [rLC]     6 / 0.20 [rUC]     0 / 0.00 [sLC]     0 / 0.00 [sUC]     0 / 0.00 
Separation Round: [phase1] 0  [rLC] 61  [rUC] 196  [sLC] 0  [sUC] 0
Root Best Bound 344.216606
Root Best Integer: 344.216606
Best Bound: 344.216606
Best Integer: 344.216606

