Version identifier: 20.1.0.0 | 2020-11-10 | 9bedb6d68
CPXPARAM_Threads                                 1
CPXPARAM_TimeLimit                               7200
CPXPARAM_MIP_Tolerances_MIPGap                   0
Generic callback                                 0x60
1 of 1 MIP starts provided solutions.
MIP start 'm1' defined initial solution with objective 381.5814.
Tried aggregator 1 time.
Reduced MIP has 10101 rows, 10101 columns, and 30100 nonzeros.
Reduced MIP has 100 binaries, 0 generals, 0 SOSs, and 0 indicators.
Presolve time = 0.01 sec. (9.72 ticks)
Probing time = 0.00 sec. (1.26 ticks)
Tried aggregator 1 time.
Reduced MIP has 10101 rows, 10101 columns, and 30100 nonzeros.
Reduced MIP has 100 binaries, 0 generals, 0 SOSs, and 0 indicators.
Presolve time = 0.01 sec. (9.55 ticks)
Probing time = 0.00 sec. (1.26 ticks)
MIP emphasis: balance optimality and feasibility.
MIP search method: dynamic search.
Parallel mode: none, using 1 thread.
Root relaxation solution time = 0.00 sec. (3.91 ticks)

        Nodes                                         Cuts/
   Node  Left     Objective  IInf  Best Integer    Best Bound    ItCnt     Gap

*     0+    0                          381.5814      558.0000            46.23%
      0     0      387.2872     6      381.5814      558.0000        0   46.23%
*     0+    0                          385.0243      387.2872             0.59%
*     0+    0                          386.5497      387.2872             0.19%
      0     2      386.9285     6      386.5497      386.9215        0    0.10%
Elapsed time = 3.56 sec. (428.37 ticks, tree = 0.01 MB, solutions = 3)

User cuts applied:  3

Root node processing (before b&c):
  Real time             =    3.56 sec. (428.49 ticks)
Sequential b&c:
  Real time             =    0.73 sec. (196.59 ticks)
                          ------------
Total (root+branch&cut) =    4.29 sec. (625.07 ticks)
@Parameters: 
is_S_cut                                true
is_add_all_yinF                         true
is_start_value                          true
is_usercut                              true
is_visualization                        false
uc_only_rootnode                        false

data                                    Biesinger
fn                                      data/Biesinger/111_n100_std
mode                                    ZLP
solver                                  cplex

p                                       9
r                                       2

EPS                                     1.0e-06
EPS_vio                                 1.0e-04
beta                                    0.10
gap                                     0.00
nodelimit                               Inf
timelimit                               7200.00


@PrintInfos
ItCnt: 271
Current gap: 0.00 %
Termination Status: OPTIMAL
Primal Status: FEASIBLE_POINT
Solve Time: 4.29 sec
Objective Value: 386.549748
Number of Nodes:     13

CutInfo: [phase] num / time (sec) 
ZLP             [phase1]     0 / 0.00 [rLC]     5 / 1.28 [rUC]     2 / 0.26 [sLC]     0 / 0.00 [sUC]     0 / 0.51 
OldSubmodular   [phase1]     0 / 0.00 [rLC]     0 / 0.00 [rUC]     0 / 0.00 [sLC]     0 / 0.00 [sUC]     0 / 0.00 
NewSubmodular   [phase1]     0 / 0.00 [rLC]     0 / 0.00 [rUC]     0 / 0.00 [sLC]     0 / 0.00 [sUC]     0 / 0.00 
PMP             [phase1]     0 / 0.00 [rLC]     8 / 0.33 [rUC]     2 / 0.10 [sLC]     0 / 0.00 [sUC]    10 / 0.46 
Separation Round: [phase1] 0  [rLC] 8  [rUC] 2  [sLC] 0  [sUC] 10
Root Best Bound 386.829257
Root Best Integer: 386.549748
Best Bound: 386.549748
Best Integer: 386.549748

