Version identifier: 20.1.0.0 | 2020-11-10 | 9bedb6d68
CPXPARAM_Threads                                 1
CPXPARAM_TimeLimit                               7200
CPXPARAM_MIP_Tolerances_MIPGap                   0
Generic callback                                 0x60
1 of 1 MIP starts provided solutions.
MIP start 'm1' defined initial solution with objective 328.1592.
Tried aggregator 1 time.
Reduced MIP has 1 rows, 101 columns, and 100 nonzeros.
Reduced MIP has 100 binaries, 0 generals, 0 SOSs, and 0 indicators.
Presolve time = 0.00 sec. (0.03 ticks)
Probing time = 0.00 sec. (0.01 ticks)
Tried aggregator 1 time.
Reduced MIP has 1 rows, 101 columns, and 100 nonzeros.
Reduced MIP has 100 binaries, 0 generals, 0 SOSs, and 0 indicators.
Presolve time = 0.00 sec. (0.03 ticks)
Probing time = 0.00 sec. (0.01 ticks)
MIP emphasis: balance optimality and feasibility.
MIP search method: dynamic search.
Parallel mode: none, using 1 thread.
Root relaxation solution time = 0.00 sec. (0.02 ticks)

        Nodes                                         Cuts/
   Node  Left     Objective  IInf  Best Integer    Best Bound    ItCnt     Gap

*     0+    0                          328.1592      558.0000            70.04%
      0     0      372.8701     2      328.1592      558.0000        0   70.04%
      0     0      361.1584     3      328.1592 UserPurge2: 1        5   10.06%
      0     0      352.3791     5      328.1592 UserPurge2: 1       10    7.38%
      0     0      350.4997     6      328.1592 UserPurge2: 1       16    6.81%
      0     0      347.3012     6      328.1592 UserPurge2: 1       26    5.83%
      0     0      347.0246     8      328.1592 UserPurge1: 1       28    5.75%
      0     0      342.2501     5      328.1592 UserPurge2: 1       44    4.29%
      0     0      339.7339     6      328.1592 UserPurge2: 1       48    3.53%
      0     0      338.3546     6      328.1592 UserPurge2: 1       54    3.11%
      0     0      336.7337     6      328.1592 UserPurge2: 1       58    2.61%
      0     0      336.2179     6      328.1592 UserPurge2: 1       61    2.46%
*     0+    0                          328.5222      336.2179             2.34%
      0     0      335.7447     6      328.5222 UserPurge2: 1       64    2.20%
      0     0      335.5698     6      328.5222 UserPurge2: 1       66    2.15%
      0     0      335.2891     7      328.5222 UserPurge2: 1       69    2.06%
      0     0      335.0204     8      328.5222 UserPurge2: 1       71    1.98%
      0     0      334.1103     7      328.5222 UserPurge2: 1       79    1.70%
*     0+    0                          332.2340      334.1103             0.56%

Repeating presolve.
Tried aggregator 1 time.
MIP Presolve eliminated 0 rows and 49 columns.
Reduced MIP has 1 rows, 52 columns, and 51 nonzeros.
Reduced MIP has 51 binaries, 0 generals, 0 SOSs, and 0 indicators.
Presolve time = 0.00 sec. (0.02 ticks)
Probing time = 0.00 sec. (0.01 ticks)
Tried aggregator 1 time.
Reduced MIP has 1 rows, 52 columns, and 51 nonzeros.
Reduced MIP has 51 binaries, 0 generals, 0 SOSs, and 0 indicators.
Presolve time = 0.00 sec. (0.02 ticks)
Represolve time = 0.00 sec. (0.26 ticks)
Probing time = 0.00 sec. (0.01 ticks)
MIP emphasis: balance optimality and feasibility.
MIP search method: dynamic search.
Parallel mode: none, using 1 thread.
Root relaxation solution time = 0.00 sec. (0.10 ticks)

        Nodes                                         Cuts/
   Node  Left     Objective  IInf  Best Integer    Best Bound    ItCnt     Gap

*     0+    0                          332.2340      334.1103             0.56%
      0     0      334.1103     7      332.2340      334.1103       90    0.56%
      0     0      333.8331     7      332.2340 UserPurge2: 1       95    0.48%
      0     0      333.6759     7      332.2340 UserPurge2: 1       99    0.43%
      0     0      333.2781     7      332.2340 UserPurge2: 1      110    0.31%
*     0+    0                          332.3595      333.2781             0.28%
      0     0      333.1568     7      332.3595 UserPurge2: 1      115    0.24%
      0     0      333.1505     8      332.3595 UserPurge2: 1      116    0.24%
      0     0      333.0148     7      332.3595 UserPurge2: 1      122    0.20%
      0     0      332.8390     7      332.3595 UserPurge2: 1      125    0.14%
      0     0      332.7229     7      332.3595 UserPurge2: 1      129    0.11%
      0     0      332.4469     6      332.3595 UserPurge2: 1      132    0.03%
      0     0      332.3945     5      332.3595 UserPurge2: 1      134    0.01%
      0     0        cutoff            332.3595                    135     --- 
Elapsed time = 3.31 sec. (5.35 ticks, tree = 0.01 MB, solutions = 4)

User cuts applied:  5

Root node processing (before b&c):
  Real time             =    3.31 sec. (5.36 ticks)
Sequential b&c:
  Real time             =    0.00 sec. (0.00 ticks)
                          ------------
Total (root+branch&cut) =    3.31 sec. (5.36 ticks)
@Parameters: 
is_S_cut                                true
is_add_all_yinF                         true
is_start_value                          true
is_usercut                              true
is_visualization                        false
uc_only_rootnode                        false

data                                    Biesinger
fn                                      data/Biesinger/111_n100_std
mode                                    NewSubmodular
solver                                  cplex

p                                       4
r                                       2

EPS                                     1.0e-06
EPS_vio                                 1.0e-04
beta                                    0.10
gap                                     0.00
nodelimit                               Inf
timelimit                               7200.00


@PrintInfos
ItCnt: 135
Current gap: 0.00 %
Termination Status: OPTIMAL
Primal Status: FEASIBLE_POINT
Solve Time: 3.31 sec
Objective Value: 332.359474
Number of Nodes:      0

CutInfo: [phase] num / time (sec) 
ZLP             [phase1]     0 / 0.00 [rLC]     0 / 0.00 [rUC]     0 / 0.00 [sLC]     0 / 0.00 [sUC]     0 / 0.00 
OldSubmodular   [phase1]     0 / 0.00 [rLC]     0 / 0.00 [rUC]     0 / 0.00 [sLC]     0 / 0.00 [sUC]     0 / 0.00 
NewSubmodular   [phase1]     0 / 0.00 [rLC]    15 / 1.39 [rUC]    26 / 0.06 [sLC]     0 / 0.00 [sUC]     0 / 0.00 
PMP             [phase1]     0 / 0.00 [rLC]     5 / 0.21 [rUC]     0 / 0.00 [sLC]     0 / 0.00 [sUC]     0 / 0.00 
Separation Round: [phase1] 0  [rLC] 19  [rUC] 26  [sLC] 0  [sUC] 0
Root Best Bound 332.359474
Root Best Integer: 332.359474
Best Bound: 332.359474
Best Integer: 332.359474

