Version identifier: 20.1.0.0 | 2020-11-10 | 9bedb6d68
CPXPARAM_Threads                                 1
CPXPARAM_TimeLimit                               7200
CPXPARAM_MIP_Tolerances_MIPGap                   0
Generic callback                                 0x60
1 of 1 MIP starts provided solutions.
MIP start 'm1' defined initial solution with objective 298.8492.
Tried aggregator 1 time.
Reduced MIP has 1 rows, 101 columns, and 100 nonzeros.
Reduced MIP has 100 binaries, 0 generals, 0 SOSs, and 0 indicators.
Presolve time = 0.00 sec. (0.03 ticks)
Probing time = 0.00 sec. (0.01 ticks)
Tried aggregator 1 time.
Reduced MIP has 1 rows, 101 columns, and 100 nonzeros.
Reduced MIP has 100 binaries, 0 generals, 0 SOSs, and 0 indicators.
Presolve time = 0.00 sec. (0.03 ticks)
Probing time = 0.00 sec. (0.01 ticks)
MIP emphasis: balance optimality and feasibility.
MIP search method: dynamic search.
Parallel mode: none, using 1 thread.
Root relaxation solution time = 0.00 sec. (0.02 ticks)

        Nodes                                         Cuts/
   Node  Left     Objective  IInf  Best Integer    Best Bound    ItCnt     Gap

*     0+    0                          298.8492      558.0000            86.72%
      0     0      342.8826     2      298.8492      558.0000        0   86.72%
      0     0      334.9341     4      298.8492 UserPurge2: 1        4   12.07%
      0     0      326.5886     6      298.8492 UserPurge2: 1       13    9.28%
      0     0      323.1666     7      298.8492 UserPurge2: 1       20    8.14%
*     0+    0                          299.5924      323.1666             7.87%
      0     0      320.2889     7      299.5924 UserPurge2: 1       32    6.91%
      0     0      315.1957     6      299.5924 UserPurge2: 1       37    5.21%
      0     0      312.1519     5      299.5924 UserPurge2: 1       43    4.19%
      0     0      308.8208     5      299.5924 UserPurge2: 1       50    3.08%
      0     0      307.0046     6      299.5924 UserPurge2: 1       55    2.47%
*     0+    0                          301.1306      307.0046             1.95%

Repeating presolve.
Tried aggregator 1 time.
MIP Presolve eliminated 0 rows and 26 columns.
Reduced MIP has 1 rows, 75 columns, and 74 nonzeros.
Reduced MIP has 74 binaries, 0 generals, 0 SOSs, and 0 indicators.
Presolve time = 0.00 sec. (0.03 ticks)
Probing time = 0.00 sec. (0.01 ticks)
Tried aggregator 1 time.
Reduced MIP has 1 rows, 75 columns, and 74 nonzeros.
Reduced MIP has 74 binaries, 0 generals, 0 SOSs, and 0 indicators.
Presolve time = 0.00 sec. (0.02 ticks)
Represolve time = 0.00 sec. (0.34 ticks)
Probing time = 0.00 sec. (0.01 ticks)
MIP emphasis: balance optimality and feasibility.
MIP search method: dynamic search.
Parallel mode: none, using 1 thread.
Root relaxation solution time = 0.00 sec. (0.21 ticks)

        Nodes                                         Cuts/
   Node  Left     Objective  IInf  Best Integer    Best Bound    ItCnt     Gap

*     0+    0                          301.1306      307.0046             1.95%
      0     0      307.0003     7      301.1306      307.0003       76    1.95%
      0     0      305.5503     5      301.1306 UserPurge2: 1       85    1.47%
      0     0      305.4308     6      301.1306 UserPurge2: 1       87    1.43%
      0     0      303.5092     4      301.1306 UserPurge2: 1       92    0.79%
      0     0      303.3656     5      301.1306 UserPurge2: 1       95    0.74%
      0     0      303.1160     5      301.1306 UserPurge2: 1      100    0.66%
*     0+    0                          302.2963      303.1160             0.27%
      0     0      303.0916     6      302.2963 UserPurge2: 1      103    0.26%
      0     0      303.0528     6      302.2963 UserPurge2: 1      107    0.25%
      0     0      302.9691     6      302.2963 UserPurge2: 1      110    0.22%
      0     0      302.9325     7      302.2963 UserPurge2: 1      113    0.21%
      0     0      302.8822     8      302.2963 UserPurge2: 1      117    0.19%
      0     0      302.8495     8      302.2963 UserPurge2: 1      121    0.18%
      0     0      302.8087     9      302.2963 UserPurge2: 1      124    0.17%
      0     0      302.7712     9      302.2963 UserPurge2: 1      128    0.16%
      0     0      302.5894     8      302.2963 UserPurge2: 1      132    0.10%
      0     0      302.5244     9      302.2963 UserPurge2: 1      134    0.08%
      0     0      302.3807     7      302.2963 UserPurge2: 1      141    0.03%
      0     0        cutoff            302.2963                    143     --- 
Elapsed time = 3.34 sec. (5.53 ticks, tree = 0.01 MB, solutions = 4)

User cuts applied:  6

Root node processing (before b&c):
  Real time             =    3.34 sec. (5.53 ticks)
Sequential b&c:
  Real time             =    0.00 sec. (0.00 ticks)
                          ------------
Total (root+branch&cut) =    3.34 sec. (5.53 ticks)
@Parameters: 
is_S_cut                                true
is_add_all_yinF                         true
is_start_value                          true
is_usercut                              true
is_visualization                        false
uc_only_rootnode                        false

data                                    Biesinger
fn                                      data/Biesinger/111_n100_std
mode                                    NewSubmodular
solver                                  cplex

p                                       4
r                                       3

EPS                                     1.0e-06
EPS_vio                                 1.0e-04
beta                                    0.10
gap                                     0.00
nodelimit                               Inf
timelimit                               7200.00


@PrintInfos
ItCnt: 143
Current gap: 0.00 %
Termination Status: OPTIMAL
Primal Status: FEASIBLE_POINT
Solve Time: 3.34 sec
Objective Value: 302.296266
Number of Nodes:      0

CutInfo: [phase] num / time (sec) 
ZLP             [phase1]     0 / 0.00 [rLC]     0 / 0.00 [rUC]     0 / 0.00 [sLC]     0 / 0.00 [sUC]     0 / 0.00 
OldSubmodular   [phase1]     0 / 0.00 [rLC]     0 / 0.00 [rUC]     0 / 0.00 [sLC]     0 / 0.00 [sUC]     0 / 0.00 
NewSubmodular   [phase1]     0 / 0.00 [rLC]    22 / 1.41 [rUC]    47 / 0.09 [sLC]     0 / 0.00 [sUC]     0 / 0.00 
PMP             [phase1]     0 / 0.00 [rLC]     6 / 0.26 [rUC]     0 / 0.00 [sLC]     0 / 0.00 [sUC]     0 / 0.00 
Separation Round: [phase1] 0  [rLC] 20  [rUC] 25  [sLC] 0  [sUC] 0
Root Best Bound 302.296266
Root Best Integer: 302.296266
Best Bound: 302.296266
Best Integer: 302.296266

