Version identifier: 20.1.0.0 | 2020-11-10 | 9bedb6d68
CPXPARAM_Threads                                 1
CPXPARAM_TimeLimit                               7200
CPXPARAM_MIP_Tolerances_MIPGap                   0
Generic callback                                 0x60
1 of 1 MIP starts provided solutions.
MIP start 'm1' defined initial solution with objective 381.5814.
Tried aggregator 1 time.
Reduced MIP has 1 rows, 101 columns, and 100 nonzeros.
Reduced MIP has 100 binaries, 0 generals, 0 SOSs, and 0 indicators.
Presolve time = 0.00 sec. (0.03 ticks)
Probing time = 0.00 sec. (0.01 ticks)
Tried aggregator 1 time.
Reduced MIP has 1 rows, 101 columns, and 100 nonzeros.
Reduced MIP has 100 binaries, 0 generals, 0 SOSs, and 0 indicators.
Presolve time = 0.00 sec. (0.03 ticks)
Probing time = 0.00 sec. (0.01 ticks)
MIP emphasis: balance optimality and feasibility.
MIP search method: dynamic search.
Parallel mode: none, using 1 thread.
Root relaxation solution time = 0.00 sec. (0.02 ticks)

        Nodes                                         Cuts/
   Node  Left     Objective  IInf  Best Integer    Best Bound    ItCnt     Gap

*     0+    0                          381.5814      558.0000            46.23%
      0     0      464.0568     2      381.5814      558.0000        0   46.23%
      0     0      437.8254     4      381.5814 UserPurge2: 1       10   14.74%
      0     0      426.6181     5      381.5814 UserPurge2: 1       16   11.80%
      0     0      421.9827     7      381.5814 UserPurge2: 1       29   10.59%
      0     0      416.9582     8      381.5814 UserPurge2: 1       40    9.27%
      0     0      414.2245     9      381.5814 UserPurge2: 1       56    8.55%
      0     0      410.3942    10      381.5814 UserPurge2: 1       63    7.55%
      0     0      407.8174    11      381.5814 UserPurge2: 1       74    6.88%
      0     0      406.4217    10      381.5814 UserPurge2: 1       88    6.51%
      0     0      405.5775    11      381.5814 UserPurge2: 1       99    6.29%
      0     0      405.5252    13      381.5814 UserPurge1: 1      101    6.27%
      0     0      404.9213    13      381.5814 UserPurge2: 1      112    6.12%
      0     0      404.3180    13      381.5814 UserPurge1: 1      121    5.96%
      0     0      402.7132    12      381.5814 UserPurge2: 1      137    5.54%
      0     0      400.9056     9      381.5814 UserPurge2: 1      146    5.06%
      0     0      400.7629    10      381.5814 UserPurge1: 1      149    5.03%
      0     0      400.6131    11      381.5814 UserPurge1: 1      151    4.99%
      0     0      400.3857    11      381.5814 UserPurge2: 1      160    4.93%
      0     0      399.5121    10      381.5814 UserPurge2: 1      180    4.70%
      0     0      399.2897    12      381.5814 UserPurge1: 2      183    4.64%
      0     0      399.0213    11      381.5814 UserPurge2: 1      189    4.57%
      0     0      398.4521    11      381.5814 UserPurge2: 1      203    4.42%
      0     0      397.9800    12      381.5814 UserPurge2: 1      218    4.30%
      0     0      397.7464    13      381.5814 UserPurge2: 1      229    4.24%
      0     0      397.5559    13      381.5814 UserPurge2: 1      243    4.19%
      0     0      397.3828    14      381.5814 UserPurge2: 1      250    4.14%
      0     0      396.9699    11      381.5814 UserPurge2: 1      265    4.03%
      0     0      396.3792    12      381.5814 UserPurge2: 1      278    3.88%
      0     0      396.0941    11      381.5814 UserPurge2: 1      291    3.80%
      0     0      396.0152    13      381.5814 UserPurge1: 1      294    3.78%
*     0+    0                          382.2359      396.0152             3.60%
      0     0      395.3855    12      382.2359 UserPurge2: 1      309    3.44%
      0     0      395.0976    11      382.2359 UserPurge2: 1      324    3.36%
      0     0      394.6856    11      382.2359 UserPurge2: 1      333    3.26%
      0     0      394.2626    10      382.2359 UserPurge2: 1      346    3.15%
      0     0      394.1730    12      382.2359 UserPurge2: 1      349    3.12%
      0     0      393.8151    12      382.2359 UserPurge2: 1      355    3.03%
      0     0      393.5534    13      382.2359 UserPurge2: 1      367    2.96%
      0     0      393.3218    15      382.2359 UserPurge2: 1      377    2.90%
      0     0      393.1412    15      382.2359 UserPurge2: 1      384    2.85%
      0     0      392.9243    14      382.2359 UserPurge2: 1      393    2.80%
      0     0      392.8471    14      382.2359 UserPurge2: 1      400    2.78%
      0     0      391.8767    12      382.2359 UserPurge2: 1      416    2.52%
      0     0      391.7548    12      382.2359 UserPurge2: 1      422    2.49%
      0     0      391.5612    13      382.2359 UserPurge2: 1      432    2.44%
      0     0      391.3070    12      382.2359 UserPurge2: 1      443    2.37%
      0     0      391.2710    13      382.2359 UserPurge2: 1      447    2.36%
      0     0      391.2387    14      382.2359 UserPurge2: 1      451    2.36%
      0     0      391.1561    13      382.2359 UserPurge2: 1      456    2.33%
      0     0      391.1038    13      382.2359 UserPurge2: 1      463    2.32%
      0     0      391.0755    14      382.2359 UserPurge2: 1      467    2.31%
      0     0      390.9717    15      382.2359 UserPurge2: 1      476    2.29%
      0     0      390.9152    15      382.2359 UserPurge2: 1      484    2.27%
      0     0      390.6397    13      382.2359 UserPurge2: 1      493    2.20%
      0     0      390.4829    13      382.2359 UserPurge2: 1      501    2.16%
      0     0      390.4721    14      382.2359 UserPurge2: 1      503    2.15%
      0     0      390.4020    15      382.2359 UserPurge2: 1      512    2.14%
      0     0      390.3404    16      382.2359 UserPurge2: 1      519    2.12%
      0     0      390.2545    16      382.2359 UserPurge2: 1      531    2.10%
      0     0      389.9605    14      382.2359 UserPurge2: 1      540    2.02%
      0     0      389.8753    14      382.2359 UserPurge2: 1      546    2.00%
      0     0      389.7583    15      382.2359 UserPurge2: 1      552    1.97%
      0     0      389.5894    16      382.2359 UserPurge2: 1      559    1.92%
      0     0      389.4929    16      382.2359 UserPurge2: 1      565    1.90%
      0     0      389.4227    16      382.2359 UserPurge2: 1      570    1.88%
*     0+    0                          383.8224      389.4227             1.46%
      0     0      389.3223    15      383.8224 UserPurge2: 1      578    1.43%
      0     0      389.2975    16      383.8224 UserPurge2: 1      589    1.43%
      0     0      389.2780    16      383.8224 UserPurge2: 1      597    1.42%
      0     0      389.2752    17      383.8224 UserPurge2: 1      601    1.42%
*     0+    0                          383.9028      389.2752             1.40%
      0     0      389.2644    17      383.9028 UserPurge2: 1      606    1.40%
      0     0      389.1878    17      383.9028 UserPurge2: 1      613    1.38%
      0     0      389.1300    15      383.9028 UserPurge2: 1      620    1.36%
      0     0      389.0701    15      383.9028 UserPurge2: 1      628    1.35%
*     0+    0                          384.6970      389.0701             1.14%
      0     0      388.9412    16      384.6970 UserPurge2: 1      639    1.10%
      0     0      388.7951    15      384.6970 UserPurge2: 1      650    1.07%
      0     0      388.7687    16      384.6970 UserPurge2: 1      654    1.06%
      0     0      388.6999    16      384.6970 UserPurge2: 1      662    1.04%
      0     0      388.6436    16      384.6970 UserPurge2: 1      671    1.03%
      0     0      388.6259    17      384.6970 UserPurge2: 1      676    1.02%
      0     0      388.5761    17      384.6970 UserPurge2: 1      683    1.01%
      0     0      388.4898    16      384.6970 UserPurge2: 1      694    0.99%
      0     0      388.3623    15      384.6970 UserPurge2: 1      701    0.95%
      0     0      388.3231    15      384.6970 UserPurge2: 1      708    0.94%
      0     0      388.3207    15      384.6970 UserPurge2: 1      711    0.94%
      0     0      388.3171    16      384.6970 UserPurge2: 1      714    0.94%
      0     0      388.3038    17      384.6970 UserPurge2: 1      717    0.94%
      0     0      388.2520    17      384.6970 UserPurge2: 1      724    0.92%
      0     0      388.2424    18      384.6970 UserPurge2: 1      726    0.92%
      0     0      388.1511    14      384.6970 UserPurge2: 1      734    0.90%
      0     0      388.1298    15      384.6970 UserPurge2: 1      739    0.89%
      0     0      388.0821    15      384.6970 UserPurge2: 1      745    0.88%
      0     0      388.0176    14      384.6970 UserPurge2: 1      751    0.86%
      0     0      387.9803    15      384.6970 UserPurge2: 1      756    0.85%
      0     0      387.9550    15      384.6970 UserPurge2: 1      760    0.85%
      0     0      387.9487    16      384.6970 UserPurge2: 1      761    0.85%
      0     0      387.8485    12      384.6970 UserPurge2: 1      773    0.82%
*     0+    0                          385.9705      387.8485             0.49%
      0     0      387.7781    12      385.9705 UserPurge2: 1      778    0.47%
      0     0      387.7718    13      385.9705 UserPurge2: 1      779    0.47%
*     0+    0                          386.2058      387.7718             0.41%
      0     0      387.7659    14      386.2058 UserPurge2: 1      782    0.40%
      0     0      387.7223    14      386.2058 UserPurge2: 1      788    0.39%
      0     0      387.6944    15      386.2058 UserPurge2: 1      793    0.39%
      0     0      387.6771    14      386.2058 UserPurge2: 1      797    0.38%
*     0+    0                          386.2969      387.6771             0.36%
      0     0      387.6551    14      386.2969 UserPurge2: 1      804    0.35%

Repeating presolve.
Tried aggregator 1 time.
MIP Presolve eliminated 0 rows and 27 columns.
Reduced MIP has 1 rows, 74 columns, and 73 nonzeros.
Reduced MIP has 73 binaries, 0 generals, 0 SOSs, and 0 indicators.
Presolve time = 0.00 sec. (0.03 ticks)
Probing time = 0.00 sec. (0.01 ticks)
Tried aggregator 1 time.
Reduced MIP has 1 rows, 74 columns, and 73 nonzeros.
Reduced MIP has 73 binaries, 0 generals, 0 SOSs, and 0 indicators.
Presolve time = 0.00 sec. (0.02 ticks)
Represolve time = 0.00 sec. (2.56 ticks)
Probing time = 0.00 sec. (0.01 ticks)
MIP emphasis: balance optimality and feasibility.
MIP search method: dynamic search.
Parallel mode: none, using 1 thread.
Root relaxation solution time = 0.00 sec. (0.45 ticks)

        Nodes                                         Cuts/
   Node  Left     Objective  IInf  Best Integer    Best Bound    ItCnt     Gap

*     0+    0                          386.2969      387.6551             0.35%
      0     0      387.6551    14      386.2969      387.6551      837    0.35%
      0     0      387.6390    15      386.2969 UserPurge2: 1      840    0.35%
      0     0      387.5823    14      386.2969 UserPurge2: 1      845    0.33%
      0     0      387.5741    14      386.2969 UserPurge2: 1      849    0.33%
      0     0      387.5426    15      386.2969 UserPurge2: 1      853    0.32%
      0     0      387.5205    15      386.2969 UserPurge2: 1      860    0.32%
      0     0      387.5133    16      386.2969 UserPurge2: 1      865    0.31%
      0     0      387.5116    17      386.2969 UserPurge2: 1      871    0.31%
      0     0      387.5115    18      386.2969 UserPurge2: 1      873    0.31%
      0     0      387.5085    18      386.2969 UserPurge2: 1      877    0.31%
      0     0      387.5004    19      386.2969 UserPurge2: 1      880    0.31%
      0     0      387.4925    17      386.2969 UserPurge2: 1      886    0.31%
      0     0      387.4751    16      386.2969 UserPurge2: 1      902    0.30%
*     0+    0                          386.3171      387.4751             0.30%
      0     0      387.4554    15      386.3171 UserPurge2: 1      911    0.29%
      0     0      387.4133    14      386.3171 UserPurge2: 1      918    0.28%
      0     0      387.4055    15      386.3171 UserPurge2: 1      924    0.28%
      0     0      387.4039    16      386.3171 UserPurge2: 1      928    0.28%
      0     0      387.3970    17      386.3171 UserPurge2: 1      934    0.28%
      0     0      387.3930    17      386.3171 UserPurge2: 1      946    0.28%
      0     0      387.3796    17      386.3171 UserPurge2: 1      957    0.28%
      0     0      387.3601    17      386.3171 UserPurge2: 1      963    0.27%
      0     0      387.2998    16      386.3171 UserPurge2: 1      973    0.25%
      0     0      387.2987    16      386.3171 UserPurge2: 1      976    0.25%
      0     0      387.2981    17      386.3171 UserPurge2: 1      977    0.25%
      0     0      387.2908    17      386.3171 UserPurge2: 1      982    0.25%
      0     0      387.2790    18      386.3171 UserPurge2: 1      987    0.25%
      0     0      387.2520    18      386.3171 UserPurge2: 1      997    0.24%
      0     0      387.2461    17      386.3171 UserPurge2: 1     1003    0.24%
      0     0      387.2417    17      386.3171 UserPurge2: 1     1007    0.24%
      0     0      387.2161    17      386.3171 UserPurge2: 1     1015    0.23%
      0     0      387.2140    17      386.3171 UserPurge2: 1     1019    0.23%
*     0+    0                          386.5497      387.2140             0.17%
      0     0      387.1987    15      386.5497 UserPurge2: 1     1026    0.17%
      0     0      387.1969    16      386.5497 UserPurge2: 1     1028    0.17%
      0     0      387.1924    17      386.5497 UserPurge2: 1     1030    0.17%
      0     0      387.1877    17      386.5497 UserPurge2: 1     1036    0.17%
      0     0      387.1854    18      386.5497 UserPurge2: 1     1039    0.16%
      0     0      387.1775    17      386.5497 UserPurge2: 1     1045    0.16%
      0     0      387.1749    18      386.5497 UserPurge2: 1     1049    0.16%
      0     0      387.1697    18      386.5497 UserPurge2: 1     1054    0.16%
      0     0      387.1404    18      386.5497 UserPurge2: 1     1061    0.15%
      0     0      387.1396    19      386.5497 UserPurge2: 1     1063    0.15%
      0     0      387.1134    17      386.5497 UserPurge2: 1     1069    0.15%
      0     0      387.1002    15      386.5497 UserPurge2: 1     1076    0.14%
      0     0      387.0978    16      386.5497 UserPurge2: 1     1081    0.14%
      0     0      387.0972    16      386.5497 UserPurge2: 1     1084    0.14%
      0     0      387.0861    17      386.5497 UserPurge2: 1     1087    0.14%
      0     0      387.0824    18      386.5497 UserPurge2: 1     1089    0.14%
      0     0      387.0450    15      386.5497 UserPurge2: 1     1097    0.13%
      0     0      387.0433    14      386.5497 UserPurge2: 1     1102    0.13%
      0     0      387.0405    15      386.5497 UserPurge2: 1     1107    0.13%
      0     0      387.0365    15      386.5497 UserPurge2: 1     1113    0.13%
      0     0      387.0343    16      386.5497 UserPurge2: 1     1119    0.13%
      0     0      387.0317    17      386.5497 UserPurge2: 1     1122    0.12%
      0     0      387.0294    18      386.5497 UserPurge2: 1     1125    0.12%
      0     0      387.0258    19      386.5497 UserPurge2: 1     1129    0.12%
      0     0      387.0246    16      386.5497 UserPurge2: 1     1136    0.12%
      0     0      387.0227    17      386.5497 UserPurge2: 1     1138    0.12%
      0     0      387.0194    15      386.5497 UserPurge2: 1     1147    0.12%
      0     0      387.0158    15      386.5497 UserPurge2: 1     1151    0.12%
      0     0      387.0138    16      386.5497 UserPurge2: 1     1155    0.12%
      0     0      387.0122    17      386.5497 UserPurge2: 1     1159    0.12%
      0     0      387.0115    18      386.5497 UserPurge2: 1     1162    0.12%
      0     0      387.0108    19      386.5497 UserPurge2: 1     1165    0.12%
      0     0      387.0071    18      386.5497 UserPurge2: 1     1171    0.12%
      0     0      386.9984    18      386.5497 UserPurge2: 1     1176    0.12%
      0     0      386.9951    18      386.5497 UserPurge2: 1     1184    0.12%
      0     0      386.9823    16      386.5497 UserPurge2: 1     1194    0.11%
      0     0      386.9810    16      386.5497 UserPurge2: 1     1197    0.11%
      0     0      386.9790    17      386.5497 UserPurge2: 1     1201    0.11%
      0     0      386.9770    17      386.5497 UserPurge2: 1     1206    0.11%
      0     0      386.9748    18      386.5497 UserPurge2: 1     1210    0.11%
      0     0      386.9690    19      386.5497 UserPurge2: 1     1214    0.11%
      0     0      386.9644    19      386.5497 UserPurge2: 1     1217    0.11%
      0     0      386.9622    18      386.5497 UserPurge2: 1     1223    0.11%
      0     2      386.9622    18      386.5497      386.9617     1223    0.11%
Elapsed time = 4.44 sec. (118.42 ticks, tree = 0.01 MB, solutions = 10)

User cuts applied:  206

Root node processing (before b&c):
  Real time             =    4.44 sec. (118.47 ticks)
Sequential b&c:
  Real time             =    1.24 sec. (37.22 ticks)
                          ------------
Total (root+branch&cut) =    5.68 sec. (155.69 ticks)
@Parameters: 
is_S_cut                                true
is_add_all_yinF                         true
is_start_value                          true
is_usercut                              true
is_visualization                        false
uc_only_rootnode                        false

data                                    Biesinger
fn                                      data/Biesinger/111_n100_std
mode                                    NewSubmodular
solver                                  cplex

p                                       9
r                                       2

EPS                                     1.0e-06
EPS_vio                                 1.0e-04
beta                                    0.10
gap                                     0.00
nodelimit                               Inf
timelimit                               7200.00


@PrintInfos
ItCnt: 2282
Current gap: 0.00 %
Termination Status: OPTIMAL
Primal Status: FEASIBLE_POINT
Solve Time: 5.68 sec
Objective Value: 386.549748
Number of Nodes:     19

CutInfo: [phase] num / time (sec) 
ZLP             [phase1]     0 / 0.00 [rLC]     0 / 0.00 [rUC]     0 / 0.00 [sLC]     0 / 0.00 [sUC]     0 / 0.00 
OldSubmodular   [phase1]     0 / 0.00 [rLC]     0 / 0.00 [rUC]     0 / 0.00 [sLC]     0 / 0.00 [sUC]     0 / 0.00 
NewSubmodular   [phase1]     0 / 0.00 [rLC]   114 / 1.76 [rUC]   448 / 0.66 [sLC]     0 / 0.00 [sUC]   188 / 1.19 
PMP             [phase1]     0 / 0.00 [rLC]    13 / 0.55 [rUC]     0 / 0.00 [sLC]     0 / 0.00 [sUC]    16 / 0.73 
Separation Round: [phase1] 0  [rLC] 81  [rUC] 176  [sLC] 0  [sUC] 84
Root Best Bound 386.961671
Root Best Integer: 386.549748
Best Bound: 386.549748
Best Integer: 386.549748

