Version identifier: 20.1.0.0 | 2020-11-10 | 9bedb6d68
CPXPARAM_Threads                                 1
CPXPARAM_TimeLimit                               7200
CPXPARAM_MIP_Tolerances_MIPGap                   0
Generic callback                                 0x60
1 of 1 MIP starts provided solutions.
MIP start 'm1' defined initial solution with objective 262.3211.
Tried aggregator 1 time.
Reduced MIP has 1 rows, 101 columns, and 100 nonzeros.
Reduced MIP has 100 binaries, 0 generals, 0 SOSs, and 0 indicators.
Presolve time = 0.00 sec. (0.03 ticks)
Probing time = 0.00 sec. (0.01 ticks)
Tried aggregator 1 time.
Reduced MIP has 1 rows, 101 columns, and 100 nonzeros.
Reduced MIP has 100 binaries, 0 generals, 0 SOSs, and 0 indicators.
Presolve time = 0.00 sec. (0.03 ticks)
Probing time = 0.00 sec. (0.01 ticks)
MIP emphasis: balance optimality and feasibility.
MIP search method: dynamic search.
Parallel mode: none, using 1 thread.
Root relaxation solution time = 0.00 sec. (0.02 ticks)

        Nodes                                         Cuts/
   Node  Left     Objective  IInf  Best Integer    Best Bound    ItCnt     Gap

*     0+    0                          262.3211      558.0000           112.72%
      0     0      308.8034     2      262.3211      558.0000        0  112.72%
      0     0      294.3955     4      262.3211 UserPurge2: 1        9   12.23%
      0     0      288.7258     6      262.3211 UserPurge2: 1       14   10.07%
      0     0      279.2877     4      262.3211 UserPurge2: 1       25    6.47%
      0     0      276.4596     5      262.3211 UserPurge2: 1       30    5.39%
      0     0      274.3004     6      262.3211 UserPurge2: 1       36    4.57%
      0     0      273.3996     6      262.3211 UserPurge2: 1       42    4.22%
      0     0      272.6373     6      262.3211 UserPurge2: 1       46    3.93%
      0     0      271.0341     7      262.3211 UserPurge2: 1       52    3.32%
*     0+    0                          263.9050      271.0341             2.70%
      0     0      270.5576     7      263.9050 UserPurge2: 1       56    2.52%
      0     0      270.2694     7      263.9050 UserPurge2: 1       60    2.41%
      0     0      269.2120     5      263.9050 UserPurge2: 1       65    2.01%
*     0+    0                          265.4187      269.2120             1.43%

Repeating presolve.
Tried aggregator 1 time.
MIP Presolve eliminated 0 rows and 32 columns.
Reduced MIP has 1 rows, 69 columns, and 68 nonzeros.
Reduced MIP has 68 binaries, 0 generals, 0 SOSs, and 0 indicators.
Presolve time = 0.00 sec. (0.03 ticks)
Probing time = 0.00 sec. (0.01 ticks)
Tried aggregator 1 time.
Reduced MIP has 1 rows, 69 columns, and 68 nonzeros.
Reduced MIP has 68 binaries, 0 generals, 0 SOSs, and 0 indicators.
Presolve time = 0.00 sec. (0.02 ticks)
Represolve time = 0.00 sec. (0.30 ticks)
Probing time = 0.00 sec. (0.01 ticks)
MIP emphasis: balance optimality and feasibility.
MIP search method: dynamic search.
Parallel mode: none, using 1 thread.
Root relaxation solution time = 0.00 sec. (0.12 ticks)

        Nodes                                         Cuts/
   Node  Left     Objective  IInf  Best Integer    Best Bound    ItCnt     Gap

*     0+    0                          265.4187      269.2120             1.43%
      0     0      269.2114     6      265.4187      269.2114       76    1.43%
      0     0      268.7135     6      265.4187 UserPurge2: 1       79    1.24%
      0     0      267.5475     7      265.4187 UserPurge2: 1       85    0.80%
      0     0      266.8047     6      265.4187 UserPurge2: 1       90    0.52%
      0     0      266.5461     6      265.4187 UserPurge2: 1       93    0.42%
*     0+    0                          265.9173      266.5461             0.24%
      0     0      266.5348     7      265.9173 UserPurge2: 1       95    0.23%
      0     0      266.5026     6      265.9173 UserPurge2: 1       99    0.22%
      0     0      266.4109     5      265.9173 UserPurge2: 1      103    0.19%
      0     0      266.3828     6      265.9173 UserPurge2: 1      106    0.18%
      0     0      266.2641     6      265.9173 UserPurge2: 1      109    0.13%
      0     0      266.2024     7      265.9173 UserPurge2: 1      111    0.11%
      0     0        cutoff            265.9173                    115     --- 
Elapsed time = 3.32 sec. (4.67 ticks, tree = 0.01 MB, solutions = 4)

User cuts applied:  6

Root node processing (before b&c):
  Real time             =    3.32 sec. (4.68 ticks)
Sequential b&c:
  Real time             =    0.00 sec. (0.00 ticks)
                          ------------
Total (root+branch&cut) =    3.32 sec. (4.68 ticks)
@Parameters: 
is_S_cut                                true
is_add_all_yinF                         true
is_start_value                          true
is_usercut                              true
is_visualization                        false
uc_only_rootnode                        false

data                                    Biesinger
fn                                      data/Biesinger/111_n100_std
mode                                    NewSubmodular
solver                                  cplex

p                                       4
r                                       5

EPS                                     1.0e-06
EPS_vio                                 1.0e-04
beta                                    0.10
gap                                     0.00
nodelimit                               Inf
timelimit                               7200.00


@PrintInfos
ItCnt: 115
Current gap: 0.00 %
Termination Status: OPTIMAL
Primal Status: FEASIBLE_POINT
Solve Time: 3.32 sec
Objective Value: 265.917292
Number of Nodes:      0

CutInfo: [phase] num / time (sec) 
ZLP             [phase1]     0 / 0.00 [rLC]     0 / 0.00 [rUC]     0 / 0.00 [sLC]     0 / 0.00 [sUC]     0 / 0.00 
OldSubmodular   [phase1]     0 / 0.00 [rLC]     0 / 0.00 [rUC]     0 / 0.00 [sLC]     0 / 0.00 [sUC]     0 / 0.00 
NewSubmodular   [phase1]     0 / 0.00 [rLC]    16 / 1.38 [rUC]    36 / 0.09 [sLC]     0 / 0.00 [sUC]     0 / 0.00 
PMP             [phase1]     0 / 0.00 [rLC]     6 / 0.22 [rUC]     0 / 0.00 [sLC]     0 / 0.00 [sUC]     0 / 0.00 
Separation Round: [phase1] 0  [rLC] 18  [rUC] 22  [sLC] 0  [sUC] 0
Root Best Bound 265.917292
Root Best Integer: 265.917292
Best Bound: 265.917292
Best Integer: 265.917292

