Version identifier: 20.1.0.0 | 2020-11-10 | 9bedb6d68
CPXPARAM_Threads                                 1
CPXPARAM_TimeLimit                               7200
CPXPARAM_MIP_Tolerances_MIPGap                   0
Generic callback                                 0x60
1 of 1 MIP starts provided solutions.
MIP start 'm1' defined initial solution with objective 375.8994.
Tried aggregator 1 time.
Reduced MIP has 10101 rows, 10101 columns, and 30100 nonzeros.
Reduced MIP has 100 binaries, 0 generals, 0 SOSs, and 0 indicators.
Presolve time = 0.01 sec. (9.72 ticks)
Probing time = 0.00 sec. (1.26 ticks)
Tried aggregator 1 time.
Reduced MIP has 10101 rows, 10101 columns, and 30100 nonzeros.
Reduced MIP has 100 binaries, 0 generals, 0 SOSs, and 0 indicators.
Presolve time = 0.01 sec. (9.55 ticks)
Probing time = 0.00 sec. (1.26 ticks)
MIP emphasis: balance optimality and feasibility.
MIP search method: dynamic search.
Parallel mode: none, using 1 thread.
Root relaxation solution time = 0.00 sec. (3.91 ticks)

        Nodes                                         Cuts/
   Node  Left     Objective  IInf  Best Integer    Best Bound    ItCnt     Gap

*     0+    0                          375.8994      558.0000            48.44%
      0     0      378.6208     2      375.8994      558.0000        0   48.44%
*     0+    0                          377.8645      378.6208             0.20%
      0     2      378.6208     2      377.8645      378.6188        0    0.20%
Elapsed time = 3.54 sec. (370.30 ticks, tree = 0.01 MB, solutions = 2)
*     2     2      integral     0      378.5240      378.6188      225    0.03%

User cuts applied:  4

Root node processing (before b&c):
  Real time             =    3.54 sec. (370.42 ticks)
Sequential b&c:
  Real time             =    0.30 sec. (72.51 ticks)
                          ------------
Total (root+branch&cut) =    3.83 sec. (442.94 ticks)
@Parameters: 
is_S_cut                                true
is_add_all_yinF                         true
is_start_value                          true
is_usercut                              true
is_visualization                        false
uc_only_rootnode                        false

data                                    Biesinger
fn                                      data/Biesinger/111_n100_std
mode                                    ZLP
solver                                  cplex

p                                       8
r                                       2

EPS                                     1.0e-06
EPS_vio                                 1.0e-04
beta                                    0.10
gap                                     0.00
nodelimit                               Inf
timelimit                               7200.00


@PrintInfos
ItCnt: 225
Current gap: 0.00 %
Termination Status: OPTIMAL
Primal Status: FEASIBLE_POINT
Solve Time: 3.83 sec
Objective Value: 378.523983
Number of Nodes:      3

CutInfo: [phase] num / time (sec) 
ZLP             [phase1]     0 / 0.00 [rLC]     5 / 1.28 [rUC]     2 / 0.25 [sLC]     0 / 0.04 [sUC]     1 / 0.17 
OldSubmodular   [phase1]     0 / 0.00 [rLC]     0 / 0.00 [rUC]     0 / 0.00 [sLC]     0 / 0.00 [sUC]     0 / 0.00 
NewSubmodular   [phase1]     0 / 0.00 [rLC]     0 / 0.00 [rUC]     0 / 0.00 [sLC]     0 / 0.00 [sUC]     0 / 0.00 
PMP             [phase1]     0 / 0.00 [rLC]     7 / 0.35 [rUC]     2 / 0.11 [sLC]     1 / 0.04 [sUC]     3 / 0.15 
Separation Round: [phase1] 0  [rLC] 7  [rUC] 2  [sLC] 1  [sUC] 3
Root Best Bound 378.523983
Root Best Integer: 378.523983
Best Bound: 378.523983
Best Integer: 378.523983

