Version identifier: 20.1.0.0 | 2020-11-10 | 9bedb6d68
CPXPARAM_Threads                                 1
CPXPARAM_TimeLimit                               7200
CPXPARAM_MIP_Tolerances_MIPGap                   0
Generic callback                                 0x60
1 of 1 MIP starts provided solutions.
MIP start 'm1' defined initial solution with objective 216.8050.
Tried aggregator 1 time.
Reduced MIP has 1 rows, 101 columns, and 100 nonzeros.
Reduced MIP has 100 binaries, 0 generals, 0 SOSs, and 0 indicators.
Presolve time = 0.00 sec. (0.03 ticks)
Probing time = 0.00 sec. (0.01 ticks)
Tried aggregator 1 time.
Reduced MIP has 1 rows, 101 columns, and 100 nonzeros.
Reduced MIP has 100 binaries, 0 generals, 0 SOSs, and 0 indicators.
Presolve time = 0.00 sec. (0.03 ticks)
Probing time = 0.00 sec. (0.01 ticks)
MIP emphasis: balance optimality and feasibility.
MIP search method: dynamic search.
Parallel mode: none, using 1 thread.
Root relaxation solution time = 0.00 sec. (0.02 ticks)

        Nodes                                         Cuts/
   Node  Left     Objective  IInf  Best Integer    Best Bound    ItCnt     Gap

*     0+    0                          216.8050      558.0000           157.37%
      0     0      259.8062     2      216.8050      558.0000        0  157.37%
      0     0      250.4443     4      216.8050 UserPurge2: 1        3   15.52%
*     0+    0                          223.5183      250.4443            12.05%
      0     0      228.4533     2      223.5183 UserPurge2: 1       13    2.21%
*     0+    0                          225.0669      228.4533             1.50%

Repeating presolve.
Tried aggregator 1 time.
MIP Presolve eliminated 0 rows and 72 columns.
Reduced MIP has 1 rows, 29 columns, and 28 nonzeros.
Reduced MIP has 28 binaries, 0 generals, 0 SOSs, and 0 indicators.
Presolve time = 0.00 sec. (0.02 ticks)
Probing time = 0.00 sec. (0.00 ticks)
Tried aggregator 1 time.
Reduced MIP has 1 rows, 29 columns, and 28 nonzeros.
Reduced MIP has 28 binaries, 0 generals, 0 SOSs, and 0 indicators.
Presolve time = 0.00 sec. (0.01 ticks)
Represolve time = 0.00 sec. (0.11 ticks)
Probing time = 0.00 sec. (0.00 ticks)
MIP emphasis: balance optimality and feasibility.
MIP search method: dynamic search.
Parallel mode: none, using 1 thread.
Root relaxation solution time = 0.00 sec. (0.04 ticks)

        Nodes                                         Cuts/
   Node  Left     Objective  IInf  Best Integer    Best Bound    ItCnt     Gap

*     0+    0                          225.0669      228.4533             1.50%
      0     0      228.2958     3      225.0669      228.2958       18    1.43%
      0     0      227.5110     3      225.0669 UserPurge2: 1       21    1.09%
      0     0      227.2186     3      225.0669 UserPurge2: 1       24    0.96%

Repeating presolve.
Tried aggregator 1 time.
MIP Presolve eliminated 0 rows and 8 columns.
Reduced MIP has 1 rows, 21 columns, and 20 nonzeros.
Reduced MIP has 20 binaries, 0 generals, 0 SOSs, and 0 indicators.
Presolve time = 0.00 sec. (0.01 ticks)
Probing time = 0.00 sec. (0.00 ticks)
Tried aggregator 1 time.
Reduced MIP has 1 rows, 21 columns, and 20 nonzeros.
Reduced MIP has 20 binaries, 0 generals, 0 SOSs, and 0 indicators.
Presolve time = 0.00 sec. (0.01 ticks)
Represolve time = 0.00 sec. (0.08 ticks)
Probing time = 0.00 sec. (0.00 ticks)
MIP emphasis: balance optimality and feasibility.
MIP search method: dynamic search.
Parallel mode: none, using 1 thread.
Root relaxation solution time = 0.00 sec. (0.03 ticks)

        Nodes                                         Cuts/
   Node  Left     Objective  IInf  Best Integer    Best Bound    ItCnt     Gap

*     0+    0                          225.0669      227.2186             0.96%
      0     0      227.2186     3      225.0669      227.2186       32    0.96%
      0     0      227.0022     4      225.0669 UserPurge2: 1       34    0.86%
      0     0      226.4445     4      225.0669 UserPurge2: 1       37    0.61%
      0     0      226.2086     5      225.0669 UserPurge2: 1       39    0.51%
*     0+    0                          225.6405      226.2086             0.25%
      0     0      226.1139     6      225.6405 UserPurge2: 1       41    0.21%
      0     0      226.0467     5      225.6405 UserPurge2: 1       43    0.18%
      0     0      225.7945     3      225.6405 UserPurge2: 1       47    0.07%
      0     0        cutoff            225.6405                     48     --- 
Elapsed time = 3.35 sec. (1.75 ticks, tree = 0.01 MB, solutions = 4)

User cuts applied:  3

Root node processing (before b&c):
  Real time             =    3.35 sec. (1.75 ticks)
Sequential b&c:
  Real time             =    0.00 sec. (0.00 ticks)
                          ------------
Total (root+branch&cut) =    3.35 sec. (1.75 ticks)
@Parameters: 
is_S_cut                                true
is_add_all_yinF                         true
is_start_value                          true
is_usercut                              true
is_visualization                        false
uc_only_rootnode                        false

data                                    Biesinger
fn                                      data/Biesinger/111_n100_std
mode                                    NewSubmodular
solver                                  cplex

p                                       2
r                                       4

EPS                                     1.0e-06
EPS_vio                                 1.0e-04
beta                                    0.10
gap                                     0.00
nodelimit                               Inf
timelimit                               7200.00


@PrintInfos
ItCnt: 48
Current gap: 0.00 %
Termination Status: OPTIMAL
Primal Status: FEASIBLE_POINT
Solve Time: 3.35 sec
Objective Value: 225.640526
Number of Nodes:      0

CutInfo: [phase] num / time (sec) 
ZLP             [phase1]     0 / 0.00 [rLC]     0 / 0.00 [rUC]     0 / 0.00 [sLC]     0 / 0.00 [sUC]     0 / 0.00 
OldSubmodular   [phase1]     0 / 0.00 [rLC]     0 / 0.00 [rUC]     0 / 0.00 [sLC]     0 / 0.00 [sUC]     0 / 0.00 
NewSubmodular   [phase1]     0 / 0.00 [rLC]    12 / 1.40 [rUC]    30 / 0.08 [sLC]     0 / 0.00 [sUC]     0 / 0.00 
PMP             [phase1]     0 / 0.00 [rLC]     7 / 0.24 [rUC]     0 / 0.00 [sLC]     0 / 0.00 [sUC]     0 / 0.00 
Separation Round: [phase1] 0  [rLC] 13  [rUC] 11  [sLC] 0  [sUC] 0
Root Best Bound 225.640526
Root Best Integer: 225.640526
Best Bound: 225.640526
Best Integer: 225.640526

