Version identifier: 20.1.0.0 | 2020-11-10 | 9bedb6d68
CPXPARAM_Threads                                 1
CPXPARAM_TimeLimit                               7200
CPXPARAM_MIP_Tolerances_MIPGap                   0
Generic callback                                 0x60
1 of 1 MIP starts provided solutions.
MIP start 'm1' defined initial solution with objective 262.3211.
Tried aggregator 1 time.
Reduced MIP has 1 rows, 101 columns, and 100 nonzeros.
Reduced MIP has 100 binaries, 0 generals, 0 SOSs, and 0 indicators.
Presolve time = 0.00 sec. (0.03 ticks)
Probing time = 0.00 sec. (0.01 ticks)
Tried aggregator 1 time.
Reduced MIP has 1 rows, 101 columns, and 100 nonzeros.
Reduced MIP has 100 binaries, 0 generals, 0 SOSs, and 0 indicators.
Presolve time = 0.00 sec. (0.03 ticks)
Probing time = 0.00 sec. (0.01 ticks)
MIP emphasis: balance optimality and feasibility.
MIP search method: dynamic search.
Parallel mode: none, using 1 thread.
Root relaxation solution time = 0.00 sec. (0.02 ticks)

        Nodes                                         Cuts/
   Node  Left     Objective  IInf  Best Integer    Best Bound    ItCnt     Gap

*     0+    0                          262.3211      558.0000           112.72%
      0     0      308.8034     2      262.3211      558.0000        0  112.72%
      0     0      300.0342     4      262.3211      Fract: 1        3   14.38%
      0     2      291.9510    10      262.3211      291.9383        3   11.29%
Elapsed time = 2.79 sec. (1.85 ticks, tree = 0.01 MB, solutions = 1)

Performing restart 1

Repeating presolve.
Tried aggregator 1 time.
Reduced MIP has 1 rows, 101 columns, and 100 nonzeros.
Reduced MIP has 100 binaries, 0 generals, 0 SOSs, and 0 indicators.
Presolve time = 0.00 sec. (0.03 ticks)
Tried aggregator 1 time.
Reduced MIP has 1 rows, 101 columns, and 100 nonzeros.
Reduced MIP has 100 binaries, 0 generals, 0 SOSs, and 0 indicators.
Presolve time = 0.00 sec. (0.03 ticks)
Represolve time = 0.00 sec. (1.06 ticks)
    496     0      289.4671    15      262.3211      Fract: 1     1700   10.35%
    496     0      289.4125    14      262.3211 UserPurge1: 1     1703   10.33%
    496     0      289.3849    14      262.3211      Fract: 1     1708   10.32%
    496     0      289.2671    14      262.3211 UserPurge1: 6     1718   10.27%
*   496+    0                          265.9173      289.2671             8.78%
    496     0      289.2559    17      265.9173 UserPurge1: 3     1723    8.78%
    874   321      269.9203     3      265.9173      287.2329     3195    8.02%
   1559   910      282.7888    14      265.9173      286.3553     5555    7.69%
   2124  1409      277.5248     8      265.9173      286.1026     7836    7.59%
   2607  1828      272.7658     4      265.9173      285.3866     9525    7.32%
   3121  2286      272.7727     5      265.9173      284.8327    11236    7.11%
   3557  2672      276.1526     6      265.9173      284.3382    12975    6.93%
   3919  2983      278.5460    10      265.9173      284.0157    14389    6.81%
   4276  3304      273.8822     6      265.9173      283.8911    15728    6.76%
   4595  3576      274.7551     7      265.9173      283.7357    16926    6.70%
   6139  4928      271.6228     2      265.9173      283.1570    22333    6.48%
Elapsed time = 11.52 sec. (3107.20 ticks, tree = 18.10 MB, solutions = 2)
   7829  6388      267.2240     8      265.9173      282.6853    28252    6.31%
   9651  7970      271.8190     6      265.9173      282.1968    33802    6.12%
  10720  8912      275.1898     8      265.9173      281.8047    37415    5.97%
  12391 10323      268.3090     5      265.9173      281.3029    42547    5.79%
  13848 11547      273.1128     5      265.9173      280.9557    47416    5.66%
  15447 12914      270.9538     5      265.9173      280.7007    52377    5.56%
  16751 13953      271.0571     8      265.9173      280.5254    56429    5.49%
  18072 15047      276.7768    11      265.9173      280.3629    60687    5.43%
  19296 16070      267.5487     4      265.9173      280.1441    64584    5.35%

Performing restart 2

Repeating presolve.
Tried aggregator 1 time.
Reduced MIP has 1 rows, 101 columns, and 100 nonzeros.
Reduced MIP has 100 binaries, 0 generals, 0 SOSs, and 0 indicators.
Presolve time = 0.00 sec. (0.03 ticks)
Tried aggregator 1 time.
Reduced MIP has 1 rows, 101 columns, and 100 nonzeros.
Reduced MIP has 100 binaries, 0 generals, 0 SOSs, and 0 indicators.
Presolve time = 0.00 sec. (0.03 ticks)
Represolve time = 0.04 sec. (11.00 ticks)
  20571   206      276.5264     8      265.9173      279.9321    68723    5.27%
Elapsed time = 31.40 sec. (12649.00 ticks, tree = 0.18 MB, solutions = 2)
  22570  1908      267.9695     3      265.9173      279.9321    75589    5.27%
  24271  3366      266.4961     4      265.9173      279.9321    81813    5.27%
  25699  4610        cutoff            265.9173      279.9321    87083    5.27%
  27440  6079      272.8175     2      265.9173      279.9321    93309    5.27%
  29151  7486      270.5788     6      265.9173      279.9321    98962    5.27%
  30781  8897      267.3555     4      265.9173      279.9321   104770    5.27%
  32381 10219      269.8179     4      265.9173      279.9321   110144    5.27%
  33824 11390      275.2111     8      265.9173      279.9321   115181    5.27%
  35200 12492        cutoff            265.9173      279.8955   119775    5.26%
  36511 13523      265.9872     4      265.9173      279.6041   124153    5.15%
Elapsed time = 53.21 sec. (22197.21 ticks, tree = 73.44 MB, solutions = 2)
  37822 14570      271.3967     4      265.9173      279.3311   128286    5.04%
  39026 15534      273.9057     7      265.9173      279.1361   132115    4.97%
  40247 16491      270.4978     4      265.9173      278.9136   135660    4.89%
  41520 17505      266.6881     0      265.9173      278.7279   139182    4.82%
  42650 18415      266.8144     6      265.9173      278.5441   142879    4.75%
  43741 19274      268.2533     5      265.9173      278.4088   146440    4.70%
  44804 20091      272.2484     4      265.9173      278.2770   149909    4.65%
  45787 20843      274.7281     8      265.9173      278.1786   153286    4.61%
  46778 21593      273.9999     6      265.9173      278.0537   156500    4.56%
  47764 22350      268.7585     4      265.9173      277.9485   159509    4.52%
Elapsed time = 69.09 sec. (31743.18 ticks, tree = 150.17 MB, solutions = 2)
  48750 23089      270.4789     2      265.9173      277.8484   162467    4.49%
  49807 23919      271.2567     9      265.9173      277.7151   165597    4.44%
  50796 24679      268.9833     7      265.9173      277.6325   168636    4.41%
  51769 25425      267.8179     4      265.9173      277.5472   171441    4.37%
  52691 26115      269.8697     6      265.9173      277.4572   174356    4.34%
  53607 26782      272.3825     4      265.9173      277.3713   177095    4.31%
  54529 27451        cutoff            265.9173      277.2852   179847    4.27%
  55423 28114      274.2353     8      265.9173      277.2072   182506    4.25%
  56273 28735      271.3028     6      265.9173      277.1192   185219    4.21%
  57064 29285      269.6475     4      265.9173      277.0537   187701    4.19%
Elapsed time = 82.64 sec. (41283.62 ticks, tree = 224.39 MB, solutions = 2)
  57882 29886      269.6759     7      265.9173      276.9754   190214    4.16%
  58696 30473      268.3124     4      265.9173      276.9032   192639    4.13%
  59542 31084      271.1898     4      265.9173      276.8421   195071    4.11%
  60340 31657      267.8766     2      265.9173      276.7729   197536    4.08%
  61103 32197      269.3715     3      265.9173      276.7078   199941    4.06%
  61848 32716      266.9808     6      265.9173      276.6423   202350    4.03%
  62566 33227        cutoff            265.9173      276.5954   204753    4.02%
  63336 33762      275.8771    13      265.9173      276.5455   207235    4.00%
  64043 34276        cutoff            265.9173      276.5027   209897    3.98%
  64715 34730      268.2399     8      265.9173      276.4674   212276    3.97%
Elapsed time = 94.67 sec. (50833.61 ticks, tree = 293.72 MB, solutions = 2)
  65439 35244        cutoff            265.9173      276.4174   214557    3.95%
  66123 35672      266.5652     2      265.9173      276.3555   216743    3.93%
  66867 36175        cutoff            265.9173      276.3012   218988    3.90%
  67540 36620      268.1352     3      265.9173      276.2439   221248    3.88%
  68231 37114      270.8889     4      265.9173      276.2139   223470    3.87%
  68945 37592      268.3627     5      265.9173      276.1694   225827    3.86%
  69681 38124      268.8396     2      265.9173      276.1271   228092    3.84%
  70349 38567      267.4125     4      265.9173      276.0831   230234    3.82%
  71003 38981      266.8731     4      265.9173      276.0354   232306    3.80%
  71640 39400      268.2609     6      265.9173      275.9950   234539    3.79%
Elapsed time = 105.81 sec. (60389.06 ticks, tree = 357.54 MB, solutions = 2)
  72304 39824      268.7698     6      265.9173      275.9435   236826    3.77%
  72934 40226      272.4568     8      265.9173      275.8973   238812    3.75%
  73596 40672      270.3242     6      265.9173      275.8565   240922    3.74%
  74216 41080      269.5631     2      265.9173      275.8113   242906    3.72%
  74807 41473      269.6916     4      265.9173      275.7735   244854    3.71%
  75478 41910        cutoff            265.9173      275.7449   246900    3.70%
  76068 42281      266.9417     4      265.9173      275.7109   248976    3.68%
  76721 42726      269.1661     5      265.9173      275.6810   251031    3.67%
  77251 43052      268.7404     6      265.9173      275.6468   253089    3.66%
  77838 43395      269.6686     7      265.9173      275.5936   254929    3.64%
Elapsed time = 116.05 sec. (69934.82 ticks, tree = 416.44 MB, solutions = 2)
  78414 43739      270.3618     6      265.9173      275.5598   256923    3.63%
  79087 44186      268.6815     3      265.9173      275.5216   258990    3.61%
  79690 44529      270.6505     5      265.9173      275.4845   260965    3.60%
  80325 44942      267.8219     2      265.9173      275.4386   262962    3.58%
  80921 45343      266.5747     7      265.9173      275.4048   264812    3.57%
  81458 45633      269.0442     3      265.9173      275.3699   266744    3.55%
  81987 45921      270.8162     5      265.9173      275.3434   268467    3.54%
  82558 46284      270.2800     4      265.9173      275.3120   270350    3.53%
  83107 46631      266.6944     2      265.9173      275.2739   272233    3.52%
  83670 46959        cutoff            265.9173      275.2304   274107    3.50%
Elapsed time = 125.90 sec. (79492.67 ticks, tree = 472.14 MB, solutions = 2)
  84273 47330      266.6442     3      265.9173      275.1977   275977    3.49%
  84820 47654      268.7512     3      265.9173      275.1581   277863    3.48%
  85381 48000      268.4496     4      265.9173      275.1108   279832    3.46%
  85946 48356      270.3586     4      265.9173      275.0800   281769    3.45%
  86474 48670      269.4698     9      265.9173      275.0437   283630    3.43%
  87030 48989      271.2787     9      265.9173      275.0198   285498    3.42%
  87610 49349      267.9141     3      265.9173      274.9833   287439    3.41%
  88171 49699      269.3248     3      265.9173      274.9450   289309    3.39%
  88675 49978      269.5973     5      265.9173      274.9114   291105    3.38%
  90825 51175      266.0966     2      265.9173      274.7851   298331    3.33%
Elapsed time = 138.27 sec. (91923.31 ticks, tree = 541.96 MB, solutions = 2)
  92780 52242      266.3877     3      265.9173      274.6636   305282    3.29%
  94860 53361      267.2921     3      265.9173      274.5378   312337    3.24%
  96973 54512      268.8357     7      265.9173      274.4165   319329    3.20%
  98909 55506      268.5576     5      265.9173      274.3216   326117    3.16%
 100823 56536      269.6273     6      265.9173      274.2091   333093    3.12%
 102737 57542        cutoff            265.9173      274.0903   339986    3.07%
 104623 58445      269.7488     4      265.9173      273.9770   346555    3.03%
 106448 59353        cutoff            265.9173      273.8676   352986    2.99%
 108285 60281      268.1209     4      265.9173      273.7743   359418    2.95%
 110172 61230        cutoff            265.9173      273.6600   365912    2.91%
Elapsed time = 173.20 sec. (130086.84 ticks, tree = 726.13 MB, solutions = 2)
 111954 62062      268.5139     3      265.9173      273.5552   372616    2.87%
 113929 62994      267.7209     4      265.9173      273.4531   379640    2.83%
 115842 63846      270.2986     8      265.9173      273.3488   386723    2.79%
 117706 64674      268.3927     3      265.9173      273.2501   393486    2.76%
 119533 65454      272.1802    10      265.9173      273.1500   400323    2.72%
 121385 66297      268.6888     5      265.9173      273.0510   407142    2.68%
 123109 66972      269.0979     8      265.9173      272.9539   413747    2.65%
 124800 67569      269.0220     3      265.9173      272.8588   420153    2.61%
 126590 68281      266.8562     3      265.9173      272.7584   426843    2.57%
 128270 68876      267.7948     4      265.9173      272.6573   433290    2.53%
Elapsed time = 206.84 sec. (168256.65 ticks, tree = 887.02 MB, solutions = 2)
 129933 69438        cutoff            265.9173      272.5616   439707    2.50%
 131621 70007      269.1512     4      265.9173      272.4748   446336    2.47%
 133284 70506      268.8955     4      265.9173      272.3819   452667    2.43%
 134973 71020        cutoff            265.9173      272.2911   459052    2.40%
 136565 71456      268.9476     6      265.9173      272.1922   465243    2.36%
 138088 71856      267.4177     4      265.9173      272.0959   471568    2.32%
 139652 72221        cutoff            265.9173      272.0049   477654    2.29%
 141209 72632        cutoff            265.9173      271.9166   483744    2.26%
 142672 72869        cutoff            265.9173      271.8218   489604    2.22%
 144131 73127        cutoff            265.9173      271.7294   495548    2.19%
Elapsed time = 237.22 sec. (206432.79 ticks, tree = 997.09 MB, solutions = 2)
 145621 73332      267.0986     4      265.9173      271.6341   501476    2.15%
 147027 73515        cutoff            265.9173      271.5418   507231    2.12%
 148430 73644      267.0694     4      265.9173      271.4546   513132    2.08%
 149828 73772      267.5839     3      265.9173      271.3698   518888    2.05%
 151277 74011      267.4000     4      265.9173      271.2912   524838    2.02%
 152666 74116      266.4067     3      265.9173      271.2117   530578    1.99%
 154089 74255      268.7814     5      265.9173      271.1393   536359    1.96%
 155446 74266        cutoff            265.9173      271.0565   541823    1.93%
 156788 74365        cutoff            265.9173      270.9890   547299    1.91%
 158064 74447        cutoff            265.9173      270.9211   552683    1.88%
Elapsed time = 264.71 sec. (244601.34 ticks, tree = 1060.43 MB, solutions = 2)
 159313 74400      267.7894     5      265.9173      270.8481   557688    1.85%
 160523 74307        cutoff            265.9173      270.7724   562735    1.83%
 161700 74165      268.3069     4      265.9173      270.7002   567877    1.80%
 162935 74042      266.5251     3      265.9173      270.6272   572819    1.77%
 164154 73988        cutoff            265.9173      270.5627   577847    1.75%
 165355 73915      267.5697     5      265.9173      270.4929   582758    1.72%
 166521 73728      265.9956     4      265.9173      270.4255   587656    1.70%
 167705 73597        cutoff            265.9173      270.3610   592516    1.67%
 168814 73312        cutoff            265.9173      270.2920   597275    1.65%
 169949 73088      267.2294     3      265.9173      270.2262   601910    1.62%
Elapsed time = 288.81 sec. (282769.99 ticks, tree = 1077.25 MB, solutions = 2)
 171049 72828      266.5985    10      265.9173      270.1614   606681    1.60%
 172175 72575        cutoff            265.9173      270.0986   611200    1.57%
 173260 72289      265.9847     4      265.9173      270.0341   615615    1.55%
 174360 71907        cutoff            265.9173      269.9691   620193    1.52%
 175472 71515        cutoff            265.9173      269.9037   624853    1.50%
 176545 71028      268.4202     4      265.9173      269.8358   629248    1.47%
 177682 70651        cutoff            265.9173      269.7717   633736    1.45%
 178748 70204        cutoff            265.9173      269.7104   638026    1.43%
 179788 69695        cutoff            265.9173      269.6460   642413    1.40%
 180856 69213        cutoff            265.9173      269.5870   646805    1.38%
Elapsed time = 310.51 sec. (320935.44 ticks, tree = 1049.19 MB, solutions = 2)
 181910 68650        cutoff            265.9173      269.5233   650951    1.36%
 182951 68147        cutoff            265.9173      269.4654   655019    1.33%
 183959 67600      266.2834     4      265.9173      269.4068   659063    1.31%
 184967 67000        cutoff            265.9173      269.3489   662893    1.29%
 185996 66415      267.0558     3      265.9173      269.2958   666821    1.27%
 187044 65867        cutoff            265.9173      269.2436   670766    1.25%
 188040 65219        cutoff            265.9173      269.1824   674515    1.23%
 189022 64546      266.1550     5      265.9173      269.1242   678174    1.21%
 189995 63886        cutoff            265.9173      269.0729   681965    1.19%
 190972 63226        cutoff            265.9173      269.0213   685623    1.17%
Elapsed time = 329.70 sec. (359101.92 ticks, tree = 980.55 MB, solutions = 2)
 191938 62532        cutoff            265.9173      268.9692   689228    1.15%
 192876 61835        cutoff            265.9173      268.9197   692656    1.13%
 193876 61191        cutoff            265.9173      268.8693   696193    1.11%
 194831 60513        cutoff            265.9173      268.8170   699639    1.09%
 195769 59771        cutoff            265.9173      268.7639   702961    1.07%
 196730 59057        cutoff            265.9173      268.7134   706330    1.05%
 197678 58329        cutoff            265.9173      268.6641   709613    1.03%
 198620 57562        cutoff            265.9173      268.6183   712868    1.02%
 199590 56846        cutoff            265.9173      268.5720   716272    1.00%
 200524 56075        cutoff            265.9173      268.5268   719462    0.98%
Elapsed time = 347.11 sec. (397275.59 ticks, tree = 885.56 MB, solutions = 2)
 201437 55304      265.9318     4      265.9173      268.4809   722739    0.96%
 202370 54560        cutoff            265.9173      268.4379   725875    0.95%
 203309 53800        cutoff            265.9173      268.3967   728796    0.93%
 204221 53027        cutoff            265.9173      268.3537   731856    0.92%
 205139 52250        cutoff            265.9173      268.3126   734852    0.90%
 206067 51466        cutoff            265.9173      268.2696   737879    0.88%
 206989 50654        cutoff            265.9173      268.2300   740728    0.87%
 207927 49873        cutoff            265.9173      268.1910   743673    0.86%
 208857 49067        cutoff            265.9173      268.1490   746525    0.84%
 209773 48298        cutoff            265.9173      268.1102   749435    0.82%
Elapsed time = 363.44 sec. (435446.19 ticks, tree = 774.51 MB, solutions = 2)
 210675 47460        cutoff            265.9173      268.0704   752271    0.81%
 211591 46655        cutoff            265.9173      268.0315   754974    0.80%
 212488 45834        cutoff            265.9173      267.9916   757675    0.78%
 213411 45007        cutoff            265.9173      267.9547   760373    0.77%
 214321 44168        cutoff            265.9173      267.9142   763079    0.75%
 215222 43328        cutoff            265.9173      267.8764   765678    0.74%
 216127 42508        cutoff            265.9173      267.8401   768318    0.72%
 217051 41689        cutoff            265.9173      267.8056   770868    0.71%
 217968 40831        cutoff            265.9173      267.7687   773346    0.70%
 218879 39989        cutoff            265.9173      267.7310   775921    0.68%
Elapsed time = 378.73 sec. (473615.79 ticks, tree = 649.35 MB, solutions = 2)
 219791 39150        cutoff            265.9173      267.6958   778399    0.67%
 220698 38295        cutoff            265.9173      267.6596   780913    0.66%
 221620 37463        cutoff            265.9173      267.6251   783425    0.64%
 222538 36591        cutoff            265.9173      267.5878   785851    0.63%
 223456 35719        cutoff            265.9173      267.5517   788285    0.61%
 224363 34851        cutoff            265.9173      267.5161   790698    0.60%
 225261 33991        cutoff            265.9173      267.4801   793053    0.59%
 226169 33144        cutoff            265.9173      267.4451   795422    0.57%
 227078 32290        cutoff            265.9173      267.4111   797725    0.56%
 227995 31412        cutoff            265.9173      267.3773   799977    0.55%
Elapsed time = 393.68 sec. (511792.49 ticks, tree = 516.79 MB, solutions = 2)
 228907 30544      266.3785     3      265.9173      267.3406   802276    0.54%
 229829 29651        cutoff            265.9173      267.3055   804504    0.52%
 230746 28768        cutoff            265.9173      267.2702   806739    0.51%
 231655 27875        cutoff            265.9173      267.2353   808976    0.50%
 232554 26993        cutoff            265.9173      267.2021   811121    0.48%
 233464 26103        cutoff            265.9173      267.1678   813276    0.47%
 234379 25213        cutoff            265.9173      267.1317   815397    0.46%
 235285 24330        cutoff            265.9173      267.0982   817538    0.44%
 236191 23440        cutoff            265.9173      267.0620   819697    0.43%
 237098 22537        cutoff            265.9173      267.0262   821782    0.42%
Elapsed time = 407.99 sec. (549961.60 ticks, tree = 375.91 MB, solutions = 2)
 238012 21653        cutoff            265.9173      266.9914   823881    0.40%
 238925 20759        cutoff            265.9173      266.9531   825941    0.39%
 239834 19870        cutoff            265.9173      266.9174   827990    0.38%
 240750 18971        cutoff            265.9173      266.8811   829974    0.36%
 241664 18080        cutoff            265.9173      266.8460   831974    0.35%
 242575 17186        cutoff            265.9173      266.8106   833928    0.34%
 243494 16271        cutoff            265.9173      266.7743   835884    0.32%
 244407 15368        cutoff            265.9173      266.7369   837763    0.31%
 245334 14462        cutoff            265.9173      266.6973   839639    0.29%
 246247 13552        cutoff            265.9173      266.6602   841450    0.28%
Elapsed time = 422.14 sec. (588130.57 ticks, tree = 230.17 MB, solutions = 2)
 247163 12648        cutoff            265.9173      266.6207   843329    0.26%
 248066 11750        cutoff            265.9173      266.5826   845176    0.25%
 248984 10840        cutoff            265.9173      266.5417   847001    0.23%
 249896  9929        cutoff            265.9173      266.4980   848816    0.22%
 250810  9016        cutoff            265.9173      266.4554   850603    0.20%
 251729  8103        cutoff            265.9173      266.4112   852336    0.19%
 252653  7183        cutoff            265.9173      266.3654   854046    0.17%
 253577  6262        cutoff            265.9173      266.3156   855759    0.15%
 254510  5335        cutoff            265.9173      266.2668   857400    0.13%
 255433  4415        cutoff            265.9173      266.2155   859053    0.11%
Elapsed time = 436.28 sec. (626299.36 ticks, tree = 78.50 MB, solutions = 2)
 256356  3495        cutoff            265.9173      266.1612   860693    0.09%
 257279  2573        cutoff            265.9173      266.1041   862309    0.07%
 258200  1652        cutoff            265.9173      266.0436   863890    0.05%
 259126   728        cutoff            265.9173      265.9746   865431    0.02%

Gomory fractional cuts applied:  1
User cuts applied:  2874

Root node processing (before b&c):
  Real time             =    2.79 sec. (2.72 ticks)
Sequential b&c:
  Real time             =  439.96 sec. (644590.88 ticks)
                          ------------
Total (root+branch&cut) =  442.75 sec. (644593.60 ticks)
@Parameters: 
is_S_cut                                true
is_add_all_yinF                         true
is_start_value                          true
is_usercut                              true
is_visualization                        false
uc_only_rootnode                        false

data                                    Biesinger
fn                                      data/Biesinger/111_n100_std
mode                                    OldSubmodular
solver                                  cplex

p                                       4
r                                       5

EPS                                     1.0e-06
EPS_vio                                 1.0e-04
beta                                    0.10
gap                                     0.00
nodelimit                               Inf
timelimit                               7200.00


@PrintInfos
ItCnt: 866633
Current gap: 0.00 %
Termination Status: OPTIMAL
Primal Status: FEASIBLE_POINT
Solve Time: 442.75 sec
Objective Value: 265.917292
Number of Nodes: 259855

CutInfo: [phase] num / time (sec) 
ZLP             [phase1]     0 / 0.00 [rLC]     0 / 0.00 [rUC]     0 / 0.00 [sLC]     0 / 0.00 [sUC]     0 / 0.00 
OldSubmodular   [phase1]     0 / 0.00 [rLC]    11 / 0.84 [rUC]     0 / 0.14 [sLC]  3834 / 5.25 [sUC]     0 / 126.96 
NewSubmodular   [phase1]     0 / 0.00 [rLC]     0 / 0.00 [rUC]     0 / 0.00 [sLC]     0 / 0.00 [sUC]     0 / 0.00 
PMP             [phase1]     0 / 0.00 [rLC]     2 / 0.05 [rUC]     0 / 0.00 [sLC]     2 / 0.06 [sUC]     0 / 0.00 
Separation Round: [phase1] 0  [rLC] 12  [rUC] 3  [sLC] 1962  [sUC] 317205
Root Best Bound 291.924619
Root Best Integer: 262.321136
Best Bound: 265.917292
Best Integer: 265.917292

