Version identifier: 20.1.0.0 | 2020-11-10 | 9bedb6d68
CPXPARAM_Threads                                 1
CPXPARAM_TimeLimit                               7200
CPXPARAM_MIP_Tolerances_MIPGap                   0
Generic callback                                 0x60
1 of 1 MIP starts provided solutions.
MIP start 'm1' defined initial solution with objective 275.3402.
Tried aggregator 1 time.
Reduced MIP has 1 rows, 101 columns, and 100 nonzeros.
Reduced MIP has 100 binaries, 0 generals, 0 SOSs, and 0 indicators.
Presolve time = 0.00 sec. (0.03 ticks)
Probing time = 0.00 sec. (0.01 ticks)
Tried aggregator 1 time.
Reduced MIP has 1 rows, 101 columns, and 100 nonzeros.
Reduced MIP has 100 binaries, 0 generals, 0 SOSs, and 0 indicators.
Presolve time = 0.00 sec. (0.03 ticks)
Probing time = 0.00 sec. (0.01 ticks)
MIP emphasis: balance optimality and feasibility.
MIP search method: dynamic search.
Parallel mode: none, using 1 thread.
Root relaxation solution time = 0.00 sec. (0.02 ticks)

        Nodes                                         Cuts/
   Node  Left     Objective  IInf  Best Integer    Best Bound    ItCnt     Gap

*     0+    0                          275.3402      558.0000           102.66%
      0     0      320.1821     2      275.3402      558.0000        0  102.66%
      0     0      313.0271     4      275.3402      Fract: 1        3   13.69%
      0     2      304.3965    10      275.3402      304.3869        3   10.55%
Elapsed time = 2.76 sec. (2.07 ticks, tree = 0.01 MB, solutions = 1)
*    50+   10                          276.2607      304.2465            10.13%
*   150+   96                          276.6784      303.7569             9.79%

Performing restart 1

Repeating presolve.
Tried aggregator 1 time.
Reduced MIP has 1 rows, 101 columns, and 100 nonzeros.
Reduced MIP has 100 binaries, 0 generals, 0 SOSs, and 0 indicators.
Presolve time = 0.00 sec. (0.03 ticks)
Tried aggregator 1 time.
Reduced MIP has 1 rows, 101 columns, and 100 nonzeros.
Reduced MIP has 100 binaries, 0 generals, 0 SOSs, and 0 indicators.
Presolve time = 0.00 sec. (0.03 ticks)
Represolve time = 0.00 sec. (1.02 ticks)
    496     0      302.8273    18      276.6784      Fract: 1     1805    9.45%
    496     0      302.6472    14      276.6784      Fract: 1     1812    9.39%
   1096   499      292.8052    10      276.6784      301.4586     3665    8.96%
*  1896+ 1222                          277.1825      300.4114             8.38%
   2136  1436      277.8757     4      277.1825      299.9846     7517    8.23%
   2936  2138      293.5874    11      277.1825      299.1485    10351    7.92%
   3686  2813      283.7999     6      277.1825      298.8000    13260    7.80%
   4435  3487      278.6017     5      277.1825      298.3942    15713    7.65%
   5098  4078      287.8568     9      277.1825      298.1245    17737    7.56%
   5696  4605      286.8093     8      277.1825      297.7681    19763    7.43%
   6240  5079      287.8596    11      277.1825      297.4086    21639    7.30%
   6735  5529      279.0937     6      277.1825      297.1318    23325    7.20%
   9291  7784      290.4526     7      277.1825      296.0154    32084    6.79%
Elapsed time = 10.84 sec. (3109.80 ticks, tree = 20.45 MB, solutions = 4)
  11447  9716      282.3192     7      277.1825      295.1379    38474    6.48%
  14096 12042      284.3568     6      277.1825      294.4534    46557    6.23%
  16636 14248      290.0224     8      277.1825      293.7567    53723    5.98%
  19036 16326      286.9025     6      277.1825      293.3777    60473    5.84%

Performing restart 2

Repeating presolve.
Tried aggregator 1 time.
Reduced MIP has 1 rows, 101 columns, and 100 nonzeros.
Reduced MIP has 100 binaries, 0 generals, 0 SOSs, and 0 indicators.
Presolve time = 0.00 sec. (0.03 ticks)
Tried aggregator 1 time.
Reduced MIP has 1 rows, 101 columns, and 100 nonzeros.
Reduced MIP has 100 binaries, 0 generals, 0 SOSs, and 0 indicators.
Presolve time = 0.00 sec. (0.03 ticks)
Represolve time = 0.03 sec. (7.26 ticks)
* 20340+    0                          277.3998      293.1777             5.69%
  21584  1078      294.1776     9      277.3998      293.1777    68177    5.69%
  24740  3804      287.9610     7      277.3998      293.1777    77924    5.69%
  27221  5937      282.0023     2      277.3998      293.1777    85274    5.69%
  30010  8359      286.5212     9      277.3998      293.1777    93979    5.69%
  32751 10730        cutoff            277.3998      293.1777   102109    5.69%
  35487 13052      282.3280     7      277.3998      293.1777   109152    5.69%
Elapsed time = 32.42 sec. (12660.91 ticks, tree = 42.61 MB, solutions = 5)
  38140 15253      288.9908     9      277.3998      292.6869   116046    5.51%
  40430 17162      280.7036     0      277.3998      292.3288   122116    5.38%
  42575 18930        cutoff            277.3998      292.0378   127752    5.28%
  44652 20626      279.1720     2      277.3998      291.6983   133287    5.15%
  46698 22288      284.9963     8      277.3998      291.3845   138667    5.04%
  48619 23879      280.7208     4      277.3998      291.1492   143726    4.96%
  50341 25226      281.7990     4      277.3998      290.9344   148441    4.88%
  52086 26577      278.6228     2      277.3998      290.7763   152833    4.82%
  53703 27893        cutoff            277.3998      290.6157   157464    4.76%
  55207 29054      283.5360     7      277.3998      290.4612   161655    4.71%
Elapsed time = 48.62 sec. (22208.17 ticks, tree = 132.71 MB, solutions = 5)
  56777 30296      284.4233     7      277.3998      290.3360   165818    4.66%
  58164 31338      282.7715     3      277.3998      290.2292   169704    4.62%
  59634 32432      284.0833     4      277.3998      290.0977   173683    4.58%
  61011 33473      283.6348     5      277.3998      289.9409   177486    4.52%
  62371 34479      279.7819     3      277.3998      289.8303   181233    4.48%
  63794 35552      285.8166     8      277.3998      289.6935   185032    4.43%
  65120 36567      283.7660     5      277.3998      289.5802   188587    4.39%
  66438 37555      279.6660     5      277.3998      289.4845   192228    4.36%
  67723 38540      283.2438     8      277.3998      289.4122   195998    4.33%
  68994 39488      279.2393     2      277.3998      289.3369   199442    4.30%
Elapsed time = 61.17 sec. (31756.34 ticks, tree = 213.73 MB, solutions = 5)
  70239 40407      283.7767     3      277.3998      289.2418   202974    4.27%
  71430 41277      279.1098     5      277.3998      289.1615   206140    4.24%
  72627 42154      282.3514     4      277.3998      289.0938   209445    4.22%
  73818 43003        cutoff            277.3998      289.0228   212667    4.19%
  74962 43762      284.6460     7      277.3998      288.9535   215651    4.17%
  76144 44625      279.6491     4      277.3998      288.8829   219006    4.14%
  77201 45373      279.5861    10      277.3998      288.8225   222116    4.12%
  78304 46147      282.3577     4      277.3998      288.7724   225221    4.10%
  79418 46928      280.3701     3      277.3998      288.7172   228353    4.08%
  80531 47701      278.1015     3      277.3998      288.6526   231298    4.06%
Elapsed time = 72.35 sec. (41299.90 ticks, tree = 286.82 MB, solutions = 5)
  81591 48450      279.6239     3      277.3998      288.5958   234180    4.04%
* 82205 41417      integral     0      279.0000      288.5572   235844    3.43%
  82584 41632      284.9828     5      279.0000      288.5280   237114    3.42%
  83504 42205      281.1424     8      279.0000      288.4589   240072    3.39%
  84404 42748      283.0057     3      279.0000      288.3971   243078    3.37%
  85266 43283      281.1303     4      279.0000      288.3438   245978    3.35%
  86140 43749      282.2041     6      279.0000      288.2649   248697    3.32%
  87031 44268  -1.00000e+75     7      279.0000      288.2054   251678    3.30%
  87896 44767      279.6778     3      279.0000      288.1540   254599    3.28%
  88799 45321      283.1450     9      279.0000      288.0886   257461    3.26%
  89642 45779      280.2982     5      279.0000      288.0265   260329    3.24%
Elapsed time = 82.04 sec. (50848.05 ticks, tree = 292.50 MB, solutions = 6)
  90492 46200      280.0172     4      279.0000      287.9707   263153    3.22%
  91280 46591      279.3215     3      279.0000      287.9032   265972    3.19%
  92130 47082      280.7745     4      279.0000      287.8444   268790    3.17%
  92989 47565        cutoff            279.0000      287.7863   271719    3.15%
  93714 47881      281.1817     7      279.0000      287.7185   274447    3.12%
  94495 48278        cutoff            279.0000      287.6658   277142    3.11%
  95264 48645      283.8079    10      279.0000      287.6067   279837    3.08%
  96110 49134      279.6017     3      279.0000      287.5475   282616    3.06%
  96962 49580      283.5413     6      279.0000      287.4926   285499    3.04%
  97736 49967      279.1152     3      279.0000      287.4256   288285    3.02%
Elapsed time = 90.93 sec. (60403.23 ticks, tree = 338.27 MB, solutions = 6)
  98541 50397      281.1939     5      279.0000      287.3630   290890    3.00%
  99352 50814      280.0802     2      279.0000      287.3082   293669    2.98%
 100117 51213      280.6025     4      279.0000      287.2495   296447    2.96%
 100835 51539      279.7858     6      279.0000      287.1941   299244    2.94%
 101580 51889        cutoff            279.0000      287.1466   301886    2.92%
 102371 52225        cutoff            279.0000      287.0871   304634    2.90%
 103155 52564      279.9926     3      279.0000      287.0253   307508    2.88%
 103940 52870      282.0897     4      279.0000      286.9664   310450    2.86%
 104756 53258        cutoff            279.0000      286.9135   313354    2.84%
 105545 53601      281.8016     5      279.0000      286.8576   316280    2.82%
Elapsed time = 99.62 sec. (69961.40 ticks, tree = 380.25 MB, solutions = 6)
 106340 53929      282.7061     3      279.0000      286.7979   319211    2.79%
 107148 54329        cutoff            279.0000      286.7463   322033    2.78%
 108004 54776      279.0748     3      279.0000      286.6995   324975    2.76%
 108766 55082      280.2307     4      279.0000      286.6486   327767    2.74%
 109561 55413      281.6456     3      279.0000      286.5918   330505    2.72%
 110354 55750        cutoff            279.0000      286.5440   333235    2.70%
 111140 56130      279.0156     3      279.0000      286.4923   335969    2.69%
 111967 56502      282.4751     5      279.0000      286.4438   338816    2.67%
 112752 56820        cutoff            279.0000      286.3926   341716    2.65%
 113485 57116      280.2083     2      279.0000      286.3488   344408    2.63%
Elapsed time = 108.37 sec. (79521.50 ticks, tree = 422.23 MB, solutions = 6)
 114242 57433      281.3688     3      279.0000      286.2971   347285    2.62%
 114940 57669      281.5918     5      279.0000      286.2364   350099    2.59%
 115693 57916        cutoff            279.0000      286.1819   352878    2.57%
 116460 58250      281.8404     5      279.0000      286.1345   355738    2.56%
 117227 58551      282.1093     4      279.0000      286.0927   358435    2.54%
 117985 58786      280.0016     4      279.0000      286.0363   361171    2.52%
 118729 59041      280.9803     3      279.0000      285.9916   363866    2.51%
 119514 59363      282.5197     2      279.0000      285.9423   366562    2.49%
 120225 59609      280.6377     5      279.0000      285.8906   369262    2.47%
 123110 60522        cutoff            279.0000      285.7000   379770    2.40%
Elapsed time = 119.19 sec. (91936.29 ticks, tree = 466.39 MB, solutions = 6)
 125904 61332      282.0463     5      279.0000      285.5004   390239    2.33%
 128584 61953      280.6601     5      279.0000      285.2850   400391    2.25%
 131186 62581      279.5312     5      279.0000      285.0861   410578    2.18%
 133736 63073      280.3619     7      279.0000      284.8923   420694    2.11%
 136230 63373      279.1731     3      279.0000      284.7033   430717    2.04%
 138679 63610      279.9512     4      279.0000      284.5262   440430    1.98%
 141101 63889      281.2815     5      279.0000      284.3751   449841    1.93%
 143406 64100        cutoff            279.0000      284.2175   458761    1.87%
 145625 64144      280.4491     4      279.0000      284.0564   467819    1.81%
 147762 64049      280.0802     4      279.0000      283.8933   476706    1.75%
Elapsed time = 148.17 sec. (130095.02 ticks, tree = 539.72 MB, solutions = 6)
 149794 63758      279.0287     4      279.0000      283.7245   485088    1.69%
 151791 63440        cutoff            279.0000      283.5744   493541    1.64%
 153729 63027        cutoff            279.0000      283.4270   501607    1.59%
 155713 62569        cutoff            279.0000      283.2826   509700    1.53%
 157652 61957        cutoff            279.0000      283.1327   517726    1.48%
 159678 61335        cutoff            279.0000      282.9873   526006    1.43%
 161619 60566        cutoff            279.0000      282.8334   533940    1.37%
 163558 59695      279.2977     7      279.0000      282.6890   541828    1.32%
 165406 58681        cutoff            279.0000      282.5452   549223    1.27%
 167293 57698        cutoff            279.0000      282.4164   556548    1.22%
Elapsed time = 171.49 sec. (168254.96 ticks, tree = 512.79 MB, solutions = 6)
 169121 56651        cutoff            279.0000      282.2934   563532    1.18%
 170893 55474        cutoff            279.0000      282.1749   570278    1.14%
 172670 54383        cutoff            279.0000      282.0601   577069    1.10%
 174421 53236      279.5588     4      279.0000      281.9487   583403    1.06%
 176152 52074        cutoff            279.0000      281.8381   589731    1.02%
 177858 50762      281.2740     2      279.0000      281.7253   595618    0.98%
 179546 49401        cutoff            279.0000      281.6192   601448    0.94%
 181217 48016        cutoff            279.0000      281.5166   607180    0.90%
 182906 46610        cutoff            279.0000      281.4173   612665    0.87%
 184595 45236        cutoff            279.0000      281.3311   618200    0.84%
Elapsed time = 190.44 sec. (206410.63 ticks, tree = 415.11 MB, solutions = 6)
 186262 43835        cutoff            279.0000      281.2376   623427    0.80%
 187956 42437        cutoff            279.0000      281.1506   628634    0.77%
 189598 40949        cutoff            279.0000      281.0618   633639    0.74%
 191256 39476        cutoff            279.0000      280.9789   638658    0.71%
 192912 37983        cutoff            279.0000      280.8923   643484    0.68%
 194570 36478        cutoff            279.0000      280.8151   648240    0.65%
 196242 34930        cutoff            279.0000      280.7358   652856    0.62%
 197906 33402        cutoff            279.0000      280.6592   657350    0.59%
 199576 31862        cutoff            279.0000      280.5855   661736    0.57%
 201230 30269        cutoff            279.0000      280.5074   666040    0.54%
Elapsed time = 206.94 sec. (244569.15 ticks, tree = 282.74 MB, solutions = 6)
 202891 28697        cutoff            279.0000      280.4311   670229    0.51%
 204552 27095        cutoff            279.0000      280.3592   674337    0.49%
 206218 25507        cutoff            279.0000      280.2849   678490    0.46%
 207873 23910        cutoff            279.0000      280.2109   682507    0.43%
 209527 22308        cutoff            279.0000      280.1377   686452    0.41%
 211192 20699      279.6750     5      279.0000      280.0628   690295    0.38%
 212856 19057        cutoff            279.0000      279.9883   693985    0.35%
 214515 17420        cutoff            279.0000      279.9134   697646    0.33%
 216195 15770      279.1576     3      279.0000      279.8410   701214    0.30%
 217871 14117        cutoff            279.0000      279.7662   704767    0.27%
Elapsed time = 222.13 sec. (282726.42 ticks, tree = 132.67 MB, solutions = 6)
 219540 12459        cutoff            279.0000      279.6880   708179    0.25%
 221211 10790        cutoff            279.0000      279.6069   711428    0.22%
 222900  9112        cutoff            279.0000      279.5269   714648    0.19%
 224574  7444        cutoff            279.0000      279.4451   717759    0.16%
 226242  5781        cutoff            279.0000      279.3575   720815    0.13%
 227939  4089        cutoff            279.0000      279.2636   723785    0.09%
 229628  2401        cutoff            279.0000      279.1610   726655    0.06%
 231317   715        cutoff            279.0000      279.0487   729400    0.02%

User cuts applied:  1555

Root node processing (before b&c):
  Real time             =    2.76 sec. (2.57 ticks)
Sequential b&c:
  Real time             =  232.10 sec. (314896.87 ticks)
                          ------------
Total (root+branch&cut) =  234.86 sec. (314899.44 ticks)
@Parameters: 
is_S_cut                                true
is_add_all_yinF                         true
is_start_value                          true
is_usercut                              true
is_visualization                        false
uc_only_rootnode                        false

data                                    Biesinger
fn                                      data/Biesinger/111_n100_std
mode                                    OldSubmodular
solver                                  cplex

p                                       4
r                                       4

EPS                                     1.0e-06
EPS_vio                                 1.0e-04
beta                                    0.10
gap                                     0.00
nodelimit                               Inf
timelimit                               7200.00


@PrintInfos
ItCnt: 730518
Current gap: 0.00 %
Termination Status: OPTIMAL
Primal Status: FEASIBLE_POINT
Solve Time: 234.86 sec
Objective Value: 279.000000
Number of Nodes: 232033

CutInfo: [phase] num / time (sec) 
ZLP             [phase1]     0 / 0.00 [rLC]     0 / 0.00 [rUC]     0 / 0.00 [sLC]     0 / 0.00 [sUC]     0 / 0.00 
OldSubmodular   [phase1]     0 / 0.00 [rLC]    11 / 0.82 [rUC]     0 / 0.14 [sLC]  2143 / 2.90 [sUC]     0 / 61.90 
NewSubmodular   [phase1]     0 / 0.00 [rLC]     0 / 0.00 [rUC]     0 / 0.00 [sLC]     0 / 0.00 [sUC]     0 / 0.00 
PMP             [phase1]     0 / 0.00 [rLC]     2 / 0.06 [rUC]     0 / 0.00 [sLC]     5 / 0.17 [sUC]     0 / 0.00 
Separation Round: [phase1] 0  [rLC] 12  [rUC] 3  [sLC] 2148  [sUC] 292836
Root Best Bound 304.386916
Root Best Integer: 275.340177
Best Bound: 279.000000
Best Integer: 279.000000

