Version identifier: 20.1.0.0 | 2020-11-10 | 9bedb6d68
CPXPARAM_Threads                                 1
CPXPARAM_TimeLimit                               7200
CPXPARAM_MIP_Tolerances_MIPGap                   0
Generic callback                                 0x60
1 of 1 MIP starts provided solutions.
MIP start 'm1' defined initial solution with objective 275.3402.
Tried aggregator 1 time.
Reduced MIP has 1 rows, 101 columns, and 100 nonzeros.
Reduced MIP has 100 binaries, 0 generals, 0 SOSs, and 0 indicators.
Presolve time = 0.00 sec. (0.03 ticks)
Probing time = 0.00 sec. (0.01 ticks)
Tried aggregator 1 time.
Reduced MIP has 1 rows, 101 columns, and 100 nonzeros.
Reduced MIP has 100 binaries, 0 generals, 0 SOSs, and 0 indicators.
Presolve time = 0.00 sec. (0.03 ticks)
Probing time = 0.00 sec. (0.01 ticks)
MIP emphasis: balance optimality and feasibility.
MIP search method: dynamic search.
Parallel mode: none, using 1 thread.
Root relaxation solution time = 0.00 sec. (0.02 ticks)

        Nodes                                         Cuts/
   Node  Left     Objective  IInf  Best Integer    Best Bound    ItCnt     Gap

*     0+    0                          275.3402      558.0000           102.66%
      0     0      320.1821     2      275.3402      558.0000        0  102.66%
      0     0      307.6755     4      275.3402 UserPurge2: 1        6   11.74%
      0     0      303.5236     5      275.3402 UserPurge2: 1        9   10.24%
      0     0      298.0488     5      275.3402 UserPurge2: 1       22    8.25%
      0     0      297.2684     7      275.3402 UserPurge1: 1       24    7.96%
      0     0      296.3183     6      275.3402 UserPurge2: 1       30    7.62%
      0     0      293.3095     7      275.3402 UserPurge2: 1       41    6.53%
      0     0      292.0598     8      275.3402 UserPurge2: 1       46    6.07%
      0     0      288.2854     7      275.3402 UserPurge2: 1       57    4.70%
      0     0      285.1712     5      275.3402 UserPurge2: 1       75    3.57%
      0     0      285.1030     7      275.3402 UserPurge1: 1       77    3.55%
      0     0      284.1630     6      275.3402 UserPurge2: 1       84    3.20%
      0     0      283.8065     6      275.3402 UserPurge2: 1       87    3.07%
      0     0      283.3156     6      275.3402 UserPurge2: 1       92    2.90%
      0     0      282.7975     7      275.3402 UserPurge2: 1       97    2.71%
      0     0      282.6316     8      275.3402 UserPurge2: 1      100    2.65%
      0     0      282.6042     9      275.3402 UserPurge2: 1      102    2.64%
      0     0      282.5206    10      275.3402 UserPurge2: 1      103    2.61%
      0     0      281.6408     7      275.3402 UserPurge2: 1      108    2.29%
*     0+    0                          278.4980      281.6408             1.13%

Repeating presolve.
Tried aggregator 1 time.
MIP Presolve eliminated 0 rows and 31 columns.
Reduced MIP has 1 rows, 70 columns, and 69 nonzeros.
Reduced MIP has 69 binaries, 0 generals, 0 SOSs, and 0 indicators.
Presolve time = 0.00 sec. (0.03 ticks)
Probing time = 0.00 sec. (0.01 ticks)
Tried aggregator 1 time.
Reduced MIP has 1 rows, 70 columns, and 69 nonzeros.
Reduced MIP has 69 binaries, 0 generals, 0 SOSs, and 0 indicators.
Presolve time = 0.00 sec. (0.02 ticks)
Represolve time = 0.00 sec. (0.37 ticks)
Probing time = 0.00 sec. (0.01 ticks)
MIP emphasis: balance optimality and feasibility.
MIP search method: dynamic search.
Parallel mode: none, using 1 thread.
Root relaxation solution time = 0.00 sec. (0.16 ticks)

        Nodes                                         Cuts/
   Node  Left     Objective  IInf  Best Integer    Best Bound    ItCnt     Gap

*     0+    0                          278.4980      281.6408             1.13%
      0     0      281.6408     7      278.4980      281.6408      126    1.13%
      0     0      280.9562     8      278.4980 UserPurge2: 1      130    0.88%
      0     0      279.6759     5      278.4980 UserPurge2: 1      135    0.42%
      0     0      279.5184     5      278.4980 UserPurge2: 1      139    0.37%
*     0+    0                          279.0000      279.5184             0.19%
      0     0      279.5084     6      279.0000 UserPurge2: 1      141    0.18%
      0     0      279.5048     7      279.0000 UserPurge2: 1      142    0.18%
      0     0      279.2463     6      279.0000 UserPurge2: 1      145    0.09%
      0     0      279.1177     4      279.0000 UserPurge2: 1      150    0.04%
      0     0        cutoff            279.0000                    151     --- 
Elapsed time = 3.27 sec. (6.43 ticks, tree = 0.01 MB, solutions = 3)

User cuts applied:  4

Root node processing (before b&c):
  Real time             =    3.27 sec. (6.43 ticks)
Sequential b&c:
  Real time             =    0.00 sec. (0.00 ticks)
                          ------------
Total (root+branch&cut) =    3.27 sec. (6.43 ticks)
@Parameters: 
is_S_cut                                true
is_add_all_yinF                         true
is_start_value                          true
is_usercut                              true
is_visualization                        false
uc_only_rootnode                        false

data                                    Biesinger
fn                                      data/Biesinger/111_n100_std
mode                                    NewSubmodular
solver                                  cplex

p                                       4
r                                       4

EPS                                     1.0e-06
EPS_vio                                 1.0e-04
beta                                    0.10
gap                                     0.00
nodelimit                               Inf
timelimit                               7200.00


@PrintInfos
ItCnt: 151
Current gap: 0.00 %
Termination Status: OPTIMAL
Primal Status: FEASIBLE_POINT
Solve Time: 3.27 sec
Objective Value: 279.000000
Number of Nodes:      0

CutInfo: [phase] num / time (sec) 
ZLP             [phase1]     0 / 0.00 [rLC]     0 / 0.00 [rUC]     0 / 0.00 [sLC]     0 / 0.00 [sUC]     0 / 0.00 
OldSubmodular   [phase1]     0 / 0.00 [rLC]     0 / 0.00 [rUC]     0 / 0.00 [sLC]     0 / 0.00 [sUC]     0 / 0.00 
NewSubmodular   [phase1]     0 / 0.00 [rLC]    20 / 1.34 [rUC]    26 / 0.06 [sLC]     0 / 0.00 [sUC]     0 / 0.00 
PMP             [phase1]     0 / 0.00 [rLC]     4 / 0.15 [rUC]     0 / 0.00 [sLC]     0 / 0.00 [sUC]     0 / 0.00 
Separation Round: [phase1] 0  [rLC] 23  [rUC] 26  [sLC] 0  [sUC] 0
Root Best Bound 279.000000
Root Best Integer: 279.000000
Best Bound: 279.000000
Best Integer: 279.000000

