Version identifier: 20.1.0.0 | 2020-11-10 | 9bedb6d68
CPXPARAM_Threads                                 1
CPXPARAM_TimeLimit                               7200
CPXPARAM_MIP_Tolerances_MIPGap                   0
Generic callback                                 0x60
1 of 1 MIP starts provided solutions.
MIP start 'm1' defined initial solution with objective 298.8492.
Tried aggregator 1 time.
Reduced MIP has 1 rows, 101 columns, and 100 nonzeros.
Reduced MIP has 100 binaries, 0 generals, 0 SOSs, and 0 indicators.
Presolve time = 0.00 sec. (0.03 ticks)
Probing time = 0.00 sec. (0.01 ticks)
Tried aggregator 1 time.
Reduced MIP has 1 rows, 101 columns, and 100 nonzeros.
Reduced MIP has 100 binaries, 0 generals, 0 SOSs, and 0 indicators.
Presolve time = 0.00 sec. (0.03 ticks)
Probing time = 0.00 sec. (0.01 ticks)
MIP emphasis: balance optimality and feasibility.
MIP search method: dynamic search.
Parallel mode: none, using 1 thread.
Root relaxation solution time = 0.00 sec. (0.02 ticks)

        Nodes                                         Cuts/
   Node  Left     Objective  IInf  Best Integer    Best Bound    ItCnt     Gap

*     0+    0                          298.8492      558.0000            86.72%
      0     0      342.8826     2      298.8492      558.0000        0   86.72%
      0     0      337.5600     4      298.8492      Fract: 1        5   12.95%
      0     2      327.9041    11      298.8492      327.8519        5    9.70%
Elapsed time = 2.82 sec. (2.46 ticks, tree = 0.01 MB, solutions = 1)

Performing restart 1

Repeating presolve.
Tried aggregator 1 time.
Reduced MIP has 1 rows, 101 columns, and 100 nonzeros.
Reduced MIP has 100 binaries, 0 generals, 0 SOSs, and 0 indicators.
Presolve time = 0.00 sec. (0.03 ticks)
Tried aggregator 1 time.
Reduced MIP has 1 rows, 101 columns, and 100 nonzeros.
Reduced MIP has 100 binaries, 0 generals, 0 SOSs, and 0 indicators.
Presolve time = 0.00 sec. (0.03 ticks)
Represolve time = 0.00 sec. (0.98 ticks)
    496     0      325.3330    18      298.8492      Fract: 1     1588    8.86%
    496     0      325.2479    15      298.8492      Fract: 1     1599    8.83%
   1016   452      311.7157     8      298.8492      323.4986     3513    8.25%
   2021  1358        cutoff            298.8492      322.5063     6841    7.92%
   2812  2082        cutoff            298.8492      321.8390     9884    7.69%
*  3110  2149      integral     0      301.1306      321.6547    10820    6.82%
   3475  2469        cutoff            301.1306      321.1946    12083    6.66%
   4116  3009      310.1144     5      301.1306      320.4817    13993    6.43%
   4696  3506      305.0102     5      301.1306      320.2544    15790    6.35%
   5259  4001      310.5783     8      301.1306      320.0140    17687    6.27%
   5746  4413      314.4319     9      301.1306      319.6832    19409    6.16%
   6227  4812      303.8820     5      301.1306      319.4481    21122    6.08%
   8985  7223      312.8206     9      301.1306      318.5799    29675    5.79%
Elapsed time = 11.49 sec. (3111.43 ticks, tree = 20.94 MB, solutions = 2)
  11095  9092      316.7243    11      301.1306      317.9344    35674    5.58%
  13576 11305      305.1809     6      301.1306      317.3463    43172    5.38%
  16000 13461      308.7363     5      301.1306      316.8091    50194    5.21%
  18321 15503      302.8772     6      301.1306      316.4100    56814    5.07%

Performing restart 2

Repeating presolve.
Tried aggregator 1 time.
Reduced MIP has 1 rows, 101 columns, and 100 nonzeros.
Reduced MIP has 100 binaries, 0 generals, 0 SOSs, and 0 indicators.
Presolve time = 0.00 sec. (0.03 ticks)
Tried aggregator 1 time.
Reduced MIP has 1 rows, 101 columns, and 100 nonzeros.
Reduced MIP has 100 binaries, 0 generals, 0 SOSs, and 0 indicators.
Presolve time = 0.00 sec. (0.03 ticks)
Represolve time = 0.04 sec. (7.42 ticks)
  20420    57      307.0883     4      301.1306      316.0841    63025    4.97%
  23740  2958      310.5337     7      301.1306      316.0841    72721    4.97%
  26230  5132      305.8103     7      301.1306      316.0841    80803    4.97%
  28972  7385        cutoff            301.1306      316.0841    89645    4.97%
  31980  9918      309.8608     8      301.1306      316.0841    97947    4.97%
  34674 12193      307.6060     4      301.1306      316.0841   105744    4.97%
Elapsed time = 34.66 sec. (12655.24 ticks, tree = 38.51 MB, solutions = 2)
  37292 14399      307.7793     6      301.1306      315.8062   113602    4.87%
  39850 16492      311.3669    10      301.1306      315.5289   120126    4.78%
  42147 18380      302.9722     4      301.1306      315.2846   126069    4.70%
  44208 20026      310.9179     6      301.1306      315.1165   131488    4.64%
  46310 21692      304.0588     4      301.1306      314.9160   136591    4.58%
  48156 23135      306.3459     6      301.1306      314.7588   141338    4.53%
  49980 24544      305.4335     4      301.1306      314.6209   145958    4.48%
  51649 25852      304.2955     3      301.1306      314.4832   150601    4.43%
  53280 27115      309.8766     4      301.1306      314.3578   154909    4.39%
  54854 28364      302.5409     4      301.1306      314.2411   159119    4.35%
Elapsed time = 52.49 sec. (22198.17 ticks, tree = 126.69 MB, solutions = 2)
  56393 29573      305.8396     6      301.1306      314.1269   163306    4.32%
  57940 30746      303.4157     2      301.1306      314.0468   167299    4.29%
  59377 31818      311.3937     8      301.1306      313.9478   171281    4.26%
  60870 32944      301.7361     5      301.1306      313.8720   175019    4.23%
  62290 34014      301.4506     0      301.1306      313.7802   178714    4.20%
  63616 34987      305.9388     5      301.1306      313.7020   182423    4.17%
  64930 35907      303.9154     3      301.1306      313.6195   185827    4.15%
  66174 36782      308.4263     8      301.1306      313.5427   189253    4.12%
  67401 37667        cutoff            301.1306      313.4303   192591    4.08%
  68667 38605      306.4000     5      301.1306      313.3725   195894    4.07%
Elapsed time = 65.91 sec. (31759.52 ticks, tree = 206.52 MB, solutions = 2)
  69908 39506      302.9090     2      301.1306      313.2807   199156    4.03%
  71130 40403      304.8692     4      301.1306      313.2093   202373    4.01%
  72352 41270      304.0842     3      301.1306      313.1301   205556    3.98%
  73531 42175      306.0803     3      301.1306      313.0627   208882    3.96%
  74613 42926      306.7988     4      301.1306      312.9832   212049    3.94%
  75740 43731      301.7430     2      301.1306      312.9223   215220    3.92%
  76939 44645      303.7205     4      301.1306      312.8505   218337    3.89%
  78018 45436      303.7296     5      301.1306      312.7913   221366    3.87%
  79130 46219      302.0031     3      301.1306      312.7294   224397    3.85%
  80117 46883        cutoff            301.1306      312.6823   227342    3.84%
Elapsed time = 77.75 sec. (41306.37 ticks, tree = 281.32 MB, solutions = 2)
  81269 47729        cutoff            301.1306      312.6298   230453    3.82%
  82336 48482        cutoff            301.1306      312.5751   233352    3.80%
  83340 49251      302.3397     5      301.1306      312.5178   236401    3.78%
  84409 50026      306.8679     5      301.1306      312.4761   239443    3.77%
  85491 50828      306.0487     7      301.1306      312.4221   242487    3.75%
  86465 51476      304.1160     4      301.1306      312.3791   245249    3.74%
  87508 52207        cutoff            301.1306      312.3295   248082    3.72%
  88392 52793      306.2518     4      301.1306      312.2740   250928    3.70%
  89420 53538      304.6587     4      301.1306      312.2198   253677    3.68%
  90340 54131      301.8370     3      301.1306      312.1625   256409    3.66%
Elapsed time = 88.83 sec. (50862.82 ticks, tree = 353.34 MB, solutions = 2)
  91338 54822      304.3351     2      301.1306      312.1100   259197    3.65%
  92250 55447      308.0126     7      301.1306      312.0659   261861    3.63%
  93177 56090      305.5286     7      301.1306      312.0153   264415    3.61%
  94140 56768      303.9004     4      301.1306      311.9720   266987    3.60%
  95118 57480        cutoff            301.1306      311.9361   269624    3.59%
  96065 58125      304.5678     2      301.1306      311.8946   272130    3.57%
  97054 58806        cutoff            301.1306      311.8610   274641    3.56%
  97977 59421      303.9809     2      301.1306      311.8147   277300    3.55%
  98918 60069      303.8975     2      301.1306      311.7594   280001    3.53%
* 99469 57061      integral     0      301.8067      311.7425   281566    3.29%
  99800 57265      302.8173     4      301.8067      311.7152   282407    3.28%
Elapsed time = 99.38 sec. (60407.91 ticks, tree = 397.53 MB, solutions = 3)
 100653 57833      303.5375     2      301.8067      311.6721   285125    3.27%
 101517 58402      303.2105     8      301.8067      311.6208   287721    3.25%
 102337 58897      304.5714     5      301.8067      311.5725   290230    3.24%
 103175 59417      303.1032     2      301.8067      311.5216   292769    3.22%
 103940 59833      304.0264     5      301.8067      311.4761   295195    3.20%
 104782 60342      307.7350     6      301.8067      311.4204   297602    3.19%
 105596 60805      305.0088     4      301.8067      311.3660   299966    3.17%
 106434 61262        cutoff            301.8067      311.3105   302279    3.15%
 107273 61753        cutoff            301.8067      311.2605   304752    3.13%
 108062 62199      305.8475     3      301.8067      311.2126   307228    3.12%
Elapsed time = 108.89 sec. (69961.63 ticks, tree = 454.93 MB, solutions = 3)
 108822 62651      302.8886     2      301.8067      311.1748   309603    3.10%
 109599 63064        cutoff            301.8067      311.1266   311984    3.09%
 110377 63574      303.3404     3      301.8067      311.0874   314459    3.08%
 111203 64104      303.1200     2      301.8067      311.0476   316827    3.06%
 111940 64537      304.1753     6      301.8067      311.0020   319166    3.05%
 112746 64995        cutoff            301.8067      310.9612   321509    3.03%
 113500 65453      304.3114     3      301.8067      310.9299   324082    3.02%
 114268 65900      303.3320     4      301.8067      310.8913   326555    3.01%
 115029 66387      303.0529     9      301.8067      310.8556   328989    3.00%
 115818 66884      303.3375     3      301.8067      310.8228   331626    2.99%
Elapsed time = 118.15 sec. (79516.11 ticks, tree = 513.84 MB, solutions = 3)
 116560 67299      304.2350     6      301.8067      310.7729   333937    2.97%
 117351 67732      303.8652     3      301.8067      310.7266   336257    2.96%
 118148 68161      302.4494     5      301.8067      310.6903   338679    2.94%
 118844 68499      304.1718     4      301.8067      310.6401   341008    2.93%
 119663 69010      302.2598     3      301.8067      310.6022   343344    2.91%
 120375 69418      301.9168     5      301.8067      310.5644   345550    2.90%
 121122 69877      308.2581     7      301.8067      310.5284   348002    2.89%
 121835 70269      305.1113     5      301.8067      310.4967   350244    2.88%
 122539 70650      302.9432     4      301.8067      310.4523   352442    2.86%
 125505 72349      303.5942     6      301.8067      310.3148   361629    2.82%
Elapsed time = 129.89 sec. (91930.91 ticks, tree = 582.16 MB, solutions = 3)
 128391 73908      306.1448     5      301.8067      310.1722   370507    2.77%
 131180 75339      303.7335     4      301.8067      310.0162   379434    2.72%
 133852 76652        cutoff            301.8067      309.8812   388027    2.68%
 136580 77956      306.1580     3      301.8067      309.7503   396715    2.63%
 139305 79106      303.4035     4      301.8067      309.5916   405824    2.58%
*141847 75737      integral     0      302.2171      309.4710   414054    2.40%
 142091 75833      304.2765     3      302.2171      309.4583   414869    2.40%
 144611 76740      304.1114     5      302.2171      309.3048   423821    2.35%
 147116 77567      303.8482     3      302.2171      309.1610   432639    2.30%
*147907 76758      integral     0      302.2963      309.1159   435549    2.26%
 149540 77248      304.8604     8      302.2963      309.0175   441614    2.22%
 151976 77996      303.1494     5      302.2963      308.8773   450574    2.18%
Elapsed time = 163.23 sec. (130097.15 ticks, tree = 693.28 MB, solutions = 5)
 154325 78666      302.4831     3      302.2963      308.7412   459202    2.13%
 156641 79217        cutoff            302.2963      308.6115   467743    2.09%
 158903 79697        cutoff            302.2963      308.4667   476369    2.04%
 161032 79943        cutoff            302.2963      308.3116   484747    1.99%
 163133 80188        cutoff            302.2963      308.1802   493009    1.95%
 165191 80349      304.6024     7      302.2963      308.0443   501223    1.90%
 167272 80559        cutoff            302.2963      307.9171   509464    1.86%
 169323 80764      303.7153     3      302.2963      307.7980   517712    1.82%
 171235 80729        cutoff            302.2963      307.6723   525682    1.78%
 173252 80803      302.9691     3      302.2963      307.5486   533648    1.74%
Elapsed time = 191.67 sec. (168257.88 ticks, tree = 765.43 MB, solutions = 5)
 175140 80673      303.0708     5      302.2963      307.4259   541493    1.70%
 177039 80576        cutoff            302.2963      307.2980   549411    1.65%
 178890 80428      303.6340     2      302.2963      307.1887   557008    1.62%
 180717 80202        cutoff            302.2963      307.0764   564500    1.58%
 182541 80022      302.5512     3      302.2963      306.9766   571812    1.55%
 184326 79661      304.3653     6      302.2963      306.8680   579046    1.51%
 186098 79349        cutoff            302.2963      306.7692   585916    1.48%
 187753 78949        cutoff            302.2963      306.6652   592665    1.45%
 189436 78498        cutoff            302.2963      306.5612   599391    1.41%
 191090 77859      304.6772     3      302.2963      306.4563   606348    1.38%
Elapsed time = 216.06 sec. (206422.43 ticks, tree = 770.83 MB, solutions = 5)
 192684 77117        cutoff            302.2963      306.3437   613153    1.34%
 194347 76496        cutoff            302.2963      306.2406   619694    1.30%
 196024 75869        cutoff            302.2963      306.1458   626316    1.27%
 197704 75213      303.0453     2      302.2963      306.0525   632638    1.24%
 199289 74494      303.0179     2      302.2963      305.9672   639084    1.21%
 200877 73734      303.7660     3      302.2963      305.8776   645273    1.18%
 202422 72897        cutoff            302.2963      305.7827   651299    1.15%
 203994 71999        cutoff            302.2963      305.6912   657186    1.12%
 205549 71074        cutoff            302.2963      305.6070   663019    1.10%
 207086 70145      303.1301     4      302.2963      305.5205   668661    1.07%
Elapsed time = 237.48 sec. (244580.99 ticks, tree = 717.68 MB, solutions = 5)
 208563 69139      302.8006     5      302.2963      305.4364   674331    1.04%
 210111 68183        cutoff            302.2963      305.3544   679813    1.01%
 211624 67150        cutoff            302.2963      305.2785   685114    0.99%
 213171 66123        cutoff            302.2963      305.1985   690475    0.96%
 214639 64990        cutoff            302.2963      305.1198   695488    0.93%
 216092 63850      304.0036     4      302.2963      305.0448   700517    0.91%
 217542 62678        cutoff            302.2963      304.9722   705432    0.89%
 219024 61583        cutoff            302.2963      304.9006   710471    0.86%
 220440 60370      302.3239     4      302.2963      304.8282   715206    0.84%
 221888 59161        cutoff            302.2963      304.7578   719828    0.81%
Elapsed time = 255.90 sec. (282742.51 ticks, tree = 619.73 MB, solutions = 5)
 223319 57972      303.4583     4      302.2963      304.6910   724381    0.79%
 224761 56793        cutoff            302.2963      304.6252   728790    0.77%
 226206 55579        cutoff            302.2963      304.5630   733207    0.75%
 227621 54320        cutoff            302.2963      304.5007   737611    0.73%
 229029 53058        cutoff            302.2963      304.4399   741799    0.71%
 230432 51774        cutoff            302.2963      304.3772   745951    0.69%
 231857 50523        cutoff            302.2963      304.3164   750159    0.67%
 233262 49245        cutoff            302.2963      304.2569   754113    0.65%
 234687 47972        cutoff            302.2963      304.1978   758184    0.63%
 236099 46687        cutoff            302.2963      304.1402   762108    0.61%
Elapsed time = 272.46 sec. (320903.28 ticks, tree = 497.65 MB, solutions = 5)
 237508 45379        cutoff            302.2963      304.0805   765902    0.59%
 238903 44068        cutoff            302.2963      304.0252   769756    0.57%
 240328 42739        cutoff            302.2963      303.9709   773431    0.55%
 241747 41385        cutoff            302.2963      303.9112   777021    0.53%
 243148 40039        cutoff            302.2963      303.8597   780676    0.52%
 244547 38699        cutoff            302.2963      303.8063   784261    0.50%
 245959 37352        cutoff            302.2963      303.7526   787699    0.48%
 247373 35988        cutoff            302.2963      303.6988   791190    0.46%
 248789 34642        cutoff            302.2963      303.6458   794650    0.45%
 250207 33255        cutoff            302.2963      303.5938   797940    0.43%
Elapsed time = 288.11 sec. (359066.91 ticks, tree = 359.18 MB, solutions = 5)
 251610 31877        cutoff            302.2963      303.5435   801278    0.41%
 253023 30505        cutoff            302.2963      303.4934   804576    0.40%
 254442 29109        cutoff            302.2963      303.4429   807711    0.38%
 255867 27729        cutoff            302.2963      303.3917   810844    0.36%
 257281 26355        cutoff            302.2963      303.3397   814010    0.35%
 258687 24956        cutoff            302.2963      303.2883   817104    0.33%
 260112 23561        cutoff            302.2963      303.2390   820150    0.31%
 261540 22153        cutoff            302.2963      303.1883   823137    0.30%
 262964 20759        cutoff            302.2963      303.1358   826098    0.28%
 264390 19377        cutoff            302.2963      303.0890   829031    0.26%
Elapsed time = 303.12 sec. (397226.99 ticks, tree = 212.03 MB, solutions = 5)
 265818 17983        cutoff            302.2963      303.0398   831962    0.25%
 267247 16567        cutoff            302.2963      302.9878   834827    0.23%
 268676 15144        cutoff            302.2963      302.9380   837586    0.21%
 270111 13726        cutoff            302.2963      302.8865   840348    0.20%
 271549 12291        cutoff            302.2963      302.8300   843069    0.18%
 272988 10864        cutoff            302.2963      302.7768   845752    0.16%
 274431  9433        cutoff            302.2963      302.7183   848425    0.14%
 275861  8008        cutoff            302.2963      302.6622   850984    0.12%
 277295  6578        cutoff            302.2963      302.6038   853516    0.10%
 278726  5151        cutoff            302.2963      302.5445   855985    0.08%
Elapsed time = 318.15 sec. (435386.21 ticks, tree = 59.93 MB, solutions = 5)
 280168  3712        cutoff            302.2963      302.4814   858371    0.06%
 281609  2277        cutoff            302.2963      302.4132   860759    0.04%
 283049   838        cutoff            302.2963      302.3411   863092    0.01%

User cuts applied:  1832

Root node processing (before b&c):
  Real time             =    2.82 sec. (3.05 ticks)
Sequential b&c:
  Real time             =  320.68 sec. (449101.90 ticks)
                          ------------
Total (root+branch&cut) =  323.50 sec. (449104.95 ticks)
@Parameters: 
is_S_cut                                true
is_add_all_yinF                         true
is_start_value                          true
is_usercut                              true
is_visualization                        false
uc_only_rootnode                        false

data                                    Biesinger
fn                                      data/Biesinger/111_n100_std
mode                                    OldSubmodular
solver                                  cplex

p                                       4
r                                       3

EPS                                     1.0e-06
EPS_vio                                 1.0e-04
beta                                    0.10
gap                                     0.00
nodelimit                               Inf
timelimit                               7200.00


@PrintInfos
ItCnt: 864393
Current gap: 0.00 %
Termination Status: OPTIMAL
Primal Status: FEASIBLE_POINT
Solve Time: 323.50 sec
Objective Value: 302.296266
Number of Nodes: 283890

CutInfo: [phase] num / time (sec) 
ZLP             [phase1]     0 / 0.00 [rLC]     0 / 0.00 [rUC]     0 / 0.00 [sLC]     0 / 0.00 [sUC]     0 / 0.00 
OldSubmodular   [phase1]     0 / 0.00 [rLC]    12 / 0.87 [rUC]     0 / 0.14 [sLC]  2432 / 3.95 [sUC]     0 / 85.20 
NewSubmodular   [phase1]     0 / 0.00 [rLC]     0 / 0.00 [rUC]     0 / 0.00 [sLC]     0 / 0.00 [sUC]     0 / 0.00 
PMP             [phase1]     0 / 0.00 [rLC]     2 / 0.08 [rUC]     0 / 0.00 [sLC]     4 / 0.14 [sUC]     0 / 0.00 
Separation Round: [phase1] 0  [rLC] 13  [rUC] 3  [sLC] 2436  [sUC] 353246
Root Best Bound 327.851890
Root Best Integer: 298.849226
Best Bound: 302.296266
Best Integer: 302.296266

