Version identifier: 20.1.0.0 | 2020-11-10 | 9bedb6d68
CPXPARAM_Threads                                 1
CPXPARAM_TimeLimit                               7200
CPXPARAM_MIP_Tolerances_MIPGap                   0
Generic callback                                 0x60
1 of 1 MIP starts provided solutions.
MIP start 'm1' defined initial solution with objective 364.9547.
Tried aggregator 1 time.
Reduced MIP has 10101 rows, 10101 columns, and 30100 nonzeros.
Reduced MIP has 100 binaries, 0 generals, 0 SOSs, and 0 indicators.
Presolve time = 0.01 sec. (9.72 ticks)
Probing time = 0.00 sec. (1.26 ticks)
Tried aggregator 1 time.
Reduced MIP has 10101 rows, 10101 columns, and 30100 nonzeros.
Reduced MIP has 100 binaries, 0 generals, 0 SOSs, and 0 indicators.
Presolve time = 0.01 sec. (9.55 ticks)
Probing time = 0.00 sec. (1.26 ticks)
MIP emphasis: balance optimality and feasibility.
MIP search method: dynamic search.
Parallel mode: none, using 1 thread.
Root relaxation solution time = 0.00 sec. (3.91 ticks)

        Nodes                                         Cuts/
   Node  Left     Objective  IInf  Best Integer    Best Bound    ItCnt     Gap

*     0+    0                          364.9547      558.0000            52.90%
      0     0      368.5342     2      364.9547      558.0000        0   52.90%
*     0+    0                          367.3784      368.5342             0.31%
*     0+    0                          367.8597      368.5342             0.18%
*     0+    0                          368.4150      368.5342             0.03%
      0     2      368.5158     4      368.4150      368.5079        0    0.03%
Elapsed time = 3.63 sec. (384.57 ticks, tree = 0.01 MB, solutions = 4)
*     1     1      integral     0      368.4373      368.5079       11    0.02%

User cuts applied:  4

Root node processing (before b&c):
  Real time             =    3.63 sec. (384.87 ticks)
Sequential b&c:
  Real time             =    0.06 sec. (14.61 ticks)
                          ------------
Total (root+branch&cut) =    3.69 sec. (399.47 ticks)
@Parameters: 
is_S_cut                                true
is_add_all_yinF                         true
is_start_value                          true
is_usercut                              true
is_visualization                        false
uc_only_rootnode                        false

data                                    Biesinger
fn                                      data/Biesinger/111_n100_std
mode                                    ZLP
solver                                  cplex

p                                       7
r                                       2

EPS                                     1.0e-06
EPS_vio                                 1.0e-04
beta                                    0.10
gap                                     0.00
nodelimit                               Inf
timelimit                               7200.00


@PrintInfos
ItCnt: 20
Current gap: 0.00 %
Termination Status: OPTIMAL
Primal Status: FEASIBLE_POINT
Solve Time: 3.69 sec
Objective Value: 368.437331
Number of Nodes:      3

CutInfo: [phase] num / time (sec) 
ZLP             [phase1]     0 / 0.00 [rLC]     5 / 1.36 [rUC]     2 / 0.24 [sLC]     0 / 0.04 [sUC]     0 / 0.00 
OldSubmodular   [phase1]     0 / 0.00 [rLC]     0 / 0.00 [rUC]     0 / 0.00 [sLC]     0 / 0.00 [sUC]     0 / 0.00 
NewSubmodular   [phase1]     0 / 0.00 [rLC]     0 / 0.00 [rUC]     0 / 0.00 [sLC]     0 / 0.00 [sUC]     0 / 0.00 
PMP             [phase1]     0 / 0.00 [rLC]     9 / 0.40 [rUC]     2 / 0.10 [sLC]     1 / 0.04 [sUC]     0 / 0.00 
Separation Round: [phase1] 0  [rLC] 9  [rUC] 2  [sLC] 1  [sUC] 0
Root Best Bound 368.437331
Root Best Integer: 368.437331
Best Bound: 368.437331
Best Integer: 368.437331

