Version identifier: 20.1.0.0 | 2020-11-10 | 9bedb6d68
CPXPARAM_Threads                                 1
CPXPARAM_TimeLimit                               7200
CPXPARAM_MIP_Tolerances_MIPGap                   0
Generic callback                                 0x60
1 of 1 MIP starts provided solutions.
MIP start 'm1' defined initial solution with objective 1599.4233.
Tried aggregator 1 time.
Reduced MIP has 1 rows, 1001 columns, and 1000 nonzeros.
Reduced MIP has 1000 binaries, 0 generals, 0 SOSs, and 0 indicators.
Presolve time = 0.00 sec. (0.30 ticks)
Probing time = 0.00 sec. (0.11 ticks)
Tried aggregator 1 time.
Reduced MIP has 1 rows, 1001 columns, and 1000 nonzeros.
Reduced MIP has 1000 binaries, 0 generals, 0 SOSs, and 0 indicators.
Presolve time = 0.00 sec. (0.31 ticks)
Probing time = 0.00 sec. (0.11 ticks)
MIP emphasis: balance optimality and feasibility.
MIP search method: dynamic search.
Parallel mode: none, using 1 thread.
Root relaxation solution time = 0.00 sec. (0.21 ticks)

        Nodes                                         Cuts/
   Node  Left     Objective  IInf  Best Integer    Best Bound    ItCnt     Gap

*     0+    0                         1599.4233     2716.0000            69.81%
      0     0     2077.0968     2     1599.4233     2716.0000        0   69.81%
      0     0     1960.1046     3     1599.4233 UserPurge2: 1        7   22.55%
      0     0     1875.0417     4     1599.4233 UserPurge2: 1       20   17.23%
      0     0     1831.8569     5     1599.4233 UserPurge2: 1       31   14.53%
      0     0     1796.0329     6     1599.4233 UserPurge2: 1       47   12.29%
      0     0     1773.4928     8     1599.4233 UserPurge2: 1       72   10.88%
      0     0     1754.6627     9     1599.4233 UserPurge2: 1       86    9.71%
      0     0     1731.5482    10     1599.4233 UserPurge2: 1       98    8.26%
      0     0     1727.2391    11     1599.4233 UserPurge1: 1      102    7.99%
      0     0     1714.4240    10     1599.4233 UserPurge2: 1      125    7.19%
      0     0     1710.0425    12     1599.4233 UserPurge2: 1      139    6.92%
      0     0     1706.5416    14     1599.4233 UserPurge2: 1      161    6.70%
      0     0     1699.0667    14     1599.4233 UserPurge2: 1      188    6.23%
      0     0     1694.5540    13     1599.4233 UserPurge2: 1      210    5.95%
      0     0     1691.7815    15     1599.4233 UserPurge2: 1      236    5.77%
      0     0     1690.0350    16     1599.4233 UserPurge1: 1      240    5.67%
      0     0     1686.3748    15     1599.4233 UserPurge2: 1      253    5.44%
      0     0     1684.2828    16     1599.4233 UserPurge2: 1      275    5.31%
      0     0     1684.0141    18     1599.4233 UserPurge1: 1      281    5.29%
      0     0     1682.1401    19     1599.4233 UserPurge2: 1      315    5.17%
      0     0     1679.8123    17     1599.4233 UserPurge2: 1      352    5.03%
      0     0     1675.9026    16     1599.4233 UserPurge2: 1      379    4.78%
      0     0     1674.3353    17     1599.4233 UserPurge2: 1      406    4.68%
      0     0     1671.6943    18     1599.4233 UserPurge2: 1      444    4.52%
      0     0     1669.3778    19     1599.4233 UserPurge2: 1      479    4.37%
      0     0     1666.6514    18     1599.4233 UserPurge2: 1      505    4.20%
      0     0     1662.9417    19     1599.4233 UserPurge2: 1      541    3.97%
      0     0     1661.8770    19     1599.4233 UserPurge2: 1      566    3.90%
      0     0     1658.7342    15     1599.4233 UserPurge2: 1      611    3.71%
      0     0     1657.6108    16     1599.4233 UserPurge2: 1      630    3.64%
      0     0     1652.1030    14     1599.4233 UserPurge2: 1      671    3.29%
      0     0     1650.4298    15     1599.4233 UserPurge2: 1      692    3.19%
      0     0     1649.9833    16     1599.4233 UserPurge2: 1      701    3.16%
      0     0     1649.5080    18     1599.4233 UserPurge2: 1      718    3.13%
      0     0     1648.2926    17     1599.4233 UserPurge2: 1      732    3.06%
      0     0     1647.2374    18     1599.4233 UserPurge2: 1      763    2.99%
      0     0     1647.0322    17     1599.4233 UserPurge2: 1      777    2.98%
      0     0     1646.3970    19     1599.4233 UserPurge2: 1      796    2.94%
      0     0     1645.0960    16     1599.4233 UserPurge2: 1      825    2.86%
      0     0     1644.7680    16     1599.4233 UserPurge2: 1      842    2.84%
      0     0     1644.5757    17     1599.4233 UserPurge2: 1      849    2.82%
      0     0     1644.0170    17     1599.4233 UserPurge2: 1      876    2.79%
      0     0     1643.4385    17     1599.4233 UserPurge2: 1      905    2.75%
      0     0     1643.1005    18     1599.4233 UserPurge2: 1      920    2.73%
      0     0     1642.2778    18     1599.4233 UserPurge2: 1      953    2.68%
      0     0     1642.0006    19     1599.4233 UserPurge2: 1      963    2.66%
      0     0     1640.9249    17     1599.4233 UserPurge2: 1      997    2.59%
      0     0     1639.6704    17     1599.4233 UserPurge2: 1     1019    2.52%
      0     0     1638.5081    17     1599.4233 UserPurge2: 1     1055    2.44%
      0     0     1637.7692    17     1599.4233 UserPurge2: 1     1073    2.40%
      0     0     1637.6037    17     1599.4233 UserPurge2: 1     1089    2.39%
      0     0     1637.5027    18     1599.4233 UserPurge2: 1     1101    2.38%
      0     0     1637.4296    19     1599.4233 UserPurge2: 1     1110    2.38%
      0     0     1636.6867    17     1599.4233 UserPurge2: 1     1150    2.33%
      0     0     1636.3512    18     1599.4233 UserPurge2: 1     1169    2.31%
      0     0     1636.0941    19     1599.4233 UserPurge2: 1     1185    2.29%
      0     0     1635.7080    18     1599.4233 UserPurge2: 1     1202    2.27%
      0     0     1634.4144    17     1599.4233 UserPurge2: 1     1235    2.19%
      0     0     1633.8904    17     1599.4233 UserPurge2: 1     1259    2.15%
      0     0     1633.4183    18     1599.4233 UserPurge2: 1     1288    2.13%
      0     0     1632.9064    18     1599.4233 UserPurge2: 1     1305    2.09%
      0     0     1632.6082    17     1599.4233 UserPurge2: 1     1324    2.07%
      0     0     1632.2888    19     1599.4233 UserPurge2: 1     1345    2.05%
      0     0     1631.7324    17     1599.4233 UserPurge2: 1     1370    2.02%
      0     0     1631.4804    17     1599.4233 UserPurge2: 1     1381    2.00%
      0     0     1631.3208    17     1599.4233 UserPurge2: 1     1389    1.99%
      0     0     1631.2004    18     1599.4233 UserPurge2: 1     1394    1.99%
      0     0     1630.6800    19     1599.4233 UserPurge2: 1     1411    1.95%
      0     0     1630.5818    19     1599.4233 UserPurge2: 1     1422    1.95%
      0     0     1630.3278    20     1599.4233 UserPurge2: 1     1436    1.93%
      0     0     1630.2135    21     1599.4233 UserPurge2: 1     1461    1.93%
      0     0     1630.0043    22     1599.4233 UserPurge2: 1     1476    1.91%
      0     0     1629.6059    21     1599.4233 UserPurge2: 1     1503    1.89%
      0     0     1629.1834    21     1599.4233 UserPurge2: 1     1529    1.86%
      0     0     1629.0704    22     1599.4233 UserPurge2: 1     1547    1.85%
      0     0     1628.8973    22     1599.4233 UserPurge2: 1     1572    1.84%
      0     0     1628.2021    22     1599.4233 UserPurge2: 1     1603    1.80%
      0     0     1627.8727    20     1599.4233 UserPurge2: 1     1623    1.78%
      0     0     1626.9941    17     1599.4233 UserPurge2: 1     1659    1.72%
      0     0     1626.7447    18     1599.4233 UserPurge2: 1     1679    1.71%
      0     0     1626.4967    19     1599.4233 UserPurge2: 1     1696    1.69%
      0     0     1626.3767    20     1599.4233 UserPurge2: 1     1717    1.69%
      0     0     1626.3182    21     1599.4233 UserPurge2: 1     1732    1.68%
      0     0     1626.2744    22     1599.4233 UserPurge2: 1     1741    1.68%
      0     0     1626.0967    23     1599.4233 UserPurge2: 1     1774    1.67%
      0     0     1625.8093    21     1599.4233 UserPurge2: 1     1799    1.65%
      0     0     1625.7343    21     1599.4233 UserPurge2: 1     1805    1.65%
      0     0     1625.5903    22     1599.4233 UserPurge2: 1     1819    1.64%
      0     0     1625.5188    22     1599.4233 UserPurge2: 1     1828    1.63%
      0     0     1625.4651    23     1599.4233 UserPurge2: 1     1841    1.63%
      0     0     1625.3434    23     1599.4233 UserPurge2: 1     1865    1.62%
      0     0     1624.9243    21     1599.4233 UserPurge2: 1     1892    1.59%
      0     0     1624.6660    21     1599.4233 UserPurge2: 1     1924    1.58%
      0     0     1624.3810    22     1599.4233 UserPurge2: 1     1943    1.56%
      0     0     1624.3146    23     1599.4233 UserPurge2: 1     1962    1.56%
      0     0     1624.1288    22     1599.4233 UserPurge2: 1     1981    1.54%
      0     0     1624.0368    23     1599.4233 UserPurge2: 1     1996    1.54%
      0     0     1623.9244    23     1599.4233 UserPurge2: 1     2008    1.53%
      0     0     1623.8398    24     1599.4233 UserPurge2: 1     2037    1.53%
      0     0     1623.7601    24     1599.4233 UserPurge2: 1     2061    1.52%
      0     0     1623.6724    24     1599.4233 UserPurge2: 1     2079    1.52%
      0     0     1623.5923    25     1599.4233 UserPurge2: 1     2100    1.51%
      0     0     1623.5006    26     1599.4233 UserPurge2: 1     2132    1.51%
      0     0     1623.3336    26     1599.4233 UserPurge2: 1     2168    1.49%
      0     0     1623.1141    25     1599.4233 UserPurge2: 1     2210    1.48%
      0     0     1622.8924    25     1599.4233 UserPurge2: 1     2229    1.47%
      0     0     1622.6425    24     1599.4233 UserPurge2: 1     2253    1.45%
      0     0     1622.4275    23     1599.4233 UserPurge2: 1     2275    1.44%
      0     0     1622.3342    22     1599.4233 UserPurge2: 1     2291    1.43%
      0     0     1622.1989    23     1599.4233 UserPurge2: 1     2299    1.42%
      0     0     1622.1703    24     1599.4233 UserPurge2: 1     2312    1.42%
      0     0     1622.1137    25     1599.4233 UserPurge2: 1     2325    1.42%
      0     0     1621.8570    22     1599.4233 UserPurge2: 1     2362    1.40%
      0     0     1621.6457    23     1599.4233 UserPurge2: 1     2385    1.39%
      0     0     1621.5444    23     1599.4233 UserPurge2: 1     2400    1.38%
      0     0     1621.5207    24     1599.4233 UserPurge2: 1     2412    1.38%
      0     0     1621.4878    25     1599.4233 UserPurge2: 1     2423    1.38%
      0     0     1621.4615    26     1599.4233 UserPurge2: 1     2439    1.38%
      0     0     1621.3871    27     1599.4233 UserPurge2: 1     2458    1.37%
      0     0     1621.2502    26     1599.4233 UserPurge2: 1     2483    1.36%
      0     0     1621.2139    27     1599.4233 UserPurge2: 1     2501    1.36%
      0     0     1621.0706    28     1599.4233 UserPurge2: 1     2530    1.35%
      0     0     1620.9430    28     1599.4233 UserPurge2: 1     2555    1.35%
      0     0     1620.6081    27     1599.4233 UserPurge2: 1     2602    1.32%
      0     0     1620.3732    24     1599.4233 UserPurge2: 1     2625    1.31%
      0     0     1620.1897    24     1599.4233 UserPurge2: 1     2645    1.30%
      0     0     1620.0672    23     1599.4233 UserPurge2: 1     2662    1.29%
      0     0     1620.0392    23     1599.4233 UserPurge2: 1     2675    1.29%
      0     0     1619.9620    24     1599.4233 UserPurge2: 1     2696    1.28%
      0     0     1619.6392    22     1599.4233 UserPurge2: 1     2732    1.26%
      0     0     1619.5400    23     1599.4233 UserPurge2: 1     2756    1.26%
      0     0     1619.4926    22     1599.4233 UserPurge2: 1     2777    1.25%
      0     0     1619.3893    22     1599.4233 UserPurge2: 1     2795    1.25%
*     0+    0                         1601.1013     1619.3893             1.14%
      0     0     1619.3690    24     1601.1013 UserPurge2: 1     2803    1.14%
      0     0     1619.3265    24     1601.1013 UserPurge2: 1     2821    1.14%
      0     0     1619.2354    25     1601.1013 UserPurge2: 1     2844    1.13%
      0     0     1619.1543    25     1601.1013 UserPurge2: 1     2864    1.13%
      0     0     1619.1127    25     1601.1013 UserPurge2: 1     2880    1.12%
      0     0     1618.9927    25     1601.1013 UserPurge2: 1     2915    1.12%
      0     0     1618.9447    26     1601.1013 UserPurge2: 1     2936    1.11%
      0     0     1618.9214    26     1601.1013 UserPurge2: 1     2949    1.11%
      0     0     1618.8769    27     1601.1013 UserPurge2: 1     2970    1.11%
      0     0     1618.8062    27     1601.1013 UserPurge2: 1     2998    1.11%
      0     0     1618.7462    26     1601.1013 UserPurge2: 1     3024    1.10%
      0     0     1618.6945    26     1601.1013 UserPurge2: 1     3047    1.10%
      0     0     1618.6608    27     1601.1013 UserPurge2: 1     3062    1.10%
      0     0     1618.6366    28     1601.1013 UserPurge2: 1     3076    1.10%
      0     0     1618.6106    28     1601.1013 UserPurge2: 1     3097    1.09%
      0     0     1618.5914    28     1601.1013 UserPurge2: 1     3116    1.09%
      0     0     1618.5837    29     1601.1013 UserPurge2: 1     3132    1.09%
      0     0     1618.5359    29     1601.1013 UserPurge2: 1     3160    1.09%
      0     0     1618.5012    29     1601.1013 UserPurge2: 1     3184    1.09%
      0     0     1618.4721    30     1601.1013 UserPurge2: 1     3204    1.08%
      0     0     1618.3929    29     1601.1013 UserPurge2: 1     3240    1.08%
      0     0     1618.3599    30     1601.1013 UserPurge2: 1     3254    1.08%
      0     0     1618.3216    30     1601.1013 UserPurge2: 1     3271    1.08%
      0     0     1618.2753    31     1601.1013 UserPurge2: 1     3292    1.07%
      0     0     1618.1812    31     1601.1013 UserPurge2: 1     3325    1.07%
      0     0     1618.1465    31     1601.1013 UserPurge2: 1     3346    1.06%
      0     0     1618.0649    32     1601.1013 UserPurge2: 1     3367    1.06%
      0     0     1617.9311    31     1601.1013 UserPurge2: 1     3400    1.05%
      0     0     1617.8705    31     1601.1013 UserPurge2: 1     3416    1.05%
      0     0     1617.7482    31     1601.1013 UserPurge2: 1     3448    1.04%
      0     0     1617.6705    31     1601.1013 UserPurge2: 1     3471    1.03%
      0     0     1617.5949    30     1601.1013 UserPurge2: 1     3494    1.03%
      0     0     1617.5738    30     1601.1013 UserPurge2: 1     3505    1.03%
      0     0     1617.5510    29     1601.1013 UserPurge2: 1     3516    1.03%
*     0+    0                         1601.4609     1617.5510             1.00%
      0     0     1617.5319    30     1601.4609 UserPurge2: 1     3533    1.00%
      0     0     1617.4829    30     1601.4609 UserPurge2: 1     3561    1.00%
      0     0     1617.3521    30     1601.4609 UserPurge2: 1     3599    0.99%
      0     0     1617.2676    31     1601.4609 UserPurge2: 1     3629    0.99%
      0     0     1617.1509    30     1601.4609 UserPurge2: 1     3658    0.98%
      0     0     1617.0850    29     1601.4609 UserPurge2: 1     3680    0.98%
      0     0     1617.0011    30     1601.4609 UserPurge2: 1     3701    0.97%
      0     0     1616.9126    30     1601.4609 UserPurge2: 1     3724    0.96%
      0     0     1616.8490    31     1601.4609 UserPurge2: 1     3739    0.96%
      0     0     1616.7559    32     1601.4609 UserPurge2: 1     3761    0.96%
      0     0     1616.6769    32     1601.4609 UserPurge2: 1     3782    0.95%
      0     0     1616.4704    30     1601.4609 UserPurge2: 1     3819    0.94%
      0     0     1616.3404    28     1601.4609 UserPurge2: 1     3846    0.93%
      0     0     1616.3129    29     1601.4609 UserPurge2: 1     3861    0.93%
      0     0     1616.2548    29     1601.4609 UserPurge2: 1     3884    0.92%
      0     0     1616.2191    29     1601.4609 UserPurge2: 1     3898    0.92%
      0     0     1616.1860    29     1601.4609 UserPurge2: 1     3914    0.92%
      0     0     1616.1657    30     1601.4609 UserPurge2: 1     3924    0.92%
      0     0     1616.1116    30     1601.4609 UserPurge2: 1     3944    0.91%
      0     0     1616.0780    29     1601.4609 UserPurge2: 1     3971    0.91%
      0     0     1616.0301    30     1601.4609 UserPurge2: 1     3991    0.91%
      0     0     1615.9549    30     1601.4609 UserPurge2: 1     4016    0.91%
      0     0     1615.9182    30     1601.4609 UserPurge2: 1     4040    0.90%
      0     0     1615.8543    30     1601.4609 UserPurge2: 1     4061    0.90%
      0     0     1615.8330    29     1601.4609 UserPurge2: 1     4075    0.90%
*     0+    0                         1602.4574     1615.8330             0.83%
      0     0     1615.7981    30     1602.4574 UserPurge2: 1     4094    0.83%
      0     0     1615.7719    31     1602.4574 UserPurge2: 1     4117    0.83%
      0     0     1615.7111    31     1602.4574 UserPurge2: 1     4145    0.83%
      0     0     1615.6138    30     1602.4574 UserPurge2: 1     4176    0.82%
      0     0     1615.5879    30     1602.4574 UserPurge2: 1     4191    0.82%
      0     0     1615.5196    30     1602.4574 UserPurge2: 1     4227    0.82%
      0     0     1615.4677    31     1602.4574 UserPurge2: 1     4263    0.81%
      0     0     1615.4481    31     1602.4574 UserPurge2: 1     4286    0.81%
      0     0     1615.4335    32     1602.4574 UserPurge2: 1     4303    0.81%
      0     0     1615.4032    32     1602.4574 UserPurge2: 1     4322    0.81%
      0     0     1615.3557    32     1602.4574 UserPurge2: 1     4343    0.80%
      0     0     1615.3365    33     1602.4574 UserPurge2: 1     4358    0.80%
      0     0     1615.2791    32     1602.4574 UserPurge2: 1     4377    0.80%
      0     0     1615.1458    32     1602.4574 UserPurge2: 1     4413    0.79%
      0     0     1615.0635    31     1602.4574 UserPurge2: 1     4445    0.79%
      0     0     1615.0116    32     1602.4574 UserPurge2: 1     4469    0.78%
      0     0     1614.9303    32     1602.4574 UserPurge2: 1     4496    0.78%
      0     0     1614.8791    33     1602.4574 UserPurge2: 1     4526    0.78%
      0     0     1614.8142    33     1602.4574 UserPurge2: 1     4557    0.77%
      0     0     1614.7347    34     1602.4574 UserPurge2: 1     4583    0.77%
      0     0     1614.6773    33     1602.4574 UserPurge2: 1     4607    0.76%
      0     0     1614.6459    33     1602.4574 UserPurge2: 1     4635    0.76%
      0     0     1614.6155    34     1602.4574 UserPurge2: 1     4658    0.76%
      0     0     1614.5958    35     1602.4574 UserPurge2: 1     4681    0.76%
      0     0     1614.5742    36     1602.4574 UserPurge2: 1     4707    0.76%
      0     0     1614.5333    36     1602.4574 UserPurge2: 1     4727    0.75%
      0     0     1614.4864    36     1602.4574 UserPurge2: 1     4758    0.75%
      0     0     1614.3906    36     1602.4574 UserPurge2: 1     4796    0.74%
      0     0     1614.3512    36     1602.4574 UserPurge2: 1     4814    0.74%
      0     0     1614.2538    35     1602.4574 UserPurge2: 1     4848    0.74%
      0     0     1614.1131    33     1602.4574 UserPurge2: 1     4890    0.73%
      0     0     1614.0590    34     1602.4574 UserPurge2: 1     4916    0.72%
      0     0     1614.0167    34     1602.4574 UserPurge2: 1     4941    0.72%
      0     0     1613.9686    33     1602.4574 UserPurge2: 1     4982    0.72%
      0     0     1613.9506    33     1602.4574 UserPurge2: 1     4998    0.72%
      0     0     1613.9014    33     1602.4574 UserPurge2: 1     5030    0.71%
      0     0     1613.8876    34     1602.4574 UserPurge2: 1     5049    0.71%
      0     0     1613.8710    35     1602.4574 UserPurge2: 1     5064    0.71%
      0     0     1613.8456    36     1602.4574 UserPurge2: 1     5092    0.71%
      0     0     1613.7786    35     1602.4574 UserPurge2: 1     5131    0.71%
      0     0     1613.7001    35     1602.4574 UserPurge2: 1     5164    0.70%
      0     0     1613.6616    35     1602.4574 UserPurge2: 1     5184    0.70%
      0     0     1613.6398    34     1602.4574 UserPurge2: 1     5201    0.70%
      0     0     1613.5984    34     1602.4574 UserPurge2: 1     5223    0.70%
      0     0     1613.5366    34     1602.4574 UserPurge2: 1     5260    0.69%
      0     0     1613.4854    33     1602.4574 UserPurge2: 1     5293    0.69%
      0     0     1613.4563    33     1602.4574 UserPurge2: 1     5314    0.69%
      0     0     1613.4313    34     1602.4574 UserPurge2: 1     5330    0.68%
      0     0     1613.4179    35     1602.4574 UserPurge2: 1     5338    0.68%
      0     0     1613.3771    35     1602.4574 UserPurge2: 1     5363    0.68%
      0     0     1613.3475    35     1602.4574 UserPurge2: 1     5395    0.68%
      0     0     1613.3149    33     1602.4574 UserPurge2: 1     5426    0.68%
      0     0     1613.2727    33     1602.4574 UserPurge2: 1     5445    0.67%
      0     0     1613.2653    34     1602.4574 UserPurge2: 1     5455    0.67%
      0     0     1613.2390    35     1602.4574 UserPurge2: 1     5482    0.67%
      0     0     1613.2203    34     1602.4574 UserPurge2: 1     5499    0.67%
      0     0     1613.2123    32     1602.4574 UserPurge2: 1     5527    0.67%
      0     0     1613.1943    32     1602.4574 UserPurge2: 1     5553    0.67%
      0     0     1613.1898    33     1602.4574 UserPurge2: 1     5571    0.67%
      0     0     1613.1864    34     1602.4574 UserPurge2: 1     5583    0.67%
      0     0     1613.1835    35     1602.4574 UserPurge2: 1     5599    0.67%
      0     0     1613.1749    35     1602.4574 UserPurge2: 1     5619    0.67%
*     0+    0                         1602.5832     1613.1749             0.66%
      0     0     1613.1674    36     1602.5832 UserPurge2: 1     5639    0.66%
      0     0     1613.1627    36     1602.5832 UserPurge2: 1     5662    0.66%
      0     0     1613.1575    37     1602.5832 UserPurge2: 1     5681    0.66%
      0     0     1613.1414    37     1602.5832 UserPurge2: 1     5716    0.66%
      0     0     1613.1337    37     1602.5832 UserPurge2: 1     5736    0.66%
      0     0     1613.1125    38     1602.5832 UserPurge2: 1     5763    0.66%
      0     0     1613.0747    38     1602.5832 UserPurge2: 1     5804    0.65%
      0     0     1613.0139    36     1602.5832 UserPurge2: 1     5835    0.65%
      0     0     1612.9735    36     1602.5832 UserPurge2: 1     5856    0.65%
      0     0     1612.9386    37     1602.5832 UserPurge2: 1     5883    0.65%
      0     0     1612.8879    37     1602.5832 UserPurge2: 1     5922    0.64%
      0     0     1612.8232    37     1602.5832 UserPurge2: 1     5947    0.64%
      0     0     1612.7638    36     1602.5832 UserPurge2: 1     5970    0.64%
      0     0     1612.6490    36     1602.5832 UserPurge2: 1     6002    0.63%
      0     0     1612.6038    36     1602.5832 UserPurge2: 1     6025    0.63%
      0     0     1612.5644    37     1602.5832 UserPurge2: 1     6050    0.62%
      0     0     1612.4861    36     1602.5832 UserPurge2: 1     6090    0.62%
      0     0     1612.4440    37     1602.5832 UserPurge2: 1     6120    0.62%
      0     0     1612.3587    36     1602.5832 UserPurge2: 1     6153    0.61%
      0     0     1612.2764    35     1602.5832 UserPurge2: 1     6181    0.60%
      0     0     1612.2322    36     1602.5832 UserPurge2: 1     6215    0.60%
      0     0     1612.1810    34     1602.5832 UserPurge2: 1     6240    0.60%
      0     0     1612.1616    35     1602.5832 UserPurge2: 1     6260    0.60%
      0     0     1612.1383    36     1602.5832 UserPurge2: 1     6276    0.60%
      0     0     1612.1048    35     1602.5832 UserPurge2: 1     6301    0.59%
      0     0     1612.0334    35     1602.5832 UserPurge2: 1     6344    0.59%
      0     0     1612.0071    33     1602.5832 UserPurge2: 1     6367    0.59%
      0     0     1611.9964    34     1602.5832 UserPurge2: 1     6376    0.59%
      0     0     1611.9710    35     1602.5832 UserPurge2: 1     6393    0.59%
      0     0     1611.9574    36     1602.5832 UserPurge2: 1     6411    0.58%
      0     0     1611.9193    36     1602.5832 UserPurge2: 1     6432    0.58%
      0     0     1611.9016    36     1602.5832 UserPurge2: 1     6450    0.58%
      0     0     1611.8561    36     1602.5832 UserPurge2: 1     6474    0.58%
      0     0     1611.8200    35     1602.5832 UserPurge2: 1     6503    0.58%
      0     0     1611.7907    35     1602.5832 UserPurge2: 1     6527    0.57%
      0     0     1611.7653    36     1602.5832 UserPurge2: 1     6554    0.57%
      0     0     1611.7577    37     1602.5832 UserPurge2: 1     6570    0.57%
      0     0     1611.7491    37     1602.5832 UserPurge2: 1     6588    0.57%
      0     0     1611.7470    38     1602.5832 UserPurge2: 1     6594    0.57%
      0     0     1611.7068    35     1602.5832 UserPurge2: 1     6641    0.57%
      0     0     1611.6511    33     1602.5832 UserPurge2: 1     6675    0.57%
      0     0     1611.6024    34     1602.5832 UserPurge2: 1     6697    0.56%
      0     0     1611.5709    34     1602.5832 UserPurge2: 1     6729    0.56%
      0     0     1611.5423    34     1602.5832 UserPurge2: 1     6752    0.56%
      0     0     1611.4897    34     1602.5832 UserPurge2: 1     6783    0.56%
      0     0     1611.4146    34     1602.5832 UserPurge2: 1     6816    0.55%
      0     0     1611.3481    34     1602.5832 UserPurge2: 1     6837    0.55%
      0     0     1611.3361    35     1602.5832 UserPurge2: 1     6853    0.55%
      0     0     1611.2903    35     1602.5832 UserPurge2: 1     6884    0.54%
      0     0     1611.2454    35     1602.5832 UserPurge2: 1     6903    0.54%
*     0+    0                         1604.2500     1611.2454             0.44%
      0     0     1611.1823    34     1604.2500 UserPurge2: 1     6929    0.43%
      0     0     1611.1371    35     1604.2500 UserPurge2: 1     6948    0.43%
      0     0     1611.0842    33     1604.2500 UserPurge2: 1     6983    0.43%
      0     0     1611.0127    31     1604.2500 UserPurge2: 1     7002    0.42%
      0     0     1610.9667    32     1604.2500 UserPurge2: 1     7020    0.42%
      0     0     1610.9569    33     1604.2500 UserPurge2: 1     7029    0.42%
      0     0     1610.9232    33     1604.2500 UserPurge2: 1     7049    0.42%
      0     0     1610.8933    32     1604.2500 UserPurge2: 1     7074    0.41%
      0     0     1610.8587    32     1604.2500 UserPurge2: 1     7102    0.41%
      0     0     1610.8496    33     1604.2500 UserPurge2: 1     7116    0.41%
      0     0     1610.8337    34     1604.2500 UserPurge2: 1     7128    0.41%
      0     0     1610.8191    34     1604.2500 UserPurge2: 1     7149    0.41%
      0     0     1610.7969    34     1604.2500 UserPurge2: 1     7180    0.41%
      0     0     1610.7921    33     1604.2500 UserPurge2: 1     7193    0.41%
      0     0     1610.7757    34     1604.2500 UserPurge2: 1     7205    0.41%
      0     0     1610.7705    34     1604.2500 UserPurge2: 1     7222    0.41%
      0     0     1610.7662    34     1604.2500 UserPurge2: 1     7236    0.41%
      0     0     1610.7614    35     1604.2500 UserPurge2: 1     7252    0.41%
      0     0     1610.7553    36     1604.2500 UserPurge2: 1     7267    0.41%
      0     0     1610.7522    37     1604.2500 UserPurge2: 1     7279    0.41%
      0     0     1610.7415    37     1604.2500 UserPurge2: 1     7302    0.40%
      0     0     1610.7228    37     1604.2500 UserPurge2: 1     7335    0.40%
      0     0     1610.6928    35     1604.2500 UserPurge2: 1     7361    0.40%
      0     0     1610.6388    33     1604.2500 UserPurge2: 1     7394    0.40%
      0     0     1610.6167    32     1604.2500 UserPurge2: 1     7409    0.40%
      0     0     1610.5768    32     1604.2500 UserPurge2: 1     7430    0.39%
      0     0     1610.5694    33     1604.2500 UserPurge2: 1     7445    0.39%
      0     0     1610.5586    34     1604.2500 UserPurge2: 1     7461    0.39%
      0     0     1610.5243    34     1604.2500 UserPurge2: 1     7493    0.39%
      0     0     1610.5076    33     1604.2500 UserPurge2: 1     7505    0.39%
      0     0     1610.4951    32     1604.2500 UserPurge2: 1     7519    0.39%
      0     0     1610.4858    32     1604.2500 UserPurge2: 1     7535    0.39%
      0     0     1610.4797    32     1604.2500 UserPurge2: 1     7546    0.39%
      0     0     1610.4747    33     1604.2500 UserPurge2: 1     7556    0.39%
      0     0     1610.4661    34     1604.2500 UserPurge2: 1     7568    0.39%
      0     0     1610.4515    33     1604.2500 UserPurge2: 1     7581    0.39%
      0     0     1610.4281    33     1604.2500 UserPurge2: 1     7601    0.39%
      0     0     1610.4134    34     1604.2500 UserPurge2: 1     7613    0.38%
      0     0     1610.4089    35     1604.2500 UserPurge2: 1     7624    0.38%
      0     0     1610.4046    36     1604.2500 UserPurge2: 1     7640    0.38%
*     0+    0                         1604.7967     1610.4046             0.35%
      0     0     1610.3808    35     1604.7967 UserPurge2: 1     7669    0.35%
      0     0     1610.3679    33     1604.7967 UserPurge2: 1     7687    0.35%
      0     0     1610.3632    34     1604.7967 UserPurge2: 1     7698    0.35%
      0     0     1610.3504    35     1604.7967 UserPurge2: 1     7725    0.35%
      0     0     1610.3393    36     1604.7967 UserPurge2: 1     7743    0.35%
      0     0     1610.3211    35     1604.7967 UserPurge2: 1     7764    0.34%
      0     0     1610.2830    32     1604.7967 UserPurge2: 1     7799    0.34%
      0     0     1610.2499    32     1604.7967 UserPurge2: 1     7813    0.34%
      0     0     1610.2449    32     1604.7967 UserPurge2: 1     7825    0.34%
      0     0     1610.2347    32     1604.7967 UserPurge2: 1     7840    0.34%
      0     0     1610.2211    33     1604.7967 UserPurge2: 1     7864    0.34%
      0     0     1610.2111    33     1604.7967 UserPurge2: 1     7878    0.34%
      0     0     1610.2044    34     1604.7967 UserPurge2: 1     7894    0.34%
      0     0     1610.1951    34     1604.7967 UserPurge2: 1     7912    0.34%
      0     0     1610.1848    34     1604.7967 UserPurge2: 1     7930    0.34%
      0     0     1610.1797    35     1604.7967 UserPurge2: 1     7936    0.34%
      0     0     1610.1776    36     1604.7967 UserPurge2: 1     7946    0.34%
      0     0     1610.1613    35     1604.7967 UserPurge2: 1     7974    0.33%
      0     0     1610.1465    35     1604.7967 UserPurge2: 1     7991    0.33%
      0     0     1610.1264    34     1604.7967 UserPurge2: 1     8006    0.33%
      0     0     1610.1089    34     1604.7967 UserPurge2: 1     8023    0.33%
      0     0     1610.0879    34     1604.7967 UserPurge2: 1     8051    0.33%
      0     0     1610.0819    35     1604.7967 UserPurge2: 1     8060    0.33%
      0     0     1610.0739    35     1604.7967 UserPurge2: 1     8076    0.33%
      0     0     1610.0498    35     1604.7967 UserPurge2: 1     8103    0.33%

Repeating presolve.
Tried aggregator 1 time.
MIP Presolve eliminated 0 rows and 254 columns.
Reduced MIP has 1 rows, 747 columns, and 746 nonzeros.
Reduced MIP has 746 binaries, 0 generals, 0 SOSs, and 0 indicators.
Presolve time = 0.00 sec. (0.27 ticks)
Probing time = 0.00 sec. (0.08 ticks)
Tried aggregator 1 time.
Reduced MIP has 1 rows, 747 columns, and 746 nonzeros.
Reduced MIP has 746 binaries, 0 generals, 0 SOSs, and 0 indicators.
Presolve time = 0.00 sec. (0.23 ticks)
Represolve time = 0.73 sec. (128.75 ticks)
Probing time = 0.00 sec. (0.08 ticks)
MIP emphasis: balance optimality and feasibility.
MIP search method: dynamic search.
Parallel mode: none, using 1 thread.
Root relaxation solution time = 0.01 sec. (17.38 ticks)

        Nodes                                         Cuts/
   Node  Left     Objective  IInf  Best Integer    Best Bound    ItCnt     Gap

*     0+    0                         1604.7967     1610.0498             0.33%
      0     0     1610.0498    35     1604.7967     1610.0498     8218    0.33%
      0     0     1610.0333    36     1604.7967 UserPurge2: 1     8239    0.33%
      0     0     1610.0220    36     1604.7967 UserPurge2: 1     8256    0.33%
      0     0     1610.0103    36     1604.7967 UserPurge2: 1     8271    0.32%
      0     0     1610.0020    36     1604.7967 UserPurge2: 1     8289    0.32%
      0     0     1609.9900    34     1604.7967 UserPurge2: 1     8310    0.32%
      0     0     1609.9785    34     1604.7967 UserPurge2: 1     8330    0.32%
      0     0     1609.9759    35     1604.7967 UserPurge2: 1     8339    0.32%
      0     0     1609.9702    36     1604.7967 UserPurge2: 1     8349    0.32%
      0     0     1609.9549    36     1604.7967 UserPurge2: 1     8370    0.32%
      0     0     1609.9436    35     1604.7967 UserPurge2: 1     8384    0.32%
      0     0     1609.9395    35     1604.7967 UserPurge2: 1     8394    0.32%
      0     0     1609.9350    36     1604.7967 UserPurge2: 1     8416    0.32%
      0     0     1609.9332    37     1604.7967 UserPurge2: 1     8428    0.32%
      0     0     1609.9286    38     1604.7967 UserPurge2: 1     8451    0.32%
      0     0     1609.9106    37     1604.7967 UserPurge2: 1     8481    0.32%
      0     0     1609.8992    37     1604.7967 UserPurge2: 1     8501    0.32%
      0     0     1609.8961    36     1604.7967 UserPurge2: 1     8516    0.32%
      0     0     1609.8910    37     1604.7967 UserPurge2: 1     8533    0.32%
      0     0     1609.8895    38     1604.7967 UserPurge2: 1     8546    0.32%
      0     0     1609.8877    39     1604.7967 UserPurge2: 1     8555    0.32%
      0     0     1609.8858    40     1604.7967 UserPurge2: 1     8566    0.32%
      0     0     1609.8733    37     1604.7967 UserPurge2: 1     8596    0.32%
      0     0     1609.8670    37     1604.7967 UserPurge2: 1     8614    0.32%
      0     0     1609.8658    38     1604.7967 UserPurge2: 1     8623    0.32%
      0     0     1609.8416    35     1604.7967 UserPurge2: 1     8658    0.31%
      0     0     1609.8303    35     1604.7967 UserPurge2: 1     8669    0.31%
      0     0     1609.8229    35     1604.7967 UserPurge2: 1     8682    0.31%
      0     0     1609.8186    36     1604.7967 UserPurge2: 1     8688    0.31%
      0     0     1609.8100    36     1604.7967 UserPurge2: 1     8708    0.31%
      0     0     1609.8065    37     1604.7967 UserPurge2: 1     8720    0.31%
      0     0     1609.8031    37     1604.7967 UserPurge2: 1     8737    0.31%
      0     0     1609.7970    38     1604.7967 UserPurge2: 1     8748    0.31%
      0     0     1609.7859    39     1604.7967 UserPurge2: 1     8775    0.31%
      0     0     1609.7729    36     1604.7967 UserPurge2: 1     8799    0.31%
      0     0     1609.7693    36     1604.7967 UserPurge2: 1     8810    0.31%
      0     0     1609.7667    36     1604.7967 UserPurge2: 1     8822    0.31%
      0     0     1609.7636    37     1604.7967 UserPurge2: 1     8839    0.31%
      0     0     1609.7554    37     1604.7967 UserPurge2: 1     8861    0.31%
      0     0     1609.7448    38     1604.7967 UserPurge2: 1     8884    0.31%
      0     0     1609.7320    37     1604.7967 UserPurge2: 1     8900    0.31%
      0     0     1609.7073    37     1604.7967 UserPurge2: 1     8925    0.31%
      0     0     1609.6927    36     1604.7967 UserPurge2: 1     8954    0.31%
      0     0     1609.6813    34     1604.7967 UserPurge2: 1     8972    0.30%
      0     0     1609.6789    35     1604.7967 UserPurge2: 1     8980    0.30%
      0     0     1609.6697    35     1604.7967 UserPurge2: 1     8996    0.30%
      0     0     1609.6643    36     1604.7967 UserPurge2: 1     9019    0.30%
      0     0     1609.6598    36     1604.7967 UserPurge2: 1     9032    0.30%
      0     0     1609.6557    37     1604.7967 UserPurge2: 1     9055    0.30%
      0     0     1609.6491    37     1604.7967 UserPurge2: 1     9078    0.30%
      0     0     1609.6457    37     1604.7967 UserPurge2: 1     9093    0.30%
      0     0     1609.6422    38     1604.7967 UserPurge2: 1     9105    0.30%
      0     0     1609.6254    37     1604.7967 UserPurge2: 1     9134    0.30%
      0     0     1609.6116    37     1604.7967 UserPurge2: 1     9158    0.30%
      0     0     1609.6098    38     1604.7967 UserPurge2: 1     9171    0.30%
      0     0     1609.6057    39     1604.7967 UserPurge2: 1     9187    0.30%
      0     0     1609.5960    39     1604.7967 UserPurge2: 1     9220    0.30%
      0     0     1609.5909    38     1604.7967 UserPurge2: 1     9238    0.30%
      0     0     1609.5850    39     1604.7967 UserPurge2: 1     9264    0.30%
      0     0     1609.5794    40     1604.7967 UserPurge2: 1     9295    0.30%
      0     0     1609.5768    41     1604.7967 UserPurge2: 1     9313    0.30%
      0     0     1609.5706    41     1604.7967 UserPurge2: 1     9347    0.30%
      0     0     1609.5614    42     1604.7967 UserPurge2: 1     9373    0.30%
      0     0     1609.5505    40     1604.7967 UserPurge2: 1     9415    0.30%
      0     0     1609.5460    39     1604.7967 UserPurge2: 1     9433    0.30%
      0     0     1609.5423    40     1604.7967 UserPurge2: 1     9446    0.30%
      0     0     1609.5377    41     1604.7967 UserPurge2: 1     9472    0.30%
      0     0     1609.5275    41     1604.7967 UserPurge2: 1     9497    0.29%
      0     0     1609.5193    42     1604.7967 UserPurge2: 1     9518    0.29%
      0     0     1609.5160    41     1604.7967 UserPurge2: 1     9529    0.29%
      0     0     1609.5040    41     1604.7967 UserPurge2: 1     9565    0.29%
      0     0     1609.4918    41     1604.7967 UserPurge2: 1     9589    0.29%
      0     0     1609.4869    42     1604.7967 UserPurge2: 1     9599    0.29%
      0     0     1609.4787    41     1604.7967 UserPurge2: 1     9623    0.29%
      0     0     1609.4714    42     1604.7967 UserPurge2: 1     9655    0.29%
      0     0     1609.4651    43     1604.7967 UserPurge2: 1     9675    0.29%
      0     0     1609.4595    44     1604.7967 UserPurge2: 1     9691    0.29%
      0     0     1609.4551    44     1604.7967 UserPurge2: 1     9720    0.29%
      0     0     1609.4454    42     1604.7967 UserPurge2: 1     9747    0.29%
      0     0     1609.4265    41     1604.7967 UserPurge2: 1     9781    0.29%
      0     0     1609.4204    41     1604.7967 UserPurge2: 1     9798    0.29%
      0     0     1609.4165    42     1604.7967 UserPurge2: 1     9825    0.29%
      0     0     1609.4069    42     1604.7967 UserPurge2: 1     9857    0.29%
      0     0     1609.4000    42     1604.7967 UserPurge2: 1     9880    0.29%
      0     0     1609.3932    41     1604.7967 UserPurge2: 1     9903    0.29%
      0     0     1609.3784    41     1604.7967 UserPurge2: 1     9923    0.29%
      0     0     1609.3667    42     1604.7967 UserPurge2: 1     9942    0.28%
      0     0     1609.3611    42     1604.7967 UserPurge2: 1     9966    0.28%
      0     0     1609.3546    43     1604.7967 UserPurge2: 1     9994    0.28%
      0     0     1609.3288    41     1604.7967 UserPurge2: 1    10044    0.28%
      0     0     1609.3228    41     1604.7967 UserPurge2: 1    10065    0.28%
      0     0     1609.2973    40     1604.7967 UserPurge2: 1    10094    0.28%
      0     0     1609.2861    39     1604.7967 UserPurge2: 1    10119    0.28%
      0     0     1609.2758    39     1604.7967 UserPurge2: 1    10141    0.28%
      0     0     1609.2632    39     1604.7967 UserPurge2: 1    10163    0.28%
      0     0     1609.2479    38     1604.7967 UserPurge2: 1    10196    0.28%
*     0+    0                         1605.1680     1609.2479             0.25%
      0     0     1609.2445    38     1605.1680 UserPurge2: 1    10208    0.25%
      0     0     1609.2399    39     1605.1680 UserPurge2: 1    10224    0.25%
      0     0     1609.2303    40     1605.1680 UserPurge2: 1    10250    0.25%
      0     0     1609.2278    41     1605.1680 UserPurge2: 1    10263    0.25%
      0     0     1609.2239    41     1605.1680 UserPurge2: 1    10285    0.25%
      0     0     1609.2205    42     1605.1680 UserPurge2: 1    10312    0.25%
      0     0     1609.2187    43     1605.1680 UserPurge2: 1    10324    0.25%
      0     0     1609.2167    44     1605.1680 UserPurge2: 1    10346    0.25%
      0     0     1609.2130    45     1605.1680 UserPurge2: 1    10367    0.25%
      0     0     1609.2018    43     1605.1680 UserPurge2: 1    10400    0.25%
      0     0     1609.1791    44     1605.1680 UserPurge2: 1    10438    0.25%
      0     0     1609.1401    43     1605.1680 UserPurge2: 1    10489    0.25%
      0     0     1609.1351    42     1605.1680 UserPurge2: 1    10511    0.25%
      0     0     1609.1251    40     1605.1680 UserPurge2: 1    10541    0.25%
      0     0     1609.1181    40     1605.1680 UserPurge2: 1    10563    0.25%
      0     0     1609.1144    41     1605.1680 UserPurge2: 1    10582    0.25%
      0     0     1609.1125    42     1605.1680 UserPurge2: 1    10597    0.25%
      0     0     1609.1104    43     1605.1680 UserPurge2: 1    10615    0.25%
      0     0     1609.1056    43     1605.1680 UserPurge2: 1    10643    0.25%
      0     0     1609.0853    43     1605.1680 UserPurge2: 1    10684    0.24%
      0     0     1609.0713    40     1605.1680 UserPurge2: 1    10718    0.24%
      0     0     1609.0600    41     1605.1680 UserPurge2: 1    10745    0.24%
      0     0     1609.0485    41     1605.1680 UserPurge2: 1    10768    0.24%
      0     0     1609.0450    42     1605.1680 UserPurge2: 1    10781    0.24%
      0     0     1609.0394    43     1605.1680 UserPurge2: 1    10798    0.24%
      0     0     1609.0246    44     1605.1680 UserPurge2: 1    10825    0.24%
      0     0     1609.0175    43     1605.1680 UserPurge2: 1    10858    0.24%
      0     2     1609.0175    43     1605.1680     1609.0173    10858    0.24%
Elapsed time = 70.61 sec. (5771.74 ticks, tree = 0.01 MB, solutions = 8)
      1     3     1606.1900    19     1605.1680     1609.0173    24466    0.24%
      2     4     1606.2957    10     1605.1680     1606.2957    74198    0.07%
*     3     1      integral     0     1606.2793     1606.2957    84537    0.00%
      3     1     1606.2793     0     1606.2793     1606.2956    84537    0.00%
      4     0        cutoff           1606.2793     1606.2793    84715    0.00%

User cuts applied:  7578

Root node processing (before b&c):
  Real time             =   70.62 sec. (5787.89 ticks)
Sequential b&c:
  Real time             =  346.58 sec. (205544.75 ticks)
                          ------------
Total (root+branch&cut) =  417.20 sec. (211332.64 ticks)
@Parameters: 
is_S_cut                                true
is_add_all_yinF                         true
is_start_value                          true
is_usercut                              true
is_visualization                        false
uc_only_rootnode                        false

data                                    Qi
fn                                      data/Qi/instance_500_1000.csv
mode                                    NewSubmodular
solver                                  cplex

p                                       10
r                                       5

EPS                                     1.0e-06
EPS_vio                                 1.0e-04
beta                                    0.10
gap                                     0.00
nodelimit                               Inf
timelimit                               7200.00


@PrintInfos
ItCnt: 84715
Current gap: 0.00 %
Termination Status: OPTIMAL
Primal Status: FEASIBLE_POINT
Solve Time: 417.20 sec
Objective Value: 1606.279310
Number of Nodes:      5

CutInfo: [phase] num / time (sec) 
ZLP             [phase1]     0 / 0.00 [rLC]     0 / 0.00 [rUC]     0 / 0.00 [sLC]     0 / 0.00 [sUC]     0 / 0.00 
OldSubmodular   [phase1]     0 / 0.00 [rLC]     0 / 0.00 [rUC]     0 / 0.00 [sLC]     0 / 0.00 [sUC]     0 / 0.00 
NewSubmodular   [phase1]     0 / 0.00 [rLC]   372 / 26.98 [rUC]  2248 / 35.39 [sLC]     0 / 1.21 [sUC]  7514 / 136.87 
PMP             [phase1]     0 / 0.00 [rLC]    15 / 22.05 [rUC]     0 / 0.00 [sLC]     1 / 1.21 [sUC]     4 / 6.46 
Separation Round: [phase1] 0  [rLC] 164  [rUC] 492  [sLC] 1  [sUC] 1347
Root Best Bound 1606.295650
Root Best Integer: 1605.168015
Best Bound: 1606.279310
Best Integer: 1606.279310

