Version identifier: 20.1.0.0 | 2020-11-10 | 9bedb6d68
CPXPARAM_Threads                                 1
CPXPARAM_TimeLimit                               7200
CPXPARAM_MIP_Tolerances_MIPGap                   0
Generic callback                                 0x60
1 of 1 MIP starts provided solutions.
MIP start 'm1' defined initial solution with objective 3998.7507.
Tried aggregator 1 time.
Reduced MIP has 1 rows, 501 columns, and 500 nonzeros.
Reduced MIP has 500 binaries, 0 generals, 0 SOSs, and 0 indicators.
Presolve time = 0.00 sec. (0.15 ticks)
Probing time = 0.00 sec. (0.05 ticks)
Tried aggregator 1 time.
Reduced MIP has 1 rows, 501 columns, and 500 nonzeros.
Reduced MIP has 500 binaries, 0 generals, 0 SOSs, and 0 indicators.
Presolve time = 0.00 sec. (0.15 ticks)
Probing time = 0.00 sec. (0.05 ticks)
MIP emphasis: balance optimality and feasibility.
MIP search method: dynamic search.
Parallel mode: none, using 1 thread.
Root relaxation solution time = 0.00 sec. (0.10 ticks)

        Nodes                                         Cuts/
   Node  Left     Objective  IInf  Best Integer    Best Bound    ItCnt     Gap

*     0+    0                         3998.7507     5432.0000            35.84%
      0     0     5432.0000     2     3998.7507     5432.0000        0   35.84%
      0     0     5006.9802     3     3998.7507 UserPurge2: 1        5   25.21%
      0     0     4745.1566     4     3998.7507 UserPurge2: 1       12   18.67%
      0     0     4503.6454     5     3998.7507 UserPurge2: 1       23   12.63%
      0     0     4424.5149     5     3998.7507 UserPurge1: 1       26   10.65%
      0     0     4370.3911     6     3998.7507 UserPurge2: 1       46    9.29%
      0     0     4351.8152     7     3998.7507 UserPurge2: 1       60    8.83%
      0     0     4291.9767     7     3998.7507 UserPurge2: 1       69    7.33%
      0     0     4260.2110     8     3998.7507 UserPurge2: 1       78    6.54%
      0     0     4238.0587     7     3998.7507 UserPurge2: 1       97    5.98%
      0     0     4224.1305     8     3998.7507 UserPurge2: 1      117    5.64%
      0     0     4218.4448    10     3998.7507 UserPurge2: 1      131    5.49%
      0     0     4204.0828    11     3998.7507 UserPurge2: 1      153    5.13%
      0     0     4192.5627    10     3998.7507 UserPurge2: 1      173    4.85%
      0     0     4189.4551    12     3998.7507 UserPurge1: 1      181    4.77%
      0     0     4181.5661    13     3998.7507 UserPurge2: 1      197    4.57%
      0     0     4175.2638    13     3998.7507 UserPurge2: 1      211    4.41%
      0     0     4172.0513    14     3998.7507 UserPurge2: 1      239    4.33%
      0     0     4167.6037    15     3998.7507 UserPurge2: 1      256    4.22%
      0     0     4166.7457    17     3998.7507 UserPurge1: 1      260    4.20%
      0     0     4163.1333    17     3998.7507 UserPurge2: 1      295    4.11%
      0     0     4159.3000    18     3998.7507 UserPurge2: 1      337    4.01%
      0     0     4154.5571    18     3998.7507 UserPurge2: 1      355    3.90%
      0     0     4150.8950    18     3998.7507 UserPurge2: 1      404    3.80%
      0     0     4149.5426    18     3998.7507 UserPurge1: 1      411    3.77%
      0     0     4146.4757    19     3998.7507 UserPurge2: 1      431    3.69%
      0     0     4144.9285    21     3998.7507 UserPurge1: 1      441    3.66%
      0     0     4143.8252    20     3998.7507 UserPurge1: 2      460    3.63%
      0     0     4141.6458    19     3998.7507 UserPurge2: 1      472    3.57%
      0     0     4139.1885    19     3998.7507 UserPurge2: 1      505    3.51%
      0     0     4134.0428    17     3998.7507 UserPurge2: 1      532    3.38%
      0     0     4131.6582    16     3998.7507 UserPurge2: 1      545    3.32%
      0     0     4129.6942    16     3998.7507 UserPurge2: 1      562    3.27%
      0     0     4128.1869    16     3998.7507 UserPurge2: 1      580    3.24%
      0     0     4125.3494    18     3998.7507 UserPurge2: 1      607    3.17%
      0     0     4123.2247    19     3998.7507 UserPurge2: 1      639    3.11%
      0     0     4121.4126    18     3998.7507 UserPurge2: 1      668    3.07%
      0     0     4119.1077    16     3998.7507 UserPurge2: 1      698    3.01%
      0     0     4117.3233    16     3998.7507 UserPurge2: 1      718    2.97%
      0     0     4115.8934    16     3998.7507 UserPurge2: 1      734    2.93%
      0     0     4114.3865    18     3998.7507 UserPurge2: 1      767    2.89%
      0     0     4112.7607    17     3998.7507 UserPurge2: 1      801    2.85%
      0     0     4112.1572    19     3998.7507 UserPurge2: 1      821    2.84%
      0     0     4111.8602    20     3998.7507 UserPurge2: 1      838    2.83%
      0     0     4111.0052    20     3998.7507 UserPurge2: 1      859    2.81%
      0     0     4110.2813    21     3998.7507 UserPurge2: 1      876    2.79%
      0     0     4109.5980    22     3998.7507 UserPurge2: 1      895    2.77%
      0     0     4107.8220    19     3998.7507 UserPurge2: 1      937    2.73%
      0     0     4104.7988    18     3998.7507 UserPurge2: 1      968    2.65%
      0     0     4102.7278    19     3998.7507 UserPurge2: 1      984    2.60%
      0     0     4100.9830    17     3998.7507 UserPurge2: 1     1012    2.56%
      0     0     4099.1994    17     3998.7507 UserPurge2: 1     1039    2.51%
      0     0     4098.7782    18     3998.7507 UserPurge2: 1     1049    2.50%
      0     0     4098.0822    19     3998.7507 UserPurge2: 1     1065    2.48%
      0     0     4097.6026    20     3998.7507 UserPurge2: 1     1078    2.47%
      0     0     4096.3316    19     3998.7507 UserPurge2: 1     1100    2.44%
      0     0     4094.5670    20     3998.7507 UserPurge2: 1     1130    2.40%
      0     0     4092.1296    19     3998.7507 UserPurge2: 1     1160    2.34%
      0     0     4091.2487    20     3998.7507 UserPurge2: 1     1171    2.31%
      0     0     4090.5834    22     3998.7507 UserPurge2: 1     1188    2.30%
      0     0     4089.8968    21     3998.7507 UserPurge2: 1     1207    2.28%
      0     0     4088.2088    19     3998.7507 UserPurge2: 1     1233    2.24%
      0     0     4086.9645    19     3998.7507 UserPurge2: 1     1249    2.21%
      0     0     4086.5739    20     3998.7507 UserPurge2: 1     1266    2.20%
      0     0     4085.7006    19     3998.7507 UserPurge2: 1     1288    2.17%
      0     0     4084.9112    18     3998.7507 UserPurge2: 1     1302    2.15%
      0     0     4084.5409    18     3998.7507 UserPurge2: 1     1317    2.15%
      0     0     4084.0589    19     3998.7507 UserPurge2: 1     1338    2.13%
      0     0     4083.9801    19     3998.7507 UserPurge2: 1     1348    2.13%
      0     0     4083.5343    19     3998.7507 UserPurge2: 1     1375    2.12%
      0     0     4082.4395    18     3998.7507 UserPurge2: 1     1399    2.09%
      0     0     4082.0599    20     3998.7507 UserPurge2: 1     1412    2.08%
      0     0     4081.4069    20     3998.7507 UserPurge2: 1     1442    2.07%
      0     0     4080.6038    20     3998.7507 UserPurge2: 1     1458    2.05%
      0     0     4080.1260    21     3998.7507 UserPurge2: 1     1476    2.04%
      0     0     4078.7595    20     3998.7507 UserPurge2: 1     1506    2.00%
      0     0     4077.4187    19     3998.7507 UserPurge2: 1     1531    1.97%
*     0+    0                         4005.5102     4077.4187             1.80%
      0     0     4076.8540    20     4005.5102 UserPurge2: 1     1543    1.78%
      0     0     4076.2472    20     4005.5102 UserPurge2: 1     1568    1.77%
      0     0     4075.4558    19     4005.5102 UserPurge2: 1     1588    1.75%
      0     0     4074.8969    19     4005.5102 UserPurge2: 1     1604    1.73%
      0     0     4074.5741    19     4005.5102 UserPurge2: 1     1622    1.72%
      0     0     4074.3434    20     4005.5102 UserPurge2: 1     1637    1.72%
      0     0     4074.1983    21     4005.5102 UserPurge2: 1     1651    1.71%
      0     0     4074.0414    22     4005.5102 UserPurge2: 1     1675    1.71%
      0     0     4073.7976    23     4005.5102 UserPurge2: 1     1692    1.70%
      0     0     4073.5257    24     4005.5102 UserPurge2: 1     1715    1.70%
      0     0     4073.3053    24     4005.5102 UserPurge2: 1     1741    1.69%
      0     0     4072.4881    24     4005.5102 UserPurge2: 1     1794    1.67%
      0     0     4071.6487    23     4005.5102 UserPurge2: 1     1822    1.65%
      0     0     4070.8147    23     4005.5102 UserPurge2: 1     1852    1.63%
      0     0     4069.7038    21     4005.5102 UserPurge2: 1     1873    1.60%
      0     0     4069.3468    22     4005.5102 UserPurge2: 1     1893    1.59%
      0     0     4069.2040    22     4005.5102 UserPurge2: 1     1909    1.59%
      0     0     4068.9120    23     4005.5102 UserPurge2: 1     1930    1.58%
      0     0     4068.6367    24     4005.5102 UserPurge2: 1     1943    1.58%
      0     0     4068.5457    24     4005.5102 UserPurge2: 1     1958    1.57%
      0     0     4068.1402    25     4005.5102 UserPurge2: 1     1982    1.56%
      0     0     4067.9300    26     4005.5102 UserPurge2: 1     2006    1.56%
      0     0     4067.3923    26     4005.5102 UserPurge2: 1     2035    1.54%
      0     0     4066.6507    26     4005.5102 UserPurge2: 1     2064    1.53%
      0     0     4066.4360    26     4005.5102 UserPurge2: 1     2081    1.52%
      0     0     4066.1102    26     4005.5102 UserPurge2: 1     2109    1.51%
      0     0     4065.6231    26     4005.5102 UserPurge2: 1     2138    1.50%
      0     0     4065.1820    26     4005.5102 UserPurge2: 1     2169    1.49%
      0     0     4064.9690    25     4005.5102 UserPurge2: 1     2190    1.48%
      0     0     4064.8081    26     4005.5102 UserPurge2: 1     2210    1.48%
      0     0     4064.7068    27     4005.5102 UserPurge2: 1     2223    1.48%
      0     0     4064.4334    27     4005.5102 UserPurge2: 1     2246    1.47%
      0     0     4064.1707    27     4005.5102 UserPurge2: 1     2267    1.46%
      0     0     4063.6655    28     4005.5102 UserPurge2: 1     2296    1.45%
      0     0     4063.2069    27     4005.5102 UserPurge2: 1     2335    1.44%
      0     0     4062.9955    26     4005.5102 UserPurge2: 1     2354    1.44%
      0     0     4062.7612    27     4005.5102 UserPurge2: 1     2382    1.43%
      0     0     4062.3966    26     4005.5102 UserPurge2: 1     2415    1.42%
      0     0     4062.1309    27     4005.5102 UserPurge2: 1     2437    1.41%
      0     0     4061.9899    27     4005.5102 UserPurge2: 1     2450    1.41%
      0     0     4061.8413    28     4005.5102 UserPurge2: 1     2471    1.41%
      0     0     4061.6985    28     4005.5102 UserPurge2: 1     2490    1.40%
      0     0     4061.3616    28     4005.5102 UserPurge2: 1     2527    1.39%
      0     0     4061.0466    29     4005.5102 UserPurge2: 1     2561    1.39%
      0     0     4060.5594    29     4005.5102 UserPurge2: 1     2599    1.37%
      0     0     4060.3378    29     4005.5102 UserPurge2: 1     2620    1.37%
      0     0     4059.7695    29     4005.5102 UserPurge2: 1     2652    1.35%
      0     0     4059.0004    26     4005.5102 UserPurge2: 1     2697    1.34%
      0     0     4058.6355    25     4005.5102 UserPurge2: 1     2728    1.33%
      0     0     4058.2856    25     4005.5102 UserPurge2: 1     2747    1.32%
      0     0     4058.0066    26     4005.5102 UserPurge2: 1     2771    1.31%
      0     0     4057.9410    27     4005.5102 UserPurge2: 1     2785    1.31%
      0     0     4057.8080    26     4005.5102 UserPurge2: 1     2804    1.31%
      0     0     4057.6860    26     4005.5102 UserPurge2: 1     2820    1.30%
      0     0     4057.6184    27     4005.5102 UserPurge2: 1     2840    1.30%
      0     0     4057.5073    28     4005.5102 UserPurge2: 1     2858    1.30%
      0     0     4057.3956    29     4005.5102 UserPurge2: 1     2876    1.30%
      0     0     4057.0330    29     4005.5102 UserPurge2: 1     2913    1.29%
      0     0     4056.8833    29     4005.5102 UserPurge2: 1     2937    1.28%
      0     0     4056.3628    28     4005.5102 UserPurge2: 1     2971    1.27%
      0     0     4056.1193    28     4005.5102 UserPurge2: 1     2994    1.26%
      0     0     4055.9522    28     4005.5102 UserPurge2: 1     3013    1.26%
      0     0     4055.8335    27     4005.5102 UserPurge2: 1     3029    1.26%
      0     0     4055.7544    28     4005.5102 UserPurge2: 1     3047    1.25%
      0     0     4055.4477    28     4005.5102 UserPurge2: 1     3067    1.25%
      0     0     4055.1108    27     4005.5102 UserPurge2: 1     3096    1.24%
      0     0     4054.8390    26     4005.5102 UserPurge2: 1     3111    1.23%
      0     0     4054.7859    27     4005.5102 UserPurge2: 1     3119    1.23%
*     0+    0                         4006.8216     4054.7859             1.20%
      0     0     4054.5160    28     4006.8216 UserPurge2: 1     3138    1.19%
      0     0     4054.3857    29     4006.8216 UserPurge2: 1     3157    1.19%
      0     0     4054.2121    27     4006.8216 UserPurge2: 1     3185    1.18%
      0     0     4054.0762    28     4006.8216 UserPurge2: 1     3205    1.18%
      0     0     4054.0220    29     4006.8216 UserPurge2: 1     3221    1.18%
      0     0     4053.9144    28     4006.8216 UserPurge2: 1     3242    1.18%
      0     0     4053.8455    29     4006.8216 UserPurge2: 1     3264    1.17%
      0     0     4053.7006    28     4006.8216 UserPurge2: 1     3284    1.17%
      0     0     4053.5926    29     4006.8216 UserPurge2: 1     3300    1.17%
      0     0     4053.4555    28     4006.8216 UserPurge2: 1     3328    1.16%
      0     0     4053.3090    29     4006.8216 UserPurge2: 1     3347    1.16%
      0     0     4053.3000    30     4006.8216 UserPurge2: 1     3355    1.16%
      0     0     4053.2310    31     4006.8216 UserPurge2: 1     3380    1.16%
*     0+    0                         4025.2096     4053.2310             0.70%
      0     0     4053.1707    32     4025.2096 UserPurge2: 1     3406    0.69%
      0     0     4053.1028    33     4025.2096 UserPurge2: 1     3430    0.69%
      0     0     4052.9821    33     4025.2096 UserPurge2: 1     3456    0.69%
      0     0     4052.6630    32     4025.2096 UserPurge2: 1     3485    0.68%
      0     0     4052.5641    32     4025.2096 UserPurge2: 1     3508    0.68%
      0     0     4052.4856    32     4025.2096 UserPurge2: 1     3530    0.68%
      0     0     4052.2424    32     4025.2096 UserPurge2: 1     3564    0.67%
      0     0     4052.1438    33     4025.2096 UserPurge2: 1     3594    0.67%
      0     0     4052.0159    33     4025.2096 UserPurge2: 1     3626    0.67%
      0     0     4051.8875    33     4025.2096 UserPurge2: 1     3652    0.66%
      0     0     4051.6741    33     4025.2096 UserPurge2: 1     3687    0.66%
      0     0     4051.4789    32     4025.2096 UserPurge2: 1     3720    0.65%
      0     0     4051.3220    32     4025.2096 UserPurge2: 1     3764    0.65%
      0     0     4051.1570    33     4025.2096 UserPurge2: 1     3788    0.64%
      0     0     4051.0847    33     4025.2096 UserPurge2: 1     3810    0.64%
      0     0     4050.8495    32     4025.2096 UserPurge2: 1     3841    0.64%
      0     0     4050.8014    32     4025.2096 UserPurge2: 1     3864    0.64%
      0     0     4050.7149    33     4025.2096 UserPurge2: 1     3888    0.63%
      0     0     4050.5676    34     4025.2096 UserPurge2: 1     3917    0.63%
      0     0     4050.3805    32     4025.2096 UserPurge2: 1     3946    0.63%
      0     0     4050.2983    33     4025.2096 UserPurge2: 1     3966    0.62%
      0     0     4050.1475    34     4025.2096 UserPurge2: 1     3993    0.62%
      0     0     4049.9832    33     4025.2096 UserPurge2: 1     4018    0.62%
      0     0     4049.8191    33     4025.2096 UserPurge2: 1     4047    0.61%
      0     0     4049.5281    32     4025.2096 UserPurge2: 1     4069    0.60%
      0     0     4049.4591    32     4025.2096 UserPurge2: 1     4085    0.60%
      0     0     4049.2522    33     4025.2096 UserPurge2: 1     4112    0.60%
      0     0     4049.0315    31     4025.2096 UserPurge2: 1     4134    0.59%
      0     0     4048.9281    30     4025.2096 UserPurge2: 1     4150    0.59%
      0     0     4048.8748    30     4025.2096 UserPurge2: 1     4164    0.59%
      0     0     4048.8461    31     4025.2096 UserPurge2: 1     4177    0.59%
      0     0     4048.8265    32     4025.2096 UserPurge2: 1     4188    0.59%
      0     0     4048.7837    33     4025.2096 UserPurge2: 1     4204    0.59%
      0     0     4048.7538    34     4025.2096 UserPurge2: 1     4219    0.58%
      0     0     4048.4441    31     4025.2096 UserPurge2: 1     4262    0.58%
      0     0     4048.3309    29     4025.2096 UserPurge2: 1     4288    0.57%
      0     0     4048.2096    29     4025.2096 UserPurge2: 1     4309    0.57%
      0     0     4048.1706    30     4025.2096 UserPurge2: 1     4332    0.57%
      0     0     4048.1006    31     4025.2096 UserPurge2: 1     4358    0.57%
      0     0     4048.0659    32     4025.2096 UserPurge2: 1     4377    0.57%
      0     0     4047.9961    32     4025.2096 UserPurge2: 1     4403    0.57%
      0     0     4047.9578    33     4025.2096 UserPurge2: 1     4419    0.57%
      0     0     4047.8506    32     4025.2096 UserPurge2: 1     4453    0.56%
      0     0     4047.7616    31     4025.2096 UserPurge2: 1     4471    0.56%
      0     0     4047.6613    31     4025.2096 UserPurge2: 1     4493    0.56%
      0     0     4047.6295    31     4025.2096 UserPurge2: 1     4511    0.56%
      0     0     4047.5871    32     4025.2096 UserPurge2: 1     4531    0.56%
      0     0     4047.5207    33     4025.2096 UserPurge2: 1     4552    0.55%
      0     0     4047.4062    34     4025.2096 UserPurge2: 1     4581    0.55%
      0     0     4047.2988    33     4025.2096 UserPurge2: 1     4614    0.55%
      0     0     4047.1837    34     4025.2096 UserPurge2: 1     4650    0.55%
      0     0     4046.9027    33     4025.2096 UserPurge2: 1     4690    0.54%
      0     0     4046.7715    31     4025.2096 UserPurge2: 1     4730    0.54%
      0     0     4046.6133    31     4025.2096 UserPurge2: 1     4756    0.53%
      0     0     4046.5521    32     4025.2096 UserPurge2: 1     4786    0.53%
      0     0     4046.4958    32     4025.2096 UserPurge2: 1     4799    0.53%
      0     0     4046.3709    32     4025.2096 UserPurge2: 1     4831    0.53%
      0     0     4046.2869    33     4025.2096 UserPurge2: 1     4849    0.52%
      0     0     4046.2531    34     4025.2096 UserPurge2: 1     4864    0.52%
      0     0     4046.1906    34     4025.2096 UserPurge2: 1     4882    0.52%
      0     0     4046.0969    33     4025.2096 UserPurge2: 1     4902    0.52%
      0     0     4046.0543    34     4025.2096 UserPurge2: 1     4919    0.52%
      0     0     4046.0136    34     4025.2096 UserPurge2: 1     4935    0.52%
      0     0     4045.9598    35     4025.2096 UserPurge2: 1     4959    0.52%
      0     0     4045.8584    33     4025.2096 UserPurge2: 1     4981    0.51%
      0     0     4045.7992    33     4025.2096 UserPurge2: 1     5006    0.51%
      0     0     4045.7477    33     4025.2096 UserPurge2: 1     5032    0.51%
      0     0     4045.7307    34     4025.2096 UserPurge2: 1     5046    0.51%
      0     0     4045.6752    34     4025.2096 UserPurge2: 1     5074    0.51%
      0     0     4045.6147    34     4025.2096 UserPurge2: 1     5099    0.51%
      0     0     4045.5338    35     4025.2096 UserPurge2: 1     5122    0.50%
      0     0     4045.4123    35     4025.2096 UserPurge2: 1     5151    0.50%
      0     0     4045.2765    34     4025.2096 UserPurge2: 1     5181    0.50%
      0     0     4045.1326    33     4025.2096 UserPurge2: 1     5210    0.49%
      0     0     4045.0900    34     4025.2096 UserPurge2: 1     5238    0.49%
      0     0     4045.0236    34     4025.2096 UserPurge2: 1     5256    0.49%
      0     0     4044.9725    35     4025.2096 UserPurge2: 1     5277    0.49%
      0     0     4044.9488    36     4025.2096 UserPurge2: 1     5294    0.49%
      0     0     4044.7770    31     4025.2096 UserPurge2: 1     5336    0.49%
      0     0     4044.7588    31     4025.2096 UserPurge2: 1     5345    0.49%
      0     0     4044.7469    32     4025.2096 UserPurge2: 1     5356    0.49%
      0     0     4044.7361    33     4025.2096 UserPurge2: 1     5368    0.49%
      0     0     4044.7157    34     4025.2096 UserPurge2: 1     5387    0.48%
      0     0     4044.6770    35     4025.2096 UserPurge2: 1     5414    0.48%
      0     0     4044.6544    36     4025.2096 UserPurge2: 1     5432    0.48%
      0     0     4044.6254    35     4025.2096 UserPurge2: 1     5461    0.48%
      0     0     4044.4781    34     4025.2096 UserPurge2: 1     5508    0.48%
      0     0     4044.4186    34     4025.2096 UserPurge2: 1     5536    0.48%
      0     0     4044.3605    35     4025.2096 UserPurge2: 1     5557    0.48%
      0     0     4044.3495    36     4025.2096 UserPurge2: 1     5572    0.48%
      0     0     4044.3217    36     4025.2096 UserPurge2: 1     5596    0.47%
      0     0     4044.2806    37     4025.2096 UserPurge2: 1     5624    0.47%
      0     0     4044.2366    35     4025.2096 UserPurge2: 1     5646    0.47%
      0     0     4044.1729    36     4025.2096 UserPurge2: 1     5668    0.47%
      0     0     4044.1437    37     4025.2096 UserPurge2: 1     5681    0.47%
      0     0     4044.0819    37     4025.2096 UserPurge2: 1     5716    0.47%
      0     0     4044.0316    37     4025.2096 UserPurge2: 1     5762    0.47%
      0     0     4043.9720    37     4025.2096 UserPurge2: 1     5788    0.47%
      0     0     4043.9217    37     4025.2096 UserPurge2: 1     5814    0.46%
      0     0     4043.8775    38     4025.2096 UserPurge2: 1     5837    0.46%
      0     0     4043.8150    38     4025.2096 UserPurge2: 1     5873    0.46%
      0     0     4043.7613    39     4025.2096 UserPurge2: 1     5899    0.46%
      0     0     4043.7337    39     4025.2096 UserPurge2: 1     5916    0.46%
      0     0     4043.6889    40     4025.2096 UserPurge2: 1     5944    0.46%
      0     0     4043.4596    36     4025.2096 UserPurge2: 1     6005    0.45%
      0     0     4043.3155    34     4025.2096 UserPurge2: 1     6031    0.45%
      0     0     4043.2453    35     4025.2096 UserPurge2: 1     6049    0.45%
      0     0     4043.1553    35     4025.2096 UserPurge2: 1     6089    0.45%
      0     0     4043.1233    34     4025.2096 UserPurge2: 1     6103    0.45%
      0     0     4043.0869    34     4025.2096 UserPurge2: 1     6112    0.44%
      0     0     4043.0276    34     4025.2096 UserPurge2: 1     6137    0.44%
      0     0     4042.9824    35     4025.2096 UserPurge2: 1     6156    0.44%
      0     0     4042.9576    36     4025.2096 UserPurge2: 1     6169    0.44%
      0     0     4042.9312    37     4025.2096 UserPurge2: 1     6200    0.44%
      0     0     4042.9103    38     4025.2096 UserPurge2: 1     6221    0.44%
      0     0     4042.8814    39     4025.2096 UserPurge2: 1     6240    0.44%
      0     0     4042.7549    38     4025.2096 UserPurge2: 1     6277    0.44%
      0     0     4042.6641    37     4025.2096 UserPurge2: 1     6299    0.43%
      0     0     4042.6124    36     4025.2096 UserPurge2: 1     6326    0.43%
      0     0     4042.5873    37     4025.2096 UserPurge2: 1     6344    0.43%
      0     0     4042.5429    36     4025.2096 UserPurge2: 1     6374    0.43%
      0     0     4042.5169    37     4025.2096 UserPurge2: 1     6397    0.43%
      0     0     4042.4640    37     4025.2096 UserPurge2: 1     6420    0.43%
      0     0     4042.4447    37     4025.2096 UserPurge2: 1     6434    0.43%
      0     0     4042.4179    37     4025.2096 UserPurge2: 1     6461    0.43%
      0     0     4042.3497    37     4025.2096 UserPurge2: 1     6488    0.43%
      0     0     4042.3206    38     4025.2096 UserPurge2: 1     6502    0.43%
      0     0     4042.2737    37     4025.2096 UserPurge2: 1     6524    0.42%
      0     0     4042.2358    36     4025.2096 UserPurge2: 1     6542    0.42%
      0     0     4042.1967    36     4025.2096 UserPurge2: 1     6568    0.42%
      0     0     4042.1611    35     4025.2096 UserPurge2: 1     6587    0.42%
      0     0     4042.1268    36     4025.2096 UserPurge2: 1     6604    0.42%
      0     0     4042.1150    37     4025.2096 UserPurge2: 1     6624    0.42%
      0     0     4042.1018    37     4025.2096 UserPurge2: 1     6654    0.42%
      0     0     4042.0968    38     4025.2096 UserPurge2: 1     6671    0.42%
      0     0     4042.0441    39     4025.2096 UserPurge2: 1     6717    0.42%
      0     0     4042.0165    38     4025.2096 UserPurge2: 1     6738    0.42%
      0     0     4041.9879    39     4025.2096 UserPurge2: 1     6764    0.42%
      0     0     4041.9662    39     4025.2096 UserPurge2: 1     6787    0.42%
      0     0     4041.9434    40     4025.2096 UserPurge2: 1     6826    0.42%
      0     0     4041.8866    39     4025.2096 UserPurge2: 1     6859    0.41%
      0     0     4041.8147    38     4025.2096 UserPurge2: 1     6896    0.41%
      0     0     4041.7389    39     4025.2096 UserPurge2: 1     6920    0.41%
      0     0     4041.7030    39     4025.2096 UserPurge2: 1     6939    0.41%
      0     0     4041.6384    39     4025.2096 UserPurge2: 1     6966    0.41%
      0     0     4041.5909    39     4025.2096 UserPurge2: 1     6995    0.41%
      0     0     4041.5694    38     4025.2096 UserPurge2: 1     7015    0.41%
      0     0     4041.5397    39     4025.2096 UserPurge2: 1     7046    0.41%
      0     0     4041.5237    39     4025.2096 UserPurge2: 1     7058    0.41%
      0     0     4041.4645    39     4025.2096 UserPurge2: 1     7092    0.40%
      0     0     4041.3922    37     4025.2096 UserPurge2: 1     7134    0.40%
      0     0     4041.3599    38     4025.2096 UserPurge2: 1     7159    0.40%
      0     0     4041.3283    36     4025.2096 UserPurge2: 1     7179    0.40%
      0     0     4041.3131    36     4025.2096 UserPurge2: 1     7197    0.40%
      0     0     4041.2995    37     4025.2096 UserPurge2: 1     7216    0.40%
      0     0     4041.2869    38     4025.2096 UserPurge2: 1     7235    0.40%
      0     0     4041.2720    39     4025.2096 UserPurge2: 1     7253    0.40%
      0     0     4041.2261    38     4025.2096 UserPurge2: 1     7278    0.40%
      0     0     4041.1805    37     4025.2096 UserPurge2: 1     7303    0.40%
      0     0     4041.1495    38     4025.2096 UserPurge2: 1     7317    0.40%
      0     0     4041.1413    39     4025.2096 UserPurge2: 1     7332    0.40%
      0     0     4041.1087    39     4025.2096 UserPurge2: 1     7367    0.39%
      0     0     4041.0371    39     4025.2096 UserPurge2: 1     7381    0.39%
      0     0     4040.9998    40     4025.2096 UserPurge2: 1     7399    0.39%
*     0+    0                         4025.8047     4040.9998             0.38%
      0     0     4040.9668    39     4025.8047 UserPurge2: 1     7428    0.38%
      0     0     4040.9136    39     4025.8047 UserPurge2: 1     7454    0.38%
      0     0     4040.8703    40     4025.8047 UserPurge2: 1     7478    0.37%
      0     0     4040.8318    41     4025.8047 UserPurge2: 1     7499    0.37%
      0     0     4040.8152    40     4025.8047 UserPurge2: 1     7517    0.37%
      0     0     4040.8096    40     4025.8047 UserPurge2: 1     7529    0.37%
      0     0     4040.7996    41     4025.8047 UserPurge2: 1     7551    0.37%
      0     0     4040.7947    42     4025.8047 UserPurge2: 1     7566    0.37%
      0     0     4040.7645    43     4025.8047 UserPurge2: 1     7597    0.37%
      0     0     4040.7218    42     4025.8047 UserPurge2: 1     7627    0.37%
      0     0     4040.6805    42     4025.8047 UserPurge2: 1     7652    0.37%
      0     0     4040.6383    43     4025.8047 UserPurge2: 1     7678    0.37%
      0     0     4040.6108    42     4025.8047 UserPurge2: 1     7699    0.37%
      0     0     4040.5832    42     4025.8047 UserPurge2: 1     7721    0.37%
      0     0     4040.5443    42     4025.8047 UserPurge2: 1     7751    0.37%
      0     0     4040.5286    42     4025.8047 UserPurge2: 1     7772    0.37%
      0     0     4040.5074    41     4025.8047 UserPurge2: 1     7795    0.37%
      0     0     4040.4784    42     4025.8047 UserPurge2: 1     7816    0.36%
      0     0     4040.4421    41     4025.8047 UserPurge2: 1     7833    0.36%
      0     0     4040.4165    41     4025.8047 UserPurge2: 1     7851    0.36%
      0     0     4040.4046    41     4025.8047 UserPurge2: 1     7865    0.36%
      0     0     4040.3656    41     4025.8047 UserPurge2: 1     7907    0.36%
      0     0     4040.3211    41     4025.8047 UserPurge2: 1     7937    0.36%
      0     0     4040.2933    41     4025.8047 UserPurge2: 1     7956    0.36%
      0     0     4040.2717    42     4025.8047 UserPurge2: 1     7974    0.36%
      0     0     4040.2000    43     4025.8047 UserPurge2: 1     8001    0.36%
      0     0     4040.1840    43     4025.8047 UserPurge2: 1     8017    0.36%
      0     0     4040.1724    43     4025.8047 UserPurge2: 1     8033    0.36%
      0     0     4040.1273    43     4025.8047 UserPurge2: 1     8066    0.36%
      0     0     4040.0415    41     4025.8047 UserPurge2: 1     8106    0.35%
      0     0     4039.9712    41     4025.8047 UserPurge2: 1     8131    0.35%
      0     0     4039.9383    41     4025.8047 UserPurge2: 1     8156    0.35%
      0     0     4039.8758    40     4025.8047 UserPurge2: 1     8186    0.35%
      0     0     4039.8091    39     4025.8047 UserPurge2: 1     8204    0.35%
      0     0     4039.7657    40     4025.8047 UserPurge2: 1     8217    0.35%
      0     0     4039.7413    40     4025.8047 UserPurge2: 1     8234    0.35%
      0     0     4039.6959    40     4025.8047 UserPurge2: 1     8265    0.35%
      0     0     4039.6596    39     4025.8047 UserPurge2: 1     8287    0.34%
      0     0     4039.5886    37     4025.8047 UserPurge2: 1     8314    0.34%
      0     0     4039.5549    37     4025.8047 UserPurge2: 1     8330    0.34%
      0     0     4039.5277    38     4025.8047 UserPurge2: 1     8347    0.34%
      0     0     4039.5059    39     4025.8047 UserPurge2: 1     8364    0.34%
      0     0     4039.4690    36     4025.8047 UserPurge2: 1     8385    0.34%
      0     0     4039.4374    36     4025.8047 UserPurge2: 1     8409    0.34%
      0     0     4039.4214    36     4025.8047 UserPurge2: 1     8429    0.34%
      0     0     4039.4063    37     4025.8047 UserPurge2: 1     8446    0.34%
      0     0     4039.3930    37     4025.8047 UserPurge2: 1     8469    0.34%
      0     0     4039.3851    38     4025.8047 UserPurge2: 1     8490    0.34%
      0     0     4039.3792    39     4025.8047 UserPurge2: 1     8511    0.34%
      0     0     4039.3689    39     4025.8047 UserPurge2: 1     8535    0.34%
      0     0     4039.3660    40     4025.8047 UserPurge2: 1     8550    0.34%
      0     0     4039.3579    41     4025.8047 UserPurge2: 1     8572    0.34%
      0     0     4039.3390    41     4025.8047 UserPurge2: 1     8598    0.34%
      0     0     4039.3230    40     4025.8047 UserPurge2: 1     8621    0.34%
      0     0     4039.3021    40     4025.8047 UserPurge2: 1     8652    0.34%
      0     0     4039.2909    39     4025.8047 UserPurge2: 1     8672    0.33%
      0     0     4039.2787    40     4025.8047 UserPurge2: 1     8690    0.33%
      0     0     4039.2664    41     4025.8047 UserPurge2: 1     8703    0.33%
      0     0     4039.2423    40     4025.8047 UserPurge2: 1     8720    0.33%
      0     0     4039.2224    40     4025.8047 UserPurge2: 1     8738    0.33%
      0     0     4039.1929    39     4025.8047 UserPurge2: 1     8767    0.33%
      0     0     4039.1744    40     4025.8047 UserPurge2: 1     8789    0.33%
      0     0     4039.1726    40     4025.8047 UserPurge2: 1     8800    0.33%
      0     0     4039.1626    41     4025.8047 UserPurge2: 1     8818    0.33%
      0     0     4039.1565    42     4025.8047 UserPurge2: 1     8838    0.33%
      0     0     4039.1535    43     4025.8047 UserPurge2: 1     8852    0.33%
      0     0     4039.1501    44     4025.8047 UserPurge2: 1     8862    0.33%
      0     0     4039.1289    45     4025.8047 UserPurge2: 1     8896    0.33%
      0     0     4039.1001    45     4025.8047 UserPurge2: 1     8924    0.33%
      0     0     4039.0558    43     4025.8047 UserPurge2: 1     8965    0.33%
      0     0     4039.0366    44     4025.8047 UserPurge2: 1     8986    0.33%
      0     0     4039.0209    44     4025.8047 UserPurge2: 1     9008    0.33%
      0     0     4038.9884    43     4025.8047 UserPurge2: 1     9042    0.33%
      0     0     4038.9554    41     4025.8047 UserPurge2: 1     9068    0.33%
      0     0     4038.9142    40     4025.8047 UserPurge2: 1     9092    0.33%
      0     0     4038.8829    41     4025.8047 UserPurge2: 1     9117    0.32%
      0     0     4038.8584    42     4025.8047 UserPurge2: 1     9139    0.32%
      0     0     4038.8336    42     4025.8047 UserPurge2: 1     9172    0.32%
      0     0     4038.8080    43     4025.8047 UserPurge2: 1     9188    0.32%
      0     0     4038.7904    43     4025.8047 UserPurge2: 1     9217    0.32%
      0     0     4038.7530    43     4025.8047 UserPurge2: 1     9240    0.32%
      0     0     4038.7385    43     4025.8047 UserPurge2: 1     9259    0.32%
      0     0     4038.7267    44     4025.8047 UserPurge2: 1     9284    0.32%
      0     0     4038.7228    45     4025.8047 UserPurge2: 1     9302    0.32%
      0     0     4038.7101    45     4025.8047 UserPurge2: 1     9319    0.32%
      0     0     4038.6796    45     4025.8047 UserPurge2: 1     9334    0.32%
      0     0     4038.6742    46     4025.8047 UserPurge2: 1     9350    0.32%
      0     0     4038.6641    46     4025.8047 UserPurge2: 1     9382    0.32%
      0     0     4038.6522    46     4025.8047 UserPurge2: 1     9400    0.32%
      0     0     4038.6367    46     4025.8047 UserPurge2: 1     9437    0.32%
      0     0     4038.5823    45     4025.8047 UserPurge2: 1     9474    0.32%
      0     0     4038.5644    46     4025.8047 UserPurge2: 1     9494    0.32%
      0     0     4038.4977    44     4025.8047 UserPurge2: 1     9534    0.32%
      0     0     4038.4484    41     4025.8047 UserPurge2: 1     9555    0.31%
      0     0     4038.4318    41     4025.8047 UserPurge2: 1     9579    0.31%
      0     0     4038.4069    42     4025.8047 UserPurge2: 1     9594    0.31%
      0     0     4038.3883    42     4025.8047 UserPurge2: 1     9618    0.31%
      0     0     4038.3745    43     4025.8047 UserPurge2: 1     9646    0.31%
      0     0     4038.3623    42     4025.8047 UserPurge2: 1     9663    0.31%
      0     0     4038.3464    43     4025.8047 UserPurge2: 1     9685    0.31%
      0     0     4038.3397    43     4025.8047 UserPurge2: 1     9698    0.31%
      0     0     4038.3349    44     4025.8047 UserPurge2: 1     9713    0.31%
      0     0     4038.3230    45     4025.8047 UserPurge2: 1     9737    0.31%
      0     0     4038.3171    46     4025.8047 UserPurge2: 1     9754    0.31%
      0     0     4038.2989    46     4025.8047 UserPurge2: 1     9780    0.31%
      0     0     4038.2736    45     4025.8047 UserPurge2: 1     9812    0.31%
      0     0     4038.2536    43     4025.8047 UserPurge2: 1     9834    0.31%
      0     0     4038.2027    41     4025.8047 UserPurge2: 1     9872    0.31%
      0     0     4038.1751    42     4025.8047 UserPurge2: 1     9896    0.31%
      0     0     4038.1548    42     4025.8047 UserPurge2: 1     9919    0.31%
      0     0     4038.1349    41     4025.8047 UserPurge2: 1     9949    0.31%
      0     0     4038.1244    42     4025.8047 UserPurge2: 1     9959    0.31%
      0     0     4038.1023    43     4025.8047 UserPurge2: 1     9985    0.31%
      0     0     4038.0735    41     4025.8047 UserPurge2: 1    10014    0.30%
      0     0     4038.0491    40     4025.8047 UserPurge2: 1    10041    0.30%
      0     0     4038.0425    41     4025.8047 UserPurge2: 1    10053    0.30%
      0     0     4038.0263    41     4025.8047 UserPurge2: 1    10070    0.30%
      0     0     4038.0101    41     4025.8047 UserPurge2: 1    10090    0.30%
      0     0     4038.0013    41     4025.8047 UserPurge2: 1    10107    0.30%
      0     0     4037.9930    42     4025.8047 UserPurge2: 1    10118    0.30%
      0     0     4037.9846    43     4025.8047 UserPurge2: 1    10130    0.30%
      0     0     4037.9753    44     4025.8047 UserPurge2: 1    10154    0.30%
      0     0     4037.9544    43     4025.8047 UserPurge2: 1    10177    0.30%
      0     0     4037.9433    44     4025.8047 UserPurge2: 1    10201    0.30%
      0     0     4037.9366    44     4025.8047 UserPurge2: 1    10223    0.30%
      0     0     4037.9316    45     4025.8047 UserPurge2: 1    10241    0.30%
      0     0     4037.9282    46     4025.8047 UserPurge2: 1    10262    0.30%
      0     0     4037.9154    46     4025.8047 UserPurge2: 1    10290    0.30%
      0     0     4037.9110    47     4025.8047 UserPurge2: 1    10306    0.30%
      0     0     4037.9023    48     4025.8047 UserPurge2: 1    10325    0.30%
      0     0     4037.8984    48     4025.8047 UserPurge2: 1    10346    0.30%
      0     0     4037.8916    48     4025.8047 UserPurge2: 1    10372    0.30%
      0     0     4037.8749    49     4025.8047 UserPurge2: 1    10412    0.30%
      0     0     4037.8538    49     4025.8047 UserPurge2: 1    10455    0.30%
      0     0     4037.8387    48     4025.8047 UserPurge2: 1    10472    0.30%
      0     0     4037.7956    47     4025.8047 UserPurge2: 1    10509    0.30%
      0     0     4037.7674    47     4025.8047 UserPurge2: 1    10545    0.30%
      0     0     4037.7289    46     4025.8047 UserPurge2: 1    10582    0.30%
      0     0     4037.7068    47     4025.8047 UserPurge2: 1    10611    0.30%
      0     0     4037.6450    42     4025.8047 UserPurge2: 1    10638    0.29%
      0     0     4037.5955    41     4025.8047 UserPurge2: 1    10656    0.29%
      0     0     4037.5399    40     4025.8047 UserPurge2: 1    10675    0.29%
      0     0     4037.5026    41     4025.8047 UserPurge2: 1    10699    0.29%
      0     0     4037.4720    40     4025.8047 UserPurge2: 1    10726    0.29%
      0     0     4037.4620    41     4025.8047 UserPurge2: 1    10741    0.29%
      0     0     4037.4419    40     4025.8047 UserPurge2: 1    10764    0.29%
      0     0     4037.4151    41     4025.8047 UserPurge2: 1    10790    0.29%
      0     0     4037.3681    41     4025.8047 UserPurge2: 1    10825    0.29%
      0     0     4037.3403    40     4025.8047 UserPurge2: 1    10843    0.29%
      0     0     4037.2981    41     4025.8047 UserPurge2: 1    10863    0.29%
      0     0     4037.2708    42     4025.8047 UserPurge2: 1    10880    0.28%
      0     0     4037.2474    42     4025.8047 UserPurge2: 1    10898    0.28%
      0     0     4037.2241    43     4025.8047 UserPurge2: 1    10919    0.28%
      0     0     4037.1964    41     4025.8047 UserPurge2: 1    10947    0.28%
      0     0     4037.1706    41     4025.8047 UserPurge2: 1    10970    0.28%
      0     0     4037.1544    41     4025.8047 UserPurge2: 1    10985    0.28%
      0     0     4037.1383    39     4025.8047 UserPurge2: 1    11002    0.28%
      0     0     4037.1254    40     4025.8047 UserPurge2: 1    11025    0.28%
      0     0     4037.1215    41     4025.8047 UserPurge2: 1    11040    0.28%
      0     0     4037.1135    42     4025.8047 UserPurge2: 1    11060    0.28%
      0     0     4037.1050    42     4025.8047 UserPurge2: 1    11073    0.28%
      0     0     4037.0983    43     4025.8047 UserPurge2: 1    11086    0.28%
      0     0     4037.0884    44     4025.8047 UserPurge2: 1    11109    0.28%
      0     0     4037.0742    43     4025.8047 UserPurge2: 1    11126    0.28%
      0     0     4037.0660    43     4025.8047 UserPurge2: 1    11135    0.28%
      0     0     4037.0441    43     4025.8047 UserPurge2: 1    11149    0.28%
      0     0     4037.0204    44     4025.8047 UserPurge2: 1    11176    0.28%
      0     0     4037.0169    45     4025.8047 UserPurge2: 1    11189    0.28%
      0     0     4037.0025    43     4025.8047 UserPurge2: 1    11230    0.28%
      0     0     4036.9853    42     4025.8047 UserPurge2: 1    11246    0.28%
      0     0     4036.9700    42     4025.8047 UserPurge2: 1    11266    0.28%
      0     0     4036.9598    43     4025.8047 UserPurge2: 1    11281    0.28%
      0     0     4036.9346    42     4025.8047 UserPurge2: 1    11307    0.28%
      0     0     4036.9193    42     4025.8047 UserPurge2: 1    11325    0.28%
      0     0     4036.9114    43     4025.8047 UserPurge2: 1    11337    0.28%
      0     0     4036.9014    41     4025.8047 UserPurge2: 1    11359    0.28%
      0     0     4036.8946    41     4025.8047 UserPurge2: 1    11380    0.28%
      0     0     4036.8901    42     4025.8047 UserPurge2: 1    11389    0.28%
      0     0     4036.8852    43     4025.8047 UserPurge2: 1    11402    0.28%
      0     0     4036.8796    44     4025.8047 UserPurge2: 1    11421    0.28%
      0     0     4036.8719    45     4025.8047 UserPurge2: 1    11439    0.27%
      0     0     4036.8606    45     4025.8047 UserPurge2: 1    11461    0.27%
      0     0     4036.8524    46     4025.8047 UserPurge2: 1    11478    0.27%
      0     0     4036.8382    46     4025.8047 UserPurge2: 1    11498    0.27%
      0     0     4036.8312    47     4025.8047 UserPurge2: 1    11516    0.27%
      0     0     4036.8171    46     4025.8047 UserPurge2: 1    11548    0.27%
      0     0     4036.7909    45     4025.8047 UserPurge2: 1    11580    0.27%
      0     0     4036.7703    46     4025.8047 UserPurge2: 1    11604    0.27%
      0     0     4036.7450    45     4025.8047 UserPurge2: 1    11628    0.27%
      0     0     4036.7352    45     4025.8047 UserPurge2: 1    11648    0.27%
      0     0     4036.7128    43     4025.8047 UserPurge2: 1    11670    0.27%
      0     0     4036.7066    43     4025.8047 UserPurge2: 1    11679    0.27%
      0     0     4036.7015    44     4025.8047 UserPurge2: 1    11688    0.27%
      0     0     4036.6935    45     4025.8047 UserPurge2: 1    11705    0.27%
      0     0     4036.6868    45     4025.8047 UserPurge2: 1    11724    0.27%
      0     0     4036.6816    45     4025.8047 UserPurge2: 1    11748    0.27%
      0     0     4036.6748    46     4025.8047 UserPurge2: 1    11773    0.27%
      0     0     4036.6698    46     4025.8047 UserPurge2: 1    11799    0.27%
      0     0     4036.6453    47     4025.8047 UserPurge2: 1    11827    0.27%
      0     0     4036.6352    47     4025.8047 UserPurge2: 1    11857    0.27%
      0     0     4036.6272    47     4025.8047 UserPurge2: 1    11874    0.27%
      0     0     4036.5967    47     4025.8047 UserPurge2: 1    11898    0.27%
      0     0     4036.5890    48     4025.8047 UserPurge2: 1    11918    0.27%
      0     0     4036.5776    48     4025.8047 UserPurge2: 1    11934    0.27%
      0     0     4036.5615    48     4025.8047 UserPurge2: 1    11958    0.27%
      0     0     4036.5470    48     4025.8047 UserPurge2: 1    11982    0.27%
      0     0     4036.5260    48     4025.8047 UserPurge2: 1    12009    0.27%
      0     0     4036.4920    46     4025.8047 UserPurge2: 1    12050    0.27%
      0     0     4036.4704    46     4025.8047 UserPurge2: 1    12069    0.26%
      0     0     4036.4534    46     4025.8047 UserPurge2: 1    12089    0.26%
      0     0     4036.4359    46     4025.8047 UserPurge2: 1    12115    0.26%
      0     0     4036.4140    44     4025.8047 UserPurge2: 1    12141    0.26%
      0     0     4036.4002    45     4025.8047 UserPurge2: 1    12161    0.26%
      0     0     4036.3865    44     4025.8047 UserPurge2: 1    12184    0.26%
      0     0     4036.3824    45     4025.8047 UserPurge2: 1    12195    0.26%
      0     0     4036.3453    44     4025.8047 UserPurge2: 1    12222    0.26%
      0     0     4036.3337    45     4025.8047 UserPurge2: 1    12252    0.26%
      0     0     4036.3177    44     4025.8047 UserPurge2: 1    12278    0.26%
      0     0     4036.2855    42     4025.8047 UserPurge2: 1    12296    0.26%
      0     0     4036.2695    43     4025.8047 UserPurge2: 1    12315    0.26%
      0     0     4036.2570    44     4025.8047 UserPurge2: 1    12331    0.26%
      0     0     4036.2495    45     4025.8047 UserPurge2: 1    12350    0.26%
      0     0     4036.2418    45     4025.8047 UserPurge2: 1    12362    0.26%
      0     0     4036.2265    46     4025.8047 UserPurge2: 1    12390    0.26%
      0     0     4036.2102    46     4025.8047 UserPurge2: 1    12419    0.26%
      0     0     4036.2010    46     4025.8047 UserPurge2: 1    12442    0.26%
      0     0     4036.1982    47     4025.8047 UserPurge2: 1    12457    0.26%
      0     0     4036.1874    47     4025.8047 UserPurge2: 1    12477    0.26%
      0     0     4036.1765    48     4025.8047 UserPurge2: 1    12508    0.26%
      0     0     4036.1728    49     4025.8047 UserPurge2: 1    12524    0.26%
      0     0     4036.1666    49     4025.8047 UserPurge2: 1    12539    0.26%
      0     0     4036.1512    49     4025.8047 UserPurge2: 1    12572    0.26%
      0     0     4036.1415    48     4025.8047 UserPurge2: 1    12596    0.26%
      0     0     4036.1140    47     4025.8047 UserPurge2: 1    12626    0.26%
      0     0     4036.1054    48     4025.8047 UserPurge2: 1    12645    0.26%
      0     0     4036.0776    46     4025.8047 UserPurge2: 1    12677    0.26%
      0     0     4036.0554    45     4025.8047 UserPurge2: 1    12705    0.25%
      0     0     4036.0316    45     4025.8047 UserPurge2: 1    12726    0.25%
      0     0     4036.0151    44     4025.8047 UserPurge2: 1    12748    0.25%
      0     0     4035.9896    44     4025.8047 UserPurge2: 1    12776    0.25%
      0     0     4035.9835    44     4025.8047 UserPurge2: 1    12803    0.25%
      0     0     4035.9758    43     4025.8047 UserPurge2: 1    12824    0.25%
      0     0     4035.9730    43     4025.8047 UserPurge2: 1    12839    0.25%
      0     0     4035.9712    44     4025.8047 UserPurge2: 1    12848    0.25%
      0     0     4035.9646    44     4025.8047 UserPurge2: 1    12869    0.25%
      0     0     4035.9617    45     4025.8047 UserPurge2: 1    12886    0.25%
      0     0     4035.9602    46     4025.8047 UserPurge2: 1    12900    0.25%
      0     0     4035.9555    46     4025.8047 UserPurge2: 1    12919    0.25%
      0     0     4035.9525    47     4025.8047 UserPurge2: 1    12932    0.25%
      0     0     4035.9453    47     4025.8047 UserPurge2: 1    12955    0.25%
      0     0     4035.9394    46     4025.8047 UserPurge2: 1    12981    0.25%
      0     0     4035.9349    47     4025.8047 UserPurge2: 1    12995    0.25%
      0     0     4035.9321    48     4025.8047 UserPurge2: 1    13011    0.25%
      0     0     4035.9229    48     4025.8047 UserPurge2: 1    13041    0.25%
      0     0     4035.9180    48     4025.8047 UserPurge2: 1    13061    0.25%
      0     0     4035.9017    45     4025.8047 UserPurge2: 1    13085    0.25%
      0     0     4035.8989    45     4025.8047 UserPurge2: 1    13096    0.25%
      0     0     4035.8904    45     4025.8047 UserPurge2: 1    13117    0.25%
      0     0     4035.8846    46     4025.8047 UserPurge2: 1    13145    0.25%
      0     0     4035.8786    46     4025.8047 UserPurge2: 1    13171    0.25%
      0     0     4035.8731    46     4025.8047 UserPurge2: 1    13196    0.25%
      0     0     4035.8701    47     4025.8047 UserPurge2: 1    13211    0.25%
      0     0     4035.8625    46     4025.8047 UserPurge2: 1    13240    0.25%
      0     0     4035.8570    47     4025.8047 UserPurge2: 1    13259    0.25%
      0     0     4035.8531    47     4025.8047 UserPurge2: 1    13277    0.25%
      0     0     4035.8477    48     4025.8047 UserPurge2: 1    13297    0.25%
      0     0     4035.8372    48     4025.8047 UserPurge2: 1    13322    0.25%
      0     0     4035.8281    47     4025.8047 UserPurge2: 1    13355    0.25%
      0     0     4035.8118    46     4025.8047 UserPurge2: 1    13390    0.25%
      0     0     4035.8053    46     4025.8047 UserPurge2: 1    13413    0.25%
      0     0     4035.7989    46     4025.8047 UserPurge2: 1    13425    0.25%
      0     0     4035.7909    47     4025.8047 UserPurge2: 1    13452    0.25%
      0     0     4035.7776    45     4025.8047 UserPurge2: 1    13484    0.25%
      0     0     4035.7685    46     4025.8047 UserPurge2: 1    13501    0.25%
      0     0     4035.7609    47     4025.8047 UserPurge2: 1    13520    0.25%
      0     0     4035.7492    48     4025.8047 UserPurge2: 1    13547    0.25%
      0     0     4035.7445    49     4025.8047 UserPurge2: 1    13565    0.25%
      0     0     4035.7368    49     4025.8047 UserPurge2: 1    13580    0.25%
      0     0     4035.7294    49     4025.8047 UserPurge2: 1    13597    0.25%
      0     0     4035.7232    49     4025.8047 UserPurge2: 1    13618    0.25%
      0     0     4035.7098    49     4025.8047 UserPurge2: 1    13643    0.25%
      0     0     4035.7010    48     4025.8047 UserPurge2: 1    13667    0.25%
      0     0     4035.6893    48     4025.8047 UserPurge2: 1    13701    0.25%
      0     0     4035.6726    49     4025.8047 UserPurge2: 1    13735    0.25%
      0     0     4035.6515    47     4025.8047 UserPurge2: 1    13772    0.24%
      0     0     4035.6338    46     4025.8047 UserPurge2: 1    13811    0.24%
      0     0     4035.6218    46     4025.8047 UserPurge2: 1    13845    0.24%
      0     0     4035.6141    47     4025.8047 UserPurge2: 1    13857    0.24%
      0     0     4035.6009    46     4025.8047 UserPurge2: 1    13885    0.24%
      0     0     4035.5974    47     4025.8047 UserPurge2: 1    13900    0.24%
      0     0     4035.5895    48     4025.8047 UserPurge2: 1    13922    0.24%
      0     0     4035.5831    49     4025.8047 UserPurge2: 1    13955    0.24%
      0     0     4035.5735    48     4025.8047 UserPurge2: 1    13976    0.24%
      0     0     4035.5633    48     4025.8047 UserPurge2: 1    13992    0.24%
      0     0     4035.5592    49     4025.8047 UserPurge2: 1    14005    0.24%
      0     0     4035.5487    50     4025.8047 UserPurge2: 1    14026    0.24%
      0     0     4035.5291    48     4025.8047 UserPurge2: 1    14063    0.24%
      0     0     4035.5097    47     4025.8047 UserPurge2: 1    14088    0.24%
      0     0     4035.5004    48     4025.8047 UserPurge2: 1    14110    0.24%
      0     0     4035.4891    49     4025.8047 UserPurge2: 1    14127    0.24%
      0     0     4035.4847    50     4025.8047 UserPurge2: 1    14146    0.24%
      0     0     4035.4745    48     4025.8047 UserPurge2: 1    14170    0.24%
      0     0     4035.4722    49     4025.8047 UserPurge2: 1    14189    0.24%
      0     0     4035.4677    50     4025.8047 UserPurge2: 1    14215    0.24%
      0     0     4035.4563    48     4025.8047 UserPurge2: 1    14246    0.24%
      0     0     4035.4474    48     4025.8047 UserPurge2: 1    14269    0.24%
      0     0     4035.4410    48     4025.8047 UserPurge2: 1    14287    0.24%
      0     0     4035.4372    48     4025.8047 UserPurge2: 1    14309    0.24%
      0     0     4035.4349    49     4025.8047 UserPurge2: 1    14323    0.24%
      0     0     4035.4322    50     4025.8047 UserPurge2: 1    14340    0.24%
      0     0     4035.4247    49     4025.8047 UserPurge2: 1    14378    0.24%
      0     0     4035.4147    49     4025.8047 UserPurge2: 1    14404    0.24%
      0     0     4035.4107    49     4025.8047 UserPurge2: 1    14427    0.24%
      0     0     4035.4031    48     4025.8047 UserPurge2: 1    14460    0.24%
      0     0     4035.3964    49     4025.8047 UserPurge2: 1    14483    0.24%
      0     0     4035.3774    49     4025.8047 UserPurge2: 1    14526    0.24%
      0     0     4035.3655    49     4025.8047 UserPurge2: 1    14563    0.24%
      0     0     4035.3580    49     4025.8047 UserPurge2: 1    14583    0.24%
      0     0     4035.3494    49     4025.8047 UserPurge2: 1    14613    0.24%
      0     0     4035.3429    50     4025.8047 UserPurge2: 1    14644    0.24%
      0     0     4035.3384    50     4025.8047 UserPurge2: 1    14663    0.24%
      0     0     4035.3372    51     4025.8047 UserPurge2: 1    14679    0.24%
      0     0     4035.3339    51     4025.8047 UserPurge2: 1    14697    0.24%
      0     0     4035.3244    52     4025.8047 UserPurge2: 1    14728    0.24%
      0     0     4035.3014    50     4025.8047 UserPurge2: 1    14775    0.24%
      0     0     4035.2718    50     4025.8047 UserPurge2: 1    14818    0.24%
      0     0     4035.2424    46     4025.8047 UserPurge2: 1    14842    0.23%
      0     0     4035.2286    45     4025.8047 UserPurge2: 1    14859    0.23%
      0     0     4035.2143    45     4025.8047 UserPurge2: 1    14879    0.23%
      0     0     4035.2015    46     4025.8047 UserPurge2: 1    14902    0.23%
      0     0     4035.1889    46     4025.8047 UserPurge2: 1    14917    0.23%
      0     0     4035.1772    47     4025.8047 UserPurge2: 1    14932    0.23%
      0     0     4035.1618    46     4025.8047 UserPurge2: 1    14964    0.23%
      0     0     4035.1578    47     4025.8047 UserPurge2: 1    14982    0.23%
      0     0     4035.1523    47     4025.8047 UserPurge2: 1    15005    0.23%
      0     0     4035.1470    48     4025.8047 UserPurge2: 1    15017    0.23%
      0     0     4035.1421    48     4025.8047 UserPurge2: 1    15033    0.23%
      0     0     4035.1405    49     4025.8047 UserPurge2: 1    15048    0.23%
      0     0     4035.1379    50     4025.8047 UserPurge2: 1    15066    0.23%
      0     0     4035.1344    51     4025.8047 UserPurge2: 1    15086    0.23%
      0     0     4035.1328    52     4025.8047 UserPurge2: 1    15105    0.23%
      0     0     4035.1270    51     4025.8047 UserPurge2: 1    15134    0.23%
      0     0     4035.1171    52     4025.8047 UserPurge2: 1    15149    0.23%
      0     0     4035.1102    49     4025.8047 UserPurge2: 1    15162    0.23%
      0     0     4035.0997    50     4025.8047 UserPurge2: 1    15184    0.23%
      0     0     4035.0872    50     4025.8047 UserPurge2: 1    15214    0.23%
      0     0     4035.0776    51     4025.8047 UserPurge2: 1    15239    0.23%
      0     0     4035.0724    51     4025.8047 UserPurge2: 1    15254    0.23%
      0     0     4035.0688    52     4025.8047 UserPurge2: 1    15272    0.23%
      0     0     4035.0606    52     4025.8047 UserPurge2: 1    15293    0.23%
      0     0     4035.0561    53     4025.8047 UserPurge2: 1    15309    0.23%
      0     0     4035.0531    53     4025.8047 UserPurge2: 1    15329    0.23%
      0     0     4035.0446    54     4025.8047 UserPurge2: 1    15355    0.23%
      0     0     4035.0398    55     4025.8047 UserPurge2: 1    15379    0.23%
      0     0     4035.0232    54     4025.8047 UserPurge2: 1    15401    0.23%
      0     0     4035.0125    53     4025.8047 UserPurge2: 1    15431    0.23%
      0     0     4034.9818    51     4025.8047 UserPurge2: 1    15473    0.23%
      0     0     4034.9604    49     4025.8047 UserPurge2: 1    15492    0.23%
      0     0     4034.9388    49     4025.8047 UserPurge2: 1    15515    0.23%
      0     0     4034.9322    50     4025.8047 UserPurge2: 1    15536    0.23%
      0     0     4034.9229    48     4025.8047 UserPurge2: 1    15561    0.23%
      0     0     4034.9114    49     4025.8047 UserPurge2: 1    15577    0.23%
      0     0     4034.8908    48     4025.8047 UserPurge2: 1    15601    0.23%
      0     0     4034.8846    48     4025.8047 UserPurge2: 1    15615    0.23%
      0     0     4034.8682    47     4025.8047 UserPurge2: 1    15638    0.23%
      0     0     4034.8607    47     4025.8047 UserPurge2: 1    15663    0.22%
      0     0     4034.8518    48     4025.8047 UserPurge2: 1    15688    0.22%
      0     0     4034.8446    49     4025.8047 UserPurge2: 1    15705    0.22%
      0     0     4034.8411    50     4025.8047 UserPurge2: 1    15717    0.22%
      0     0     4034.8310    50     4025.8047 UserPurge2: 1    15740    0.22%
      0     0     4034.8186    50     4025.8047 UserPurge2: 1    15765    0.22%
      0     0     4034.8119    51     4025.8047 UserPurge2: 1    15807    0.22%
      0     0     4034.8044    51     4025.8047 UserPurge2: 1    15822    0.22%
      0     0     4034.7953    52     4025.8047 UserPurge2: 1    15849    0.22%
      0     0     4034.7836    50     4025.8047 UserPurge2: 1    15883    0.22%
      0     0     4034.7708    50     4025.8047 UserPurge2: 1    15911    0.22%
      0     0     4034.7566    50     4025.8047 UserPurge2: 1    15930    0.22%
      0     0     4034.7463    47     4025.8047 UserPurge2: 1    15956    0.22%
      0     0     4034.7416    47     4025.8047 UserPurge2: 1    15970    0.22%
      0     0     4034.7389    48     4025.8047 UserPurge2: 1    15981    0.22%
      0     0     4034.7180    48     4025.8047 UserPurge2: 1    16022    0.22%
      0     0     4034.7135    48     4025.8047 UserPurge2: 1    16031    0.22%
      0     0     4034.7011    47     4025.8047 UserPurge2: 1    16059    0.22%
      0     0     4034.6905    46     4025.8047 UserPurge2: 1    16076    0.22%
      0     0     4034.6781    46     4025.8047 UserPurge2: 1    16110    0.22%
      0     0     4034.6701    45     4025.8047 UserPurge2: 1    16138    0.22%
      0     0     4034.6668    46     4025.8047 UserPurge2: 1    16150    0.22%
      0     0     4034.6652    47     4025.8047 UserPurge2: 1    16161    0.22%
      0     0     4034.6565    46     4025.8047 UserPurge2: 1    16188    0.22%
      0     0     4034.6539    47     4025.8047 UserPurge2: 1    16195    0.22%
      0     0     4034.6475    48     4025.8047 UserPurge2: 1    16207    0.22%
      0     0     4034.6377    48     4025.8047 UserPurge2: 1    16234    0.22%
      0     0     4034.6321    49     4025.8047 UserPurge2: 1    16252    0.22%
      0     0     4034.6296    49     4025.8047 UserPurge2: 1    16266    0.22%
      0     0     4034.6183    48     4025.8047 UserPurge2: 1    16300    0.22%
      0     0     4034.6052    49     4025.8047 UserPurge2: 1    16316    0.22%
      0     0     4034.5921    49     4025.8047 UserPurge2: 1    16341    0.22%
      0     0     4034.5874    50     4025.8047 UserPurge2: 1    16363    0.22%
      0     0     4034.5848    50     4025.8047 UserPurge2: 1    16371    0.22%
      0     0     4034.5777    49     4025.8047 UserPurge2: 1    16391    0.22%
      0     0     4034.5713    49     4025.8047 UserPurge2: 1    16409    0.22%
      0     0     4034.5406    46     4025.8047 UserPurge2: 1    16460    0.22%
      0     0     4034.5368    47     4025.8047 UserPurge2: 1    16482    0.22%
      0     0     4034.5347    48     4025.8047 UserPurge2: 1    16498    0.22%
      0     0     4034.5321    48     4025.8047 UserPurge2: 1    16516    0.22%
      0     0     4034.5277    48     4025.8047 UserPurge2: 1    16529    0.22%
      0     0     4034.5261    49     4025.8047 UserPurge2: 1    16543    0.22%
      0     0     4034.5249    50     4025.8047 UserPurge2: 1    16561    0.22%
      0     0     4034.5223    50     4025.8047 UserPurge2: 1    16582    0.22%
      0     0     4034.5179    49     4025.8047 UserPurge2: 1    16608    0.22%
      0     0     4034.5164    50     4025.8047 UserPurge2: 1    16618    0.22%
      0     0     4034.5158    51     4025.8047 UserPurge2: 1    16629    0.22%
*     0+    0                         4026.7870     4034.5158             0.19%
      0     2     4034.5158    51     4026.7870     4034.5157    16629    0.19%
Elapsed time = 127.85 sec. (6533.51 ticks, tree = 0.01 MB, solutions = 6)
      1     3     4031.2571    38     4026.7870     4034.5156    84383    0.19%
      2     4     4030.8271    33     4026.7870     4031.2571   107863    0.11%
      3     5     4030.5326    39     4026.7870     4031.2571   131084    0.11%
      4     6     4030.2553    19     4026.7870     4031.2571   138304    0.11%
      5     7     4029.6840    33     4026.7870     4031.2571   149627    0.11%
      6     8     4029.5104    16     4026.7870     4031.2571   153221    0.11%
      7     9     4029.4569    15     4026.7870     4031.2571   154450    0.11%
      8    10     4029.1789    15     4026.7870     4031.2571   158417    0.11%
      9    11     4028.8644     2     4026.7870     4031.2571   158677    0.11%
*    10+   10                         4028.7960     4031.2571             0.06%
     10    11     4028.8010     2     4028.7960     4031.2571   159111    0.06%
Elapsed time = 848.51 sec. (371910.18 ticks, tree = 0.69 MB, solutions = 7)
     13    10     4030.4549    35     4028.7960     4031.2571   183697    0.06%
     14    11     4030.2487    36     4028.7960     4031.2571   196310    0.06%
*    15     8      integral     0     4029.4650     4031.2571   201506    0.04%
     16     9     4030.0322    28     4029.4650     4031.2571   219881    0.04%
     17    10     4029.7845    21     4029.4650     4031.2571   231818    0.04%
     18    11     4029.6969    19     4029.4650     4031.2571   238660    0.04%
     19    10        cutoff           4029.4650     4031.2571   239217    0.04%
     21    10     4030.8316    42     4029.4650     4030.8316   267759    0.03%
     22    11     4030.3756    33     4029.4650     4030.8316   296263    0.03%
     23    12     4029.9592    43     4029.4650     4030.8316   330700    0.03%
Elapsed time = 2608.56 sec. (1479678.96 ticks, tree = 1.14 MB, solutions = 8)
     24    13     4029.6046    37     4029.4650     4030.8316   365813    0.03%
     25    12        cutoff           4029.4650     4030.8316   369657    0.03%
     26    11        cutoff           4029.4650     4030.8316   369834    0.03%
     27    12     4029.9421    34     4029.4650     4030.5326   393083    0.03%
     28    13     4029.6726    28     4029.4650     4030.5326   411021    0.03%
     29    14     4029.4979    28     4029.4650     4030.5326   427667    0.03%
     30    13        cutoff           4029.4650     4030.5326   427963    0.03%
     32    13     4030.1318    41     4029.4650     4030.5326   449779    0.03%
     33    14     4029.9748    43     4029.4650     4030.5326   467095    0.03%
     34    15     4029.6693    45     4029.4650     4030.5326   488349    0.03%
Elapsed time = 4967.31 sec. (3070756.38 ticks, tree = 2.09 MB, solutions = 8)
     35    14        cutoff           4029.4650     4030.5326   490594    0.03%
     36    13        cutoff           4029.4650     4030.5326   490934    0.03%
     37    12        cutoff           4029.4650     4030.3755   491511    0.02%
     38    13     4030.1018    13     4029.4650     4030.2487   503942    0.02%
     39    12        cutoff           4029.4650     4030.2487   507913    0.02%
*    40     3      integral     0     4030.0230     4030.2487   508500    0.01%
     41     2        cutoff           4030.0230     4030.1318   509084    0.00%
     42     1        cutoff           4030.0230     4030.0322   509322    0.00%

User cuts applied:  38272

Root node processing (before b&c):
  Real time             =  127.88 sec. (6588.45 ticks)
Sequential b&c:
  Real time             = 5170.25 sec. (3283760.99 ticks)
                          ------------
Total (root+branch&cut) = 5298.13 sec. (3290349.44 ticks)
@Parameters: 
is_S_cut                                true
is_add_all_yinF                         true
is_start_value                          true
is_usercut                              true
is_visualization                        false
uc_only_rootnode                        false

data                                    Qi
fn                                      data/Qi/instance_1000_500.csv
mode                                    NewSubmodular
solver                                  cplex

p                                       10
r                                       2

EPS                                     1.0e-06
EPS_vio                                 1.0e-04
beta                                    0.10
gap                                     0.00
nodelimit                               Inf
timelimit                               7200.00


@PrintInfos
ItCnt: 509397
Current gap: 0.00 %
Termination Status: OPTIMAL
Primal Status: FEASIBLE_POINT
Solve Time: 5298.13 sec
Objective Value: 4030.022978
Number of Nodes:     44

CutInfo: [phase] num / time (sec) 
ZLP             [phase1]     0 / 0.00 [rLC]     0 / 0.00 [rUC]     0 / 0.00 [sLC]     0 / 0.00 [sUC]     0 / 0.00 
OldSubmodular   [phase1]     0 / 0.00 [rLC]     0 / 0.00 [rUC]     0 / 0.00 [sLC]     0 / 0.00 [sUC]     0 / 0.00 
NewSubmodular   [phase1]     0 / 0.00 [rLC]   554 / 34.63 [rUC]  4734 / 82.36 [sLC]     0 / 6.75 [sUC] 42265 / 1082.33 
PMP             [phase1]     0 / 0.00 [rLC]    14 / 27.54 [rUC]     0 / 0.00 [sLC]     3 / 6.72 [sUC]    55 / 130.46 
Separation Round: [phase1] 0  [rLC] 183  [rUC] 735  [sLC] 3  [sUC] 8574
Root Best Bound 4031.257060
Root Best Integer: 4026.787011
Best Bound: 4030.022978
Best Integer: 4030.022978

