Version identifier: 20.1.0.0 | 2020-11-10 | 9bedb6d68
CPXPARAM_Threads                                 1
CPXPARAM_TimeLimit                               7200
CPXPARAM_MIP_Tolerances_MIPGap                   0
Generic callback                                 0x60
1 of 1 MIP starts provided solutions.
MIP start 'm1' defined initial solution with objective 2074.1248.
Tried aggregator 1 time.
Reduced MIP has 1 rows, 801 columns, and 800 nonzeros.
Reduced MIP has 800 binaries, 0 generals, 0 SOSs, and 0 indicators.
Presolve time = 0.00 sec. (0.24 ticks)
Probing time = 0.00 sec. (0.09 ticks)
Tried aggregator 1 time.
Reduced MIP has 1 rows, 801 columns, and 800 nonzeros.
Reduced MIP has 800 binaries, 0 generals, 0 SOSs, and 0 indicators.
Presolve time = 0.00 sec. (0.25 ticks)
Probing time = 0.00 sec. (0.09 ticks)
MIP emphasis: balance optimality and feasibility.
MIP search method: dynamic search.
Parallel mode: none, using 1 thread.
Root relaxation solution time = 0.00 sec. (0.17 ticks)

        Nodes                                         Cuts/
   Node  Left     Objective  IInf  Best Integer    Best Bound    ItCnt     Gap

*     0+    0                         2074.1248     5432.0000           161.89%
      0     0     2868.5122     2     2074.1248     5432.0000        0  161.89%
      0     0     2668.7424     4     2074.1248 UserPurge2: 1        9   28.67%
      0     0     2484.2845     5     2074.1248 UserPurge2: 1       18   19.78%
      0     0     2433.6330     7     2074.1248 UserPurge2: 1       39   17.33%
      0     0     2363.1144     8     2074.1248 UserPurge2: 1       52   13.93%
      0     0     2323.9450     8     2074.1248 UserPurge2: 1       74   12.04%
      0     0     2298.4360    10     2074.1248 UserPurge1: 1       75   10.81%
      0     0     2287.2441    11     2074.1248 UserPurge2: 1      100   10.28%
      0     0     2273.4004    11     2074.1248 UserPurge2: 1      128    9.61%
      0     0     2261.0528    12     2074.1248 UserPurge2: 1      143    9.01%
      0     0     2257.9907    14     2074.1248 UserPurge2: 1      159    8.86%
      0     0     2253.0776    15     2074.1248 UserPurge2: 1      183    8.63%
      0     0     2243.7459    15     2074.1248 UserPurge2: 1      244    8.18%
      0     0     2233.2052    16     2074.1248 UserPurge2: 1      275    7.67%
      0     0     2229.6418    15     2074.1248 UserPurge2: 1      286    7.50%
      0     0     2228.5785    17     2074.1248 UserPurge1: 2      293    7.45%
      0     0     2223.6477    16     2074.1248 UserPurge2: 1      317    7.21%
      0     0     2220.5869    18     2074.1248 UserPurge1: 2      327    7.06%
      0     0     2218.3372    18     2074.1248 UserPurge1: 1      331    6.95%
      0     0     2216.8486    18     2074.1248 UserPurge1: 1      347    6.88%
      0     0     2216.1255    19     2074.1248 UserPurge1: 1      352    6.85%
      0     0     2212.6345    18     2074.1248 UserPurge2: 1      380    6.68%
      0     0     2212.5614    20     2074.1248 UserPurge1: 1      381    6.67%
      0     0     2203.9026    16     2074.1248 UserPurge2: 1      435    6.26%
      0     0     2198.2078    13     2074.1248 UserPurge2: 1      462    5.98%
      0     0     2196.9222    14     2074.1248 UserPurge2: 1      478    5.92%
      0     0     2194.8147    14     2074.1248 UserPurge2: 1      496    5.82%
      0     0     2192.0430    15     2074.1248 UserPurge2: 1      519    5.69%
      0     0     2183.9841    12     2074.1248 UserPurge2: 1      551    5.30%
      0     0     2181.0939    14     2074.1248 UserPurge2: 1      571    5.16%
      0     0     2179.1647    14     2074.1248 UserPurge2: 1      591    5.06%
      0     0     2177.8612    16     2074.1248 UserPurge2: 1      606    5.00%
      0     0     2175.2945    16     2074.1248 UserPurge2: 1      631    4.88%
      0     0     2172.9357    16     2074.1248 UserPurge2: 1      654    4.76%
      0     0     2170.7462    16     2074.1248 UserPurge2: 1      664    4.66%
      0     0     2169.8142    17     2074.1248 UserPurge2: 1      682    4.61%
      0     0     2168.5254    16     2074.1248 UserPurge2: 1      706    4.55%
      0     0     2166.9932    17     2074.1248 UserPurge2: 1      727    4.48%
      0     0     2166.6560    19     2074.1248 UserPurge2: 1      735    4.46%
      0     0     2163.8251    17     2074.1248 UserPurge2: 1      769    4.32%
      0     0     2162.2829    15     2074.1248 UserPurge2: 1      796    4.25%
      0     0     2161.3303    16     2074.1248 UserPurge2: 1      814    4.20%
      0     0     2160.3229    18     2074.1248 UserPurge2: 1      831    4.16%
      0     0     2158.2846    17     2074.1248 UserPurge2: 1      872    4.06%
      0     0     2156.3132    17     2074.1248 UserPurge2: 1      897    3.96%
      0     0     2155.3782    17     2074.1248 UserPurge2: 1      916    3.92%
      0     0     2154.1185    18     2074.1248 UserPurge2: 1      943    3.86%
      0     0     2152.7987    17     2074.1248 UserPurge2: 1      970    3.79%
      0     0     2151.8552    18     2074.1248 UserPurge2: 1      995    3.75%
      0     0     2150.6597    18     2074.1248 UserPurge2: 1     1028    3.69%
      0     0     2149.5500    18     2074.1248 UserPurge2: 1     1050    3.64%
      0     0     2148.7538    18     2074.1248 UserPurge2: 1     1068    3.60%
      0     0     2148.5464    20     2074.1248 UserPurge2: 1     1077    3.59%
      0     0     2148.0969    20     2074.1248 UserPurge2: 1     1099    3.57%
      0     0     2147.6046    21     2074.1248 UserPurge2: 1     1122    3.54%
      0     0     2145.4511    21     2074.1248 UserPurge2: 1     1152    3.44%
      0     0     2144.5834    21     2074.1248 UserPurge2: 1     1170    3.40%
      0     0     2143.5478    20     2074.1248 UserPurge2: 1     1195    3.35%
      0     0     2142.0721    19     2074.1248 UserPurge2: 1     1211    3.28%
      0     0     2140.5680    20     2074.1248 UserPurge2: 1     1245    3.20%
      0     0     2139.8057    20     2074.1248 UserPurge2: 1     1260    3.17%
      0     0     2137.3114    19     2074.1248 UserPurge2: 1     1301    3.05%
      0     0     2136.3804    18     2074.1248 UserPurge2: 1     1327    3.00%
      0     0     2135.5276    19     2074.1248 UserPurge2: 1     1345    2.96%
      0     0     2134.2202    19     2074.1248 UserPurge2: 1     1371    2.90%
      0     0     2133.0240    18     2074.1248 UserPurge2: 1     1399    2.84%
      0     0     2132.3099    19     2074.1248 UserPurge2: 1     1430    2.81%
      0     0     2131.3460    19     2074.1248 UserPurge2: 1     1460    2.76%
      0     0     2129.9620    18     2074.1248 UserPurge2: 1     1491    2.69%
      0     0     2129.3551    19     2074.1248 UserPurge2: 1     1512    2.66%
      0     0     2128.9597    19     2074.1248 UserPurge2: 1     1537    2.64%
      0     0     2128.1462    20     2074.1248 UserPurge2: 1     1565    2.60%
      0     0     2127.5745    19     2074.1248 UserPurge2: 1     1581    2.58%
      0     0     2126.7207    19     2074.1248 UserPurge2: 1     1598    2.54%
      0     0     2125.9751    17     2074.1248 UserPurge2: 1     1616    2.50%
      0     0     2125.3393    18     2074.1248 UserPurge2: 1     1639    2.47%
      0     0     2125.1719    18     2074.1248 UserPurge2: 1     1653    2.46%
      0     0     2125.0014    19     2074.1248 UserPurge2: 1     1672    2.45%
      0     0     2124.4185    19     2074.1248 UserPurge2: 1     1702    2.42%
      0     0     2124.0312    19     2074.1248 UserPurge2: 1     1721    2.41%
      0     0     2123.8570    19     2074.1248 UserPurge2: 1     1742    2.40%
      0     0     2123.7372    20     2074.1248 UserPurge2: 1     1754    2.39%
      0     0     2123.6413    21     2074.1248 UserPurge2: 1     1762    2.39%
      0     0     2123.5123    22     2074.1248 UserPurge2: 1     1779    2.38%
      0     0     2123.3488    22     2074.1248 UserPurge2: 1     1800    2.37%
      0     0     2122.9015    23     2074.1248 UserPurge2: 1     1819    2.35%
      0     0     2122.4858    23     2074.1248 UserPurge2: 1     1846    2.33%
      0     0     2122.0349    22     2074.1248 UserPurge2: 1     1866    2.31%
      0     0     2121.7404    22     2074.1248 UserPurge2: 1     1886    2.30%
      0     0     2121.2095    22     2074.1248 UserPurge2: 1     1920    2.27%
      0     0     2121.0094    23     2074.1248 UserPurge2: 1     1935    2.26%
      0     0     2120.7796    24     2074.1248 UserPurge2: 1     1952    2.25%
      0     0     2120.3360    24     2074.1248 UserPurge2: 1     1993    2.23%
      0     0     2120.0669    23     2074.1248 UserPurge2: 1     2013    2.22%
      0     0     2119.8891    22     2074.1248 UserPurge2: 1     2031    2.21%
      0     0     2119.6286    23     2074.1248 UserPurge2: 1     2053    2.19%
      0     0     2119.3702    23     2074.1248 UserPurge2: 1     2075    2.18%
      0     0     2119.1789    23     2074.1248 UserPurge2: 1     2088    2.17%
      0     0     2119.0573    24     2074.1248 UserPurge2: 1     2099    2.17%
      0     0     2118.7540    25     2074.1248 UserPurge2: 1     2117    2.15%
      0     0     2118.2952    24     2074.1248 UserPurge2: 1     2150    2.13%
      0     0     2116.7011    21     2074.1248 UserPurge2: 1     2189    2.05%
      0     0     2115.5065    21     2074.1248 UserPurge2: 1     2222    2.00%
      0     0     2115.1313    21     2074.1248 UserPurge2: 1     2238    1.98%
      0     0     2114.6770    22     2074.1248 UserPurge2: 1     2254    1.96%
      0     0     2114.0600    20     2074.1248 UserPurge2: 1     2275    1.93%
      0     0     2113.7735    20     2074.1248 UserPurge2: 1     2294    1.91%
      0     0     2113.6341    21     2074.1248 UserPurge2: 1     2309    1.90%
      0     0     2113.4686    22     2074.1248 UserPurge2: 1     2328    1.90%
      0     0     2113.3439    23     2074.1248 UserPurge2: 1     2339    1.89%
      0     0     2113.2498    24     2074.1248 UserPurge2: 1     2358    1.89%
      0     0     2113.2045    24     2074.1248 UserPurge2: 1     2368    1.88%
      0     0     2112.7461    22     2074.1248 UserPurge2: 1     2403    1.86%
      0     0     2112.4540    22     2074.1248 UserPurge2: 1     2423    1.85%
      0     0     2112.0860    22     2074.1248 UserPurge2: 1     2445    1.83%
      0     0     2111.8485    22     2074.1248 UserPurge2: 1     2470    1.82%
      0     0     2111.6823    22     2074.1248 UserPurge2: 1     2485    1.81%
      0     0     2111.5583    23     2074.1248 UserPurge2: 1     2497    1.80%
      0     0     2111.0270    23     2074.1248 UserPurge2: 1     2536    1.78%
      0     0     2110.6935    23     2074.1248 UserPurge2: 1     2562    1.76%
      0     0     2110.5665    24     2074.1248 UserPurge2: 1     2574    1.76%
      0     0     2110.3112    24     2074.1248 UserPurge2: 1     2591    1.74%
      0     0     2110.1424    24     2074.1248 UserPurge2: 1     2614    1.74%
      0     0     2109.9298    24     2074.1248 UserPurge2: 1     2628    1.73%
      0     0     2109.8404    25     2074.1248 UserPurge2: 1     2651    1.72%
      0     0     2109.7737    26     2074.1248 UserPurge2: 1     2670    1.72%
      0     0     2109.7169    27     2074.1248 UserPurge2: 1     2688    1.72%
      0     0     2109.5797    26     2074.1248 UserPurge2: 1     2713    1.71%
      0     0     2109.4247    26     2074.1248 UserPurge2: 1     2730    1.70%
      0     0     2109.0951    24     2074.1248 UserPurge2: 1     2771    1.69%
      0     0     2108.9585    24     2074.1248 UserPurge2: 1     2787    1.68%
      0     0     2108.8528    24     2074.1248 UserPurge2: 1     2813    1.67%
      0     0     2108.7526    25     2074.1248 UserPurge2: 1     2834    1.67%
      0     0     2108.6756    25     2074.1248 UserPurge2: 1     2865    1.67%
      0     0     2108.6050    26     2074.1248 UserPurge2: 1     2887    1.66%
      0     0     2108.5538    27     2074.1248 UserPurge2: 1     2905    1.66%
      0     0     2108.4526    28     2074.1248 UserPurge2: 1     2930    1.66%
      0     0     2108.3403    26     2074.1248 UserPurge2: 1     2958    1.65%
      0     0     2108.1261    25     2074.1248 UserPurge2: 1     2977    1.64%
      0     0     2107.9976    26     2074.1248 UserPurge2: 1     3001    1.63%
      0     0     2107.6880    25     2074.1248 UserPurge2: 1     3051    1.62%
      0     0     2107.2465    25     2074.1248 UserPurge2: 1     3086    1.60%
      0     0     2107.0694    25     2074.1248 UserPurge2: 1     3112    1.59%
      0     0     2106.8088    25     2074.1248 UserPurge2: 1     3128    1.58%
      0     0     2106.6625    26     2074.1248 UserPurge2: 1     3155    1.57%
      0     0     2106.5123    27     2074.1248 UserPurge2: 1     3168    1.56%
      0     0     2106.0265    25     2074.1248 UserPurge2: 1     3217    1.54%
      0     0     2105.9131    26     2074.1248 UserPurge2: 1     3239    1.53%
      0     0     2105.7471    25     2074.1248 UserPurge2: 1     3269    1.52%
      0     0     2105.6948    26     2074.1248 UserPurge2: 1     3281    1.52%
      0     0     2105.5992    27     2074.1248 UserPurge2: 1     3305    1.52%
      0     0     2105.4449    28     2074.1248 UserPurge2: 1     3332    1.51%
      0     0     2105.3612    28     2074.1248 UserPurge2: 1     3354    1.51%
      0     0     2105.2973    29     2074.1248 UserPurge2: 1     3373    1.50%
      0     0     2105.0788    29     2074.1248 UserPurge2: 1     3409    1.49%
      0     0     2104.9909    28     2074.1248 UserPurge2: 1     3435    1.49%
      0     0     2104.9270    29     2074.1248 UserPurge2: 1     3450    1.49%
      0     0     2104.8088    30     2074.1248 UserPurge2: 1     3478    1.48%
      0     0     2104.7324    31     2074.1248 UserPurge2: 1     3503    1.48%
      0     0     2104.5642    30     2074.1248 UserPurge2: 1     3537    1.47%
      0     0     2104.4374    30     2074.1248 UserPurge2: 1     3563    1.46%
      0     0     2104.3277    30     2074.1248 UserPurge2: 1     3594    1.46%
      0     0     2104.1374    30     2074.1248 UserPurge2: 1     3628    1.45%
      0     0     2103.9969    29     2074.1248 UserPurge2: 1     3661    1.44%
      0     0     2103.8994    28     2074.1248 UserPurge2: 1     3689    1.44%
      0     0     2103.8331    29     2074.1248 UserPurge2: 1     3712    1.43%
      0     0     2103.7824    30     2074.1248 UserPurge2: 1     3738    1.43%
      0     0     2103.5472    30     2074.1248 UserPurge2: 1     3783    1.42%
      0     0     2103.2255    26     2074.1248 UserPurge2: 1     3820    1.40%
      0     0     2103.0767    27     2074.1248 UserPurge2: 1     3845    1.40%
      0     0     2102.9163    28     2074.1248 UserPurge2: 1     3873    1.39%
      0     0     2102.7575    28     2074.1248 UserPurge2: 1     3909    1.38%
      0     0     2102.6875    28     2074.1248 UserPurge2: 1     3922    1.38%
      0     0     2102.5220    28     2074.1248 UserPurge2: 1     3958    1.37%
      0     0     2102.4325    29     2074.1248 UserPurge2: 1     3977    1.36%
      0     0     2102.3514    28     2074.1248 UserPurge2: 1     4001    1.36%
      0     0     2102.2460    29     2074.1248 UserPurge2: 1     4031    1.36%
      0     0     2101.9812    27     2074.1248 UserPurge2: 1     4066    1.34%
      0     0     2101.8925    28     2074.1248 UserPurge2: 1     4085    1.34%
      0     0     2101.8648    29     2074.1248 UserPurge2: 1     4100    1.34%
      0     0     2101.7880    29     2074.1248 UserPurge2: 1     4124    1.33%
      0     0     2101.7536    30     2074.1248 UserPurge2: 1     4138    1.33%
      0     0     2101.5956    29     2074.1248 UserPurge2: 1     4172    1.32%
      0     0     2101.3285    29     2074.1248 UserPurge2: 1     4196    1.31%
      0     0     2101.1612    29     2074.1248 UserPurge2: 1     4219    1.30%
      0     0     2101.0276    28     2074.1248 UserPurge2: 1     4247    1.30%
      0     0     2100.8452    27     2074.1248 UserPurge2: 1     4275    1.29%
      0     0     2100.7935    28     2074.1248 UserPurge2: 1     4286    1.29%
      0     0     2100.7751    29     2074.1248 UserPurge2: 1     4298    1.28%
      0     0     2100.7478    30     2074.1248 UserPurge2: 1     4315    1.28%
      0     0     2100.6237    31     2074.1248 UserPurge2: 1     4337    1.28%
      0     0     2100.5473    31     2074.1248 UserPurge2: 1     4372    1.27%
      0     0     2100.5270    31     2074.1248 UserPurge2: 1     4400    1.27%
      0     0     2100.5106    32     2074.1248 UserPurge2: 1     4410    1.27%
      0     0     2100.4830    32     2074.1248 UserPurge2: 1     4435    1.27%
      0     0     2100.4322    31     2074.1248 UserPurge2: 1     4456    1.27%
      0     0     2100.3536    31     2074.1248 UserPurge2: 1     4484    1.26%
      0     0     2100.2702    32     2074.1248 UserPurge2: 1     4512    1.26%
      0     0     2100.0431    31     2074.1248 UserPurge2: 1     4555    1.25%
      0     0     2099.8788    30     2074.1248 UserPurge2: 1     4593    1.24%
      0     0     2099.7526    31     2074.1248 UserPurge2: 1     4622    1.24%
      0     0     2099.6996    31     2074.1248 UserPurge2: 1     4650    1.23%
      0     0     2099.6787    31     2074.1248 UserPurge2: 1     4665    1.23%
      0     0     2099.6021    32     2074.1248 UserPurge2: 1     4696    1.23%
      0     0     2099.4928    31     2074.1248 UserPurge2: 1     4727    1.22%
      0     0     2099.4431    31     2074.1248 UserPurge2: 1     4743    1.22%
      0     0     2099.3971    32     2074.1248 UserPurge2: 1     4764    1.22%
      0     0     2099.3698    33     2074.1248 UserPurge2: 1     4778    1.22%
      0     0     2099.3278    34     2074.1248 UserPurge2: 1     4796    1.22%
      0     0     2099.2881    34     2074.1248 UserPurge2: 1     4820    1.21%
      0     0     2099.2531    34     2074.1248 UserPurge2: 1     4861    1.21%
      0     0     2099.0914    33     2074.1248 UserPurge2: 1     4891    1.20%
      0     0     2099.0116    33     2074.1248 UserPurge2: 1     4915    1.20%
      0     0     2098.8769    32     2074.1248 UserPurge2: 1     4949    1.19%
      0     0     2098.7601    33     2074.1248 UserPurge2: 1     4978    1.19%
      0     0     2098.6312    33     2074.1248 UserPurge2: 1     5014    1.18%
      0     0     2098.5634    34     2074.1248 UserPurge2: 1     5031    1.18%
      0     0     2098.3600    32     2074.1248 UserPurge2: 1     5064    1.17%
      0     0     2098.2519    33     2074.1248 UserPurge2: 1     5085    1.16%
      0     0     2098.1650    33     2074.1248 UserPurge2: 1     5114    1.16%
      0     0     2098.0134    32     2074.1248 UserPurge2: 1     5138    1.15%
      0     0     2097.8881    32     2074.1248 UserPurge2: 1     5159    1.15%
      0     0     2097.7975    31     2074.1248 UserPurge2: 1     5201    1.14%
      0     0     2097.7277    32     2074.1248 UserPurge2: 1     5227    1.14%
      0     0     2097.6280    32     2074.1248 UserPurge2: 1     5264    1.13%
      0     0     2097.5527    33     2074.1248 UserPurge2: 1     5284    1.13%
      0     0     2097.4823    33     2074.1248 UserPurge2: 1     5307    1.13%
      0     0     2097.3917    33     2074.1248 UserPurge2: 1     5337    1.12%
      0     0     2097.2156    34     2074.1248 UserPurge2: 1     5380    1.11%
      0     0     2097.0245    34     2074.1248 UserPurge2: 1     5421    1.10%
      0     0     2096.9269    33     2074.1248 UserPurge2: 1     5445    1.10%
      0     0     2096.7889    34     2074.1248 UserPurge2: 1     5476    1.09%
      0     0     2096.7456    34     2074.1248 UserPurge2: 1     5496    1.09%
      0     0     2096.6320    34     2074.1248 UserPurge2: 1     5534    1.09%
      0     0     2096.4691    33     2074.1248 UserPurge2: 1     5565    1.08%
      0     0     2096.3696    33     2074.1248 UserPurge2: 1     5600    1.07%
      0     0     2096.3062    33     2074.1248 UserPurge2: 1     5626    1.07%
      0     0     2096.2135    33     2074.1248 UserPurge2: 1     5653    1.06%
      0     0     2096.1301    34     2074.1248 UserPurge2: 1     5693    1.06%
      0     0     2095.9878    34     2074.1248 UserPurge2: 1     5735    1.05%
      0     0     2095.8860    33     2074.1248 UserPurge2: 1     5758    1.05%
      0     0     2095.8505    33     2074.1248 UserPurge2: 1     5781    1.05%
      0     0     2095.8127    34     2074.1248 UserPurge2: 1     5805    1.05%
      0     0     2095.7383    34     2074.1248 UserPurge2: 1     5832    1.04%
      0     0     2095.6522    33     2074.1248 UserPurge2: 1     5861    1.04%
      0     0     2095.5902    34     2074.1248 UserPurge2: 1     5874    1.03%
      0     0     2095.5221    35     2074.1248 UserPurge2: 1     5913    1.03%
      0     0     2095.4403    34     2074.1248 UserPurge2: 1     5946    1.03%
      0     0     2095.3904    34     2074.1248 UserPurge2: 1     5974    1.03%
      0     0     2095.3010    35     2074.1248 UserPurge2: 1     5996    1.02%
      0     0     2095.2663    36     2074.1248 UserPurge2: 1     6023    1.02%
      0     0     2095.2339    36     2074.1248 UserPurge2: 1     6045    1.02%
      0     0     2095.0941    35     2074.1248 UserPurge2: 1     6082    1.01%
      0     0     2095.0506    36     2074.1248 UserPurge2: 1     6111    1.01%
      0     0     2095.0387    37     2074.1248 UserPurge2: 1     6141    1.01%
      0     0     2094.9924    37     2074.1248 UserPurge2: 1     6173    1.01%
      0     0     2094.9328    37     2074.1248 UserPurge2: 1     6209    1.00%
      0     0     2094.8548    38     2074.1248 UserPurge2: 1     6239    1.00%
      0     0     2094.8084    38     2074.1248 UserPurge2: 1     6266    1.00%
      0     0     2094.7918    39     2074.1248 UserPurge2: 1     6292    1.00%
      0     0     2094.7489    39     2074.1248 UserPurge2: 1     6326    0.99%
      0     0     2094.6707    38     2074.1248 UserPurge2: 1     6374    0.99%
      0     0     2094.5967    37     2074.1248 UserPurge2: 1     6417    0.99%
      0     0     2094.5183    38     2074.1248 UserPurge2: 1     6454    0.98%
      0     0     2094.3921    38     2074.1248 UserPurge2: 1     6498    0.98%
      0     0     2094.2913    38     2074.1248 UserPurge2: 1     6518    0.97%
      0     0     2094.2220    37     2074.1248 UserPurge2: 1     6544    0.97%
      0     0     2094.1376    38     2074.1248 UserPurge2: 1     6569    0.96%
      0     0     2094.0980    39     2074.1248 UserPurge2: 1     6591    0.96%
      0     0     2093.9374    37     2074.1248 UserPurge2: 1     6649    0.96%
      0     0     2093.8657    37     2074.1248 UserPurge2: 1     6672    0.95%
      0     0     2093.7701    37     2074.1248 UserPurge2: 1     6704    0.95%
      0     0     2093.7157    38     2074.1248 UserPurge2: 1     6722    0.94%
      0     0     2093.5122    36     2074.1248 UserPurge2: 1     6771    0.93%
      0     0     2093.4465    37     2074.1248 UserPurge2: 1     6792    0.93%
      0     0     2093.3809    37     2074.1248 UserPurge2: 1     6810    0.93%
      0     0     2093.2592    35     2074.1248 UserPurge2: 1     6834    0.92%
      0     0     2093.1596    34     2074.1248 UserPurge2: 1     6866    0.92%
      0     0     2093.0763    34     2074.1248 UserPurge2: 1     6897    0.91%
      0     0     2092.9964    32     2074.1248 UserPurge2: 1     6923    0.91%
      0     0     2092.8335    32     2074.1248 UserPurge2: 1     6955    0.90%
      0     0     2092.7872    33     2074.1248 UserPurge2: 1     6967    0.90%
      0     0     2092.7295    34     2074.1248 UserPurge2: 1     6981    0.90%
      0     0     2092.6352    35     2074.1248 UserPurge2: 1     7000    0.89%
      0     0     2092.5915    35     2074.1248 UserPurge2: 1     7032    0.89%
      0     0     2092.5745    35     2074.1248 UserPurge2: 1     7051    0.89%
      0     0     2092.5306    35     2074.1248 UserPurge2: 1     7074    0.89%
      0     0     2092.4521    34     2074.1248 UserPurge2: 1     7101    0.88%
      0     0     2092.3942    34     2074.1248 UserPurge2: 1     7123    0.88%
      0     0     2092.3636    35     2074.1248 UserPurge2: 1     7139    0.88%
      0     0     2092.3159    36     2074.1248 UserPurge2: 1     7154    0.88%
      0     0     2092.2903    37     2074.1248 UserPurge2: 1     7172    0.88%
      0     0     2092.2645    38     2074.1248 UserPurge2: 1     7193    0.87%
      0     0     2092.2347    39     2074.1248 UserPurge2: 1     7223    0.87%
      0     0     2092.2021    39     2074.1248 UserPurge2: 1     7249    0.87%
      0     0     2092.0800    37     2074.1248 UserPurge2: 1     7311    0.87%
      0     0     2091.9826    37     2074.1248 UserPurge2: 1     7343    0.86%
      0     0     2091.9427    36     2074.1248 UserPurge2: 1     7366    0.86%
      0     0     2091.8417    37     2074.1248 UserPurge2: 1     7416    0.85%
      0     0     2091.7962    37     2074.1248 UserPurge2: 1     7449    0.85%
      0     0     2091.7333    37     2074.1248 UserPurge2: 1     7475    0.85%
      0     0     2091.7025    38     2074.1248 UserPurge2: 1     7500    0.85%
      0     0     2091.6416    37     2074.1248 UserPurge2: 1     7527    0.84%
      0     0     2091.5866    37     2074.1248 UserPurge2: 1     7557    0.84%
      0     0     2091.5733    38     2074.1248 UserPurge2: 1     7576    0.84%
      0     0     2091.5101    37     2074.1248 UserPurge2: 1     7615    0.84%
      0     0     2091.4698    37     2074.1248 UserPurge2: 1     7640    0.84%
      0     0     2091.4584    38     2074.1248 UserPurge2: 1     7665    0.84%
      0     0     2091.4333    39     2074.1248 UserPurge2: 1     7689    0.83%
      0     0     2091.3980    38     2074.1248 UserPurge2: 1     7713    0.83%
      0     0     2091.3599    39     2074.1248 UserPurge2: 1     7738    0.83%
      0     0     2091.3204    39     2074.1248 UserPurge2: 1     7769    0.83%
      0     0     2091.3025    39     2074.1248 UserPurge2: 1     7795    0.83%
      0     0     2091.2866    39     2074.1248 UserPurge2: 1     7819    0.83%
      0     0     2091.2722    40     2074.1248 UserPurge2: 1     7836    0.83%
      0     0     2091.2639    41     2074.1248 UserPurge2: 1     7850    0.83%
      0     0     2091.2289    41     2074.1248 UserPurge2: 1     7890    0.82%
      0     0     2091.2132    42     2074.1248 UserPurge2: 1     7925    0.82%
      0     0     2091.1830    43     2074.1248 UserPurge2: 1     7965    0.82%
      0     0     2091.0589    41     2074.1248 UserPurge2: 1     8021    0.82%
      0     0     2091.0062    40     2074.1248 UserPurge2: 1     8058    0.81%
      0     0     2090.8927    38     2074.1248 UserPurge2: 1     8098    0.81%
      0     0     2090.8262    39     2074.1248 UserPurge2: 1     8114    0.81%
      0     0     2090.7501    39     2074.1248 UserPurge2: 1     8146    0.80%
      0     0     2090.6823    40     2074.1248 UserPurge2: 1     8169    0.80%
      0     0     2090.6373    38     2074.1248 UserPurge2: 1     8207    0.80%
      0     0     2090.5816    39     2074.1248 UserPurge2: 1     8226    0.79%
      0     0     2090.5339    40     2074.1248 UserPurge2: 1     8246    0.79%
      0     0     2090.4368    38     2074.1248 UserPurge2: 1     8280    0.79%
      0     0     2090.3709    39     2074.1248 UserPurge2: 1     8311    0.78%
      0     0     2090.3183    39     2074.1248 UserPurge2: 1     8336    0.78%
      0     0     2090.2750    38     2074.1248 UserPurge2: 1     8364    0.78%
      0     0     2090.2370    38     2074.1248 UserPurge2: 1     8402    0.78%
      0     0     2090.1794    38     2074.1248 UserPurge2: 1     8435    0.77%
      0     0     2090.1221    39     2074.1248 UserPurge2: 1     8457    0.77%
      0     0     2089.9855    37     2074.1248 UserPurge2: 1     8497    0.76%
      0     0     2089.9317    37     2074.1248 UserPurge2: 1     8520    0.76%
      0     0     2089.8919    38     2074.1248 UserPurge2: 1     8544    0.76%
      0     0     2089.8705    38     2074.1248 UserPurge2: 1     8567    0.76%
      0     0     2089.8314    38     2074.1248 UserPurge2: 1     8596    0.76%
      0     0     2089.8228    39     2074.1248 UserPurge2: 1     8606    0.76%
      0     0     2089.8051    40     2074.1248 UserPurge2: 1     8629    0.76%
      0     0     2089.7841    41     2074.1248 UserPurge2: 1     8651    0.75%
      0     0     2089.7586    41     2074.1248 UserPurge2: 1     8681    0.75%
      0     0     2089.7491    42     2074.1248 UserPurge2: 1     8698    0.75%
      0     0     2089.7298    41     2074.1248 UserPurge2: 1     8722    0.75%
      0     0     2089.7103    42     2074.1248 UserPurge2: 1     8746    0.75%
      0     0     2089.6882    43     2074.1248 UserPurge2: 1     8771    0.75%
      0     0     2089.5900    42     2074.1248 UserPurge2: 1     8838    0.75%
      0     0     2089.5540    41     2074.1248 UserPurge2: 1     8859    0.74%
      0     0     2089.5004    42     2074.1248 UserPurge2: 1     8888    0.74%
      0     0     2089.4552    42     2074.1248 UserPurge2: 1     8913    0.74%
      0     0     2089.3839    42     2074.1248 UserPurge2: 1     8961    0.74%
      0     0     2089.3404    40     2074.1248 UserPurge2: 1     8993    0.73%
      0     0     2089.3102    40     2074.1248 UserPurge2: 1     9018    0.73%
      0     0     2089.2759    41     2074.1248 UserPurge2: 1     9041    0.73%
      0     0     2089.2473    41     2074.1248 UserPurge2: 1     9074    0.73%
      0     0     2089.2310    42     2074.1248 UserPurge2: 1     9088    0.73%
      0     0     2089.2209    41     2074.1248 UserPurge2: 1     9104    0.73%
      0     0     2089.1966    40     2074.1248 UserPurge2: 1     9134    0.73%
      0     0     2089.1800    40     2074.1248 UserPurge2: 1     9149    0.73%
      0     0     2089.1682    40     2074.1248 UserPurge2: 1     9173    0.73%
      0     0     2089.1581    41     2074.1248 UserPurge2: 1     9187    0.72%
      0     0     2089.1426    41     2074.1248 UserPurge2: 1     9215    0.72%
      0     0     2089.1027    41     2074.1248 UserPurge2: 1     9242    0.72%
      0     0     2089.0921    41     2074.1248 UserPurge2: 1     9261    0.72%
      0     0     2089.0812    42     2074.1248 UserPurge2: 1     9285    0.72%
      0     0     2089.0625    42     2074.1248 UserPurge2: 1     9314    0.72%
      0     0     2089.0332    42     2074.1248 UserPurge2: 1     9358    0.72%
      0     0     2088.9988    43     2074.1248 UserPurge2: 1     9390    0.72%
      0     0     2088.9658    42     2074.1248 UserPurge2: 1     9422    0.72%
      0     0     2088.9279    41     2074.1248 UserPurge2: 1     9447    0.71%
      0     0     2088.9048    42     2074.1248 UserPurge2: 1     9475    0.71%
      0     0     2088.8827    42     2074.1248 UserPurge2: 1     9500    0.71%
      0     0     2088.8756    42     2074.1248 UserPurge2: 1     9517    0.71%
      0     0     2088.8610    41     2074.1248 UserPurge2: 1     9543    0.71%
      0     0     2088.8517    42     2074.1248 UserPurge2: 1     9563    0.71%
      0     0     2088.8414    43     2074.1248 UserPurge2: 1     9594    0.71%
      0     0     2088.8339    44     2074.1248 UserPurge2: 1     9618    0.71%
      0     0     2088.8225    45     2074.1248 UserPurge2: 1     9654    0.71%
      0     0     2088.8060    46     2074.1248 UserPurge2: 1     9680    0.71%
      0     0     2088.7808    46     2074.1248 UserPurge2: 1     9721    0.71%
      0     0     2088.7389    45     2074.1248 UserPurge2: 1     9762    0.70%
      0     0     2088.6881    44     2074.1248 UserPurge2: 1     9821    0.70%
      0     0     2088.5963    43     2074.1248 UserPurge2: 1     9869    0.70%
      0     0     2088.5563    43     2074.1248 UserPurge2: 1     9896    0.70%
      0     0     2088.5207    43     2074.1248 UserPurge2: 1     9934    0.69%
      0     0     2088.4830    42     2074.1248 UserPurge2: 1     9970    0.69%
      0     0     2088.4441    42     2074.1248 UserPurge2: 1     9994    0.69%
      0     0     2088.4116    43     2074.1248 UserPurge2: 1    10027    0.69%
      0     0     2088.3889    43     2074.1248 UserPurge2: 1    10051    0.69%
      0     0     2088.3552    43     2074.1248 UserPurge2: 1    10080    0.69%
      0     0     2088.3156    43     2074.1248 UserPurge2: 1    10108    0.68%
      0     0     2088.2927    44     2074.1248 UserPurge2: 1    10129    0.68%
      0     0     2088.2694    45     2074.1248 UserPurge2: 1    10160    0.68%
      0     0     2088.2261    44     2074.1248 UserPurge2: 1    10196    0.68%
      0     0     2088.1891    44     2074.1248 UserPurge2: 1    10232    0.68%
      0     0     2088.1558    44     2074.1248 UserPurge2: 1    10271    0.68%
      0     0     2088.1371    43     2074.1248 UserPurge2: 1    10291    0.68%
      0     0     2088.1152    44     2074.1248 UserPurge2: 1    10314    0.67%
      0     0     2088.0856    45     2074.1248 UserPurge2: 1    10341    0.67%
      0     0     2088.0784    46     2074.1248 UserPurge2: 1    10357    0.67%
      0     0     2088.0375    47     2074.1248 UserPurge2: 1    10405    0.67%
      0     0     2088.0102    47     2074.1248 UserPurge2: 1    10437    0.67%
      0     0     2087.9679    48     2074.1248 UserPurge2: 1    10472    0.67%
      0     0     2087.8645    45     2074.1248 UserPurge2: 1    10524    0.66%
      0     0     2087.8304    46     2074.1248 UserPurge2: 1    10564    0.66%
      0     0     2087.8057    46     2074.1248 UserPurge2: 1    10598    0.66%
      0     0     2087.7683    44     2074.1248 UserPurge2: 1    10635    0.66%
      0     0     2087.6881    43     2074.1248 UserPurge2: 1    10683    0.65%
      0     0     2087.6677    43     2074.1248 UserPurge2: 1    10711    0.65%
      0     0     2087.6513    44     2074.1248 UserPurge2: 1    10737    0.65%
      0     0     2087.6210    44     2074.1248 UserPurge2: 1    10764    0.65%
      0     0     2087.5954    44     2074.1248 UserPurge2: 1    10785    0.65%
      0     0     2087.5589    45     2074.1248 UserPurge2: 1    10813    0.65%
      0     0     2087.5179    42     2074.1248 UserPurge2: 1    10838    0.65%
      0     0     2087.4553    42     2074.1248 UserPurge2: 1    10876    0.64%
      0     0     2087.4209    43     2074.1248 UserPurge2: 1    10903    0.64%
      0     0     2087.4013    43     2074.1248 UserPurge2: 1    10921    0.64%
      0     0     2087.3684    43     2074.1248 UserPurge2: 1    10950    0.64%
      0     0     2087.3109    43     2074.1248 UserPurge2: 1    10993    0.64%
      0     0     2087.2633    41     2074.1248 UserPurge2: 1    11020    0.63%
      0     0     2087.2148    40     2074.1248 UserPurge2: 1    11057    0.63%
      0     0     2087.1766    41     2074.1248 UserPurge2: 1    11075    0.63%
      0     0     2087.1564    41     2074.1248 UserPurge2: 1    11104    0.63%
      0     0     2087.1359    41     2074.1248 UserPurge2: 1    11124    0.63%
      0     0     2087.1151    41     2074.1248 UserPurge2: 1    11147    0.63%
      0     0     2087.1003    42     2074.1248 UserPurge2: 1    11168    0.63%
      0     0     2087.0754    42     2074.1248 UserPurge2: 1    11187    0.62%
      0     0     2087.0603    43     2074.1248 UserPurge2: 1    11213    0.62%
      0     0     2087.0455    44     2074.1248 UserPurge2: 1    11242    0.62%
      0     0     2087.0148    45     2074.1248 UserPurge2: 1    11290    0.62%
      0     0     2086.9999    44     2074.1248 UserPurge2: 1    11319    0.62%
      0     0     2086.9834    45     2074.1248 UserPurge2: 1    11351    0.62%
      0     0     2086.9573    45     2074.1248 UserPurge2: 1    11382    0.62%
      0     0     2086.9329    44     2074.1248 UserPurge2: 1    11410    0.62%
      0     0     2086.9219    43     2074.1248 UserPurge2: 1    11439    0.62%
      0     0     2086.8998    42     2074.1248 UserPurge2: 1    11479    0.62%
      0     0     2086.8609    43     2074.1248 UserPurge2: 1    11516    0.61%
      0     0     2086.8483    44     2074.1248 UserPurge2: 1    11539    0.61%
      0     0     2086.8434    44     2074.1248 UserPurge2: 1    11553    0.61%
      0     0     2086.8329    45     2074.1248 UserPurge2: 1    11577    0.61%
      0     0     2086.8262    46     2074.1248 UserPurge2: 1    11596    0.61%
      0     0     2086.7970    45     2074.1248 UserPurge2: 1    11639    0.61%
      0     0     2086.7769    44     2074.1248 UserPurge2: 1    11663    0.61%
      0     0     2086.7682    45     2074.1248 UserPurge2: 1    11679    0.61%
      0     0     2086.7465    46     2074.1248 UserPurge2: 1    11707    0.61%
      0     0     2086.6358    38     2074.1248 UserPurge2: 1    11764    0.60%
      0     0     2086.5379    38     2074.1248 UserPurge2: 1    11791    0.60%
      0     0     2086.4980    39     2074.1248 UserPurge2: 1    11820    0.60%
      0     0     2086.4477    40     2074.1248 UserPurge2: 1    11851    0.59%
      0     0     2086.4048    40     2074.1248 UserPurge2: 1    11880    0.59%
      0     0     2086.3749    40     2074.1248 UserPurge2: 1    11901    0.59%
      0     0     2086.3605    40     2074.1248 UserPurge2: 1    11915    0.59%
      0     0     2086.3476    41     2074.1248 UserPurge2: 1    11946    0.59%
      0     0     2086.3247    42     2074.1248 UserPurge2: 1    11973    0.59%
      0     0     2086.3005    42     2074.1248 UserPurge2: 1    12008    0.59%
      0     0     2086.2817    43     2074.1248 UserPurge2: 1    12031    0.59%
      0     0     2086.2682    41     2074.1248 UserPurge2: 1    12044    0.59%
      0     0     2086.2493    42     2074.1248 UserPurge2: 1    12064    0.58%
      0     0     2086.2456    42     2074.1248 UserPurge2: 1    12081    0.58%
      0     0     2086.2310    42     2074.1248 UserPurge2: 1    12105    0.58%
      0     0     2086.2244    43     2074.1248 UserPurge2: 1    12118    0.58%
      0     0     2086.2142    44     2074.1248 UserPurge2: 1    12146    0.58%
      0     0     2086.2091    45     2074.1248 UserPurge2: 1    12171    0.58%
      0     0     2086.1883    44     2074.1248 UserPurge2: 1    12202    0.58%
      0     0     2086.1773    45     2074.1248 UserPurge2: 1    12225    0.58%
      0     0     2086.1708    46     2074.1248 UserPurge2: 1    12245    0.58%
      0     0     2086.1611    47     2074.1248 UserPurge2: 1    12271    0.58%
      0     0     2086.1509    47     2074.1248 UserPurge2: 1    12294    0.58%
      0     0     2086.1440    47     2074.1248 UserPurge2: 1    12316    0.58%
      0     0     2086.1323    46     2074.1248 UserPurge2: 1    12351    0.58%
      0     0     2086.1160    46     2074.1248 UserPurge2: 1    12385    0.58%
      0     0     2086.1078    47     2074.1248 UserPurge2: 1    12401    0.58%
      0     0     2086.0997    47     2074.1248 UserPurge2: 1    12419    0.58%
      0     0     2086.0885    48     2074.1248 UserPurge2: 1    12439    0.58%
      0     0     2086.0653    49     2074.1248 UserPurge2: 1    12474    0.58%
      0     0     2086.0392    47     2074.1248 UserPurge2: 1    12507    0.57%
      0     0     2086.0189    45     2074.1248 UserPurge2: 1    12537    0.57%
      0     0     2086.0121    44     2074.1248 UserPurge2: 1    12555    0.57%
      0     0     2086.0032    45     2074.1248 UserPurge2: 1    12574    0.57%
      0     0     2085.9783    44     2074.1248 UserPurge2: 1    12609    0.57%
      0     0     2085.9478    44     2074.1248 UserPurge2: 1    12638    0.57%
      0     0     2085.9302    43     2074.1248 UserPurge2: 1    12665    0.57%
      0     0     2085.9167    43     2074.1248 UserPurge2: 1    12694    0.57%
      0     0     2085.9076    44     2074.1248 UserPurge2: 1    12707    0.57%
      0     0     2085.9006    45     2074.1248 UserPurge2: 1    12727    0.57%
      0     0     2085.8960    46     2074.1248 UserPurge2: 1    12741    0.57%
      0     0     2085.8784    47     2074.1248 UserPurge2: 1    12775    0.57%
      0     0     2085.8691    48     2074.1248 UserPurge2: 1    12802    0.57%
      0     0     2085.8491    47     2074.1248 UserPurge2: 1    12842    0.57%
      0     0     2085.8338    48     2074.1248 UserPurge2: 1    12878    0.56%
      0     0     2085.8170    48     2074.1248 UserPurge2: 1    12904    0.56%
      0     0     2085.7966    46     2074.1248 UserPurge2: 1    12935    0.56%
      0     0     2085.7581    46     2074.1248 UserPurge2: 1    12970    0.56%
      0     0     2085.7268    45     2074.1248 UserPurge2: 1    13009    0.56%
      0     0     2085.7163    46     2074.1248 UserPurge2: 1    13024    0.56%
      0     0     2085.6955    47     2074.1248 UserPurge2: 1    13059    0.56%
      0     0     2085.6396    44     2074.1248 UserPurge2: 1    13105    0.56%
      0     0     2085.6285    45     2074.1248 UserPurge2: 1    13127    0.55%
      0     0     2085.6133    45     2074.1248 UserPurge2: 1    13146    0.55%
      0     0     2085.5966    46     2074.1248 UserPurge2: 1    13179    0.55%
      0     0     2085.5858    47     2074.1248 UserPurge2: 1    13202    0.55%
      0     0     2085.5775    47     2074.1248 UserPurge2: 1    13234    0.55%
      0     0     2085.5589    46     2074.1248 UserPurge2: 1    13275    0.55%
      0     0     2085.5495    47     2074.1248 UserPurge2: 1    13300    0.55%
      0     0     2085.5326    48     2074.1248 UserPurge2: 1    13326    0.55%
      0     0     2085.5206    48     2074.1248 UserPurge2: 1    13345    0.55%
      0     0     2085.4867    46     2074.1248 UserPurge2: 1    13372    0.55%
      0     0     2085.4609    43     2074.1248 UserPurge2: 1    13405    0.55%
      0     0     2085.4422    42     2074.1248 UserPurge2: 1    13431    0.55%
      0     0     2085.4354    43     2074.1248 UserPurge2: 1    13448    0.55%
      0     0     2085.4315    44     2074.1248 UserPurge2: 1    13463    0.55%
      0     0     2085.4199    45     2074.1248 UserPurge2: 1    13498    0.54%
      0     0     2085.4171    46     2074.1248 UserPurge2: 1    13514    0.54%
      0     0     2085.4072    47     2074.1248 UserPurge2: 1    13539    0.54%
      0     0     2085.3928    46     2074.1248 UserPurge2: 1    13571    0.54%
      0     0     2085.3791    46     2074.1248 UserPurge2: 1    13603    0.54%
      0     0     2085.3712    46     2074.1248 UserPurge2: 1    13632    0.54%
      0     0     2085.3470    47     2074.1248 UserPurge2: 1    13663    0.54%
      0     0     2085.3358    47     2074.1248 UserPurge2: 1    13688    0.54%
      0     0     2085.3212    47     2074.1248 UserPurge2: 1    13712    0.54%
      0     0     2085.3147    47     2074.1248 UserPurge2: 1    13737    0.54%
      0     0     2085.3059    48     2074.1248 UserPurge2: 1    13756    0.54%
      0     0     2085.2968    48     2074.1248 UserPurge2: 1    13788    0.54%
      0     0     2085.2913    49     2074.1248 UserPurge2: 1    13816    0.54%
      0     0     2085.2823    49     2074.1248 UserPurge2: 1    13849    0.54%
      0     0     2085.2652    49     2074.1248 UserPurge2: 1    13900    0.54%
      0     0     2085.2324    48     2074.1248 UserPurge2: 1    13941    0.54%
      0     0     2085.1886    47     2074.1248 UserPurge2: 1    13986    0.53%
      0     0     2085.1623    45     2074.1248 UserPurge2: 1    14012    0.53%
      0     0     2085.1496    46     2074.1248 UserPurge2: 1    14033    0.53%
      0     0     2085.1074    46     2074.1248 UserPurge2: 1    14067    0.53%
      0     0     2085.0830    45     2074.1248 UserPurge2: 1    14101    0.53%
      0     0     2085.0647    46     2074.1248 UserPurge2: 1    14136    0.53%
      0     0     2085.0500    47     2074.1248 UserPurge2: 1    14168    0.53%
      0     0     2085.0046    46     2074.1248 UserPurge2: 1    14208    0.52%
      0     0     2084.9952    46     2074.1248 UserPurge2: 1    14235    0.52%
      0     0     2084.9827    47     2074.1248 UserPurge2: 1    14259    0.52%
      0     0     2084.9800    47     2074.1248 UserPurge2: 1    14277    0.52%
      0     0     2084.9664    48     2074.1248 UserPurge2: 1    14303    0.52%
      0     0     2084.9577    49     2074.1248 UserPurge2: 1    14332    0.52%
      0     0     2084.9391    48     2074.1248 UserPurge2: 1    14368    0.52%
      0     0     2084.9308    48     2074.1248 UserPurge2: 1    14389    0.52%
      0     0     2084.9196    49     2074.1248 UserPurge2: 1    14410    0.52%
      0     0     2084.9047    48     2074.1248 UserPurge2: 1    14436    0.52%
      0     0     2084.8955    47     2074.1248 UserPurge2: 1    14456    0.52%
      0     0     2084.8753    48     2074.1248 UserPurge2: 1    14491    0.52%
      0     0     2084.8503    48     2074.1248 UserPurge2: 1    14522    0.52%
      0     0     2084.8147    46     2074.1248 UserPurge2: 1    14563    0.52%
      0     0     2084.7975    47     2074.1248 UserPurge2: 1    14589    0.51%
      0     0     2084.7710    46     2074.1248 UserPurge2: 1    14632    0.51%
      0     0     2084.7574    46     2074.1248 UserPurge2: 1    14653    0.51%
      0     0     2084.7297    46     2074.1248 UserPurge2: 1    14681    0.51%
      0     0     2084.7094    44     2074.1248 UserPurge2: 1    14710    0.51%
      0     0     2084.6976    44     2074.1248 UserPurge2: 1    14725    0.51%
      0     0     2084.6885    44     2074.1248 UserPurge2: 1    14746    0.51%
      0     0     2084.6535    45     2074.1248 UserPurge2: 1    14794    0.51%
      0     0     2084.6197    44     2074.1248 UserPurge2: 1    14831    0.51%
      0     0     2084.5930    44     2074.1248 UserPurge2: 1    14866    0.50%
      0     0     2084.5805    45     2074.1248 UserPurge2: 1    14885    0.50%
      0     0     2084.5249    41     2074.1248 UserPurge2: 1    14921    0.50%
      0     0     2084.5040    40     2074.1248 UserPurge2: 1    14946    0.50%
      0     0     2084.4911    41     2074.1248 UserPurge2: 1    14971    0.50%
      0     0     2084.4808    41     2074.1248 UserPurge2: 1    14998    0.50%
      0     0     2084.4737    42     2074.1248 UserPurge2: 1    15013    0.50%
      0     0     2084.4600    43     2074.1248 UserPurge2: 1    15039    0.50%
      0     0     2084.4502    43     2074.1248 UserPurge2: 1    15063    0.50%
      0     0     2084.4415    43     2074.1248 UserPurge2: 1    15090    0.50%
      0     0     2084.4387    44     2074.1248 UserPurge2: 1    15111    0.50%
      0     0     2084.4325    45     2074.1248 UserPurge2: 1    15131    0.50%
      0     0     2084.4281    45     2074.1248 UserPurge2: 1    15146    0.50%
      0     0     2084.4252    46     2074.1248 UserPurge2: 1    15163    0.50%
      0     0     2084.4149    45     2074.1248 UserPurge2: 1    15194    0.50%
      0     0     2084.3981    46     2074.1248 UserPurge2: 1    15225    0.50%
      0     0     2084.3750    44     2074.1248 UserPurge2: 1    15250    0.49%
      0     0     2084.3648    44     2074.1248 UserPurge2: 1    15271    0.49%
      0     0     2084.3604    45     2074.1248 UserPurge2: 1    15302    0.49%
      0     0     2084.3530    45     2074.1248 UserPurge2: 1    15326    0.49%
      0     0     2084.3474    46     2074.1248 UserPurge2: 1    15360    0.49%
      0     0     2084.3423    47     2074.1248 UserPurge2: 1    15378    0.49%
      0     0     2084.3321    47     2074.1248 UserPurge2: 1    15408    0.49%
      0     0     2084.3211    47     2074.1248 UserPurge2: 1    15435    0.49%
      0     0     2084.3132    47     2074.1248 UserPurge2: 1    15460    0.49%
      0     0     2084.2910    48     2074.1248 UserPurge2: 1    15485    0.49%
      0     0     2084.2769    48     2074.1248 UserPurge2: 1    15507    0.49%
      0     0     2084.2638    47     2074.1248 UserPurge2: 1    15537    0.49%
      0     0     2084.2571    46     2074.1248 UserPurge2: 1    15556    0.49%
      0     2     2084.2571    46     2074.1248     2084.2570    15556    0.49%
Elapsed time = 33.15 sec. (7134.03 ticks, tree = 0.01 MB, solutions = 1)
      1     3     2077.8857    35     2074.1248     2084.2568   160236    0.49%
      2     4     2077.5678    50     2074.1248     2077.8857   165779    0.18%
      3     5     2077.8267    25     2074.1248     2077.8857   184323    0.18%
      4     6     2077.8027    25     2074.1248     2077.8857   194332    0.18%
*     5     5      integral     0     2076.6237     2077.8857   215966    0.06%
      6     6     2077.7315    26     2076.6237     2077.8857   227094    0.06%
      7     7     2077.1446    33     2076.6237     2077.8857   233648    0.06%
      8     8     2077.6353    25     2076.6237     2077.8857   255201    0.06%
      9     9     2077.6081    26     2076.6237     2077.8857   272084    0.06%
     10     8        cutoff           2076.6237     2077.8857   276675    0.06%
Elapsed time = 864.47 sec. (538649.92 ticks, tree = 0.23 MB, solutions = 2)
     11     9     2077.5941    24     2076.6237     2077.8857   287009    0.06%
     12    10     2077.4084    42     2076.6237     2077.8857   323643    0.06%
     13     9        cutoff           2076.6237     2077.8857   328450    0.06%
     14    10     2077.2725    56     2076.6237     2077.8857   370236    0.06%
     15    11     2076.8973    29     2076.6237     2077.8857   443810    0.06%
     16    12     2076.8334    26     2076.6237     2077.8857   462452    0.06%
     17    13     2076.7572    24     2076.6237     2077.8857   470896    0.06%
     18    14     2076.6423    31     2076.6237     2077.8857   495713    0.06%
     21    11        cutoff           2076.6237     2077.8857   496001    0.06%
     22    10        cutoff           2076.6237     2077.7315   498096    0.05%
Elapsed time = 2807.93 sec. (1909393.98 ticks, tree = 0.61 MB, solutions = 2)
     23    11     2077.2248    22     2076.6237     2077.6081   513023    0.05%
     24    12     2077.1677    16     2076.6237     2077.6081   517737    0.05%
     25    13     2077.1233    16     2076.6237     2077.6081   520067    0.05%
     26    14     2076.8620    23     2076.6237     2077.6081   533381    0.05%
     27    13        cutoff           2076.6237     2077.6081   544253    0.05%
     29    11        cutoff           2076.6237     2077.5678   551712    0.05%
*    30     1      integral     0     2077.2806     2077.5675   552384    0.01%
     31     0        cutoff           2077.2806     2077.2806   554364    0.00%

User cuts applied:  23324

Root node processing (before b&c):
  Real time             =   33.18 sec. (7187.44 ticks)
Sequential b&c:
  Real time             = 3713.42 sec. (2567151.52 ticks)
                          ------------
Total (root+branch&cut) = 3746.60 sec. (2574338.95 ticks)
@Parameters: 
is_S_cut                                true
is_add_all_yinF                         true
is_start_value                          true
is_usercut                              true
is_visualization                        false
uc_only_rootnode                        false

data                                    Qi
fn                                      data/Qi/instance_1000_800.csv
mode                                    NewSubmodular
solver                                  cplex

p                                       10
r                                       50

EPS                                     1.0e-06
EPS_vio                                 1.0e-04
beta                                    0.10
gap                                     0.00
nodelimit                               Inf
timelimit                               7200.00


@PrintInfos
ItCnt: 554364
Current gap: 0.00 %
Termination Status: OPTIMAL
Primal Status: FEASIBLE_POINT
Solve Time: 3746.60 sec
Objective Value: 2077.280571
Number of Nodes:     32

CutInfo: [phase] num / time (sec) 
ZLP             [phase1]     0 / 0.00 [rLC]     0 / 0.00 [rUC]     0 / 0.00 [sLC]     0 / 0.00 [sUC]     0 / 0.00 
OldSubmodular   [phase1]     0 / 0.00 [rLC]     0 / 0.00 [rUC]     0 / 0.00 [sLC]     0 / 0.00 [sUC]     0 / 0.00 
NewSubmodular   [phase1]     0 / 0.00 [rLC]   116 / 5.70 [rUC]   589 / 20.68 [sLC]     2 / 3.07 [sUC] 23275 / 940.48 
PMP             [phase1]     0 / 0.00 [rLC]     2 / 1.49 [rUC]     0 / 0.00 [sLC]     4 / 3.00 [sUC]    37 / 27.57 
Separation Round: [phase1] 0  [rLC] 117  [rUC] 589  [sLC] 4  [sUC] 11147
Root Best Bound 2077.885724
Root Best Integer: 2074.124755
Best Bound: 2077.280571
Best Integer: 2077.280571

