Version identifier: 20.1.0.0 | 2020-11-10 | 9bedb6d68
CPXPARAM_Threads                                 1
CPXPARAM_TimeLimit                               7200
CPXPARAM_MIP_Tolerances_MIPGap                   0
Generic callback                                 0x60
1 of 1 MIP starts provided solutions.
MIP start 'm1' defined initial solution with objective 3184.7157.
Tried aggregator 1 time.
Reduced MIP has 1 rows, 1001 columns, and 1000 nonzeros.
Reduced MIP has 1000 binaries, 0 generals, 0 SOSs, and 0 indicators.
Presolve time = 0.00 sec. (0.30 ticks)
Probing time = 0.00 sec. (0.11 ticks)
Tried aggregator 1 time.
Reduced MIP has 1 rows, 1001 columns, and 1000 nonzeros.
Reduced MIP has 1000 binaries, 0 generals, 0 SOSs, and 0 indicators.
Presolve time = 0.00 sec. (0.31 ticks)
Probing time = 0.00 sec. (0.11 ticks)
MIP emphasis: balance optimality and feasibility.
MIP search method: dynamic search.
Parallel mode: none, using 1 thread.
Root relaxation solution time = 0.00 sec. (0.21 ticks)

        Nodes                                         Cuts/
   Node  Left     Objective  IInf  Best Integer    Best Bound    ItCnt     Gap

*     0+    0                         3184.7157     5432.0000            70.56%
      0     0     4460.0764     2     3184.7157     5432.0000        0   70.56%
      0     0     4109.4402     4     3184.7157 UserPurge2: 1       14   29.04%
      0     0     3827.8631     5     3184.7157 UserPurge2: 1       25   20.19%
      0     0     3677.9060     6     3184.7157 UserPurge2: 1       45   15.49%
      0     0     3524.9462     6     3184.7157 UserPurge2: 1       57   10.68%
      0     0     3473.0233     8     3184.7157 UserPurge2: 1       87    9.05%
      0     0     3438.2661     9     3184.7157 UserPurge2: 1      109    7.96%
      0     0     3421.1961    10     3184.7157 UserPurge2: 1      129    7.43%
      0     0     3410.3348    11     3184.7157 UserPurge2: 1      145    7.08%
      0     0     3402.2148    12     3184.7157 UserPurge2: 1      171    6.83%
      0     0     3382.3209    11     3184.7157 UserPurge2: 1      189    6.20%
      0     0     3376.7353    13     3184.7157 UserPurge2: 1      209    6.03%
      0     0     3367.8120    15     3184.7157 UserPurge2: 1      239    5.75%
      0     0     3364.0826    16     3184.7157 UserPurge2: 1      263    5.63%
      0     0     3363.0681    16     3184.7157 UserPurge1: 1      267    5.60%
      0     0     3359.0185    16     3184.7157 UserPurge2: 1      292    5.47%
      0     0     3357.6153    18     3184.7157 UserPurge2: 1      323    5.43%
      0     0     3350.8870    17     3184.7157 UserPurge2: 1      356    5.22%
      0     0     3348.3914    18     3184.7157 UserPurge1: 1      358    5.14%
      0     0     3346.6455    19     3184.7157 UserPurge1: 1      364    5.08%
      0     0     3340.5299    17     3184.7157 UserPurge2: 1      423    4.89%
      0     0     3337.9438    17     3184.7157 UserPurge1: 3      442    4.81%
      0     0     3336.9431    18     3184.7157 UserPurge1: 1      458    4.78%
      0     0     3333.8207    18     3184.7157 UserPurge2: 1      479    4.68%
      0     0     3329.2565    16     3184.7157 UserPurge2: 1      521    4.54%
      0     0     3326.7042    16     3184.7157 UserPurge1: 1      523    4.46%
      0     0     3324.2750    16     3184.7157 UserPurge2: 1      551    4.38%
      0     0     3324.0154    17     3184.7157 UserPurge1: 2      556    4.37%
      0     0     3320.5085    17     3184.7157 UserPurge2: 1      590    4.26%
      0     0     3318.2098    18     3184.7157 UserPurge2: 1      610    4.19%
      0     0     3315.0057    17     3184.7157 UserPurge2: 1      641    4.09%
      0     0     3313.5284    18     3184.7157 UserPurge2: 1      659    4.04%
      0     0     3309.0494    19     3184.7157 UserPurge2: 1      701    3.90%
      0     0     3303.9081    18     3184.7157 UserPurge2: 1      725    3.74%
      0     0     3301.4486    18     3184.7157 UserPurge2: 1      768    3.67%
      0     0     3297.7160    19     3184.7157 UserPurge2: 1      803    3.55%
      0     0     3294.0983    18     3184.7157 UserPurge2: 1      822    3.43%
      0     0     3292.4323    16     3184.7157 UserPurge2: 1      842    3.38%
      0     0     3290.5227    17     3184.7157 UserPurge2: 1      866    3.32%
      0     0     3288.4118    16     3184.7157 UserPurge2: 1      893    3.26%
      0     0     3287.7067    18     3184.7157 UserPurge2: 1      919    3.23%
      0     0     3286.3346    18     3184.7157 UserPurge2: 1      961    3.19%
      0     0     3284.5593    19     3184.7157 UserPurge2: 1      979    3.14%
      0     0     3283.7113    20     3184.7157 UserPurge2: 1     1005    3.11%
      0     0     3281.2915    18     3184.7157 UserPurge2: 1     1037    3.03%
      0     0     3279.0941    18     3184.7157 UserPurge2: 1     1078    2.96%
      0     0     3277.8302    20     3184.7157 UserPurge2: 1     1109    2.92%
      0     0     3275.9841    18     3184.7157 UserPurge2: 1     1143    2.87%
      0     0     3274.2065    19     3184.7157 UserPurge2: 1     1171    2.81%
      0     0     3273.1405    19     3184.7157 UserPurge2: 1     1189    2.78%
      0     0     3271.6187    19     3184.7157 UserPurge2: 1     1226    2.73%
      0     0     3269.2550    20     3184.7157 UserPurge2: 1     1262    2.65%
      0     0     3266.5616    19     3184.7157 UserPurge2: 1     1311    2.57%
      0     0     3264.8958    20     3184.7157 UserPurge2: 1     1361    2.52%
      0     0     3262.9137    19     3184.7157 UserPurge2: 1     1389    2.46%
      0     0     3261.0656    19     3184.7157 UserPurge2: 1     1417    2.40%
      0     0     3259.6797    19     3184.7157 UserPurge2: 1     1436    2.35%
      0     0     3259.1353    19     3184.7157 UserPurge2: 1     1458    2.34%
      0     0     3258.2277    21     3184.7157 UserPurge2: 1     1485    2.31%
      0     0     3257.4069    20     3184.7157 UserPurge2: 1     1519    2.28%
      0     0     3254.2546    17     3184.7157 UserPurge2: 1     1561    2.18%
      0     0     3254.0493    18     3184.7157 UserPurge2: 1     1577    2.18%
      0     0     3253.5821    20     3184.7157 UserPurge2: 1     1595    2.16%
      0     0     3252.5914    18     3184.7157 UserPurge2: 1     1621    2.13%
      0     0     3252.2841    19     3184.7157 UserPurge2: 1     1633    2.12%
      0     0     3252.0492    20     3184.7157 UserPurge2: 1     1648    2.11%
      0     0     3251.5242    20     3184.7157 UserPurge2: 1     1669    2.10%
      0     0     3250.8026    19     3184.7157 UserPurge2: 1     1696    2.08%
      0     0     3250.4882    19     3184.7157 UserPurge2: 1     1715    2.07%
      0     0     3250.3001    20     3184.7157 UserPurge2: 1     1735    2.06%
      0     0     3249.8440    21     3184.7157 UserPurge2: 1     1753    2.05%
      0     0     3249.2033    21     3184.7157 UserPurge2: 1     1789    2.02%
      0     0     3248.9013    22     3184.7157 UserPurge2: 1     1812    2.02%
      0     0     3248.4793    22     3184.7157 UserPurge2: 1     1833    2.00%
      0     0     3247.6817    23     3184.7157 UserPurge2: 1     1860    1.98%
      0     0     3247.5126    23     3184.7157 UserPurge2: 1     1877    1.97%
      0     0     3246.6189    23     3184.7157 UserPurge2: 1     1908    1.94%
      0     0     3246.1094    22     3184.7157 UserPurge2: 1     1935    1.93%
      0     0     3245.7901    23     3184.7157 UserPurge2: 1     1952    1.92%
      0     0     3244.9249    22     3184.7157 UserPurge2: 1     1981    1.89%
      0     0     3244.3875    22     3184.7157 UserPurge2: 1     2012    1.87%
      0     0     3244.0141    23     3184.7157 UserPurge2: 1     2027    1.86%
      0     0     3243.4897    24     3184.7157 UserPurge2: 1     2052    1.85%
      0     0     3243.1056    25     3184.7157 UserPurge2: 1     2081    1.83%
      0     0     3242.3802    23     3184.7157 UserPurge2: 1     2111    1.81%
      0     0     3242.0871    24     3184.7157 UserPurge2: 1     2133    1.80%
      0     0     3241.9105    24     3184.7157 UserPurge2: 1     2146    1.80%
      0     0     3241.6089    24     3184.7157 UserPurge2: 1     2174    1.79%
      0     0     3241.4988    24     3184.7157 UserPurge2: 1     2201    1.78%
      0     0     3241.2437    25     3184.7157 UserPurge2: 1     2227    1.77%
      0     0     3240.7305    26     3184.7157 UserPurge2: 1     2264    1.76%
      0     0     3238.8361    23     3184.7157 UserPurge2: 1     2294    1.70%
      0     0     3238.5162    23     3184.7157 UserPurge2: 1     2312    1.69%
      0     0     3237.8898    22     3184.7157 UserPurge2: 1     2345    1.67%
      0     0     3237.4027    23     3184.7157 UserPurge2: 1     2369    1.65%
      0     0     3237.1612    23     3184.7157 UserPurge2: 1     2383    1.65%
      0     0     3236.9472    24     3184.7157 UserPurge2: 1     2397    1.64%
      0     0     3236.3289    23     3184.7157 UserPurge2: 1     2429    1.62%
      0     0     3236.1408    24     3184.7157 UserPurge2: 1     2440    1.61%
      0     0     3234.9092    23     3184.7157 UserPurge2: 1     2486    1.58%
      0     0     3234.4253    23     3184.7157 UserPurge2: 1     2516    1.56%
      0     0     3234.1870    23     3184.7157 UserPurge2: 1     2532    1.55%
      0     0     3234.0710    23     3184.7157 UserPurge2: 1     2551    1.55%
      0     0     3233.7634    23     3184.7157 UserPurge2: 1     2580    1.54%
      0     0     3233.4178    23     3184.7157 UserPurge2: 1     2604    1.53%
      0     0     3233.2166    23     3184.7157 UserPurge2: 1     2624    1.52%
      0     0     3233.0914    24     3184.7157 UserPurge2: 1     2646    1.52%
      0     0     3232.9133    25     3184.7157 UserPurge2: 1     2671    1.51%
      0     0     3232.7424    25     3184.7157 UserPurge2: 1     2690    1.51%
      0     0     3232.6320    26     3184.7157 UserPurge2: 1     2715    1.50%
      0     0     3232.5119    26     3184.7157 UserPurge2: 1     2737    1.50%
      0     0     3232.3640    25     3184.7157 UserPurge2: 1     2760    1.50%
      0     0     3232.3102    26     3184.7157 UserPurge2: 1     2770    1.49%
      0     0     3232.1600    26     3184.7157 UserPurge2: 1     2796    1.49%
      0     0     3232.0657    27     3184.7157 UserPurge2: 1     2820    1.49%
      0     0     3231.7355    26     3184.7157 UserPurge2: 1     2844    1.48%
      0     0     3231.5715    27     3184.7157 UserPurge2: 1     2864    1.47%
      0     0     3231.3144    26     3184.7157 UserPurge2: 1     2891    1.46%
      0     0     3231.1484    27     3184.7157 UserPurge2: 1     2921    1.46%
      0     0     3231.0621    26     3184.7157 UserPurge2: 1     2928    1.46%
      0     0     3230.9785    27     3184.7157 UserPurge2: 1     2943    1.45%
      0     0     3230.8551    27     3184.7157 UserPurge2: 1     2963    1.45%
      0     0     3230.8257    28     3184.7157 UserPurge2: 1     2969    1.45%
      0     0     3230.5884    28     3184.7157 UserPurge2: 1     2995    1.44%
      0     0     3230.4811    28     3184.7157 UserPurge2: 1     3019    1.44%
      0     0     3230.2461    28     3184.7157 UserPurge2: 1     3043    1.43%
      0     0     3230.2126    28     3184.7157 UserPurge2: 1     3064    1.43%
      0     0     3230.0372    28     3184.7157 UserPurge2: 1     3101    1.42%
      0     0     3229.8396    29     3184.7157 UserPurge2: 1     3127    1.42%
      0     0     3229.6332    29     3184.7157 UserPurge2: 1     3157    1.41%
      0     0     3229.4574    30     3184.7157 UserPurge2: 1     3176    1.40%
      0     0     3229.2333    29     3184.7157 UserPurge2: 1     3209    1.40%
      0     0     3228.8436    28     3184.7157 UserPurge2: 1     3244    1.39%
      0     0     3228.4465    27     3184.7157 UserPurge2: 1     3275    1.37%
      0     0     3227.9020    27     3184.7157 UserPurge2: 1     3322    1.36%
      0     0     3227.4854    27     3184.7157 UserPurge2: 1     3349    1.34%
      0     0     3226.9782    27     3184.7157 UserPurge2: 1     3380    1.33%
      0     0     3226.6462    26     3184.7157 UserPurge2: 1     3407    1.32%
      0     0     3226.1539    27     3184.7157 UserPurge2: 1     3440    1.30%
      0     0     3225.6166    27     3184.7157 UserPurge2: 1     3478    1.28%
      0     0     3225.4545    26     3184.7157 UserPurge2: 1     3498    1.28%
      0     0     3224.9876    26     3184.7157 UserPurge2: 1     3525    1.26%
      0     0     3224.7657    25     3184.7157 UserPurge2: 1     3539    1.26%
      0     0     3224.4102    26     3184.7157 UserPurge2: 1     3568    1.25%
      0     0     3224.1271    26     3184.7157 UserPurge2: 1     3581    1.24%
      0     0     3224.0380    26     3184.7157 UserPurge2: 1     3594    1.23%
      0     0     3223.6546    26     3184.7157 UserPurge2: 1     3625    1.22%
      0     0     3223.3989    24     3184.7157 UserPurge2: 1     3647    1.21%
      0     0     3223.1587    24     3184.7157 UserPurge2: 1     3658    1.21%
      0     0     3222.9923    24     3184.7157 UserPurge2: 1     3680    1.20%
      0     0     3222.6800    24     3184.7157 UserPurge2: 1     3704    1.19%
      0     0     3222.6071    25     3184.7157 UserPurge2: 1     3720    1.19%
      0     0     3222.4555    25     3184.7157 UserPurge2: 1     3735    1.19%
      0     0     3222.3969    26     3184.7157 UserPurge2: 1     3756    1.18%
      0     0     3222.3831    27     3184.7157 UserPurge2: 1     3768    1.18%
      0     0     3222.3382    28     3184.7157 UserPurge2: 1     3791    1.18%
      0     0     3222.2095    29     3184.7157 UserPurge2: 1     3839    1.18%
      0     0     3222.1007    28     3184.7157 UserPurge2: 1     3868    1.17%
      0     0     3221.9645    28     3184.7157 UserPurge2: 1     3904    1.17%
      0     0     3221.8808    28     3184.7157 UserPurge2: 1     3932    1.17%
      0     0     3221.8249    28     3184.7157 UserPurge2: 1     3951    1.17%
      0     0     3221.7637    29     3184.7157 UserPurge2: 1     3967    1.16%
      0     0     3221.7015    30     3184.7157 UserPurge2: 1     3993    1.16%
      0     0     3221.2956    30     3184.7157 UserPurge2: 1     4036    1.15%
      0     0     3220.8213    28     3184.7157 UserPurge2: 1     4085    1.13%
      0     0     3220.4251    26     3184.7157 UserPurge2: 1     4115    1.12%
      0     0     3220.3390    26     3184.7157 UserPurge2: 1     4139    1.12%
      0     0     3220.2123    27     3184.7157 UserPurge2: 1     4162    1.11%
      0     0     3220.1537    27     3184.7157 UserPurge2: 1     4190    1.11%
      0     0     3220.1037    28     3184.7157 UserPurge2: 1     4208    1.11%
      0     0     3220.0613    29     3184.7157 UserPurge2: 1     4220    1.11%
      0     0     3219.9811    29     3184.7157 UserPurge2: 1     4238    1.11%
      0     0     3219.9093    30     3184.7157 UserPurge2: 1     4258    1.11%
      0     0     3219.6157    30     3184.7157 UserPurge2: 1     4289    1.10%
      0     0     3219.5403    30     3184.7157 UserPurge2: 1     4319    1.09%
      0     0     3219.4344    31     3184.7157 UserPurge2: 1     4341    1.09%
      0     0     3219.3941    31     3184.7157 UserPurge2: 1     4368    1.09%
      0     0     3219.3063    32     3184.7157 UserPurge2: 1     4398    1.09%
      0     0     3219.2759    33     3184.7157 UserPurge2: 1     4417    1.09%
      0     0     3219.2169    32     3184.7157 UserPurge2: 1     4447    1.08%
      0     0     3219.1596    32     3184.7157 UserPurge2: 1     4474    1.08%
      0     0     3219.0969    32     3184.7157 UserPurge2: 1     4495    1.08%
      0     0     3219.0073    33     3184.7157 UserPurge2: 1     4534    1.08%
      0     0     3218.7512    32     3184.7157 UserPurge2: 1     4576    1.07%
      0     0     3218.5406    30     3184.7157 UserPurge2: 1     4625    1.06%
      0     0     3218.1910    30     3184.7157 UserPurge2: 1     4651    1.05%
      0     0     3218.0108    30     3184.7157 UserPurge2: 1     4674    1.05%
      0     0     3217.8408    31     3184.7157 UserPurge2: 1     4709    1.04%
      0     0     3217.5517    32     3184.7157 UserPurge2: 1     4753    1.03%
      0     0     3217.3016    32     3184.7157 UserPurge2: 1     4790    1.02%
      0     0     3217.0352    31     3184.7157 UserPurge2: 1     4827    1.01%
      0     0     3216.8452    30     3184.7157 UserPurge2: 1     4859    1.01%
      0     0     3216.6452    29     3184.7157 UserPurge2: 1     4881    1.00%
      0     0     3216.5207    30     3184.7157 UserPurge2: 1     4914    1.00%
      0     0     3216.4438    31     3184.7157 UserPurge2: 1     4927    1.00%
      0     0     3216.2652    31     3184.7157 UserPurge2: 1     4956    0.99%
      0     0     3216.0917    31     3184.7157 UserPurge2: 1     4986    0.99%
      0     0     3215.9977    31     3184.7157 UserPurge2: 1     5011    0.98%
      0     0     3215.8697    31     3184.7157 UserPurge2: 1     5037    0.98%
      0     0     3215.8046    32     3184.7157 UserPurge2: 1     5056    0.98%
      0     0     3215.7215    33     3184.7157 UserPurge2: 1     5082    0.97%
      0     0     3215.6614    34     3184.7157 UserPurge2: 1     5109    0.97%
      0     0     3215.3941    33     3184.7157 UserPurge2: 1     5141    0.96%
      0     0     3215.1196    30     3184.7157 UserPurge2: 1     5174    0.95%
      0     0     3215.0503    30     3184.7157 UserPurge2: 1     5190    0.95%
      0     0     3215.0178    30     3184.7157 UserPurge2: 1     5211    0.95%
      0     0     3214.8964    30     3184.7157 UserPurge2: 1     5238    0.95%
      0     0     3214.7935    30     3184.7157 UserPurge2: 1     5254    0.94%
      0     0     3214.6853    29     3184.7157 UserPurge2: 1     5284    0.94%
      0     0     3214.6282    30     3184.7157 UserPurge2: 1     5310    0.94%
      0     0     3214.5967    31     3184.7157 UserPurge2: 1     5326    0.94%
      0     0     3214.5841    32     3184.7157 UserPurge2: 1     5339    0.94%
      0     0     3214.5140    33     3184.7157 UserPurge2: 1     5376    0.94%
      0     0     3214.3981    33     3184.7157 UserPurge2: 1     5389    0.93%
      0     0     3214.2395    31     3184.7157 UserPurge2: 1     5411    0.93%
      0     0     3214.1938    32     3184.7157 UserPurge2: 1     5433    0.93%
      0     0     3214.1562    32     3184.7157 UserPurge2: 1     5446    0.92%
      0     0     3214.1131    33     3184.7157 UserPurge2: 1     5467    0.92%
      0     0     3214.0321    33     3184.7157 UserPurge2: 1     5486    0.92%
      0     0     3213.9300    34     3184.7157 UserPurge2: 1     5523    0.92%
      0     0     3213.8742    35     3184.7157 UserPurge2: 1     5546    0.92%
      0     0     3213.6573    33     3184.7157 UserPurge2: 1     5576    0.91%
      0     0     3213.5060    33     3184.7157 UserPurge2: 1     5601    0.90%
      0     0     3213.4039    32     3184.7157 UserPurge2: 1     5631    0.90%
      0     0     3213.3439    33     3184.7157 UserPurge2: 1     5656    0.90%
      0     0     3213.2636    34     3184.7157 UserPurge2: 1     5682    0.90%
      0     0     3213.1204    32     3184.7157 UserPurge2: 1     5727    0.89%
      0     0     3213.0367    33     3184.7157 UserPurge2: 1     5753    0.89%
      0     0     3212.9837    34     3184.7157 UserPurge2: 1     5776    0.89%
      0     0     3212.8860    34     3184.7157 UserPurge2: 1     5810    0.88%
      0     0     3212.7476    35     3184.7157 UserPurge2: 1     5842    0.88%
      0     0     3212.6524    34     3184.7157 UserPurge2: 1     5879    0.88%
      0     0     3212.5681    35     3184.7157 UserPurge2: 1     5907    0.87%
      0     0     3212.4640    35     3184.7157 UserPurge2: 1     5953    0.87%
      0     0     3212.3710    35     3184.7157 UserPurge2: 1     5982    0.87%
      0     0     3212.2572    34     3184.7157 UserPurge2: 1     6010    0.86%
      0     0     3212.1951    35     3184.7157 UserPurge2: 1     6032    0.86%
      0     0     3212.0460    35     3184.7157 UserPurge2: 1     6063    0.86%
      0     0     3211.9113    35     3184.7157 UserPurge2: 1     6102    0.85%
      0     0     3211.7634    34     3184.7157 UserPurge2: 1     6132    0.85%
      0     0     3211.5802    34     3184.7157 UserPurge2: 1     6161    0.84%
      0     0     3211.5159    34     3184.7157 UserPurge2: 1     6186    0.84%
      0     0     3211.4285    35     3184.7157 UserPurge2: 1     6199    0.84%
      0     0     3211.3700    36     3184.7157 UserPurge2: 1     6218    0.84%
      0     0     3211.2521    36     3184.7157 UserPurge2: 1     6254    0.83%
      0     0     3211.2066    37     3184.7157 UserPurge2: 1     6288    0.83%
      0     0     3211.0696    36     3184.7157 UserPurge2: 1     6328    0.83%
      0     0     3210.8736    36     3184.7157 UserPurge2: 1     6370    0.82%
      0     0     3210.6947    36     3184.7157 UserPurge2: 1     6403    0.82%
      0     0     3210.5574    36     3184.7157 UserPurge2: 1     6424    0.81%
      0     0     3210.5134    36     3184.7157 UserPurge2: 1     6443    0.81%
      0     0     3210.4511    35     3184.7157 UserPurge2: 1     6466    0.81%
      0     0     3210.3739    36     3184.7157 UserPurge2: 1     6480    0.81%
      0     0     3210.3312    36     3184.7157 UserPurge2: 1     6501    0.80%
      0     0     3210.2768    36     3184.7157 UserPurge2: 1     6530    0.80%
      0     0     3210.2015    37     3184.7157 UserPurge2: 1     6555    0.80%
      0     0     3210.0947    36     3184.7157 UserPurge2: 1     6593    0.80%
      0     0     3210.0564    37     3184.7157 UserPurge2: 1     6617    0.80%
      0     0     3209.9733    37     3184.7157 UserPurge2: 1     6659    0.79%
      0     0     3209.8767    38     3184.7157 UserPurge2: 1     6695    0.79%
      0     0     3209.7884    36     3184.7157 UserPurge2: 1     6725    0.79%
      0     0     3209.6900    35     3184.7157 UserPurge2: 1     6753    0.78%
      0     0     3209.5406    35     3184.7157 UserPurge2: 1     6785    0.78%
      0     0     3209.4628    35     3184.7157 UserPurge2: 1     6827    0.78%
      0     0     3209.4418    35     3184.7157 UserPurge2: 1     6838    0.78%
      0     0     3209.4137    36     3184.7157 UserPurge2: 1     6859    0.78%
      0     0     3209.3922    37     3184.7157 UserPurge2: 1     6891    0.77%
      0     0     3209.3794    38     3184.7157 UserPurge2: 1     6914    0.77%
      0     0     3209.3693    39     3184.7157 UserPurge2: 1     6939    0.77%
      0     0     3209.2966    40     3184.7157 UserPurge2: 1     6992    0.77%
      0     0     3209.2092    40     3184.7157 UserPurge2: 1     7038    0.77%
      0     0     3209.0639    38     3184.7157 UserPurge2: 1     7098    0.76%
      0     0     3208.9592    38     3184.7157 UserPurge2: 1     7133    0.76%
      0     0     3208.9041    39     3184.7157 UserPurge2: 1     7162    0.76%
      0     0     3208.8183    38     3184.7157 UserPurge2: 1     7198    0.76%
      0     0     3208.6877    38     3184.7157 UserPurge2: 1     7233    0.75%
      0     0     3208.5810    39     3184.7157 UserPurge2: 1     7262    0.75%
      0     0     3208.5266    37     3184.7157 UserPurge2: 1     7292    0.75%
      0     0     3208.3662    36     3184.7157 UserPurge2: 1     7360    0.74%
      0     0     3208.3020    35     3184.7157 UserPurge2: 1     7378    0.74%
      0     0     3208.1740    36     3184.7157 UserPurge2: 1     7421    0.74%
      0     0     3208.1172    36     3184.7157 UserPurge2: 1     7446    0.73%
      0     0     3208.0014    36     3184.7157 UserPurge2: 1     7485    0.73%
      0     0     3207.9126    36     3184.7157 UserPurge2: 1     7517    0.73%
      0     0     3207.8191    36     3184.7157 UserPurge2: 1     7543    0.73%
      0     0     3207.7887    36     3184.7157 UserPurge2: 1     7569    0.72%
      0     0     3207.7796    37     3184.7157 UserPurge2: 1     7583    0.72%
      0     0     3207.7529    38     3184.7157 UserPurge2: 1     7599    0.72%
      0     0     3207.6752    36     3184.7157 UserPurge2: 1     7634    0.72%
      0     0     3207.6436    37     3184.7157 UserPurge2: 1     7653    0.72%
      0     0     3207.6110    38     3184.7157 UserPurge2: 1     7689    0.72%
      0     0     3207.5661    39     3184.7157 UserPurge2: 1     7710    0.72%
      0     0     3207.5611    40     3184.7157 UserPurge2: 1     7720    0.72%
      0     0     3207.4799    39     3184.7157 UserPurge2: 1     7776    0.71%
      0     0     3207.3661    39     3184.7157 UserPurge2: 1     7818    0.71%
      0     0     3207.1083    37     3184.7157 UserPurge2: 1     7879    0.70%
      0     0     3206.9848    36     3184.7157 UserPurge2: 1     7913    0.70%
      0     0     3206.8853    37     3184.7157 UserPurge2: 1     7945    0.70%
      0     0     3206.8506    37     3184.7157 UserPurge2: 1     7959    0.70%
      0     0     3206.7683    36     3184.7157 UserPurge2: 1     7989    0.69%
      0     0     3206.6984    36     3184.7157 UserPurge2: 1     8014    0.69%
      0     0     3206.4590    34     3184.7157 UserPurge2: 1     8065    0.68%
      0     0     3206.3921    34     3184.7157 UserPurge2: 1     8092    0.68%
      0     0     3206.2431    35     3184.7157 UserPurge2: 1     8122    0.68%
      0     0     3206.1016    33     3184.7157 UserPurge2: 1     8148    0.67%
      0     0     3205.9995    34     3184.7157 UserPurge2: 1     8169    0.67%
      0     0     3205.9585    35     3184.7157 UserPurge2: 1     8180    0.67%
      0     0     3205.9055    34     3184.7157 UserPurge2: 1     8206    0.67%
      0     0     3205.8459    35     3184.7157 UserPurge2: 1     8229    0.66%
      0     0     3205.8189    36     3184.7157 UserPurge2: 1     8250    0.66%
      0     0     3205.7859    37     3184.7157 UserPurge2: 1     8277    0.66%
      0     0     3205.7755    38     3184.7157 UserPurge2: 1     8289    0.66%
      0     0     3205.7402    39     3184.7157 UserPurge2: 1     8313    0.66%
      0     0     3205.6427    37     3184.7157 UserPurge2: 1     8344    0.66%
      0     0     3205.4764    36     3184.7157 UserPurge2: 1     8383    0.65%
      0     0     3205.4291    37     3184.7157 UserPurge2: 1     8401    0.65%
      0     0     3205.3718    37     3184.7157 UserPurge2: 1     8432    0.65%
      0     0     3205.2904    36     3184.7157 UserPurge2: 1     8473    0.65%
      0     0     3205.2393    36     3184.7157 UserPurge2: 1     8495    0.64%
      0     0     3205.1937    36     3184.7157 UserPurge2: 1     8521    0.64%
      0     0     3205.1313    36     3184.7157 UserPurge2: 1     8571    0.64%
      0     0     3205.0889    37     3184.7157 UserPurge2: 1     8595    0.64%
      0     0     3205.0538    37     3184.7157 UserPurge2: 1     8619    0.64%
      0     0     3205.0073    38     3184.7157 UserPurge2: 1     8647    0.64%
      0     0     3204.9834    37     3184.7157 UserPurge2: 1     8672    0.64%
      0     0     3204.9439    38     3184.7157 UserPurge2: 1     8698    0.64%
      0     0     3204.9254    39     3184.7157 UserPurge2: 1     8717    0.63%
      0     0     3204.8892    39     3184.7157 UserPurge2: 1     8753    0.63%
      0     0     3204.8426    39     3184.7157 UserPurge2: 1     8788    0.63%
      0     0     3204.7537    39     3184.7157 UserPurge2: 1     8834    0.63%
      0     0     3204.6839    39     3184.7157 UserPurge2: 1     8881    0.63%
      0     0     3204.5858    38     3184.7157 UserPurge2: 1     8924    0.62%
      0     0     3204.5111    38     3184.7157 UserPurge2: 1     8939    0.62%
      0     0     3204.4760    38     3184.7157 UserPurge2: 1     8965    0.62%
      0     0     3204.4586    39     3184.7157 UserPurge2: 1     8994    0.62%
      0     0     3204.4407    39     3184.7157 UserPurge2: 1     9020    0.62%
      0     0     3204.4247    40     3184.7157 UserPurge2: 1     9044    0.62%
      0     0     3204.3611    39     3184.7157 UserPurge2: 1     9077    0.62%
      0     0     3204.3248    40     3184.7157 UserPurge2: 1     9115    0.62%
      0     0     3204.2274    38     3184.7157 UserPurge2: 1     9157    0.61%
      0     0     3204.2047    37     3184.7157 UserPurge2: 1     9175    0.61%
      0     0     3204.1720    38     3184.7157 UserPurge2: 1     9197    0.61%
      0     0     3204.1435    39     3184.7157 UserPurge2: 1     9226    0.61%
      0     0     3204.1232    40     3184.7157 UserPurge2: 1     9258    0.61%
      0     0     3204.0977    41     3184.7157 UserPurge2: 1     9292    0.61%
      0     0     3204.0706    41     3184.7157 UserPurge2: 1     9317    0.61%
      0     0     3204.0338    42     3184.7157 UserPurge2: 1     9350    0.61%
      0     0     3203.9921    42     3184.7157 UserPurge2: 1     9396    0.61%
      0     0     3203.9476    41     3184.7157 UserPurge2: 1     9427    0.60%
      0     0     3203.9170    41     3184.7157 UserPurge2: 1     9466    0.60%
      0     0     3203.8951    40     3184.7157 UserPurge2: 1     9496    0.60%
      0     0     3203.8713    39     3184.7157 UserPurge2: 1     9536    0.60%
      0     0     3203.8472    40     3184.7157 UserPurge2: 1     9567    0.60%
      0     0     3203.8234    41     3184.7157 UserPurge2: 1     9610    0.60%
      0     0     3203.8140    42     3184.7157 UserPurge2: 1     9647    0.60%
      0     0     3203.7935    42     3184.7157 UserPurge2: 1     9691    0.60%
      0     0     3203.7805    43     3184.7157 UserPurge2: 1     9725    0.60%
      0     0     3203.7585    43     3184.7157 UserPurge2: 1     9752    0.60%
      0     0     3203.7435    44     3184.7157 UserPurge2: 1     9789    0.60%
      0     0     3203.7179    44     3184.7157 UserPurge2: 1     9816    0.60%
      0     0     3203.6941    45     3184.7157 UserPurge2: 1     9860    0.60%
      0     0     3203.6292    45     3184.7157 UserPurge2: 1     9890    0.59%
      0     0     3203.4989    41     3184.7157 UserPurge2: 1     9933    0.59%
      0     0     3203.3992    42     3184.7157 UserPurge2: 1     9986    0.59%
      0     0     3203.2041    39     3184.7157 UserPurge2: 1    10040    0.58%
      0     0     3203.1802    40     3184.7157 UserPurge2: 1    10058    0.58%
      0     0     3203.1110    39     3184.7157 UserPurge2: 1    10087    0.58%
      0     0     3203.0605    40     3184.7157 UserPurge2: 1    10112    0.58%
      0     0     3203.0092    40     3184.7157 UserPurge2: 1    10135    0.57%
      0     0     3202.9740    40     3184.7157 UserPurge2: 1    10175    0.57%
      0     0     3202.9446    41     3184.7157 UserPurge2: 1    10201    0.57%
      0     0     3202.9222    42     3184.7157 UserPurge2: 1    10228    0.57%
      0     0     3202.8968    43     3184.7157 UserPurge2: 1    10251    0.57%
      0     0     3202.8577    42     3184.7157 UserPurge2: 1    10272    0.57%
      0     0     3202.8387    43     3184.7157 UserPurge2: 1    10301    0.57%
      0     0     3202.8103    43     3184.7157 UserPurge2: 1    10325    0.57%
      0     0     3202.7495    40     3184.7157 UserPurge2: 1    10362    0.57%
      0     0     3202.6900    39     3184.7157 UserPurge2: 1    10398    0.56%
      0     0     3202.6628    40     3184.7157 UserPurge2: 1    10413    0.56%
      0     0     3202.6362    41     3184.7157 UserPurge2: 1    10436    0.56%
      0     0     3202.6145    42     3184.7157 UserPurge2: 1    10459    0.56%
      0     0     3202.5781    42     3184.7157 UserPurge2: 1    10487    0.56%
      0     0     3202.5650    42     3184.7157 UserPurge2: 1    10504    0.56%
      0     0     3202.5368    42     3184.7157 UserPurge2: 1    10524    0.56%
      0     0     3202.4952    42     3184.7157 UserPurge2: 1    10553    0.56%
      0     0     3202.4863    42     3184.7157 UserPurge2: 1    10570    0.56%
      0     0     3202.4305    42     3184.7157 UserPurge2: 1    10610    0.56%
      0     0     3202.3861    41     3184.7157 UserPurge2: 1    10640    0.55%
      0     0     3202.3636    42     3184.7157 UserPurge2: 1    10658    0.55%
      0     0     3202.3273    42     3184.7157 UserPurge2: 1    10700    0.55%
      0     0     3202.2736    42     3184.7157 UserPurge2: 1    10737    0.55%
      0     0     3202.2191    40     3184.7157 UserPurge2: 1    10769    0.55%
      0     0     3202.1895    40     3184.7157 UserPurge2: 1    10797    0.55%
      0     0     3202.1473    39     3184.7157 UserPurge2: 1    10829    0.55%
      0     0     3202.1273    40     3184.7157 UserPurge2: 1    10841    0.55%
      0     0     3202.1086    41     3184.7157 UserPurge2: 1    10858    0.55%
      0     0     3202.1018    42     3184.7157 UserPurge2: 1    10877    0.55%
      0     0     3202.0853    43     3184.7157 UserPurge2: 1    10903    0.55%
      0     0     3202.0668    44     3184.7157 UserPurge2: 1    10936    0.54%
      0     0     3202.0546    44     3184.7157 UserPurge2: 1    10960    0.54%
      0     0     3202.0462    45     3184.7157 UserPurge2: 1    10990    0.54%
      0     0     3202.0096    45     3184.7157 UserPurge2: 1    11039    0.54%
      0     0     3201.9623    44     3184.7157 UserPurge2: 1    11080    0.54%
      0     0     3201.8980    42     3184.7157 UserPurge2: 1    11122    0.54%
      0     0     3201.8450    41     3184.7157 UserPurge2: 1    11141    0.54%
      0     0     3201.8185    42     3184.7157 UserPurge2: 1    11159    0.54%
      0     0     3201.8032    42     3184.7157 UserPurge2: 1    11178    0.54%
      0     0     3201.7844    43     3184.7157 UserPurge2: 1    11204    0.54%
      0     0     3201.7758    42     3184.7157 UserPurge2: 1    11222    0.54%
      0     0     3201.7693    43     3184.7157 UserPurge2: 1    11240    0.54%
      0     0     3201.7568    43     3184.7157 UserPurge2: 1    11267    0.54%
      0     0     3201.7348    44     3184.7157 UserPurge2: 1    11302    0.53%
      0     0     3201.6995    44     3184.7157 UserPurge2: 1    11346    0.53%
      0     0     3201.6438    41     3184.7157 UserPurge2: 1    11391    0.53%
      0     0     3201.5976    41     3184.7157 UserPurge2: 1    11429    0.53%
      0     0     3201.5609    40     3184.7157 UserPurge2: 1    11472    0.53%
      0     0     3201.5478    40     3184.7157 UserPurge2: 1    11490    0.53%
      0     0     3201.5383    39     3184.7157 UserPurge2: 1    11505    0.53%
      0     0     3201.5294    40     3184.7157 UserPurge2: 1    11516    0.53%
      0     0     3201.5230    41     3184.7157 UserPurge2: 1    11537    0.53%
      0     0     3201.5144    42     3184.7157 UserPurge2: 1    11561    0.53%
      0     0     3201.4876    40     3184.7157 UserPurge2: 1    11605    0.53%
      0     0     3201.4661    40     3184.7157 UserPurge2: 1    11626    0.53%
      0     0     3201.4475    41     3184.7157 UserPurge2: 1    11653    0.53%
      0     0     3201.4435    42     3184.7157 UserPurge2: 1    11671    0.53%
      0     0     3201.4357    43     3184.7157 UserPurge2: 1    11690    0.53%
      0     0     3201.4180    44     3184.7157 UserPurge2: 1    11725    0.52%
      0     0     3201.3781    44     3184.7157 UserPurge2: 1    11779    0.52%
      0     0     3201.3621    43     3184.7157 UserPurge2: 1    11812    0.52%
      0     0     3201.3445    44     3184.7157 UserPurge2: 1    11839    0.52%
      0     0     3201.3416    45     3184.7157 UserPurge2: 1    11862    0.52%
      0     0     3201.3359    46     3184.7157 UserPurge2: 1    11890    0.52%
      0     0     3201.3246    47     3184.7157 UserPurge2: 1    11943    0.52%
      0     0     3201.2668    44     3184.7157 UserPurge2: 1    12020    0.52%
      0     0     3201.2487    45     3184.7157 UserPurge2: 1    12042    0.52%
      0     0     3201.2356    46     3184.7157 UserPurge2: 1    12055    0.52%
      0     0     3201.2107    46     3184.7157 UserPurge2: 1    12089    0.52%
      0     0     3201.1974    46     3184.7157 UserPurge2: 1    12122    0.52%
      0     0     3201.1612    45     3184.7157 UserPurge2: 1    12165    0.52%
      0     0     3201.1300    44     3184.7157 UserPurge2: 1    12191    0.52%
      0     0     3201.1097    45     3184.7157 UserPurge2: 1    12226    0.51%
      0     0     3201.0939    45     3184.7157 UserPurge2: 1    12262    0.51%
      0     0     3201.0766    46     3184.7157 UserPurge2: 1    12296    0.51%
      0     0     3201.0573    46     3184.7157 UserPurge2: 1    12335    0.51%
      0     0     3201.0135    46     3184.7157 UserPurge2: 1    12397    0.51%
      0     0     3200.9709    45     3184.7157 UserPurge2: 1    12442    0.51%
      0     0     3200.9344    45     3184.7157 UserPurge2: 1    12466    0.51%
      0     0     3200.9101    45     3184.7157 UserPurge2: 1    12511    0.51%
      0     0     3200.8336    45     3184.7157 UserPurge2: 1    12558    0.51%
      0     0     3200.7734    44     3184.7157 UserPurge2: 1    12604    0.50%
      0     0     3200.7530    44     3184.7157 UserPurge2: 1    12622    0.50%
      0     0     3200.7291    45     3184.7157 UserPurge2: 1    12659    0.50%
      0     0     3200.7161    46     3184.7157 UserPurge2: 1    12676    0.50%
      0     0     3200.6901    46     3184.7157 UserPurge2: 1    12721    0.50%
      0     0     3200.6818    46     3184.7157 UserPurge2: 1    12746    0.50%
      0     0     3200.6648    47     3184.7157 UserPurge2: 1    12782    0.50%
      0     0     3200.6394    46     3184.7157 UserPurge2: 1    12814    0.50%
      0     0     3200.6319    47     3184.7157 UserPurge2: 1    12834    0.50%
      0     0     3200.6087    47     3184.7157 UserPurge2: 1    12871    0.50%
      0     0     3200.5967    48     3184.7157 UserPurge2: 1    12898    0.50%
      0     0     3200.5853    49     3184.7157 UserPurge2: 1    12937    0.50%
      0     0     3200.5637    48     3184.7157 UserPurge2: 1    12982    0.50%
      0     0     3200.5165    45     3184.7157 UserPurge2: 1    13037    0.50%
      0     0     3200.4422    45     3184.7157 UserPurge2: 1    13090    0.49%
      0     0     3200.3988    43     3184.7157 UserPurge2: 1    13123    0.49%
      0     0     3200.3633    44     3184.7157 UserPurge2: 1    13144    0.49%
      0     0     3200.3305    44     3184.7157 UserPurge2: 1    13185    0.49%
      0     0     3200.3081    45     3184.7157 UserPurge2: 1    13205    0.49%
      0     0     3200.2783    45     3184.7157 UserPurge2: 1    13247    0.49%
      0     0     3200.2603    45     3184.7157 UserPurge2: 1    13287    0.49%
      0     0     3200.2223    45     3184.7157 UserPurge2: 1    13329    0.49%
      0     0     3200.2076    46     3184.7157 UserPurge2: 1    13348    0.49%
      0     0     3200.1814    47     3184.7157 UserPurge2: 1    13381    0.49%
      0     0     3200.1550    45     3184.7157 UserPurge2: 1    13418    0.48%
      0     0     3200.1160    46     3184.7157 UserPurge2: 1    13463    0.48%
      0     0     3200.0994    47     3184.7157 UserPurge2: 1    13488    0.48%
      0     0     3200.0384    47     3184.7157 UserPurge2: 1    13530    0.48%
      0     0     3200.0269    46     3184.7157 UserPurge2: 1    13564    0.48%
      0     0     3199.9942    45     3184.7157 UserPurge2: 1    13601    0.48%
      0     0     3199.9807    46     3184.7157 UserPurge2: 1    13637    0.48%
      0     0     3199.9597    47     3184.7157 UserPurge2: 1    13672    0.48%
      0     0     3199.9295    48     3184.7157 UserPurge2: 1    13709    0.48%
      0     0     3199.9057    47     3184.7157 UserPurge2: 1    13745    0.48%
      0     0     3199.8683    47     3184.7157 UserPurge2: 1    13773    0.48%
      0     0     3199.8550    48     3184.7157 UserPurge2: 1    13804    0.48%
      0     0     3199.8439    49     3184.7157 UserPurge2: 1    13834    0.48%
      0     0     3199.7872    47     3184.7157 UserPurge2: 1    13882    0.47%
      0     0     3199.7569    46     3184.7157 UserPurge2: 1    13916    0.47%
      0     0     3199.7428    47     3184.7157 UserPurge2: 1    13944    0.47%
      0     0     3199.7264    47     3184.7157 UserPurge2: 1    13978    0.47%
      0     0     3199.7062    47     3184.7157 UserPurge2: 1    13995    0.47%
      0     0     3199.6857    47     3184.7157 UserPurge2: 1    14023    0.47%
      0     0     3199.6616    48     3184.7157 UserPurge2: 1    14052    0.47%
      0     0     3199.6270    46     3184.7157 UserPurge2: 1    14097    0.47%
      0     0     3199.5945    47     3184.7157 UserPurge2: 1    14121    0.47%
      0     0     3199.5640    47     3184.7157 UserPurge2: 1    14162    0.47%
      0     0     3199.5326    47     3184.7157 UserPurge2: 1    14197    0.47%
      0     0     3199.5196    47     3184.7157 UserPurge2: 1    14227    0.46%
      0     0     3199.4869    47     3184.7157 UserPurge2: 1    14261    0.46%
      0     0     3199.4813    47     3184.7157 UserPurge2: 1    14274    0.46%
      0     0     3199.4543    47     3184.7157 UserPurge2: 1    14323    0.46%
      0     0     3199.4218    47     3184.7157 UserPurge2: 1    14355    0.46%
      0     0     3199.3787    46     3184.7157 UserPurge2: 1    14405    0.46%
      0     0     3199.3386    46     3184.7157 UserPurge2: 1    14427    0.46%
      0     0     3199.3217    45     3184.7157 UserPurge2: 1    14456    0.46%
      0     0     3199.3000    46     3184.7157 UserPurge2: 1    14495    0.46%
      0     0     3199.2905    46     3184.7157 UserPurge2: 1    14515    0.46%
      0     0     3199.2710    46     3184.7157 UserPurge2: 1    14551    0.46%
      0     0     3199.2623    47     3184.7157 UserPurge2: 1    14579    0.46%
      0     0     3199.2584    48     3184.7157 UserPurge2: 1    14600    0.46%
      0     0     3199.2406    49     3184.7157 UserPurge2: 1    14631    0.46%
      0     0     3199.2286    50     3184.7157 UserPurge2: 1    14663    0.46%
      0     0     3199.1391    45     3184.7157 UserPurge2: 1    14727    0.45%
      0     0     3199.1110    43     3184.7157 UserPurge2: 1    14752    0.45%
      0     0     3199.0767    41     3184.7157 UserPurge2: 1    14777    0.45%
      0     0     3199.0589    41     3184.7157 UserPurge2: 1    14801    0.45%
      0     0     3199.0423    42     3184.7157 UserPurge2: 1    14824    0.45%
      0     0     3199.0274    43     3184.7157 UserPurge2: 1    14848    0.45%
      0     0     3199.0194    44     3184.7157 UserPurge2: 1    14872    0.45%
      0     0     3199.0132    45     3184.7157 UserPurge2: 1    14896    0.45%
      0     0     3199.0026    46     3184.7157 UserPurge2: 1    14927    0.45%
      0     0     3198.9928    46     3184.7157 UserPurge2: 1    14956    0.45%
      0     0     3198.9785    45     3184.7157 UserPurge2: 1    14980    0.45%
      0     0     3198.9690    46     3184.7157 UserPurge2: 1    15001    0.45%
      0     0     3198.9386    46     3184.7157 UserPurge2: 1    15047    0.45%
      0     0     3198.9206    46     3184.7157 UserPurge2: 1    15080    0.45%
      0     0     3198.8931    46     3184.7157 UserPurge2: 1    15114    0.45%
      0     0     3198.8548    46     3184.7157 UserPurge2: 1    15154    0.44%
      0     0     3198.8177    46     3184.7157 UserPurge2: 1    15208    0.44%
      0     0     3198.7851    45     3184.7157 UserPurge2: 1    15242    0.44%
      0     0     3198.7689    45     3184.7157 UserPurge2: 1    15272    0.44%
      0     0     3198.7557    46     3184.7157 UserPurge2: 1    15308    0.44%
      0     0     3198.7500    47     3184.7157 UserPurge2: 1    15327    0.44%
      0     0     3198.7133    48     3184.7157 UserPurge2: 1    15383    0.44%
      0     0     3198.6826    47     3184.7157 UserPurge2: 1    15412    0.44%
      0     0     3198.6589    47     3184.7157 UserPurge2: 1    15447    0.44%
      0     0     3198.6353    48     3184.7157 UserPurge2: 1    15475    0.44%
      0     0     3198.5898    47     3184.7157 UserPurge2: 1    15522    0.44%
      0     0     3198.5778    48     3184.7157 UserPurge2: 1    15552    0.44%
      0     0     3198.5571    49     3184.7157 UserPurge2: 1    15583    0.43%
      0     0     3198.5458    46     3184.7157 UserPurge2: 1    15621    0.43%
      0     0     3198.5418    47     3184.7157 UserPurge2: 1    15647    0.43%
      0     0     3198.5338    48     3184.7157 UserPurge2: 1    15670    0.43%
      0     0     3198.5208    49     3184.7157 UserPurge2: 1    15703    0.43%
      0     0     3198.5085    49     3184.7157 UserPurge2: 1    15736    0.43%
      0     0     3198.4833    48     3184.7157 UserPurge2: 1    15782    0.43%
      0     0     3198.4660    49     3184.7157 UserPurge2: 1    15809    0.43%
      0     0     3198.4584    50     3184.7157 UserPurge2: 1    15844    0.43%
      0     0     3198.4458    51     3184.7157 UserPurge2: 1    15892    0.43%
      0     0     3198.4219    49     3184.7157 UserPurge2: 1    15941    0.43%
      0     0     3198.4074    49     3184.7157 UserPurge2: 1    15989    0.43%
      0     0     3198.3944    50     3184.7157 UserPurge2: 1    16037    0.43%
      0     0     3198.3820    51     3184.7157 UserPurge2: 1    16064    0.43%
      0     0     3198.3672    52     3184.7157 UserPurge2: 1    16098    0.43%
      0     0     3198.3397    52     3184.7157 UserPurge2: 1    16138    0.43%
      0     0     3198.3234    50     3184.7157 UserPurge2: 1    16170    0.43%
      0     0     3198.3061    51     3184.7157 UserPurge2: 1    16201    0.43%
      0     0     3198.2949    50     3184.7157 UserPurge2: 1    16237    0.43%
      0     0     3198.2818    50     3184.7157 UserPurge2: 1    16267    0.43%
      0     0     3198.2569    48     3184.7157 UserPurge2: 1    16309    0.43%
      0     0     3198.2422    49     3184.7157 UserPurge2: 1    16341    0.42%
      0     0     3198.2314    49     3184.7157 UserPurge2: 1    16375    0.42%
      0     0     3198.2222    50     3184.7157 UserPurge2: 1    16390    0.42%
      0     0     3198.2151    51     3184.7157 UserPurge2: 1    16416    0.42%
      0     2     3198.2151    51     3184.7157     3198.2151    16416    0.42%
Elapsed time = 47.48 sec. (8374.69 ticks, tree = 0.01 MB, solutions = 1)
      1     3     3189.5616    48     3184.7157     3198.2151    30876    0.42%
*     2     2      integral     0     3191.4878     3198.2151    70172    0.21%
      2     0     3191.4878     0     3191.4878     3191.4878    70172    0.00%

User cuts applied:  1802

Root node processing (before b&c):
  Real time             =   47.48 sec. (8379.65 ticks)
Sequential b&c:
  Real time             =  113.97 sec. (53926.80 ticks)
                          ------------
Total (root+branch&cut) =  161.45 sec. (62306.45 ticks)
@Parameters: 
is_S_cut                                true
is_add_all_yinF                         true
is_start_value                          true
is_usercut                              true
is_visualization                        false
uc_only_rootnode                        false

data                                    Qi
fn                                      data/Qi/instance_1000_1000.csv
mode                                    NewSubmodular
solver                                  cplex

p                                       10
r                                       5

EPS                                     1.0e-06
EPS_vio                                 1.0e-04
beta                                    0.10
gap                                     0.00
nodelimit                               Inf
timelimit                               7200.00


@PrintInfos
ItCnt: 70172
Current gap: 0.00 %
Termination Status: OPTIMAL
Primal Status: FEASIBLE_POINT
Solve Time: 161.45 sec
Objective Value: 3191.487829
Number of Nodes:      3

CutInfo: [phase] num / time (sec) 
ZLP             [phase1]     0 / 0.00 [rLC]     0 / 0.00 [rUC]     0 / 0.00 [sLC]     0 / 0.00 [sUC]     0 / 0.00 
OldSubmodular   [phase1]     0 / 0.00 [rLC]     0 / 0.00 [rUC]     0 / 0.00 [sLC]     0 / 0.00 [sUC]     0 / 0.00 
NewSubmodular   [phase1]     0 / 0.00 [rLC]   132 / 15.36 [rUC]   565 / 24.16 [sLC]     1 / 8.61 [sUC]  1747 / 65.34 
PMP             [phase1]     0 / 0.00 [rLC]     2 / 10.41 [rUC]     0 / 0.00 [sLC]     2 / 8.58 [sUC]     0 / 0.00 
Separation Round: [phase1] 0  [rLC] 133  [rUC] 565  [sLC] 2  [sUC] 1071
Root Best Bound 3191.487829
Root Best Integer: 3191.487829
Best Bound: 3191.487829
Best Integer: 3191.487829

