Version identifier: 20.1.0.0 | 2020-11-10 | 9bedb6d68
CPXPARAM_Threads                                 1
CPXPARAM_TimeLimit                               7200
CPXPARAM_MIP_Tolerances_MIPGap                   0
Generic callback                                 0x60
1 of 1 MIP starts provided solutions.
MIP start 'm1' defined initial solution with objective 2707.1289.
Tried aggregator 1 time.
Reduced MIP has 1 rows, 501 columns, and 500 nonzeros.
Reduced MIP has 500 binaries, 0 generals, 0 SOSs, and 0 indicators.
Presolve time = 0.00 sec. (0.15 ticks)
Probing time = 0.00 sec. (0.05 ticks)
Tried aggregator 1 time.
Reduced MIP has 1 rows, 501 columns, and 500 nonzeros.
Reduced MIP has 500 binaries, 0 generals, 0 SOSs, and 0 indicators.
Presolve time = 0.00 sec. (0.15 ticks)
Probing time = 0.00 sec. (0.05 ticks)
MIP emphasis: balance optimality and feasibility.
MIP search method: dynamic search.
Parallel mode: none, using 1 thread.
Root relaxation solution time = 0.00 sec. (0.10 ticks)

        Nodes                                         Cuts/
   Node  Left     Objective  IInf  Best Integer    Best Bound    ItCnt     Gap

*     0+    0                         2707.1289     5432.0000           100.66%
      0     0     3566.6753     2     2707.1289     5432.0000        0  100.66%
      0     0     3355.5690     3     2707.1289 UserPurge2: 1        8   23.95%
      0     0     3197.6822     5     2707.1289 UserPurge2: 1       16   18.12%
      0     0     3095.2040     6     2707.1289 UserPurge2: 1       29   14.34%
      0     0     3037.5786     8     2707.1289 UserPurge2: 1       44   12.21%
      0     0     2996.2743     9     2707.1289 UserPurge2: 1       55   10.68%
      0     0     2971.6442    11     2707.1289 UserPurge2: 1       75    9.77%
      0     0     2936.4336    11     2707.1289 UserPurge2: 1      101    8.47%
      0     0     2926.2707    12     2707.1289 UserPurge2: 1      112    8.09%
      0     0     2917.7791    12     2707.1289 UserPurge2: 1      145    7.78%
      0     0     2901.8936    13     2707.1289 UserPurge2: 1      167    7.19%
      0     0     2894.9511    15     2707.1289 UserPurge2: 1      182    6.94%
      0     0     2890.0512    16     2707.1289 UserPurge2: 1      215    6.76%
      0     0     2883.5962    17     2707.1289 UserPurge2: 1      234    6.52%
      0     0     2873.2086    16     2707.1289 UserPurge2: 1      274    6.13%
      0     0     2866.1211    17     2707.1289 UserPurge2: 1      299    5.87%
      0     0     2862.7808    17     2707.1289 UserPurge2: 1      315    5.75%
      0     0     2857.6051    17     2707.1289 UserPurge2: 1      342    5.56%
      0     0     2855.6748    19     2707.1289 UserPurge1: 1      348    5.49%
      0     0     2854.9566    19     2707.1289 UserPurge1: 1      352    5.46%
      0     0     2852.5812    18     2707.1289 UserPurge2: 1      377    5.37%
      0     0     2839.2970    15     2707.1289 UserPurge2: 1      421    4.88%
      0     0     2830.6711    15     2707.1289 UserPurge2: 1      436    4.56%
      0     0     2826.1188    15     2707.1289 UserPurge2: 1      459    4.40%
      0     0     2824.1784    14     2707.1289 UserPurge2: 1      474    4.32%
      0     0     2823.2642    15     2707.1289 UserPurge1: 1      478    4.29%
      0     0     2820.9406    15     2707.1289 UserPurge2: 1      500    4.20%
      0     0     2819.9289    17     2707.1289 UserPurge1: 3      514    4.17%
      0     0     2818.3490    15     2707.1289 UserPurge2: 1      539    4.11%
      0     0     2817.2862    17     2707.1289 UserPurge1: 2      543    4.07%
      0     0     2815.9565    16     2707.1289 UserPurge2: 1      563    4.02%
      0     0     2813.8616    16     2707.1289 UserPurge2: 1      587    3.94%
      0     0     2812.2358    17     2707.1289 UserPurge2: 1      608    3.88%
      0     0     2811.8121    17     2707.1289 UserPurge1: 1      612    3.87%
      0     0     2810.0306    17     2707.1289 UserPurge2: 1      637    3.80%
      0     0     2808.5407    16     2707.1289 UserPurge2: 1      660    3.75%
      0     0     2806.7937    15     2707.1289 UserPurge2: 1      683    3.68%
      0     0     2805.9325    17     2707.1289 UserPurge2: 1      707    3.65%
      0     0     2804.3739    16     2707.1289 UserPurge2: 1      731    3.59%
      0     0     2803.5098    18     2707.1289 UserPurge2: 1      749    3.56%
      0     0     2802.7568    18     2707.1289 UserPurge2: 1      771    3.53%
      0     0     2801.6642    18     2707.1289 UserPurge2: 1      793    3.49%
      0     0     2800.3428    19     2707.1289 UserPurge2: 1      827    3.44%
      0     0     2797.3711    18     2707.1289 UserPurge2: 1      865    3.33%
      0     0     2795.5964    18     2707.1289 UserPurge2: 1      879    3.27%
      0     0     2794.6017    19     2707.1289 UserPurge2: 1      901    3.23%
      0     0     2792.6916    17     2707.1289 UserPurge2: 1      929    3.16%
      0     0     2792.0168    18     2707.1289 UserPurge2: 1      944    3.14%
      0     0     2791.6975    20     2707.1289 UserPurge2: 1      960    3.12%
      0     0     2790.8185    20     2707.1289 UserPurge2: 1      985    3.09%
      0     0     2789.2863    19     2707.1289 UserPurge2: 1     1014    3.03%
      0     0     2787.3101    19     2707.1289 UserPurge2: 1     1043    2.96%
      0     0     2783.2413    19     2707.1289 UserPurge2: 1     1085    2.81%
      0     0     2782.4476    18     2707.1289 UserPurge2: 1     1108    2.78%
      0     0     2781.8098    19     2707.1289 UserPurge2: 1     1134    2.76%
      0     0     2780.6880    20     2707.1289 UserPurge2: 1     1151    2.72%
      0     0     2780.0514    20     2707.1289 UserPurge2: 1     1172    2.69%
      0     0     2779.7388    21     2707.1289 UserPurge2: 1     1186    2.68%
      0     0     2778.9656    21     2707.1289 UserPurge2: 1     1208    2.65%
      0     0     2777.0396    21     2707.1289 UserPurge2: 1     1255    2.58%
      0     0     2775.7519    20     2707.1289 UserPurge2: 1     1273    2.53%
      0     0     2774.9898    19     2707.1289 UserPurge2: 1     1290    2.51%
      0     0     2774.4471    21     2707.1289 UserPurge2: 1     1305    2.49%
      0     0     2774.0203    21     2707.1289 UserPurge2: 1     1327    2.47%
      0     0     2773.5437    22     2707.1289 UserPurge2: 1     1348    2.45%
      0     0     2772.5078    22     2707.1289 UserPurge2: 1     1377    2.42%
      0     0     2771.6961    21     2707.1289 UserPurge2: 1     1399    2.39%
      0     0     2770.9140    22     2707.1289 UserPurge2: 1     1420    2.36%
      0     0     2769.9136    23     2707.1289 UserPurge2: 1     1451    2.32%
      0     0     2768.7369    22     2707.1289 UserPurge2: 1     1495    2.28%
      0     0     2768.1076    22     2707.1289 UserPurge2: 1     1519    2.25%
      0     0     2767.8604    23     2707.1289 UserPurge2: 1     1544    2.24%
      0     0     2767.4156    24     2707.1289 UserPurge2: 1     1564    2.23%
      0     0     2766.9928    24     2707.1289 UserPurge2: 1     1589    2.21%
      0     0     2766.5641    24     2707.1289 UserPurge2: 1     1610    2.20%
      0     0     2765.7522    23     2707.1289 UserPurge2: 1     1638    2.17%
      0     0     2764.6136    21     2707.1289 UserPurge2: 1     1664    2.12%
      0     0     2763.9916    21     2707.1289 UserPurge2: 1     1690    2.10%
      0     0     2763.2988    22     2707.1289 UserPurge2: 1     1708    2.07%
      0     0     2763.0784    23     2707.1289 UserPurge2: 1     1724    2.07%
      0     0     2762.7748    24     2707.1289 UserPurge2: 1     1746    2.06%
      0     0     2762.4842    24     2707.1289 UserPurge2: 1     1763    2.04%
      0     0     2762.1107    24     2707.1289 UserPurge2: 1     1783    2.03%
      0     0     2761.9248    23     2707.1289 UserPurge2: 1     1802    2.02%
      0     0     2761.6886    24     2707.1289 UserPurge2: 1     1821    2.02%
      0     0     2761.4829    25     2707.1289 UserPurge2: 1     1836    2.01%
      0     0     2760.9611    26     2707.1289 UserPurge2: 1     1873    1.99%
      0     0     2760.3370    26     2707.1289 UserPurge2: 1     1899    1.97%
      0     0     2760.0351    26     2707.1289 UserPurge2: 1     1917    1.95%
      0     0     2759.6681    26     2707.1289 UserPurge2: 1     1944    1.94%
      0     0     2759.3908    25     2707.1289 UserPurge2: 1     1969    1.93%
      0     0     2759.1509    26     2707.1289 UserPurge2: 1     1985    1.92%
      0     0     2759.0836    27     2707.1289 UserPurge2: 1     1998    1.92%
      0     0     2758.6806    27     2707.1289 UserPurge2: 1     2033    1.90%
      0     0     2758.1020    27     2707.1289 UserPurge2: 1     2071    1.88%
      0     0     2757.0662    26     2707.1289 UserPurge2: 1     2110    1.84%
      0     0     2755.9124    25     2707.1289 UserPurge2: 1     2132    1.80%
      0     0     2755.4720    24     2707.1289 UserPurge2: 1     2155    1.79%
      0     0     2754.8000    25     2707.1289 UserPurge2: 1     2177    1.76%
      0     0     2753.8405    25     2707.1289 UserPurge2: 1     2206    1.73%
      0     0     2752.6393    22     2707.1289 UserPurge2: 1     2241    1.68%
      0     0     2752.4101    22     2707.1289 UserPurge2: 1     2260    1.67%
      0     0     2752.2079    22     2707.1289 UserPurge2: 1     2274    1.67%
      0     0     2751.9997    22     2707.1289 UserPurge2: 1     2283    1.66%
      0     0     2751.9051    23     2707.1289 UserPurge2: 1     2290    1.65%
      0     0     2750.7856    21     2707.1289 UserPurge2: 1     2328    1.61%
      0     0     2750.1387    21     2707.1289 UserPurge2: 1     2349    1.59%
      0     0     2749.4600    19     2707.1289 UserPurge2: 1     2366    1.56%
      0     0     2748.9960    19     2707.1289 UserPurge2: 1     2386    1.55%
      0     0     2748.6618    20     2707.1289 UserPurge2: 1     2410    1.53%
      0     0     2748.5100    21     2707.1289 UserPurge2: 1     2422    1.53%
      0     0     2748.4020    22     2707.1289 UserPurge2: 1     2427    1.52%
      0     0     2748.2510    22     2707.1289 UserPurge2: 1     2436    1.52%
      0     0     2748.1480    22     2707.1289 UserPurge2: 1     2455    1.52%
      0     0     2748.0380    22     2707.1289 UserPurge2: 1     2468    1.51%
      0     0     2747.9663    23     2707.1289 UserPurge2: 1     2483    1.51%
      0     0     2747.9101    24     2707.1289 UserPurge2: 1     2495    1.51%
      0     0     2747.7752    25     2707.1289 UserPurge2: 1     2521    1.50%
      0     0     2747.6967    25     2707.1289 UserPurge2: 1     2542    1.50%
      0     0     2747.6179    26     2707.1289 UserPurge2: 1     2559    1.50%
      0     0     2747.4675    27     2707.1289 UserPurge2: 1     2576    1.49%
      0     0     2747.2833    27     2707.1289 UserPurge2: 1     2599    1.48%
      0     0     2747.1299    26     2707.1289 UserPurge2: 1     2617    1.48%
      0     0     2747.0009    27     2707.1289 UserPurge2: 1     2634    1.47%
      0     0     2746.7238    26     2707.1289 UserPurge2: 1     2651    1.46%
      0     0     2746.6489    26     2707.1289 UserPurge2: 1     2664    1.46%
      0     0     2746.5775    27     2707.1289 UserPurge2: 1     2676    1.46%
      0     0     2746.4427    27     2707.1289 UserPurge2: 1     2702    1.45%
      0     0     2746.2832    27     2707.1289 UserPurge2: 1     2720    1.45%
      0     0     2746.1270    28     2707.1289 UserPurge2: 1     2747    1.44%
      0     0     2746.0548    29     2707.1289 UserPurge2: 1     2762    1.44%
      0     0     2745.9075    29     2707.1289 UserPurge2: 1     2783    1.43%
      0     0     2745.5730    28     2707.1289 UserPurge2: 1     2824    1.42%
      0     0     2745.3908    26     2707.1289 UserPurge2: 1     2843    1.41%
      0     0     2745.2011    26     2707.1289 UserPurge2: 1     2869    1.41%
      0     0     2745.1442    26     2707.1289 UserPurge2: 1     2879    1.40%
      0     0     2744.9939    27     2707.1289 UserPurge2: 1     2900    1.40%
      0     0     2744.8570    28     2707.1289 UserPurge2: 1     2925    1.39%
      0     0     2744.6084    28     2707.1289 UserPurge2: 1     2951    1.38%
      0     0     2744.3484    28     2707.1289 UserPurge2: 1     2972    1.37%
      0     0     2743.8149    26     2707.1289 UserPurge2: 1     2992    1.36%
      0     0     2743.6139    25     2707.1289 UserPurge2: 1     3005    1.35%
      0     0     2743.5584    25     2707.1289 UserPurge2: 1     3017    1.35%
      0     0     2743.5019    26     2707.1289 UserPurge2: 1     3030    1.34%
      0     0     2743.2627    26     2707.1289 UserPurge2: 1     3058    1.33%
      0     0     2743.1210    27     2707.1289 UserPurge2: 1     3073    1.33%
      0     0     2743.0409    27     2707.1289 UserPurge2: 1     3091    1.33%
      0     0     2742.9685    28     2707.1289 UserPurge2: 1     3108    1.32%
      0     0     2742.8623    28     2707.1289 UserPurge2: 1     3129    1.32%
      0     0     2742.6520    28     2707.1289 UserPurge2: 1     3158    1.31%
      0     0     2742.5459    28     2707.1289 UserPurge2: 1     3183    1.31%
      0     0     2742.5017    29     2707.1289 UserPurge2: 1     3201    1.31%
      0     0     2742.3894    29     2707.1289 UserPurge2: 1     3215    1.30%
      0     0     2742.3005    28     2707.1289 UserPurge2: 1     3232    1.30%
      0     0     2742.2587    28     2707.1289 UserPurge2: 1     3245    1.30%
      0     0     2742.1798    29     2707.1289 UserPurge2: 1     3267    1.29%
      0     0     2742.0574    30     2707.1289 UserPurge2: 1     3295    1.29%
      0     0     2741.9674    28     2707.1289 UserPurge2: 1     3315    1.29%
      0     0     2741.8576    27     2707.1289 UserPurge2: 1     3335    1.28%
      0     0     2741.5537    28     2707.1289 UserPurge2: 1     3368    1.27%
      0     0     2741.2753    26     2707.1289 UserPurge2: 1     3402    1.26%
      0     0     2741.0954    26     2707.1289 UserPurge2: 1     3423    1.25%
      0     0     2740.9758    27     2707.1289 UserPurge2: 1     3438    1.25%
      0     0     2740.8712    28     2707.1289 UserPurge2: 1     3450    1.25%
      0     0     2740.7396    28     2707.1289 UserPurge2: 1     3471    1.24%
      0     0     2740.5920    28     2707.1289 UserPurge2: 1     3488    1.24%
      0     0     2740.4932    29     2707.1289 UserPurge2: 1     3508    1.23%
      0     0     2740.4072    29     2707.1289 UserPurge2: 1     3530    1.23%
      0     0     2740.2842    30     2707.1289 UserPurge2: 1     3556    1.22%
      0     0     2740.1632    30     2707.1289 UserPurge2: 1     3592    1.22%
      0     0     2740.0681    31     2707.1289 UserPurge2: 1     3608    1.22%
      0     0     2739.8392    29     2707.1289 UserPurge2: 1     3633    1.21%
      0     0     2739.7392    30     2707.1289 UserPurge2: 1     3651    1.20%
      0     0     2739.5336    30     2707.1289 UserPurge2: 1     3686    1.20%
      0     0     2739.4093    30     2707.1289 UserPurge2: 1     3708    1.19%
      0     0     2739.3271    30     2707.1289 UserPurge2: 1     3733    1.19%
      0     0     2739.1997    30     2707.1289 UserPurge2: 1     3753    1.18%
      0     0     2738.9826    31     2707.1289 UserPurge2: 1     3775    1.18%
      0     0     2738.6681    31     2707.1289 UserPurge2: 1     3803    1.17%
      0     0     2738.5536    30     2707.1289 UserPurge2: 1     3823    1.16%
      0     0     2738.3944    30     2707.1289 UserPurge2: 1     3845    1.15%
      0     0     2738.2525    30     2707.1289 UserPurge2: 1     3864    1.15%
      0     0     2738.2184    30     2707.1289 UserPurge2: 1     3876    1.15%
      0     0     2738.0096    30     2707.1289 UserPurge2: 1     3904    1.14%
      0     0     2737.8557    30     2707.1289 UserPurge2: 1     3926    1.14%
      0     0     2737.6938    29     2707.1289 UserPurge2: 1     3949    1.13%
      0     0     2737.6329    29     2707.1289 UserPurge2: 1     3960    1.13%
      0     0     2737.3366    28     2707.1289 UserPurge2: 1     3994    1.12%
      0     0     2737.1880    27     2707.1289 UserPurge2: 1     4015    1.11%
      0     0     2737.1561    28     2707.1289 UserPurge2: 1     4025    1.11%
      0     0     2736.9420    27     2707.1289 UserPurge2: 1     4059    1.10%
      0     0     2736.8261    27     2707.1289 UserPurge2: 1     4072    1.10%
      0     0     2736.6090    25     2707.1289 UserPurge2: 1     4089    1.09%
      0     0     2736.4874    25     2707.1289 UserPurge2: 1     4107    1.08%
      0     0     2736.3963    26     2707.1289 UserPurge2: 1     4132    1.08%
      0     0     2736.3446    27     2707.1289 UserPurge2: 1     4146    1.08%
      0     0     2736.3135    28     2707.1289 UserPurge2: 1     4160    1.08%
      0     0     2736.2634    28     2707.1289 UserPurge2: 1     4180    1.08%
      0     0     2736.2404    29     2707.1289 UserPurge2: 1     4190    1.08%
      0     0     2736.1630    29     2707.1289 UserPurge2: 1     4201    1.07%
      0     0     2736.0988    30     2707.1289 UserPurge2: 1     4217    1.07%
      0     0     2735.9716    30     2707.1289 UserPurge2: 1     4241    1.07%
      0     0     2735.9246    31     2707.1289 UserPurge2: 1     4256    1.06%
      0     0     2735.3927    28     2707.1289 UserPurge2: 1     4305    1.04%
      0     0     2735.1937    27     2707.1289 UserPurge2: 1     4333    1.04%
      0     0     2735.1220    27     2707.1289 UserPurge2: 1     4343    1.03%
      0     0     2735.0766    27     2707.1289 UserPurge2: 1     4357    1.03%
      0     0     2734.9929    28     2707.1289 UserPurge2: 1     4374    1.03%
      0     0     2734.8341    29     2707.1289 UserPurge2: 1     4399    1.02%
      0     0     2734.7408    29     2707.1289 UserPurge2: 1     4421    1.02%
      0     0     2734.6232    29     2707.1289 UserPurge2: 1     4448    1.02%
      0     0     2734.5793    29     2707.1289 UserPurge2: 1     4466    1.01%
      0     0     2734.5156    29     2707.1289 UserPurge2: 1     4478    1.01%
      0     0     2734.4978    29     2707.1289 UserPurge2: 1     4486    1.01%
      0     0     2734.4428    30     2707.1289 UserPurge2: 1     4505    1.01%
      0     0     2734.3765    30     2707.1289 UserPurge2: 1     4531    1.01%
      0     0     2734.3495    31     2707.1289 UserPurge2: 1     4552    1.01%
      0     0     2734.3369    32     2707.1289 UserPurge2: 1     4566    1.01%
      0     0     2734.3058    33     2707.1289 UserPurge2: 1     4585    1.00%
      0     0     2734.2581    34     2707.1289 UserPurge2: 1     4612    1.00%
      0     0     2734.1432    31     2707.1289 UserPurge2: 1     4641    1.00%
      0     0     2734.0965    31     2707.1289 UserPurge2: 1     4654    1.00%
      0     0     2734.0440    31     2707.1289 UserPurge2: 1     4670    0.99%
      0     0     2734.0187    31     2707.1289 UserPurge2: 1     4682    0.99%
      0     0     2733.9926    32     2707.1289 UserPurge2: 1     4690    0.99%
      0     0     2733.8396    31     2707.1289 UserPurge2: 1     4718    0.99%
      0     0     2733.6811    30     2707.1289 UserPurge2: 1     4745    0.98%
      0     0     2733.6201    31     2707.1289 UserPurge2: 1     4765    0.98%
      0     0     2733.5233    32     2707.1289 UserPurge2: 1     4790    0.97%
      0     0     2733.4965    33     2707.1289 UserPurge2: 1     4802    0.97%
      0     0     2733.4607    34     2707.1289 UserPurge2: 1     4820    0.97%
      0     0     2733.4033    35     2707.1289 UserPurge2: 1     4846    0.97%
      0     0     2733.1855    34     2707.1289 UserPurge2: 1     4890    0.96%
      0     0     2732.9336    29     2707.1289 UserPurge2: 1     4908    0.95%
      0     0     2732.8233    29     2707.1289 UserPurge2: 1     4929    0.95%
      0     0     2732.7416    29     2707.1289 UserPurge2: 1     4940    0.95%
      0     0     2732.7085    30     2707.1289 UserPurge2: 1     4955    0.94%
      0     0     2732.6197    31     2707.1289 UserPurge2: 1     4971    0.94%
      0     0     2732.5295    32     2707.1289 UserPurge2: 1     4988    0.94%
      0     0     2732.3494    30     2707.1289 UserPurge2: 1     5024    0.93%
      0     0     2732.2784    29     2707.1289 UserPurge2: 1     5048    0.93%
      0     0     2732.2451    30     2707.1289 UserPurge2: 1     5067    0.93%
      0     0     2732.2001    30     2707.1289 UserPurge2: 1     5080    0.93%
      0     0     2732.1739    31     2707.1289 UserPurge2: 1     5091    0.93%
      0     0     2732.1519    32     2707.1289 UserPurge2: 1     5106    0.92%
      0     0     2732.1374    33     2707.1289 UserPurge2: 1     5120    0.92%
      0     0     2732.0995    34     2707.1289 UserPurge2: 1     5143    0.92%
      0     0     2732.0211    34     2707.1289 UserPurge2: 1     5164    0.92%
      0     0     2731.9777    34     2707.1289 UserPurge2: 1     5186    0.92%
      0     0     2731.8901    34     2707.1289 UserPurge2: 1     5210    0.91%
      0     0     2731.7834    34     2707.1289 UserPurge2: 1     5258    0.91%
      0     0     2731.6070    35     2707.1289 UserPurge2: 1     5288    0.90%
      0     0     2731.5404    36     2707.1289 UserPurge2: 1     5318    0.90%
      0     0     2731.4636    33     2707.1289 UserPurge2: 1     5333    0.90%
      0     0     2731.4535    34     2707.1289 UserPurge2: 1     5343    0.90%
      0     0     2731.4247    35     2707.1289 UserPurge2: 1     5359    0.90%
      0     0     2731.3568    36     2707.1289 UserPurge2: 1     5380    0.89%
      0     0     2731.2909    33     2707.1289 UserPurge2: 1     5406    0.89%
      0     0     2731.1643    32     2707.1289 UserPurge2: 1     5428    0.89%
      0     0     2731.0655    31     2707.1289 UserPurge2: 1     5455    0.88%
      0     0     2731.0039    32     2707.1289 UserPurge2: 1     5470    0.88%
      0     0     2730.9341    32     2707.1289 UserPurge2: 1     5493    0.88%
      0     0     2730.8760    32     2707.1289 UserPurge2: 1     5507    0.88%
      0     0     2730.8303    33     2707.1289 UserPurge2: 1     5527    0.88%
      0     0     2730.7910    33     2707.1289 UserPurge2: 1     5544    0.87%
      0     0     2730.7771    34     2707.1289 UserPurge2: 1     5560    0.87%
      0     0     2730.7502    34     2707.1289 UserPurge2: 1     5577    0.87%
      0     0     2730.7102    34     2707.1289 UserPurge2: 1     5599    0.87%
      0     0     2730.7043    35     2707.1289 UserPurge2: 1     5612    0.87%
      0     0     2730.6899    36     2707.1289 UserPurge2: 1     5628    0.87%
      0     0     2730.6682    37     2707.1289 UserPurge2: 1     5644    0.87%
      0     0     2730.6427    38     2707.1289 UserPurge2: 1     5665    0.87%
      0     0     2730.6224    38     2707.1289 UserPurge2: 1     5684    0.87%
      0     0     2730.5665    39     2707.1289 UserPurge2: 1     5713    0.87%
      0     0     2730.5327    39     2707.1289 UserPurge2: 1     5734    0.86%
      0     0     2730.4018    36     2707.1289 UserPurge2: 1     5786    0.86%
      0     0     2730.2988    35     2707.1289 UserPurge2: 1     5812    0.86%
      0     0     2730.2835    36     2707.1289 UserPurge2: 1     5827    0.86%
      0     0     2730.2475    35     2707.1289 UserPurge2: 1     5848    0.85%
      0     0     2730.2010    35     2707.1289 UserPurge2: 1     5873    0.85%
      0     0     2730.1563    36     2707.1289 UserPurge2: 1     5899    0.85%
      0     0     2730.1000    36     2707.1289 UserPurge2: 1     5928    0.85%
      0     0     2730.0309    36     2707.1289 UserPurge2: 1     5945    0.85%
      0     0     2729.9352    35     2707.1289 UserPurge2: 1     5965    0.84%
      0     0     2729.8345    34     2707.1289 UserPurge2: 1     5988    0.84%
      0     0     2729.7675    34     2707.1289 UserPurge2: 1     6007    0.84%
      0     0     2729.7372    35     2707.1289 UserPurge2: 1     6028    0.84%
      0     0     2729.7104    36     2707.1289 UserPurge2: 1     6045    0.83%
      0     0     2729.6066    36     2707.1289 UserPurge2: 1     6079    0.83%
      0     0     2729.4777    34     2707.1289 UserPurge2: 1     6107    0.83%
      0     0     2729.4074    34     2707.1289 UserPurge2: 1     6130    0.82%
      0     0     2729.3631    35     2707.1289 UserPurge2: 1     6148    0.82%
      0     0     2729.3329    35     2707.1289 UserPurge2: 1     6164    0.82%
      0     0     2729.2804    36     2707.1289 UserPurge2: 1     6197    0.82%
      0     0     2729.1663    36     2707.1289 UserPurge2: 1     6220    0.81%
      0     0     2729.1153    35     2707.1289 UserPurge2: 1     6245    0.81%
      0     0     2729.0614    36     2707.1289 UserPurge2: 1     6269    0.81%
      0     0     2728.9981    36     2707.1289 UserPurge2: 1     6289    0.81%
      0     0     2728.9247    36     2707.1289 UserPurge2: 1     6314    0.81%
      0     0     2728.8919    36     2707.1289 UserPurge2: 1     6334    0.80%
      0     0     2728.8607    37     2707.1289 UserPurge2: 1     6348    0.80%
      0     0     2728.8326    37     2707.1289 UserPurge2: 1     6366    0.80%
      0     0     2728.7160    38     2707.1289 UserPurge2: 1     6398    0.80%
      0     0     2728.6573    36     2707.1289 UserPurge2: 1     6424    0.80%
      0     0     2728.6126    37     2707.1289 UserPurge2: 1     6443    0.79%
      0     0     2728.5669    38     2707.1289 UserPurge2: 1     6469    0.79%
      0     0     2728.5187    38     2707.1289 UserPurge2: 1     6494    0.79%
      0     0     2728.4488    37     2707.1289 UserPurge2: 1     6522    0.79%
      0     0     2728.2942    35     2707.1289 UserPurge2: 1     6569    0.78%
      0     0     2728.2220    36     2707.1289 UserPurge2: 1     6590    0.78%
      0     0     2728.1260    35     2707.1289 UserPurge2: 1     6611    0.78%
      0     0     2728.0786    35     2707.1289 UserPurge2: 1     6631    0.77%
      0     0     2728.0731    36     2707.1289 UserPurge2: 1     6644    0.77%
      0     0     2728.0412    36     2707.1289 UserPurge2: 1     6662    0.77%
      0     0     2727.8942    33     2707.1289 UserPurge2: 1     6694    0.77%
      0     0     2727.7721    33     2707.1289 UserPurge2: 1     6721    0.76%
      0     0     2727.7096    34     2707.1289 UserPurge2: 1     6736    0.76%
      0     0     2727.6774    35     2707.1289 UserPurge2: 1     6750    0.76%
      0     0     2727.6426    35     2707.1289 UserPurge2: 1     6766    0.76%
      0     0     2727.6140    36     2707.1289 UserPurge2: 1     6776    0.76%
      0     0     2727.5926    36     2707.1289 UserPurge2: 1     6797    0.76%
      0     0     2727.5463    37     2707.1289 UserPurge2: 1     6817    0.75%
      0     0     2727.4890    36     2707.1289 UserPurge2: 1     6839    0.75%
      0     0     2727.3823    36     2707.1289 UserPurge2: 1     6871    0.75%
      0     0     2727.3513    36     2707.1289 UserPurge2: 1     6886    0.75%
      0     0     2727.3340    37     2707.1289 UserPurge2: 1     6900    0.75%
      0     0     2727.3095    38     2707.1289 UserPurge2: 1     6915    0.75%
      0     0     2727.2494    37     2707.1289 UserPurge2: 1     6942    0.74%
      0     0     2727.2189    37     2707.1289 UserPurge2: 1     6965    0.74%
      0     0     2727.1761    37     2707.1289 UserPurge2: 1     6994    0.74%
      0     0     2727.1471    37     2707.1289 UserPurge2: 1     7017    0.74%
      0     0     2727.1067    36     2707.1289 UserPurge2: 1     7041    0.74%
      0     0     2727.0744    36     2707.1289 UserPurge2: 1     7060    0.74%
      0     0     2726.9779    36     2707.1289 UserPurge2: 1     7097    0.73%
      0     0     2726.9035    36     2707.1289 UserPurge2: 1     7125    0.73%
      0     0     2726.8581    34     2707.1289 UserPurge2: 1     7145    0.73%
      0     0     2726.7933    34     2707.1289 UserPurge2: 1     7164    0.73%
      0     0     2726.7900    34     2707.1289 UserPurge2: 1     7172    0.73%
      0     0     2726.7717    35     2707.1289 UserPurge2: 1     7184    0.73%
      0     0     2726.7639    36     2707.1289 UserPurge2: 1     7196    0.73%
      0     0     2726.7512    37     2707.1289 UserPurge2: 1     7205    0.72%
      0     0     2726.7321    38     2707.1289 UserPurge2: 1     7222    0.72%
      0     0     2726.6971    38     2707.1289 UserPurge2: 1     7252    0.72%
      0     0     2726.6193    38     2707.1289 UserPurge2: 1     7286    0.72%
      0     0     2726.5926    37     2707.1289 UserPurge2: 1     7306    0.72%
      0     0     2726.5868    38     2707.1289 UserPurge2: 1     7324    0.72%
      0     0     2726.5564    39     2707.1289 UserPurge2: 1     7344    0.72%
      0     0     2726.4899    38     2707.1289 UserPurge2: 1     7376    0.72%
      0     0     2726.4460    39     2707.1289 UserPurge2: 1     7395    0.71%
      0     0     2726.3963    39     2707.1289 UserPurge2: 1     7423    0.71%
      0     0     2726.3102    40     2707.1289 UserPurge2: 1     7450    0.71%
      0     0     2726.2572    38     2707.1289 UserPurge2: 1     7482    0.71%
      0     0     2726.2290    39     2707.1289 UserPurge2: 1     7499    0.71%
      0     0     2726.1727    39     2707.1289 UserPurge2: 1     7524    0.70%
      0     0     2726.1035    36     2707.1289 UserPurge2: 1     7551    0.70%
      0     0     2726.0818    37     2707.1289 UserPurge2: 1     7562    0.70%
      0     0     2726.0640    38     2707.1289 UserPurge2: 1     7582    0.70%
      0     0     2726.0269    39     2707.1289 UserPurge2: 1     7606    0.70%
      0     0     2725.9934    40     2707.1289 UserPurge2: 1     7624    0.70%
      0     0     2725.9659    40     2707.1289 UserPurge2: 1     7639    0.70%
      0     0     2725.9531    41     2707.1289 UserPurge2: 1     7654    0.70%
      0     0     2725.9300    42     2707.1289 UserPurge2: 1     7680    0.69%
      0     0     2725.8388    41     2707.1289 UserPurge2: 1     7723    0.69%
      0     0     2725.7619    39     2707.1289 UserPurge2: 1     7747    0.69%
      0     0     2725.6254    37     2707.1289 UserPurge2: 1     7777    0.68%
      0     0     2725.5934    38     2707.1289 UserPurge2: 1     7790    0.68%
      0     0     2725.5416    35     2707.1289 UserPurge2: 1     7813    0.68%
      0     0     2725.5188    36     2707.1289 UserPurge2: 1     7832    0.68%
      0     0     2725.5100    37     2707.1289 UserPurge2: 1     7842    0.68%
      0     0     2725.4915    36     2707.1289 UserPurge2: 1     7871    0.68%
      0     0     2725.4596    36     2707.1289 UserPurge2: 1     7900    0.68%
      0     0     2725.4527    37     2707.1289 UserPurge2: 1     7915    0.68%
      0     0     2725.4440    37     2707.1289 UserPurge2: 1     7927    0.68%
      0     0     2725.4177    37     2707.1289 UserPurge2: 1     7950    0.68%
      0     0     2725.4117    38     2707.1289 UserPurge2: 1     7960    0.68%
      0     0     2725.3881    39     2707.1289 UserPurge2: 1     7981    0.67%
      0     0     2725.3318    38     2707.1289 UserPurge2: 1     8009    0.67%
      0     0     2725.2735    37     2707.1289 UserPurge2: 1     8032    0.67%
      0     0     2725.2591    38     2707.1289 UserPurge2: 1     8043    0.67%
      0     0     2725.2366    39     2707.1289 UserPurge2: 1     8057    0.67%
      0     0     2725.2063    39     2707.1289 UserPurge2: 1     8082    0.67%
      0     0     2725.1707    38     2707.1289 UserPurge2: 1     8103    0.67%
      0     0     2725.1505    39     2707.1289 UserPurge2: 1     8120    0.67%
      0     0     2725.0871    39     2707.1289 UserPurge2: 1     8157    0.66%
      0     0     2724.9929    36     2707.1289 UserPurge2: 1     8189    0.66%
      0     0     2724.9516    36     2707.1289 UserPurge2: 1     8208    0.66%
      0     0     2724.9368    36     2707.1289 UserPurge2: 1     8226    0.66%
      0     0     2724.9148    37     2707.1289 UserPurge2: 1     8242    0.66%
      0     0     2724.8995    38     2707.1289 UserPurge2: 1     8260    0.66%
      0     0     2724.8706    37     2707.1289 UserPurge2: 1     8284    0.66%
      0     0     2724.8616    38     2707.1289 UserPurge2: 1     8293    0.66%
      0     0     2724.8523    39     2707.1289 UserPurge2: 1     8312    0.65%
      0     0     2724.8419    40     2707.1289 UserPurge2: 1     8326    0.65%
      0     0     2724.8166    40     2707.1289 UserPurge2: 1     8347    0.65%
      0     0     2724.8033    39     2707.1289 UserPurge2: 1     8363    0.65%
      0     0     2724.7883    40     2707.1289 UserPurge2: 1     8375    0.65%
      0     0     2724.7719    41     2707.1289 UserPurge2: 1     8393    0.65%
      0     0     2724.7405    42     2707.1289 UserPurge2: 1     8413    0.65%
      0     0     2724.7246    42     2707.1289 UserPurge2: 1     8428    0.65%
      0     0     2724.7180    42     2707.1289 UserPurge2: 1     8441    0.65%
      0     0     2724.6684    41     2707.1289 UserPurge2: 1     8486    0.65%
      0     0     2724.6528    41     2707.1289 UserPurge2: 1     8505    0.65%
      0     0     2724.6336    42     2707.1289 UserPurge2: 1     8524    0.65%
      0     0     2724.5365    39     2707.1289 UserPurge2: 1     8559    0.64%
      0     0     2724.4606    37     2707.1289 UserPurge2: 1     8577    0.64%
      0     0     2724.4282    38     2707.1289 UserPurge2: 1     8595    0.64%
      0     0     2724.3959    37     2707.1289 UserPurge2: 1     8611    0.64%
      0     0     2724.3761    37     2707.1289 UserPurge2: 1     8624    0.64%
      0     0     2724.3639    37     2707.1289 UserPurge2: 1     8638    0.64%
      0     0     2724.3415    38     2707.1289 UserPurge2: 1     8655    0.64%
      0     0     2724.2919    38     2707.1289 UserPurge2: 1     8689    0.63%
      0     0     2724.2405    38     2707.1289 UserPurge2: 1     8715    0.63%
      0     0     2724.2188    38     2707.1289 UserPurge2: 1     8730    0.63%
      0     0     2724.1913    38     2707.1289 UserPurge2: 1     8751    0.63%
      0     0     2724.1792    39     2707.1289 UserPurge2: 1     8761    0.63%
      0     0     2724.1630    37     2707.1289 UserPurge2: 1     8782    0.63%
      0     0     2724.1213    37     2707.1289 UserPurge2: 1     8807    0.63%
      0     0     2724.1042    38     2707.1289 UserPurge2: 1     8824    0.63%
      0     0     2724.0897    38     2707.1289 UserPurge2: 1     8845    0.63%
      0     0     2724.0777    36     2707.1289 UserPurge2: 1     8868    0.63%
      0     0     2724.0726    37     2707.1289 UserPurge2: 1     8876    0.63%
      0     0     2724.0625    38     2707.1289 UserPurge2: 1     8897    0.63%
      0     0     2724.0500    39     2707.1289 UserPurge2: 1     8914    0.63%
      0     0     2724.0454    40     2707.1289 UserPurge2: 1     8923    0.62%
      0     0     2724.0392    41     2707.1289 UserPurge2: 1     8937    0.62%
      0     0     2724.0291    41     2707.1289 UserPurge2: 1     8957    0.62%
      0     0     2724.0080    40     2707.1289 UserPurge2: 1     8979    0.62%
      0     0     2723.9941    40     2707.1289 UserPurge2: 1     8999    0.62%
      0     0     2723.9711    40     2707.1289 UserPurge2: 1     9023    0.62%
      0     0     2723.9488    41     2707.1289 UserPurge2: 1     9043    0.62%
      0     0     2723.9333    40     2707.1289 UserPurge2: 1     9066    0.62%
      0     0     2723.9016    40     2707.1289 UserPurge2: 1     9099    0.62%
      0     0     2723.8678    39     2707.1289 UserPurge2: 1     9123    0.62%
      0     0     2723.8408    40     2707.1289 UserPurge2: 1     9144    0.62%
      0     0     2723.8032    39     2707.1289 UserPurge2: 1     9172    0.62%
      0     0     2723.7779    40     2707.1289 UserPurge2: 1     9190    0.62%
      0     0     2723.7495    41     2707.1289 UserPurge2: 1     9214    0.61%
      0     0     2723.6974    37     2707.1289 UserPurge2: 1     9246    0.61%
      0     0     2723.6914    38     2707.1289 UserPurge2: 1     9257    0.61%
      0     0     2723.6857    38     2707.1289 UserPurge2: 1     9271    0.61%
      0     0     2723.6656    38     2707.1289 UserPurge2: 1     9296    0.61%
      0     0     2723.6614    39     2707.1289 UserPurge2: 1     9313    0.61%
      0     0     2723.6529    40     2707.1289 UserPurge2: 1     9333    0.61%
      0     0     2723.6171    38     2707.1289 UserPurge2: 1     9371    0.61%
      0     0     2723.5808    36     2707.1289 UserPurge2: 1     9404    0.61%
      0     0     2723.5728    37     2707.1289 UserPurge2: 1     9419    0.61%
      0     0     2723.5600    38     2707.1289 UserPurge2: 1     9432    0.61%
      0     0     2723.5532    39     2707.1289 UserPurge2: 1     9450    0.61%
      0     0     2723.5424    40     2707.1289 UserPurge2: 1     9466    0.61%
      0     0     2723.5216    40     2707.1289 UserPurge2: 1     9488    0.61%
      0     0     2723.5036    41     2707.1289 UserPurge2: 1     9516    0.60%
      0     0     2723.4839    42     2707.1289 UserPurge2: 1     9540    0.60%
      0     0     2723.4753    42     2707.1289 UserPurge2: 1     9565    0.60%
      0     0     2723.4476    42     2707.1289 UserPurge2: 1     9585    0.60%
      0     0     2723.4234    43     2707.1289 UserPurge2: 1     9612    0.60%
      0     0     2723.3928    42     2707.1289 UserPurge2: 1     9643    0.60%
      0     0     2723.3735    40     2707.1289 UserPurge2: 1     9668    0.60%
      0     0     2723.3679    41     2707.1289 UserPurge2: 1     9682    0.60%
      0     0     2723.3496    40     2707.1289 UserPurge2: 1     9702    0.60%
      0     0     2723.3314    41     2707.1289 UserPurge2: 1     9728    0.60%
      0     0     2723.3160    40     2707.1289 UserPurge2: 1     9747    0.60%
      0     0     2723.2981    41     2707.1289 UserPurge2: 1     9764    0.60%
      0     0     2723.2907    42     2707.1289 UserPurge2: 1     9783    0.60%
      0     0     2723.2662    41     2707.1289 UserPurge2: 1     9805    0.60%
      0     0     2723.2527    42     2707.1289 UserPurge2: 1     9826    0.60%
      0     0     2723.2318    43     2707.1289 UserPurge2: 1     9857    0.59%
      0     0     2723.2125    43     2707.1289 UserPurge2: 1     9882    0.59%
      0     0     2723.1920    44     2707.1289 UserPurge2: 1     9897    0.59%
      0     0     2723.1687    43     2707.1289 UserPurge2: 1     9926    0.59%
      0     0     2723.1129    41     2707.1289 UserPurge2: 1     9967    0.59%
      0     0     2723.1043    41     2707.1289 UserPurge2: 1     9981    0.59%
      0     0     2723.0865    41     2707.1289 UserPurge2: 1    10003    0.59%
*     0+    0                         2707.9579     2723.0865             0.56%
      0     0     2723.0699    41     2707.9579 UserPurge2: 1    10025    0.56%
      0     0     2723.0568    42     2707.9579 UserPurge2: 1    10047    0.56%
      0     0     2723.0410    43     2707.9579 UserPurge2: 1    10065    0.56%
      0     0     2723.0101    43     2707.9579 UserPurge2: 1    10100    0.56%
      0     0     2722.9756    43     2707.9579 UserPurge2: 1    10119    0.55%
      0     0     2722.9373    43     2707.9579 UserPurge2: 1    10142    0.55%
      0     0     2722.9130    42     2707.9579 UserPurge2: 1    10161    0.55%
      0     0     2722.8874    42     2707.9579 UserPurge2: 1    10182    0.55%
      0     0     2722.8542    41     2707.9579 UserPurge2: 1    10210    0.55%
      0     0     2722.8255    40     2707.9579 UserPurge2: 1    10234    0.55%
      0     0     2722.8206    41     2707.9579 UserPurge2: 1    10249    0.55%
      0     0     2722.7999    42     2707.9579 UserPurge2: 1    10272    0.55%
      0     0     2722.7909    43     2707.9579 UserPurge2: 1    10289    0.55%
      0     0     2722.7826    43     2707.9579 UserPurge2: 1    10310    0.55%
      0     0     2722.7637    43     2707.9579 UserPurge2: 1    10340    0.55%
      0     0     2722.7539    44     2707.9579 UserPurge2: 1    10357    0.55%
*     0+    0                         2708.7872     2722.7539             0.52%
      0     0     2722.7354    44     2708.7872 UserPurge2: 1    10389    0.51%
      0     0     2722.7283    44     2708.7872 UserPurge2: 1    10407    0.51%
      0     0     2722.7204    45     2708.7872 UserPurge2: 1    10426    0.51%
      0     0     2722.7155    46     2708.7872 UserPurge2: 1    10438    0.51%
      0     0     2722.6952    46     2708.7872 UserPurge2: 1    10469    0.51%
      0     0     2722.6614    44     2708.7872 UserPurge2: 1    10506    0.51%
      0     0     2722.6337    44     2708.7872 UserPurge2: 1    10526    0.51%
      0     0     2722.6061    43     2708.7872 UserPurge2: 1    10555    0.51%
      0     0     2722.5699    42     2708.7872 UserPurge2: 1    10574    0.51%
      0     0     2722.5370    42     2708.7872 UserPurge2: 1    10598    0.51%
      0     0     2722.5226    43     2708.7872 UserPurge2: 1    10619    0.51%
      0     0     2722.5131    44     2708.7872 UserPurge2: 1    10636    0.51%
      0     0     2722.5030    45     2708.7872 UserPurge2: 1    10656    0.51%
      0     0     2722.4798    45     2708.7872 UserPurge2: 1    10689    0.51%
      0     0     2722.4509    45     2708.7872 UserPurge2: 1    10712    0.50%
      0     0     2722.4326    43     2708.7872 UserPurge2: 1    10741    0.50%
      0     0     2722.4202    44     2708.7872 UserPurge2: 1    10757    0.50%
      0     0     2722.4040    45     2708.7872 UserPurge2: 1    10787    0.50%
      0     0     2722.3872    45     2708.7872 UserPurge2: 1    10811    0.50%
      0     0     2722.3595    44     2708.7872 UserPurge2: 1    10845    0.50%
      0     0     2722.3438    45     2708.7872 UserPurge2: 1    10864    0.50%
      0     0     2722.3087    43     2708.7872 UserPurge2: 1    10896    0.50%
      0     0     2722.2791    44     2708.7872 UserPurge2: 1    10922    0.50%
      0     0     2722.2275    44     2708.7872 UserPurge2: 1    10950    0.50%
      0     0     2722.1838    41     2708.7872 UserPurge2: 1    10974    0.49%
      0     0     2722.1698    42     2708.7872 UserPurge2: 1    10990    0.49%
      0     0     2722.1555    42     2708.7872 UserPurge2: 1    11007    0.49%
      0     0     2722.1393    43     2708.7872 UserPurge2: 1    11032    0.49%
      0     0     2722.1285    44     2708.7872 UserPurge2: 1    11052    0.49%
      0     0     2722.1146    45     2708.7872 UserPurge2: 1    11073    0.49%
      0     0     2722.0723    43     2708.7872 UserPurge2: 1    11096    0.49%
      0     0     2722.0438    43     2708.7872 UserPurge2: 1    11123    0.49%
      0     0     2721.9958    41     2708.7872 UserPurge2: 1    11145    0.49%
      0     0     2721.9642    41     2708.7872 UserPurge2: 1    11175    0.49%
      0     0     2721.9489    42     2708.7872 UserPurge2: 1    11198    0.49%
      0     0     2721.9384    43     2708.7872 UserPurge2: 1    11208    0.49%
      0     0     2721.9250    42     2708.7872 UserPurge2: 1    11232    0.49%
      0     0     2721.9016    41     2708.7872 UserPurge2: 1    11245    0.48%
      0     0     2721.8425    39     2708.7872 UserPurge2: 1    11273    0.48%
      0     0     2721.8321    40     2708.7872 UserPurge2: 1    11282    0.48%
      0     0     2721.8175    40     2708.7872 UserPurge2: 1    11298    0.48%
      0     0     2721.8105    40     2708.7872 UserPurge2: 1    11312    0.48%
      0     0     2721.7958    41     2708.7872 UserPurge2: 1    11324    0.48%
      0     0     2721.7787    42     2708.7872 UserPurge2: 1    11341    0.48%
      0     0     2721.7727    42     2708.7872 UserPurge2: 1    11359    0.48%
      0     0     2721.7590    43     2708.7872 UserPurge2: 1    11373    0.48%
      0     0     2721.7536    43     2708.7872 UserPurge2: 1    11386    0.48%
      0     0     2721.7334    43     2708.7872 UserPurge2: 1    11411    0.48%
      0     0     2721.7193    44     2708.7872 UserPurge2: 1    11433    0.48%
      0     0     2721.6876    44     2708.7872 UserPurge2: 1    11465    0.48%
      0     0     2721.6753    43     2708.7872 UserPurge2: 1    11486    0.48%
      0     0     2721.6607    42     2708.7872 UserPurge2: 1    11505    0.48%
      0     0     2721.6527    42     2708.7872 UserPurge2: 1    11521    0.47%
      0     0     2721.6498    43     2708.7872 UserPurge2: 1    11529    0.47%
      0     0     2721.6422    44     2708.7872 UserPurge2: 1    11545    0.47%
      0     0     2721.6231    43     2708.7872 UserPurge2: 1    11574    0.47%
      0     0     2721.6126    43     2708.7872 UserPurge2: 1    11595    0.47%
      0     0     2721.5925    43     2708.7872 UserPurge2: 1    11622    0.47%
      0     0     2721.5865    44     2708.7872 UserPurge2: 1    11639    0.47%
      0     0     2721.5709    44     2708.7872 UserPurge2: 1    11671    0.47%
      0     0     2721.5625    44     2708.7872 UserPurge2: 1    11693    0.47%
      0     0     2721.5419    45     2708.7872 UserPurge2: 1    11713    0.47%
      0     0     2721.5111    45     2708.7872 UserPurge2: 1    11740    0.47%
      0     0     2721.4939    46     2708.7872 UserPurge2: 1    11764    0.47%
      0     0     2721.4784    44     2708.7872 UserPurge2: 1    11784    0.47%
*     0+    0                         2714.9944     2721.4784             0.24%
      0     2     2721.4784    44     2714.9944     2721.4775    11784    0.24%
Elapsed time = 30.05 sec. (3977.64 ticks, tree = 0.01 MB, solutions = 4)
      1     1        cutoff           2714.9944     2721.4775    29626    0.24%
*     2     0      integral     0     2716.0000     2716.0000    50218    0.00%

User cuts applied:  1212

Root node processing (before b&c):
  Real time             =   30.05 sec. (3979.30 ticks)
Sequential b&c:
  Real time             =   40.83 sec. (16307.76 ticks)
                          ------------
Total (root+branch&cut) =   70.89 sec. (20287.06 ticks)
@Parameters: 
is_S_cut                                true
is_add_all_yinF                         true
is_start_value                          true
is_usercut                              true
is_visualization                        false
uc_only_rootnode                        false

data                                    Qi
fn                                      data/Qi/instance_1000_500.csv
mode                                    NewSubmodular
solver                                  cplex

p                                       10
r                                       10

EPS                                     1.0e-06
EPS_vio                                 1.0e-04
beta                                    0.10
gap                                     0.00
nodelimit                               Inf
timelimit                               7200.00


@PrintInfos
ItCnt: 50218
Current gap: 0.00 %
Termination Status: OPTIMAL
Primal Status: FEASIBLE_POINT
Solve Time: 70.89 sec
Objective Value: 2716.000000
Number of Nodes:      3

CutInfo: [phase] num / time (sec) 
ZLP             [phase1]     0 / 0.00 [rLC]     0 / 0.00 [rUC]     0 / 0.00 [sLC]     0 / 0.00 [sUC]     0 / 0.00 
OldSubmodular   [phase1]     0 / 0.00 [rLC]     0 / 0.00 [rUC]     0 / 0.00 [sLC]     0 / 0.00 [sUC]     0 / 0.00 
NewSubmodular   [phase1]     0 / 0.00 [rLC]   126 / 12.38 [rUC]   554 / 12.78 [sLC]     0 / 1.78 [sUC]  1166 / 26.64 
PMP             [phase1]     0 / 0.00 [rLC]     5 / 9.07 [rUC]     0 / 0.00 [sLC]     1 / 1.77 [sUC]     0 / 0.00 
Separation Round: [phase1] 0  [rLC] 130  [rUC] 554  [sLC] 1  [sUC] 1166
Root Best Bound 2716.000000
Root Best Integer: 2716.000000
Best Bound: 2716.000000
Best Integer: 2716.000000

