Version identifier: 20.1.0.0 | 2020-11-10 | 9bedb6d68
CPXPARAM_Threads                                 1
CPXPARAM_TimeLimit                               7200
CPXPARAM_MIP_Tolerances_MIPGap                   0
Generic callback                                 0x60
1 of 1 MIP starts provided solutions.
MIP start 'm1' defined initial solution with objective 2074.2790.
Tried aggregator 1 time.
Reduced MIP has 1 rows, 501 columns, and 500 nonzeros.
Reduced MIP has 500 binaries, 0 generals, 0 SOSs, and 0 indicators.
Presolve time = 0.00 sec. (0.15 ticks)
Probing time = 0.00 sec. (0.05 ticks)
Tried aggregator 1 time.
Reduced MIP has 1 rows, 501 columns, and 500 nonzeros.
Reduced MIP has 500 binaries, 0 generals, 0 SOSs, and 0 indicators.
Presolve time = 0.00 sec. (0.15 ticks)
Probing time = 0.00 sec. (0.05 ticks)
MIP emphasis: balance optimality and feasibility.
MIP search method: dynamic search.
Parallel mode: none, using 1 thread.
Root relaxation solution time = 0.00 sec. (0.10 ticks)

        Nodes                                         Cuts/
   Node  Left     Objective  IInf  Best Integer    Best Bound    ItCnt     Gap

*     0+    0                         2074.2790     5432.0000           161.87%
      0     0     2758.8094     2     2074.2790     5432.0000        0  161.87%
      0     0     2598.5852     3     2074.2790 UserPurge2: 1       13   25.28%
      0     0     2484.6531     5     2074.2790 UserPurge2: 1       23   19.78%
      0     0     2423.6904     7     2074.2790 UserPurge2: 1       45   16.84%
      0     0     2358.1886     7     2074.2790 UserPurge2: 1       59   13.69%
      0     0     2335.2568     9     2074.2790 UserPurge1: 1       61   12.58%
      0     0     2309.8631     9     2074.2790 UserPurge2: 1       93   11.36%
      0     0     2296.0850    11     2074.2790 UserPurge2: 1      112   10.69%
      0     0     2288.0777    13     2074.2790 UserPurge2: 1      135   10.31%
      0     0     2277.8841    14     2074.2790 UserPurge2: 1      156    9.82%
      0     0     2266.9283    15     2074.2790 UserPurge2: 1      178    9.29%
      0     0     2258.3733    16     2074.2790 UserPurge2: 1      201    8.88%
      0     0     2251.1192    16     2074.2790 UserPurge2: 1      237    8.53%
      0     0     2249.6409    17     2074.2790 UserPurge1: 1      251    8.45%
      0     0     2240.6371    16     2074.2790 UserPurge2: 1      290    8.02%
      0     0     2238.0002    17     2074.2790 UserPurge1: 1      294    7.89%
      0     0     2235.1004    17     2074.2790 UserPurge1: 1      301    7.75%
      0     0     2217.5663    13     2074.2790 UserPurge2: 1      351    6.91%
      0     0     2214.2970    14     2074.2790 UserPurge1: 1      357    6.75%
      0     0     2210.9146    16     2074.2790 UserPurge1: 1      359    6.59%
      0     0     2209.7625    19     2074.2790 UserPurge1: 2      370    6.53%
      0     0     2202.9037    17     2074.2790 UserPurge2: 1      412    6.20%
      0     0     2196.0483    15     2074.2790 UserPurge2: 1      437    5.87%
      0     0     2194.8607    16     2074.2790 UserPurge1: 1      446    5.81%
      0     0     2194.0674    16     2074.2790 UserPurge1: 1      449    5.77%
      0     0     2192.5078    15     2074.2790 UserPurge2: 1      474    5.70%
      0     0     2191.9237    16     2074.2790 UserPurge1: 1      476    5.67%
      0     0     2191.4444    18     2074.2790 UserPurge1: 1      480    5.65%
      0     0     2189.5765    17     2074.2790 UserPurge2: 1      504    5.56%
      0     0     2184.6714    15     2074.2790 UserPurge2: 1      546    5.32%
      0     0     2177.5533    13     2074.2790 UserPurge2: 1      588    4.98%
      0     0     2173.5940    13     2074.2790 UserPurge2: 1      604    4.79%
      0     0     2172.1426    15     2074.2790 UserPurge2: 1      616    4.72%
      0     0     2170.5864    16     2074.2790 UserPurge2: 1      636    4.64%
      0     0     2169.6231    17     2074.2790 UserPurge2: 1      650    4.60%
      0     0     2167.2114    16     2074.2790 UserPurge2: 1      682    4.48%
      0     0     2162.9970    15     2074.2790 UserPurge2: 1      697    4.28%
      0     0     2162.1576    16     2074.2790 UserPurge2: 1      704    4.24%
      0     0     2159.7683    15     2074.2790 UserPurge2: 1      741    4.12%
      0     0     2158.0735    17     2074.2790 UserPurge2: 1      756    4.04%
      0     0     2156.5385    15     2074.2790 UserPurge2: 1      771    3.97%
      0     0     2154.7068    16     2074.2790 UserPurge2: 1      799    3.88%
      0     0     2153.5997    18     2074.2790 UserPurge2: 1      816    3.82%
      0     0     2152.1590    16     2074.2790 UserPurge2: 1      841    3.75%
      0     0     2150.9574    17     2074.2790 UserPurge2: 1      861    3.70%
      0     0     2149.4863    16     2074.2790 UserPurge2: 1      882    3.63%
      0     0     2149.2535    18     2074.2790 UserPurge2: 1      893    3.61%
      0     0     2149.0030    18     2074.2790 UserPurge2: 1      902    3.60%
      0     0     2148.7180    19     2074.2790 UserPurge2: 1      914    3.59%
      0     0     2146.4687    19     2074.2790 UserPurge2: 1      949    3.48%
      0     0     2145.2498    19     2074.2790 UserPurge2: 1      974    3.42%
      0     0     2143.5720    18     2074.2790 UserPurge2: 1     1002    3.34%
      0     0     2142.6375    18     2074.2790 UserPurge2: 1     1018    3.30%
      0     0     2142.0849    18     2074.2790 UserPurge2: 1     1031    3.27%
      0     0     2140.8319    19     2074.2790 UserPurge2: 1     1047    3.21%
      0     0     2139.8991    20     2074.2790 UserPurge2: 1     1067    3.16%
      0     0     2138.8858    20     2074.2790 UserPurge2: 1     1087    3.11%
      0     0     2137.2904    20     2074.2790 UserPurge2: 1     1111    3.04%
      0     0     2136.7536    19     2074.2790 UserPurge2: 1     1127    3.01%
      0     0     2135.5603    19     2074.2790 UserPurge2: 1     1147    2.95%
      0     0     2135.3196    19     2074.2790 UserPurge2: 1     1163    2.94%
      0     0     2134.5795    19     2074.2790 UserPurge2: 1     1195    2.91%
      0     0     2134.4187    21     2074.2790 UserPurge2: 1     1211    2.90%
      0     0     2133.9651    21     2074.2790 UserPurge2: 1     1223    2.88%
      0     0     2133.3093    21     2074.2790 UserPurge2: 1     1244    2.85%
      0     0     2132.4057    20     2074.2790 UserPurge2: 1     1271    2.80%
      0     0     2131.8243    19     2074.2790 UserPurge2: 1     1295    2.77%
      0     0     2131.6973    21     2074.2790 UserPurge2: 1     1302    2.77%
      0     0     2131.1945    20     2074.2790 UserPurge2: 1     1322    2.74%
      0     0     2129.7638    18     2074.2790 UserPurge2: 1     1346    2.67%
      0     0     2128.7365    17     2074.2790 UserPurge2: 1     1371    2.63%
      0     0     2127.9502    18     2074.2790 UserPurge2: 1     1391    2.59%
      0     0     2127.5886    18     2074.2790 UserPurge2: 1     1402    2.57%
      0     0     2127.4637    19     2074.2790 UserPurge2: 1     1408    2.56%
      0     0     2126.9414    19     2074.2790 UserPurge2: 1     1424    2.54%
      0     0     2126.7060    20     2074.2790 UserPurge2: 1     1439    2.53%
      0     0     2126.4897    20     2074.2790 UserPurge2: 1     1459    2.52%
      0     0     2126.2553    21     2074.2790 UserPurge2: 1     1480    2.51%
      0     0     2126.1173    22     2074.2790 UserPurge2: 1     1497    2.50%
      0     0     2125.9721    23     2074.2790 UserPurge2: 1     1521    2.49%
      0     0     2125.6211    23     2074.2790 UserPurge2: 1     1533    2.48%
      0     0     2124.5873    22     2074.2790 UserPurge2: 1     1562    2.43%
      0     0     2124.0309    20     2074.2790 UserPurge2: 1     1581    2.40%
      0     0     2123.7028    21     2074.2790 UserPurge2: 1     1589    2.38%
      0     0     2123.4759    22     2074.2790 UserPurge2: 1     1611    2.37%
      0     0     2122.9795    22     2074.2790 UserPurge2: 1     1629    2.35%
      0     0     2122.2529    22     2074.2790 UserPurge2: 1     1657    2.31%
      0     0     2121.9176    22     2074.2790 UserPurge2: 1     1676    2.30%
      0     0     2121.2442    21     2074.2790 UserPurge2: 1     1693    2.26%
      0     0     2120.7041    21     2074.2790 UserPurge2: 1     1714    2.24%
      0     0     2120.4457    21     2074.2790 UserPurge2: 1     1734    2.23%
      0     0     2119.9679    22     2074.2790 UserPurge2: 1     1763    2.20%
      0     0     2119.5289    22     2074.2790 UserPurge2: 1     1781    2.18%
      0     0     2119.4203    23     2074.2790 UserPurge2: 1     1789    2.18%
      0     0     2119.1943    24     2074.2790 UserPurge2: 1     1804    2.17%
      0     0     2118.7408    25     2074.2790 UserPurge2: 1     1830    2.14%
      0     0     2118.2948    26     2074.2790 UserPurge2: 1     1852    2.12%
      0     0     2117.9291    25     2074.2790 UserPurge2: 1     1876    2.10%
      0     0     2117.1251    25     2074.2790 UserPurge2: 1     1903    2.07%
      0     0     2116.7903    24     2074.2790 UserPurge2: 1     1927    2.05%
      0     0     2116.6992    25     2074.2790 UserPurge2: 1     1936    2.05%
      0     0     2116.0752    25     2074.2790 UserPurge2: 1     1964    2.01%
      0     0     2115.9008    25     2074.2790 UserPurge2: 1     1974    2.01%
      0     0     2115.5823    25     2074.2790 UserPurge2: 1     1993    1.99%
      0     0     2115.0426    24     2074.2790 UserPurge2: 1     2022    1.97%
      0     0     2114.4146    24     2074.2790 UserPurge2: 1     2039    1.93%
      0     0     2113.9597    24     2074.2790 UserPurge2: 1     2058    1.91%
      0     0     2113.4426    24     2074.2790 UserPurge2: 1     2080    1.89%
      0     0     2113.1625    23     2074.2790 UserPurge2: 1     2101    1.87%
      0     0     2112.9875    24     2074.2790 UserPurge2: 1     2117    1.87%
      0     0     2112.8369    24     2074.2790 UserPurge2: 1     2125    1.86%
      0     0     2112.4222    24     2074.2790 UserPurge2: 1     2156    1.84%
      0     0     2111.8585    24     2074.2790 UserPurge2: 1     2187    1.81%
      0     0     2111.7360    25     2074.2790 UserPurge2: 1     2201    1.81%
      0     0     2111.2040    25     2074.2790 UserPurge2: 1     2224    1.78%
      0     0     2110.9365    26     2074.2790 UserPurge2: 1     2240    1.77%
      0     0     2110.7569    27     2074.2790 UserPurge2: 1     2258    1.76%
      0     0     2110.1565    24     2074.2790 UserPurge2: 1     2291    1.73%
      0     0     2110.0359    25     2074.2790 UserPurge2: 1     2302    1.72%
      0     0     2109.9254    24     2074.2790 UserPurge2: 1     2323    1.72%
      0     0     2109.8605    25     2074.2790 UserPurge2: 1     2337    1.72%
      0     0     2109.7599    25     2074.2790 UserPurge2: 1     2354    1.71%
      0     0     2109.6614    25     2074.2790 UserPurge2: 1     2378    1.71%
      0     0     2109.5443    25     2074.2790 UserPurge2: 1     2398    1.70%
      0     0     2109.4509    25     2074.2790 UserPurge2: 1     2416    1.70%
      0     0     2109.4103    26     2074.2790 UserPurge2: 1     2429    1.69%
      0     0     2109.3416    27     2074.2790 UserPurge2: 1     2452    1.69%
      0     0     2109.2894    28     2074.2790 UserPurge2: 1     2469    1.69%
      0     0     2109.0188    27     2074.2790 UserPurge2: 1     2501    1.67%
      0     0     2108.6138    24     2074.2790 UserPurge2: 1     2529    1.66%
      0     0     2108.4143    25     2074.2790 UserPurge2: 1     2539    1.65%
      0     0     2108.1084    23     2074.2790 UserPurge2: 1     2567    1.63%
      0     0     2107.9661    24     2074.2790 UserPurge2: 1     2588    1.62%
      0     0     2107.8979    25     2074.2790 UserPurge2: 1     2599    1.62%
      0     0     2107.8688    26     2074.2790 UserPurge2: 1     2614    1.62%
      0     0     2107.7836    27     2074.2790 UserPurge2: 1     2637    1.62%
      0     0     2107.6837    28     2074.2790 UserPurge2: 1     2656    1.61%
      0     0     2107.4494    28     2074.2790 UserPurge2: 1     2688    1.60%
      0     0     2107.2904    29     2074.2790 UserPurge2: 1     2732    1.59%
      0     0     2106.9354    28     2074.2790 UserPurge2: 1     2759    1.57%
      0     0     2106.5174    27     2074.2790 UserPurge2: 1     2788    1.55%
      0     0     2106.3850    28     2074.2790 UserPurge2: 1     2811    1.55%
      0     0     2106.2230    29     2074.2790 UserPurge2: 1     2837    1.54%
      0     0     2106.0196    29     2074.2790 UserPurge2: 1     2861    1.53%
      0     0     2105.8489    30     2074.2790 UserPurge2: 1     2875    1.52%
      0     0     2105.2669    29     2074.2790 UserPurge2: 1     2904    1.49%
      0     0     2104.9444    28     2074.2790 UserPurge2: 1     2935    1.48%
      0     0     2104.7192    29     2074.2790 UserPurge2: 1     2959    1.47%
      0     0     2104.3562    28     2074.2790 UserPurge2: 1     2975    1.45%
      0     0     2104.2028    28     2074.2790 UserPurge2: 1     2991    1.44%
      0     0     2104.0779    29     2074.2790 UserPurge2: 1     3013    1.44%
      0     0     2103.7363    28     2074.2790 UserPurge2: 1     3052    1.42%
      0     0     2103.5865    28     2074.2790 UserPurge2: 1     3077    1.41%
      0     0     2103.4166    29     2074.2790 UserPurge2: 1     3098    1.40%
      0     0     2103.3602    30     2074.2790 UserPurge2: 1     3115    1.40%
      0     0     2103.2183    31     2074.2790 UserPurge2: 1     3152    1.40%
      0     0     2102.5305    27     2074.2790 UserPurge2: 1     3194    1.36%
      0     0     2102.2536    26     2074.2790 UserPurge2: 1     3212    1.35%
      0     0     2101.9132    26     2074.2790 UserPurge2: 1     3233    1.33%
      0     0     2101.7963    27     2074.2790 UserPurge2: 1     3254    1.33%
      0     0     2101.6909    28     2074.2790 UserPurge2: 1     3272    1.32%
      0     0     2101.4886    28     2074.2790 UserPurge2: 1     3294    1.31%
      0     0     2101.4528    28     2074.2790 UserPurge2: 1     3308    1.31%
      0     0     2101.3372    29     2074.2790 UserPurge2: 1     3328    1.30%
      0     0     2101.2708    30     2074.2790 UserPurge2: 1     3344    1.30%
      0     0     2101.0325    29     2074.2790 UserPurge2: 1     3377    1.29%
      0     0     2100.9575    30     2074.2790 UserPurge2: 1     3389    1.29%
      0     0     2100.9033    31     2074.2790 UserPurge2: 1     3402    1.28%
      0     0     2100.8358    32     2074.2790 UserPurge2: 1     3413    1.28%
      0     0     2100.6782    30     2074.2790 UserPurge2: 1     3431    1.27%
      0     0     2100.4557    29     2074.2790 UserPurge2: 1     3461    1.26%
      0     0     2100.3242    30     2074.2790 UserPurge2: 1     3479    1.26%
      0     0     2100.2219    31     2074.2790 UserPurge2: 1     3502    1.25%
      0     0     2100.1690    32     2074.2790 UserPurge2: 1     3514    1.25%
      0     0     2100.0349    32     2074.2790 UserPurge2: 1     3536    1.24%
      0     0     2099.7187    32     2074.2790 UserPurge2: 1     3568    1.23%
      0     0     2099.5203    32     2074.2790 UserPurge2: 1     3599    1.22%
      0     0     2099.4794    32     2074.2790 UserPurge2: 1     3614    1.21%
      0     0     2099.3794    33     2074.2790 UserPurge2: 1     3637    1.21%
      0     0     2099.1847    33     2074.2790 UserPurge2: 1     3666    1.20%
      0     0     2098.8800    31     2074.2790 UserPurge2: 1     3707    1.19%
      0     0     2098.6541    31     2074.2790 UserPurge2: 1     3743    1.18%
      0     0     2098.5421    31     2074.2790 UserPurge2: 1     3773    1.17%
      0     0     2098.3496    31     2074.2790 UserPurge2: 1     3802    1.16%
      0     0     2098.1816    30     2074.2790 UserPurge2: 1     3826    1.15%
      0     0     2098.1016    30     2074.2790 UserPurge2: 1     3849    1.15%
      0     0     2097.9765    30     2074.2790 UserPurge2: 1     3887    1.14%
      0     0     2097.8736    31     2074.2790 UserPurge2: 1     3908    1.14%
      0     0     2097.8285    32     2074.2790 UserPurge2: 1     3921    1.14%
      0     0     2097.8005    32     2074.2790 UserPurge2: 1     3939    1.13%
      0     0     2097.7035    32     2074.2790 UserPurge2: 1     3970    1.13%
      0     0     2097.6181    33     2074.2790 UserPurge2: 1     3988    1.13%
      0     0     2097.5184    34     2074.2790 UserPurge2: 1     4012    1.12%
      0     0     2097.4459    32     2074.2790 UserPurge2: 1     4033    1.12%
      0     0     2097.2259    31     2074.2790 UserPurge2: 1     4074    1.11%
      0     0     2097.0874    31     2074.2790 UserPurge2: 1     4105    1.10%
      0     0     2096.9984    29     2074.2790 UserPurge2: 1     4120    1.10%
      0     0     2096.9273    29     2074.2790 UserPurge2: 1     4132    1.09%
      0     0     2096.7329    28     2074.2790 UserPurge2: 1     4167    1.08%
      0     0     2096.5661    28     2074.2790 UserPurge2: 1     4182    1.07%
      0     0     2096.4687    28     2074.2790 UserPurge2: 1     4199    1.07%
      0     0     2096.4101    28     2074.2790 UserPurge2: 1     4214    1.07%
      0     0     2096.2951    29     2074.2790 UserPurge2: 1     4243    1.06%
      0     0     2096.2466    28     2074.2790 UserPurge2: 1     4263    1.06%
      0     0     2096.2180    29     2074.2790 UserPurge2: 1     4282    1.06%
      0     0     2096.1990    29     2074.2790 UserPurge2: 1     4301    1.06%
      0     0     2096.1733    30     2074.2790 UserPurge2: 1     4323    1.06%
      0     0     2096.1453    31     2074.2790 UserPurge2: 1     4341    1.05%
      0     0     2096.1108    32     2074.2790 UserPurge2: 1     4359    1.05%
      0     0     2096.0748    32     2074.2790 UserPurge2: 1     4370    1.05%
      0     0     2095.9582    32     2074.2790 UserPurge2: 1     4405    1.05%
      0     0     2095.7958    31     2074.2790 UserPurge2: 1     4425    1.04%
      0     0     2095.7570    32     2074.2790 UserPurge2: 1     4431    1.04%
      0     0     2095.6386    33     2074.2790 UserPurge2: 1     4448    1.03%
      0     0     2095.3953    32     2074.2790 UserPurge2: 1     4474    1.02%
      0     0     2095.1500    32     2074.2790 UserPurge2: 1     4503    1.01%
      0     0     2094.9879    30     2074.2790 UserPurge2: 1     4535    1.00%
      0     0     2094.8448    30     2074.2790 UserPurge2: 1     4557    0.99%
      0     0     2094.7351    31     2074.2790 UserPurge2: 1     4580    0.99%
      0     0     2094.7012    31     2074.2790 UserPurge2: 1     4601    0.98%
      0     0     2094.5986    32     2074.2790 UserPurge2: 1     4626    0.98%
      0     0     2094.5518    32     2074.2790 UserPurge2: 1     4645    0.98%
      0     0     2094.4613    31     2074.2790 UserPurge2: 1     4665    0.97%
      0     0     2094.3364    32     2074.2790 UserPurge2: 1     4690    0.97%
      0     0     2094.2823    31     2074.2790 UserPurge2: 1     4708    0.96%
      0     0     2094.2450    31     2074.2790 UserPurge2: 1     4726    0.96%
      0     0     2094.2101    31     2074.2790 UserPurge2: 1     4743    0.96%
      0     0     2094.1577    31     2074.2790 UserPurge2: 1     4758    0.96%
      0     0     2094.1125    32     2074.2790 UserPurge2: 1     4770    0.96%
      0     0     2094.0337    33     2074.2790 UserPurge2: 1     4791    0.95%
      0     0     2093.9767    34     2074.2790 UserPurge2: 1     4809    0.95%
      0     0     2093.8682    34     2074.2790 UserPurge2: 1     4843    0.94%
      0     0     2093.7343    33     2074.2790 UserPurge2: 1     4866    0.94%
      0     0     2093.6954    33     2074.2790 UserPurge2: 1     4879    0.94%
      0     0     2093.5334    33     2074.2790 UserPurge2: 1     4897    0.93%
      0     0     2093.4394    33     2074.2790 UserPurge2: 1     4933    0.92%
*     0+    0                         2074.6361     2093.4394             0.91%
      0     0     2093.3898    33     2074.6361 UserPurge2: 1     4947    0.90%
      0     0     2093.3375    33     2074.6361 UserPurge2: 1     4972    0.90%
      0     0     2093.2638    33     2074.6361 UserPurge2: 1     4998    0.90%
      0     0     2093.2256    32     2074.6361 UserPurge2: 1     5020    0.90%
      0     0     2093.1683    33     2074.6361 UserPurge2: 1     5037    0.89%
      0     0     2093.1470    34     2074.6361 UserPurge2: 1     5049    0.89%
      0     0     2093.1170    34     2074.6361 UserPurge2: 1     5068    0.89%
      0     0     2093.0600    35     2074.6361 UserPurge2: 1     5091    0.89%
      0     0     2092.9781    35     2074.6361 UserPurge2: 1     5111    0.88%
      0     0     2092.9451    35     2074.6361 UserPurge2: 1     5128    0.88%
      0     0     2092.8769    35     2074.6361 UserPurge2: 1     5154    0.88%
      0     0     2092.8081    36     2074.6361 UserPurge2: 1     5187    0.88%
      0     0     2092.6940    36     2074.6361 UserPurge2: 1     5212    0.87%
      0     0     2092.6048    33     2074.6361 UserPurge2: 1     5238    0.87%
      0     0     2092.4755    32     2074.6361 UserPurge2: 1     5266    0.86%
      0     0     2092.3961    33     2074.6361 UserPurge2: 1     5290    0.86%
      0     0     2092.2715    33     2074.6361 UserPurge2: 1     5316    0.85%
      0     0     2092.2096    33     2074.6361 UserPurge2: 1     5333    0.85%
      0     0     2092.1795    34     2074.6361 UserPurge2: 1     5346    0.85%
      0     0     2092.1651    35     2074.6361 UserPurge2: 1     5359    0.84%
      0     0     2092.1312    35     2074.6361 UserPurge2: 1     5379    0.84%
      0     0     2091.9948    35     2074.6361 UserPurge2: 1     5410    0.84%
      0     0     2091.9235    35     2074.6361 UserPurge2: 1     5436    0.83%
      0     0     2091.8641    35     2074.6361 UserPurge2: 1     5447    0.83%
      0     0     2091.7806    35     2074.6361 UserPurge2: 1     5472    0.83%
      0     0     2091.7161    36     2074.6361 UserPurge2: 1     5486    0.82%
      0     0     2091.5890    34     2074.6361 UserPurge2: 1     5525    0.82%
      0     0     2091.3805    34     2074.6361 UserPurge2: 1     5550    0.81%
      0     0     2091.2965    33     2074.6361 UserPurge2: 1     5585    0.80%
      0     0     2091.2032    33     2074.6361 UserPurge2: 1     5597    0.80%
      0     0     2091.1693    33     2074.6361 UserPurge2: 1     5614    0.80%
      0     0     2091.1023    33     2074.6361 UserPurge2: 1     5637    0.79%
      0     0     2091.0835    34     2074.6361 UserPurge2: 1     5652    0.79%
      0     0     2091.0324    34     2074.6361 UserPurge2: 1     5667    0.79%
      0     0     2091.0064    35     2074.6361 UserPurge2: 1     5681    0.79%
      0     0     2090.9464    35     2074.6361 UserPurge2: 1     5700    0.79%
      0     0     2090.9102    36     2074.6361 UserPurge2: 1     5712    0.78%
      0     0     2090.8658    35     2074.6361 UserPurge2: 1     5728    0.78%
      0     0     2090.8258    36     2074.6361 UserPurge2: 1     5745    0.78%
      0     0     2090.7682    35     2074.6361 UserPurge2: 1     5767    0.78%
      0     0     2090.6778    35     2074.6361 UserPurge2: 1     5796    0.77%
      0     0     2090.6091    36     2074.6361 UserPurge2: 1     5824    0.77%
      0     0     2090.4897    36     2074.6361 UserPurge2: 1     5852    0.76%
      0     0     2090.4063    35     2074.6361 UserPurge2: 1     5872    0.76%
      0     0     2090.3849    36     2074.6361 UserPurge2: 1     5885    0.76%
      0     0     2090.3608    35     2074.6361 UserPurge2: 1     5897    0.76%
      0     0     2090.3407    36     2074.6361 UserPurge2: 1     5913    0.76%
      0     0     2090.3230    36     2074.6361 UserPurge2: 1     5931    0.76%
      0     0     2090.3070    36     2074.6361 UserPurge2: 1     5945    0.76%
      0     0     2090.2823    36     2074.6361 UserPurge2: 1     5972    0.75%
      0     0     2090.2334    36     2074.6361 UserPurge2: 1     6010    0.75%
      0     0     2090.1849    35     2074.6361 UserPurge2: 1     6039    0.75%
      0     0     2090.1663    34     2074.6361 UserPurge2: 1     6057    0.75%
      0     0     2090.1392    35     2074.6361 UserPurge2: 1     6074    0.75%
      0     0     2090.1125    36     2074.6361 UserPurge2: 1     6095    0.75%
      0     0     2090.0795    35     2074.6361 UserPurge2: 1     6119    0.74%
      0     0     2090.0557    35     2074.6361 UserPurge2: 1     6128    0.74%
      0     0     2089.9796    35     2074.6361 UserPurge2: 1     6164    0.74%
      0     0     2089.9433    35     2074.6361 UserPurge2: 1     6181    0.74%
      0     0     2089.9136    34     2074.6361 UserPurge2: 1     6198    0.74%
      0     0     2089.8928    35     2074.6361 UserPurge2: 1     6212    0.74%
      0     0     2089.8746    36     2074.6361 UserPurge2: 1     6225    0.73%
      0     0     2089.8368    37     2074.6361 UserPurge2: 1     6240    0.73%
      0     0     2089.8216    38     2074.6361 UserPurge2: 1     6257    0.73%
      0     0     2089.8051    37     2074.6361 UserPurge2: 1     6274    0.73%
      0     0     2089.7599    37     2074.6361 UserPurge2: 1     6316    0.73%
      0     0     2089.6898    37     2074.6361 UserPurge2: 1     6344    0.73%
      0     0     2089.6387    35     2074.6361 UserPurge2: 1     6365    0.72%
      0     0     2089.6301    36     2074.6361 UserPurge2: 1     6376    0.72%
      0     0     2089.6087    37     2074.6361 UserPurge2: 1     6396    0.72%
      0     0     2089.5865    37     2074.6361 UserPurge2: 1     6418    0.72%
      0     0     2089.5518    38     2074.6361 UserPurge2: 1     6442    0.72%
      0     0     2089.5139    37     2074.6361 UserPurge2: 1     6468    0.72%
      0     0     2089.4916    37     2074.6361 UserPurge2: 1     6485    0.72%
      0     0     2089.4778    37     2074.6361 UserPurge2: 1     6503    0.72%
      0     0     2089.4722    38     2074.6361 UserPurge2: 1     6516    0.72%
      0     0     2089.4555    39     2074.6361 UserPurge2: 1     6541    0.71%
      0     0     2089.4032    39     2074.6361 UserPurge2: 1     6577    0.71%
      0     0     2089.3273    36     2074.6361 UserPurge2: 1     6635    0.71%
      0     0     2089.2612    36     2074.6361 UserPurge2: 1     6659    0.70%
      0     0     2089.2210    35     2074.6361 UserPurge2: 1     6678    0.70%
      0     0     2089.2117    36     2074.6361 UserPurge2: 1     6689    0.70%
      0     0     2089.1744    36     2074.6361 UserPurge2: 1     6712    0.70%
      0     0     2089.1369    37     2074.6361 UserPurge2: 1     6730    0.70%
      0     0     2089.1088    35     2074.6361 UserPurge2: 1     6758    0.70%
      0     0     2089.0861    36     2074.6361 UserPurge2: 1     6770    0.70%
      0     0     2089.0642    37     2074.6361 UserPurge2: 1     6791    0.70%
      0     0     2089.0198    37     2074.6361 UserPurge2: 1     6812    0.69%
      0     0     2088.9975    38     2074.6361 UserPurge2: 1     6840    0.69%
      0     0     2088.9881    39     2074.6361 UserPurge2: 1     6855    0.69%
      0     0     2088.9589    39     2074.6361 UserPurge2: 1     6885    0.69%
      0     0     2088.9497    40     2074.6361 UserPurge2: 1     6904    0.69%
      0     0     2088.9191    39     2074.6361 UserPurge2: 1     6927    0.69%
      0     0     2088.8995    39     2074.6361 UserPurge2: 1     6942    0.69%
      0     0     2088.8830    40     2074.6361 UserPurge2: 1     6963    0.69%
      0     0     2088.8806    41     2074.6361 UserPurge2: 1     6974    0.69%
      0     0     2088.8650    41     2074.6361 UserPurge2: 1     6993    0.69%
      0     0     2088.8497    40     2074.6361 UserPurge2: 1     7019    0.69%
      0     0     2088.8360    40     2074.6361 UserPurge2: 1     7039    0.68%
      0     0     2088.8252    41     2074.6361 UserPurge2: 1     7055    0.68%
      0     0     2088.8045    40     2074.6361 UserPurge2: 1     7077    0.68%
      0     0     2088.7774    40     2074.6361 UserPurge2: 1     7099    0.68%
      0     0     2088.7519    41     2074.6361 UserPurge2: 1     7122    0.68%
      0     0     2088.7013    40     2074.6361 UserPurge2: 1     7154    0.68%
      0     0     2088.5778    39     2074.6361 UserPurge2: 1     7198    0.67%
      0     0     2088.5155    37     2074.6361 UserPurge2: 1     7214    0.67%
      0     0     2088.4681    34     2074.6361 UserPurge2: 1     7233    0.67%
      0     0     2088.4405    35     2074.6361 UserPurge2: 1     7253    0.67%
      0     0     2088.4257    35     2074.6361 UserPurge2: 1     7266    0.66%
      0     0     2088.3922    36     2074.6361 UserPurge2: 1     7282    0.66%
      0     0     2088.3659    37     2074.6361 UserPurge2: 1     7303    0.66%
      0     0     2088.3300    36     2074.6361 UserPurge2: 1     7314    0.66%
      0     0     2088.2453    36     2074.6361 UserPurge2: 1     7348    0.66%
      0     0     2088.1669    36     2074.6361 UserPurge2: 1     7378    0.65%
      0     0     2088.0758    35     2074.6361 UserPurge2: 1     7410    0.65%
      0     0     2088.0162    36     2074.6361 UserPurge2: 1     7428    0.64%
      0     0     2087.9711    37     2074.6361 UserPurge2: 1     7447    0.64%
      0     0     2087.9361    36     2074.6361 UserPurge2: 1     7464    0.64%
      0     0     2087.9204    36     2074.6361 UserPurge2: 1     7478    0.64%
      0     0     2087.8955    36     2074.6361 UserPurge2: 1     7499    0.64%
      0     0     2087.8825    37     2074.6361 UserPurge2: 1     7512    0.64%
      0     0     2087.8645    37     2074.6361 UserPurge2: 1     7528    0.64%
      0     0     2087.8390    37     2074.6361 UserPurge2: 1     7549    0.64%
      0     0     2087.8182    36     2074.6361 UserPurge2: 1     7573    0.64%
      0     0     2087.8025    37     2074.6361 UserPurge2: 1     7594    0.63%
      0     0     2087.7837    38     2074.6361 UserPurge2: 1     7623    0.63%
      0     0     2087.7708    39     2074.6361 UserPurge2: 1     7636    0.63%
      0     0     2087.7560    39     2074.6361 UserPurge2: 1     7651    0.63%
      0     0     2087.6854    38     2074.6361 UserPurge2: 1     7698    0.63%
      0     0     2087.6178    37     2074.6361 UserPurge2: 1     7730    0.63%
      0     0     2087.5884    37     2074.6361 UserPurge2: 1     7750    0.62%
      0     0     2087.5499    37     2074.6361 UserPurge2: 1     7771    0.62%
      0     0     2087.5277    36     2074.6361 UserPurge2: 1     7794    0.62%
      0     0     2087.4946    37     2074.6361 UserPurge2: 1     7808    0.62%
      0     0     2087.4828    38     2074.6361 UserPurge2: 1     7824    0.62%
      0     0     2087.4576    38     2074.6361 UserPurge2: 1     7853    0.62%
      0     0     2087.4398    39     2074.6361 UserPurge2: 1     7870    0.62%
      0     0     2087.4199    40     2074.6361 UserPurge2: 1     7887    0.62%
      0     0     2087.4036    41     2074.6361 UserPurge2: 1     7909    0.62%
      0     0     2087.3814    41     2074.6361 UserPurge2: 1     7936    0.61%
      0     0     2087.3624    41     2074.6361 UserPurge2: 1     7954    0.61%
      0     0     2087.3484    41     2074.6361 UserPurge2: 1     7972    0.61%
      0     0     2087.2799    38     2074.6361 UserPurge2: 1     8021    0.61%
      0     0     2087.2597    38     2074.6361 UserPurge2: 1     8042    0.61%
      0     0     2087.2266    36     2074.6361 UserPurge2: 1     8064    0.61%
      0     0     2087.2155    37     2074.6361 UserPurge2: 1     8075    0.61%
      0     0     2087.2092    37     2074.6361 UserPurge2: 1     8089    0.61%
      0     0     2087.1979    38     2074.6361 UserPurge2: 1     8097    0.61%
      0     0     2087.1926    39     2074.6361 UserPurge2: 1     8108    0.61%
      0     0     2087.1682    38     2074.6361 UserPurge2: 1     8132    0.60%
      0     0     2087.1529    38     2074.6361 UserPurge2: 1     8143    0.60%
      0     0     2087.1234    37     2074.6361 UserPurge2: 1     8158    0.60%
      0     0     2087.0976    37     2074.6361 UserPurge2: 1     8179    0.60%
      0     0     2087.0765    37     2074.6361 UserPurge2: 1     8202    0.60%
      0     0     2087.0695    38     2074.6361 UserPurge2: 1     8219    0.60%
      0     0     2087.0612    39     2074.6361 UserPurge2: 1     8234    0.60%
      0     0     2087.0360    40     2074.6361 UserPurge2: 1     8263    0.60%
      0     0     2087.0190    41     2074.6361 UserPurge2: 1     8287    0.60%
      0     0     2086.9759    40     2074.6361 UserPurge2: 1     8308    0.59%
      0     0     2086.9185    38     2074.6361 UserPurge2: 1     8335    0.59%
      0     0     2086.8953    36     2074.6361 UserPurge2: 1     8357    0.59%
      0     0     2086.8779    36     2074.6361 UserPurge2: 1     8371    0.59%
      0     0     2086.8646    37     2074.6361 UserPurge2: 1     8385    0.59%
      0     0     2086.8480    38     2074.6361 UserPurge2: 1     8401    0.59%
      0     0     2086.8047    39     2074.6361 UserPurge2: 1     8440    0.59%
      0     0     2086.7814    38     2074.6361 UserPurge2: 1     8456    0.59%
      0     0     2086.7319    38     2074.6361 UserPurge2: 1     8486    0.58%
      0     0     2086.6941    38     2074.6361 UserPurge2: 1     8505    0.58%
      0     0     2086.6719    39     2074.6361 UserPurge2: 1     8527    0.58%
      0     0     2086.6644    40     2074.6361 UserPurge2: 1     8541    0.58%
      0     0     2086.6249    39     2074.6361 UserPurge2: 1     8575    0.58%
      0     0     2086.5948    39     2074.6361 UserPurge2: 1     8595    0.58%
      0     0     2086.5722    39     2074.6361 UserPurge2: 1     8611    0.58%
      0     0     2086.4984    38     2074.6361 UserPurge2: 1     8643    0.57%
      0     0     2086.4130    37     2074.6361 UserPurge2: 1     8673    0.57%
      0     0     2086.3973    36     2074.6361 UserPurge2: 1     8687    0.57%
      0     0     2086.3755    37     2074.6361 UserPurge2: 1     8698    0.57%
      0     0     2086.3359    37     2074.6361 UserPurge2: 1     8711    0.56%
*     0+    0                         2075.5599     2086.3359             0.52%
      0     0     2086.3215    38     2075.5599 UserPurge2: 1     8719    0.52%
      0     0     2086.3071    38     2075.5599 UserPurge2: 1     8730    0.52%
      0     0     2086.2928    37     2075.5599 UserPurge2: 1     8742    0.52%
      0     0     2086.2814    38     2075.5599 UserPurge2: 1     8758    0.52%
      0     0     2086.2710    39     2075.5599 UserPurge2: 1     8777    0.52%
      0     0     2086.2448    39     2075.5599 UserPurge2: 1     8797    0.51%
      0     0     2086.2363    39     2075.5599 UserPurge2: 1     8811    0.51%
      0     0     2086.2185    39     2075.5599 UserPurge2: 1     8830    0.51%
      0     0     2086.2070    38     2075.5599 UserPurge2: 1     8844    0.51%
      0     0     2086.2048    39     2075.5599 UserPurge2: 1     8853    0.51%
      0     0     2086.1965    39     2075.5599 UserPurge2: 1     8871    0.51%
      0     0     2086.1855    39     2075.5599 UserPurge2: 1     8891    0.51%
      0     0     2086.1785    40     2075.5599 UserPurge2: 1     8907    0.51%
      0     0     2086.1766    41     2075.5599 UserPurge2: 1     8920    0.51%
      0     0     2086.1668    42     2075.5599 UserPurge2: 1     8947    0.51%
      0     0     2086.1305    41     2075.5599 UserPurge2: 1     8972    0.51%
      0     0     2086.0917    40     2075.5599 UserPurge2: 1     9005    0.51%
      0     0     2086.0789    40     2075.5599 UserPurge2: 1     9018    0.51%
      0     0     2086.0636    41     2075.5599 UserPurge2: 1     9036    0.51%
      0     0     2086.0486    41     2075.5599 UserPurge2: 1     9060    0.51%
      0     0     2086.0182    42     2075.5599 UserPurge2: 1     9080    0.50%
      0     0     2085.9582    40     2075.5599 UserPurge2: 1     9115    0.50%
      0     0     2085.8571    38     2075.5599 UserPurge2: 1     9146    0.50%
      0     0     2085.8270    38     2075.5599 UserPurge2: 1     9166    0.49%
      0     0     2085.8212    39     2075.5599 UserPurge2: 1     9176    0.49%
      0     0     2085.7962    39     2075.5599 UserPurge2: 1     9193    0.49%
      0     0     2085.7579    39     2075.5599 UserPurge2: 1     9206    0.49%
      0     0     2085.6499    35     2075.5599 UserPurge2: 1     9236    0.49%
      0     0     2085.6033    35     2075.5599 UserPurge2: 1     9253    0.48%
      0     0     2085.5639    35     2075.5599 UserPurge2: 1     9264    0.48%
      0     0     2085.5273    34     2075.5599 UserPurge2: 1     9275    0.48%
      0     0     2085.5047    35     2075.5599 UserPurge2: 1     9290    0.48%
      0     0     2085.4633    35     2075.5599 UserPurge2: 1     9307    0.48%
      0     0     2085.4417    34     2075.5599 UserPurge2: 1     9321    0.48%
      0     0     2085.4277    34     2075.5599 UserPurge2: 1     9335    0.48%
      0     0     2085.4170    35     2075.5599 UserPurge2: 1     9344    0.47%
      0     0     2085.4145    36     2075.5599 UserPurge2: 1     9349    0.47%
      0     0     2085.4126    37     2075.5599 UserPurge2: 1     9359    0.47%
      0     0     2085.4029    37     2075.5599 UserPurge2: 1     9374    0.47%
      0     0     2085.3925    36     2075.5599 UserPurge2: 1     9393    0.47%
      0     0     2085.3647    34     2075.5599 UserPurge2: 1     9410    0.47%
      0     0     2085.3566    35     2075.5599 UserPurge2: 1     9427    0.47%
      0     0     2085.3408    36     2075.5599 UserPurge2: 1     9448    0.47%
      0     0     2085.3282    36     2075.5599 UserPurge2: 1     9460    0.47%
      0     0     2085.3176    37     2075.5599 UserPurge2: 1     9472    0.47%
      0     0     2085.3047    37     2075.5599 UserPurge2: 1     9487    0.47%
      0     0     2085.2937    37     2075.5599 UserPurge2: 1     9499    0.47%
      0     0     2085.2808    37     2075.5599 UserPurge2: 1     9517    0.47%
      0     0     2085.2666    38     2075.5599 UserPurge2: 1     9533    0.47%
      0     0     2085.2440    36     2075.5599 UserPurge2: 1     9549    0.47%
      0     0     2085.2378    36     2075.5599 UserPurge2: 1     9554    0.47%
      0     0     2085.2328    37     2075.5599 UserPurge2: 1     9565    0.47%
      0     0     2085.2294    37     2075.5599 UserPurge2: 1     9571    0.47%
      0     0     2085.2200    37     2075.5599 UserPurge2: 1     9586    0.47%
      0     0     2085.2137    38     2075.5599 UserPurge2: 1     9595    0.47%
      0     0     2085.2037    38     2075.5599 UserPurge2: 1     9606    0.46%
      0     0     2085.1980    38     2075.5599 UserPurge2: 1     9616    0.46%
      0     0     2085.1931    39     2075.5599 UserPurge2: 1     9623    0.46%
      0     0     2085.1859    39     2075.5599 UserPurge2: 1     9633    0.46%
      0     0     2085.1798    40     2075.5599 UserPurge2: 1     9648    0.46%
      0     0     2085.1771    41     2075.5599 UserPurge2: 1     9662    0.46%
      0     0     2085.1660    40     2075.5599 UserPurge2: 1     9692    0.46%
      0     0     2085.1558    41     2075.5599 UserPurge2: 1     9709    0.46%
      0     0     2085.1519    42     2075.5599 UserPurge2: 1     9730    0.46%
      0     0     2085.1411    42     2075.5599 UserPurge2: 1     9745    0.46%
      0     0     2085.1215    42     2075.5599 UserPurge2: 1     9768    0.46%
      0     0     2085.1096    41     2075.5599 UserPurge2: 1     9792    0.46%
      0     0     2085.1001    41     2075.5599 UserPurge2: 1     9819    0.46%
      0     0     2085.0893    41     2075.5599 UserPurge2: 1     9835    0.46%
      0     0     2085.0809    41     2075.5599 UserPurge2: 1     9854    0.46%
      0     0     2085.0654    41     2075.5599 UserPurge2: 1     9884    0.46%
      0     0     2085.0587    42     2075.5599 UserPurge2: 1     9898    0.46%
      0     0     2085.0458    42     2075.5599 UserPurge2: 1     9927    0.46%
      0     0     2085.0090    37     2075.5599 UserPurge2: 1     9964    0.46%
      0     0     2084.9877    35     2075.5599 UserPurge2: 1     9985    0.45%
      0     0     2084.9753    34     2075.5599 UserPurge2: 1    10001    0.45%
      0     0     2084.9716    35     2075.5599 UserPurge2: 1    10014    0.45%
      0     0     2084.9578    35     2075.5599 UserPurge2: 1    10037    0.45%
      0     0     2084.9457    36     2075.5599 UserPurge2: 1    10051    0.45%
      0     0     2084.9428    37     2075.5599 UserPurge2: 1    10066    0.45%
      0     0     2084.9385    37     2075.5599 UserPurge2: 1    10075    0.45%
      0     0     2084.9354    38     2075.5599 UserPurge2: 1    10084    0.45%
      0     0     2084.9213    35     2075.5599 UserPurge2: 1    10113    0.45%
      0     0     2084.9177    36     2075.5599 UserPurge2: 1    10125    0.45%
      0     0     2084.9151    37     2075.5599 UserPurge2: 1    10137    0.45%
      0     0     2084.9106    38     2075.5599 UserPurge2: 1    10153    0.45%
      0     0     2084.9005    39     2075.5599 UserPurge2: 1    10171    0.45%
      0     0     2084.8914    39     2075.5599 UserPurge2: 1    10192    0.45%
      0     0     2084.8871    40     2075.5599 UserPurge2: 1    10216    0.45%
      0     0     2084.8813    40     2075.5599 UserPurge2: 1    10230    0.45%
      0     0     2084.8738    40     2075.5599 UserPurge2: 1    10249    0.45%
      0     0     2084.8685    41     2075.5599 UserPurge2: 1    10269    0.45%
      0     0     2084.8670    42     2075.5599 UserPurge2: 1    10289    0.45%
      0     0     2084.8651    43     2075.5599 UserPurge2: 1    10303    0.45%
      0     0     2084.8613    43     2075.5599 UserPurge2: 1    10328    0.45%
      0     0     2084.8481    43     2075.5599 UserPurge2: 1    10351    0.45%
      0     0     2084.8333    42     2075.5599 UserPurge2: 1    10374    0.45%
      0     0     2084.8188    41     2075.5599 UserPurge2: 1    10400    0.45%
      0     0     2084.7820    39     2075.5599 UserPurge2: 1    10433    0.44%
      0     0     2084.7690    39     2075.5599 UserPurge2: 1    10452    0.44%
      0     0     2084.7649    40     2075.5599 UserPurge2: 1    10462    0.44%
      0     0     2084.7551    41     2075.5599 UserPurge2: 1    10478    0.44%
      0     0     2084.7409    39     2075.5599 UserPurge2: 1    10498    0.44%
      0     0     2084.7371    40     2075.5599 UserPurge2: 1    10512    0.44%
      0     0     2084.7330    41     2075.5599 UserPurge2: 1    10530    0.44%
      0     0     2084.7268    41     2075.5599 UserPurge2: 1    10552    0.44%
      0     0     2084.7231    41     2075.5599 UserPurge2: 1    10564    0.44%
      0     0     2084.7196    42     2075.5599 UserPurge2: 1    10579    0.44%
      0     0     2084.7157    43     2075.5599 UserPurge2: 1    10588    0.44%
      0     0     2084.7128    44     2075.5599 UserPurge2: 1    10599    0.44%
      0     0     2084.7055    45     2075.5599 UserPurge2: 1    10622    0.44%
      0     0     2084.6937    44     2075.5599 UserPurge2: 1    10647    0.44%
      0     0     2084.6717    43     2075.5599 UserPurge2: 1    10675    0.44%
      0     0     2084.6590    42     2075.5599 UserPurge2: 1    10697    0.44%
      0     0     2084.6403    41     2075.5599 UserPurge2: 1    10720    0.44%
      0     0     2084.6314    41     2075.5599 UserPurge2: 1    10733    0.44%
      0     0     2084.6274    42     2075.5599 UserPurge2: 1    10742    0.44%
      0     0     2084.6267    43     2075.5599 UserPurge2: 1    10750    0.44%
      0     0     2084.6210    42     2075.5599 UserPurge2: 1    10768    0.44%
      0     0     2084.5943    40     2075.5599 UserPurge2: 1    10794    0.44%
      0     0     2084.5732    41     2075.5599 UserPurge2: 1    10811    0.43%
      0     0     2084.5656    42     2075.5599 UserPurge2: 1    10829    0.43%
      0     0     2084.5524    41     2075.5599 UserPurge2: 1    10851    0.43%
      0     0     2084.5401    40     2075.5599 UserPurge2: 1    10871    0.43%
      0     0     2084.5315    40     2075.5599 UserPurge2: 1    10883    0.43%
      0     0     2084.5276    41     2075.5599 UserPurge2: 1    10893    0.43%
      0     0     2084.5172    39     2075.5599 UserPurge2: 1    10911    0.43%
      0     0     2084.5115    39     2075.5599 UserPurge2: 1    10926    0.43%
      0     0     2084.5089    40     2075.5599 UserPurge2: 1    10937    0.43%
      0     0     2084.5024    41     2075.5599 UserPurge2: 1    10960    0.43%
      0     0     2084.4914    42     2075.5599 UserPurge2: 1    10982    0.43%
      0     0     2084.4860    42     2075.5599 UserPurge2: 1    10999    0.43%
      0     0     2084.4797    41     2075.5599 UserPurge2: 1    11022    0.43%
      0     0     2084.4760    41     2075.5599 UserPurge2: 1    11035    0.43%
      0     0     2084.4733    42     2075.5599 UserPurge2: 1    11046    0.43%
      0     0     2084.4703    43     2075.5599 UserPurge2: 1    11062    0.43%
      0     0     2084.4678    44     2075.5599 UserPurge2: 1    11077    0.43%
      0     0     2084.4670    45     2075.5599 UserPurge2: 1    11085    0.43%
      0     0     2084.4608    46     2075.5599 UserPurge2: 1    11112    0.43%
      0     0     2084.4553    46     2075.5599 UserPurge2: 1    11134    0.43%
      0     0     2084.4523    47     2075.5599 UserPurge2: 1    11143    0.43%
      0     0     2084.4352    45     2075.5599 UserPurge2: 1    11191    0.43%
      0     0     2084.4010    42     2075.5599 UserPurge2: 1    11225    0.43%
      0     0     2084.3712    41     2075.5599 UserPurge2: 1    11262    0.42%
      0     0     2084.3531    41     2075.5599 UserPurge2: 1    11278    0.42%
      0     2     2084.3531    41     2075.5599     2084.3529    11278    0.42%
Elapsed time = 34.21 sec. (3856.88 ticks, tree = 0.01 MB, solutions = 3)
      1     3     2079.6655    22     2075.5599     2084.3529    58422    0.42%
      2     4     2079.6143    39     2075.5599     2079.6655   125456    0.20%
      3     5     2079.5689    21     2075.5599     2079.6654   131841    0.20%
      4     6     2079.3925    23     2075.5599     2079.6654   146496    0.20%
*     5     5      integral     0     2078.9981     2079.6654   151754    0.03%
      5     5     2078.9981     0     2078.9981     2079.6654   151754    0.03%
      6     6     2079.3385    25     2078.9981     2079.6654   162263    0.03%
*     7     5      integral     0     2079.3111     2079.6654   162509    0.02%
      9     3        cutoff           2079.3111     2079.6654   162655    0.02%
     10     4     2079.4152    19     2079.3111     2079.6143   168512    0.01%
     11     3        cutoff           2079.3111     2079.6143   169189    0.01%
Elapsed time = 886.03 sec. (481475.53 ticks, tree = 0.13 MB, solutions = 5)
     13     3     2079.4106    30     2079.3111     2079.6143   198644    0.01%
     14     2        cutoff           2079.3111     2079.6143   200706    0.01%
     15     1        cutoff           2079.3111     2079.6143   201428    0.01%
     16     0        cutoff           2079.3111     2079.3111   203511    0.00%

User cuts applied:  16082

Root node processing (before b&c):
  Real time             =   34.22 sec. (3879.90 ticks)
Sequential b&c:
  Real time             = 1134.48 sec. (643577.69 ticks)
                          ------------
Total (root+branch&cut) = 1168.71 sec. (647457.59 ticks)
@Parameters: 
is_S_cut                                true
is_add_all_yinF                         true
is_start_value                          true
is_usercut                              true
is_visualization                        false
uc_only_rootnode                        false

data                                    Qi
fn                                      data/Qi/instance_1000_500.csv
mode                                    NewSubmodular
solver                                  cplex

p                                       10
r                                       50

EPS                                     1.0e-06
EPS_vio                                 1.0e-04
beta                                    0.10
gap                                     0.00
nodelimit                               Inf
timelimit                               7200.00


@PrintInfos
ItCnt: 203511
Current gap: 0.00 %
Termination Status: OPTIMAL
Primal Status: FEASIBLE_POINT
Solve Time: 1168.71 sec
Objective Value: 2079.311067
Number of Nodes:     17

CutInfo: [phase] num / time (sec) 
ZLP             [phase1]     0 / 0.00 [rLC]     0 / 0.00 [rUC]     0 / 0.00 [sLC]     0 / 0.00 [sUC]     0 / 0.00 
OldSubmodular   [phase1]     0 / 0.00 [rLC]     0 / 0.00 [rUC]     0 / 0.00 [sLC]     0 / 0.00 [sUC]     0 / 0.00 
NewSubmodular   [phase1]     0 / 0.00 [rLC]   163 / 8.11 [rUC]  1032 / 21.02 [sLC]     0 / 1.83 [sUC] 16032 / 366.24 
PMP             [phase1]     0 / 0.00 [rLC]     6 / 4.24 [rUC]     0 / 0.00 [sLC]     2 / 1.82 [sUC]    18 / 13.06 
Separation Round: [phase1] 0  [rLC] 137  [rUC] 560  [sLC] 2  [sUC] 4303
Root Best Bound 2079.665460
Root Best Integer: 2075.559936
Best Bound: 2079.311067
Best Integer: 2079.311067

