Version identifier: 20.1.0.0 | 2020-11-10 | 9bedb6d68
CPXPARAM_Threads                                 1
CPXPARAM_TimeLimit                               7200
CPXPARAM_MIP_Tolerances_MIPGap                   0
Generic callback                                 0x60
1 of 1 MIP starts provided solutions.
MIP start 'm1' defined initial solution with objective 1995.4154.
Tried aggregator 1 time.
Reduced MIP has 1 rows, 801 columns, and 800 nonzeros.
Reduced MIP has 800 binaries, 0 generals, 0 SOSs, and 0 indicators.
Presolve time = 0.00 sec. (0.24 ticks)
Probing time = 0.00 sec. (0.09 ticks)
Tried aggregator 1 time.
Reduced MIP has 1 rows, 801 columns, and 800 nonzeros.
Reduced MIP has 800 binaries, 0 generals, 0 SOSs, and 0 indicators.
Presolve time = 0.00 sec. (0.25 ticks)
Probing time = 0.00 sec. (0.09 ticks)
MIP emphasis: balance optimality and feasibility.
MIP search method: dynamic search.
Parallel mode: none, using 1 thread.
Root relaxation solution time = 0.00 sec. (0.17 ticks)

        Nodes                                         Cuts/
   Node  Left     Objective  IInf  Best Integer    Best Bound    ItCnt     Gap

*     0+    0                         1995.4154     2716.0000            36.11%
      0     0     2291.1852     2     1995.4154     2716.0000        0   36.11%
      0     0     2252.8093     3     1995.4154 UserPurge2: 1        4   12.90%
      0     0     2198.6222     4     1995.4154 UserPurge2: 1        9   10.18%
      0     0     2180.8466     4     1995.4154 UserPurge2: 1       19    9.29%
      0     0     2155.6773     6     1995.4154 UserPurge2: 1       32    8.03%
      0     0     2133.7041     7     1995.4154 UserPurge2: 1       50    6.93%
      0     0     2111.1121     7     1995.4154 UserPurge2: 1       68    5.80%
      0     0     2107.1429     8     1995.4154 UserPurge2: 1       80    5.60%
      0     0     2103.5819     9     1995.4154 UserPurge2: 1       88    5.42%
      0     0     2099.3121    10     1995.4154 UserPurge2: 1       96    5.21%
      0     0     2094.7176    11     1995.4154 UserPurge2: 1      113    4.98%
      0     0     2090.7908    12     1995.4154 UserPurge2: 1      137    4.78%
      0     0     2087.4027    14     1995.4154 UserPurge2: 1      170    4.61%
      0     0     2085.6806    15     1995.4154 UserPurge1: 1      188    4.52%
      0     0     2079.8124    13     1995.4154 UserPurge2: 1      214    4.23%
      0     0     2078.3574    15     1995.4154 UserPurge2: 1      238    4.16%
      0     0     2077.5882    17     1995.4154 UserPurge2: 1      259    4.12%
      0     0     2076.4418    18     1995.4154 UserPurge2: 1      285    4.06%
      0     0     2074.5644    18     1995.4154 UserPurge2: 1      330    3.97%
      0     0     2071.1303    19     1995.4154 UserPurge2: 1      363    3.79%
      0     0     2067.8317    18     1995.4154 UserPurge2: 1      408    3.63%
      0     0     2064.6256    17     1995.4154 UserPurge2: 1      434    3.47%
      0     0     2064.1995    18     1995.4154 UserPurge1: 1      439    3.45%
      0     0     2059.6492    15     1995.4154 UserPurge2: 1      473    3.22%
      0     0     2056.7009    13     1995.4154 UserPurge2: 1      494    3.07%
      0     0     2055.8326    13     1995.4154 UserPurge2: 1      510    3.03%
      0     0     2055.1213    14     1995.4154 UserPurge2: 1      521    2.99%
      0     0     2054.9388    16     1995.4154 UserPurge2: 1      532    2.98%
      0     0     2054.6894    17     1995.4154 UserPurge2: 1      547    2.97%
      0     0     2054.3023    18     1995.4154 UserPurge2: 1      567    2.95%
      0     0     2053.0361    16     1995.4154 UserPurge2: 1      606    2.89%
      0     0     2052.5832    18     1995.4154 UserPurge2: 1      620    2.86%
      0     0     2052.3172    19     1995.4154 UserPurge2: 1      634    2.85%
      0     0     2051.6871    19     1995.4154 UserPurge2: 1      653    2.82%
      0     0     2051.1473    19     1995.4154 UserPurge2: 1      691    2.79%
      0     0     2049.6488    16     1995.4154 UserPurge2: 1      716    2.72%
      0     0     2048.9852    18     1995.4154 UserPurge2: 1      727    2.68%
      0     0     2048.4280    17     1995.4154 UserPurge2: 1      748    2.66%
      0     0     2048.0633    17     1995.4154 UserPurge2: 1      758    2.64%
      0     0     2047.2899    17     1995.4154 UserPurge2: 1      786    2.60%
      0     0     2047.0901    18     1995.4154 UserPurge2: 1      811    2.59%
      0     0     2045.9235    18     1995.4154 UserPurge2: 1      837    2.53%
      0     0     2045.2573    17     1995.4154 UserPurge2: 1      869    2.50%
      0     0     2044.8076    19     1995.4154 UserPurge2: 1      887    2.48%
      0     0     2044.4787    19     1995.4154 UserPurge2: 1      906    2.46%
      0     0     2043.8881    20     1995.4154 UserPurge2: 1      931    2.43%
      0     0     2043.1598    20     1995.4154 UserPurge2: 1      960    2.39%
      0     0     2041.9259    19     1995.4154 UserPurge2: 1     1000    2.33%
      0     0     2041.3555    19     1995.4154 UserPurge2: 1     1025    2.30%
      0     0     2040.1090    19     1995.4154 UserPurge2: 1     1046    2.24%
*     0+    0                         2001.1909     2040.1090             1.94%
      0     0     2039.7400    19     2001.1909 UserPurge2: 1     1066    1.93%
      0     0     2039.5718    18     2001.1909 UserPurge2: 1     1082    1.92%
      0     0     2039.4216    19     2001.1909 UserPurge2: 1     1093    1.91%
      0     0     2038.5447    19     2001.1909 UserPurge2: 1     1125    1.87%
      0     0     2037.6429    18     2001.1909 UserPurge2: 1     1151    1.82%
      0     0     2037.1350    17     2001.1909 UserPurge2: 1     1174    1.80%
      0     0     2036.9361    18     2001.1909 UserPurge2: 1     1194    1.79%
      0     0     2036.7252    18     2001.1909 UserPurge2: 1     1214    1.78%
      0     0     2036.6017    20     2001.1909 UserPurge2: 1     1237    1.77%
      0     0     2036.2532    20     2001.1909 UserPurge2: 1     1269    1.75%
      0     0     2036.1674    20     2001.1909 UserPurge2: 1     1282    1.75%
      0     0     2035.9236    19     2001.1909 UserPurge2: 1     1309    1.74%
      0     0     2035.7351    21     2001.1909 UserPurge2: 1     1334    1.73%
      0     0     2035.5271    20     2001.1909 UserPurge2: 1     1364    1.72%
      0     0     2035.3631    21     2001.1909 UserPurge2: 1     1395    1.71%
      0     0     2034.9168    22     2001.1909 UserPurge2: 1     1435    1.69%
      0     0     2034.5005    21     2001.1909 UserPurge2: 1     1458    1.66%
      0     0     2034.2193    21     2001.1909 UserPurge2: 1     1474    1.65%
      0     0     2034.1001    23     2001.1909 UserPurge2: 1     1491    1.64%
      0     0     2033.6629    21     2001.1909 UserPurge2: 1     1533    1.62%
      0     0     2033.4108    21     2001.1909 UserPurge2: 1     1550    1.61%
      0     0     2033.0856    21     2001.1909 UserPurge2: 1     1574    1.59%
      0     0     2032.8575    21     2001.1909 UserPurge2: 1     1602    1.58%
      0     0     2032.7351    22     2001.1909 UserPurge2: 1     1611    1.58%
      0     0     2032.6722    21     2001.1909 UserPurge2: 1     1624    1.57%
      0     0     2032.6294    22     2001.1909 UserPurge2: 1     1639    1.57%
*     0+    0                         2006.5469     2032.6294             1.30%
      0     0     2032.4926    20     2006.5469 UserPurge2: 1     1651    1.29%
      0     0     2032.4700    21     2006.5469 UserPurge2: 1     1660    1.29%
      0     0     2031.9985    21     2006.5469 UserPurge2: 1     1705    1.27%
      0     0     2031.7500    21     2006.5469 UserPurge2: 1     1727    1.26%
      0     0     2031.5668    22     2006.5469 UserPurge2: 1     1747    1.25%
      0     0     2031.5023    22     2006.5469 UserPurge2: 1     1766    1.24%
      0     0     2031.3452    23     2006.5469 UserPurge2: 1     1793    1.24%
      0     0     2031.2655    23     2006.5469 UserPurge2: 1     1805    1.23%
      0     0     2031.1405    23     2006.5469 UserPurge2: 1     1816    1.23%
      0     0     2030.8884    23     2006.5469 UserPurge2: 1     1850    1.21%
      0     0     2030.5875    22     2006.5469 UserPurge2: 1     1864    1.20%
      0     0     2030.4225    23     2006.5469 UserPurge2: 1     1889    1.19%
      0     0     2030.1942    24     2006.5469 UserPurge2: 1     1904    1.18%
      0     0     2029.9856    23     2006.5469 UserPurge2: 1     1929    1.17%
      0     0     2029.8266    23     2006.5469 UserPurge2: 1     1958    1.16%
      0     0     2029.6895    24     2006.5469 UserPurge2: 1     1976    1.15%
      0     0     2029.4636    24     2006.5469 UserPurge2: 1     2001    1.14%
      0     0     2029.2490    23     2006.5469 UserPurge2: 1     2027    1.13%
      0     0     2029.2149    24     2006.5469 UserPurge2: 1     2035    1.13%
      0     0     2029.1262    24     2006.5469 UserPurge2: 1     2062    1.13%
      0     0     2029.0676    25     2006.5469 UserPurge2: 1     2081    1.12%
      0     0     2028.9422    25     2006.5469 UserPurge2: 1     2106    1.12%
      0     0     2028.8298    26     2006.5469 UserPurge2: 1     2127    1.11%
      0     0     2028.6807    27     2006.5469 UserPurge2: 1     2155    1.10%
      0     0     2028.5605    27     2006.5469 UserPurge2: 1     2176    1.10%
      0     0     2028.2986    26     2006.5469 UserPurge2: 1     2216    1.08%
      0     0     2028.2152    27     2006.5469 UserPurge2: 1     2229    1.08%
      0     0     2027.9890    27     2006.5469 UserPurge2: 1     2275    1.07%
      0     0     2027.8339    27     2006.5469 UserPurge2: 1     2304    1.06%
      0     0     2027.4774    27     2006.5469 UserPurge2: 1     2330    1.04%
      0     0     2027.1702    25     2006.5469 UserPurge2: 1     2372    1.03%
      0     0     2027.1357    25     2006.5469 UserPurge2: 1     2387    1.03%
      0     0     2026.9858    25     2006.5469 UserPurge2: 1     2403    1.02%
      0     0     2026.8656    25     2006.5469 UserPurge2: 1     2420    1.01%
      0     0     2026.8526    26     2006.5469 UserPurge2: 1     2426    1.01%
      0     0     2026.8331    27     2006.5469 UserPurge2: 1     2439    1.01%
      0     0     2026.7878    28     2006.5469 UserPurge2: 1     2460    1.01%
      0     0     2026.7253    29     2006.5469 UserPurge2: 1     2481    1.01%
      0     0     2026.5589    29     2006.5469 UserPurge2: 1     2520    1.00%
      0     0     2026.5171    28     2006.5469 UserPurge2: 1     2541    1.00%
      0     0     2026.4656    29     2006.5469 UserPurge2: 1     2566    0.99%
      0     0     2026.3522    28     2006.5469 UserPurge2: 1     2594    0.99%
      0     0     2026.1335    26     2006.5469 UserPurge2: 1     2642    0.98%
      0     0     2026.0135    27     2006.5469 UserPurge2: 1     2664    0.97%
      0     0     2025.9086    27     2006.5469 UserPurge2: 1     2685    0.96%
      0     0     2025.8335    27     2006.5469 UserPurge2: 1     2708    0.96%
      0     0     2025.7775    27     2006.5469 UserPurge2: 1     2732    0.96%
      0     0     2025.6443    25     2006.5469 UserPurge2: 1     2755    0.95%
      0     0     2025.5851    26     2006.5469 UserPurge2: 1     2768    0.95%
      0     0     2025.4842    27     2006.5469 UserPurge2: 1     2788    0.94%
      0     0     2025.4460    27     2006.5469 UserPurge2: 1     2805    0.94%
      0     0     2025.3195    26     2006.5469 UserPurge2: 1     2854    0.94%
      0     0     2025.2677    26     2006.5469 UserPurge2: 1     2879    0.93%
      0     0     2025.2461    27     2006.5469 UserPurge2: 1     2891    0.93%
      0     0     2025.2094    28     2006.5469 UserPurge2: 1     2910    0.93%
      0     0     2025.1504    29     2006.5469 UserPurge2: 1     2933    0.93%
      0     0     2025.0560    29     2006.5469 UserPurge2: 1     2962    0.92%
      0     0     2025.0079    28     2006.5469 UserPurge2: 1     2978    0.92%
      0     0     2024.8706    27     2006.5469 UserPurge2: 1     3004    0.91%
      0     0     2024.8420    28     2006.5469 UserPurge2: 1     3025    0.91%
      0     0     2024.7411    29     2006.5469 UserPurge2: 1     3052    0.91%
      0     0     2024.6216    29     2006.5469 UserPurge2: 1     3087    0.90%
      0     0     2024.5114    28     2006.5469 UserPurge2: 1     3112    0.90%
      0     0     2024.3294    28     2006.5469 UserPurge2: 1     3140    0.89%
      0     0     2024.2612    27     2006.5469 UserPurge2: 1     3170    0.88%
      0     0     2024.1653    27     2006.5469 UserPurge2: 1     3189    0.88%
      0     0     2024.1550    28     2006.5469 UserPurge2: 1     3196    0.88%
      0     0     2024.1032    29     2006.5469 UserPurge2: 1     3213    0.87%
      0     0     2024.0769    30     2006.5469 UserPurge2: 1     3226    0.87%
      0     0     2024.0332    30     2006.5469 UserPurge2: 1     3251    0.87%
      0     0     2023.9466    29     2006.5469 UserPurge2: 1     3289    0.87%
      0     0     2023.8700    30     2006.5469 UserPurge2: 1     3306    0.86%
      0     0     2023.7907    31     2006.5469 UserPurge2: 1     3335    0.86%
      0     0     2023.7588    30     2006.5469 UserPurge2: 1     3355    0.86%
      0     0     2023.7023    30     2006.5469 UserPurge2: 1     3386    0.85%
      0     0     2023.6066    30     2006.5469 UserPurge2: 1     3413    0.85%
      0     0     2023.5818    31     2006.5469 UserPurge2: 1     3425    0.85%
      0     0     2023.5449    31     2006.5469 UserPurge2: 1     3449    0.85%
      0     0     2023.5066    32     2006.5469 UserPurge2: 1     3476    0.85%
      0     0     2023.4606    32     2006.5469 UserPurge2: 1     3501    0.84%
      0     0     2023.2935    31     2006.5469 UserPurge2: 1     3537    0.83%
      0     0     2023.2470    30     2006.5469 UserPurge2: 1     3565    0.83%
      0     0     2023.1792    28     2006.5469 UserPurge2: 1     3594    0.83%
      0     0     2023.1602    28     2006.5469 UserPurge2: 1     3605    0.83%
      0     0     2023.1253    29     2006.5469 UserPurge2: 1     3624    0.83%
      0     0     2023.0731    30     2006.5469 UserPurge2: 1     3649    0.82%
      0     0     2023.0040    30     2006.5469 UserPurge2: 1     3672    0.82%
      0     0     2022.9829    31     2006.5469 UserPurge2: 1     3697    0.82%
      0     0     2022.9539    31     2006.5469 UserPurge2: 1     3720    0.82%
      0     0     2022.9298    32     2006.5469 UserPurge2: 1     3742    0.82%
      0     0     2022.8298    29     2006.5469 UserPurge2: 1     3771    0.81%
      0     0     2022.7667    30     2006.5469 UserPurge2: 1     3800    0.81%
      0     0     2022.7154    30     2006.5469 UserPurge2: 1     3824    0.81%
      0     0     2022.6392    31     2006.5469 UserPurge2: 1     3851    0.80%
      0     0     2022.6184    32     2006.5469 UserPurge2: 1     3874    0.80%
      0     0     2022.5215    31     2006.5469 UserPurge2: 1     3919    0.80%
      0     0     2022.4399    32     2006.5469 UserPurge2: 1     3957    0.79%
      0     0     2022.4221    33     2006.5469 UserPurge2: 1     3968    0.79%
      0     0     2022.2169    30     2006.5469 UserPurge2: 1     4037    0.78%
      0     0     2022.1291    29     2006.5469 UserPurge2: 1     4070    0.78%
      0     0     2022.0246    29     2006.5469 UserPurge2: 1     4096    0.77%
      0     0     2021.9525    29     2006.5469 UserPurge2: 1     4118    0.77%
      0     0     2021.9041    30     2006.5469 UserPurge2: 1     4144    0.77%
      0     0     2021.8548    30     2006.5469 UserPurge2: 1     4168    0.76%
      0     0     2021.7929    29     2006.5469 UserPurge2: 1     4192    0.76%
      0     0     2021.7299    30     2006.5469 UserPurge2: 1     4211    0.76%
      0     0     2021.7025    31     2006.5469 UserPurge2: 1     4239    0.76%
      0     0     2021.6891    32     2006.5469 UserPurge2: 1     4257    0.75%
      0     0     2021.6655    32     2006.5469 UserPurge2: 1     4282    0.75%
      0     0     2021.6082    32     2006.5469 UserPurge2: 1     4311    0.75%
      0     0     2021.5414    32     2006.5469 UserPurge2: 1     4351    0.75%
      0     0     2021.4861    32     2006.5469 UserPurge2: 1     4375    0.74%
      0     0     2021.4432    32     2006.5469 UserPurge2: 1     4406    0.74%
      0     0     2021.4180    33     2006.5469 UserPurge2: 1     4421    0.74%
      0     0     2021.3356    33     2006.5469 UserPurge2: 1     4451    0.74%
      0     0     2021.2916    33     2006.5469 UserPurge2: 1     4469    0.73%
      0     0     2021.2388    33     2006.5469 UserPurge2: 1     4502    0.73%
      0     0     2021.1592    33     2006.5469 UserPurge2: 1     4540    0.73%
      0     0     2021.0988    32     2006.5469 UserPurge2: 1     4559    0.73%
      0     0     2021.0393    32     2006.5469 UserPurge2: 1     4584    0.72%
      0     0     2021.0104    31     2006.5469 UserPurge2: 1     4604    0.72%
      0     0     2020.9583    32     2006.5469 UserPurge2: 1     4619    0.72%
      0     0     2020.9397    31     2006.5469 UserPurge2: 1     4631    0.72%
      0     0     2020.9239    32     2006.5469 UserPurge2: 1     4646    0.72%
      0     0     2020.9031    33     2006.5469 UserPurge2: 1     4664    0.72%
      0     0     2020.8895    33     2006.5469 UserPurge2: 1     4685    0.71%
      0     0     2020.8598    35     2006.5469 UserPurge2: 1     4723    0.71%
      0     0     2020.8455    35     2006.5469 UserPurge2: 1     4737    0.71%
      0     0     2020.7928    36     2006.5469 UserPurge2: 1     4773    0.71%
      0     0     2020.7367    35     2006.5469 UserPurge2: 1     4821    0.71%
      0     0     2020.7075    35     2006.5469 UserPurge2: 1     4835    0.71%
      0     0     2020.6251    34     2006.5469 UserPurge2: 1     4876    0.70%
      0     0     2020.5362    34     2006.5469 UserPurge2: 1     4908    0.70%
      0     0     2020.4986    35     2006.5469 UserPurge2: 1     4930    0.70%
      0     0     2020.3359    32     2006.5469 UserPurge2: 1     4966    0.69%
      0     0     2020.1516    30     2006.5469 UserPurge2: 1     4994    0.68%
      0     0     2020.0958    29     2006.5469 UserPurge2: 1     5007    0.68%
      0     0     2020.0452    30     2006.5469 UserPurge2: 1     5021    0.67%
      0     0     2020.0340    31     2006.5469 UserPurge2: 1     5028    0.67%
      0     0     2020.0207    31     2006.5469 UserPurge2: 1     5038    0.67%
      0     0     2019.9595    30     2006.5469 UserPurge2: 1     5064    0.67%
      0     0     2019.9307    30     2006.5469 UserPurge2: 1     5087    0.67%
      0     0     2019.9127    30     2006.5469 UserPurge2: 1     5101    0.67%
      0     0     2019.9023    30     2006.5469 UserPurge2: 1     5112    0.67%
      0     0     2019.8903    31     2006.5469 UserPurge2: 1     5121    0.66%
      0     0     2019.8769    31     2006.5469 UserPurge2: 1     5138    0.66%
      0     0     2019.8682    31     2006.5469 UserPurge2: 1     5147    0.66%
      0     0     2019.8444    31     2006.5469 UserPurge2: 1     5170    0.66%
      0     0     2019.8144    29     2006.5469 UserPurge2: 1     5182    0.66%
      0     0     2019.7916    30     2006.5469 UserPurge2: 1     5198    0.66%
      0     0     2019.7860    31     2006.5469 UserPurge2: 1     5212    0.66%
      0     0     2019.7780    32     2006.5469 UserPurge2: 1     5223    0.66%
      0     0     2019.7636    33     2006.5469 UserPurge2: 1     5242    0.66%
      0     0     2019.7171    30     2006.5469 UserPurge2: 1     5272    0.66%
      0     0     2019.6907    31     2006.5469 UserPurge2: 1     5296    0.66%
      0     0     2019.6803    32     2006.5469 UserPurge2: 1     5306    0.65%
      0     0     2019.6447    32     2006.5469 UserPurge2: 1     5344    0.65%
      0     0     2019.5945    31     2006.5469 UserPurge2: 1     5371    0.65%
      0     0     2019.5825    32     2006.5469 UserPurge2: 1     5396    0.65%
      0     0     2019.5685    32     2006.5469 UserPurge2: 1     5420    0.65%
      0     0     2019.5524    33     2006.5469 UserPurge2: 1     5439    0.65%
      0     0     2019.5351    34     2006.5469 UserPurge2: 1     5463    0.65%
      0     0     2019.5231    33     2006.5469 UserPurge2: 1     5481    0.65%
      0     0     2019.5174    33     2006.5469 UserPurge2: 1     5496    0.65%
      0     0     2019.5071    34     2006.5469 UserPurge2: 1     5510    0.65%
      0     0     2019.4924    35     2006.5469 UserPurge2: 1     5530    0.65%
      0     0     2019.4746    35     2006.5469 UserPurge2: 1     5564    0.64%
      0     0     2019.4574    35     2006.5469 UserPurge2: 1     5581    0.64%
      0     0     2019.4249    34     2006.5469 UserPurge2: 1     5601    0.64%
      0     0     2019.3861    34     2006.5469 UserPurge2: 1     5643    0.64%
      0     0     2019.3577    35     2006.5469 UserPurge2: 1     5662    0.64%
      0     0     2019.3279    35     2006.5469 UserPurge2: 1     5684    0.64%
      0     0     2019.3187    35     2006.5469 UserPurge2: 1     5699    0.64%
      0     0     2019.3059    35     2006.5469 UserPurge2: 1     5721    0.64%
      0     0     2019.2815    36     2006.5469 UserPurge2: 1     5754    0.63%
      0     0     2019.2751    37     2006.5469 UserPurge2: 1     5768    0.63%
      0     0     2019.2620    36     2006.5469 UserPurge2: 1     5785    0.63%
      0     0     2019.2306    36     2006.5469 UserPurge2: 1     5818    0.63%
      0     0     2019.1716    35     2006.5469 UserPurge2: 1     5856    0.63%
      0     0     2019.1086    35     2006.5469 UserPurge2: 1     5899    0.63%
      0     0     2019.0813    35     2006.5469 UserPurge2: 1     5919    0.62%
      0     0     2019.0729    36     2006.5469 UserPurge2: 1     5934    0.62%
      0     0     2019.0480    35     2006.5469 UserPurge2: 1     5962    0.62%
      0     0     2019.0266    35     2006.5469 UserPurge2: 1     5977    0.62%
      0     0     2019.0191    36     2006.5469 UserPurge2: 1     5992    0.62%
      0     0     2019.0163    37     2006.5469 UserPurge2: 1     6001    0.62%
      0     0     2018.9958    38     2006.5469 UserPurge2: 1     6026    0.62%
      0     0     2018.9596    37     2006.5469 UserPurge2: 1     6067    0.62%
      0     0     2018.9458    38     2006.5469 UserPurge2: 1     6093    0.62%
      0     0     2018.9039    37     2006.5469 UserPurge2: 1     6127    0.62%
      0     0     2018.8837    36     2006.5469 UserPurge2: 1     6149    0.61%
      0     0     2018.8698    37     2006.5469 UserPurge2: 1     6164    0.61%
      0     0     2018.8639    37     2006.5469 UserPurge2: 1     6184    0.61%
      0     0     2018.8611    38     2006.5469 UserPurge2: 1     6196    0.61%
      0     0     2018.8474    38     2006.5469 UserPurge2: 1     6220    0.61%
      0     0     2018.8401    38     2006.5469 UserPurge2: 1     6241    0.61%
      0     0     2018.8327    39     2006.5469 UserPurge2: 1     6255    0.61%
      0     0     2018.8151    39     2006.5469 UserPurge2: 1     6286    0.61%
      0     0     2018.8108    40     2006.5469 UserPurge2: 1     6305    0.61%
      0     0     2018.7996    39     2006.5469 UserPurge2: 1     6331    0.61%
      0     0     2018.7889    40     2006.5469 UserPurge2: 1     6366    0.61%
      0     0     2018.7763    40     2006.5469 UserPurge2: 1     6384    0.61%
      0     0     2018.7709    40     2006.5469 UserPurge2: 1     6404    0.61%
      0     0     2018.7646    41     2006.5469 UserPurge2: 1     6425    0.61%
      0     0     2018.7582    42     2006.5469 UserPurge2: 1     6456    0.61%
      0     0     2018.7371    41     2006.5469 UserPurge2: 1     6493    0.61%
      0     0     2018.7017    40     2006.5469 UserPurge2: 1     6515    0.61%
      0     0     2018.6671    39     2006.5469 UserPurge2: 1     6543    0.60%
      0     0     2018.6428    39     2006.5469 UserPurge2: 1     6570    0.60%
      0     0     2018.6073    36     2006.5469 UserPurge2: 1     6598    0.60%
      0     0     2018.5793    36     2006.5469 UserPurge2: 1     6620    0.60%
      0     0     2018.5594    36     2006.5469 UserPurge2: 1     6643    0.60%
      0     0     2018.5474    36     2006.5469 UserPurge2: 1     6661    0.60%
      0     0     2018.5421    36     2006.5469 UserPurge2: 1     6679    0.60%
      0     0     2018.5374    37     2006.5469 UserPurge2: 1     6687    0.60%
      0     0     2018.5254    38     2006.5469 UserPurge2: 1     6700    0.60%
      0     0     2018.5106    39     2006.5469 UserPurge2: 1     6730    0.60%
      0     0     2018.4642    37     2006.5469 UserPurge2: 1     6774    0.59%
      0     0     2018.4560    36     2006.5469 UserPurge2: 1     6793    0.59%
      0     0     2018.4418    37     2006.5469 UserPurge2: 1     6814    0.59%
      0     0     2018.4288    38     2006.5469 UserPurge2: 1     6834    0.59%
      0     0     2018.3788    37     2006.5469 UserPurge2: 1     6886    0.59%
      0     0     2018.3019    35     2006.5469 UserPurge2: 1     6932    0.59%
      0     0     2018.2616    33     2006.5469 UserPurge2: 1     6953    0.58%
      0     0     2018.2499    33     2006.5469 UserPurge2: 1     6965    0.58%
      0     0     2018.2270    33     2006.5469 UserPurge2: 1     6998    0.58%
      0     0     2018.2069    33     2006.5469 UserPurge2: 1     7019    0.58%
      0     0     2018.1916    34     2006.5469 UserPurge2: 1     7038    0.58%
      0     0     2018.1790    33     2006.5469 UserPurge2: 1     7055    0.58%
      0     0     2018.1766    34     2006.5469 UserPurge2: 1     7066    0.58%
      0     0     2018.1635    34     2006.5469 UserPurge2: 1     7089    0.58%
      0     0     2018.1500    33     2006.5469 UserPurge2: 1     7109    0.58%
      0     0     2018.1395    34     2006.5469 UserPurge2: 1     7131    0.58%
      0     0     2018.1376    35     2006.5469 UserPurge2: 1     7141    0.58%
      0     0     2018.1304    35     2006.5469 UserPurge2: 1     7163    0.58%
      0     0     2018.1248    34     2006.5469 UserPurge2: 1     7178    0.58%
      0     0     2018.1208    35     2006.5469 UserPurge2: 1     7192    0.58%
      0     0     2018.1158    36     2006.5469 UserPurge2: 1     7215    0.58%
      0     0     2018.1139    37     2006.5469 UserPurge2: 1     7232    0.58%
      0     0     2018.1110    38     2006.5469 UserPurge2: 1     7240    0.58%
      0     0     2018.1079    39     2006.5469 UserPurge2: 1     7257    0.58%
*     0+    0                         2007.6771     2018.1079             0.52%
      0     0     2018.1014    38     2007.6771 UserPurge2: 1     7288    0.52%
      0     0     2018.0966    39     2007.6771 UserPurge2: 1     7306    0.52%
      0     0     2018.0838    37     2007.6771 UserPurge2: 1     7336    0.52%
      0     0     2018.0672    37     2007.6771 UserPurge2: 1     7366    0.52%
      0     0     2018.0563    38     2007.6771 UserPurge2: 1     7389    0.52%
      0     0     2018.0474    39     2007.6771 UserPurge2: 1     7406    0.52%
      0     0     2018.0365    39     2007.6771 UserPurge2: 1     7433    0.52%
      0     0     2017.9811    36     2007.6771 UserPurge2: 1     7473    0.51%
      0     0     2017.9393    33     2007.6771 UserPurge2: 1     7509    0.51%
      0     0     2017.9280    33     2007.6771 UserPurge2: 1     7528    0.51%
      0     0     2017.9201    34     2007.6771 UserPurge2: 1     7542    0.51%
      0     0     2017.9025    35     2007.6771 UserPurge2: 1     7566    0.51%
      0     0     2017.8992    36     2007.6771 UserPurge2: 1     7578    0.51%
      0     0     2017.8969    37     2007.6771 UserPurge2: 1     7588    0.51%
      0     0     2017.8911    36     2007.6771 UserPurge2: 1     7610    0.51%
      0     0     2017.8796    35     2007.6771 UserPurge2: 1     7635    0.51%
      0     0     2017.8693    36     2007.6771 UserPurge2: 1     7656    0.51%
      0     0     2017.8602    37     2007.6771 UserPurge2: 1     7674    0.51%
      0     0     2017.8565    38     2007.6771 UserPurge2: 1     7692    0.51%
      0     0     2017.8511    37     2007.6771 UserPurge2: 1     7709    0.51%
      0     0     2017.8478    38     2007.6771 UserPurge2: 1     7724    0.51%
      0     0     2017.8260    37     2007.6771 UserPurge2: 1     7757    0.51%
      0     0     2017.8133    37     2007.6771 UserPurge2: 1     7775    0.50%
      0     0     2017.7891    37     2007.6771 UserPurge2: 1     7796    0.50%
      0     0     2017.7708    38     2007.6771 UserPurge2: 1     7809    0.50%
      0     0     2017.7580    38     2007.6771 UserPurge2: 1     7825    0.50%
      0     0     2017.7500    38     2007.6771 UserPurge2: 1     7846    0.50%
      0     0     2017.7433    38     2007.6771 UserPurge2: 1     7858    0.50%
      0     0     2017.7362    38     2007.6771 UserPurge2: 1     7871    0.50%
      0     0     2017.7245    38     2007.6771 UserPurge2: 1     7892    0.50%
      0     0     2017.7073    38     2007.6771 UserPurge2: 1     7922    0.50%
      0     0     2017.6940    39     2007.6771 UserPurge2: 1     7949    0.50%
      0     0     2017.6776    39     2007.6771 UserPurge2: 1     7968    0.50%
      0     0     2017.6583    39     2007.6771 UserPurge2: 1     7986    0.50%
      0     0     2017.6426    39     2007.6771 UserPurge2: 1     8015    0.50%
      0     0     2017.6268    39     2007.6771 UserPurge2: 1     8037    0.50%
      0     0     2017.6226    38     2007.6771 UserPurge2: 1     8048    0.50%
      0     0     2017.6042    39     2007.6771 UserPurge2: 1     8063    0.49%
      0     0     2017.5859    39     2007.6771 UserPurge2: 1     8082    0.49%
      0     0     2017.5763    39     2007.6771 UserPurge2: 1     8103    0.49%
      0     0     2017.5538    40     2007.6771 UserPurge2: 1     8125    0.49%
*     0+    0                         2008.1174     2017.5538             0.47%
      0     0     2017.5426    40     2008.1174 UserPurge2: 1     8148    0.47%
      0     0     2017.5382    41     2008.1174 UserPurge2: 1     8167    0.47%
      0     0     2017.5330    42     2008.1174 UserPurge2: 1     8186    0.47%
      0     0     2017.5149    42     2008.1174 UserPurge2: 1     8209    0.47%
      0     0     2017.5106    42     2008.1174 UserPurge2: 1     8223    0.47%
      0     0     2017.5052    42     2008.1174 UserPurge2: 1     8249    0.47%
      0     0     2017.4975    43     2008.1174 UserPurge2: 1     8273    0.47%
      0     0     2017.4691    42     2008.1174 UserPurge2: 1     8319    0.47%
      0     0     2017.4520    40     2008.1174 UserPurge2: 1     8336    0.46%
      0     0     2017.4364    40     2008.1174 UserPurge2: 1     8356    0.46%
      0     0     2017.4174    40     2008.1174 UserPurge2: 1     8379    0.46%
      0     0     2017.4026    41     2008.1174 UserPurge2: 1     8408    0.46%
      0     0     2017.3933    41     2008.1174 UserPurge2: 1     8433    0.46%
      0     0     2017.3723    39     2008.1174 UserPurge2: 1     8466    0.46%
      0     0     2017.3512    39     2008.1174 UserPurge2: 1     8489    0.46%
      0     0     2017.3443    40     2008.1174 UserPurge2: 1     8501    0.46%
      0     0     2017.3193    40     2008.1174 UserPurge2: 1     8530    0.46%
      0     0     2017.3090    41     2008.1174 UserPurge2: 1     8546    0.46%
      0     0     2017.3007    41     2008.1174 UserPurge2: 1     8578    0.46%
      0     0     2017.2766    40     2008.1174 UserPurge2: 1     8618    0.46%
      0     0     2017.2516    40     2008.1174 UserPurge2: 1     8644    0.45%
      0     0     2017.2459    41     2008.1174 UserPurge2: 1     8661    0.45%
      0     0     2017.2344    41     2008.1174 UserPurge2: 1     8686    0.45%
      0     0     2017.2209    39     2008.1174 UserPurge2: 1     8714    0.45%
      0     0     2017.1902    39     2008.1174 UserPurge2: 1     8750    0.45%
      0     0     2017.1641    36     2008.1174 UserPurge2: 1     8788    0.45%
      0     0     2017.1581    37     2008.1174 UserPurge2: 1     8798    0.45%
      0     0     2017.1515    38     2008.1174 UserPurge2: 1     8824    0.45%
      0     0     2017.1436    39     2008.1174 UserPurge2: 1     8850    0.45%
      0     0     2017.1371    39     2008.1174 UserPurge2: 1     8866    0.45%
      0     0     2017.1330    40     2008.1174 UserPurge2: 1     8879    0.45%
      0     0     2017.1296    39     2008.1174 UserPurge2: 1     8896    0.45%
      0     0     2017.1246    40     2008.1174 UserPurge2: 1     8913    0.45%
      0     0     2017.1202    40     2008.1174 UserPurge2: 1     8931    0.45%
      0     0     2017.1191    41     2008.1174 UserPurge2: 1     8945    0.45%
      0     0     2017.1171    42     2008.1174 UserPurge2: 1     8958    0.45%
      0     0     2017.1162    43     2008.1174 UserPurge2: 1     8975    0.45%
      0     0     2017.1112    43     2008.1174 UserPurge2: 1     8993    0.45%
      0     0     2017.1093    44     2008.1174 UserPurge2: 1     9010    0.45%
      0     0     2017.1031    44     2008.1174 UserPurge2: 1     9032    0.45%
      0     0     2017.0914    41     2008.1174 UserPurge2: 1     9061    0.45%
      0     0     2017.0813    42     2008.1174 UserPurge2: 1     9094    0.45%
      0     0     2017.0731    42     2008.1174 UserPurge2: 1     9118    0.45%
      0     0     2017.0679    43     2008.1174 UserPurge2: 1     9138    0.45%
      0     0     2017.0636    43     2008.1174 UserPurge2: 1     9166    0.45%
      0     0     2017.0600    43     2008.1174 UserPurge2: 1     9186    0.45%
      0     0     2017.0537    43     2008.1174 UserPurge2: 1     9211    0.45%
      0     0     2017.0452    42     2008.1174 UserPurge2: 1     9252    0.44%
      0     0     2017.0362    43     2008.1174 UserPurge2: 1     9278    0.44%
*     0+    0                         2010.4851     2017.0362             0.33%
      0     0     2017.0214    42     2010.4851 UserPurge2: 1     9312    0.33%
      0     0     2017.0128    42     2010.4851 UserPurge2: 1     9340    0.32%
      0     0     2016.9976    41     2010.4851 UserPurge2: 1     9363    0.32%
      0     0     2016.9839    40     2010.4851 UserPurge2: 1     9385    0.32%
      0     0     2016.9806    41     2010.4851 UserPurge2: 1     9408    0.32%
      0     0     2016.9779    42     2010.4851 UserPurge2: 1     9421    0.32%
      0     0     2016.9731    42     2010.4851 UserPurge2: 1     9438    0.32%
      0     0     2016.9689    42     2010.4851 UserPurge2: 1     9449    0.32%
      0     0     2016.9640    43     2010.4851 UserPurge2: 1     9464    0.32%
      0     0     2016.9565    43     2010.4851 UserPurge2: 1     9491    0.32%
      0     0     2016.9487    43     2010.4851 UserPurge2: 1     9524    0.32%
      0     0     2016.9406    44     2010.4851 UserPurge2: 1     9546    0.32%
      0     0     2016.9324    43     2010.4851 UserPurge2: 1     9571    0.32%
      0     0     2016.9274    44     2010.4851 UserPurge2: 1     9590    0.32%
      0     0     2016.9234    44     2010.4851 UserPurge2: 1     9607    0.32%
      0     0     2016.9158    44     2010.4851 UserPurge2: 1     9635    0.32%
      0     0     2016.9087    45     2010.4851 UserPurge2: 1     9671    0.32%
      0     0     2016.8890    44     2010.4851 UserPurge2: 1     9709    0.32%
      0     0     2016.8807    44     2010.4851 UserPurge2: 1     9727    0.32%
      0     0     2016.8677    44     2010.4851 UserPurge2: 1     9747    0.32%
      0     0     2016.8649    45     2010.4851 UserPurge2: 1     9762    0.32%
      0     0     2016.8611    46     2010.4851 UserPurge2: 1     9788    0.32%
      0     0     2016.8547    47     2010.4851 UserPurge2: 1     9815    0.32%
      0     0     2016.8504    47     2010.4851 UserPurge2: 1     9841    0.32%
      0     0     2016.8463    48     2010.4851 UserPurge2: 1     9868    0.32%
      0     0     2016.8393    48     2010.4851 UserPurge2: 1     9898    0.32%
      0     0     2016.8186    46     2010.4851 UserPurge2: 1     9953    0.32%
      0     0     2016.8006    44     2010.4851 UserPurge2: 1     9985    0.31%
      0     0     2016.7711    41     2010.4851 UserPurge2: 1    10025    0.31%
      0     0     2016.7594    42     2010.4851 UserPurge2: 1    10040    0.31%
      0     0     2016.7154    39     2010.4851 UserPurge2: 1    10079    0.31%
      0     0     2016.6566    38     2010.4851 UserPurge2: 1    10111    0.31%
      0     0     2016.6457    38     2010.4851 UserPurge2: 1    10125    0.31%
      0     0     2016.6196    37     2010.4851 UserPurge2: 1    10148    0.31%
      0     0     2016.6092    38     2010.4851 UserPurge2: 1    10177    0.30%
      0     0     2016.6079    39     2010.4851 UserPurge2: 1    10189    0.30%
      0     0     2016.6001    40     2010.4851 UserPurge2: 1    10200    0.30%
      0     0     2016.5958    41     2010.4851 UserPurge2: 1    10214    0.30%
      0     0     2016.5784    42     2010.4851 UserPurge2: 1    10240    0.30%
      0     0     2016.5723    40     2010.4851 UserPurge2: 1    10256    0.30%
      0     0     2016.5575    41     2010.4851 UserPurge2: 1    10292    0.30%
      0     0     2016.5490    41     2010.4851 UserPurge2: 1    10314    0.30%
      0     0     2016.5375    42     2010.4851 UserPurge2: 1    10342    0.30%
      0     0     2016.5306    42     2010.4851 UserPurge2: 1    10362    0.30%
      0     0     2016.5240    43     2010.4851 UserPurge2: 1    10383    0.30%
      0     0     2016.5193    42     2010.4851 UserPurge2: 1    10404    0.30%
      0     0     2016.5107    43     2010.4851 UserPurge2: 1    10434    0.30%
      0     0     2016.5070    43     2010.4851 UserPurge2: 1    10446    0.30%
      0     0     2016.4997    44     2010.4851 UserPurge2: 1    10465    0.30%
      0     0     2016.4904    44     2010.4851 UserPurge2: 1    10481    0.30%
      0     0     2016.4815    43     2010.4851 UserPurge2: 1    10506    0.30%
      0     0     2016.4740    43     2010.4851 UserPurge2: 1    10541    0.30%
      0     0     2016.4670    44     2010.4851 UserPurge2: 1    10561    0.30%
      0     0     2016.4580    45     2010.4851 UserPurge2: 1    10593    0.30%
      0     0     2016.4527    45     2010.4851 UserPurge2: 1    10625    0.30%
      0     0     2016.4388    46     2010.4851 UserPurge2: 1    10664    0.30%
      0     0     2016.4233    46     2010.4851 UserPurge2: 1    10689    0.30%
      0     0     2016.4129    46     2010.4851 UserPurge2: 1    10716    0.29%
      0     0     2016.4068    46     2010.4851 UserPurge2: 1    10738    0.29%
      0     0     2016.3969    44     2010.4851 UserPurge2: 1    10774    0.29%
      0     0     2016.3894    44     2010.4851 UserPurge2: 1    10797    0.29%
      0     0     2016.3815    44     2010.4851 UserPurge2: 1    10818    0.29%
      0     0     2016.3761    45     2010.4851 UserPurge2: 1    10831    0.29%
      0     0     2016.3644    45     2010.4851 UserPurge2: 1    10865    0.29%
      0     0     2016.3562    44     2010.4851 UserPurge2: 1    10895    0.29%
      0     0     2016.3465    44     2010.4851 UserPurge2: 1    10925    0.29%
      0     0     2016.3419    45     2010.4851 UserPurge2: 1    10943    0.29%
      0     0     2016.3385    46     2010.4851 UserPurge2: 1    10960    0.29%
      0     0     2016.3342    47     2010.4851 UserPurge2: 1    10992    0.29%
      0     0     2016.3199    46     2010.4851 UserPurge2: 1    11030    0.29%
      0     0     2016.3099    45     2010.4851 UserPurge2: 1    11054    0.29%
      0     0     2016.2805    43     2010.4851 UserPurge2: 1    11097    0.29%
      0     0     2016.2587    44     2010.4851 UserPurge2: 1    11121    0.29%
      0     0     2016.2483    45     2010.4851 UserPurge2: 1    11149    0.29%
      0     0     2016.2369    43     2010.4851 UserPurge2: 1    11174    0.29%
      0     0     2016.2302    43     2010.4851 UserPurge2: 1    11198    0.29%
      0     0     2016.2283    43     2010.4851 UserPurge2: 1    11205    0.29%
      0     0     2016.2120    44     2010.4851 UserPurge2: 1    11232    0.28%
      0     0     2016.2027    43     2010.4851 UserPurge2: 1    11252    0.28%
      0     0     2016.1923    42     2010.4851 UserPurge2: 1    11276    0.28%
      0     0     2016.1833    41     2010.4851 UserPurge2: 1    11300    0.28%
      0     0     2016.1753    42     2010.4851 UserPurge2: 1    11319    0.28%
      0     0     2016.1687    43     2010.4851 UserPurge2: 1    11338    0.28%
      0     0     2016.1629    43     2010.4851 UserPurge2: 1    11351    0.28%
      0     0     2016.1576    42     2010.4851 UserPurge2: 1    11367    0.28%
      0     0     2016.1544    43     2010.4851 UserPurge2: 1    11383    0.28%
      0     0     2016.1495    43     2010.4851 UserPurge2: 1    11401    0.28%
      0     0     2016.1346    43     2010.4851 UserPurge2: 1    11435    0.28%
      0     0     2016.1284    43     2010.4851 UserPurge2: 1    11465    0.28%
      0     0     2016.1235    42     2010.4851 UserPurge2: 1    11487    0.28%
      0     0     2016.1201    41     2010.4851 UserPurge2: 1    11516    0.28%
      0     0     2016.1166    42     2010.4851 UserPurge2: 1    11536    0.28%
      0     0     2016.1127    42     2010.4851 UserPurge2: 1    11557    0.28%
      0     0     2016.1114    42     2010.4851 UserPurge2: 1    11570    0.28%
      0     0     2016.1096    43     2010.4851 UserPurge2: 1    11587    0.28%
      0     0     2016.1077    44     2010.4851 UserPurge2: 1    11605    0.28%
      0     0     2016.1050    44     2010.4851 UserPurge2: 1    11641    0.28%
      0     0     2016.1008    44     2010.4851 UserPurge2: 1    11680    0.28%
      0     0     2016.0917    44     2010.4851 UserPurge2: 1    11715    0.28%
      0     0     2016.0832    43     2010.4851 UserPurge2: 1    11736    0.28%
      0     0     2016.0789    44     2010.4851 UserPurge2: 1    11758    0.28%
      0     0     2016.0739    44     2010.4851 UserPurge2: 1    11785    0.28%
      0     0     2016.0648    44     2010.4851 UserPurge2: 1    11824    0.28%
      0     0     2016.0636    45     2010.4851 UserPurge2: 1    11837    0.28%
      0     0     2016.0422    43     2010.4851 UserPurge2: 1    11876    0.28%
      0     0     2016.0320    43     2010.4851 UserPurge2: 1    11904    0.28%
      0     0     2016.0220    42     2010.4851 UserPurge2: 1    11926    0.28%
      0     0     2016.0151    43     2010.4851 UserPurge2: 1    11948    0.28%
      0     0     2016.0066    44     2010.4851 UserPurge2: 1    11973    0.27%
      0     0     2016.0031    44     2010.4851 UserPurge2: 1    11993    0.27%
      0     0     2015.9958    43     2010.4851 UserPurge2: 1    12015    0.27%
      0     0     2015.9928    43     2010.4851 UserPurge2: 1    12030    0.27%
      0     0     2015.9863    43     2010.4851 UserPurge2: 1    12047    0.27%
      0     0     2015.9845    44     2010.4851 UserPurge2: 1    12067    0.27%
      0     0     2015.9783    41     2010.4851 UserPurge2: 1    12098    0.27%
      0     0     2015.9769    41     2010.4851 UserPurge2: 1    12112    0.27%
      0     0     2015.9757    42     2010.4851 UserPurge2: 1    12121    0.27%
      0     0     2015.9747    43     2010.4851 UserPurge2: 1    12140    0.27%
      0     0     2015.9713    44     2010.4851 UserPurge2: 1    12165    0.27%
      0     0     2015.9702    45     2010.4851 UserPurge2: 1    12181    0.27%
      0     0     2015.9672    44     2010.4851 UserPurge2: 1    12203    0.27%
      0     0     2015.9638    44     2010.4851 UserPurge2: 1    12220    0.27%
      0     0     2015.9614    45     2010.4851 UserPurge2: 1    12245    0.27%
      0     0     2015.9563    45     2010.4851 UserPurge2: 1    12276    0.27%
      0     0     2015.9532    45     2010.4851 UserPurge2: 1    12306    0.27%
      0     0     2015.9510    45     2010.4851 UserPurge2: 1    12331    0.27%
      0     0     2015.9467    46     2010.4851 UserPurge2: 1    12354    0.27%
      0     0     2015.9447    47     2010.4851 UserPurge2: 1    12376    0.27%
      0     0     2015.9424    48     2010.4851 UserPurge2: 1    12396    0.27%
      0     0     2015.9381    49     2010.4851 UserPurge2: 1    12419    0.27%
      0     0     2015.9320    49     2010.4851 UserPurge2: 1    12456    0.27%
      0     0     2015.9256    49     2010.4851 UserPurge2: 1    12490    0.27%
      0     0     2015.9164    50     2010.4851 UserPurge2: 1    12524    0.27%
      0     0     2015.9044    46     2010.4851 UserPurge2: 1    12566    0.27%
      0     0     2015.8985    46     2010.4851 UserPurge2: 1    12586    0.27%
      0     0     2015.8940    47     2010.4851 UserPurge2: 1    12606    0.27%
      0     0     2015.8838    47     2010.4851 UserPurge2: 1    12634    0.27%
      0     0     2015.8764    44     2010.4851 UserPurge2: 1    12667    0.27%
      0     0     2015.8700    45     2010.4851 UserPurge2: 1    12694    0.27%
      0     0     2015.8676    46     2010.4851 UserPurge2: 1    12706    0.27%
      0     0     2015.8627    46     2010.4851 UserPurge2: 1    12723    0.27%
      0     0     2015.8552    46     2010.4851 UserPurge2: 1    12752    0.27%
      0     0     2015.8480    46     2010.4851 UserPurge2: 1    12776    0.27%
      0     0     2015.8408    45     2010.4851 UserPurge2: 1    12805    0.27%
      0     0     2015.8319    46     2010.4851 UserPurge2: 1    12836    0.27%
      0     0     2015.8282    46     2010.4851 UserPurge2: 1    12854    0.27%
      0     0     2015.8252    47     2010.4851 UserPurge2: 1    12877    0.27%
      0     0     2015.8221    48     2010.4851 UserPurge2: 1    12894    0.27%
      0     0     2015.8157    48     2010.4851 UserPurge2: 1    12924    0.27%
      0     0     2015.8124    48     2010.4851 UserPurge2: 1    12953    0.26%
      0     0     2015.8093    47     2010.4851 UserPurge2: 1    12980    0.26%
      0     0     2015.8058    48     2010.4851 UserPurge2: 1    12997    0.26%
      0     0     2015.8031    48     2010.4851 UserPurge2: 1    13015    0.26%
      0     0     2015.8011    49     2010.4851 UserPurge2: 1    13053    0.26%
      0     0     2015.7966    49     2010.4851 UserPurge2: 1    13094    0.26%
      0     0     2015.7907    49     2010.4851 UserPurge2: 1    13118    0.26%
      0     0     2015.7774    49     2010.4851 UserPurge2: 1    13150    0.26%
      0     0     2015.7613    46     2010.4851 UserPurge2: 1    13197    0.26%
      0     0     2015.7511    46     2010.4851 UserPurge2: 1    13230    0.26%
      0     0     2015.7374    46     2010.4851 UserPurge2: 1    13260    0.26%
      0     0     2015.7293    46     2010.4851 UserPurge2: 1    13298    0.26%
      0     2     2015.7293    46     2010.4851     2015.7292    13298    0.26%
Elapsed time = 54.82 sec. (6764.97 ticks, tree = 0.01 MB, solutions = 6)
      1     3     2013.0001    16     2010.4851     2015.7292    39270    0.26%
      2     4     2012.8120     4     2010.4851     2015.7292    40358    0.26%
      3     5     2012.7493     2     2010.4851     2015.7292    41506    0.26%
      4     6     2012.7346     4     2010.4851     2015.7292    42064    0.26%
      5     7     2012.5010     2     2010.4851     2015.7292    42922    0.26%
      6     8     2012.4427     2     2010.4851     2015.7292    43765    0.26%
*     7     7      integral     0     2012.0189     2015.7292    43903    0.18%
      8     8     2012.4420     2     2012.0189     2015.7292    44843    0.18%
*    10+    6                         2012.4387     2015.7292             0.16%
     10     8     2012.4420     4     2012.4387     2015.7292    44993    0.16%
     14     7     2012.4411     4     2012.4387     2015.7292    45095    0.16%
     19     7     2013.0552    39     2012.4387     2013.0552   101845    0.03%
Elapsed time = 410.36 sec. (183786.77 ticks, tree = 0.09 MB, solutions = 8)
     20     8     2012.8349    33     2012.4387     2013.0552   130007    0.03%
     21     9     2012.8224    29     2012.4387     2013.0552   141685    0.03%
     22    10     2012.7608    30     2012.4387     2013.0552   158048    0.03%
     23    11     2012.6642    21     2012.4387     2013.0552   169648    0.03%
     24    12     2012.6275    23     2012.4387     2013.0552   175906    0.03%
     25    13     2012.5789    14     2012.4387     2013.0552   179289    0.03%
     26    14     2012.4760    15     2012.4387     2013.0552   184662    0.03%
     30    12     2012.9189    28     2012.4387     2013.0000   198318    0.03%
     31    13     2012.8716    27     2012.4387     2013.0000   207541    0.03%
     32    14     2012.8245    29     2012.4387     2013.0000   218760    0.03%
Elapsed time = 1092.54 sec. (697832.55 ticks, tree = 0.58 MB, solutions = 8)
     33    15     2012.6076    14     2012.4387     2013.0000   230655    0.03%
     34    16     2012.5683    27     2012.4387     2013.0000   240599    0.03%
     35    17     2012.5062    13     2012.4387     2013.0000   247444    0.03%
     36    16        cutoff           2012.4387     2013.0000   247996    0.03%
     38    16     2012.9749    16     2012.4387     2012.9749   251278    0.03%
     39    17     2012.9502    16     2012.4387     2012.9747   255899    0.03%
     40    18     2012.8758    26     2012.4387     2012.9747   266045    0.03%
     41    19     2012.8090    15     2012.4387     2012.9747   272554    0.03%
     42    20     2012.6653     4     2012.4387     2012.9747   273156    0.03%
     45    19        cutoff           2012.4387     2012.9747   273519    0.03%
Elapsed time = 1584.88 sec. (1092762.31 ticks, tree = 1.28 MB, solutions = 8)
     47    19     2012.7665    14     2012.4387     2012.9502   278115    0.03%
     48    20     2012.5473     8     2012.4387     2012.9502   279426    0.03%
     49    21     2012.4712     8     2012.4387     2012.9502   281238    0.03%
     52    20     2012.9070    14     2012.4387     2012.9189   283852    0.02%
     53    21     2012.8548     8     2012.4387     2012.9189   285837    0.02%
     54    22     2012.8502     6     2012.4387     2012.9189   286228    0.02%
     55    23     2012.8379     6     2012.4387     2012.9189   287325    0.02%
     57    23     2012.7632     6     2012.4387     2012.9189   289493    0.02%
     59    23     2012.7406     6     2012.4387     2012.9189   290406    0.02%
     61    23     2012.6665     7     2012.4387     2012.9189   292193    0.02%
Elapsed time = 1813.27 sec. (1246526.24 ticks, tree = 1.54 MB, solutions = 8)
     63    23     2012.6420     6     2012.4387     2012.9189   293414    0.02%
     64    24     2012.6346     6     2012.4387     2012.9189   293683    0.02%
     66    24     2012.5851     6     2012.4387     2012.9189   295926    0.02%
     70    24     2012.4980     6     2012.4387     2012.9189   298513    0.02%
     72    24     2012.4953     6     2012.4387     2012.9189   298992    0.02%
     76    22     2012.8608    13     2012.4387     2012.9070   304376    0.02%
     77    23     2012.7741    16     2012.4387     2012.9070   309935    0.02%
     78    24     2012.7364    17     2012.4387     2012.9070   313797    0.02%
     79    25     2012.7149    17     2012.4387     2012.9070   317005    0.02%
     80    26     2012.6610    16     2012.4387     2012.9070   320053    0.02%
Elapsed time = 2163.16 sec. (1515741.30 ticks, tree = 2.11 MB, solutions = 8)
     81    27     2012.4416    13     2012.4387     2012.9070   325445    0.02%
     84    26     2012.6484    13     2012.4387     2012.8756   331757    0.02%
     85    27     2012.5850    17     2012.4387     2012.8756   336056    0.02%
     86    28     2012.5389    16     2012.4387     2012.8756   340687    0.02%
     87    27        cutoff           2012.4387     2012.8756   343442    0.02%
     89    27     2012.7030    32     2012.4387     2012.8716   356990    0.02%
     90    28     2012.6166    37     2012.4387     2012.8716   368829    0.02%
     91    27        cutoff           2012.4387     2012.8716   374403    0.02%
     92    26        cutoff           2012.4387     2012.8716   375410    0.02%
     93    27     2012.7606    21     2012.4387     2012.8608   380523    0.02%
Elapsed time = 2871.32 sec. (2158842.68 ticks, tree = 2.39 MB, solutions = 8)
     94    28     2012.5936    12     2012.4387     2012.8608   385352    0.02%
     95    29     2012.5468    10     2012.4387     2012.8608   392360    0.02%
     96    30     2012.5011    12     2012.4387     2012.8608   396329    0.02%
     97    29        cutoff           2012.4387     2012.8608   397904    0.02%
     99    27        cutoff           2012.4387     2012.8548   398413    0.02%
    100    26        cutoff           2012.4387     2012.8349   398694    0.02%
    101    25        cutoff           2012.4387     2012.8244   401592    0.02%
    102    24        cutoff           2012.4387     2012.8114   402407    0.02%
    103    25     2012.5371     2     2012.4387     2012.8090   403410    0.02%
    104    26     2012.5162     2     2012.4387     2012.8090   403488    0.02%
Elapsed time = 3176.44 sec. (2433365.70 ticks, tree = 2.67 MB, solutions = 8)
    105    25        cutoff           2012.4387     2012.8090   403609    0.02%
    107    25     2012.6905    19     2012.4387     2012.7741   409849    0.02%
    108    24        cutoff           2012.4387     2012.7741   410262    0.02%
    109    25     2012.5178    10     2012.4387     2012.7741   411819    0.02%
    110    26     2012.4940     6     2012.4387     2012.7741   411888    0.02%
    113    23        cutoff           2012.4387     2012.7664   412103    0.02%
    114    24     2012.7166     8     2012.4387     2012.7608   413253    0.02%
    115    23        cutoff           2012.4387     2012.7608   413743    0.02%
    116    24     2012.5812     2     2012.4387     2012.7608   413963    0.02%
*   117    17      integral     0     2012.5702     2012.7608   414169    0.01%
Elapsed time = 3372.20 sec. (2587516.51 ticks, tree = 1.73 MB, solutions = 9)
    119    17     2012.6420    24     2012.5702     2012.7607   425612    0.01%
    121    15        cutoff           2012.5702     2012.7607   428620    0.01%
    122    16     2012.6935    28     2012.5702     2012.7598   445356    0.01%
    123    15        cutoff           2012.5702     2012.7598   455063    0.01%
    124    14        cutoff           2012.5702     2012.7598   455507    0.01%
    126    12        cutoff           2012.5702     2012.7343   455820    0.01%
    127    13     2012.6674     6     2012.5702     2012.7311   458161    0.01%
    128    14     2012.6351     4     2012.5702     2012.7311   459230    0.01%
    129    15     2012.6253     8     2012.5702     2012.7311   459574    0.01%
*   130+   11                         2012.6159     2012.7311             0.01%
    130    12     2012.6197     9     2012.6159     2012.7311   459990    0.01%
Elapsed time = 4023.68 sec. (3078853.88 ticks, tree = 1.48 MB, solutions = 10)
    133    11     2012.6287    10     2012.6159     2012.7030   462020    0.00%
    136     8        cutoff           2012.6159     2012.6668   462550    0.00%
    139     5        cutoff           2012.6159     2012.6484   462662    0.00%
    140     4        cutoff           2012.6159     2012.6351   463365    0.00%
    143     1        cutoff           2012.6159     2012.6252   463565    0.00%

User cuts applied:  26553

Root node processing (before b&c):
  Real time             =   54.84 sec. (6825.79 ticks)
Sequential b&c:
  Real time             = 4024.81 sec. (3120718.90 ticks)
                          ------------
Total (root+branch&cut) = 4079.65 sec. (3127544.69 ticks)
@Parameters: 
is_S_cut                                true
is_add_all_yinF                         true
is_start_value                          true
is_usercut                              true
is_visualization                        false
uc_only_rootnode                        false

data                                    Qi
fn                                      data/Qi/instance_500_800.csv
mode                                    NewSubmodular
solver                                  cplex

p                                       10
r                                       2

EPS                                     1.0e-06
EPS_vio                                 1.0e-04
beta                                    0.10
gap                                     0.00
nodelimit                               Inf
timelimit                               7200.00


@PrintInfos
ItCnt: 463567
Current gap: 0.00 %
Termination Status: OPTIMAL
Primal Status: FEASIBLE_POINT
Solve Time: 4079.65 sec
Objective Value: 2012.615950
Number of Nodes:    145

CutInfo: [phase] num / time (sec) 
ZLP             [phase1]     0 / 0.00 [rLC]     0 / 0.00 [rUC]     0 / 0.00 [sLC]     0 / 0.00 [sUC]     0 / 0.00 
OldSubmodular   [phase1]     0 / 0.00 [rLC]     0 / 0.00 [rUC]     0 / 0.00 [sLC]     0 / 0.00 [sUC]     0 / 0.00 
NewSubmodular   [phase1]     0 / 0.00 [rLC]   335 / 21.88 [rUC]  1926 / 25.31 [sLC]     0 / 6.69 [sUC] 27364 / 983.75 
PMP             [phase1]     0 / 0.00 [rLC]    11 / 17.63 [rUC]     0 / 0.00 [sLC]     4 / 6.67 [sUC]   162 / 287.27 
Separation Round: [phase1] 0  [rLC] 150  [rUC] 569  [sLC] 4  [sUC] 9859
Root Best Bound 2015.729236
Root Best Integer: 2010.485125
Best Bound: 2012.615950
Best Integer: 2012.615950

