Version identifier: 20.1.0.0 | 2020-11-10 | 9bedb6d68
CPXPARAM_Threads                                 1
CPXPARAM_TimeLimit                               7200
CPXPARAM_MIP_Tolerances_MIPGap                   0
Generic callback                                 0x60
1 of 1 MIP starts provided solutions.
MIP start 'm1' defined initial solution with objective 3216.0685.
Tried aggregator 1 time.
Reduced MIP has 1 rows, 1001 columns, and 1000 nonzeros.
Reduced MIP has 1000 binaries, 0 generals, 0 SOSs, and 0 indicators.
Presolve time = 0.00 sec. (0.30 ticks)
Probing time = 0.00 sec. (0.11 ticks)
Tried aggregator 1 time.
Reduced MIP has 1 rows, 1001 columns, and 1000 nonzeros.
Reduced MIP has 1000 binaries, 0 generals, 0 SOSs, and 0 indicators.
Presolve time = 0.00 sec. (0.31 ticks)
Probing time = 0.00 sec. (0.11 ticks)
MIP emphasis: balance optimality and feasibility.
MIP search method: dynamic search.
Parallel mode: none, using 1 thread.
Root relaxation solution time = 0.00 sec. (0.21 ticks)

        Nodes                                         Cuts/
   Node  Left     Objective  IInf  Best Integer    Best Bound    ItCnt     Gap

*     0+    0                         3216.0685     4368.0000            35.82%
      0     0     4368.0000     2     3216.0685     4368.0000        0   35.82%
      0     0     4017.5179     3     3216.0685 UserPurge2: 1       17   24.92%
      0     0     3823.6824     4     3216.0685 UserPurge2: 1       21   18.89%
      0     0     3743.3930     6     3216.0685 UserPurge2: 1       37   16.40%
      0     0     3651.7956     6     3216.0685 UserPurge2: 1       67   13.55%
      0     0     3513.6913     7     3216.0685 UserPurge2: 1       98    9.25%
      0     0     3444.3932     7     3216.0685 UserPurge2: 1      117    7.10%
      0     0     3418.0746     8     3216.0685 UserPurge2: 1      139    6.28%
      0     0     3403.5557     9     3216.0685 UserPurge2: 1      156    5.83%
      0     0     3393.8965    11     3216.0685 UserPurge2: 1      173    5.53%
      0     0     3388.4808    12     3216.0685 UserPurge2: 1      190    5.36%
      0     0     3377.9957    13     3216.0685 UserPurge2: 1      212    5.03%
      0     0     3377.8546    14     3216.0685 UserPurge1: 1      219    5.03%
      0     0     3371.7508    13     3216.0685 UserPurge2: 1      238    4.84%
      0     0     3365.9235    15     3216.0685 UserPurge2: 1      281    4.66%
      0     0     3358.2283    16     3216.0685 UserPurge2: 1      319    4.42%
      0     0     3353.4735    15     3216.0685 UserPurge2: 1      351    4.27%
      0     0     3350.4271    15     3216.0685 UserPurge2: 1      369    4.18%
      0     0     3348.7948    17     3216.0685 UserPurge2: 1      399    4.13%
      0     0     3344.0822    16     3216.0685 UserPurge2: 1      454    3.98%
      0     0     3339.9805    17     3216.0685 UserPurge2: 1      483    3.85%
      0     0     3336.4082    16     3216.0685 UserPurge2: 1      520    3.74%
      0     0     3334.9545    16     3216.0685 UserPurge2: 1      538    3.70%
      0     0     3331.8577    16     3216.0685 UserPurge2: 1      589    3.60%
      0     0     3323.4688    14     3216.0685 UserPurge2: 1      605    3.34%
      0     0     3320.6114    14     3216.0685 UserPurge2: 1      620    3.25%
      0     0     3320.2357    15     3216.0685 UserPurge2: 1      632    3.24%
      0     0     3319.3790    15     3216.0685 UserPurge2: 1      653    3.21%
      0     0     3318.0378    15     3216.0685 UserPurge2: 1      684    3.17%
      0     0     3317.7642    15     3216.0685 UserPurge2: 1      703    3.16%
      0     0     3316.3244    16     3216.0685 UserPurge2: 1      741    3.12%
      0     0     3314.2712    17     3216.0685 UserPurge2: 1      756    3.05%
      0     0     3313.6045    18     3216.0685 UserPurge2: 1      773    3.03%
      0     0     3312.3921    17     3216.0685 UserPurge2: 1      800    3.00%
      0     0     3311.3142    19     3216.0685 UserPurge2: 1      830    2.96%
      0     0     3309.6319    17     3216.0685 UserPurge2: 1      867    2.91%
      0     0     3308.2039    16     3216.0685 UserPurge2: 1      898    2.86%
      0     0     3306.6380    16     3216.0685 UserPurge2: 1      929    2.82%
      0     0     3305.7242    17     3216.0685 UserPurge2: 1      955    2.79%
      0     0     3305.3127    16     3216.0685 UserPurge2: 1      972    2.77%
      0     0     3304.9051    16     3216.0685 UserPurge2: 1      982    2.76%
      0     0     3304.2312    18     3216.0685 UserPurge2: 1      996    2.74%
      0     0     3303.1408    18     3216.0685 UserPurge2: 1     1028    2.71%
      0     0     3302.1562    17     3216.0685 UserPurge2: 1     1044    2.68%
      0     0     3301.5980    18     3216.0685 UserPurge2: 1     1070    2.66%
      0     0     3299.7426    17     3216.0685 UserPurge2: 1     1119    2.60%
      0     0     3298.7087    16     3216.0685 UserPurge2: 1     1149    2.57%
      0     0     3297.7469    16     3216.0685 UserPurge2: 1     1176    2.54%
      0     0     3297.2943    17     3216.0685 UserPurge2: 1     1189    2.53%
      0     0     3296.8465    18     3216.0685 UserPurge2: 1     1212    2.51%
      0     0     3295.8047    19     3216.0685 UserPurge2: 1     1235    2.48%
      0     0     3295.1762    20     3216.0685 UserPurge2: 1     1261    2.46%
      0     0     3293.5085    18     3216.0685 UserPurge2: 1     1303    2.41%
      0     0     3292.5309    18     3216.0685 UserPurge2: 1     1328    2.38%
      0     0     3292.1066    18     3216.0685 UserPurge2: 1     1342    2.36%
      0     0     3291.1548    19     3216.0685 UserPurge2: 1     1370    2.33%
      0     0     3290.0314    18     3216.0685 UserPurge2: 1     1406    2.30%
      0     0     3289.4201    19     3216.0685 UserPurge2: 1     1424    2.28%
      0     0     3287.7529    18     3216.0685 UserPurge2: 1     1462    2.23%
      0     0     3286.5712    18     3216.0685 UserPurge2: 1     1478    2.19%
      0     0     3286.1276    18     3216.0685 UserPurge2: 1     1507    2.18%
      0     0     3285.8789    19     3216.0685 UserPurge2: 1     1517    2.17%
      0     0     3285.3997    18     3216.0685 UserPurge2: 1     1545    2.16%
      0     0     3285.0521    20     3216.0685 UserPurge2: 1     1570    2.14%
      0     0     3284.5816    18     3216.0685 UserPurge2: 1     1603    2.13%
      0     0     3284.0576    19     3216.0685 UserPurge2: 1     1623    2.11%
      0     0     3283.3606    20     3216.0685 UserPurge2: 1     1667    2.09%
      0     0     3282.9514    19     3216.0685 UserPurge2: 1     1688    2.08%
      0     0     3282.7067    20     3216.0685 UserPurge2: 1     1705    2.07%
      0     0     3282.4685    19     3216.0685 UserPurge2: 1     1726    2.06%
      0     0     3282.1398    20     3216.0685 UserPurge2: 1     1758    2.05%
      0     0     3281.3338    20     3216.0685 UserPurge2: 1     1790    2.03%
      0     0     3280.2780    19     3216.0685 UserPurge2: 1     1823    2.00%
      0     0     3280.1108    20     3216.0685 UserPurge2: 1     1840    1.99%
      0     0     3279.8682    20     3216.0685 UserPurge2: 1     1859    1.98%
      0     0     3279.4288    20     3216.0685 UserPurge2: 1     1886    1.97%
      0     0     3279.3098    21     3216.0685 UserPurge2: 1     1900    1.97%
      0     0     3279.2000    23     3216.0685 UserPurge2: 1     1919    1.96%
      0     0     3278.9831    22     3216.0685 UserPurge2: 1     1947    1.96%
      0     0     3278.7928    22     3216.0685 UserPurge2: 1     1972    1.95%
      0     0     3278.5446    22     3216.0685 UserPurge2: 1     2002    1.94%
      0     0     3278.2412    23     3216.0685 UserPurge2: 1     2043    1.93%
      0     0     3278.0120    23     3216.0685 UserPurge2: 1     2075    1.93%
      0     0     3277.8678    23     3216.0685 UserPurge2: 1     2105    1.92%
      0     0     3277.6275    24     3216.0685 UserPurge2: 1     2128    1.91%
      0     0     3277.5291    25     3216.0685 UserPurge2: 1     2148    1.91%
      0     0     3277.0096    24     3216.0685 UserPurge2: 1     2191    1.89%
      0     0     3276.6619    24     3216.0685 UserPurge2: 1     2227    1.88%
      0     0     3276.0575    24     3216.0685 UserPurge2: 1     2260    1.87%
      0     0     3275.8312    23     3216.0685 UserPurge2: 1     2285    1.86%
      0     0     3275.7654    24     3216.0685 UserPurge2: 1     2306    1.86%
      0     0     3275.5739    24     3216.0685 UserPurge2: 1     2328    1.85%
      0     0     3275.3771    24     3216.0685 UserPurge2: 1     2356    1.84%
      0     0     3275.1787    25     3216.0685 UserPurge2: 1     2382    1.84%
      0     0     3274.9323    26     3216.0685 UserPurge2: 1     2413    1.83%
      0     0     3274.2140    25     3216.0685 UserPurge2: 1     2474    1.81%
      0     0     3273.8188    25     3216.0685 UserPurge2: 1     2501    1.80%
      0     0     3272.0830    21     3216.0685 UserPurge2: 1     2553    1.74%
      0     0     3271.6694    21     3216.0685 UserPurge2: 1     2570    1.73%
      0     0     3271.2336    21     3216.0685 UserPurge2: 1     2593    1.72%
      0     0     3270.8319    20     3216.0685 UserPurge2: 1     2622    1.70%
      0     0     3270.3632    20     3216.0685 UserPurge2: 1     2650    1.69%
      0     0     3270.1975    21     3216.0685 UserPurge2: 1     2671    1.68%
      0     0     3270.1145    23     3216.0685 UserPurge2: 1     2696    1.68%
      0     0     3270.0436    23     3216.0685 UserPurge2: 1     2715    1.68%
      0     0     3269.9105    24     3216.0685 UserPurge2: 1     2742    1.67%
      0     0     3269.8485    25     3216.0685 UserPurge2: 1     2761    1.67%
      0     0     3269.7133    25     3216.0685 UserPurge2: 1     2784    1.67%
      0     0     3269.5818    26     3216.0685 UserPurge2: 1     2810    1.66%
      0     0     3269.2852    26     3216.0685 UserPurge2: 1     2844    1.65%
      0     0     3269.0700    25     3216.0685 UserPurge2: 1     2875    1.65%
      0     0     3268.7695    24     3216.0685 UserPurge2: 1     2920    1.64%
      0     0     3268.5265    23     3216.0685 UserPurge2: 1     2961    1.63%
      0     0     3268.3439    24     3216.0685 UserPurge2: 1     2986    1.63%
      0     0     3268.1258    24     3216.0685 UserPurge2: 1     3022    1.62%
      0     0     3267.9326    25     3216.0685 UserPurge2: 1     3060    1.61%
      0     0     3267.7158    26     3216.0685 UserPurge2: 1     3095    1.61%
      0     0     3267.4480    26     3216.0685 UserPurge2: 1     3116    1.60%
      0     0     3267.2137    26     3216.0685 UserPurge2: 1     3145    1.59%
      0     0     3267.0453    26     3216.0685 UserPurge2: 1     3175    1.59%
      0     0     3266.8941    27     3216.0685 UserPurge2: 1     3205    1.58%
      0     0     3266.7796    28     3216.0685 UserPurge2: 1     3228    1.58%
      0     0     3266.6554    27     3216.0685 UserPurge2: 1     3262    1.57%
      0     0     3266.5441    28     3216.0685 UserPurge2: 1     3285    1.57%
      0     0     3266.4444    28     3216.0685 UserPurge2: 1     3303    1.57%
      0     0     3266.2703    29     3216.0685 UserPurge2: 1     3328    1.56%
      0     0     3266.1628    29     3216.0685 UserPurge2: 1     3357    1.56%
      0     0     3265.8624    29     3216.0685 UserPurge2: 1     3386    1.55%
      0     0     3265.8017    29     3216.0685 UserPurge2: 1     3403    1.55%
      0     0     3265.4945    28     3216.0685 UserPurge2: 1     3440    1.54%
      0     0     3265.2399    28     3216.0685 UserPurge2: 1     3472    1.53%
      0     0     3264.9067    27     3216.0685 UserPurge2: 1     3522    1.52%
      0     0     3264.7820    28     3216.0685 UserPurge2: 1     3538    1.51%
      0     0     3264.5864    28     3216.0685 UserPurge2: 1     3572    1.51%
      0     0     3264.3628    27     3216.0685 UserPurge2: 1     3602    1.50%
      0     0     3264.1409    27     3216.0685 UserPurge2: 1     3635    1.49%
      0     0     3264.0179    27     3216.0685 UserPurge2: 1     3663    1.49%
*     0+    0                         3221.5888     3264.0179             1.32%
      0     0     3263.9677    28     3221.5888 UserPurge2: 1     3676    1.32%
      0     0     3263.8662    29     3221.5888 UserPurge2: 1     3706    1.31%
      0     0     3263.7842    29     3221.5888 UserPurge2: 1     3721    1.31%
      0     0     3263.7134    29     3221.5888 UserPurge2: 1     3748    1.31%
      0     0     3263.5207    29     3221.5888 UserPurge2: 1     3785    1.30%
      0     0     3263.1076    26     3221.5888 UserPurge2: 1     3816    1.29%
      0     0     3262.9016    26     3221.5888 UserPurge2: 1     3845    1.28%
      0     0     3262.7156    26     3221.5888 UserPurge2: 1     3871    1.28%
      0     0     3262.6644    27     3221.5888 UserPurge2: 1     3888    1.28%
      0     0     3262.5340    28     3221.5888 UserPurge2: 1     3927    1.27%
      0     0     3262.5051    29     3221.5888 UserPurge2: 1     3943    1.27%
      0     0     3262.4641    30     3221.5888 UserPurge2: 1     3961    1.27%
      0     0     3262.3779    31     3221.5888 UserPurge2: 1     3983    1.27%
      0     0     3262.2444    31     3221.5888 UserPurge2: 1     4012    1.26%
      0     0     3262.1259    30     3221.5888 UserPurge2: 1     4038    1.26%
      0     0     3262.0039    29     3221.5888 UserPurge2: 1     4070    1.25%
      0     0     3261.8310    29     3221.5888 UserPurge2: 1     4109    1.25%
      0     0     3261.5480    28     3221.5888 UserPurge2: 1     4152    1.24%
      0     0     3261.4422    28     3221.5888 UserPurge2: 1     4169    1.24%
      0     0     3261.2827    27     3221.5888 UserPurge2: 1     4208    1.23%
      0     0     3261.0542    28     3221.5888 UserPurge2: 1     4230    1.23%
      0     0     3260.9688    28     3221.5888 UserPurge2: 1     4248    1.22%
      0     0     3260.8640    29     3221.5888 UserPurge2: 1     4278    1.22%
      0     0     3260.7708    30     3221.5888 UserPurge2: 1     4311    1.22%
      0     0     3260.4929    30     3221.5888 UserPurge2: 1     4345    1.21%
      0     0     3260.4337    29     3221.5888 UserPurge2: 1     4362    1.21%
*     0+    0                         3225.6739     3260.4337             1.08%
      0     0     3260.3392    29     3225.6739 UserPurge2: 1     4385    1.07%
      0     0     3260.2957    30     3225.6739 UserPurge2: 1     4406    1.07%
      0     0     3260.0703    29     3225.6739 UserPurge2: 1     4447    1.07%
      0     0     3259.9872    28     3225.6739 UserPurge2: 1     4478    1.06%
      0     0     3259.9211    29     3225.6739 UserPurge2: 1     4496    1.06%
      0     0     3259.8334    29     3225.6739 UserPurge2: 1     4530    1.06%
      0     0     3259.7332    30     3225.6739 UserPurge2: 1     4571    1.06%
      0     0     3259.5014    30     3225.6739 UserPurge2: 1     4614    1.05%
      0     0     3259.3545    29     3225.6739 UserPurge2: 1     4642    1.04%
*     0+    0                         3233.3768     3259.3545             0.80%
      0     0     3259.1636    27     3233.3768 UserPurge2: 1     4679    0.80%
      0     0     3259.1369    28     3233.3768 UserPurge2: 1     4693    0.80%
      0     0     3259.1050    29     3233.3768 UserPurge2: 1     4709    0.80%
      0     0     3259.0598    30     3233.3768 UserPurge2: 1     4716    0.79%
      0     0     3259.0184    31     3233.3768 UserPurge2: 1     4733    0.79%
      0     0     3258.8548    30     3233.3768 UserPurge2: 1     4775    0.79%
      0     0     3258.7843    30     3233.3768 UserPurge2: 1     4806    0.79%
      0     0     3258.7345    31     3233.3768 UserPurge2: 1     4826    0.78%
      0     0     3258.5489    31     3233.3768 UserPurge2: 1     4867    0.78%
      0     0     3258.4345    30     3233.3768 UserPurge2: 1     4903    0.77%
      0     0     3258.2997    30     3233.3768 UserPurge2: 1     4931    0.77%
      0     0     3258.1349    29     3233.3768 UserPurge2: 1     4969    0.77%
      0     0     3258.0450    30     3233.3768 UserPurge2: 1     4998    0.76%
      0     0     3258.0023    31     3233.3768 UserPurge2: 1     5019    0.76%
      0     0     3257.9601    32     3233.3768 UserPurge2: 1     5051    0.76%
      0     0     3257.7474    31     3233.3768 UserPurge2: 1     5108    0.75%
      0     0     3257.7061    31     3233.3768 UserPurge2: 1     5128    0.75%
      0     0     3257.6047    32     3233.3768 UserPurge2: 1     5156    0.75%
      0     0     3257.5292    32     3233.3768 UserPurge2: 1     5181    0.75%
      0     0     3257.4423    32     3233.3768 UserPurge2: 1     5213    0.74%
      0     0     3257.4175    33     3233.3768 UserPurge2: 1     5222    0.74%
      0     0     3257.3146    33     3233.3768 UserPurge2: 1     5252    0.74%
      0     0     3257.2427    33     3233.3768 UserPurge2: 1     5290    0.74%
      0     0     3257.1734    31     3233.3768 UserPurge2: 1     5317    0.74%
      0     0     3257.1037    32     3233.3768 UserPurge2: 1     5334    0.73%
      0     0     3257.0785    33     3233.3768 UserPurge2: 1     5356    0.73%
      0     0     3257.0049    33     3233.3768 UserPurge2: 1     5387    0.73%
      0     0     3256.8737    34     3233.3768 UserPurge2: 1     5431    0.73%
      0     0     3256.7955    34     3233.3768 UserPurge2: 1     5466    0.72%
      0     0     3256.7645    35     3233.3768 UserPurge2: 1     5483    0.72%
      0     0     3256.6296    33     3233.3768 UserPurge2: 1     5529    0.72%
      0     0     3256.4913    33     3233.3768 UserPurge2: 1     5579    0.71%
      0     0     3256.4591    33     3233.3768 UserPurge2: 1     5604    0.71%
      0     0     3256.4171    34     3233.3768 UserPurge2: 1     5634    0.71%
      0     0     3256.3854    35     3233.3768 UserPurge2: 1     5657    0.71%
      0     0     3256.3303    36     3233.3768 UserPurge2: 1     5703    0.71%
      0     0     3256.2545    35     3233.3768 UserPurge2: 1     5746    0.71%
      0     0     3256.1892    36     3233.3768 UserPurge2: 1     5775    0.71%
      0     0     3256.0742    35     3233.3768 UserPurge2: 1     5827    0.70%
      0     0     3255.9902    35     3233.3768 UserPurge2: 1     5852    0.70%
      0     0     3255.9294    34     3233.3768 UserPurge2: 1     5879    0.70%
      0     0     3255.9071    33     3233.3768 UserPurge2: 1     5900    0.70%
      0     0     3255.8907    33     3233.3768 UserPurge2: 1     5917    0.70%
      0     0     3255.8666    34     3233.3768 UserPurge2: 1     5941    0.70%
      0     0     3255.7695    35     3233.3768 UserPurge2: 1     5976    0.69%
      0     0     3255.6330    34     3233.3768 UserPurge2: 1     6030    0.69%
      0     0     3255.5417    33     3233.3768 UserPurge2: 1     6068    0.69%
      0     0     3255.5271    34     3233.3768 UserPurge2: 1     6082    0.69%
      0     0     3255.4787    35     3233.3768 UserPurge2: 1     6105    0.68%
      0     0     3255.4255    35     3233.3768 UserPurge2: 1     6132    0.68%
      0     0     3255.3932    32     3233.3768 UserPurge2: 1     6158    0.68%
      0     0     3255.3464    33     3233.3768 UserPurge2: 1     6178    0.68%
      0     0     3255.3138    34     3233.3768 UserPurge2: 1     6202    0.68%
      0     0     3255.2993    35     3233.3768 UserPurge2: 1     6226    0.68%
      0     0     3255.2664    36     3233.3768 UserPurge2: 1     6265    0.68%
      0     0     3255.2465    37     3233.3768 UserPurge2: 1     6288    0.68%
      0     0     3255.1874    38     3233.3768 UserPurge2: 1     6339    0.67%
      0     0     3255.1199    35     3233.3768 UserPurge2: 1     6381    0.67%
      0     0     3255.0612    35     3233.3768 UserPurge2: 1     6410    0.67%
      0     0     3255.0006    36     3233.3768 UserPurge2: 1     6453    0.67%
      0     0     3254.9702    37     3233.3768 UserPurge2: 1     6479    0.67%
      0     0     3254.9231    36     3233.3768 UserPurge2: 1     6511    0.67%
      0     0     3254.8715    36     3233.3768 UserPurge2: 1     6542    0.66%
      0     0     3254.8171    35     3233.3768 UserPurge2: 1     6582    0.66%
      0     0     3254.7693    36     3233.3768 UserPurge2: 1     6605    0.66%
      0     0     3254.7406    36     3233.3768 UserPurge2: 1     6640    0.66%
      0     0     3254.6859    36     3233.3768 UserPurge2: 1     6704    0.66%
      0     0     3254.6696    37     3233.3768 UserPurge2: 1     6730    0.66%
      0     0     3254.6141    37     3233.3768 UserPurge2: 1     6769    0.66%
      0     0     3254.5495    36     3233.3768 UserPurge2: 1     6803    0.65%
      0     0     3254.5056    36     3233.3768 UserPurge2: 1     6834    0.65%
      0     0     3254.4375    37     3233.3768 UserPurge2: 1     6864    0.65%
      0     0     3254.3390    36     3233.3768 UserPurge2: 1     6918    0.65%
      0     0     3254.2668    36     3233.3768 UserPurge2: 1     6942    0.65%
      0     0     3254.2055    36     3233.3768 UserPurge2: 1     6976    0.64%
      0     0     3254.1134    34     3233.3768 UserPurge2: 1     7016    0.64%
      0     0     3254.0734    34     3233.3768 UserPurge2: 1     7034    0.64%
      0     0     3254.0455    34     3233.3768 UserPurge2: 1     7053    0.64%
      0     0     3253.9678    35     3233.3768 UserPurge2: 1     7091    0.64%
      0     0     3253.9358    36     3233.3768 UserPurge2: 1     7121    0.64%
      0     0     3253.8938    36     3233.3768 UserPurge2: 1     7156    0.63%
      0     0     3253.8517    37     3233.3768 UserPurge2: 1     7189    0.63%
      0     0     3253.8355    37     3233.3768 UserPurge2: 1     7211    0.63%
      0     0     3253.8058    38     3233.3768 UserPurge2: 1     7243    0.63%
      0     0     3253.7710    37     3233.3768 UserPurge2: 1     7264    0.63%
      0     0     3253.6926    37     3233.3768 UserPurge2: 1     7296    0.63%
      0     0     3253.6681    38     3233.3768 UserPurge2: 1     7328    0.63%
      0     0     3253.6200    38     3233.3768 UserPurge2: 1     7363    0.63%
      0     0     3253.5529    38     3233.3768 UserPurge2: 1     7401    0.62%
      0     0     3253.4920    37     3233.3768 UserPurge2: 1     7437    0.62%
      0     0     3253.4635    36     3233.3768 UserPurge2: 1     7460    0.62%
      0     0     3253.4322    37     3233.3768 UserPurge2: 1     7490    0.62%
      0     0     3253.3959    38     3233.3768 UserPurge2: 1     7530    0.62%
      0     0     3253.3532    37     3233.3768 UserPurge2: 1     7570    0.62%
      0     0     3253.3248    37     3233.3768 UserPurge2: 1     7601    0.62%
      0     0     3253.2841    37     3233.3768 UserPurge2: 1     7618    0.62%
      0     0     3253.2666    37     3233.3768 UserPurge2: 1     7637    0.62%
      0     0     3253.2337    38     3233.3768 UserPurge2: 1     7673    0.61%
      0     0     3253.1894    38     3233.3768 UserPurge2: 1     7721    0.61%
      0     0     3253.1654    39     3233.3768 UserPurge2: 1     7745    0.61%
      0     0     3253.1205    38     3233.3768 UserPurge2: 1     7779    0.61%
      0     0     3253.0190    37     3233.3768 UserPurge2: 1     7836    0.61%
      0     0     3252.9804    37     3233.3768 UserPurge2: 1     7875    0.61%
      0     0     3252.9517    36     3233.3768 UserPurge2: 1     7894    0.61%
      0     0     3252.9229    37     3233.3768 UserPurge2: 1     7927    0.60%
      0     0     3252.9008    38     3233.3768 UserPurge2: 1     7950    0.60%
      0     0     3252.8520    38     3233.3768 UserPurge2: 1     7984    0.60%
      0     0     3252.8207    39     3233.3768 UserPurge2: 1     8014    0.60%
      0     0     3252.8043    39     3233.3768 UserPurge2: 1     8043    0.60%
      0     0     3252.7854    39     3233.3768 UserPurge2: 1     8074    0.60%
      0     0     3252.7576    38     3233.3768 UserPurge2: 1     8098    0.60%
      0     0     3252.7258    38     3233.3768 UserPurge2: 1     8124    0.60%
      0     0     3252.6860    39     3233.3768 UserPurge2: 1     8165    0.60%
      0     0     3252.6518    39     3233.3768 UserPurge2: 1     8202    0.60%
      0     0     3252.6142    38     3233.3768 UserPurge2: 1     8228    0.59%
      0     0     3252.5836    39     3233.3768 UserPurge2: 1     8255    0.59%
      0     0     3252.5678    39     3233.3768 UserPurge2: 1     8284    0.59%
      0     0     3252.5438    40     3233.3768 UserPurge2: 1     8326    0.59%
      0     0     3252.5302    40     3233.3768 UserPurge2: 1     8349    0.59%
      0     0     3252.5041    41     3233.3768 UserPurge2: 1     8365    0.59%
      0     0     3252.4782    41     3233.3768 UserPurge2: 1     8399    0.59%
      0     0     3252.4556    42     3233.3768 UserPurge2: 1     8434    0.59%
      0     0     3252.4151    40     3233.3768 UserPurge2: 1     8491    0.59%
      0     0     3252.3430    40     3233.3768 UserPurge2: 1     8540    0.59%
      0     0     3252.3192    39     3233.3768 UserPurge2: 1     8571    0.59%
      0     0     3252.2941    39     3233.3768 UserPurge2: 1     8595    0.59%
      0     0     3252.2859    40     3233.3768 UserPurge2: 1     8616    0.58%
      0     0     3252.2738    41     3233.3768 UserPurge2: 1     8641    0.58%
      0     0     3252.2501    42     3233.3768 UserPurge2: 1     8684    0.58%
      0     0     3252.1962    39     3233.3768 UserPurge2: 1     8734    0.58%
      0     0     3252.1832    40     3233.3768 UserPurge2: 1     8757    0.58%
      0     0     3252.1271    40     3233.3768 UserPurge2: 1     8797    0.58%
      0     0     3252.0795    41     3233.3768 UserPurge2: 1     8831    0.58%
      0     0     3252.0297    39     3233.3768 UserPurge2: 1     8874    0.58%
      0     0     3251.9956    39     3233.3768 UserPurge2: 1     8905    0.58%
      0     0     3251.9640    39     3233.3768 UserPurge2: 1     8936    0.57%
      0     0     3251.9379    40     3233.3768 UserPurge2: 1     8954    0.57%
      0     0     3251.9229    41     3233.3768 UserPurge2: 1     8980    0.57%
      0     0     3251.9063    41     3233.3768 UserPurge2: 1     9015    0.57%
      0     0     3251.8811    41     3233.3768 UserPurge2: 1     9056    0.57%
      0     0     3251.8690    41     3233.3768 UserPurge2: 1     9082    0.57%
      0     0     3251.8446    42     3233.3768 UserPurge2: 1     9120    0.57%
      0     0     3251.8104    43     3233.3768 UserPurge2: 1     9178    0.57%
      0     0     3251.7556    42     3233.3768 UserPurge2: 1     9235    0.57%
      0     0     3251.6874    43     3233.3768 UserPurge2: 1     9271    0.57%
      0     0     3251.6167    41     3233.3768 UserPurge2: 1     9307    0.56%
      0     0     3251.5749    42     3233.3768 UserPurge2: 1     9347    0.56%
      0     0     3251.4989    42     3233.3768 UserPurge2: 1     9409    0.56%
      0     0     3251.4224    41     3233.3768 UserPurge2: 1     9448    0.56%
      0     0     3251.3695    41     3233.3768 UserPurge2: 1     9487    0.56%
      0     0     3251.3351    42     3233.3768 UserPurge2: 1     9515    0.56%
      0     0     3251.3173    42     3233.3768 UserPurge2: 1     9545    0.55%
      0     0     3251.2927    42     3233.3768 UserPurge2: 1     9579    0.55%
      0     0     3251.2745    43     3233.3768 UserPurge2: 1     9602    0.55%
      0     0     3251.2458    44     3233.3768 UserPurge2: 1     9639    0.55%
      0     0     3251.2012    45     3233.3768 UserPurge2: 1     9691    0.55%
      0     0     3251.1648    44     3233.3768 UserPurge2: 1     9731    0.55%
      0     0     3251.1225    43     3233.3768 UserPurge2: 1     9771    0.55%
      0     0     3251.0835    43     3233.3768 UserPurge2: 1     9824    0.55%
      0     0     3251.0621    44     3233.3768 UserPurge2: 1     9854    0.55%
      0     0     3251.0337    43     3233.3768 UserPurge2: 1     9889    0.55%
      0     0     3251.0035    44     3233.3768 UserPurge2: 1     9917    0.55%
      0     0     3250.9447    43     3233.3768 UserPurge2: 1     9957    0.54%
      0     0     3250.9207    43     3233.3768 UserPurge2: 1     9993    0.54%
      0     0     3250.9122    44     3233.3768 UserPurge2: 1    10016    0.54%
      0     0     3250.8960    45     3233.3768 UserPurge2: 1    10045    0.54%
      0     0     3250.8681    45     3233.3768 UserPurge2: 1    10095    0.54%
      0     0     3250.8172    45     3233.3768 UserPurge2: 1    10136    0.54%
      0     0     3250.6388    42     3233.3768 UserPurge2: 1    10185    0.53%
      0     0     3250.5167    38     3233.3768 UserPurge2: 1    10237    0.53%
      0     0     3250.3677    37     3233.3768 UserPurge2: 1    10288    0.53%
      0     0     3250.3251    37     3233.3768 UserPurge2: 1    10305    0.52%
      0     0     3250.3083    37     3233.3768 UserPurge2: 1    10322    0.52%
      0     0     3250.2869    38     3233.3768 UserPurge2: 1    10343    0.52%
      0     0     3250.2705    39     3233.3768 UserPurge2: 1    10359    0.52%
      0     0     3250.2586    40     3233.3768 UserPurge2: 1    10381    0.52%
      0     0     3250.2459    40     3233.3768 UserPurge2: 1    10403    0.52%
      0     0     3250.2217    37     3233.3768 UserPurge2: 1    10440    0.52%
      0     0     3250.1989    39     3233.3768 UserPurge2: 1    10463    0.52%
      0     0     3250.1840    40     3233.3768 UserPurge2: 1    10482    0.52%
      0     0     3250.1522    41     3233.3768 UserPurge2: 1    10511    0.52%
      0     0     3250.1002    42     3233.3768 UserPurge2: 1    10549    0.52%
      0     0     3250.0150    40     3233.3768 UserPurge2: 1    10599    0.51%
      0     0     3249.9684    40     3233.3768 UserPurge2: 1    10619    0.51%
      0     0     3249.9067    40     3233.3768 UserPurge2: 1    10666    0.51%
      0     0     3249.8627    37     3233.3768 UserPurge2: 1    10696    0.51%
      0     0     3249.8313    36     3233.3768 UserPurge2: 1    10725    0.51%
      0     0     3249.8230    37     3233.3768 UserPurge2: 1    10739    0.51%
      0     0     3249.8060    38     3233.3768 UserPurge2: 1    10766    0.51%
      0     0     3249.7978    38     3233.3768 UserPurge2: 1    10787    0.51%
      0     0     3249.7797    38     3233.3768 UserPurge2: 1    10810    0.51%
      0     0     3249.7706    39     3233.3768 UserPurge2: 1    10831    0.51%
      0     0     3249.7639    40     3233.3768 UserPurge2: 1    10848    0.51%
      0     0     3249.7576    41     3233.3768 UserPurge2: 1    10869    0.51%
      0     0     3249.7524    42     3233.3768 UserPurge2: 1    10887    0.51%
      0     0     3249.7340    41     3233.3768 UserPurge2: 1    10924    0.51%
      0     0     3249.7140    40     3233.3768 UserPurge2: 1    10958    0.51%
      0     0     3249.7001    40     3233.3768 UserPurge2: 1    10980    0.50%
      0     0     3249.6869    41     3233.3768 UserPurge2: 1    11014    0.50%
*     0+    0                         3235.6473     3249.6869             0.43%
      0     0     3249.6607    40     3235.6473 UserPurge2: 1    11050    0.43%
      0     0     3249.6399    41     3235.6473 UserPurge2: 1    11084    0.43%
      0     0     3249.6160    40     3235.6473 UserPurge2: 1    11137    0.43%
      0     0     3249.6088    41     3235.6473 UserPurge2: 1    11150    0.43%
      0     0     3249.5904    42     3235.6473 UserPurge2: 1    11185    0.43%
      0     0     3249.5790    41     3235.6473 UserPurge2: 1    11212    0.43%
      0     0     3249.5474    40     3235.6473 UserPurge2: 1    11254    0.43%
      0     0     3249.5391    40     3235.6473 UserPurge2: 1    11273    0.43%
      0     0     3249.5333    41     3235.6473 UserPurge2: 1    11296    0.43%
      0     0     3249.5225    41     3235.6473 UserPurge2: 1    11324    0.43%
      0     0     3249.5051    41     3235.6473 UserPurge2: 1    11363    0.43%
      0     0     3249.4940    40     3235.6473 UserPurge2: 1    11387    0.43%
      0     0     3249.4783    40     3235.6473 UserPurge2: 1    11425    0.43%
      0     0     3249.4674    41     3235.6473 UserPurge2: 1    11449    0.43%
      0     0     3249.4473    41     3235.6473 UserPurge2: 1    11477    0.43%
      0     0     3249.4354    41     3235.6473 UserPurge2: 1    11508    0.43%
      0     0     3249.4296    42     3235.6473 UserPurge2: 1    11527    0.43%
      0     0     3249.4250    43     3235.6473 UserPurge2: 1    11560    0.43%
      0     0     3249.4210    44     3235.6473 UserPurge2: 1    11583    0.43%
      0     0     3249.4074    43     3235.6473 UserPurge2: 1    11621    0.43%
      0     0     3249.3883    43     3235.6473 UserPurge2: 1    11656    0.42%
      0     0     3249.3725    43     3235.6473 UserPurge2: 1    11685    0.42%
      0     0     3249.3637    44     3235.6473 UserPurge2: 1    11708    0.42%
      0     0     3249.3519    44     3235.6473 UserPurge2: 1    11742    0.42%
      0     0     3249.3465    45     3235.6473 UserPurge2: 1    11764    0.42%
      0     0     3249.3368    46     3235.6473 UserPurge2: 1    11794    0.42%
      0     0     3249.3220    44     3235.6473 UserPurge2: 1    11833    0.42%
      0     0     3249.3131    45     3235.6473 UserPurge2: 1    11866    0.42%
      0     0     3249.3053    46     3235.6473 UserPurge2: 1    11897    0.42%
      0     0     3249.3021    47     3235.6473 UserPurge2: 1    11928    0.42%
      0     0     3249.2938    47     3235.6473 UserPurge2: 1    11955    0.42%
      0     0     3249.2810    47     3235.6473 UserPurge2: 1    12007    0.42%
      0     0     3249.2697    48     3235.6473 UserPurge2: 1    12056    0.42%
      0     0     3249.1801    43     3235.6473 UserPurge2: 1    12158    0.42%
      0     0     3249.1625    43     3235.6473 UserPurge2: 1    12191    0.42%
      0     0     3249.1406    44     3235.6473 UserPurge2: 1    12218    0.42%
      0     0     3249.1158    42     3235.6473 UserPurge2: 1    12257    0.42%
      0     0     3249.0879    43     3235.6473 UserPurge2: 1    12286    0.42%
      0     0     3249.0550    43     3235.6473 UserPurge2: 1    12311    0.41%
      0     0     3249.0132    42     3235.6473 UserPurge2: 1    12356    0.41%
      0     0     3248.9956    42     3235.6473 UserPurge2: 1    12388    0.41%
      0     0     3248.9804    42     3235.6473 UserPurge2: 1    12414    0.41%
      0     0     3248.9636    43     3235.6473 UserPurge2: 1    12440    0.41%
      0     0     3248.9464    42     3235.6473 UserPurge2: 1    12469    0.41%
      0     0     3248.9287    42     3235.6473 UserPurge2: 1    12491    0.41%
      0     0     3248.8979    41     3235.6473 UserPurge2: 1    12529    0.41%
      0     0     3248.8797    42     3235.6473 UserPurge2: 1    12555    0.41%
      0     0     3248.8720    42     3235.6473 UserPurge2: 1    12581    0.41%
      0     0     3248.8215    42     3235.6473 UserPurge2: 1    12630    0.41%
      0     0     3248.7400    39     3235.6473 UserPurge2: 1    12683    0.40%
      0     0     3248.7030    38     3235.6473 UserPurge2: 1    12701    0.40%
      0     0     3248.6913    38     3235.6473 UserPurge2: 1    12710    0.40%
      0     0     3248.6704    38     3235.6473 UserPurge2: 1    12730    0.40%
      0     0     3248.6582    39     3235.6473 UserPurge2: 1    12746    0.40%
      0     0     3248.6454    40     3235.6473 UserPurge2: 1    12765    0.40%
      0     0     3248.6361    41     3235.6473 UserPurge2: 1    12789    0.40%
      0     0     3248.6196    41     3235.6473 UserPurge2: 1    12820    0.40%
      0     0     3248.5997    42     3235.6473 UserPurge2: 1    12846    0.40%
      0     0     3248.5741    42     3235.6473 UserPurge2: 1    12872    0.40%
      0     0     3248.5485    42     3235.6473 UserPurge2: 1    12896    0.40%
      0     0     3248.5399    42     3235.6473 UserPurge2: 1    12911    0.40%
      0     0     3248.5259    42     3235.6473 UserPurge2: 1    12941    0.40%
      0     0     3248.5151    43     3235.6473 UserPurge2: 1    12975    0.40%
      0     0     3248.5082    44     3235.6473 UserPurge2: 1    12990    0.40%
      0     0     3248.4751    43     3235.6473 UserPurge2: 1    13027    0.40%
      0     0     3248.4507    44     3235.6473 UserPurge2: 1    13066    0.40%
      0     0     3248.4373    44     3235.6473 UserPurge2: 1    13092    0.40%
      0     0     3248.4095    44     3235.6473 UserPurge2: 1    13126    0.39%
      0     0     3248.3934    43     3235.6473 UserPurge2: 1    13151    0.39%
      0     0     3248.3804    42     3235.6473 UserPurge2: 1    13180    0.39%
      0     0     3248.3730    42     3235.6473 UserPurge2: 1    13200    0.39%
      0     0     3248.3588    43     3235.6473 UserPurge2: 1    13235    0.39%
      0     0     3248.3489    43     3235.6473 UserPurge2: 1    13261    0.39%
      0     0     3248.3332    44     3235.6473 UserPurge2: 1    13298    0.39%
      0     0     3248.3200    44     3235.6473 UserPurge2: 1    13318    0.39%
      0     0     3248.2828    43     3235.6473 UserPurge2: 1    13354    0.39%
      0     0     3248.2722    43     3235.6473 UserPurge2: 1    13380    0.39%
      0     0     3248.2569    43     3235.6473 UserPurge2: 1    13410    0.39%
      0     0     3248.2402    42     3235.6473 UserPurge2: 1    13429    0.39%
      0     0     3248.2260    42     3235.6473 UserPurge2: 1    13452    0.39%
      0     0     3248.2126    43     3235.6473 UserPurge2: 1    13469    0.39%
      0     0     3248.2097    44     3235.6473 UserPurge2: 1    13485    0.39%
      0     0     3248.1996    45     3235.6473 UserPurge2: 1    13513    0.39%
      0     0     3248.1798    44     3235.6473 UserPurge2: 1    13546    0.39%
      0     0     3248.1724    43     3235.6473 UserPurge2: 1    13563    0.39%
      0     0     3248.1573    43     3235.6473 UserPurge2: 1    13600    0.39%
      0     0     3248.1453    43     3235.6473 UserPurge2: 1    13627    0.39%
      0     0     3248.1368    44     3235.6473 UserPurge2: 1    13651    0.39%
      0     0     3248.1252    44     3235.6473 UserPurge2: 1    13673    0.39%
      0     0     3248.0953    41     3235.6473 UserPurge2: 1    13715    0.38%
      0     0     3248.0725    41     3235.6473 UserPurge2: 1    13735    0.38%
      0     0     3248.0600    41     3235.6473 UserPurge2: 1    13761    0.38%
      0     0     3248.0485    41     3235.6473 UserPurge2: 1    13800    0.38%
      0     0     3248.0417    42     3235.6473 UserPurge2: 1    13828    0.38%
      0     0     3248.0309    43     3235.6473 UserPurge2: 1    13850    0.38%
      0     0     3248.0201    44     3235.6473 UserPurge2: 1    13890    0.38%
      0     0     3247.9884    44     3235.6473 UserPurge2: 1    13927    0.38%
      0     0     3247.9714    44     3235.6473 UserPurge2: 1    13960    0.38%
      0     0     3247.9604    43     3235.6473 UserPurge2: 1    13989    0.38%
      0     0     3247.9374    42     3235.6473 UserPurge2: 1    14036    0.38%
      0     0     3247.9247    42     3235.6473 UserPurge2: 1    14057    0.38%
      0     0     3247.9190    43     3235.6473 UserPurge2: 1    14071    0.38%
      0     0     3247.9167    44     3235.6473 UserPurge2: 1    14094    0.38%
      0     0     3247.9149    45     3235.6473 UserPurge2: 1    14107    0.38%
      0     0     3247.9028    45     3235.6473 UserPurge2: 1    14141    0.38%
      0     0     3247.8962    46     3235.6473 UserPurge2: 1    14164    0.38%
      0     0     3247.8846    46     3235.6473 UserPurge2: 1    14214    0.38%
      0     0     3247.8616    44     3235.6473 UserPurge2: 1    14249    0.38%
      0     0     3247.8577    45     3235.6473 UserPurge2: 1    14279    0.38%
      0     0     3247.8541    45     3235.6473 UserPurge2: 1    14297    0.38%
      0     0     3247.8412    45     3235.6473 UserPurge2: 1    14346    0.38%
      0     0     3247.8298    45     3235.6473 UserPurge2: 1    14375    0.38%
      0     0     3247.8135    45     3235.6473 UserPurge2: 1    14413    0.38%
      0     0     3247.7902    45     3235.6473 UserPurge2: 1    14455    0.38%
      0     0     3247.7655    45     3235.6473 UserPurge2: 1    14488    0.37%
      0     0     3247.7540    45     3235.6473 UserPurge2: 1    14516    0.37%
      0     0     3247.7466    45     3235.6473 UserPurge2: 1    14541    0.37%
      0     0     3247.7386    46     3235.6473 UserPurge2: 1    14571    0.37%
      0     0     3247.7203    45     3235.6473 UserPurge2: 1    14637    0.37%
      0     0     3247.7017    44     3235.6473 UserPurge2: 1    14674    0.37%
      0     0     3247.6857    44     3235.6473 UserPurge2: 1    14703    0.37%
      0     0     3247.6752    45     3235.6473 UserPurge2: 1    14735    0.37%
      0     0     3247.6607    45     3235.6473 UserPurge2: 1    14764    0.37%
      0     0     3247.6499    45     3235.6473 UserPurge2: 1    14790    0.37%
      0     0     3247.6463    46     3235.6473 UserPurge2: 1    14803    0.37%
      0     0     3247.6405    47     3235.6473 UserPurge2: 1    14825    0.37%
      0     0     3247.6355    47     3235.6473 UserPurge2: 1    14849    0.37%
      0     0     3247.5993    46     3235.6473 UserPurge2: 1    14922    0.37%
      0     0     3247.5659    45     3235.6473 UserPurge2: 1    14961    0.37%
      0     0     3247.5429    42     3235.6473 UserPurge2: 1    14997    0.37%
      0     0     3247.5351    42     3235.6473 UserPurge2: 1    15014    0.37%
      0     0     3247.5271    43     3235.6473 UserPurge2: 1    15037    0.37%
      0     0     3247.5150    42     3235.6473 UserPurge2: 1    15066    0.37%
      0     0     3247.5107    43     3235.6473 UserPurge2: 1    15083    0.37%
      0     0     3247.5048    44     3235.6473 UserPurge2: 1    15106    0.37%
      0     0     3247.5009    44     3235.6473 UserPurge2: 1    15130    0.37%
      0     0     3247.4909    45     3235.6473 UserPurge2: 1    15163    0.37%
      0     0     3247.4853    46     3235.6473 UserPurge2: 1    15202    0.37%
      0     0     3247.4766    46     3235.6473 UserPurge2: 1    15238    0.37%
      0     0     3247.4653    46     3235.6473 UserPurge2: 1    15279    0.37%
      0     0     3247.4434    46     3235.6473 UserPurge2: 1    15323    0.36%
      0     0     3247.4347    47     3235.6473 UserPurge2: 1    15349    0.36%
      0     0     3247.4242    46     3235.6473 UserPurge2: 1    15379    0.36%
      0     0     3247.4071    46     3235.6473 UserPurge2: 1    15417    0.36%
      0     0     3247.3985    47     3235.6473 UserPurge2: 1    15440    0.36%
      0     0     3247.3859    47     3235.6473 UserPurge2: 1    15489    0.36%
      0     0     3247.3730    46     3235.6473 UserPurge2: 1    15519    0.36%
      0     0     3247.3532    45     3235.6473 UserPurge2: 1    15563    0.36%
      0     0     3247.3449    45     3235.6473 UserPurge2: 1    15586    0.36%
      0     0     3247.3409    46     3235.6473 UserPurge2: 1    15615    0.36%
      0     0     3247.3334    46     3235.6473 UserPurge2: 1    15644    0.36%
      0     0     3247.3237    45     3235.6473 UserPurge2: 1    15669    0.36%
      0     0     3247.3185    46     3235.6473 UserPurge2: 1    15701    0.36%
      0     0     3247.3164    47     3235.6473 UserPurge2: 1    15742    0.36%
      0     0     3247.3107    48     3235.6473 UserPurge2: 1    15769    0.36%
      0     0     3247.3079    49     3235.6473 UserPurge2: 1    15796    0.36%
      0     0     3247.3053    50     3235.6473 UserPurge2: 1    15823    0.36%
      0     0     3247.2955    47     3235.6473 UserPurge2: 1    15879    0.36%
      0     0     3247.2877    48     3235.6473 UserPurge2: 1    15929    0.36%
      0     0     3247.2804    47     3235.6473 UserPurge2: 1    15950    0.36%
      0     0     3247.2729    48     3235.6473 UserPurge2: 1    15979    0.36%
      0     0     3247.2666    48     3235.6473 UserPurge2: 1    16006    0.36%
      0     0     3247.2627    49     3235.6473 UserPurge2: 1    16025    0.36%
      0     0     3247.2595    50     3235.6473 UserPurge2: 1    16055    0.36%
      0     0     3247.2539    50     3235.6473 UserPurge2: 1    16090    0.36%
      0     0     3247.2425    51     3235.6473 UserPurge2: 1    16124    0.36%
      0     0     3247.2379    51     3235.6473 UserPurge2: 1    16152    0.36%
      0     0     3247.2307    51     3235.6473 UserPurge2: 1    16188    0.36%
      0     0     3247.2254    52     3235.6473 UserPurge2: 1    16228    0.36%
      0     0     3247.2093    51     3235.6473 UserPurge2: 1    16278    0.36%
      0     0     3247.2002    51     3235.6473 UserPurge2: 1    16316    0.36%
      0     0     3247.1941    51     3235.6473 UserPurge2: 1    16349    0.36%
      0     0     3247.1833    49     3235.6473 UserPurge2: 1    16400    0.36%
      0     0     3247.1558    47     3235.6473 UserPurge2: 1    16462    0.36%
      0     0     3247.1372    46     3235.6473 UserPurge2: 1    16499    0.36%
      0     0     3247.1246    46     3235.6473 UserPurge2: 1    16531    0.35%
      0     0     3247.1142    47     3235.6473 UserPurge2: 1    16556    0.35%
      0     0     3247.1105    48     3235.6473 UserPurge2: 1    16571    0.35%
      0     0     3247.1047    48     3235.6473 UserPurge2: 1    16597    0.35%
      0     0     3247.0975    47     3235.6473 UserPurge2: 1    16632    0.35%
      0     0     3247.0938    48     3235.6473 UserPurge2: 1    16661    0.35%
      0     0     3247.0913    48     3235.6473 UserPurge2: 1    16691    0.35%
      0     0     3247.0894    49     3235.6473 UserPurge2: 1    16710    0.35%
      0     0     3247.0826    49     3235.6473 UserPurge2: 1    16757    0.35%
      0     0     3247.0754    50     3235.6473 UserPurge2: 1    16785    0.35%
      0     0     3247.0701    51     3235.6473 UserPurge2: 1    16811    0.35%
      0     0     3247.0647    51     3235.6473 UserPurge2: 1    16845    0.35%
      0     0     3247.0521    50     3235.6473 UserPurge2: 1    16891    0.35%
      0     0     3247.0421    51     3235.6473 UserPurge2: 1    16932    0.35%
      0     0     3247.0279    50     3235.6473 UserPurge2: 1    16968    0.35%
      0     0     3247.0150    51     3235.6473 UserPurge2: 1    17001    0.35%
      0     0     3247.0032    48     3235.6473 UserPurge2: 1    17037    0.35%
      0     0     3246.9942    49     3235.6473 UserPurge2: 1    17069    0.35%
      0     0     3246.9847    50     3235.6473 UserPurge2: 1    17088    0.35%
      0     0     3246.9766    49     3235.6473 UserPurge2: 1    17114    0.35%
      0     0     3246.9694    50     3235.6473 UserPurge2: 1    17145    0.35%
      0     0     3246.9633    49     3235.6473 UserPurge2: 1    17171    0.35%
      0     0     3246.9576    50     3235.6473 UserPurge2: 1    17200    0.35%
      0     0     3246.9490    50     3235.6473 UserPurge2: 1    17227    0.35%
      0     0     3246.9366    49     3235.6473 UserPurge2: 1    17279    0.35%
      0     0     3246.9262    49     3235.6473 UserPurge2: 1    17316    0.35%
      0     0     3246.9197    50     3235.6473 UserPurge2: 1    17355    0.35%
      0     0     3246.9128    50     3235.6473 UserPurge2: 1    17393    0.35%
      0     0     3246.9092    49     3235.6473 UserPurge2: 1    17417    0.35%
      0     0     3246.9009    50     3235.6473 UserPurge2: 1    17456    0.35%
      0     0     3246.8955    51     3235.6473 UserPurge2: 1    17487    0.35%
      0     0     3246.8895    52     3235.6473 UserPurge2: 1    17511    0.35%
      0     0     3246.8817    50     3235.6473 UserPurge2: 1    17543    0.35%
      0     0     3246.8702    50     3235.6473 UserPurge2: 1    17583    0.35%
      0     0     3246.8611    49     3235.6473 UserPurge2: 1    17616    0.35%
      0     0     3246.8540    50     3235.6473 UserPurge2: 1    17641    0.35%
      0     0     3246.8464    51     3235.6473 UserPurge2: 1    17678    0.35%
      0     0     3246.8366    52     3235.6473 UserPurge2: 1    17725    0.35%
      0     0     3246.8296    52     3235.6473 UserPurge2: 1    17756    0.35%
      0     0     3246.8187    52     3235.6473 UserPurge2: 1    17796    0.35%
      0     0     3246.8071    50     3235.6473 UserPurge2: 1    17833    0.34%
      0     0     3246.7936    50     3235.6473 UserPurge2: 1    17870    0.34%
      0     0     3246.7855    49     3235.6473 UserPurge2: 1    17894    0.34%
      0     0     3246.7811    49     3235.6473 UserPurge2: 1    17927    0.34%
      0     0     3246.7788    50     3235.6473 UserPurge2: 1    17940    0.34%
      0     0     3246.7741    51     3235.6473 UserPurge2: 1    17962    0.34%
*     0+    0                         3236.4476     3246.7741             0.32%
      0     2     3246.7741    51     3236.4476     3246.7737    17962    0.32%
Elapsed time = 151.40 sec. (9070.72 ticks, tree = 0.01 MB, solutions = 6)
      1     3     3242.3694    38     3236.4476     3246.7735   209595    0.32%
      2     4     3241.2895    50     3236.4476     3242.3694   330340    0.18%
      3     5     3242.3170    50     3236.4476     3242.3694   378805    0.18%
      4     6     3240.0745    19     3236.4476     3242.3170   406842    0.18%
      5     7     3240.0182    27     3236.4476     3242.3170   425328    0.18%
      6     8     3239.9744    16     3236.4476     3242.3170   429412    0.18%
      7     9     3239.9311    14     3236.4476     3242.3170   432553    0.18%
      8    10     3239.8789    15     3236.4476     3242.3170   435215    0.18%
      9    11     3238.9548    12     3236.4476     3242.3170   439579    0.18%
     10    12     3238.7057    12     3236.4476     3242.3170   442577    0.18%
Elapsed time = 4715.79 sec. (3084828.12 ticks, tree = 1.51 MB, solutions = 6)
     11    13     3238.0138     6     3236.4476     3242.3170   444559    0.18%
     12    14     3237.9820     7     3236.4476     3242.3170   444834    0.18%
     14    14     3237.9762     7     3236.4476     3242.3170   445116    0.18%
     15    13        cutoff           3236.4476     3242.3170   445273    0.18%
     16    14     3237.9138     7     3236.4476     3242.3170   446165    0.18%
     17    13        cutoff           3236.4476     3242.3170   446343    0.18%
     18    14     3237.7514     6     3236.4476     3242.3170   447660    0.18%
     19    15     3237.7189     8     3236.4476     3242.3170   448700    0.18%
     20    14        cutoff           3236.4476     3242.3170   448927    0.18%
     21    15     3237.6989     8     3236.4476     3242.3170   449296    0.18%
Elapsed time = 4955.05 sec. (3214270.36 ticks, tree = 2.10 MB, solutions = 6)
     23    15     3237.6271     6     3236.4476     3242.3170   449878    0.18%
     24    16     3237.5848    11     3236.4476     3242.3170   451049    0.18%
     25    15        cutoff           3236.4476     3242.3170   451214    0.18%
     27    17     3237.5283     9     3236.4476     3242.3170   452454    0.18%
     28    18     3236.9662     6     3236.4476     3242.3170   453342    0.18%
     29    19     3236.9456     6     3236.4476     3242.3170   453665    0.18%
     30    18        cutoff           3236.4476     3242.3170   453814    0.18%
     31    19     3236.9349     8     3236.4476     3242.3170   454239    0.18%
     33    19     3236.8122     4     3236.4476     3242.3170   454469    0.18%
     34    20     3236.5103     6     3236.4476     3242.3170   454861    0.18%
Elapsed time = 5223.83 sec. (3370372.91 ticks, tree = 3.12 MB, solutions = 6)
     37    21     3236.4807     2     3236.4476     3242.3170   454938    0.18%
     38    20        cutoff           3236.4476     3242.3170   454960    0.18%
     40    20     3242.1386    53     3236.4476     3242.3170   530170    0.18%

User cuts applied:  32150

Root node processing (before b&c):
  Real time             =  151.45 sec. (9162.58 ticks)
Sequential b&c:
  Real time             = 7048.60 sec. (4718334.14 ticks)
                          ------------
Total (root+branch&cut) = 7200.05 sec. (4727496.72 ticks)
@Parameters: 
is_S_cut                                true
is_add_all_yinF                         true
is_start_value                          true
is_usercut                              true
is_visualization                        false
uc_only_rootnode                        false

data                                    Qi
fn                                      data/Qi/instance_800_1000.csv
mode                                    NewSubmodular
solver                                  cplex

p                                       10
r                                       2

EPS                                     1.0e-06
EPS_vio                                 1.0e-04
beta                                    0.10
gap                                     0.00
nodelimit                               Inf
timelimit                               7200.00


@PrintInfos
ItCnt: 550722
Current gap: 0.18 %
Termination Status: TIME_LIMIT
Primal Status: FEASIBLE_POINT
Solve Time: 7200.05 sec
Objective Value: 3236.447647
Number of Nodes:     41

CutInfo: [phase] num / time (sec) 
ZLP             [phase1]     0 / 0.00 [rLC]     0 / 0.00 [rUC]     0 / 0.00 [sLC]     0 / 0.00 [sUC]     0 / 0.00 
OldSubmodular   [phase1]     0 / 0.00 [rLC]     0 / 0.00 [rUC]     0 / 0.00 [sLC]     0 / 0.00 [sUC]     0 / 0.00 
NewSubmodular   [phase1]     0 / 0.00 [rLC]   518 / 53.12 [rUC]  3422 / 85.79 [sLC]     0 / 0.00 [sUC] 32078 / 1366.99 
PMP             [phase1]     0 / 0.00 [rLC]    14 / 43.38 [rUC]     0 / 0.00 [sLC]     0 / 0.00 [sUC]    64 / 220.26 
Separation Round: [phase1] 0  [rLC] 180  [rUC] 593  [sLC] 0  [sUC] 5788
Root Best Bound 3242.369424
Root Best Integer: 3236.447647
Best Bound: 3242.317025
Best Integer: 3236.447647

