Version identifier: 20.1.0.0 | 2020-11-10 | 9bedb6d68
CPXPARAM_Threads                                 1
CPXPARAM_TimeLimit                               7200
CPXPARAM_MIP_Tolerances_MIPGap                   0
Generic callback                                 0x60
1 of 1 MIP starts provided solutions.
MIP start 'm1' defined initial solution with objective 3988.8990.
Tried aggregator 1 time.
Reduced MIP has 1 rows, 1001 columns, and 1000 nonzeros.
Reduced MIP has 1000 binaries, 0 generals, 0 SOSs, and 0 indicators.
Presolve time = 0.00 sec. (0.30 ticks)
Probing time = 0.00 sec. (0.11 ticks)
Tried aggregator 1 time.
Reduced MIP has 1 rows, 1001 columns, and 1000 nonzeros.
Reduced MIP has 1000 binaries, 0 generals, 0 SOSs, and 0 indicators.
Presolve time = 0.00 sec. (0.31 ticks)
Probing time = 0.00 sec. (0.11 ticks)
MIP emphasis: balance optimality and feasibility.
MIP search method: dynamic search.
Parallel mode: none, using 1 thread.
Root relaxation solution time = 0.00 sec. (0.21 ticks)

        Nodes                                         Cuts/
   Node  Left     Objective  IInf  Best Integer    Best Bound    ItCnt     Gap

*     0+    0                         3988.8990     5432.0000            36.18%
      0     0     5432.0000     2     3988.8990     5432.0000        0   36.18%
      0     0     5114.7624     3     3988.8990 UserPurge2: 1        5   28.22%
      0     0     4753.3419     4     3988.8990 UserPurge2: 1       15   19.16%
      0     0     4543.2533     5     3988.8990 UserPurge2: 1       33   13.90%
      0     0     4416.9370     5     3988.8990 UserPurge2: 1       52   10.73%
      0     0     4388.9041     7     3988.8990 UserPurge2: 1       61   10.03%
      0     0     4328.1085     8     3988.8990 UserPurge2: 1       95    8.50%
      0     0     4277.7449     9     3988.8990 UserPurge2: 1      132    7.24%
      0     0     4240.7772    10     3988.8990 UserPurge2: 1      164    6.31%
      0     0     4206.7676     9     3988.8990 UserPurge2: 1      178    5.46%
      0     0     4194.9535    10     3988.8990 UserPurge2: 1      195    5.17%
      0     0     4185.1277    12     3988.8990 UserPurge2: 1      229    4.92%
      0     0     4175.9512    11     3988.8990 UserPurge1: 1      235    4.69%
      0     0     4170.7536    12     3988.8990 UserPurge2: 1      261    4.56%
      0     0     4167.4019    15     3988.8990 UserPurge1: 3      277    4.47%
      0     0     4166.0218    14     3988.8990 UserPurge2: 1      303    4.44%
      0     0     4163.4482    15     3988.8990 UserPurge2: 1      331    4.38%
      0     0     4163.1394    16     3988.8990 UserPurge1: 1      334    4.37%
      0     0     4159.0796    17     3988.8990 UserPurge2: 1      365    4.27%
      0     0     4151.4995    16     3988.8990 UserPurge2: 1      415    4.08%
      0     0     4145.9903    16     3988.8990 UserPurge2: 1      437    3.94%
      0     0     4141.1333    16     3988.8990 UserPurge2: 1      466    3.82%
      0     0     4137.5611    17     3988.8990 UserPurge2: 1      500    3.73%
      0     0     4134.2216    18     3988.8990 UserPurge2: 1      525    3.64%
      0     0     4131.7078    19     3988.8990 UserPurge2: 1      553    3.58%
      0     0     4128.2700    19     3988.8990 UserPurge2: 1      605    3.49%
      0     0     4121.8356    14     3988.8990 UserPurge2: 1      646    3.33%
      0     0     4118.1973    15     3988.8990 UserPurge2: 1      668    3.24%
      0     0     4116.6660    16     3988.8990 UserPurge2: 1      700    3.20%
      0     0     4114.2652    17     3988.8990 UserPurge2: 1      713    3.14%
      0     0     4111.9862    17     3988.8990 UserPurge2: 1      752    3.09%
      0     0     4109.6422    16     3988.8990 UserPurge2: 1      772    3.03%
      0     0     4107.8106    17     3988.8990 UserPurge2: 1      802    2.98%
      0     0     4107.3501    18     3988.8990 UserPurge2: 1      814    2.97%
      0     0     4105.4405    16     3988.8990 UserPurge2: 1      844    2.92%
      0     0     4103.5387    16     3988.8990 UserPurge2: 1      867    2.87%
      0     0     4102.1523    16     3988.8990 UserPurge2: 1      894    2.84%
      0     0     4101.2332    18     3988.8990 UserPurge2: 1      911    2.82%
      0     0     4100.2912    19     3988.8990 UserPurge2: 1      937    2.79%
      0     0     4098.3236    18     3988.8990 UserPurge2: 1      969    2.74%
      0     0     4096.5301    18     3988.8990 UserPurge2: 1     1006    2.70%
      0     0     4094.3996    17     3988.8990 UserPurge2: 1     1025    2.64%
      0     0     4092.9265    18     3988.8990 UserPurge2: 1     1067    2.61%
      0     0     4092.5312    19     3988.8990 UserPurge2: 1     1080    2.60%
      0     0     4091.9218    21     3988.8990 UserPurge2: 1     1103    2.58%
      0     0     4088.3217    17     3988.8990 UserPurge2: 1     1131    2.49%
      0     0     4086.8774    19     3988.8990 UserPurge2: 1     1142    2.46%
      0     0     4086.2749    19     3988.8990 UserPurge2: 1     1163    2.44%
      0     0     4085.7913    19     3988.8990 UserPurge2: 1     1186    2.43%
      0     0     4084.0045    17     3988.8990 UserPurge2: 1     1221    2.38%
      0     0     4082.5251    16     3988.8990 UserPurge2: 1     1247    2.35%
      0     0     4081.3204    19     3988.8990 UserPurge2: 1     1261    2.32%
      0     0     4080.5574    18     3988.8990 UserPurge2: 1     1292    2.30%
      0     0     4080.2924    19     3988.8990 UserPurge2: 1     1310    2.29%
      0     0     4079.8753    19     3988.8990 UserPurge2: 1     1330    2.28%
      0     0     4078.1954    17     3988.8990 UserPurge2: 1     1363    2.24%
      0     0     4076.9401    18     3988.8990 UserPurge2: 1     1383    2.21%
      0     0     4076.0617    18     3988.8990 UserPurge2: 1     1405    2.19%
      0     0     4075.5100    20     3988.8990 UserPurge2: 1     1413    2.17%
      0     0     4074.5133    21     3988.8990 UserPurge2: 1     1443    2.15%
      0     0     4073.3673    18     3988.8990 UserPurge2: 1     1480    2.12%
      0     0     4072.5600    19     3988.8990 UserPurge2: 1     1500    2.10%
      0     0     4071.7481    18     3988.8990 UserPurge2: 1     1526    2.08%
      0     0     4071.5494    20     3988.8990 UserPurge2: 1     1539    2.07%
      0     0     4071.2794    20     3988.8990 UserPurge2: 1     1560    2.07%
      0     0     4070.9965    21     3988.8990 UserPurge2: 1     1584    2.06%
      0     0     4070.3743    21     3988.8990 UserPurge2: 1     1615    2.04%
      0     0     4069.2844    20     3988.8990 UserPurge2: 1     1681    2.02%
      0     0     4068.7605    20     3988.8990 UserPurge2: 1     1697    2.00%
      0     0     4068.1541    21     3988.8990 UserPurge2: 1     1728    1.99%
      0     0     4067.5795    21     3988.8990 UserPurge2: 1     1757    1.97%
      0     0     4067.4196    22     3988.8990 UserPurge2: 1     1769    1.97%
      0     0     4067.1363    22     3988.8990 UserPurge2: 1     1791    1.96%
      0     0     4066.8022    23     3988.8990 UserPurge2: 1     1816    1.95%
      0     0     4065.6206    21     3988.8990 UserPurge2: 1     1858    1.92%
      0     0     4064.3608    21     3988.8990 UserPurge2: 1     1899    1.89%
      0     0     4063.4084    20     3988.8990 UserPurge2: 1     1919    1.87%
      0     0     4063.1143    20     3988.8990 UserPurge2: 1     1938    1.86%
      0     0     4062.7524    21     3988.8990 UserPurge2: 1     1957    1.85%
      0     0     4062.5356    20     3988.8990 UserPurge2: 1     1968    1.85%
      0     0     4062.0984    21     3988.8990 UserPurge2: 1     2001    1.84%
      0     0     4061.4492    20     3988.8990 UserPurge2: 1     2025    1.82%
      0     0     4060.9772    20     3988.8990 UserPurge2: 1     2057    1.81%
*     0+    0                         3989.8883     4060.9772             1.78%
      0     0     4060.8846    20     3989.8883 UserPurge2: 1     2070    1.78%
      0     0     4060.4659    20     3989.8883 UserPurge2: 1     2089    1.77%
      0     0     4060.1345    22     3989.8883 UserPurge2: 1     2110    1.76%
      0     0     4059.6196    22     3989.8883 UserPurge2: 1     2136    1.75%
      0     0     4058.9632    23     3989.8883 UserPurge2: 1     2176    1.73%
      0     0     4058.6322    21     3989.8883 UserPurge2: 1     2198    1.72%
      0     0     4058.0867    22     3989.8883 UserPurge2: 1     2225    1.71%
      0     0     4057.9549    22     3989.8883 UserPurge2: 1     2239    1.71%
      0     0     4057.6019    23     3989.8883 UserPurge2: 1     2273    1.70%
      0     0     4057.4026    24     3989.8883 UserPurge2: 1     2301    1.69%
      0     0     4057.2786    25     3989.8883 UserPurge2: 1     2319    1.69%
      0     0     4056.9948    24     3989.8883 UserPurge2: 1     2351    1.68%
      0     0     4056.8133    25     3989.8883 UserPurge2: 1     2380    1.68%
      0     0     4056.5527    26     3989.8883 UserPurge2: 1     2405    1.67%
      0     0     4056.4811    27     3989.8883 UserPurge2: 1     2422    1.67%
      0     0     4056.2951    27     3989.8883 UserPurge2: 1     2443    1.66%
      0     0     4056.1391    28     3989.8883 UserPurge2: 1     2461    1.66%
      0     0     4055.8680    28     3989.8883 UserPurge2: 1     2503    1.65%
      0     0     4055.2795    26     3989.8883 UserPurge2: 1     2549    1.64%
      0     0     4054.7626    25     3989.8883 UserPurge2: 1     2583    1.63%
      0     0     4054.3806    26     3989.8883 UserPurge2: 1     2608    1.62%
      0     0     4053.8367    25     3989.8883 UserPurge2: 1     2639    1.60%
      0     0     4053.3691    25     3989.8883 UserPurge2: 1     2679    1.59%
      0     0     4052.7645    25     3989.8883 UserPurge2: 1     2724    1.58%
      0     0     4052.2085    22     3989.8883 UserPurge2: 1     2756    1.56%
*     0+    0                         3995.5038     4052.2085             1.42%
      0     0     4051.9710    20     3995.5038 UserPurge2: 1     2780    1.41%
      0     0     4051.9033    21     3995.5038 UserPurge2: 1     2794    1.41%
      0     0     4051.7430    22     3995.5038 UserPurge2: 1     2814    1.41%
      0     0     4051.5920    23     3995.5038 UserPurge2: 1     2827    1.40%
      0     0     4051.4004    24     3995.5038 UserPurge2: 1     2852    1.40%
      0     0     4051.2614    25     3995.5038 UserPurge2: 1     2877    1.40%
      0     0     4051.1504    26     3995.5038 UserPurge2: 1     2893    1.39%
      0     0     4051.0387    26     3995.5038 UserPurge2: 1     2914    1.39%
      0     0     4050.6728    26     3995.5038 UserPurge2: 1     2960    1.38%
      0     0     4050.1528    25     3995.5038 UserPurge2: 1     3000    1.37%
      0     0     4049.9741    25     3995.5038 UserPurge2: 1     3014    1.36%
      0     0     4049.8410    25     3995.5038 UserPurge2: 1     3034    1.36%
      0     0     4049.7460    26     3995.5038 UserPurge2: 1     3048    1.36%
      0     0     4049.6652    27     3995.5038 UserPurge2: 1     3061    1.36%
      0     0     4049.5588    27     3995.5038 UserPurge2: 1     3081    1.35%
      0     0     4049.3272    27     3995.5038 UserPurge2: 1     3114    1.35%
*     0+    0                         3997.4580     4049.3272             1.30%
      0     0     4049.1019    28     3997.4580 UserPurge2: 1     3150    1.29%
      0     0     4048.9754    29     3997.4580 UserPurge2: 1     3172    1.29%
      0     0     4048.6724    27     3997.4580 UserPurge2: 1     3208    1.28%
      0     0     4048.3314    27     3997.4580 UserPurge2: 1     3241    1.27%
      0     0     4047.8783    28     3997.4580 UserPurge2: 1     3284    1.26%
      0     0     4047.6256    27     3997.4580 UserPurge2: 1     3309    1.25%
      0     0     4047.4453    26     3997.4580 UserPurge2: 1     3337    1.25%
      0     0     4047.2854    26     3997.4580 UserPurge2: 1     3364    1.25%
      0     0     4047.0415    27     3997.4580 UserPurge2: 1     3380    1.24%
      0     0     4046.9832    28     3997.4580 UserPurge2: 1     3394    1.24%
      0     0     4046.7446    27     3997.4580 UserPurge2: 1     3423    1.23%
      0     0     4046.4693    27     3997.4580 UserPurge2: 1     3445    1.23%
      0     0     4046.3195    28     3997.4580 UserPurge2: 1     3467    1.22%
      0     0     4046.1581    27     3997.4580 UserPurge2: 1     3488    1.22%
      0     0     4046.0940    28     3997.4580 UserPurge2: 1     3510    1.22%
*     0+    0                         3998.6030     4046.0940             1.19%
      0     0     4046.0245    29     3998.6030 UserPurge2: 1     3526    1.19%
      0     0     4045.9450    29     3998.6030 UserPurge2: 1     3547    1.18%
      0     0     4045.8965    30     3998.6030 UserPurge2: 1     3569    1.18%
      0     0     4045.8333    31     3998.6030 UserPurge2: 1     3597    1.18%
      0     0     4045.5757    31     3998.6030 UserPurge2: 1     3636    1.17%
      0     0     4045.4949    31     3998.6030 UserPurge2: 1     3660    1.17%
      0     0     4045.1509    29     3998.6030 UserPurge2: 1     3690    1.16%
      0     0     4044.9671    29     3998.6030 UserPurge2: 1     3722    1.16%
      0     0     4044.8762    29     3998.6030 UserPurge2: 1     3746    1.16%
      0     0     4044.7830    28     3998.6030 UserPurge2: 1     3773    1.15%
      0     0     4044.6937    29     3998.6030 UserPurge2: 1     3801    1.15%
      0     0     4044.5977    29     3998.6030 UserPurge2: 1     3832    1.15%
      0     0     4044.5140    29     3998.6030 UserPurge2: 1     3852    1.15%
      0     0     4044.4324    30     3998.6030 UserPurge2: 1     3873    1.15%
      0     0     4044.2904    30     3998.6030 UserPurge2: 1     3901    1.14%
      0     0     4044.1058    30     3998.6030 UserPurge2: 1     3942    1.14%
      0     0     4043.9603    30     3998.6030 UserPurge2: 1     3980    1.13%
      0     0     4043.8074    30     3998.6030 UserPurge2: 1     4009    1.13%
      0     0     4043.7213    30     3998.6030 UserPurge2: 1     4040    1.13%
      0     0     4043.6561    31     3998.6030 UserPurge2: 1     4070    1.13%
      0     0     4043.5494    31     3998.6030 UserPurge2: 1     4097    1.12%
      0     0     4043.4334    30     3998.6030 UserPurge2: 1     4119    1.12%
      0     0     4043.3010    31     3998.6030 UserPurge2: 1     4163    1.12%
      0     0     4043.2278    32     3998.6030 UserPurge2: 1     4186    1.12%
      0     0     4043.0487    32     3998.6030 UserPurge2: 1     4228    1.11%
      0     0     4042.9958    33     3998.6030 UserPurge2: 1     4251    1.11%
      0     0     4042.9573    34     3998.6030 UserPurge2: 1     4273    1.11%
      0     0     4042.7998    33     3998.6030 UserPurge2: 1     4315    1.11%
      0     0     4042.3875    30     3998.6030 UserPurge2: 1     4371    1.09%
      0     0     4042.1479    29     3998.6030 UserPurge2: 1     4410    1.09%
      0     0     4042.1133    30     3998.6030 UserPurge2: 1     4428    1.09%
      0     0     4042.0330    31     3998.6030 UserPurge2: 1     4442    1.09%
      0     0     4041.8115    29     3998.6030 UserPurge2: 1     4468    1.08%
*     0+    0                         3998.8220     4041.8115             1.08%
      0     0     4041.7934    30     3998.8220 UserPurge2: 1     4481    1.07%
      0     0     4041.7178    30     3998.8220 UserPurge2: 1     4506    1.07%
      0     0     4041.6253    31     3998.8220 UserPurge2: 1     4543    1.07%
      0     0     4041.5220    31     3998.8220 UserPurge2: 1     4574    1.07%
      0     0     4041.3335    30     3998.8220 UserPurge2: 1     4611    1.06%
      0     0     4041.2379    31     3998.8220 UserPurge2: 1     4646    1.06%
      0     0     4041.1277    32     3998.8220 UserPurge2: 1     4683    1.06%
      0     0     4041.0238    32     3998.8220 UserPurge2: 1     4718    1.06%
      0     0     4040.9390    33     3998.8220 UserPurge2: 1     4745    1.05%
      0     0     4040.8420    34     3998.8220 UserPurge2: 1     4768    1.05%
      0     0     4040.7675    35     3998.8220 UserPurge2: 1     4794    1.05%
      0     0     4040.6109    34     3998.8220 UserPurge2: 1     4838    1.05%
      0     0     4040.4854    33     3998.8220 UserPurge2: 1     4862    1.04%
      0     0     4040.4335    34     3998.8220 UserPurge2: 1     4883    1.04%
      0     0     4040.2067    34     3998.8220 UserPurge2: 1     4932    1.03%
      0     0     4039.9244    35     3998.8220 UserPurge2: 1     4985    1.03%
      0     0     4039.7087    34     3998.8220 UserPurge2: 1     5029    1.02%
      0     0     4039.4738    33     3998.8220 UserPurge2: 1     5065    1.02%
      0     0     4039.2179    33     3998.8220 UserPurge2: 1     5109    1.01%
      0     0     4039.1296    34     3998.8220 UserPurge2: 1     5135    1.01%
      0     0     4039.0021    34     3998.8220 UserPurge2: 1     5160    1.00%
      0     0     4038.7069    32     3998.8220 UserPurge2: 1     5203    1.00%
      0     0     4038.4595    33     3998.8220 UserPurge2: 1     5243    0.99%
      0     0     4038.3332    33     3998.8220 UserPurge2: 1     5262    0.99%
      0     0     4038.1276    32     3998.8220 UserPurge2: 1     5294    0.98%
      0     0     4037.9881    33     3998.8220 UserPurge2: 1     5322    0.98%
      0     0     4037.8934    31     3998.8220 UserPurge2: 1     5342    0.98%
      0     0     4037.8177    31     3998.8220 UserPurge2: 1     5362    0.98%
      0     0     4037.7569    32     3998.8220 UserPurge2: 1     5384    0.97%
      0     0     4037.6310    33     3998.8220 UserPurge2: 1     5420    0.97%
      0     0     4037.5397    34     3998.8220 UserPurge2: 1     5444    0.97%
      0     0     4037.4285    33     3998.8220 UserPurge2: 1     5488    0.97%
      0     0     4037.3053    32     3998.8220 UserPurge2: 1     5512    0.96%
      0     0     4037.0395    29     3998.8220 UserPurge2: 1     5545    0.96%
      0     0     4036.9215    30     3998.8220 UserPurge2: 1     5565    0.95%
      0     0     4036.8062    30     3998.8220 UserPurge2: 1     5602    0.95%
*     0+    0                         4000.3460     4036.8062             0.91%
      0     0     4036.7768    30     4000.3460 UserPurge2: 1     5615    0.91%
      0     0     4036.7200    31     4000.3460 UserPurge2: 1     5648    0.91%
      0     0     4036.6777    31     4000.3460 UserPurge2: 1     5665    0.91%
      0     0     4036.6413    31     4000.3460 UserPurge2: 1     5677    0.91%
      0     0     4036.6171    31     4000.3460 UserPurge2: 1     5696    0.91%
      0     0     4036.5989    32     4000.3460 UserPurge2: 1     5703    0.91%
      0     0     4036.5766    33     4000.3460 UserPurge2: 1     5728    0.91%
      0     0     4036.5403    34     4000.3460 UserPurge2: 1     5750    0.90%
      0     0     4036.5120    34     4000.3460 UserPurge2: 1     5778    0.90%
      0     0     4036.4571    34     4000.3460 UserPurge2: 1     5811    0.90%
      0     0     4036.3730    34     4000.3460 UserPurge2: 1     5843    0.90%
      0     0     4036.2991    33     4000.3460 UserPurge2: 1     5881    0.90%
      0     0     4036.2617    34     4000.3460 UserPurge2: 1     5906    0.90%
      0     0     4036.2205    34     4000.3460 UserPurge2: 1     5936    0.90%
      0     0     4036.1310    32     4000.3460 UserPurge2: 1     5977    0.89%
      0     0     4036.0905    32     4000.3460 UserPurge2: 1     5997    0.89%
      0     0     4036.0500    31     4000.3460 UserPurge2: 1     6019    0.89%
      0     0     4036.0329    32     4000.3460 UserPurge2: 1     6033    0.89%
      0     0     4036.0202    33     4000.3460 UserPurge2: 1     6049    0.89%
      0     0     4036.0043    34     4000.3460 UserPurge2: 1     6071    0.89%
      0     0     4035.9659    32     4000.3460 UserPurge2: 1     6098    0.89%
      0     0     4035.9412    33     4000.3460 UserPurge2: 1     6119    0.89%
      0     0     4035.9188    34     4000.3460 UserPurge2: 1     6147    0.89%
      0     0     4035.8923    34     4000.3460 UserPurge2: 1     6169    0.89%
      0     0     4035.8738    35     4000.3460 UserPurge2: 1     6200    0.89%
      0     0     4035.8558    36     4000.3460 UserPurge2: 1     6226    0.89%
      0     0     4035.8155    35     4000.3460 UserPurge2: 1     6270    0.89%
      0     0     4035.7287    36     4000.3460 UserPurge2: 1     6322    0.88%
      0     0     4035.6250    35     4000.3460 UserPurge2: 1     6364    0.88%
      0     0     4035.5505    34     4000.3460 UserPurge2: 1     6384    0.88%
      0     0     4035.5146    33     4000.3460 UserPurge2: 1     6397    0.88%
      0     0     4035.4966    34     4000.3460 UserPurge2: 1     6414    0.88%
      0     0     4035.4292    34     4000.3460 UserPurge2: 1     6435    0.88%
      0     0     4035.3911    35     4000.3460 UserPurge2: 1     6458    0.88%
      0     0     4035.3235    35     4000.3460 UserPurge2: 1     6486    0.87%
      0     0     4035.2305    34     4000.3460 UserPurge2: 1     6516    0.87%
      0     0     4035.1889    34     4000.3460 UserPurge2: 1     6551    0.87%
      0     0     4035.1211    35     4000.3460 UserPurge2: 1     6595    0.87%
      0     0     4035.0534    34     4000.3460 UserPurge2: 1     6622    0.87%
      0     0     4034.9700    33     4000.3460 UserPurge2: 1     6646    0.87%
      0     0     4034.9489    34     4000.3460 UserPurge2: 1     6669    0.86%
*     0+    0                         4007.0146     4034.9489             0.70%
      0     0     4034.8986    33     4007.0146 UserPurge2: 1     6698    0.70%
      0     0     4034.8724    31     4007.0146 UserPurge2: 1     6717    0.70%
      0     0     4034.8685    32     4007.0146 UserPurge2: 1     6729    0.70%
      0     0     4034.8630    33     4007.0146 UserPurge2: 1     6737    0.69%
      0     0     4034.8558    34     4007.0146 UserPurge2: 1     6749    0.69%
      0     0     4034.8434    34     4007.0146 UserPurge2: 1     6764    0.69%
      0     0     4034.8179    35     4007.0146 UserPurge2: 1     6799    0.69%
      0     0     4034.7808    35     4007.0146 UserPurge2: 1     6835    0.69%
      0     0     4034.7547    36     4007.0146 UserPurge2: 1     6865    0.69%
      0     0     4034.7176    35     4007.0146 UserPurge2: 1     6894    0.69%
      0     0     4034.6992    35     4007.0146 UserPurge2: 1     6919    0.69%
      0     0     4034.6805    36     4007.0146 UserPurge2: 1     6939    0.69%
      0     0     4034.6721    37     4007.0146 UserPurge2: 1     6956    0.69%
      0     0     4034.6550    38     4007.0146 UserPurge2: 1     6977    0.69%
      0     0     4034.6471    39     4007.0146 UserPurge2: 1     6992    0.69%
      0     0     4034.5108    37     4007.0146 UserPurge2: 1     7068    0.69%
      0     0     4034.3523    36     4007.0146 UserPurge2: 1     7093    0.68%
      0     0     4034.2862    36     4007.0146 UserPurge2: 1     7117    0.68%
      0     0     4034.1708    36     4007.0146 UserPurge2: 1     7149    0.68%
      0     0     4034.0577    34     4007.0146 UserPurge2: 1     7184    0.67%
      0     0     4034.0125    34     4007.0146 UserPurge2: 1     7203    0.67%
      0     0     4033.9098    34     4007.0146 UserPurge2: 1     7230    0.67%
      0     0     4033.8247    33     4007.0146 UserPurge2: 1     7248    0.67%
      0     0     4033.7058    34     4007.0146 UserPurge2: 1     7285    0.67%
      0     0     4033.6582    35     4007.0146 UserPurge2: 1     7307    0.66%
      0     0     4033.5120    36     4007.0146 UserPurge2: 1     7347    0.66%
      0     0     4033.4374    34     4007.0146 UserPurge2: 1     7385    0.66%
      0     0     4033.3821    34     4007.0146 UserPurge2: 1     7414    0.66%
      0     0     4033.3432    35     4007.0146 UserPurge2: 1     7436    0.66%
      0     0     4033.2878    35     4007.0146 UserPurge2: 1     7464    0.66%
      0     0     4033.2492    36     4007.0146 UserPurge2: 1     7495    0.65%
      0     0     4033.2106    36     4007.0146 UserPurge2: 1     7523    0.65%
      0     0     4033.1799    36     4007.0146 UserPurge2: 1     7541    0.65%
      0     0     4033.1428    36     4007.0146 UserPurge2: 1     7559    0.65%
      0     0     4033.1195    36     4007.0146 UserPurge2: 1     7578    0.65%
      0     0     4033.1040    36     4007.0146 UserPurge2: 1     7599    0.65%
      0     0     4033.0690    36     4007.0146 UserPurge2: 1     7635    0.65%
      0     0     4033.0004    35     4007.0146 UserPurge2: 1     7671    0.65%
      0     0     4032.9678    35     4007.0146 UserPurge2: 1     7687    0.65%
      0     0     4032.9260    36     4007.0146 UserPurge2: 1     7709    0.65%
      0     0     4032.8919    37     4007.0146 UserPurge2: 1     7738    0.65%
      0     0     4032.8385    38     4007.0146 UserPurge2: 1     7772    0.64%
      0     0     4032.7908    38     4007.0146 UserPurge2: 1     7801    0.64%
      0     0     4032.7760    38     4007.0146 UserPurge2: 1     7831    0.64%
      0     0     4032.7514    38     4007.0146 UserPurge2: 1     7860    0.64%
      0     0     4032.6876    39     4007.0146 UserPurge2: 1     7905    0.64%
      0     0     4032.6066    39     4007.0146 UserPurge2: 1     7964    0.64%
      0     0     4032.5596    39     4007.0146 UserPurge2: 1     7987    0.64%
      0     0     4032.5382    39     4007.0146 UserPurge2: 1     8007    0.64%
      0     0     4032.5205    39     4007.0146 UserPurge2: 1     8026    0.64%
      0     0     4032.4723    39     4007.0146 UserPurge2: 1     8061    0.64%
      0     0     4032.3974    40     4007.0146 UserPurge2: 1     8108    0.63%
      0     0     4032.2429    38     4007.0146 UserPurge2: 1     8151    0.63%
      0     0     4032.1654    38     4007.0146 UserPurge2: 1     8174    0.63%
      0     0     4032.0090    37     4007.0146 UserPurge2: 1     8227    0.62%
      0     0     4031.9188    36     4007.0146 UserPurge2: 1     8246    0.62%
      0     0     4031.7952    35     4007.0146 UserPurge2: 1     8279    0.62%
      0     0     4031.6928    36     4007.0146 UserPurge2: 1     8314    0.62%
      0     0     4031.6552    36     4007.0146 UserPurge2: 1     8334    0.61%
      0     0     4031.5831    35     4007.0146 UserPurge2: 1     8362    0.61%
      0     0     4031.5175    33     4007.0146 UserPurge2: 1     8389    0.61%
      0     0     4031.4831    33     4007.0146 UserPurge2: 1     8403    0.61%
      0     0     4031.4635    34     4007.0146 UserPurge2: 1     8428    0.61%
      0     0     4031.4402    35     4007.0146 UserPurge2: 1     8447    0.61%
      0     0     4031.4163    36     4007.0146 UserPurge2: 1     8469    0.61%
      0     0     4031.4033    37     4007.0146 UserPurge2: 1     8489    0.61%
      0     0     4031.3840    37     4007.0146 UserPurge2: 1     8506    0.61%
      0     0     4031.3716    38     4007.0146 UserPurge2: 1     8533    0.61%
      0     0     4031.3623    39     4007.0146 UserPurge2: 1     8548    0.61%
      0     0     4031.3227    39     4007.0146 UserPurge2: 1     8583    0.61%
      0     0     4031.2745    39     4007.0146 UserPurge2: 1     8625    0.61%
      0     0     4031.2459    39     4007.0146 UserPurge2: 1     8659    0.60%
      0     0     4031.1598    38     4007.0146 UserPurge2: 1     8712    0.60%
      0     0     4031.0502    36     4007.0146 UserPurge2: 1     8745    0.60%
      0     0     4031.0252    37     4007.0146 UserPurge2: 1     8768    0.60%
      0     0     4030.9646    37     4007.0146 UserPurge2: 1     8796    0.60%
      0     0     4030.9227    38     4007.0146 UserPurge2: 1     8822    0.60%
      0     0     4030.9002    38     4007.0146 UserPurge2: 1     8858    0.60%
      0     0     4030.8736    38     4007.0146 UserPurge2: 1     8878    0.60%
      0     0     4030.8311    37     4007.0146 UserPurge2: 1     8905    0.59%
      0     0     4030.8104    38     4007.0146 UserPurge2: 1     8928    0.59%
      0     0     4030.7906    38     4007.0146 UserPurge2: 1     8957    0.59%
      0     0     4030.7625    38     4007.0146 UserPurge2: 1     8989    0.59%
      0     0     4030.7203    37     4007.0146 UserPurge2: 1     9019    0.59%
      0     0     4030.7070    37     4007.0146 UserPurge2: 1     9038    0.59%
      0     0     4030.6888    38     4007.0146 UserPurge2: 1     9061    0.59%
      0     0     4030.6528    38     4007.0146 UserPurge2: 1     9084    0.59%
      0     0     4030.6034    38     4007.0146 UserPurge2: 1     9114    0.59%
      0     0     4030.5650    38     4007.0146 UserPurge2: 1     9152    0.59%
      0     0     4030.5304    39     4007.0146 UserPurge2: 1     9188    0.59%
      0     0     4030.4963    40     4007.0146 UserPurge2: 1     9213    0.59%
      0     0     4030.4527    38     4007.0146 UserPurge2: 1     9255    0.58%
      0     0     4030.4470    39     4007.0146 UserPurge2: 1     9273    0.58%
      0     0     4030.4423    40     4007.0146 UserPurge2: 1     9282    0.58%
      0     0     4030.4193    41     4007.0146 UserPurge2: 1     9308    0.58%
      0     0     4030.4037    40     4007.0146 UserPurge2: 1     9325    0.58%
      0     0     4030.3862    39     4007.0146 UserPurge2: 1     9349    0.58%
      0     0     4030.3685    39     4007.0146 UserPurge2: 1     9376    0.58%
      0     0     4030.3547    40     4007.0146 UserPurge2: 1     9408    0.58%
      0     0     4030.3473    41     4007.0146 UserPurge2: 1     9422    0.58%
      0     0     4030.3306    41     4007.0146 UserPurge2: 1     9451    0.58%
      0     0     4030.3218    42     4007.0146 UserPurge2: 1     9477    0.58%
      0     0     4030.3074    43     4007.0146 UserPurge2: 1     9511    0.58%
      0     0     4030.2808    44     4007.0146 UserPurge2: 1     9550    0.58%
      0     0     4030.2514    43     4007.0146 UserPurge2: 1     9574    0.58%
      0     0     4030.2166    43     4007.0146 UserPurge2: 1     9607    0.58%
      0     0     4030.1920    43     4007.0146 UserPurge2: 1     9640    0.58%
      0     0     4030.1692    43     4007.0146 UserPurge2: 1     9667    0.58%
      0     0     4030.1299    40     4007.0146 UserPurge2: 1     9699    0.58%
      0     0     4030.0837    39     4007.0146 UserPurge2: 1     9727    0.58%
      0     0     4030.0597    39     4007.0146 UserPurge2: 1     9745    0.58%
      0     0     4030.0284    39     4007.0146 UserPurge2: 1     9769    0.57%
      0     0     4029.9816    40     4007.0146 UserPurge2: 1     9793    0.57%
      0     0     4029.9559    41     4007.0146 UserPurge2: 1     9817    0.57%
      0     0     4029.9369    41     4007.0146 UserPurge2: 1     9842    0.57%
      0     0     4029.9283    42     4007.0146 UserPurge2: 1     9870    0.57%
      0     0     4029.9186    42     4007.0146 UserPurge2: 1     9908    0.57%
      0     0     4029.9108    43     4007.0146 UserPurge2: 1     9933    0.57%
      0     0     4029.8917    43     4007.0146 UserPurge2: 1     9978    0.57%
      0     0     4029.8844    44     4007.0146 UserPurge2: 1     9993    0.57%
      0     0     4029.8395    41     4007.0146 UserPurge2: 1    10037    0.57%
      0     0     4029.8214    39     4007.0146 UserPurge2: 1    10064    0.57%
      0     0     4029.8103    40     4007.0146 UserPurge2: 1    10087    0.57%
      0     0     4029.8004    41     4007.0146 UserPurge2: 1    10104    0.57%
      0     0     4029.7769    42     4007.0146 UserPurge2: 1    10145    0.57%
      0     0     4029.7683    42     4007.0146 UserPurge2: 1    10171    0.57%
      0     0     4029.7563    43     4007.0146 UserPurge2: 1    10195    0.57%
      0     0     4029.7522    44     4007.0146 UserPurge2: 1    10213    0.57%
      0     0     4029.7443    45     4007.0146 UserPurge2: 1    10246    0.57%
      0     0     4029.7332    45     4007.0146 UserPurge2: 1    10280    0.57%
      0     0     4029.6781    41     4007.0146 UserPurge2: 1    10330    0.57%
      0     0     4029.6492    41     4007.0146 UserPurge2: 1    10346    0.56%
      0     0     4029.6305    42     4007.0146 UserPurge2: 1    10372    0.56%
      0     0     4029.5940    41     4007.0146 UserPurge2: 1    10395    0.56%
      0     0     4029.5656    41     4007.0146 UserPurge2: 1    10418    0.56%
      0     0     4029.5321    42     4007.0146 UserPurge2: 1    10451    0.56%
      0     0     4029.4928    42     4007.0146 UserPurge2: 1    10476    0.56%
      0     0     4029.4791    40     4007.0146 UserPurge2: 1    10493    0.56%
      0     0     4029.4545    40     4007.0146 UserPurge2: 1    10516    0.56%
      0     0     4029.4201    40     4007.0146 UserPurge2: 1    10543    0.56%
      0     0     4029.4009    40     4007.0146 UserPurge2: 1    10575    0.56%
      0     0     4029.3743    41     4007.0146 UserPurge2: 1    10616    0.56%
      0     0     4029.3595    41     4007.0146 UserPurge2: 1    10641    0.56%
      0     0     4029.3531    42     4007.0146 UserPurge2: 1    10663    0.56%
      0     0     4029.3299    43     4007.0146 UserPurge2: 1    10698    0.56%
      0     0     4029.2668    43     4007.0146 UserPurge2: 1    10741    0.56%
      0     0     4029.2330    42     4007.0146 UserPurge2: 1    10772    0.55%
      0     0     4029.2088    40     4007.0146 UserPurge2: 1    10810    0.55%
      0     0     4029.1603    41     4007.0146 UserPurge2: 1    10841    0.55%
      0     0     4029.1178    40     4007.0146 UserPurge2: 1    10877    0.55%
      0     0     4029.0993    39     4007.0146 UserPurge2: 1    10897    0.55%
      0     0     4029.0808    39     4007.0146 UserPurge2: 1    10918    0.55%
      0     0     4029.0765    40     4007.0146 UserPurge2: 1    10929    0.55%
      0     0     4029.0656    40     4007.0146 UserPurge2: 1    10948    0.55%
      0     0     4029.0521    40     4007.0146 UserPurge2: 1    10982    0.55%
      0     0     4029.0234    40     4007.0146 UserPurge2: 1    11015    0.55%
      0     0     4029.0175    41     4007.0146 UserPurge2: 1    11036    0.55%
      0     0     4028.9969    42     4007.0146 UserPurge2: 1    11072    0.55%
      0     0     4028.9810    43     4007.0146 UserPurge2: 1    11095    0.55%
      0     0     4028.9676    44     4007.0146 UserPurge2: 1    11121    0.55%
      0     0     4028.9167    42     4007.0146 UserPurge2: 1    11161    0.55%
      0     0     4028.8620    39     4007.0146 UserPurge2: 1    11213    0.55%
      0     0     4028.8187    40     4007.0146 UserPurge2: 1    11233    0.54%
      0     0     4028.7968    40     4007.0146 UserPurge2: 1    11259    0.54%
      0     0     4028.7805    41     4007.0146 UserPurge2: 1    11274    0.54%
      0     0     4028.7557    41     4007.0146 UserPurge2: 1    11306    0.54%
      0     0     4028.7226    42     4007.0146 UserPurge2: 1    11324    0.54%
      0     0     4028.7059    43     4007.0146 UserPurge2: 1    11338    0.54%
      0     0     4028.6923    44     4007.0146 UserPurge2: 1    11368    0.54%
      0     0     4028.6832    43     4007.0146 UserPurge2: 1    11392    0.54%
      0     0     4028.6618    43     4007.0146 UserPurge2: 1    11414    0.54%
      0     0     4028.6205    42     4007.0146 UserPurge2: 1    11448    0.54%
      0     0     4028.5891    41     4007.0146 UserPurge2: 1    11473    0.54%
      0     0     4028.5689    39     4007.0146 UserPurge2: 1    11502    0.54%
      0     0     4028.5482    40     4007.0146 UserPurge2: 1    11530    0.54%
      0     0     4028.5363    41     4007.0146 UserPurge2: 1    11553    0.54%
      0     0     4028.5218    42     4007.0146 UserPurge2: 1    11571    0.54%
*     0+    0                         4014.6290     4028.5218             0.35%
      0     0     4028.5087    43     4014.6290 UserPurge2: 1    11594    0.35%
      0     0     4028.4755    42     4014.6290 UserPurge2: 1    11624    0.34%
      0     0     4028.4362    43     4014.6290 UserPurge2: 1    11653    0.34%
      0     0     4028.4237    43     4014.6290 UserPurge2: 1    11675    0.34%
      0     0     4028.3868    42     4014.6290 UserPurge2: 1    11715    0.34%
      0     0     4028.3652    42     4014.6290 UserPurge2: 1    11740    0.34%
      0     0     4028.3587    43     4014.6290 UserPurge2: 1    11757    0.34%
      0     0     4028.3476    43     4014.6290 UserPurge2: 1    11785    0.34%
      0     0     4028.3346    44     4014.6290 UserPurge2: 1    11825    0.34%
      0     0     4028.3273    45     4014.6290 UserPurge2: 1    11838    0.34%
      0     0     4028.3067    44     4014.6290 UserPurge2: 1    11870    0.34%
      0     0     4028.2848    44     4014.6290 UserPurge2: 1    11901    0.34%
      0     0     4028.2793    45     4014.6290 UserPurge2: 1    11926    0.34%
      0     0     4028.2707    45     4014.6290 UserPurge2: 1    11958    0.34%
      0     0     4028.2485    46     4014.6290 UserPurge2: 1    11992    0.34%
      0     0     4028.2360    46     4014.6290 UserPurge2: 1    12028    0.34%
      0     0     4028.2307    47     4014.6290 UserPurge2: 1    12050    0.34%
      0     0     4028.2218    48     4014.6290 UserPurge2: 1    12081    0.34%
      0     0     4028.2078    48     4014.6290 UserPurge2: 1    12110    0.34%
      0     0     4028.1707    47     4014.6290 UserPurge2: 1    12156    0.34%
      0     0     4028.1342    47     4014.6290 UserPurge2: 1    12201    0.34%
      0     0     4028.1262    48     4014.6290 UserPurge2: 1    12224    0.34%
      0     0     4028.1177    49     4014.6290 UserPurge2: 1    12251    0.34%
      0     0     4028.1024    48     4014.6290 UserPurge2: 1    12289    0.34%
      0     0     4028.0694    46     4014.6290 UserPurge2: 1    12339    0.33%
      0     0     4028.0420    46     4014.6290 UserPurge2: 1    12370    0.33%
      0     0     4028.0193    46     4014.6290 UserPurge2: 1    12409    0.33%
      0     0     4028.0068    47     4014.6290 UserPurge2: 1    12442    0.33%
      0     0     4027.9833    47     4014.6290 UserPurge2: 1    12471    0.33%
      0     0     4027.9618    48     4014.6290 UserPurge2: 1    12508    0.33%
      0     0     4027.9133    45     4014.6290 UserPurge2: 1    12552    0.33%
      0     0     4027.8572    46     4014.6290 UserPurge2: 1    12595    0.33%
      0     0     4027.8221    45     4014.6290 UserPurge2: 1    12630    0.33%
      0     0     4027.8006    45     4014.6290 UserPurge2: 1    12667    0.33%
      0     0     4027.7493    44     4014.6290 UserPurge2: 1    12703    0.33%
      0     0     4027.7215    44     4014.6290 UserPurge2: 1    12737    0.33%
      0     0     4027.7128    45     4014.6290 UserPurge2: 1    12752    0.33%
      0     0     4027.7017    46     4014.6290 UserPurge2: 1    12776    0.33%
      0     0     4027.6862    47     4014.6290 UserPurge2: 1    12799    0.33%
      0     0     4027.6656    47     4014.6290 UserPurge2: 1    12828    0.32%
      0     0     4027.6284    46     4014.6290 UserPurge2: 1    12869    0.32%
      0     0     4027.6136    46     4014.6290 UserPurge2: 1    12885    0.32%
      0     0     4027.5922    46     4014.6290 UserPurge2: 1    12922    0.32%
      0     0     4027.5689    47     4014.6290 UserPurge2: 1    12962    0.32%
      0     0     4027.5258    44     4014.6290 UserPurge2: 1    12994    0.32%
      0     0     4027.4895    42     4014.6290 UserPurge2: 1    13036    0.32%
      0     0     4027.4723    42     4014.6290 UserPurge2: 1    13068    0.32%
      0     0     4027.4594    43     4014.6290 UserPurge2: 1    13093    0.32%
      0     0     4027.4521    44     4014.6290 UserPurge2: 1    13108    0.32%
      0     0     4027.4265    45     4014.6290 UserPurge2: 1    13144    0.32%
      0     0     4027.4102    45     4014.6290 UserPurge2: 1    13171    0.32%
      0     0     4027.4025    46     4014.6290 UserPurge2: 1    13195    0.32%
      0     0     4027.3849    45     4014.6290 UserPurge2: 1    13225    0.32%
      0     0     4027.3816    46     4014.6290 UserPurge2: 1    13245    0.32%
      0     0     4027.3714    46     4014.6290 UserPurge2: 1    13285    0.32%
      0     0     4027.3641    47     4014.6290 UserPurge2: 1    13310    0.32%
      0     0     4027.3589    47     4014.6290 UserPurge2: 1    13340    0.32%
      0     0     4027.3506    47     4014.6290 UserPurge2: 1    13377    0.32%
      0     0     4027.3418    47     4014.6290 UserPurge2: 1    13409    0.32%
      0     0     4027.3402    48     4014.6290 UserPurge2: 1    13433    0.32%
      0     0     4027.3373    49     4014.6290 UserPurge2: 1    13451    0.32%
      0     0     4027.3269    50     4014.6290 UserPurge2: 1    13487    0.32%
      0     0     4027.3139    49     4014.6290 UserPurge2: 1    13521    0.32%
      0     0     4027.3054    48     4014.6290 UserPurge2: 1    13555    0.32%
      0     0     4027.3010    48     4014.6290 UserPurge2: 1    13573    0.32%
      0     0     4027.2931    49     4014.6290 UserPurge2: 1    13608    0.32%
      0     0     4027.2792    49     4014.6290 UserPurge2: 1    13647    0.32%
      0     0     4027.2546    46     4014.6290 UserPurge2: 1    13699    0.31%
      0     0     4027.2412    47     4014.6290 UserPurge2: 1    13732    0.31%
      0     0     4027.2304    47     4014.6290 UserPurge2: 1    13758    0.31%
      0     0     4027.2186    47     4014.6290 UserPurge2: 1    13785    0.31%
      0     0     4027.2047    47     4014.6290 UserPurge2: 1    13824    0.31%
      0     0     4027.1759    45     4014.6290 UserPurge2: 1    13874    0.31%
      0     0     4027.1696    46     4014.6290 UserPurge2: 1    13895    0.31%
      0     0     4027.1622    46     4014.6290 UserPurge2: 1    13917    0.31%
      0     0     4027.1490    47     4014.6290 UserPurge2: 1    13958    0.31%
      0     0     4027.1414    47     4014.6290 UserPurge2: 1    13993    0.31%
      0     0     4027.1358    48     4014.6290 UserPurge2: 1    14018    0.31%
      0     0     4027.1285    49     4014.6290 UserPurge2: 1    14040    0.31%
      0     0     4027.1080    48     4014.6290 UserPurge2: 1    14103    0.31%
      0     0     4027.0820    48     4014.6290 UserPurge2: 1    14142    0.31%
      0     0     4027.0544    47     4014.6290 UserPurge2: 1    14173    0.31%
      0     0     4027.0320    48     4014.6290 UserPurge2: 1    14214    0.31%
      0     0     4027.0267    49     4014.6290 UserPurge2: 1    14236    0.31%
      0     0     4027.0219    48     4014.6290 UserPurge2: 1    14257    0.31%
      0     0     4027.0149    47     4014.6290 UserPurge2: 1    14278    0.31%
      0     0     4026.9975    48     4014.6290 UserPurge2: 1    14319    0.31%
      0     0     4026.9714    47     4014.6290 UserPurge2: 1    14355    0.31%
      0     0     4026.9654    48     4014.6290 UserPurge2: 1    14375    0.31%
      0     0     4026.9529    49     4014.6290 UserPurge2: 1    14396    0.31%
      0     0     4026.9448    49     4014.6290 UserPurge2: 1    14434    0.31%
      0     0     4026.9322    50     4014.6290 UserPurge2: 1    14477    0.31%
      0     0     4026.9155    49     4014.6290 UserPurge2: 1    14511    0.31%
      0     0     4026.8936    48     4014.6290 UserPurge2: 1    14550    0.31%
      0     0     4026.8816    49     4014.6290 UserPurge2: 1    14577    0.31%
      0     0     4026.8716    49     4014.6290 UserPurge2: 1    14610    0.30%
      0     0     4026.8655    49     4014.6290 UserPurge2: 1    14645    0.30%
*     0+    0                         4015.0285     4026.8655             0.29%
      0     0     4026.8582    49     4015.0285 UserPurge2: 1    14668    0.29%
      0     0     4026.8523    50     4015.0285 UserPurge2: 1    14701    0.29%
      0     0     4026.8439    51     4015.0285 UserPurge2: 1    14727    0.29%
      0     0     4026.8406    52     4015.0285 UserPurge2: 1    14757    0.29%
      0     0     4026.8240    51     4015.0285 UserPurge2: 1    14798    0.29%
      0     0     4026.8053    51     4015.0285 UserPurge2: 1    14829    0.29%
      0     0     4026.7960    51     4015.0285 UserPurge2: 1    14862    0.29%
      0     0     4026.7833    52     4015.0285 UserPurge2: 1    14888    0.29%
      0     0     4026.7607    51     4015.0285 UserPurge2: 1    14936    0.29%
      0     0     4026.7360    52     4015.0285 UserPurge2: 1    14986    0.29%
      0     0     4026.7223    51     4015.0285 UserPurge2: 1    15017    0.29%
      0     0     4026.7057    51     4015.0285 UserPurge2: 1    15049    0.29%
      0     0     4026.6695    46     4015.0285 UserPurge2: 1    15121    0.29%
      0     0     4026.6484    47     4015.0285 UserPurge2: 1    15149    0.29%
      0     0     4026.6225    46     4015.0285 UserPurge2: 1    15188    0.29%
      0     2     4026.6225    46     4015.0285     4026.6219    15188    0.29%
Elapsed time = 237.07 sec. (7913.19 ticks, tree = 0.01 MB, solutions = 10)
      1     3     4020.2954    38     4015.0285     4026.6213   138864    0.29%
      2     4     4019.1393    34     4015.0285     4020.2954   209909    0.13%
      3     5     4018.9514    28     4015.0285     4020.2954   238839    0.13%
      4     6     4018.9281    30     4015.0285     4020.2954   250113    0.13%
      5     7     4018.4481    23     4015.0285     4020.2954   273033    0.13%
      6     8     4018.4009    24     4015.0285     4020.2954   285094    0.13%
      7     9     4017.7182    10     4015.0285     4020.2954   288423    0.13%
      8    10     4017.6964    11     4015.0285     4020.2954   288757    0.13%
      9     9        cutoff           4015.0285     4020.2954   289415    0.13%
*    10+    8                         4015.2470     4020.2954             0.13%
     10    10     4017.6806    10     4015.2470     4020.2954   289667    0.13%
Elapsed time = 2631.46 sec. (1448345.45 ticks, tree = 0.80 MB, solutions = 11)
     11    11     4017.5106    14     4015.2470     4020.2954   292887    0.13%
     12    10        cutoff           4015.2470     4020.2954   293268    0.13%
     13    11     4017.4192    14     4015.2470     4020.2954   294566    0.13%
     14    12     4016.2339     8     4015.2470     4020.2954   295327    0.13%
     15    13     4016.2045     6     4015.2470     4020.2954   295627    0.13%
     16    14     4016.1983     6     4015.2470     4020.2954   295725    0.13%
     17    15     4015.4507     4     4015.2470     4020.2954   296474    0.13%
     18    14        cutoff           4015.2470     4020.2954   296758    0.13%
*    20+    2                         4019.0545     4020.2954             0.03%
     20     4     4019.9063    19     4019.0545     4020.2954   305932    0.03%
     21     5     4019.7493    18     4019.0545     4020.2954   311048    0.03%
Elapsed time = 3102.20 sec. (1662435.71 ticks, tree = 0.30 MB, solutions = 12)
     22     6     4019.6849     8     4019.0545     4020.2954   315377    0.03%
     23     7     4019.6224    18     4019.0545     4020.2954   319413    0.03%
     24     6        cutoff           4019.0545     4020.2954   319888    0.03%
     25     7     4019.5256    17     4019.0545     4020.2954   325388    0.03%
     26     8     4019.4220    18     4019.0545     4020.2954   332451    0.03%
     27     7        cutoff           4019.0545     4020.2954   333141    0.03%
     28     8     4019.3775    18     4019.0545     4020.2954   338015    0.03%
     29     9     4019.0566    13     4019.0545     4020.2954   342995    0.03%
     32     8     4020.1240    41     4019.0545     4020.1240   383494    0.03%
     33     9     4019.9917    37     4019.0545     4020.1240   413400    0.03%
Elapsed time = 4904.58 sec. (2821361.12 ticks, tree = 1.02 MB, solutions = 12)
     34    10     4019.9130    39     4019.0545     4020.1240   443412    0.03%
     35    11     4019.6621    47     4019.0545     4020.1240   515687    0.03%
Advanced basis not built.

User cuts applied:  29682

Root node processing (before b&c):
  Real time             =  237.12 sec. (7998.14 ticks)
Sequential b&c:
  Real time             = 6963.47 sec. (4380118.41 ticks)
                          ------------
Total (root+branch&cut) = 7200.60 sec. (4388116.55 ticks)
@Parameters: 
is_S_cut                                true
is_add_all_yinF                         true
is_start_value                          true
is_usercut                              true
is_visualization                        false
uc_only_rootnode                        false

data                                    Qi
fn                                      data/Qi/instance_1000_1000.csv
mode                                    NewSubmodular
solver                                  cplex

p                                       10
r                                       2

EPS                                     1.0e-06
EPS_vio                                 1.0e-04
beta                                    0.10
gap                                     0.00
nodelimit                               Inf
timelimit                               7200.00


@PrintInfos
ItCnt: 546388
Current gap: 0.03 %
Termination Status: TIME_LIMIT
Primal Status: FEASIBLE_POINT
Solve Time: 7200.60 sec
Objective Value: 4019.054526
Number of Nodes:     36

CutInfo: [phase] num / time (sec) 
ZLP             [phase1]     0 / 0.00 [rLC]     0 / 0.00 [rUC]     0 / 0.00 [sLC]     0 / 0.00 [sUC]     0 / 0.00 
OldSubmodular   [phase1]     0 / 0.00 [rLC]     0 / 0.00 [rUC]     0 / 0.00 [sLC]     0 / 0.00 [sUC]     0 / 0.00 
NewSubmodular   [phase1]     0 / 0.00 [rLC]   881 / 106.01 [rUC]  3809 / 118.43 [sLC]     0 / 9.13 [sUC] 29624 / 1720.39 
PMP             [phase1]     0 / 0.00 [rLC]    20 / 88.76 [rUC]     0 / 0.00 [sLC]     2 / 9.10 [sUC]    58 / 284.18 
Separation Round: [phase1] 0  [rLC] 221  [rUC] 539  [sLC] 2  [sUC] 6432
Root Best Bound 4020.295377
Root Best Integer: 4015.028482
Best Bound: 4020.124009
Best Integer: 4019.054526

