Version identifier: 20.1.0.0 | 2020-11-10 | 9bedb6d68
CPXPARAM_Threads                                 1
CPXPARAM_TimeLimit                               7200
CPXPARAM_MIP_Tolerances_MIPGap                   0
Generic callback                                 0x60
1 of 1 MIP starts provided solutions.
MIP start 'm1' defined initial solution with objective 1591.7508.
Tried aggregator 1 time.
Reduced MIP has 1 rows, 501 columns, and 500 nonzeros.
Reduced MIP has 500 binaries, 0 generals, 0 SOSs, and 0 indicators.
Presolve time = 0.00 sec. (0.15 ticks)
Probing time = 0.00 sec. (0.05 ticks)
Tried aggregator 1 time.
Reduced MIP has 1 rows, 501 columns, and 500 nonzeros.
Reduced MIP has 500 binaries, 0 generals, 0 SOSs, and 0 indicators.
Presolve time = 0.00 sec. (0.15 ticks)
Probing time = 0.00 sec. (0.05 ticks)
MIP emphasis: balance optimality and feasibility.
MIP search method: dynamic search.
Parallel mode: none, using 1 thread.
Root relaxation solution time = 0.00 sec. (0.10 ticks)

        Nodes                                         Cuts/
   Node  Left     Objective  IInf  Best Integer    Best Bound    ItCnt     Gap

*     0+    0                         1591.7508     2716.0000            70.63%
      0     0     2257.7109     2     1591.7508     2716.0000        0   70.63%
      0     0     2068.0306     3     1591.7508 UserPurge2: 1        9   29.92%
      0     0     1836.0977     4     1591.7508 UserPurge2: 1       27   15.35%
      0     0     1773.3259     5     1591.7508 UserPurge2: 1       34   11.41%
      0     0     1742.0196     6     1591.7508 UserPurge2: 1       43    9.44%
      0     0     1728.9039     7     1591.7508 UserPurge2: 1       55    8.62%
      0     0     1724.9819     9     1591.7508 UserPurge2: 1       68    8.37%
      0     0     1710.2326     9     1591.7508 UserPurge2: 1       95    7.44%
      0     0     1702.5156    11     1591.7508 UserPurge2: 1      112    6.96%
      0     0     1695.6816    12     1591.7508 UserPurge2: 1      138    6.53%
      0     0     1691.5939    13     1591.7508 UserPurge2: 1      156    6.27%
      0     0     1683.7548    13     1591.7508 UserPurge2: 1      172    5.78%
      0     0     1681.4228    14     1591.7508 UserPurge2: 1      186    5.63%
      0     0     1680.2869    16     1591.7508 UserPurge1: 1      199    5.56%
      0     0     1678.8903    16     1591.7508 UserPurge2: 1      226    5.47%
      0     0     1677.6043    17     1591.7508 UserPurge2: 1      242    5.39%
      0     0     1676.1306    17     1591.7508 UserPurge2: 1      265    5.30%
      0     0     1670.4715    15     1591.7508 UserPurge2: 1      318    4.95%
      0     0     1667.8882    14     1591.7508 UserPurge1: 1      322    4.78%
      0     0     1666.7664    17     1591.7508 UserPurge1: 4      333    4.71%
      0     0     1666.4434    17     1591.7508 UserPurge1: 1      336    4.69%
      0     0     1665.6667    18     1591.7508 UserPurge2: 1      361    4.64%
      0     0     1662.3029    19     1591.7508 UserPurge2: 1      396    4.43%
      0     0     1657.6065    17     1591.7508 UserPurge2: 1      447    4.14%
      0     0     1655.0200    16     1591.7508 UserPurge2: 1      472    3.97%
      0     0     1654.0001    16     1591.7508 UserPurge2: 1      491    3.91%
      0     0     1653.6837    17     1591.7508 UserPurge2: 1      511    3.89%
      0     0     1651.9826    17     1591.7508 UserPurge2: 1      528    3.78%
      0     0     1651.2528    18     1591.7508 UserPurge2: 1      547    3.74%
      0     0     1649.1024    15     1591.7508 UserPurge2: 1      571    3.60%
      0     0     1647.5949    16     1591.7508 UserPurge2: 1      597    3.51%
      0     0     1645.9369    14     1591.7508 UserPurge2: 1      632    3.40%
      0     0     1643.9496    15     1591.7508 UserPurge2: 1      650    3.28%
      0     0     1643.5077    17     1591.7508 UserPurge2: 1      668    3.25%
      0     0     1641.3842    15     1591.7508 UserPurge2: 1      701    3.12%
      0     0     1640.2235    15     1591.7508 UserPurge2: 1      723    3.05%
      0     0     1639.4458    16     1591.7508 UserPurge2: 1      745    3.00%
      0     0     1638.8790    16     1591.7508 UserPurge2: 1      763    2.96%
      0     0     1638.3037    17     1591.7508 UserPurge2: 1      775    2.92%
      0     0     1637.8921    18     1591.7508 UserPurge2: 1      793    2.90%
      0     0     1636.6973    16     1591.7508 UserPurge2: 1      820    2.82%
      0     0     1636.1857    17     1591.7508 UserPurge2: 1      839    2.79%
      0     0     1635.9031    18     1591.7508 UserPurge2: 1      855    2.77%
      0     0     1635.2500    18     1591.7508 UserPurge2: 1      881    2.73%
      0     0     1634.6046    20     1591.7508 UserPurge2: 1      916    2.69%
      0     0     1634.0633    20     1591.7508 UserPurge2: 1      942    2.66%
      0     0     1632.9367    19     1591.7508 UserPurge2: 1      984    2.59%
      0     0     1631.9934    18     1591.7508 UserPurge2: 1     1010    2.53%
      0     0     1630.9849    19     1591.7508 UserPurge2: 1     1030    2.46%
      0     0     1630.5172    19     1591.7508 UserPurge2: 1     1043    2.44%
      0     0     1630.0550    19     1591.7508 UserPurge2: 1     1059    2.41%
      0     0     1629.4864    19     1591.7508 UserPurge2: 1     1072    2.37%
      0     0     1628.6290    19     1591.7508 UserPurge2: 1     1100    2.32%
      0     0     1628.1458    20     1591.7508 UserPurge2: 1     1118    2.29%
      0     0     1627.8335    21     1591.7508 UserPurge2: 1     1137    2.27%
      0     0     1627.5233    22     1591.7508 UserPurge2: 1     1159    2.25%
      0     0     1626.5595    21     1591.7508 UserPurge2: 1     1204    2.19%
      0     0     1625.8792    21     1591.7508 UserPurge2: 1     1223    2.14%
      0     0     1624.9706    21     1591.7508 UserPurge2: 1     1251    2.09%
      0     0     1624.2013    22     1591.7508 UserPurge2: 1     1284    2.04%
      0     0     1623.5646    21     1591.7508 UserPurge2: 1     1309    2.00%
      0     0     1622.7230    20     1591.7508 UserPurge2: 1     1331    1.95%
      0     0     1622.4627    19     1591.7508 UserPurge2: 1     1353    1.93%
      0     0     1622.2028    19     1591.7508 UserPurge2: 1     1379    1.91%
      0     0     1621.8820    20     1591.7508 UserPurge2: 1     1401    1.89%
      0     0     1621.7371    21     1591.7508 UserPurge2: 1     1411    1.88%
      0     0     1621.6362    22     1591.7508 UserPurge2: 1     1426    1.88%
      0     0     1621.5360    23     1591.7508 UserPurge2: 1     1441    1.87%
      0     0     1621.1669    22     1591.7508 UserPurge2: 1     1467    1.85%
      0     0     1620.9338    23     1591.7508 UserPurge2: 1     1485    1.83%
      0     0     1620.7688    24     1591.7508 UserPurge2: 1     1505    1.82%
      0     0     1620.5721    23     1591.7508 UserPurge2: 1     1530    1.81%
      0     0     1620.4630    24     1591.7508 UserPurge2: 1     1549    1.80%
      0     0     1620.2056    24     1591.7508 UserPurge2: 1     1585    1.79%
      0     0     1619.8954    25     1591.7508 UserPurge2: 1     1619    1.77%
      0     0     1619.5749    23     1591.7508 UserPurge2: 1     1635    1.75%
      0     0     1619.2593    24     1591.7508 UserPurge2: 1     1674    1.73%
      0     0     1619.1016    24     1591.7508 UserPurge2: 1     1692    1.72%
      0     0     1618.7515    25     1591.7508 UserPurge2: 1     1720    1.70%
      0     0     1618.2909    22     1591.7508 UserPurge2: 1     1750    1.67%
      0     0     1618.0435    22     1591.7508 UserPurge2: 1     1766    1.65%
      0     0     1617.7328    23     1591.7508 UserPurge2: 1     1799    1.63%
      0     0     1617.6399    24     1591.7508 UserPurge2: 1     1819    1.63%
      0     0     1617.4604    25     1591.7508 UserPurge2: 1     1837    1.62%
      0     0     1617.0580    24     1591.7508 UserPurge2: 1     1852    1.59%
      0     0     1616.6066    24     1591.7508 UserPurge2: 1     1879    1.56%
      0     0     1616.3161    23     1591.7508 UserPurge2: 1     1917    1.54%
      0     0     1615.9472    22     1591.7508 UserPurge2: 1     1937    1.52%
      0     0     1615.4996    23     1591.7508 UserPurge2: 1     1962    1.49%
      0     0     1615.3266    23     1591.7508 UserPurge2: 1     1986    1.48%
      0     0     1615.1530    22     1591.7508 UserPurge2: 1     1997    1.47%
      0     0     1615.0859    22     1591.7508 UserPurge2: 1     2012    1.47%
      0     0     1614.9359    23     1591.7508 UserPurge2: 1     2035    1.46%
      0     0     1614.7922    23     1591.7508 UserPurge2: 1     2054    1.45%
      0     0     1614.6326    24     1591.7508 UserPurge2: 1     2070    1.44%
      0     0     1614.4943    25     1591.7508 UserPurge2: 1     2093    1.43%
      0     0     1614.3591    25     1591.7508 UserPurge2: 1     2119    1.42%
      0     0     1614.3118    25     1591.7508 UserPurge2: 1     2133    1.42%
      0     0     1614.2605    26     1591.7508 UserPurge2: 1     2148    1.41%
      0     0     1614.0805    25     1591.7508 UserPurge2: 1     2177    1.40%
      0     0     1613.9616    25     1591.7508 UserPurge2: 1     2193    1.40%
      0     0     1613.9136    26     1591.7508 UserPurge2: 1     2212    1.39%
      0     0     1613.6567    26     1591.7508 UserPurge2: 1     2240    1.38%
      0     0     1613.3766    25     1591.7508 UserPurge2: 1     2265    1.36%
      0     0     1613.1718    24     1591.7508 UserPurge2: 1     2280    1.35%
      0     0     1612.9114    25     1591.7508 UserPurge2: 1     2298    1.33%
      0     0     1612.8133    24     1591.7508 UserPurge2: 1     2313    1.32%
      0     0     1612.6521    24     1591.7508 UserPurge2: 1     2342    1.31%
      0     0     1612.4739    25     1591.7508 UserPurge2: 1     2362    1.30%
      0     0     1612.4301    26     1591.7508 UserPurge2: 1     2372    1.30%
      0     0     1612.3852    27     1591.7508 UserPurge2: 1     2388    1.30%
      0     0     1612.2551    27     1591.7508 UserPurge2: 1     2416    1.29%
      0     0     1612.0736    28     1591.7508 UserPurge2: 1     2434    1.28%
      0     0     1611.7136    27     1591.7508 UserPurge2: 1     2463    1.25%
      0     0     1611.4001    26     1591.7508 UserPurge2: 1     2487    1.23%
      0     0     1610.8189    24     1591.7508 UserPurge2: 1     2527    1.20%
      0     0     1610.6988    25     1591.7508 UserPurge2: 1     2546    1.19%
      0     0     1610.4689    25     1591.7508 UserPurge2: 1     2575    1.18%
      0     0     1610.3274    24     1591.7508 UserPurge2: 1     2595    1.17%
      0     0     1610.2745    25     1591.7508 UserPurge2: 1     2605    1.16%
      0     0     1610.2332    26     1591.7508 UserPurge2: 1     2618    1.16%
      0     0     1610.0929    26     1591.7508 UserPurge2: 1     2640    1.15%
      0     0     1610.0210    26     1591.7508 UserPurge2: 1     2648    1.15%
      0     0     1609.8878    25     1591.7508 UserPurge2: 1     2669    1.14%
      0     0     1609.7072    26     1591.7508 UserPurge2: 1     2683    1.13%
      0     0     1609.6329    27     1591.7508 UserPurge2: 1     2697    1.12%
      0     0     1609.5350    26     1591.7508 UserPurge2: 1     2711    1.12%
      0     0     1609.4768    27     1591.7508 UserPurge2: 1     2720    1.11%
      0     0     1609.2408    26     1591.7508 UserPurge2: 1     2752    1.10%
      0     0     1609.1770    25     1591.7508 UserPurge2: 1     2769    1.09%
      0     0     1609.0829    25     1591.7508 UserPurge2: 1     2787    1.09%
      0     0     1608.9957    26     1591.7508 UserPurge2: 1     2805    1.08%
      0     0     1608.9196    26     1591.7508 UserPurge2: 1     2815    1.08%
      0     0     1608.8291    27     1591.7508 UserPurge2: 1     2828    1.07%
      0     0     1608.7544    27     1591.7508 UserPurge2: 1     2842    1.07%
      0     0     1608.6619    27     1591.7508 UserPurge2: 1     2862    1.06%
      0     0     1608.3979    27     1591.7508 UserPurge2: 1     2886    1.05%
      0     0     1608.1783    26     1591.7508 UserPurge2: 1     2918    1.03%
      0     0     1608.1068    26     1591.7508 UserPurge2: 1     2929    1.03%
      0     0     1608.0213    26     1591.7508 UserPurge2: 1     2948    1.02%
      0     0     1607.9647    27     1591.7508 UserPurge2: 1     2962    1.02%
      0     0     1607.9186    27     1591.7508 UserPurge2: 1     2985    1.02%
      0     0     1607.8487    28     1591.7508 UserPurge2: 1     3007    1.01%
      0     0     1607.7155    28     1591.7508 UserPurge2: 1     3029    1.00%
      0     0     1607.6806    28     1591.7508 UserPurge2: 1     3043    1.00%
      0     0     1607.6231    29     1591.7508 UserPurge2: 1     3063    1.00%
      0     0     1607.4905    27     1591.7508 UserPurge2: 1     3087    0.99%
      0     0     1607.3865    27     1591.7508 UserPurge2: 1     3106    0.98%
      0     0     1607.1858    28     1591.7508 UserPurge2: 1     3130    0.97%
      0     0     1607.1277    26     1591.7508 UserPurge2: 1     3152    0.97%
      0     0     1606.9521    26     1591.7508 UserPurge2: 1     3182    0.96%
      0     0     1606.8554    27     1591.7508 UserPurge2: 1     3200    0.95%
      0     0     1606.8453    28     1591.7508 UserPurge2: 1     3215    0.95%
      0     0     1606.7977    28     1591.7508 UserPurge2: 1     3239    0.95%
      0     0     1606.7418    27     1591.7508 UserPurge2: 1     3258    0.94%
      0     0     1606.7077    28     1591.7508 UserPurge2: 1     3280    0.94%
      0     0     1606.6935    28     1591.7508 UserPurge2: 1     3292    0.94%
      0     0     1606.6400    29     1591.7508 UserPurge2: 1     3314    0.94%
      0     0     1606.6203    30     1591.7508 UserPurge2: 1     3330    0.93%
      0     0     1606.5760    30     1591.7508 UserPurge2: 1     3349    0.93%
      0     0     1606.5318    30     1591.7508 UserPurge2: 1     3367    0.93%
      0     0     1606.4960    31     1591.7508 UserPurge2: 1     3385    0.93%
      0     0     1606.4435    29     1591.7508 UserPurge2: 1     3411    0.92%
      0     0     1606.3448    29     1591.7508 UserPurge2: 1     3434    0.92%
      0     0     1606.2919    30     1591.7508 UserPurge2: 1     3456    0.91%
      0     0     1606.2342    29     1591.7508 UserPurge2: 1     3479    0.91%
      0     0     1606.1610    29     1591.7508 UserPurge2: 1     3509    0.91%
      0     0     1606.1379    29     1591.7508 UserPurge2: 1     3525    0.90%
      0     0     1606.0490    28     1591.7508 UserPurge2: 1     3556    0.90%
      0     0     1605.9841    29     1591.7508 UserPurge2: 1     3575    0.89%
      0     0     1605.9293    30     1591.7508 UserPurge2: 1     3597    0.89%
      0     0     1605.8211    30     1591.7508 UserPurge2: 1     3620    0.88%
      0     0     1605.7486    28     1591.7508 UserPurge2: 1     3642    0.88%
      0     0     1605.6931    29     1591.7508 UserPurge2: 1     3656    0.88%
      0     0     1605.6768    30     1591.7508 UserPurge2: 1     3666    0.87%
      0     0     1605.6552    30     1591.7508 UserPurge2: 1     3681    0.87%
      0     0     1605.6452    31     1591.7508 UserPurge2: 1     3696    0.87%
      0     0     1605.5551    29     1591.7508 UserPurge2: 1     3713    0.87%
      0     0     1605.4716    28     1591.7508 UserPurge2: 1     3733    0.86%
      0     0     1605.4393    29     1591.7508 UserPurge2: 1     3753    0.86%
      0     0     1605.4168    30     1591.7508 UserPurge2: 1     3773    0.86%
      0     0     1605.3695    29     1591.7508 UserPurge2: 1     3795    0.86%
      0     0     1605.3270    30     1591.7508 UserPurge2: 1     3814    0.85%
      0     0     1605.2583    31     1591.7508 UserPurge2: 1     3832    0.85%
      0     0     1605.1821    30     1591.7508 UserPurge2: 1     3849    0.84%
      0     0     1605.1502    30     1591.7508 UserPurge2: 1     3866    0.84%
      0     0     1605.0846    28     1591.7508 UserPurge2: 1     3891    0.84%
      0     0     1605.0340    29     1591.7508 UserPurge2: 1     3908    0.83%
      0     0     1604.9775    29     1591.7508 UserPurge2: 1     3928    0.83%
      0     0     1604.9703    30     1591.7508 UserPurge2: 1     3934    0.83%
      0     0     1604.9152    30     1591.7508 UserPurge2: 1     3961    0.83%
      0     0     1604.8630    30     1591.7508 UserPurge2: 1     3986    0.82%
      0     0     1604.8057    29     1591.7508 UserPurge2: 1     4010    0.82%
      0     0     1604.7839    30     1591.7508 UserPurge2: 1     4021    0.82%
      0     0     1604.7250    31     1591.7508 UserPurge2: 1     4043    0.82%
      0     0     1604.7088    31     1591.7508 UserPurge2: 1     4057    0.81%
      0     0     1604.6059    32     1591.7508 UserPurge2: 1     4085    0.81%
      0     0     1604.4749    30     1591.7508 UserPurge2: 1     4124    0.80%
      0     0     1604.4124    30     1591.7508 UserPurge2: 1     4140    0.80%
      0     0     1604.3156    30     1591.7508 UserPurge2: 1     4167    0.79%
      0     0     1604.3033    31     1591.7508 UserPurge2: 1     4176    0.79%
      0     0     1604.2501    32     1591.7508 UserPurge2: 1     4223    0.79%
      0     0     1604.1762    30     1591.7508 UserPurge2: 1     4251    0.78%
      0     0     1604.1441    29     1591.7508 UserPurge2: 1     4264    0.78%
      0     0     1604.1172    30     1591.7508 UserPurge2: 1     4281    0.78%
      0     0     1604.0914    31     1591.7508 UserPurge2: 1     4301    0.78%
      0     0     1604.0656    32     1591.7508 UserPurge2: 1     4321    0.77%
      0     0     1604.0379    32     1591.7508 UserPurge2: 1     4350    0.77%
      0     0     1603.9912    32     1591.7508 UserPurge2: 1     4384    0.77%
      0     0     1603.9716    33     1591.7508 UserPurge2: 1     4407    0.77%
      0     0     1603.9424    33     1591.7508 UserPurge2: 1     4431    0.77%
      0     0     1603.9193    34     1591.7508 UserPurge2: 1     4452    0.76%
      0     0     1603.8886    34     1591.7508 UserPurge2: 1     4477    0.76%
      0     0     1603.8675    34     1591.7508 UserPurge2: 1     4506    0.76%
      0     0     1603.8425    33     1591.7508 UserPurge2: 1     4520    0.76%
      0     0     1603.8030    33     1591.7508 UserPurge2: 1     4541    0.76%
      0     0     1603.7528    33     1591.7508 UserPurge2: 1     4576    0.75%
      0     0     1603.6679    32     1591.7508 UserPurge2: 1     4608    0.75%
      0     0     1603.5991    31     1591.7508 UserPurge2: 1     4644    0.74%
      0     0     1603.5595    32     1591.7508 UserPurge2: 1     4663    0.74%
      0     0     1603.5316    31     1591.7508 UserPurge2: 1     4681    0.74%
      0     0     1603.5213    32     1591.7508 UserPurge2: 1     4694    0.74%
      0     0     1603.4180    29     1591.7508 UserPurge2: 1     4727    0.73%
      0     0     1603.3503    28     1591.7508 UserPurge2: 1     4743    0.73%
      0     0     1603.3029    27     1591.7508 UserPurge2: 1     4768    0.73%
      0     0     1603.2752    28     1591.7508 UserPurge2: 1     4783    0.72%
      0     0     1603.2594    29     1591.7508 UserPurge2: 1     4795    0.72%
      0     0     1603.2475    30     1591.7508 UserPurge2: 1     4806    0.72%
      0     0     1603.2245    31     1591.7508 UserPurge2: 1     4825    0.72%
      0     0     1603.2192    32     1591.7508 UserPurge2: 1     4832    0.72%
      0     0     1603.2012    33     1591.7508 UserPurge2: 1     4854    0.72%
      0     0     1603.1867    33     1591.7508 UserPurge2: 1     4877    0.72%
      0     0     1603.1573    34     1591.7508 UserPurge2: 1     4891    0.72%
      0     0     1603.1456    34     1591.7508 UserPurge2: 1     4906    0.72%
      0     0     1603.1160    33     1591.7508 UserPurge2: 1     4931    0.71%
      0     0     1603.0656    33     1591.7508 UserPurge2: 1     4963    0.71%
      0     0     1603.0624    34     1591.7508 UserPurge2: 1     4971    0.71%
      0     0     1603.0503    35     1591.7508 UserPurge2: 1     4991    0.71%
      0     0     1603.0224    35     1591.7508 UserPurge2: 1     5016    0.71%
      0     0     1602.9539    33     1591.7508 UserPurge2: 1     5041    0.70%
      0     0     1602.9361    33     1591.7508 UserPurge2: 1     5053    0.70%
      0     0     1602.9144    33     1591.7508 UserPurge2: 1     5072    0.70%
      0     0     1602.8879    34     1591.7508 UserPurge2: 1     5092    0.70%
      0     0     1602.8625    34     1591.7508 UserPurge2: 1     5116    0.70%
      0     0     1602.8550    33     1591.7508 UserPurge2: 1     5131    0.70%
      0     0     1602.8505    33     1591.7508 UserPurge2: 1     5144    0.70%
      0     0     1602.8418    34     1591.7508 UserPurge2: 1     5161    0.70%
      0     0     1602.8345    35     1591.7508 UserPurge2: 1     5183    0.70%
      0     0     1602.8316    36     1591.7508 UserPurge2: 1     5200    0.70%
      0     0     1602.8239    35     1591.7508 UserPurge2: 1     5227    0.70%
      0     0     1602.7892    36     1591.7508 UserPurge2: 1     5253    0.69%
      0     0     1602.6338    32     1591.7508 UserPurge2: 1     5308    0.68%
      0     0     1602.5425    30     1591.7508 UserPurge2: 1     5338    0.68%
      0     0     1602.5282    29     1591.7508 UserPurge2: 1     5353    0.68%
      0     0     1602.4935    30     1591.7508 UserPurge2: 1     5385    0.67%
      0     0     1602.4883    31     1591.7508 UserPurge2: 1     5395    0.67%
      0     0     1602.4763    32     1591.7508 UserPurge2: 1     5411    0.67%
      0     0     1602.4658    33     1591.7508 UserPurge2: 1     5420    0.67%
      0     0     1602.4513    34     1591.7508 UserPurge2: 1     5431    0.67%
      0     0     1602.4331    34     1591.7508 UserPurge2: 1     5445    0.67%
      0     0     1602.4040    33     1591.7508 UserPurge2: 1     5465    0.67%
      0     0     1602.3829    34     1591.7508 UserPurge2: 1     5480    0.67%
      0     0     1602.3730    34     1591.7508 UserPurge2: 1     5493    0.67%
      0     0     1602.3487    35     1591.7508 UserPurge2: 1     5515    0.67%
      0     0     1602.3374    36     1591.7508 UserPurge2: 1     5528    0.67%
      0     0     1602.2643    33     1591.7508 UserPurge2: 1     5565    0.66%
      0     0     1602.2294    32     1591.7508 UserPurge2: 1     5584    0.66%
      0     0     1602.1928    33     1591.7508 UserPurge2: 1     5602    0.66%
      0     0     1602.1663    32     1591.7508 UserPurge2: 1     5622    0.65%
      0     0     1602.1362    32     1591.7508 UserPurge2: 1     5644    0.65%
      0     0     1602.1277    33     1591.7508 UserPurge2: 1     5660    0.65%
      0     0     1602.0785    33     1591.7508 UserPurge2: 1     5690    0.65%
      0     0     1602.0611    34     1591.7508 UserPurge2: 1     5705    0.65%
      0     0     1602.0146    34     1591.7508 UserPurge2: 1     5722    0.64%
      0     0     1601.8973    33     1591.7508 UserPurge2: 1     5754    0.64%
      0     0     1601.8633    33     1591.7508 UserPurge2: 1     5764    0.64%
      0     0     1601.8604    33     1591.7508 UserPurge2: 1     5772    0.64%
      0     0     1601.8530    33     1591.7508 UserPurge2: 1     5782    0.63%
      0     0     1601.8454    34     1591.7508 UserPurge2: 1     5793    0.63%
      0     0     1601.8217    32     1591.7508 UserPurge2: 1     5815    0.63%
      0     0     1601.8111    32     1591.7508 UserPurge2: 1     5825    0.63%
      0     0     1601.7775    33     1591.7508 UserPurge2: 1     5840    0.63%
      0     0     1601.7475    32     1591.7508 UserPurge2: 1     5863    0.63%
      0     0     1601.7302    32     1591.7508 UserPurge2: 1     5875    0.63%
      0     0     1601.7204    33     1591.7508 UserPurge2: 1     5889    0.63%
      0     0     1601.7091    34     1591.7508 UserPurge2: 1     5906    0.63%
      0     0     1601.6988    35     1591.7508 UserPurge2: 1     5916    0.62%
      0     0     1601.6873    36     1591.7508 UserPurge2: 1     5933    0.62%
      0     0     1601.6488    36     1591.7508 UserPurge2: 1     5957    0.62%
      0     0     1601.6210    36     1591.7508 UserPurge2: 1     5974    0.62%
      0     0     1601.6108    35     1591.7508 UserPurge2: 1     5990    0.62%
      0     0     1601.5954    36     1591.7508 UserPurge2: 1     6013    0.62%
      0     0     1601.5751    35     1591.7508 UserPurge2: 1     6036    0.62%
      0     0     1601.5623    35     1591.7508 UserPurge2: 1     6057    0.62%
      0     0     1601.5577    35     1591.7508 UserPurge2: 1     6073    0.62%
      0     0     1601.5439    35     1591.7508 UserPurge2: 1     6093    0.62%
      0     0     1601.5360    36     1591.7508 UserPurge2: 1     6107    0.61%
      0     0     1601.5268    36     1591.7508 UserPurge2: 1     6126    0.61%
      0     0     1601.5081    36     1591.7508 UserPurge2: 1     6144    0.61%
      0     0     1601.4827    37     1591.7508 UserPurge2: 1     6166    0.61%
      0     0     1601.4610    37     1591.7508 UserPurge2: 1     6193    0.61%
      0     0     1601.4516    38     1591.7508 UserPurge2: 1     6208    0.61%
      0     0     1601.4183    37     1591.7508 UserPurge2: 1     6240    0.61%
      0     0     1601.3888    37     1591.7508 UserPurge2: 1     6281    0.61%
      0     0     1601.3651    37     1591.7508 UserPurge2: 1     6310    0.60%
      0     0     1601.3575    37     1591.7508 UserPurge2: 1     6326    0.60%
      0     0     1601.3480    38     1591.7508 UserPurge2: 1     6341    0.60%
      0     0     1601.3212    38     1591.7508 UserPurge2: 1     6379    0.60%
      0     0     1601.2950    38     1591.7508 UserPurge2: 1     6401    0.60%
      0     0     1601.2540    35     1591.7508 UserPurge2: 1     6440    0.60%
      0     0     1601.2380    36     1591.7508 UserPurge2: 1     6459    0.60%
      0     0     1601.2224    37     1591.7508 UserPurge2: 1     6484    0.60%
      0     0     1601.2109    38     1591.7508 UserPurge2: 1     6498    0.59%
      0     0     1601.1745    37     1591.7508 UserPurge2: 1     6528    0.59%
      0     0     1601.1652    37     1591.7508 UserPurge2: 1     6547    0.59%
      0     0     1601.1439    38     1591.7508 UserPurge2: 1     6575    0.59%
      0     0     1601.1291    37     1591.7508 UserPurge2: 1     6604    0.59%
      0     0     1601.1231    38     1591.7508 UserPurge2: 1     6615    0.59%
      0     0     1601.1157    39     1591.7508 UserPurge2: 1     6635    0.59%
      0     0     1601.1124    39     1591.7508 UserPurge2: 1     6649    0.59%
      0     0     1601.0982    39     1591.7508 UserPurge2: 1     6672    0.59%
      0     0     1601.0621    39     1591.7508 UserPurge2: 1     6711    0.58%
      0     0     1600.9857    37     1591.7508 UserPurge2: 1     6758    0.58%
      0     0     1600.9493    37     1591.7508 UserPurge2: 1     6788    0.58%
      0     0     1600.9167    37     1591.7508 UserPurge2: 1     6810    0.58%
      0     0     1600.8779    36     1591.7508 UserPurge2: 1     6833    0.57%
      0     0     1600.8576    37     1591.7508 UserPurge2: 1     6857    0.57%
      0     0     1600.8118    36     1591.7508 UserPurge2: 1     6878    0.57%
      0     0     1600.7747    37     1591.7508 UserPurge2: 1     6899    0.57%
      0     0     1600.7321    36     1591.7508 UserPurge2: 1     6926    0.56%
      0     0     1600.7187    37     1591.7508 UserPurge2: 1     6946    0.56%
      0     0     1600.7100    38     1591.7508 UserPurge2: 1     6963    0.56%
      0     0     1600.7004    39     1591.7508 UserPurge2: 1     6978    0.56%
      0     0     1600.6922    40     1591.7508 UserPurge2: 1     6992    0.56%
      0     0     1600.6840    41     1591.7508 UserPurge2: 1     7012    0.56%
      0     0     1600.6454    38     1591.7508 UserPurge2: 1     7049    0.56%
      0     0     1600.5698    36     1591.7508 UserPurge2: 1     7080    0.55%
      0     0     1600.5003    34     1591.7508 UserPurge2: 1     7111    0.55%
      0     0     1600.4709    33     1591.7508 UserPurge2: 1     7127    0.55%
      0     0     1600.4537    34     1591.7508 UserPurge2: 1     7141    0.55%
      0     0     1600.4418    35     1591.7508 UserPurge2: 1     7163    0.55%
      0     0     1600.4198    35     1591.7508 UserPurge2: 1     7183    0.54%
      0     0     1600.4007    36     1591.7508 UserPurge2: 1     7196    0.54%
      0     0     1600.3786    37     1591.7508 UserPurge2: 1     7227    0.54%
      0     0     1600.3528    35     1591.7508 UserPurge2: 1     7253    0.54%
      0     0     1600.3415    34     1591.7508 UserPurge2: 1     7273    0.54%
      0     0     1600.3292    34     1591.7508 UserPurge2: 1     7295    0.54%
      0     0     1600.3208    35     1591.7508 UserPurge2: 1     7317    0.54%
      0     0     1600.3149    36     1591.7508 UserPurge2: 1     7330    0.54%
      0     0     1600.3094    37     1591.7508 UserPurge2: 1     7345    0.54%
      0     0     1600.3009    38     1591.7508 UserPurge2: 1     7365    0.54%
      0     0     1600.2881    38     1591.7508 UserPurge2: 1     7389    0.54%
      0     0     1600.2779    39     1591.7508 UserPurge2: 1     7406    0.54%
      0     0     1600.2736    40     1591.7508 UserPurge2: 1     7420    0.54%
      0     0     1600.2580    40     1591.7508 UserPurge2: 1     7450    0.53%
      0     0     1600.2300    39     1591.7508 UserPurge2: 1     7472    0.53%
      0     0     1600.2180    39     1591.7508 UserPurge2: 1     7488    0.53%
      0     0     1600.2123    40     1591.7508 UserPurge2: 1     7506    0.53%
      0     0     1600.2029    40     1591.7508 UserPurge2: 1     7525    0.53%
      0     0     1600.1956    40     1591.7508 UserPurge2: 1     7547    0.53%
      0     0     1600.1779    39     1591.7508 UserPurge2: 1     7570    0.53%
      0     0     1600.1415    38     1591.7508 UserPurge2: 1     7596    0.53%
      0     0     1600.1109    38     1591.7508 UserPurge2: 1     7615    0.53%
      0     0     1600.0938    38     1591.7508 UserPurge2: 1     7639    0.52%
      0     0     1600.0608    37     1591.7508 UserPurge2: 1     7663    0.52%
      0     0     1600.0318    37     1591.7508 UserPurge2: 1     7677    0.52%
      0     0     1600.0212    38     1591.7508 UserPurge2: 1     7689    0.52%
      0     0     1600.0063    38     1591.7508 UserPurge2: 1     7711    0.52%
      0     0     1599.9852    37     1591.7508 UserPurge2: 1     7739    0.52%
      0     0     1599.9329    36     1591.7508 UserPurge2: 1     7768    0.51%
      0     0     1599.9218    36     1591.7508 UserPurge2: 1     7783    0.51%
      0     0     1599.9138    37     1591.7508 UserPurge2: 1     7800    0.51%
      0     0     1599.9013    38     1591.7508 UserPurge2: 1     7816    0.51%
      0     0     1599.8966    39     1591.7508 UserPurge2: 1     7825    0.51%
      0     0     1599.8898    39     1591.7508 UserPurge2: 1     7844    0.51%
      0     0     1599.8783    39     1591.7508 UserPurge2: 1     7866    0.51%
      0     0     1599.8718    40     1591.7508 UserPurge2: 1     7876    0.51%
      0     0     1599.8493    38     1591.7508 UserPurge2: 1     7902    0.51%
      0     0     1599.8255    37     1591.7508 UserPurge2: 1     7922    0.51%
      0     0     1599.8162    38     1591.7508 UserPurge2: 1     7937    0.51%
      0     0     1599.8045    36     1591.7508 UserPurge2: 1     7957    0.51%
      0     0     1599.7974    37     1591.7508 UserPurge2: 1     7970    0.51%
      0     0     1599.7900    37     1591.7508 UserPurge2: 1     7991    0.51%
      0     0     1599.7870    38     1591.7508 UserPurge2: 1     8004    0.50%
      0     0     1599.7798    39     1591.7508 UserPurge2: 1     8022    0.50%
      0     0     1599.7669    40     1591.7508 UserPurge2: 1     8050    0.50%
      0     0     1599.7579    41     1591.7508 UserPurge2: 1     8070    0.50%
      0     0     1599.7540    42     1591.7508 UserPurge2: 1     8085    0.50%
      0     0     1599.7403    41     1591.7508 UserPurge2: 1     8109    0.50%
      0     0     1599.7185    41     1591.7508 UserPurge2: 1     8132    0.50%
      0     0     1599.7079    42     1591.7508 UserPurge2: 1     8151    0.50%
      0     0     1599.6930    43     1591.7508 UserPurge2: 1     8165    0.50%
      0     0     1599.6688    42     1591.7508 UserPurge2: 1     8191    0.50%
      0     0     1599.6549    41     1591.7508 UserPurge2: 1     8210    0.50%
      0     0     1599.6409    41     1591.7508 UserPurge2: 1     8236    0.50%
      0     0     1599.6272    39     1591.7508 UserPurge2: 1     8254    0.49%
      0     0     1599.6139    39     1591.7508 UserPurge2: 1     8272    0.49%
      0     0     1599.6009    40     1591.7508 UserPurge2: 1     8293    0.49%
      0     0     1599.5854    41     1591.7508 UserPurge2: 1     8318    0.49%
      0     0     1599.5646    41     1591.7508 UserPurge2: 1     8343    0.49%
      0     0     1599.5419    41     1591.7508 UserPurge2: 1     8368    0.49%
      0     0     1599.5182    41     1591.7508 UserPurge2: 1     8400    0.49%
      0     0     1599.5115    41     1591.7508 UserPurge2: 1     8416    0.49%
      0     0     1599.4980    42     1591.7508 UserPurge2: 1     8431    0.49%
      0     0     1599.4903    41     1591.7508 UserPurge2: 1     8445    0.49%
      0     0     1599.4836    42     1591.7508 UserPurge2: 1     8471    0.49%
      0     0     1599.4790    43     1591.7508 UserPurge2: 1     8485    0.49%
      0     0     1599.4521    42     1591.7508 UserPurge2: 1     8528    0.48%
      0     0     1599.4333    42     1591.7508 UserPurge2: 1     8560    0.48%
      0     0     1599.3960    41     1591.7508 UserPurge2: 1     8591    0.48%
      0     0     1599.3820    41     1591.7508 UserPurge2: 1     8609    0.48%
      0     0     1599.3701    41     1591.7508 UserPurge2: 1     8628    0.48%
      0     0     1599.3560    41     1591.7508 UserPurge2: 1     8647    0.48%
      0     0     1599.3444    41     1591.7508 UserPurge2: 1     8666    0.48%
      0     0     1599.3246    42     1591.7508 UserPurge2: 1     8700    0.48%
      0     0     1599.3067    42     1591.7508 UserPurge2: 1     8733    0.47%
      0     0     1599.2887    42     1591.7508 UserPurge2: 1     8758    0.47%
      0     0     1599.2685    43     1591.7508 UserPurge2: 1     8783    0.47%
      0     0     1599.2564    43     1591.7508 UserPurge2: 1     8809    0.47%
      0     0     1599.2414    42     1591.7508 UserPurge2: 1     8841    0.47%
      0     0     1599.1719    38     1591.7508 UserPurge2: 1     8882    0.47%
      0     0     1599.1519    39     1591.7508 UserPurge2: 1     8896    0.46%
      0     0     1599.1379    38     1591.7508 UserPurge2: 1     8917    0.46%
      0     0     1599.1285    38     1591.7508 UserPurge2: 1     8931    0.46%
      0     0     1599.1227    39     1591.7508 UserPurge2: 1     8952    0.46%
      0     0     1599.1180    40     1591.7508 UserPurge2: 1     8965    0.46%
      0     0     1599.1139    41     1591.7508 UserPurge2: 1     8986    0.46%
      0     0     1599.1090    42     1591.7508 UserPurge2: 1     9005    0.46%
      0     0     1599.0992    42     1591.7508 UserPurge2: 1     9021    0.46%
      0     0     1599.0877    41     1591.7508 UserPurge2: 1     9047    0.46%
      0     0     1599.0788    40     1591.7508 UserPurge2: 1     9060    0.46%
      0     0     1599.0675    41     1591.7508 UserPurge2: 1     9078    0.46%
      0     0     1599.0606    41     1591.7508 UserPurge2: 1     9089    0.46%
      0     0     1599.0476    42     1591.7508 UserPurge2: 1     9113    0.46%
      0     0     1599.0375    43     1591.7508 UserPurge2: 1     9129    0.46%
      0     0     1599.0351    44     1591.7508 UserPurge2: 1     9138    0.46%
      0     0     1599.0272    42     1591.7508 UserPurge2: 1     9164    0.46%
      0     0     1599.0104    42     1591.7508 UserPurge2: 1     9192    0.46%
      0     0     1598.9984    43     1591.7508 UserPurge2: 1     9214    0.46%
      0     0     1598.9777    42     1591.7508 UserPurge2: 1     9239    0.45%
      0     0     1598.9555    40     1591.7508 UserPurge2: 1     9260    0.45%
      0     0     1598.9450    39     1591.7508 UserPurge2: 1     9283    0.45%
      0     0     1598.9301    39     1591.7508 UserPurge2: 1     9303    0.45%
      0     0     1598.9213    40     1591.7508 UserPurge2: 1     9321    0.45%
      0     0     1598.9183    40     1591.7508 UserPurge2: 1     9333    0.45%
      0     0     1598.9177    41     1591.7508 UserPurge2: 1     9341    0.45%
      0     0     1598.9079    41     1591.7508 UserPurge2: 1     9370    0.45%
      0     0     1598.9034    42     1591.7508 UserPurge2: 1     9379    0.45%
      0     0     1598.9000    43     1591.7508 UserPurge2: 1     9389    0.45%
      0     0     1598.8962    42     1591.7508 UserPurge2: 1     9405    0.45%
      0     0     1598.8920    43     1591.7508 UserPurge2: 1     9423    0.45%
      0     0     1598.8904    44     1591.7508 UserPurge2: 1     9433    0.45%
      0     0     1598.8803    45     1591.7508 UserPurge2: 1     9464    0.45%
      0     0     1598.8749    46     1591.7508 UserPurge2: 1     9485    0.45%
      0     0     1598.8700    44     1591.7508 UserPurge2: 1     9509    0.45%
      0     0     1598.8638    45     1591.7508 UserPurge2: 1     9524    0.45%
      0     0     1598.8561    45     1591.7508 UserPurge2: 1     9542    0.45%
      0     0     1598.8454    43     1591.7508 UserPurge2: 1     9574    0.45%
      0     0     1598.8339    43     1591.7508 UserPurge2: 1     9606    0.44%
      0     0     1598.8298    44     1591.7508 UserPurge2: 1     9619    0.44%
      0     0     1598.8276    44     1591.7508 UserPurge2: 1     9630    0.44%
      0     0     1598.8178    45     1591.7508 UserPurge2: 1     9651    0.44%
      0     0     1598.8171    46     1591.7508 UserPurge2: 1     9662    0.44%
      0     0     1598.8109    46     1591.7508 UserPurge2: 1     9694    0.44%
      0     0     1598.8066    47     1591.7508 UserPurge2: 1     9726    0.44%
      0     0     1598.7971    48     1591.7508 UserPurge2: 1     9754    0.44%
      0     0     1598.7881    47     1591.7508 UserPurge2: 1     9783    0.44%
      0     0     1598.7836    48     1591.7508 UserPurge2: 1     9800    0.44%
      0     0     1598.7745    47     1591.7508 UserPurge2: 1     9829    0.44%
      0     0     1598.7582    47     1591.7508 UserPurge2: 1     9861    0.44%
      0     0     1598.7385    46     1591.7508 UserPurge2: 1     9880    0.44%
      0     0     1598.7250    45     1591.7508 UserPurge2: 1     9904    0.44%
      0     0     1598.7067    44     1591.7508 UserPurge2: 1     9937    0.44%
      0     0     1598.6862    42     1591.7508 UserPurge2: 1     9971    0.44%
      0     0     1598.6817    42     1591.7508 UserPurge2: 1     9987    0.44%
      0     0     1598.6740    42     1591.7508 UserPurge2: 1    10005    0.43%
      0     0     1598.6673    43     1591.7508 UserPurge2: 1    10022    0.43%
      0     0     1598.6640    44     1591.7508 UserPurge2: 1    10034    0.43%
      0     0     1598.6615    44     1591.7508 UserPurge2: 1    10054    0.43%
      0     0     1598.6551    45     1591.7508 UserPurge2: 1    10079    0.43%
      0     0     1598.6497    46     1591.7508 UserPurge2: 1    10099    0.43%
      0     0     1598.6238    44     1591.7508 UserPurge2: 1    10141    0.43%
      0     0     1598.5972    42     1591.7508 UserPurge2: 1    10169    0.43%
      0     0     1598.5828    42     1591.7508 UserPurge2: 1    10193    0.43%
      0     0     1598.5676    41     1591.7508 UserPurge2: 1    10215    0.43%
      0     0     1598.5657    42     1591.7508 UserPurge2: 1    10225    0.43%
      0     0     1598.5457    43     1591.7508 UserPurge2: 1    10256    0.43%
      0     0     1598.5154    41     1591.7508 UserPurge2: 1    10281    0.42%
      0     0     1598.4944    40     1591.7508 UserPurge2: 1    10306    0.42%
      0     0     1598.4853    41     1591.7508 UserPurge2: 1    10321    0.42%
      0     0     1598.4795    42     1591.7508 UserPurge2: 1    10335    0.42%
      0     0     1598.4754    43     1591.7508 UserPurge2: 1    10349    0.42%
      0     0     1598.4642    44     1591.7508 UserPurge2: 1    10364    0.42%
      0     0     1598.4514    44     1591.7508 UserPurge2: 1    10385    0.42%
      0     0     1598.4354    45     1591.7508 UserPurge2: 1    10410    0.42%
      0     0     1598.4013    45     1591.7508 UserPurge2: 1    10443    0.42%
      0     0     1598.3841    43     1591.7508 UserPurge2: 1    10467    0.42%
      0     0     1598.3577    43     1591.7508 UserPurge2: 1    10488    0.42%
      0     0     1598.3473    43     1591.7508 UserPurge2: 1    10504    0.41%
      0     0     1598.3406    43     1591.7508 UserPurge2: 1    10522    0.41%
      0     0     1598.3308    44     1591.7508 UserPurge2: 1    10545    0.41%
      0     0     1598.3119    42     1591.7508 UserPurge2: 1    10587    0.41%
      0     0     1598.2836    40     1591.7508 UserPurge2: 1    10612    0.41%
      0     0     1598.2738    40     1591.7508 UserPurge2: 1    10622    0.41%
      0     0     1598.2458    40     1591.7508 UserPurge2: 1    10653    0.41%
      0     0     1598.2317    41     1591.7508 UserPurge2: 1    10664    0.41%
      0     0     1598.2249    42     1591.7508 UserPurge2: 1    10684    0.41%
      0     0     1598.2100    43     1591.7508 UserPurge2: 1    10709    0.41%
      0     0     1598.1967    43     1591.7508 UserPurge2: 1    10728    0.40%
      0     0     1598.1782    43     1591.7508 UserPurge2: 1    10750    0.40%
      0     0     1598.1725    43     1591.7508 UserPurge2: 1    10773    0.40%
      0     0     1598.1601    44     1591.7508 UserPurge2: 1    10795    0.40%
      0     0     1598.1407    42     1591.7508 UserPurge2: 1    10819    0.40%
      0     0     1598.1261    42     1591.7508 UserPurge2: 1    10836    0.40%
      0     0     1598.1235    43     1591.7508 UserPurge2: 1    10844    0.40%
*     0+    0                         1592.4625     1598.1235             0.36%
      0     0     1598.1056    44     1592.4625 UserPurge2: 1    10866    0.35%
      0     0     1598.0871    44     1592.4625 UserPurge2: 1    10884    0.35%
      0     0     1598.0697    43     1592.4625 UserPurge2: 1    10909    0.35%
      0     0     1598.0550    44     1592.4625 UserPurge2: 1    10927    0.35%
      0     0     1598.0289    43     1592.4625 UserPurge2: 1    10954    0.35%
      0     0     1598.0088    42     1592.4625 UserPurge2: 1    10979    0.35%
      0     0     1598.0017    43     1592.4625 UserPurge2: 1    11003    0.35%
      0     0     1597.9936    44     1592.4625 UserPurge2: 1    11020    0.35%
      0     0     1597.9889    45     1592.4625 UserPurge2: 1    11030    0.35%
      0     0     1597.9727    44     1592.4625 UserPurge2: 1    11061    0.35%
      0     0     1597.9521    42     1592.4625 UserPurge2: 1    11086    0.34%
      0     0     1597.9439    42     1592.4625 UserPurge2: 1    11101    0.34%
      0     0     1597.9359    42     1592.4625 UserPurge2: 1    11118    0.34%
      0     0     1597.9294    43     1592.4625 UserPurge2: 1    11133    0.34%
      0     0     1597.9193    43     1592.4625 UserPurge2: 1    11162    0.34%
      0     0     1597.9117    43     1592.4625 UserPurge2: 1    11174    0.34%
      0     0     1597.9014    44     1592.4625 UserPurge2: 1    11199    0.34%
      0     0     1597.8867    44     1592.4625 UserPurge2: 1    11223    0.34%
      0     0     1597.8777    44     1592.4625 UserPurge2: 1    11242    0.34%
      0     0     1597.8726    45     1592.4625 UserPurge2: 1    11259    0.34%
      0     0     1597.8625    45     1592.4625 UserPurge2: 1    11290    0.34%
      0     0     1597.8584    46     1592.4625 UserPurge2: 1    11306    0.34%
      0     0     1597.8519    47     1592.4625 UserPurge2: 1    11337    0.34%
      0     0     1597.8320    44     1592.4625 UserPurge2: 1    11371    0.34%
      0     0     1597.8167    43     1592.4625 UserPurge2: 1    11407    0.34%
      0     0     1597.8096    42     1592.4625 UserPurge2: 1    11426    0.34%
      0     0     1597.8040    41     1592.4625 UserPurge2: 1    11443    0.34%
      0     0     1597.7932    40     1592.4625 UserPurge2: 1    11464    0.33%
      0     0     1597.7920    40     1592.4625 UserPurge2: 1    11474    0.33%
      0     0     1597.7876    41     1592.4625 UserPurge2: 1    11490    0.33%
      0     0     1597.7858    42     1592.4625 UserPurge2: 1    11508    0.33%
      0     0     1597.7832    43     1592.4625 UserPurge2: 1    11526    0.33%
      0     0     1597.7809    44     1592.4625 UserPurge2: 1    11536    0.33%
      0     0     1597.7757    43     1592.4625 UserPurge2: 1    11562    0.33%
      0     0     1597.7747    44     1592.4625 UserPurge2: 1    11574    0.33%
      0     0     1597.7736    45     1592.4625 UserPurge2: 1    11592    0.33%
      0     0     1597.7673    44     1592.4625 UserPurge2: 1    11609    0.33%
      0     0     1597.7615    44     1592.4625 UserPurge2: 1    11627    0.33%
      0     0     1597.7559    45     1592.4625 UserPurge2: 1    11644    0.33%
      0     0     1597.7525    44     1592.4625 UserPurge2: 1    11670    0.33%
      0     0     1597.7486    45     1592.4625 UserPurge2: 1    11687    0.33%
      0     0     1597.7457    46     1592.4625 UserPurge2: 1    11704    0.33%
      0     0     1597.7393    45     1592.4625 UserPurge2: 1    11725    0.33%
      0     0     1597.7317    45     1592.4625 UserPurge2: 1    11752    0.33%
      0     0     1597.7262    45     1592.4625 UserPurge2: 1    11769    0.33%
      0     0     1597.7141    44     1592.4625 UserPurge2: 1    11799    0.33%
      0     0     1597.7024    43     1592.4625 UserPurge2: 1    11818    0.33%
      0     0     1597.6968    44     1592.4625 UserPurge2: 1    11832    0.33%
      0     0     1597.6936    44     1592.4625 UserPurge2: 1    11844    0.33%
      0     0     1597.6904    44     1592.4625 UserPurge2: 1    11866    0.33%
      0     0     1597.6862    45     1592.4625 UserPurge2: 1    11881    0.33%
      0     0     1597.6818    46     1592.4625 UserPurge2: 1    11902    0.33%
      0     0     1597.6795    47     1592.4625 UserPurge2: 1    11918    0.33%
      0     0     1597.6696    47     1592.4625 UserPurge2: 1    11959    0.33%
      0     0     1597.6560    46     1592.4625 UserPurge2: 1    11991    0.33%
      0     0     1597.6523    47     1592.4625 UserPurge2: 1    12006    0.33%
      0     0     1597.6410    47     1592.4625 UserPurge2: 1    12031    0.33%
      0     0     1597.6269    47     1592.4625 UserPurge2: 1    12053    0.32%
      0     0     1597.6062    44     1592.4625 UserPurge2: 1    12079    0.32%
      0     0     1597.6001    43     1592.4625 UserPurge2: 1    12101    0.32%
      0     0     1597.5936    42     1592.4625 UserPurge2: 1    12126    0.32%
      0     0     1597.5879    41     1592.4625 UserPurge2: 1    12147    0.32%
      0     0     1597.5844    42     1592.4625 UserPurge2: 1    12163    0.32%
      0     0     1597.5824    43     1592.4625 UserPurge2: 1    12176    0.32%
      0     0     1597.5796    44     1592.4625 UserPurge2: 1    12193    0.32%
      0     0     1597.5777    45     1592.4625 UserPurge2: 1    12210    0.32%
      0     0     1597.5757    46     1592.4625 UserPurge2: 1    12229    0.32%
      0     0     1597.5718    46     1592.4625 UserPurge2: 1    12249    0.32%
      0     0     1597.5693    46     1592.4625 UserPurge2: 1    12269    0.32%
      0     0     1597.5672    46     1592.4625 UserPurge2: 1    12285    0.32%
      0     0     1597.5513    45     1592.4625 UserPurge2: 1    12318    0.32%
      0     0     1597.5438    44     1592.4625 UserPurge2: 1    12337    0.32%
      0     0     1597.5375    42     1592.4625 UserPurge2: 1    12362    0.32%
      0     0     1597.5283    43     1592.4625 UserPurge2: 1    12383    0.32%
      0     0     1597.5164    42     1592.4625 UserPurge2: 1    12405    0.32%
      0     0     1597.5021    40     1592.4625 UserPurge2: 1    12446    0.32%
      0     0     1597.4977    40     1592.4625 UserPurge2: 1    12460    0.32%
      0     0     1597.4940    40     1592.4625 UserPurge2: 1    12472    0.32%
      0     0     1597.4927    41     1592.4625 UserPurge2: 1    12480    0.32%
      0     0     1597.4913    42     1592.4625 UserPurge2: 1    12490    0.32%
      0     0     1597.4886    43     1592.4625 UserPurge2: 1    12505    0.32%
      0     0     1597.4865    44     1592.4625 UserPurge2: 1    12522    0.32%
      0     0     1597.4840    44     1592.4625 UserPurge2: 1    12537    0.32%
      0     0     1597.4828    44     1592.4625 UserPurge2: 1    12551    0.32%
      0     0     1597.4813    44     1592.4625 UserPurge2: 1    12566    0.32%
      0     0     1597.4800    45     1592.4625 UserPurge2: 1    12589    0.32%
      0     0     1597.4782    46     1592.4625 UserPurge2: 1    12605    0.31%
      0     0     1597.4762    47     1592.4625 UserPurge2: 1    12628    0.31%
      0     0     1597.4739    47     1592.4625 UserPurge2: 1    12648    0.31%
      0     0     1597.4693    47     1592.4625 UserPurge2: 1    12666    0.31%
      0     0     1597.4671    47     1592.4625 UserPurge2: 1    12682    0.31%
*     0+    0                         1592.9455     1597.4671             0.28%
      0     0     1597.4657    48     1592.9455 UserPurge2: 1    12696    0.28%
      0     0     1597.4649    48     1592.9455 UserPurge2: 1    12708    0.28%
      0     0     1597.4628    48     1592.9455 UserPurge2: 1    12722    0.28%
      0     0     1597.4585    48     1592.9455 UserPurge2: 1    12740    0.28%
      0     0     1597.4552    48     1592.9455 UserPurge2: 1    12756    0.28%
      0     0     1597.4523    49     1592.9455 UserPurge2: 1    12779    0.28%
      0     0     1597.4488    49     1592.9455 UserPurge2: 1    12815    0.28%
      0     0     1597.4473    50     1592.9455 UserPurge2: 1    12832    0.28%
      0     0     1597.4448    51     1592.9455 UserPurge2: 1    12847    0.28%
      0     0     1597.4390    49     1592.9455 UserPurge2: 1    12876    0.28%
      0     0     1597.4297    45     1592.9455 UserPurge2: 1    12900    0.28%
      0     0     1597.4230    46     1592.9455 UserPurge2: 1    12918    0.28%
      0     0     1597.4203    46     1592.9455 UserPurge2: 1    12939    0.28%
      0     0     1597.4141    46     1592.9455 UserPurge2: 1    12964    0.28%
      0     0     1597.4104    47     1592.9455 UserPurge2: 1    12981    0.28%
      0     0     1597.4054    46     1592.9455 UserPurge2: 1    12995    0.28%
      0     0     1597.4028    47     1592.9455 UserPurge2: 1    13010    0.28%
      0     0     1597.3995    47     1592.9455 UserPurge2: 1    13023    0.28%
      0     0     1597.3946    48     1592.9455 UserPurge2: 1    13046    0.28%
      0     0     1597.3916    49     1592.9455 UserPurge2: 1    13067    0.28%
      0     0     1597.3813    46     1592.9455 UserPurge2: 1    13092    0.28%
      0     0     1597.3753    46     1592.9455 UserPurge2: 1    13110    0.28%
      0     0     1597.3686    47     1592.9455 UserPurge2: 1    13133    0.28%
      0     0     1597.3640    47     1592.9455 UserPurge2: 1    13156    0.28%
      0     0     1597.3565    47     1592.9455 UserPurge2: 1    13184    0.28%
      0     0     1597.3428    47     1592.9455 UserPurge2: 1    13212    0.28%
      0     0     1597.3302    48     1592.9455 UserPurge2: 1    13232    0.28%
      0     0     1597.3208    47     1592.9455 UserPurge2: 1    13250    0.27%
      0     0     1597.3114    45     1592.9455 UserPurge2: 1    13277    0.27%
      0     0     1597.2985    46     1592.9455 UserPurge2: 1    13306    0.27%
      0     0     1597.2777    45     1592.9455 UserPurge2: 1    13341    0.27%
      0     0     1597.2660    45     1592.9455 UserPurge2: 1    13372    0.27%
      0     0     1597.2527    45     1592.9455 UserPurge2: 1    13398    0.27%
      0     0     1597.2347    45     1592.9455 UserPurge2: 1    13428    0.27%
      0     0     1597.2200    45     1592.9455 UserPurge2: 1    13456    0.27%
      0     0     1597.2030    44     1592.9455 UserPurge2: 1    13480    0.27%
      0     0     1597.1939    42     1592.9455 UserPurge2: 1    13500    0.27%
      0     0     1597.1781    42     1592.9455 UserPurge2: 1    13523    0.27%
      0     0     1597.1757    42     1592.9455 UserPurge2: 1    13533    0.27%
      0     0     1597.1732    42     1592.9455 UserPurge2: 1    13545    0.27%
      0     0     1597.1675    43     1592.9455 UserPurge2: 1    13567    0.27%
      0     0     1597.1648    44     1592.9455 UserPurge2: 1    13581    0.26%
      0     0     1597.1605    44     1592.9455 UserPurge2: 1    13596    0.26%
      0     0     1597.1589    44     1592.9455 UserPurge2: 1    13619    0.26%
      0     0     1597.1530    45     1592.9455 UserPurge2: 1    13642    0.26%
      0     0     1597.1474    46     1592.9455 UserPurge2: 1    13670    0.26%
      0     0     1597.1421    46     1592.9455 UserPurge2: 1    13682    0.26%
      0     0     1597.1385    45     1592.9455 UserPurge2: 1    13702    0.26%
      0     0     1597.1357    44     1592.9455 UserPurge2: 1    13723    0.26%
      0     0     1597.1351    45     1592.9455 UserPurge2: 1    13733    0.26%
*     0+    0                         1593.3964     1597.1351             0.23%
      0     0     1597.1341    46     1593.3964 UserPurge2: 1    13747    0.23%
      0     0     1597.1329    46     1593.3964 UserPurge2: 1    13769    0.23%
      0     0     1597.1301    47     1593.3964 UserPurge2: 1    13791    0.23%
      0     0     1597.1251    47     1593.3964 UserPurge2: 1    13815    0.23%
      0     0     1597.1161    45     1593.3964 UserPurge2: 1    13848    0.23%
      0     0     1597.1077    44     1593.3964 UserPurge2: 1    13862    0.23%
      0     0     1597.1044    45     1593.3964 UserPurge2: 1    13876    0.23%
      0     0     1597.0996    46     1593.3964 UserPurge2: 1    13890    0.23%
      0     0     1597.0967    47     1593.3964 UserPurge2: 1    13905    0.23%
      0     0     1597.0905    47     1593.3964 UserPurge2: 1    13927    0.23%
      0     0     1597.0698    46     1593.3964 UserPurge2: 1    13962    0.23%
      0     0     1597.0649    45     1593.3964 UserPurge2: 1    13984    0.23%
      0     0     1597.0620    46     1593.3964 UserPurge2: 1    13995    0.23%
      0     0     1597.0537    45     1593.3964 UserPurge2: 1    14028    0.23%
      0     0     1597.0385    45     1593.3964 UserPurge2: 1    14066    0.23%
      0     0     1597.0341    46     1593.3964 UserPurge2: 1    14081    0.23%
      0     0     1597.0180    45     1593.3964 UserPurge2: 1    14113    0.23%
      0     0     1597.0146    46     1593.3964 UserPurge2: 1    14123    0.23%
      0     0     1597.0061    46     1593.3964 UserPurge2: 1    14140    0.23%
      0     0     1597.0003    46     1593.3964 UserPurge2: 1    14157    0.23%
      0     0     1596.9930    47     1593.3964 UserPurge2: 1    14177    0.23%
      0     0     1596.9893    47     1593.3964 UserPurge2: 1    14206    0.23%
      0     0     1596.9858    48     1593.3964 UserPurge2: 1    14229    0.23%
      0     0     1596.9804    47     1593.3964 UserPurge2: 1    14255    0.22%
      0     0     1596.9772    48     1593.3964 UserPurge2: 1    14276    0.22%
      0     2     1596.9772    48     1593.3964     1596.9772    14276    0.22%
Elapsed time = 24.18 sec. (5289.04 ticks, tree = 0.01 MB, solutions = 4)
      1     3     1594.2803    36     1593.3964     1596.9772    76256    0.22%
*     2     2      integral     0     1594.9468     1596.9772    78526    0.13%
      2     0     1594.9468     0     1594.9468     1594.9468    78526    0.00%

User cuts applied:  5248

Root node processing (before b&c):
  Real time             =   24.19 sec. (5296.51 ticks)
Sequential b&c:
  Real time             =  157.55 sec. (99445.77 ticks)
                          ------------
Total (root+branch&cut) =  181.74 sec. (104742.28 ticks)
@Parameters: 
is_S_cut                                true
is_add_all_yinF                         true
is_start_value                          true
is_usercut                              true
is_visualization                        false
uc_only_rootnode                        false

data                                    Qi
fn                                      data/Qi/instance_500_500.csv
mode                                    NewSubmodular
solver                                  cplex

p                                       10
r                                       5

EPS                                     1.0e-06
EPS_vio                                 1.0e-04
beta                                    0.10
gap                                     0.00
nodelimit                               Inf
timelimit                               7200.00


@PrintInfos
ItCnt: 78526
Current gap: 0.00 %
Termination Status: OPTIMAL
Primal Status: FEASIBLE_POINT
Solve Time: 181.74 sec
Objective Value: 1594.946777
Number of Nodes:      3

CutInfo: [phase] num / time (sec) 
ZLP             [phase1]     0 / 0.00 [rLC]     0 / 0.00 [rUC]     0 / 0.00 [sLC]     0 / 0.00 [sUC]     0 / 0.00 
OldSubmodular   [phase1]     0 / 0.00 [rLC]     0 / 0.00 [rUC]     0 / 0.00 [sLC]     0 / 0.00 [sUC]     0 / 0.00 
NewSubmodular   [phase1]     0 / 0.00 [rLC]   147 / 8.21 [rUC]   954 / 10.02 [sLC]     0 / 0.68 [sUC]  5192 / 54.23 
PMP             [phase1]     0 / 0.00 [rLC]     8 / 5.69 [rUC]     0 / 0.00 [sLC]     1 / 0.67 [sUC]     2 / 1.64 
Separation Round: [phase1] 0  [rLC] 134  [rUC] 682  [sLC] 1  [sUC] 1564
Root Best Bound 1594.946777
Root Best Integer: 1594.946777
Best Bound: 1594.946777
Best Integer: 1594.946777

