Version identifier: 20.1.0.0 | 2020-11-10 | 9bedb6d68
CPXPARAM_Threads                                 1
CPXPARAM_TimeLimit                               7200
CPXPARAM_MIP_Tolerances_MIPGap                   0
Generic callback                                 0x60
1 of 1 MIP starts provided solutions.
MIP start 'm1' defined initial solution with objective 2579.7889.
Tried aggregator 1 time.
Reduced MIP has 1 rows, 801 columns, and 800 nonzeros.
Reduced MIP has 800 binaries, 0 generals, 0 SOSs, and 0 indicators.
Presolve time = 0.00 sec. (0.24 ticks)
Probing time = 0.00 sec. (0.09 ticks)
Tried aggregator 1 time.
Reduced MIP has 1 rows, 801 columns, and 800 nonzeros.
Reduced MIP has 800 binaries, 0 generals, 0 SOSs, and 0 indicators.
Presolve time = 0.00 sec. (0.25 ticks)
Probing time = 0.00 sec. (0.09 ticks)
MIP emphasis: balance optimality and feasibility.
MIP search method: dynamic search.
Parallel mode: none, using 1 thread.
Root relaxation solution time = 0.00 sec. (0.17 ticks)

        Nodes                                         Cuts/
   Node  Left     Objective  IInf  Best Integer    Best Bound    ItCnt     Gap

*     0+    0                         2579.7889     4368.0000            69.32%
      0     0     3535.8271     2     2579.7889     4368.0000        0   69.32%
      0     0     3192.0384     4     2579.7889 UserPurge2: 1        7   23.73%
      0     0     3104.2804     4     2579.7889 UserPurge2: 1       15   20.33%
      0     0     2974.6488     5     2579.7889 UserPurge2: 1       37   15.31%
      0     0     2887.7429     6     2579.7889 UserPurge2: 1       58   11.94%
      0     0     2849.2494     7     2579.7889 UserPurge2: 1       76   10.45%
      0     0     2808.4847     7     2579.7889 UserPurge2: 1       99    8.86%
      0     0     2785.0815     9     2579.7889 UserPurge2: 1      114    7.96%
      0     0     2770.8920    10     2579.7889 UserPurge2: 1      124    7.41%
      0     0     2761.8617    11     2579.7889 UserPurge2: 1      141    7.06%
      0     0     2751.5410    12     2579.7889 UserPurge2: 1      150    6.66%
      0     0     2746.3958    13     2579.7889 UserPurge1: 1      154    6.46%
      0     0     2742.1556    13     2579.7889 UserPurge2: 1      177    6.29%
      0     0     2738.5344    14     2579.7889 UserPurge2: 1      199    6.15%
      0     0     2733.9984    15     2579.7889 UserPurge2: 1      242    5.98%
      0     0     2729.8346    15     2579.7889 UserPurge2: 1      267    5.82%
      0     0     2724.5154    16     2579.7889 UserPurge1: 1      284    5.61%
      0     0     2718.4221    15     2579.7889 UserPurge2: 1      333    5.37%
      0     0     2708.9424    13     2579.7889 UserPurge1: 2      343    5.01%
      0     0     2705.1612    15     2579.7889 UserPurge1: 2      349    4.86%
      0     0     2702.5480    14     2579.7889 UserPurge1: 2      354    4.76%
      0     0     2701.8460    15     2579.7889 UserPurge2: 1      364    4.73%
      0     0     2701.3622    16     2579.7889 UserPurge1: 1      370    4.71%
      0     0     2699.4292    17     2579.7889 UserPurge2: 1      393    4.64%
      0     0     2697.3040    17     2579.7889 UserPurge2: 1      419    4.56%
      0     0     2694.8704    17     2579.7889 UserPurge2: 1      431    4.46%
      0     0     2693.1687    17     2579.7889 UserPurge2: 1      460    4.39%
      0     0     2691.4005    17     2579.7889 UserPurge2: 1      487    4.33%
      0     0     2688.2326    18     2579.7889 UserPurge2: 1      519    4.20%
      0     0     2685.4190    17     2579.7889 UserPurge2: 1      538    4.09%
      0     0     2680.8273    17     2579.7889 UserPurge2: 1      585    3.92%
      0     0     2676.2082    14     2579.7889 UserPurge2: 1      607    3.74%
      0     0     2674.6074    15     2579.7889 UserPurge2: 1      624    3.68%
      0     0     2672.6839    16     2579.7889 UserPurge2: 1      648    3.60%
      0     0     2671.0012    17     2579.7889 UserPurge2: 1      670    3.54%
      0     0     2669.6701    17     2579.7889 UserPurge2: 1      696    3.48%
      0     0     2666.8900    17     2579.7889 UserPurge2: 1      721    3.38%
      0     0     2664.9948    18     2579.7889 UserPurge2: 1      749    3.30%
      0     0     2661.7429    15     2579.7889 UserPurge2: 1      787    3.18%
      0     0     2660.3030    16     2579.7889 UserPurge2: 1      803    3.12%
      0     0     2659.1323    17     2579.7889 UserPurge2: 1      824    3.08%
      0     0     2658.0132    19     2579.7889 UserPurge2: 1      853    3.03%
      0     0     2656.0446    16     2579.7889 UserPurge2: 1      888    2.96%
      0     0     2654.8301    17     2579.7889 UserPurge2: 1      902    2.91%
      0     0     2653.5805    16     2579.7889 UserPurge2: 1      919    2.86%
      0     0     2651.7760    16     2579.7889 UserPurge2: 1      950    2.79%
      0     0     2650.9914    17     2579.7889 UserPurge2: 1      974    2.76%
      0     0     2650.5259    18     2579.7889 UserPurge2: 1      987    2.74%
      0     0     2649.9431    19     2579.7889 UserPurge2: 1     1004    2.72%
      0     0     2649.7025    20     2579.7889 UserPurge2: 1     1016    2.71%
      0     0     2648.4570    19     2579.7889 UserPurge2: 1     1043    2.66%
      0     0     2647.2926    19     2579.7889 UserPurge2: 1     1060    2.62%
      0     0     2645.5472    17     2579.7889 UserPurge2: 1     1093    2.55%
      0     0     2644.9547    18     2579.7889 UserPurge2: 1     1107    2.53%
      0     0     2644.1632    18     2579.7889 UserPurge2: 1     1125    2.50%
      0     0     2643.4064    18     2579.7889 UserPurge2: 1     1152    2.47%
      0     0     2643.0117    18     2579.7889 UserPurge2: 1     1166    2.45%
      0     0     2642.7502    19     2579.7889 UserPurge2: 1     1189    2.44%
      0     0     2642.4309    19     2579.7889 UserPurge2: 1     1206    2.43%
      0     0     2641.8375    20     2579.7889 UserPurge2: 1     1239    2.41%
      0     0     2641.3953    20     2579.7889 UserPurge2: 1     1277    2.39%
      0     0     2640.3553    20     2579.7889 UserPurge2: 1     1303    2.35%
      0     0     2639.7094    20     2579.7889 UserPurge2: 1     1319    2.32%
      0     0     2639.4367    21     2579.7889 UserPurge2: 1     1338    2.31%
      0     0     2638.9017    21     2579.7889 UserPurge2: 1     1366    2.29%
      0     0     2637.2854    18     2579.7889 UserPurge2: 1     1407    2.23%
      0     0     2636.2952    19     2579.7889 UserPurge2: 1     1430    2.19%
      0     0     2635.6045    19     2579.7889 UserPurge2: 1     1450    2.16%
      0     0     2634.4421    18     2579.7889 UserPurge2: 1     1474    2.12%
      0     0     2633.7951    18     2579.7889 UserPurge2: 1     1492    2.09%
      0     0     2633.5270    18     2579.7889 UserPurge2: 1     1506    2.08%
      0     0     2633.1968    19     2579.7889 UserPurge2: 1     1514    2.07%
      0     0     2632.8106    20     2579.7889 UserPurge2: 1     1535    2.06%
      0     0     2632.4654    21     2579.7889 UserPurge2: 1     1550    2.04%
      0     0     2631.7342    21     2579.7889 UserPurge2: 1     1585    2.01%
      0     0     2631.1875    21     2579.7889 UserPurge2: 1     1612    1.99%
      0     0     2630.9304    23     2579.7889 UserPurge2: 1     1622    1.98%
      0     0     2629.8629    22     2579.7889 UserPurge2: 1     1655    1.94%
      0     0     2628.7941    20     2579.7889 UserPurge2: 1     1685    1.90%
      0     0     2628.4063    21     2579.7889 UserPurge2: 1     1701    1.88%
      0     0     2628.0805    21     2579.7889 UserPurge2: 1     1721    1.87%
      0     0     2627.6552    21     2579.7889 UserPurge2: 1     1737    1.86%
      0     0     2626.5165    20     2579.7889 UserPurge2: 1     1771    1.81%
      0     0     2626.2677    19     2579.7889 UserPurge2: 1     1782    1.80%
      0     0     2626.1455    20     2579.7889 UserPurge2: 1     1794    1.80%
      0     0     2625.6377    18     2579.7889 UserPurge2: 1     1819    1.78%
      0     0     2625.2530    19     2579.7889 UserPurge2: 1     1843    1.76%
      0     0     2624.7265    20     2579.7889 UserPurge2: 1     1871    1.74%
      0     0     2624.4245    19     2579.7889 UserPurge2: 1     1893    1.73%
      0     0     2624.1919    20     2579.7889 UserPurge2: 1     1914    1.72%
      0     0     2623.7261    19     2579.7889 UserPurge2: 1     1933    1.70%
      0     0     2623.6386    20     2579.7889 UserPurge2: 1     1948    1.70%
      0     0     2623.4152    21     2579.7889 UserPurge2: 1     1962    1.69%
      0     0     2623.1563    22     2579.7889 UserPurge2: 1     1980    1.68%
      0     0     2623.0223    23     2579.7889 UserPurge2: 1     2006    1.68%
      0     0     2622.7971    23     2579.7889 UserPurge2: 1     2026    1.67%
      0     0     2622.5545    23     2579.7889 UserPurge2: 1     2045    1.66%
      0     0     2622.4607    23     2579.7889 UserPurge2: 1     2063    1.65%
      0     0     2622.3032    24     2579.7889 UserPurge2: 1     2086    1.65%
      0     0     2622.2066    25     2579.7889 UserPurge2: 1     2105    1.64%
      0     0     2621.6476    24     2579.7889 UserPurge2: 1     2140    1.62%
      0     0     2621.4346    24     2579.7889 UserPurge2: 1     2154    1.61%
      0     0     2620.8987    23     2579.7889 UserPurge2: 1     2175    1.59%
      0     0     2620.3268    22     2579.7889 UserPurge2: 1     2205    1.57%
      0     0     2619.9000    22     2579.7889 UserPurge2: 1     2216    1.55%
      0     0     2619.5383    22     2579.7889 UserPurge2: 1     2249    1.54%
      0     0     2619.1127    23     2579.7889 UserPurge2: 1     2277    1.52%
      0     0     2618.8427    22     2579.7889 UserPurge2: 1     2308    1.51%
      0     0     2618.2845    22     2579.7889 UserPurge2: 1     2339    1.49%
      0     0     2618.0841    23     2579.7889 UserPurge2: 1     2358    1.48%
      0     0     2618.0161    24     2579.7889 UserPurge2: 1     2376    1.48%
      0     0     2617.8300    24     2579.7889 UserPurge2: 1     2398    1.47%
      0     0     2617.6534    24     2579.7889 UserPurge2: 1     2418    1.47%
      0     0     2617.4963    24     2579.7889 UserPurge2: 1     2434    1.46%
      0     0     2617.3636    25     2579.7889 UserPurge2: 1     2459    1.46%
      0     0     2617.2437    25     2579.7889 UserPurge2: 1     2472    1.45%
      0     0     2617.1375    26     2579.7889 UserPurge2: 1     2491    1.45%
      0     0     2617.0516    26     2579.7889 UserPurge2: 1     2509    1.44%
      0     0     2616.8406    26     2579.7889 UserPurge2: 1     2531    1.44%
      0     0     2616.4291    25     2579.7889 UserPurge2: 1     2563    1.42%
      0     0     2616.1770    26     2579.7889 UserPurge2: 1     2582    1.41%
      0     0     2615.7062    24     2579.7889 UserPurge2: 1     2603    1.39%
      0     0     2615.1644    24     2579.7889 UserPurge2: 1     2640    1.37%
      0     0     2614.8973    24     2579.7889 UserPurge2: 1     2659    1.36%
      0     0     2614.8042    24     2579.7889 UserPurge2: 1     2675    1.36%
      0     0     2614.6612    25     2579.7889 UserPurge2: 1     2689    1.35%
      0     0     2614.5479    25     2579.7889 UserPurge2: 1     2717    1.35%
      0     0     2614.3778    26     2579.7889 UserPurge2: 1     2741    1.34%
      0     0     2614.3095    27     2579.7889 UserPurge2: 1     2759    1.34%
      0     0     2613.8432    25     2579.7889 UserPurge2: 1     2801    1.32%
      0     0     2613.2775    25     2579.7889 UserPurge2: 1     2838    1.30%
      0     0     2613.0259    24     2579.7889 UserPurge2: 1     2856    1.29%
      0     0     2612.8007    23     2579.7889 UserPurge2: 1     2881    1.28%
      0     0     2612.6097    24     2579.7889 UserPurge2: 1     2905    1.27%
      0     0     2612.5571    25     2579.7889 UserPurge2: 1     2922    1.27%
      0     0     2612.4738    26     2579.7889 UserPurge2: 1     2938    1.27%
      0     0     2612.2447    27     2579.7889 UserPurge2: 1     2989    1.26%
      0     0     2611.6865    25     2579.7889 UserPurge2: 1     3025    1.24%
      0     0     2611.3259    24     2579.7889 UserPurge2: 1     3047    1.22%
      0     0     2611.0804    24     2579.7889 UserPurge2: 1     3073    1.21%
      0     0     2610.9718    25     2579.7889 UserPurge2: 1     3083    1.21%
      0     0     2610.7908    26     2579.7889 UserPurge2: 1     3101    1.20%
      0     0     2610.6574    27     2579.7889 UserPurge2: 1     3114    1.20%
      0     0     2610.5317    26     2579.7889 UserPurge2: 1     3138    1.19%
      0     0     2610.4238    26     2579.7889 UserPurge2: 1     3159    1.19%
      0     0     2610.3256    27     2579.7889 UserPurge2: 1     3175    1.18%
      0     0     2610.2349    28     2579.7889 UserPurge2: 1     3194    1.18%
      0     0     2609.9559    26     2579.7889 UserPurge2: 1     3232    1.17%
      0     0     2609.7985    26     2579.7889 UserPurge2: 1     3264    1.16%
      0     0     2609.6713    25     2579.7889 UserPurge2: 1     3289    1.16%
      0     0     2609.5558    26     2579.7889 UserPurge2: 1     3303    1.15%
      0     0     2609.4531    27     2579.7889 UserPurge2: 1     3325    1.15%
      0     0     2609.3020    27     2579.7889 UserPurge2: 1     3346    1.14%
      0     0     2609.1173    27     2579.7889 UserPurge2: 1     3371    1.14%
      0     0     2608.8344    27     2579.7889 UserPurge2: 1     3409    1.13%
      0     0     2608.6282    26     2579.7889 UserPurge2: 1     3439    1.12%
      0     0     2608.5868    27     2579.7889 UserPurge2: 1     3455    1.12%
      0     0     2608.5248    28     2579.7889 UserPurge2: 1     3476    1.11%
      0     0     2608.4511    28     2579.7889 UserPurge2: 1     3507    1.11%
      0     0     2608.4028    29     2579.7889 UserPurge2: 1     3532    1.11%
      0     0     2608.3374    29     2579.7889 UserPurge2: 1     3555    1.11%
      0     0     2608.2979    29     2579.7889 UserPurge2: 1     3580    1.11%
      0     0     2608.2401    30     2579.7889 UserPurge2: 1     3601    1.10%
      0     0     2608.1596    31     2579.7889 UserPurge2: 1     3637    1.10%
      0     0     2608.0668    32     2579.7889 UserPurge2: 1     3676    1.10%
      0     0     2607.9238    30     2579.7889 UserPurge2: 1     3709    1.09%
      0     0     2607.8334    31     2579.7889 UserPurge2: 1     3744    1.09%
      0     0     2607.7143    30     2579.7889 UserPurge2: 1     3781    1.08%
      0     0     2607.5674    30     2579.7889 UserPurge2: 1     3815    1.08%
      0     0     2607.3868    29     2579.7889 UserPurge2: 1     3849    1.07%
      0     0     2607.2246    28     2579.7889 UserPurge2: 1     3880    1.06%
      0     0     2607.1358    27     2579.7889 UserPurge2: 1     3913    1.06%
      0     0     2607.0736    28     2579.7889 UserPurge2: 1     3937    1.06%
      0     0     2607.0141    29     2579.7889 UserPurge2: 1     3959    1.06%
      0     0     2606.8958    28     2579.7889 UserPurge2: 1     3988    1.05%
      0     0     2606.7951    28     2579.7889 UserPurge2: 1     4007    1.05%
      0     0     2606.7435    29     2579.7889 UserPurge2: 1     4020    1.04%
      0     0     2606.6968    30     2579.7889 UserPurge2: 1     4035    1.04%
      0     0     2606.6584    31     2579.7889 UserPurge2: 1     4051    1.04%
      0     0     2606.5911    32     2579.7889 UserPurge2: 1     4075    1.04%
      0     0     2606.4088    32     2579.7889 UserPurge2: 1     4118    1.03%
      0     0     2606.2021    31     2579.7889 UserPurge2: 1     4154    1.02%
      0     0     2605.9480    29     2579.7889 UserPurge2: 1     4195    1.01%
      0     0     2605.8465    30     2579.7889 UserPurge2: 1     4211    1.01%
      0     0     2605.6697    29     2579.7889 UserPurge2: 1     4247    1.00%
      0     0     2605.5753    29     2579.7889 UserPurge2: 1     4273    1.00%
      0     0     2605.4305    29     2579.7889 UserPurge2: 1     4306    0.99%
      0     0     2605.3584    30     2579.7889 UserPurge2: 1     4324    0.99%
      0     0     2605.3118    31     2579.7889 UserPurge2: 1     4342    0.99%
      0     0     2605.2401    32     2579.7889 UserPurge2: 1     4360    0.99%
      0     0     2605.1730    31     2579.7889 UserPurge2: 1     4396    0.98%
      0     0     2605.0208    31     2579.7889 UserPurge2: 1     4422    0.98%
      0     0     2604.9244    32     2579.7889 UserPurge2: 1     4447    0.97%
      0     0     2604.8358    31     2579.7889 UserPurge2: 1     4469    0.97%
      0     0     2604.7534    30     2579.7889 UserPurge2: 1     4495    0.97%
      0     0     2604.7261    31     2579.7889 UserPurge2: 1     4515    0.97%
      0     0     2604.6870    31     2579.7889 UserPurge2: 1     4538    0.97%
      0     0     2604.5577    31     2579.7889 UserPurge2: 1     4570    0.96%
      0     0     2604.4417    31     2579.7889 UserPurge2: 1     4606    0.96%
      0     0     2604.3290    30     2579.7889 UserPurge2: 1     4628    0.95%
      0     0     2604.2691    30     2579.7889 UserPurge2: 1     4652    0.95%
      0     0     2604.1421    30     2579.7889 UserPurge2: 1     4689    0.94%
      0     0     2604.0634    31     2579.7889 UserPurge2: 1     4712    0.94%
      0     0     2603.9994    31     2579.7889 UserPurge2: 1     4743    0.94%
      0     0     2603.9647    32     2579.7889 UserPurge2: 1     4767    0.94%
      0     0     2603.8484    31     2579.7889 UserPurge2: 1     4794    0.93%
      0     0     2603.7362    32     2579.7889 UserPurge2: 1     4827    0.93%
      0     0     2603.6436    30     2579.7889 UserPurge2: 1     4863    0.92%
      0     0     2603.5382    30     2579.7889 UserPurge2: 1     4895    0.92%
      0     0     2603.4897    31     2579.7889 UserPurge2: 1     4912    0.92%
      0     0     2603.4000    32     2579.7889 UserPurge2: 1     4935    0.92%
      0     0     2603.2694    31     2579.7889 UserPurge2: 1     4977    0.91%
      0     0     2603.2172    31     2579.7889 UserPurge2: 1     4999    0.91%
      0     0     2603.1472    31     2579.7889 UserPurge2: 1     5023    0.91%
      0     0     2603.0845    32     2579.7889 UserPurge2: 1     5045    0.90%
      0     0     2602.9917    31     2579.7889 UserPurge2: 1     5075    0.90%
      0     0     2602.9656    32     2579.7889 UserPurge2: 1     5088    0.90%
      0     0     2602.8669    32     2579.7889 UserPurge2: 1     5127    0.89%
      0     0     2602.8417    32     2579.7889 UserPurge2: 1     5146    0.89%
      0     0     2602.7702    32     2579.7889 UserPurge2: 1     5175    0.89%
      0     0     2602.6849    33     2579.7889 UserPurge2: 1     5211    0.89%
      0     0     2602.5801    32     2579.7889 UserPurge2: 1     5237    0.88%
      0     0     2602.4455    32     2579.7889 UserPurge2: 1     5259    0.88%
      0     0     2602.4045    32     2579.7889 UserPurge2: 1     5277    0.88%
      0     0     2602.3401    33     2579.7889 UserPurge2: 1     5294    0.87%
      0     0     2602.2046    32     2579.7889 UserPurge2: 1     5339    0.87%
      0     0     2602.1421    31     2579.7889 UserPurge2: 1     5358    0.87%
      0     0     2602.0966    31     2579.7889 UserPurge2: 1     5371    0.86%
      0     0     2602.0311    32     2579.7889 UserPurge2: 1     5395    0.86%
      0     0     2601.9775    33     2579.7889 UserPurge2: 1     5411    0.86%
      0     0     2601.9006    33     2579.7889 UserPurge2: 1     5438    0.86%
      0     0     2601.8327    33     2579.7889 UserPurge2: 1     5468    0.85%
      0     0     2601.6760    31     2579.7889 UserPurge2: 1     5509    0.85%
      0     0     2601.6554    30     2579.7889 UserPurge2: 1     5535    0.85%
      0     0     2601.6463    30     2579.7889 UserPurge2: 1     5548    0.85%
      0     0     2601.6284    31     2579.7889 UserPurge2: 1     5564    0.85%
      0     0     2601.6187    32     2579.7889 UserPurge2: 1     5580    0.85%
      0     0     2601.6067    33     2579.7889 UserPurge2: 1     5598    0.85%
      0     0     2601.5880    34     2579.7889 UserPurge2: 1     5625    0.84%
      0     0     2601.5434    35     2579.7889 UserPurge2: 1     5664    0.84%
      0     0     2601.5101    33     2579.7889 UserPurge2: 1     5681    0.84%
      0     0     2601.4726    34     2579.7889 UserPurge2: 1     5703    0.84%
      0     0     2601.4272    35     2579.7889 UserPurge2: 1     5726    0.84%
      0     0     2601.4001    35     2579.7889 UserPurge2: 1     5742    0.84%
      0     0     2601.3280    35     2579.7889 UserPurge2: 1     5777    0.83%
      0     0     2601.2951    35     2579.7889 UserPurge2: 1     5800    0.83%
      0     0     2601.2267    36     2579.7889 UserPurge2: 1     5823    0.83%
      0     0     2601.1681    36     2579.7889 UserPurge2: 1     5857    0.83%
      0     0     2601.0959    36     2579.7889 UserPurge2: 1     5898    0.83%
      0     0     2600.9768    35     2579.7889 UserPurge2: 1     5926    0.82%
      0     0     2600.9276    34     2579.7889 UserPurge2: 1     5947    0.82%
      0     0     2600.8786    33     2579.7889 UserPurge2: 1     5971    0.82%
      0     0     2600.8373    34     2579.7889 UserPurge2: 1     5998    0.82%
      0     0     2600.7851    35     2579.7889 UserPurge2: 1     6014    0.81%
      0     0     2600.6630    35     2579.7889 UserPurge2: 1     6052    0.81%
      0     0     2600.5510    35     2579.7889 UserPurge2: 1     6088    0.80%
      0     0     2600.5044    35     2579.7889 UserPurge2: 1     6108    0.80%
      0     0     2600.4623    35     2579.7889 UserPurge2: 1     6131    0.80%
      0     0     2600.3782    34     2579.7889 UserPurge2: 1     6165    0.80%
      0     0     2600.3650    35     2579.7889 UserPurge2: 1     6180    0.80%
      0     0     2600.2597    34     2579.7889 UserPurge2: 1     6227    0.79%
      0     0     2600.1713    32     2579.7889 UserPurge2: 1     6263    0.79%
      0     0     2600.1203    32     2579.7889 UserPurge2: 1     6286    0.79%
      0     0     2600.0787    33     2579.7889 UserPurge2: 1     6314    0.79%
      0     0     2600.0644    34     2579.7889 UserPurge2: 1     6326    0.79%
      0     0     2600.0545    35     2579.7889 UserPurge2: 1     6339    0.79%
      0     0     2600.0279    35     2579.7889 UserPurge2: 1     6358    0.78%
      0     0     2599.9650    35     2579.7889 UserPurge2: 1     6397    0.78%
      0     0     2599.9291    35     2579.7889 UserPurge2: 1     6415    0.78%
      0     0     2599.8790    35     2579.7889 UserPurge2: 1     6445    0.78%
      0     0     2599.8445    36     2579.7889 UserPurge2: 1     6472    0.78%
      0     0     2599.8168    37     2579.7889 UserPurge2: 1     6511    0.78%
      0     0     2599.7082    35     2579.7889 UserPurge2: 1     6561    0.77%
      0     0     2599.6537    36     2579.7889 UserPurge2: 1     6598    0.77%
      0     0     2599.5456    36     2579.7889 UserPurge2: 1     6635    0.77%
      0     0     2599.5310    37     2579.7889 UserPurge2: 1     6651    0.77%
      0     0     2599.4740    38     2579.7889 UserPurge2: 1     6677    0.76%
      0     0     2599.3479    36     2579.7889 UserPurge2: 1     6719    0.76%
      0     0     2599.1957    32     2579.7889 UserPurge2: 1     6750    0.75%
      0     0     2599.1060    31     2579.7889 UserPurge2: 1     6778    0.75%
      0     0     2599.0432    32     2579.7889 UserPurge2: 1     6803    0.75%
      0     0     2599.0201    33     2579.7889 UserPurge2: 1     6821    0.75%
      0     0     2598.9805    34     2579.7889 UserPurge2: 1     6853    0.74%
      0     0     2598.9420    34     2579.7889 UserPurge2: 1     6874    0.74%
      0     0     2598.9048    34     2579.7889 UserPurge2: 1     6899    0.74%
      0     0     2598.8739    35     2579.7889 UserPurge2: 1     6919    0.74%
      0     0     2598.8582    36     2579.7889 UserPurge2: 1     6937    0.74%
      0     0     2598.8315    37     2579.7889 UserPurge2: 1     6962    0.74%
      0     0     2598.7956    38     2579.7889 UserPurge2: 1     6990    0.74%
      0     0     2598.7199    37     2579.7889 UserPurge2: 1     7024    0.73%
      0     0     2598.6641    37     2579.7889 UserPurge2: 1     7056    0.73%
      0     0     2598.6130    38     2579.7889 UserPurge2: 1     7089    0.73%
      0     0     2598.5536    38     2579.7889 UserPurge2: 1     7125    0.73%
      0     0     2598.4757    37     2579.7889 UserPurge2: 1     7149    0.72%
      0     0     2598.4530    37     2579.7889 UserPurge2: 1     7170    0.72%
      0     0     2598.4387    38     2579.7889 UserPurge2: 1     7189    0.72%
      0     0     2598.4189    38     2579.7889 UserPurge2: 1     7210    0.72%
      0     0     2598.3978    39     2579.7889 UserPurge2: 1     7242    0.72%
      0     0     2598.3659    39     2579.7889 UserPurge2: 1     7280    0.72%
      0     0     2598.2959    39     2579.7889 UserPurge2: 1     7320    0.72%
      0     0     2598.2144    39     2579.7889 UserPurge2: 1     7354    0.71%
      0     0     2598.1329    38     2579.7889 UserPurge2: 1     7384    0.71%
      0     0     2598.0294    36     2579.7889 UserPurge2: 1     7422    0.71%
      0     0     2597.9656    34     2579.7889 UserPurge2: 1     7452    0.70%
      0     0     2597.9490    34     2579.7889 UserPurge2: 1     7463    0.70%
      0     0     2597.9325    35     2579.7889 UserPurge2: 1     7491    0.70%
      0     0     2597.9156    36     2579.7889 UserPurge2: 1     7508    0.70%
      0     0     2597.8935    37     2579.7889 UserPurge2: 1     7530    0.70%
      0     0     2597.8876    38     2579.7889 UserPurge2: 1     7545    0.70%
      0     0     2597.8839    39     2579.7889 UserPurge2: 1     7555    0.70%
      0     0     2597.8540    38     2579.7889 UserPurge2: 1     7596    0.70%
      0     0     2597.8180    37     2579.7889 UserPurge2: 1     7624    0.70%
      0     0     2597.7664    37     2579.7889 UserPurge2: 1     7653    0.70%
      0     0     2597.7464    37     2579.7889 UserPurge2: 1     7676    0.70%
      0     0     2597.7297    38     2579.7889 UserPurge2: 1     7696    0.70%
      0     0     2597.7204    39     2579.7889 UserPurge2: 1     7719    0.70%
      0     0     2597.7123    40     2579.7889 UserPurge2: 1     7733    0.69%
      0     0     2597.6832    41     2579.7889 UserPurge2: 1     7761    0.69%
      0     0     2597.6494    40     2579.7889 UserPurge2: 1     7795    0.69%
      0     0     2597.6179    40     2579.7889 UserPurge2: 1     7822    0.69%
      0     0     2597.5894    41     2579.7889 UserPurge2: 1     7850    0.69%
      0     0     2597.5806    42     2579.7889 UserPurge2: 1     7869    0.69%
      0     0     2597.5465    42     2579.7889 UserPurge2: 1     7906    0.69%
      0     0     2597.4935    42     2579.7889 UserPurge2: 1     7943    0.69%
      0     0     2597.4782    41     2579.7889 UserPurge2: 1     7963    0.69%
      0     0     2597.4281    42     2579.7889 UserPurge2: 1     7991    0.68%
      0     0     2597.3631    40     2579.7889 UserPurge2: 1     8035    0.68%
      0     0     2597.3044    40     2579.7889 UserPurge2: 1     8075    0.68%
      0     0     2597.2078    39     2579.7889 UserPurge2: 1     8124    0.68%
      0     0     2597.0613    35     2579.7889 UserPurge2: 1     8169    0.67%
      0     0     2597.0276    35     2579.7889 UserPurge2: 1     8192    0.67%
      0     0     2596.9842    34     2579.7889 UserPurge2: 1     8212    0.67%
      0     0     2596.9727    35     2579.7889 UserPurge2: 1     8229    0.67%
      0     0     2596.9656    36     2579.7889 UserPurge2: 1     8242    0.67%
      0     0     2596.9530    36     2579.7889 UserPurge2: 1     8261    0.67%
      0     0     2596.9484    37     2579.7889 UserPurge2: 1     8286    0.67%
      0     0     2596.9322    38     2579.7889 UserPurge2: 1     8314    0.66%
      0     0     2596.9013    37     2579.7889 UserPurge2: 1     8342    0.66%
      0     0     2596.8739    37     2579.7889 UserPurge2: 1     8372    0.66%
      0     0     2596.8497    38     2579.7889 UserPurge2: 1     8398    0.66%
      0     0     2596.8340    39     2579.7889 UserPurge2: 1     8416    0.66%
      0     0     2596.8209    38     2579.7889 UserPurge2: 1     8432    0.66%
      0     0     2596.8141    39     2579.7889 UserPurge2: 1     8444    0.66%
      0     0     2596.7983    40     2579.7889 UserPurge2: 1     8461    0.66%
      0     0     2596.7653    40     2579.7889 UserPurge2: 1     8501    0.66%
      0     0     2596.7104    37     2579.7889 UserPurge2: 1     8542    0.66%
      0     0     2596.6777    38     2579.7889 UserPurge2: 1     8571    0.65%
      0     0     2596.6394    38     2579.7889 UserPurge2: 1     8592    0.65%
      0     0     2596.5784    38     2579.7889 UserPurge2: 1     8626    0.65%
      0     0     2596.5188    38     2579.7889 UserPurge2: 1     8659    0.65%
      0     0     2596.4937    37     2579.7889 UserPurge2: 1     8678    0.65%
      0     0     2596.4592    38     2579.7889 UserPurge2: 1     8704    0.65%
      0     0     2596.4478    39     2579.7889 UserPurge2: 1     8726    0.65%
      0     0     2596.4328    39     2579.7889 UserPurge2: 1     8747    0.65%
      0     0     2596.4157    40     2579.7889 UserPurge2: 1     8771    0.64%
      0     0     2596.4078    41     2579.7889 UserPurge2: 1     8790    0.64%
      0     0     2596.3922    42     2579.7889 UserPurge2: 1     8820    0.64%
      0     0     2596.3633    43     2579.7889 UserPurge2: 1     8860    0.64%
      0     0     2596.3230    43     2579.7889 UserPurge2: 1     8905    0.64%
      0     0     2596.2567    39     2579.7889 UserPurge2: 1     8946    0.64%
      0     0     2596.2435    39     2579.7889 UserPurge2: 1     8957    0.64%
      0     0     2596.2298    39     2579.7889 UserPurge2: 1     8983    0.64%
      0     0     2596.1858    40     2579.7889 UserPurge2: 1     9012    0.64%
      0     0     2596.1558    41     2579.7889 UserPurge2: 1     9049    0.63%
      0     0     2596.1162    41     2579.7889 UserPurge2: 1     9091    0.63%
      0     0     2596.0828    42     2579.7889 UserPurge2: 1     9131    0.63%
      0     0     2596.0448    41     2579.7889 UserPurge2: 1     9160    0.63%
      0     0     2596.0236    42     2579.7889 UserPurge2: 1     9185    0.63%
      0     0     2595.9501    39     2579.7889 UserPurge2: 1     9233    0.63%
      0     0     2595.9183    40     2579.7889 UserPurge2: 1     9250    0.63%
      0     0     2595.8857    40     2579.7889 UserPurge2: 1     9277    0.62%
      0     0     2595.8504    39     2579.7889 UserPurge2: 1     9300    0.62%
      0     0     2595.8147    40     2579.7889 UserPurge2: 1     9319    0.62%
      0     0     2595.7821    41     2579.7889 UserPurge2: 1     9343    0.62%
      0     0     2595.6919    39     2579.7889 UserPurge2: 1     9390    0.62%
      0     0     2595.6504    39     2579.7889 UserPurge2: 1     9409    0.61%
      0     0     2595.6200    39     2579.7889 UserPurge2: 1     9436    0.61%
      0     0     2595.5971    40     2579.7889 UserPurge2: 1     9456    0.61%
      0     0     2595.5818    40     2579.7889 UserPurge2: 1     9482    0.61%
      0     0     2595.5488    40     2579.7889 UserPurge2: 1     9518    0.61%
      0     0     2595.5196    40     2579.7889 UserPurge2: 1     9553    0.61%
      0     0     2595.5043    41     2579.7889 UserPurge2: 1     9575    0.61%
      0     0     2595.4970    42     2579.7889 UserPurge2: 1     9588    0.61%
      0     0     2595.4305    40     2579.7889 UserPurge2: 1     9628    0.61%
      0     0     2595.3495    38     2579.7889 UserPurge2: 1     9660    0.60%
      0     0     2595.3323    38     2579.7889 UserPurge2: 1     9680    0.60%
      0     0     2595.3100    38     2579.7889 UserPurge2: 1     9699    0.60%
      0     0     2595.2968    39     2579.7889 UserPurge2: 1     9720    0.60%
      0     0     2595.2609    40     2579.7889 UserPurge2: 1     9739    0.60%
      0     0     2595.2432    40     2579.7889 UserPurge2: 1     9756    0.60%
      0     0     2595.2031    39     2579.7889 UserPurge2: 1     9784    0.60%
      0     0     2595.1552    36     2579.7889 UserPurge2: 1     9809    0.60%
      0     0     2595.1391    36     2579.7889 UserPurge2: 1     9823    0.60%
      0     0     2595.1067    37     2579.7889 UserPurge2: 1     9846    0.59%
      0     0     2595.0715    37     2579.7889 UserPurge2: 1     9878    0.59%
      0     0     2595.0378    37     2579.7889 UserPurge2: 1     9906    0.59%
      0     0     2595.0273    37     2579.7889 UserPurge2: 1     9928    0.59%
      0     0     2595.0172    37     2579.7889 UserPurge2: 1     9946    0.59%
      0     0     2595.0067    36     2579.7889 UserPurge2: 1     9962    0.59%
      0     0     2594.9744    36     2579.7889 UserPurge2: 1     9994    0.59%
      0     0     2594.9683    37     2579.7889 UserPurge2: 1    10014    0.59%
      0     0     2594.9596    38     2579.7889 UserPurge2: 1    10043    0.59%
      0     0     2594.9552    39     2579.7889 UserPurge2: 1    10063    0.59%
      0     0     2594.9461    39     2579.7889 UserPurge2: 1    10095    0.59%
      0     0     2594.9333    40     2579.7889 UserPurge2: 1    10115    0.59%
      0     0     2594.9260    41     2579.7889 UserPurge2: 1    10137    0.59%
      0     0     2594.9169    41     2579.7889 UserPurge2: 1    10163    0.59%
      0     0     2594.9119    40     2579.7889 UserPurge2: 1    10189    0.59%
      0     0     2594.9039    41     2579.7889 UserPurge2: 1    10211    0.59%
      0     0     2594.9012    42     2579.7889 UserPurge2: 1    10226    0.59%
      0     0     2594.8955    43     2579.7889 UserPurge2: 1    10261    0.59%
      0     0     2594.8897    43     2579.7889 UserPurge2: 1    10296    0.59%
      0     0     2594.8864    44     2579.7889 UserPurge2: 1    10314    0.59%
      0     0     2594.8800    45     2579.7889 UserPurge2: 1    10340    0.58%
      0     0     2594.8724    46     2579.7889 UserPurge2: 1    10372    0.58%
      0     0     2594.8620    46     2579.7889 UserPurge2: 1    10395    0.58%
      0     0     2594.8576    46     2579.7889 UserPurge2: 1    10412    0.58%
      0     0     2594.8450    46     2579.7889 UserPurge2: 1    10449    0.58%
      0     0     2594.8318    46     2579.7889 UserPurge2: 1    10489    0.58%
      0     0     2594.7959    45     2579.7889 UserPurge2: 1    10532    0.58%
      0     0     2594.7740    44     2579.7889 UserPurge2: 1    10564    0.58%
      0     0     2594.7438    44     2579.7889 UserPurge2: 1    10603    0.58%
      0     0     2594.7259    44     2579.7889 UserPurge2: 1    10629    0.58%
      0     0     2594.7036    43     2579.7889 UserPurge2: 1    10659    0.58%
      0     0     2594.6917    43     2579.7889 UserPurge2: 1    10680    0.58%
      0     0     2594.6760    43     2579.7889 UserPurge2: 1    10710    0.58%
      0     0     2594.6610    43     2579.7889 UserPurge2: 1    10751    0.58%
      0     0     2594.6522    43     2579.7889 UserPurge2: 1    10771    0.58%
      0     0     2594.6272    43     2579.7889 UserPurge2: 1    10796    0.58%
      0     0     2594.6002    44     2579.7889 UserPurge2: 1    10815    0.57%
      0     0     2594.5900    45     2579.7889 UserPurge2: 1    10833    0.57%
      0     0     2594.5669    45     2579.7889 UserPurge2: 1    10863    0.57%
      0     0     2594.5577    45     2579.7889 UserPurge2: 1    10881    0.57%
      0     0     2594.5442    46     2579.7889 UserPurge2: 1    10908    0.57%
      0     0     2594.5285    46     2579.7889 UserPurge2: 1    10932    0.57%
      0     0     2594.5074    46     2579.7889 UserPurge2: 1    10970    0.57%
      0     0     2594.4688    45     2579.7889 UserPurge2: 1    11012    0.57%
      0     0     2594.4304    44     2579.7889 UserPurge2: 1    11043    0.57%
      0     0     2594.4007    44     2579.7889 UserPurge2: 1    11077    0.57%
      0     0     2594.3562    43     2579.7889 UserPurge2: 1    11112    0.56%
      0     0     2594.3049    40     2579.7889 UserPurge2: 1    11161    0.56%
*     0+    0                         2582.5010     2594.3049             0.46%
      0     0     2594.2860    40     2582.5010 UserPurge2: 1    11190    0.46%
      0     0     2594.2561    40     2582.5010 UserPurge2: 1    11223    0.46%
      0     0     2594.2373    41     2582.5010 UserPurge2: 1    11253    0.45%
      0     0     2594.2292    41     2582.5010 UserPurge2: 1    11277    0.45%
      0     0     2594.2020    41     2582.5010 UserPurge2: 1    11305    0.45%
      0     0     2594.1804    40     2582.5010 UserPurge2: 1    11337    0.45%
      0     0     2594.1500    40     2582.5010 UserPurge2: 1    11364    0.45%
      0     0     2594.1256    41     2582.5010 UserPurge2: 1    11387    0.45%
      0     0     2594.0974    42     2582.5010 UserPurge2: 1    11406    0.45%
      0     0     2594.0750    42     2582.5010 UserPurge2: 1    11426    0.45%
      0     0     2594.0245    41     2582.5010 UserPurge2: 1    11448    0.45%
      0     0     2593.9966    41     2582.5010 UserPurge2: 1    11468    0.45%
      0     0     2593.9793    42     2582.5010 UserPurge2: 1    11497    0.44%
      0     0     2593.9563    42     2582.5010 UserPurge2: 1    11519    0.44%
      0     0     2593.9166    40     2582.5010 UserPurge2: 1    11556    0.44%
      0     0     2593.8971    41     2582.5010 UserPurge2: 1    11573    0.44%
      0     0     2593.8814    42     2582.5010 UserPurge2: 1    11591    0.44%
      0     0     2593.8707    43     2582.5010 UserPurge2: 1    11610    0.44%
      0     0     2593.8641    44     2582.5010 UserPurge2: 1    11628    0.44%
      0     0     2593.8547    45     2582.5010 UserPurge2: 1    11643    0.44%
      0     0     2593.8463    46     2582.5010 UserPurge2: 1    11669    0.44%
      0     0     2593.8292    46     2582.5010 UserPurge2: 1    11694    0.44%
      0     0     2593.8126    47     2582.5010 UserPurge2: 1    11730    0.44%
*     0+    0                         2583.4907     2593.8126             0.40%
      0     0     2593.7857    46     2583.4907 UserPurge2: 1    11775    0.40%
      0     0     2593.7663    45     2583.4907 UserPurge2: 1    11803    0.40%
      0     0     2593.7541    45     2583.4907 UserPurge2: 1    11826    0.40%
      0     0     2593.7361    44     2583.4907 UserPurge2: 1    11854    0.40%
      0     0     2593.7238    45     2583.4907 UserPurge2: 1    11878    0.40%
      0     0     2593.7156    46     2583.4907 UserPurge2: 1    11903    0.40%
      0     0     2593.7021    46     2583.4907 UserPurge2: 1    11926    0.40%
      0     0     2593.6881    46     2583.4907 UserPurge2: 1    11958    0.39%
      0     0     2593.6757    47     2583.4907 UserPurge2: 1    11985    0.39%
      0     0     2593.6620    47     2583.4907 UserPurge2: 1    12020    0.39%
      0     0     2593.6340    45     2583.4907 UserPurge2: 1    12057    0.39%
      0     0     2593.6276    45     2583.4907 UserPurge2: 1    12080    0.39%
      0     0     2593.6002    45     2583.4907 UserPurge2: 1    12111    0.39%
      0     0     2593.5822    46     2583.4907 UserPurge2: 1    12139    0.39%
      0     0     2593.5689    47     2583.4907 UserPurge2: 1    12166    0.39%
      0     0     2593.5539    47     2583.4907 UserPurge2: 1    12190    0.39%
      0     0     2593.5343    46     2583.4907 UserPurge2: 1    12221    0.39%
      0     0     2593.5204    47     2583.4907 UserPurge2: 1    12246    0.39%
      0     0     2593.4950    46     2583.4907 UserPurge2: 1    12277    0.39%
      0     0     2593.4866    47     2583.4907 UserPurge2: 1    12296    0.39%
      0     0     2593.4705    47     2583.4907 UserPurge2: 1    12333    0.39%
      0     0     2593.4503    48     2583.4907 UserPurge2: 1    12362    0.39%
      0     0     2593.4250    48     2583.4907 UserPurge2: 1    12394    0.38%
      0     0     2593.4047    48     2583.4907 UserPurge2: 1    12425    0.38%
      0     0     2593.3794    48     2583.4907 UserPurge2: 1    12458    0.38%
      0     0     2593.3429    46     2583.4907 UserPurge2: 1    12492    0.38%
      0     0     2593.3151    45     2583.4907 UserPurge2: 1    12522    0.38%
      0     0     2593.2834    46     2583.4907 UserPurge2: 1    12563    0.38%
      0     0     2593.2637    46     2583.4907 UserPurge2: 1    12592    0.38%
      0     0     2593.2322    46     2583.4907 UserPurge2: 1    12619    0.38%
      0     0     2593.2027    46     2583.4907 UserPurge2: 1    12648    0.38%
      0     0     2593.1761    46     2583.4907 UserPurge2: 1    12687    0.37%
      0     0     2593.1572    45     2583.4907 UserPurge2: 1    12719    0.37%
      0     0     2593.1355    43     2583.4907 UserPurge2: 1    12761    0.37%
      0     0     2593.1231    44     2583.4907 UserPurge2: 1    12788    0.37%
      0     0     2593.1122    44     2583.4907 UserPurge2: 1    12810    0.37%
      0     0     2593.0870    44     2583.4907 UserPurge2: 1    12838    0.37%
      0     0     2593.0434    43     2583.4907 UserPurge2: 1    12880    0.37%
      0     0     2593.0236    44     2583.4907 UserPurge2: 1    12906    0.37%
      0     0     2592.9975    42     2583.4907 UserPurge2: 1    12935    0.37%
      0     0     2592.9751    41     2583.4907 UserPurge2: 1    12962    0.37%
      0     0     2592.9563    42     2583.4907 UserPurge2: 1    12989    0.37%
      0     0     2592.9453    43     2583.4907 UserPurge2: 1    13011    0.37%
      0     0     2592.9282    42     2583.4907 UserPurge2: 1    13037    0.37%
      0     0     2592.9161    43     2583.4907 UserPurge2: 1    13063    0.36%
      0     0     2592.8988    43     2583.4907 UserPurge2: 1    13098    0.36%
      0     0     2592.8739    44     2583.4907 UserPurge2: 1    13131    0.36%
      0     0     2592.8424    43     2583.4907 UserPurge2: 1    13176    0.36%
      0     0     2592.8268    42     2583.4907 UserPurge2: 1    13200    0.36%
      0     0     2592.8216    41     2583.4907 UserPurge2: 1    13216    0.36%
      0     0     2592.8160    42     2583.4907 UserPurge2: 1    13232    0.36%
      0     0     2592.7999    42     2583.4907 UserPurge2: 1    13281    0.36%
      0     0     2592.7933    43     2583.4907 UserPurge2: 1    13308    0.36%
      0     0     2592.7894    44     2583.4907 UserPurge2: 1    13327    0.36%
      0     0     2592.7847    45     2583.4907 UserPurge2: 1    13359    0.36%
      0     0     2592.7824    46     2583.4907 UserPurge2: 1    13377    0.36%
      0     0     2592.7690    45     2583.4907 UserPurge2: 1    13408    0.36%
      0     0     2592.7540    45     2583.4907 UserPurge2: 1    13438    0.36%
*     0+    0                         2586.7736     2592.7540             0.23%
      0     2     2592.7540    45     2586.7736     2592.7538    13438    0.23%
Elapsed time = 49.75 sec. (5964.18 ticks, tree = 0.01 MB, solutions = 4)
      1     3     2588.6755    25     2586.7736     2592.7538    62997    0.23%
      2     4     2589.5588    21     2586.7736     2589.5587    76751    0.11%
      3     5     2588.9704    20     2586.7736     2589.5587    85488    0.11%
      4     6     2589.1575    20     2586.7736     2589.1574   104670    0.09%
      5     7     2589.0238    19     2586.7736     2589.1574   108234    0.09%
      6     8     2588.8726    18     2586.7736     2589.1574   118594    0.09%
      7     9     2588.5535    18     2586.7736     2589.1574   131773    0.09%
*     8     8      integral     0     2588.0842     2589.1574   136869    0.04%
      8     8     2588.0842     0     2588.0842     2589.1574   136869    0.04%
      9     9     2588.4554    18     2588.0842     2589.1574   144795    0.04%
     11     9     2588.3289    18     2588.0842     2589.1574   152713    0.04%
Elapsed time = 594.90 sec. (241588.52 ticks, tree = 0.16 MB, solutions = 5)
*    12     8      integral     0     2588.1353     2589.1574   154693    0.04%
     12     8     2588.1353     0     2588.1353     2589.1574   154693    0.04%
     13     7        cutoff           2588.1353     2589.1574   158953    0.04%
     15     7     2588.9943    21     2588.1353     2589.0238   161343    0.03%
     16     8     2588.2943    18     2588.1353     2589.0238   173884    0.03%
     19     5        cutoff           2588.1353     2588.9943   174603    0.03%
     20     4        cutoff           2588.1353     2588.9703   175696    0.03%
     21     5     2588.9127    14     2588.1353     2588.9703   177036    0.03%
*    22     2      integral     0     2588.8542     2588.9703   177187    0.00%
     24     2     2588.9364    18     2588.8542     2588.9364   180253    0.00%
*    25     1      integral     0     2588.8661     2588.9364   181669    0.00%
Elapsed time = 832.47 sec. (366987.67 ticks, tree = 0.01 MB, solutions = 8)
*    26     0      integral     0     2588.9173     2588.9364   181848    0.00%

User cuts applied:  9875

Root node processing (before b&c):
  Real time             =   49.76 sec. (5986.73 ticks)
Sequential b&c:
  Real time             =  787.88 sec. (361698.09 ticks)
                          ------------
Total (root+branch&cut) =  837.64 sec. (367684.82 ticks)
@Parameters: 
is_S_cut                                true
is_add_all_yinF                         true
is_start_value                          true
is_usercut                              true
is_visualization                        false
uc_only_rootnode                        false

data                                    Qi
fn                                      data/Qi/instance_800_800.csv
mode                                    NewSubmodular
solver                                  cplex

p                                       10
r                                       5

EPS                                     1.0e-06
EPS_vio                                 1.0e-04
beta                                    0.10
gap                                     0.00
nodelimit                               Inf
timelimit                               7200.00


@PrintInfos
ItCnt: 181848
Current gap: 0.00 %
Termination Status: OPTIMAL
Primal Status: FEASIBLE_POINT
Solve Time: 837.64 sec
Objective Value: 2588.917254
Number of Nodes:     27

CutInfo: [phase] num / time (sec) 
ZLP             [phase1]     0 / 0.00 [rLC]     0 / 0.00 [rUC]     0 / 0.00 [sLC]     0 / 0.00 [sUC]     0 / 0.00 
OldSubmodular   [phase1]     0 / 0.00 [rLC]     0 / 0.00 [rUC]     0 / 0.00 [sLC]     0 / 0.00 [sUC]     0 / 0.00 
NewSubmodular   [phase1]     0 / 0.00 [rLC]   141 / 27.42 [rUC]   606 / 16.29 [sLC]     0 / 19.63 [sUC]  9825 / 431.00 
PMP             [phase1]     0 / 0.00 [rLC]     6 / 23.58 [rUC]     0 / 0.00 [sLC]     5 / 19.60 [sUC]    29 / 139.08 
Separation Round: [phase1] 0  [rLC] 140  [rUC] 523  [sLC] 5  [sUC] 2657
Root Best Bound 2589.558709
Root Best Integer: 2586.773578
Best Bound: 2588.917254
Best Integer: 2588.917254

