Version identifier: 20.1.0.0 | 2020-11-10 | 9bedb6d68
CPXPARAM_Threads                                 1
CPXPARAM_TimeLimit                               7200
CPXPARAM_MIP_Tolerances_MIPGap                   0
Generic callback                                 0x60
1 of 1 MIP starts provided solutions.
MIP start 'm1' defined initial solution with objective 2178.3106.
Tried aggregator 1 time.
Reduced MIP has 1 rows, 501 columns, and 500 nonzeros.
Reduced MIP has 500 binaries, 0 generals, 0 SOSs, and 0 indicators.
Presolve time = 0.00 sec. (0.15 ticks)
Probing time = 0.00 sec. (0.05 ticks)
Tried aggregator 1 time.
Reduced MIP has 1 rows, 501 columns, and 500 nonzeros.
Reduced MIP has 500 binaries, 0 generals, 0 SOSs, and 0 indicators.
Presolve time = 0.00 sec. (0.15 ticks)
Probing time = 0.00 sec. (0.05 ticks)
MIP emphasis: balance optimality and feasibility.
MIP search method: dynamic search.
Parallel mode: none, using 1 thread.
Root relaxation solution time = 0.00 sec. (0.10 ticks)

        Nodes                                         Cuts/
   Node  Left     Objective  IInf  Best Integer    Best Bound    ItCnt     Gap

*     0+    0                         2178.3106     4368.0000           100.52%
      0     0     3008.5992     2     2178.3106     4368.0000        0  100.52%
      0     0     2937.3887     4     2178.3106 UserPurge2: 1        4   34.85%
      0     0     2738.1925     5     2178.3106 UserPurge2: 1       12   25.70%
      0     0     2622.5395     6     2178.3106 UserPurge2: 1       31   20.39%
      0     0     2476.5187     6     2178.3106 UserPurge2: 1       45   13.69%
      0     0     2444.8570     7     2178.3106 UserPurge2: 1       59   12.24%
      0     0     2407.0517     8     2178.3106 UserPurge2: 1       84   10.50%
      0     0     2384.5783    10     2178.3106 UserPurge2: 1      117    9.47%
      0     0     2356.7087     9     2178.3106 UserPurge2: 1      130    8.19%
      0     0     2345.8825    11     2178.3106 UserPurge2: 1      146    7.69%
      0     0     2338.7774    13     2178.3106 UserPurge2: 1      167    7.37%
      0     0     2326.3728    13     2178.3106 UserPurge2: 1      189    6.80%
      0     0     2320.4184    13     2178.3106 UserPurge2: 1      203    6.52%
      0     0     2318.5605    14     2178.3106 UserPurge1: 1      208    6.44%
      0     0     2315.1963    15     2178.3106 UserPurge2: 1      226    6.28%
      0     0     2311.7664    17     2178.3106 UserPurge2: 1      248    6.13%
      0     0     2310.9717    18     2178.3106 UserPurge1: 1      256    6.09%
      0     0     2309.7052    19     2178.3106 UserPurge1: 1      264    6.03%
      0     0     2308.5492    20     2178.3106 UserPurge1: 1      268    5.98%
      0     0     2300.9703    16     2178.3106 UserPurge2: 1      321    5.63%
      0     0     2298.4457    15     2178.3106 UserPurge1: 1      325    5.52%
      0     0     2297.6175    16     2178.3106 UserPurge1: 1      339    5.48%
      0     0     2296.6081    17     2178.3106 UserPurge1: 1      345    5.43%
      0     0     2296.0374    19     2178.3106 UserPurge1: 1      360    5.40%
      0     0     2292.5969    16     2178.3106 UserPurge2: 1      390    5.25%
      0     0     2288.4916    17     2178.3106 UserPurge1: 1      394    5.06%
      0     0     2283.7268    17     2178.3106 UserPurge2: 1      412    4.84%
      0     0     2280.5203    16     2178.3106 UserPurge2: 1      433    4.69%
      0     0     2279.7240    18     2178.3106 UserPurge1: 1      440    4.66%
      0     0     2278.2513    18     2178.3106 UserPurge2: 1      459    4.59%
      0     0     2276.0225    16     2178.3106 UserPurge2: 1      483    4.49%
      0     0     2274.9921    17     2178.3106 UserPurge1: 1      491    4.44%
      0     0     2271.7387    16     2178.3106 UserPurge2: 1      520    4.29%
      0     0     2271.0767    16     2178.3106 UserPurge1: 2      527    4.26%
      0     0     2267.4592    14     2178.3106 UserPurge2: 1      549    4.09%
      0     0     2265.9072    15     2178.3106 UserPurge2: 1      560    4.02%
      0     0     2263.9000    15     2178.3106 UserPurge2: 1      581    3.93%
      0     0     2260.3175    15     2178.3106 UserPurge2: 1      596    3.76%
      0     0     2257.7326    16     2178.3106 UserPurge2: 1      614    3.65%
      0     0     2256.5595    16     2178.3106 UserPurge2: 1      632    3.59%
      0     0     2253.8630    14     2178.3106 UserPurge2: 1      653    3.47%
      0     0     2252.5130    14     2178.3106 UserPurge2: 1      669    3.41%
      0     0     2251.6829    16     2178.3106 UserPurge2: 1      680    3.37%
      0     0     2250.5013    16     2178.3106 UserPurge2: 1      693    3.31%
      0     0     2247.0810    15     2178.3106 UserPurge2: 1      718    3.16%
      0     0     2246.0216    14     2178.3106 UserPurge2: 1      735    3.11%
      0     0     2245.3273    16     2178.3106 UserPurge2: 1      743    3.08%
      0     0     2244.7271    17     2178.3106 UserPurge2: 1      757    3.05%
      0     0     2243.5839    16     2178.3106 UserPurge2: 1      773    3.00%
      0     0     2242.4875    16     2178.3106 UserPurge2: 1      792    2.95%
      0     0     2240.5667    15     2178.3106 UserPurge2: 1      807    2.86%
      0     0     2240.0998    17     2178.3106 UserPurge2: 1      820    2.84%
      0     0     2239.4594    17     2178.3106 UserPurge2: 1      835    2.81%
      0     0     2238.8241    18     2178.3106 UserPurge2: 1      845    2.78%
      0     0     2238.0902    18     2178.3106 UserPurge2: 1      866    2.74%
      0     0     2237.9036    20     2178.3106 UserPurge2: 1      873    2.74%
      0     0     2237.4670    20     2178.3106 UserPurge2: 1      901    2.72%
      0     0     2236.8195    21     2178.3106 UserPurge2: 1      924    2.69%
      0     0     2235.9044    21     2178.3106 UserPurge2: 1      943    2.64%
      0     0     2234.0335    21     2178.3106 UserPurge2: 1      972    2.56%
      0     0     2233.0163    21     2178.3106 UserPurge2: 1      986    2.51%
      0     0     2231.8064    20     2178.3106 UserPurge2: 1     1013    2.46%
      0     0     2228.6401    18     2178.3106 UserPurge2: 1     1037    2.31%
      0     0     2228.1112    18     2178.3106 UserPurge2: 1     1049    2.29%
      0     0     2227.5981    19     2178.3106 UserPurge2: 1     1066    2.26%
      0     0     2227.3196    20     2178.3106 UserPurge2: 1     1084    2.25%
      0     0     2226.1013    20     2178.3106 UserPurge2: 1     1110    2.19%
      0     0     2225.8317    20     2178.3106 UserPurge2: 1     1125    2.18%
      0     0     2224.5986    18     2178.3106 UserPurge2: 1     1149    2.12%
      0     0     2224.1427    17     2178.3106 UserPurge2: 1     1165    2.10%
      0     0     2223.6810    18     2178.3106 UserPurge2: 1     1182    2.08%
      0     0     2223.2081    18     2178.3106 UserPurge2: 1     1198    2.06%
      0     0     2222.9549    19     2178.3106 UserPurge2: 1     1211    2.05%
      0     0     2222.2342    19     2178.3106 UserPurge2: 1     1224    2.02%
      0     0     2221.6313    19     2178.3106 UserPurge2: 1     1236    1.99%
      0     0     2220.5891    18     2178.3106 UserPurge2: 1     1255    1.94%
      0     0     2219.4902    17     2178.3106 UserPurge2: 1     1275    1.89%
      0     0     2219.2748    18     2178.3106 UserPurge2: 1     1284    1.88%
      0     0     2218.6795    18     2178.3106 UserPurge2: 1     1300    1.85%
      0     0     2218.1221    18     2178.3106 UserPurge2: 1     1313    1.83%
      0     0     2217.9112    18     2178.3106 UserPurge2: 1     1317    1.82%
      0     0     2217.7012    19     2178.3106 UserPurge2: 1     1337    1.81%
      0     0     2217.4655    19     2178.3106 UserPurge2: 1     1357    1.80%
      0     0     2217.1758    20     2178.3106 UserPurge2: 1     1372    1.78%
      0     0     2216.6409    20     2178.3106 UserPurge2: 1     1391    1.76%
      0     0     2216.5760    22     2178.3106 UserPurge2: 1     1399    1.76%
      0     0     2216.2560    22     2178.3106 UserPurge2: 1     1422    1.74%
      0     0     2215.5526    21     2178.3106 UserPurge2: 1     1453    1.71%
      0     0     2215.2140    21     2178.3106 UserPurge2: 1     1476    1.69%
      0     0     2214.8579    21     2178.3106 UserPurge2: 1     1493    1.68%
      0     0     2214.4944    22     2178.3106 UserPurge2: 1     1517    1.66%
      0     0     2213.4364    20     2178.3106 UserPurge2: 1     1546    1.61%
      0     0     2213.3346    21     2178.3106 UserPurge2: 1     1560    1.61%
      0     0     2213.0421    20     2178.3106 UserPurge2: 1     1576    1.59%
      0     0     2212.7454    19     2178.3106 UserPurge2: 1     1593    1.58%
      0     0     2212.4561    20     2178.3106 UserPurge2: 1     1606    1.57%
      0     0     2212.2183    21     2178.3106 UserPurge2: 1     1617    1.56%
      0     0     2212.0337    21     2178.3106 UserPurge2: 1     1629    1.55%
      0     0     2211.9653    22     2178.3106 UserPurge2: 1     1644    1.54%
      0     0     2211.5733    23     2178.3106 UserPurge2: 1     1663    1.53%
      0     0     2211.3818    23     2178.3106 UserPurge2: 1     1676    1.52%
      0     0     2210.8929    21     2178.3106 UserPurge2: 1     1707    1.50%
      0     0     2210.5252    22     2178.3106 UserPurge2: 1     1725    1.48%
      0     0     2210.1925    22     2178.3106 UserPurge2: 1     1739    1.46%
      0     0     2209.3505    20     2178.3106 UserPurge2: 1     1770    1.42%
      0     0     2208.6184    20     2178.3106 UserPurge2: 1     1796    1.39%
      0     0     2208.4227    21     2178.3106 UserPurge2: 1     1818    1.38%
      0     0     2208.1623    21     2178.3106 UserPurge2: 1     1839    1.37%
      0     0     2208.0841    21     2178.3106 UserPurge2: 1     1856    1.37%
      0     0     2207.9941    22     2178.3106 UserPurge2: 1     1870    1.36%
      0     0     2207.9404    22     2178.3106 UserPurge2: 1     1882    1.36%
      0     0     2207.8075    23     2178.3106 UserPurge2: 1     1895    1.35%
      0     0     2207.6758    24     2178.3106 UserPurge2: 1     1916    1.35%
      0     0     2207.5117    24     2178.3106 UserPurge2: 1     1936    1.34%
      0     0     2207.2852    24     2178.3106 UserPurge2: 1     1954    1.33%
      0     0     2207.2372    25     2178.3106 UserPurge2: 1     1964    1.33%
      0     0     2207.1362    25     2178.3106 UserPurge2: 1     1979    1.32%
      0     0     2207.0403    24     2178.3106 UserPurge2: 1     1996    1.32%
      0     0     2206.8931    25     2178.3106 UserPurge2: 1     2013    1.31%
      0     0     2206.8492    26     2178.3106 UserPurge2: 1     2025    1.31%
      0     0     2206.7563    26     2178.3106 UserPurge2: 1     2030    1.31%
      0     0     2206.5325    26     2178.3106 UserPurge2: 1     2049    1.30%
      0     0     2206.2533    25     2178.3106 UserPurge2: 1     2081    1.28%
      0     0     2205.8323    24     2178.3106 UserPurge2: 1     2117    1.26%
      0     0     2205.5806    24     2178.3106 UserPurge2: 1     2130    1.25%
      0     0     2205.1915    23     2178.3106 UserPurge2: 1     2147    1.23%
      0     0     2204.8490    22     2178.3106 UserPurge2: 1     2167    1.22%
      0     0     2204.7070    23     2178.3106 UserPurge2: 1     2183    1.21%
      0     0     2204.4641    23     2178.3106 UserPurge2: 1     2209    1.20%
      0     0     2204.3566    24     2178.3106 UserPurge2: 1     2224    1.20%
      0     0     2204.2525    24     2178.3106 UserPurge2: 1     2241    1.19%
      0     0     2204.1589    24     2178.3106 UserPurge2: 1     2259    1.19%
      0     0     2204.0779    25     2178.3106 UserPurge2: 1     2265    1.18%
      0     0     2204.0538    26     2178.3106 UserPurge2: 1     2272    1.18%
      0     0     2204.0056    27     2178.3106 UserPurge2: 1     2283    1.18%
      0     0     2203.9236    27     2178.3106 UserPurge2: 1     2297    1.18%
      0     0     2203.8420    28     2178.3106 UserPurge2: 1     2310    1.17%
      0     0     2203.5565    27     2178.3106 UserPurge2: 1     2336    1.16%
      0     0     2203.3373    28     2178.3106 UserPurge2: 1     2358    1.15%
      0     0     2203.2782    29     2178.3106 UserPurge2: 1     2378    1.15%
      0     0     2203.2214    28     2178.3106 UserPurge2: 1     2392    1.14%
      0     0     2203.1452    29     2178.3106 UserPurge2: 1     2411    1.14%
      0     0     2203.0909    30     2178.3106 UserPurge2: 1     2426    1.14%
      0     0     2202.9610    30     2178.3106 UserPurge2: 1     2451    1.13%
      0     0     2202.3056    26     2178.3106 UserPurge2: 1     2495    1.10%
      0     0     2201.6135    23     2178.3106 UserPurge2: 1     2526    1.07%
      0     0     2201.5271    24     2178.3106 UserPurge2: 1     2539    1.07%
      0     0     2201.3427    24     2178.3106 UserPurge2: 1     2550    1.06%
      0     0     2201.2121    25     2178.3106 UserPurge2: 1     2565    1.05%
      0     0     2201.1334    26     2178.3106 UserPurge2: 1     2577    1.05%
      0     0     2201.0112    27     2178.3106 UserPurge2: 1     2590    1.04%
      0     0     2200.8105    26     2178.3106 UserPurge2: 1     2613    1.03%
      0     0     2200.6946    26     2178.3106 UserPurge2: 1     2628    1.03%
      0     0     2200.4038    26     2178.3106 UserPurge2: 1     2653    1.01%
      0     0     2200.2373    26     2178.3106 UserPurge2: 1     2673    1.01%
      0     0     2200.0088    25     2178.3106 UserPurge2: 1     2698    1.00%
      0     0     2199.8198    26     2178.3106 UserPurge2: 1     2719    0.99%
      0     0     2199.7164    26     2178.3106 UserPurge2: 1     2732    0.98%
      0     0     2199.6839    27     2178.3106 UserPurge2: 1     2740    0.98%
      0     0     2199.6104    28     2178.3106 UserPurge2: 1     2752    0.98%
      0     0     2199.5344    29     2178.3106 UserPurge2: 1     2763    0.97%
      0     0     2199.5069    29     2178.3106 UserPurge2: 1     2774    0.97%
      0     0     2199.2641    26     2178.3106 UserPurge2: 1     2793    0.96%
      0     0     2198.8638    26     2178.3106 UserPurge2: 1     2810    0.94%
      0     0     2198.4796    25     2178.3106 UserPurge2: 1     2832    0.93%
      0     0     2198.3703    25     2178.3106 UserPurge2: 1     2843    0.92%
      0     0     2198.2380    26     2178.3106 UserPurge2: 1     2865    0.91%
      0     0     2197.9750    26     2178.3106 UserPurge2: 1     2885    0.90%
      0     0     2197.9345    26     2178.3106 UserPurge2: 1     2897    0.90%
      0     0     2197.9040    27     2178.3106 UserPurge2: 1     2906    0.90%
      0     0     2197.8620    27     2178.3106 UserPurge2: 1     2916    0.90%
      0     0     2197.7581    27     2178.3106 UserPurge2: 1     2939    0.89%
      0     0     2197.6749    27     2178.3106 UserPurge2: 1     2952    0.89%
      0     0     2197.6311    27     2178.3106 UserPurge2: 1     2966    0.89%
      0     0     2197.5255    27     2178.3106 UserPurge2: 1     3006    0.88%
      0     0     2197.5012    28     2178.3106 UserPurge2: 1     3019    0.88%
      0     0     2197.4767    29     2178.3106 UserPurge2: 1     3040    0.88%
      0     0     2197.4218    29     2178.3106 UserPurge2: 1     3060    0.88%
      0     0     2197.2677    28     2178.3106 UserPurge2: 1     3083    0.87%
      0     0     2197.2339    28     2178.3106 UserPurge2: 1     3100    0.87%
      0     0     2197.1632    29     2178.3106 UserPurge2: 1     3118    0.87%
      0     0     2197.1450    30     2178.3106 UserPurge2: 1     3122    0.86%
      0     0     2197.0952    30     2178.3106 UserPurge2: 1     3139    0.86%
      0     0     2196.9525    30     2178.3106 UserPurge2: 1     3167    0.86%
      0     0     2196.7736    30     2178.3106 UserPurge2: 1     3202    0.85%
      0     0     2196.5208    30     2178.3106 UserPurge2: 1     3230    0.84%
      0     0     2196.4469    30     2178.3106 UserPurge2: 1     3247    0.83%
      0     0     2196.2833    30     2178.3106 UserPurge2: 1     3269    0.83%
      0     0     2196.0982    28     2178.3106 UserPurge2: 1     3295    0.82%
      0     0     2196.0218    27     2178.3106 UserPurge2: 1     3314    0.81%
      0     0     2195.9889    28     2178.3106 UserPurge2: 1     3327    0.81%
      0     0     2195.9576    29     2178.3106 UserPurge2: 1     3338    0.81%
      0     0     2195.9441    30     2178.3106 UserPurge2: 1     3345    0.81%
      0     0     2195.8811    30     2178.3106 UserPurge2: 1     3359    0.81%
      0     0     2195.8425    31     2178.3106 UserPurge2: 1     3374    0.80%
      0     0     2195.7099    29     2178.3106 UserPurge2: 1     3395    0.80%
      0     0     2195.6501    29     2178.3106 UserPurge2: 1     3410    0.80%
      0     0     2195.6175    30     2178.3106 UserPurge2: 1     3432    0.79%
      0     0     2195.5781    31     2178.3106 UserPurge2: 1     3452    0.79%
      0     0     2195.4956    31     2178.3106 UserPurge2: 1     3476    0.79%
      0     0     2195.3515    30     2178.3106 UserPurge2: 1     3505    0.78%
      0     0     2195.2532    30     2178.3106 UserPurge2: 1     3524    0.78%
      0     0     2194.6953    27     2178.3106 UserPurge2: 1     3571    0.75%
      0     0     2194.4384    27     2178.3106 UserPurge2: 1     3587    0.74%
      0     0     2194.3252    27     2178.3106 UserPurge2: 1     3604    0.74%
      0     0     2194.2821    27     2178.3106 UserPurge2: 1     3613    0.73%
      0     0     2194.2440    27     2178.3106 UserPurge2: 1     3623    0.73%
      0     0     2194.1075    26     2178.3106 UserPurge2: 1     3644    0.73%
      0     0     2193.9982    27     2178.3106 UserPurge2: 1     3664    0.72%
      0     0     2193.8510    26     2178.3106 UserPurge2: 1     3685    0.71%
      0     0     2193.7149    26     2178.3106 UserPurge2: 1     3705    0.71%
      0     0     2193.6265    26     2178.3106 UserPurge2: 1     3725    0.70%
      0     0     2193.5307    26     2178.3106 UserPurge2: 1     3738    0.70%
      0     0     2193.5161    27     2178.3106 UserPurge2: 1     3749    0.70%
      0     0     2193.4438    27     2178.3106 UserPurge2: 1     3761    0.69%
      0     0     2193.3843    27     2178.3106 UserPurge2: 1     3776    0.69%
      0     0     2193.3721    28     2178.3106 UserPurge2: 1     3784    0.69%
      0     0     2193.3384    29     2178.3106 UserPurge2: 1     3797    0.69%
      0     0     2193.2735    30     2178.3106 UserPurge2: 1     3820    0.69%
      0     0     2193.2329    30     2178.3106 UserPurge2: 1     3831    0.69%
      0     0     2193.2045    29     2178.3106 UserPurge2: 1     3840    0.68%
      0     0     2193.1890    29     2178.3106 UserPurge2: 1     3853    0.68%
      0     0     2193.1827    30     2178.3106 UserPurge2: 1     3861    0.68%
      0     0     2193.1232    30     2178.3106 UserPurge2: 1     3885    0.68%
      0     0     2193.0742    31     2178.3106 UserPurge2: 1     3896    0.68%
      0     0     2193.0277    32     2178.3106 UserPurge2: 1     3909    0.68%
      0     0     2192.9688    32     2178.3106 UserPurge2: 1     3933    0.67%
      0     0     2192.9121    31     2178.3106 UserPurge2: 1     3953    0.67%
      0     0     2192.8833    31     2178.3106 UserPurge2: 1     3976    0.67%
      0     0     2192.8453    31     2178.3106 UserPurge2: 1     3984    0.67%
      0     0     2192.8274    32     2178.3106 UserPurge2: 1     4003    0.67%
      0     0     2192.7780    31     2178.3106 UserPurge2: 1     4018    0.66%
      0     0     2192.6782    31     2178.3106 UserPurge2: 1     4037    0.66%
      0     0     2192.6390    32     2178.3106 UserPurge2: 1     4047    0.66%
      0     0     2192.5965    33     2178.3106 UserPurge2: 1     4066    0.66%
      0     0     2192.5175    33     2178.3106 UserPurge2: 1     4082    0.65%
      0     0     2192.4546    32     2178.3106 UserPurge2: 1     4106    0.65%
      0     0     2192.3403    31     2178.3106 UserPurge2: 1     4130    0.64%
*     0+    0                         2180.1105     2192.3403             0.56%
      0     0     2192.2152    29     2180.1105 UserPurge2: 1     4169    0.56%
      0     0     2192.1541    30     2180.1105 UserPurge2: 1     4187    0.55%
      0     0     2192.0906    31     2180.1105 UserPurge2: 1     4197    0.55%
      0     0     2191.9509    30     2180.1105 UserPurge2: 1     4214    0.54%
      0     0     2191.8534    30     2180.1105 UserPurge2: 1     4236    0.54%
      0     0     2191.7959    31     2180.1105 UserPurge2: 1     4252    0.54%
      0     0     2191.7519    31     2180.1105 UserPurge2: 1     4266    0.53%
      0     0     2191.6830    31     2180.1105 UserPurge2: 1     4287    0.53%
      0     0     2191.6410    32     2180.1105 UserPurge2: 1     4300    0.53%
      0     0     2191.6141    33     2180.1105 UserPurge2: 1     4316    0.53%
      0     0     2191.5680    33     2180.1105 UserPurge2: 1     4334    0.53%
      0     0     2191.5064    33     2180.1105 UserPurge2: 1     4351    0.52%
      0     0     2191.4483    33     2180.1105 UserPurge2: 1     4371    0.52%
      0     0     2191.4118    34     2180.1105 UserPurge2: 1     4389    0.52%
      0     0     2191.3758    34     2180.1105 UserPurge2: 1     4405    0.52%
      0     0     2191.3451    35     2180.1105 UserPurge2: 1     4414    0.52%
      0     0     2191.2443    33     2180.1105 UserPurge2: 1     4440    0.51%
      0     0     2191.1187    33     2180.1105 UserPurge2: 1     4460    0.50%
      0     0     2190.9691    31     2180.1105 UserPurge2: 1     4488    0.50%
      0     0     2190.9083    31     2180.1105 UserPurge2: 1     4506    0.50%
      0     0     2190.8931    32     2180.1105 UserPurge2: 1     4519    0.49%
      0     0     2190.8824    33     2180.1105 UserPurge2: 1     4531    0.49%
      0     0     2190.8383    32     2180.1105 UserPurge2: 1     4554    0.49%
      0     0     2190.7962    32     2180.1105 UserPurge2: 1     4567    0.49%
      0     0     2190.7799    33     2180.1105 UserPurge2: 1     4581    0.49%
      0     0     2190.7484    34     2180.1105 UserPurge2: 1     4594    0.49%
      0     0     2190.7338    35     2180.1105 UserPurge2: 1     4608    0.49%
      0     0     2190.6282    36     2180.1105 UserPurge2: 1     4642    0.48%
      0     0     2190.5347    33     2180.1105 UserPurge2: 1     4660    0.48%
      0     0     2190.4625    33     2180.1105 UserPurge2: 1     4673    0.47%
      0     0     2190.4153    33     2180.1105 UserPurge2: 1     4686    0.47%
      0     0     2190.3531    34     2180.1105 UserPurge2: 1     4699    0.47%
      0     0     2190.2882    33     2180.1105 UserPurge2: 1     4723    0.47%
      0     0     2190.1753    32     2180.1105 UserPurge2: 1     4737    0.46%
      0     0     2190.1241    33     2180.1105 UserPurge2: 1     4752    0.46%
      0     0     2190.0567    32     2180.1105 UserPurge2: 1     4770    0.46%
      0     0     2190.0069    30     2180.1105 UserPurge2: 1     4783    0.45%
      0     0     2189.9807    31     2180.1105 UserPurge2: 1     4793    0.45%
      0     0     2189.9664    32     2180.1105 UserPurge2: 1     4804    0.45%
      0     0     2189.9493    32     2180.1105 UserPurge2: 1     4821    0.45%
      0     0     2189.9471    33     2180.1105 UserPurge2: 1     4827    0.45%
      0     0     2189.8898    34     2180.1105 UserPurge2: 1     4844    0.45%
      0     0     2189.8797    34     2180.1105 UserPurge2: 1     4860    0.45%
      0     0     2189.8292    35     2180.1105 UserPurge2: 1     4877    0.45%
      0     0     2189.6414    31     2180.1105 UserPurge2: 1     4910    0.44%
      0     0     2189.6196    31     2180.1105 UserPurge2: 1     4917    0.44%
      0     0     2189.6001    32     2180.1105 UserPurge2: 1     4939    0.44%
      0     0     2189.5872    32     2180.1105 UserPurge2: 1     4957    0.43%
      0     0     2189.5619    33     2180.1105 UserPurge2: 1     4966    0.43%
      0     0     2189.5433    33     2180.1105 UserPurge2: 1     4975    0.43%
      0     0     2189.5262    34     2180.1105 UserPurge2: 1     4987    0.43%
      0     0     2189.5140    34     2180.1105 UserPurge2: 1     4994    0.43%
      0     0     2189.4866    33     2180.1105 UserPurge2: 1     5008    0.43%
      0     0     2189.4775    34     2180.1105 UserPurge2: 1     5018    0.43%
      0     0     2189.4701    35     2180.1105 UserPurge2: 1     5035    0.43%
      0     0     2189.4498    36     2180.1105 UserPurge2: 1     5049    0.43%
      0     0     2189.3671    33     2180.1105 UserPurge2: 1     5099    0.42%
      0     0     2189.3205    33     2180.1105 UserPurge2: 1     5119    0.42%
      0     0     2189.2907    34     2180.1105 UserPurge2: 1     5138    0.42%
      0     0     2189.2370    33     2180.1105 UserPurge2: 1     5164    0.42%
      0     0     2189.2171    32     2180.1105 UserPurge2: 1     5186    0.42%
      0     0     2189.2014    33     2180.1105 UserPurge2: 1     5200    0.42%
      0     0     2189.1929    34     2180.1105 UserPurge2: 1     5217    0.42%
      0     0     2189.1853    35     2180.1105 UserPurge2: 1     5233    0.42%
      0     0     2189.1808    36     2180.1105 UserPurge2: 1     5244    0.42%
      0     0     2189.1692    35     2180.1105 UserPurge2: 1     5258    0.42%
      0     0     2189.1437    35     2180.1105 UserPurge2: 1     5271    0.41%
      0     0     2189.1014    35     2180.1105 UserPurge2: 1     5292    0.41%
      0     0     2189.0757    35     2180.1105 UserPurge2: 1     5318    0.41%
      0     0     2189.0107    34     2180.1105 UserPurge2: 1     5359    0.41%
      0     0     2188.9513    35     2180.1105 UserPurge2: 1     5377    0.41%
      0     0     2188.8917    33     2180.1105 UserPurge2: 1     5404    0.40%
      0     0     2188.8682    33     2180.1105 UserPurge2: 1     5422    0.40%
      0     0     2188.8364    33     2180.1105 UserPurge2: 1     5435    0.40%
      0     0     2188.8226    34     2180.1105 UserPurge2: 1     5442    0.40%
      0     0     2188.8033    35     2180.1105 UserPurge2: 1     5448    0.40%
      0     0     2188.7413    35     2180.1105 UserPurge2: 1     5471    0.40%
      0     0     2188.6955    33     2180.1105 UserPurge2: 1     5487    0.39%
      0     0     2188.6595    33     2180.1105 UserPurge2: 1     5504    0.39%
      0     0     2188.6400    33     2180.1105 UserPurge2: 1     5527    0.39%
      0     0     2188.6255    33     2180.1105 UserPurge2: 1     5542    0.39%
      0     0     2188.6198    34     2180.1105 UserPurge2: 1     5553    0.39%
      0     0     2188.5956    35     2180.1105 UserPurge2: 1     5572    0.39%
      0     0     2188.5806    35     2180.1105 UserPurge2: 1     5586    0.39%
      0     0     2188.5533    34     2180.1105 UserPurge2: 1     5598    0.39%
      0     0     2188.5307    34     2180.1105 UserPurge2: 1     5610    0.39%
      0     0     2188.5055    34     2180.1105 UserPurge2: 1     5628    0.39%
      0     0     2188.4675    34     2180.1105 UserPurge2: 1     5643    0.38%
      0     0     2188.4270    35     2180.1105 UserPurge2: 1     5672    0.38%
      0     0     2188.4140    36     2180.1105 UserPurge2: 1     5681    0.38%
      0     0     2188.3746    35     2180.1105 UserPurge2: 1     5697    0.38%
      0     0     2188.3634    36     2180.1105 UserPurge2: 1     5704    0.38%
      0     0     2188.3126    36     2180.1105 UserPurge2: 1     5738    0.38%
      0     0     2188.2693    35     2180.1105 UserPurge2: 1     5746    0.37%
      0     0     2188.2360    36     2180.1105 UserPurge2: 1     5766    0.37%
      0     0     2188.2014    37     2180.1105 UserPurge2: 1     5782    0.37%
      0     0     2188.1663    37     2180.1105 UserPurge2: 1     5801    0.37%
      0     0     2188.1285    37     2180.1105 UserPurge2: 1     5821    0.37%
      0     0     2188.1107    36     2180.1105 UserPurge2: 1     5836    0.37%
      0     0     2188.0804    37     2180.1105 UserPurge2: 1     5850    0.37%
      0     0     2188.0559    38     2180.1105 UserPurge2: 1     5862    0.36%
*     0+    0                         2182.0373     2188.0559             0.28%

Repeating presolve.
Tried aggregator 1 time.
MIP Presolve eliminated 0 rows and 129 columns.
Reduced MIP has 1 rows, 372 columns, and 371 nonzeros.
Reduced MIP has 371 binaries, 0 generals, 0 SOSs, and 0 indicators.
Presolve time = 0.00 sec. (0.14 ticks)
Probing time = 0.00 sec. (0.04 ticks)
Tried aggregator 1 time.
Reduced MIP has 1 rows, 372 columns, and 371 nonzeros.
Reduced MIP has 371 binaries, 0 generals, 0 SOSs, and 0 indicators.
Presolve time = 0.00 sec. (0.11 ticks)
Represolve time = 0.03 sec. (17.23 ticks)
Probing time = 0.00 sec. (0.04 ticks)
MIP emphasis: balance optimality and feasibility.
MIP search method: dynamic search.
Parallel mode: none, using 1 thread.
Root relaxation solution time = 0.01 sec. (9.26 ticks)

        Nodes                                         Cuts/
   Node  Left     Objective  IInf  Best Integer    Best Bound    ItCnt     Gap

*     0+    0                         2182.0373     2188.0559             0.28%
      0     0     2188.0559    38     2182.0373     2188.0559     5972    0.28%
      0     0     2188.0203    38     2182.0373 UserPurge2: 1     6001    0.27%
      0     0     2187.9900    38     2182.0373 UserPurge2: 1     6033    0.27%
      0     0     2187.9268    38     2182.0373 UserPurge2: 1     6052    0.27%
      0     0     2187.8541    36     2182.0373 UserPurge2: 1     6079    0.27%
      0     0     2187.8111    35     2182.0373 UserPurge2: 1     6098    0.26%
      0     0     2187.7308    32     2182.0373 UserPurge2: 1     6122    0.26%
      0     0     2187.7114    32     2182.0373 UserPurge2: 1     6138    0.26%
      0     0     2187.6605    32     2182.0373 UserPurge2: 1     6151    0.26%
      0     0     2187.6424    33     2182.0373 UserPurge2: 1     6162    0.26%
      0     0     2187.6158    33     2182.0373 UserPurge2: 1     6173    0.26%
      0     0     2187.5658    33     2182.0373 UserPurge2: 1     6195    0.25%
      0     0     2187.5339    33     2182.0373 UserPurge2: 1     6207    0.25%
      0     0     2187.5185    33     2182.0373 UserPurge2: 1     6220    0.25%
      0     0     2187.4723    33     2182.0373 UserPurge2: 1     6235    0.25%
      0     0     2187.4367    32     2182.0373 UserPurge2: 1     6249    0.25%
      0     0     2187.4014    32     2182.0373 UserPurge2: 1     6264    0.25%
      0     0     2187.3836    33     2182.0373 UserPurge2: 1     6274    0.25%
      0     0     2187.3589    34     2182.0373 UserPurge2: 1     6292    0.24%
      0     0     2187.3459    34     2182.0373 UserPurge2: 1     6305    0.24%
      0     0     2187.3401    35     2182.0373 UserPurge2: 1     6320    0.24%
      0     0     2187.3320    36     2182.0373 UserPurge2: 1     6337    0.24%
      0     0     2187.3172    36     2182.0373 UserPurge2: 1     6363    0.24%
      0     0     2187.3034    36     2182.0373 UserPurge2: 1     6379    0.24%
      0     0     2187.2701    35     2182.0373 UserPurge2: 1     6400    0.24%
      0     0     2187.2319    34     2182.0373 UserPurge2: 1     6419    0.24%
      0     0     2187.1896    34     2182.0373 UserPurge2: 1     6436    0.24%
      0     0     2187.1732    35     2182.0373 UserPurge2: 1     6448    0.24%
      0     0     2187.1666    35     2182.0373 UserPurge2: 1     6461    0.24%
      0     0     2187.1541    36     2182.0373 UserPurge2: 1     6471    0.23%
      0     0     2187.1474    36     2182.0373 UserPurge2: 1     6477    0.23%
      0     0     2187.1375    36     2182.0373 UserPurge2: 1     6488    0.23%
      0     0     2187.1271    37     2182.0373 UserPurge2: 1     6510    0.23%
      0     0     2187.1027    37     2182.0373 UserPurge2: 1     6531    0.23%
      0     0     2187.0862    36     2182.0373 UserPurge2: 1     6556    0.23%
      0     0     2187.0583    36     2182.0373 UserPurge2: 1     6566    0.23%
      0     0     2187.0366    36     2182.0373 UserPurge2: 1     6577    0.23%
      0     0     2187.0305    37     2182.0373 UserPurge2: 1     6592    0.23%
      0     0     2187.0200    38     2182.0373 UserPurge2: 1     6601    0.23%
      0     0     2187.0073    38     2182.0373 UserPurge2: 1     6623    0.23%
      0     0     2187.0015    39     2182.0373 UserPurge2: 1     6635    0.23%
      0     0     2186.9902    38     2182.0373 UserPurge2: 1     6656    0.23%
      0     0     2186.9672    38     2182.0373 UserPurge2: 1     6676    0.23%
      0     0     2186.9453    39     2182.0373 UserPurge2: 1     6701    0.22%
      0     0     2186.9210    38     2182.0373 UserPurge2: 1     6725    0.22%
      0     0     2186.8828    37     2182.0373 UserPurge2: 1     6757    0.22%
      0     0     2186.8647    37     2182.0373 UserPurge2: 1     6769    0.22%
      0     0     2186.8495    37     2182.0373 UserPurge2: 1     6793    0.22%
      0     0     2186.8323    38     2182.0373 UserPurge2: 1     6812    0.22%
      0     0     2186.8271    38     2182.0373 UserPurge2: 1     6824    0.22%
      0     0     2186.8231    38     2182.0373 UserPurge2: 1     6835    0.22%
      0     0     2186.8146    39     2182.0373 UserPurge2: 1     6846    0.22%
      0     0     2186.8037    40     2182.0373 UserPurge2: 1     6858    0.22%
      0     0     2186.7974    38     2182.0373 UserPurge2: 1     6867    0.22%
      0     0     2186.7748    38     2182.0373 UserPurge2: 1     6888    0.22%
      0     0     2186.7583    37     2182.0373 UserPurge2: 1     6908    0.22%
      0     0     2186.7494    38     2182.0373 UserPurge2: 1     6920    0.22%
      0     0     2186.7449    39     2182.0373 UserPurge2: 1     6927    0.22%
      0     0     2186.7341    39     2182.0373 UserPurge2: 1     6945    0.22%
      0     0     2186.7232    40     2182.0373 UserPurge2: 1     6965    0.21%
      0     0     2186.7142    40     2182.0373 UserPurge2: 1     6988    0.21%
      0     0     2186.7063    40     2182.0373 UserPurge2: 1     6999    0.21%
      0     0     2186.6965    41     2182.0373 UserPurge2: 1     7013    0.21%
      0     0     2186.6812    40     2182.0373 UserPurge2: 1     7031    0.21%
      0     0     2186.6582    40     2182.0373 UserPurge2: 1     7045    0.21%
      0     0     2186.6345    39     2182.0373 UserPurge2: 1     7059    0.21%
      0     0     2186.6063    39     2182.0373 UserPurge2: 1     7079    0.21%
      0     0     2186.5840    40     2182.0373 UserPurge2: 1     7100    0.21%
      0     0     2186.5723    39     2182.0373 UserPurge2: 1     7111    0.21%
      0     0     2186.5644    40     2182.0373 UserPurge2: 1     7125    0.21%
      0     0     2186.5470    41     2182.0373 UserPurge2: 1     7140    0.21%
      0     0     2186.5134    40     2182.0373 UserPurge2: 1     7165    0.21%
      0     0     2186.4816    39     2182.0373 UserPurge2: 1     7188    0.20%
      0     0     2186.4635    38     2182.0373 UserPurge2: 1     7210    0.20%
      0     0     2186.4467    38     2182.0373 UserPurge2: 1     7229    0.20%
      0     0     2186.4391    39     2182.0373 UserPurge2: 1     7245    0.20%
      0     0     2186.4333    40     2182.0373 UserPurge2: 1     7258    0.20%
      0     0     2186.4275    41     2182.0373 UserPurge2: 1     7270    0.20%
      0     0     2186.4238    41     2182.0373 UserPurge2: 1     7288    0.20%
      0     0     2186.4092    42     2182.0373 UserPurge2: 1     7311    0.20%
      0     0     2186.3969    42     2182.0373 UserPurge2: 1     7330    0.20%
      0     0     2186.3765    41     2182.0373 UserPurge2: 1     7359    0.20%
      0     0     2186.3334    40     2182.0373 UserPurge2: 1     7389    0.20%
      0     0     2186.3000    38     2182.0373 UserPurge2: 1     7404    0.20%
      0     0     2186.2537    36     2182.0373 UserPurge2: 1     7423    0.19%
      0     0     2186.2280    37     2182.0373 UserPurge2: 1     7446    0.19%
      0     0     2186.1992    37     2182.0373 UserPurge2: 1     7471    0.19%
      0     0     2186.1926    37     2182.0373 UserPurge2: 1     7483    0.19%
      0     0     2186.1857    36     2182.0373 UserPurge2: 1     7501    0.19%
      0     0     2186.1743    37     2182.0373 UserPurge2: 1     7514    0.19%
      0     0     2186.1625    36     2182.0373 UserPurge2: 1     7531    0.19%
      0     0     2186.1581    37     2182.0373 UserPurge2: 1     7538    0.19%
      0     0     2186.1548    38     2182.0373 UserPurge2: 1     7546    0.19%
      0     0     2186.1453    37     2182.0373 UserPurge2: 1     7565    0.19%
      0     0     2186.1362    38     2182.0373 UserPurge2: 1     7583    0.19%
      0     0     2186.1329    39     2182.0373 UserPurge2: 1     7595    0.19%
      0     0     2186.1137    39     2182.0373 UserPurge2: 1     7621    0.19%
      0     0     2186.1013    39     2182.0373 UserPurge2: 1     7635    0.19%
      0     0     2186.0947    39     2182.0373 UserPurge2: 1     7650    0.19%
      0     0     2186.0877    40     2182.0373 UserPurge2: 1     7663    0.19%
      0     0     2186.0700    39     2182.0373 UserPurge2: 1     7683    0.18%
      0     0     2186.0146    37     2182.0373 UserPurge2: 1     7706    0.18%
      0     0     2186.0046    38     2182.0373 UserPurge2: 1     7722    0.18%
      0     0     2186.0010    38     2182.0373 UserPurge2: 1     7733    0.18%
      0     0     2185.9935    38     2182.0373 UserPurge2: 1     7748    0.18%
      0     0     2185.9846    39     2182.0373 UserPurge2: 1     7768    0.18%
*     0+    0                         2184.0000     2185.9846             0.09%
      0     0     2185.9692    38     2184.0000 UserPurge2: 1     7785    0.09%
      0     0     2185.9418    38     2184.0000 UserPurge2: 1     7799    0.09%
      0     0     2185.9408    38     2184.0000 UserPurge2: 1     7805    0.09%
      0     0     2185.9263    37     2184.0000 UserPurge2: 1     7822    0.09%
      0     0     2185.9188    38     2184.0000 UserPurge2: 1     7828    0.09%
      0     0     2185.9126    39     2184.0000 UserPurge2: 1     7840    0.09%
      0     0     2185.9041    40     2184.0000 UserPurge2: 1     7856    0.09%
      0     0     2185.8942    39     2184.0000 UserPurge2: 1     7876    0.09%
      0     0     2185.8788    40     2184.0000 UserPurge2: 1     7896    0.09%
      0     0     2185.8606    40     2184.0000 UserPurge2: 1     7912    0.09%
      0     0     2185.8133    38     2184.0000 UserPurge2: 1     7936    0.08%
      0     0     2185.7936    38     2184.0000 UserPurge2: 1     7955    0.08%
      0     0     2185.7848    39     2184.0000 UserPurge2: 1     7974    0.08%
      0     0     2185.7648    40     2184.0000 UserPurge2: 1     7997    0.08%
      0     0     2185.7338    40     2184.0000 UserPurge2: 1     8014    0.08%
      0     0     2185.7199    40     2184.0000 UserPurge2: 1     8031    0.08%
      0     0     2185.7127    40     2184.0000 UserPurge2: 1     8044    0.08%
      0     0     2185.6986    41     2184.0000 UserPurge2: 1     8063    0.08%
      0     0     2185.6869    40     2184.0000 UserPurge2: 1     8073    0.08%
      0     0     2185.6728    41     2184.0000 UserPurge2: 1     8087    0.08%
      0     0     2185.6489    41     2184.0000 UserPurge2: 1     8111    0.08%
      0     0     2185.6306    39     2184.0000 UserPurge2: 1     8129    0.07%
      0     0     2185.6228    40     2184.0000 UserPurge2: 1     8141    0.07%
      0     0     2185.5995    39     2184.0000 UserPurge2: 1     8160    0.07%
      0     0     2185.5915    40     2184.0000 UserPurge2: 1     8171    0.07%
      0     0     2185.5676    38     2184.0000 UserPurge2: 1     8200    0.07%
      0     0     2185.5615    39     2184.0000 UserPurge2: 1     8211    0.07%
      0     0     2185.5432    39     2184.0000 UserPurge2: 1     8222    0.07%
      0     0     2185.5180    40     2184.0000 UserPurge2: 1     8242    0.07%
      0     0     2185.5079    40     2184.0000 UserPurge2: 1     8253    0.07%
      0     0     2185.4962    41     2184.0000 UserPurge2: 1     8272    0.07%
      0     0     2185.4922    42     2184.0000 UserPurge2: 1     8284    0.07%
      0     0     2185.4807    42     2184.0000 UserPurge2: 1     8307    0.07%
      0     0     2185.4422    38     2184.0000 UserPurge2: 1     8341    0.07%
      0     0     2185.4328    37     2184.0000 UserPurge2: 1     8359    0.07%
      0     0     2185.4208    38     2184.0000 UserPurge2: 1     8370    0.07%
      0     0     2185.4061    39     2184.0000 UserPurge2: 1     8382    0.06%
      0     0     2185.3970    40     2184.0000 UserPurge2: 1     8398    0.06%
      0     0     2185.3889    39     2184.0000 UserPurge2: 1     8407    0.06%
      0     0     2185.3734    39     2184.0000 UserPurge2: 1     8427    0.06%
      0     0     2185.3671    40     2184.0000 UserPurge2: 1     8436    0.06%
      0     0     2185.3544    38     2184.0000 UserPurge2: 1     8451    0.06%
      0     0     2185.3504    39     2184.0000 UserPurge2: 1     8459    0.06%
      0     0     2185.3439    40     2184.0000 UserPurge2: 1     8474    0.06%
      0     0     2185.3252    39     2184.0000 UserPurge2: 1     8487    0.06%
      0     0     2185.3124    40     2184.0000 UserPurge2: 1     8505    0.06%
      0     0     2185.3040    40     2184.0000 UserPurge2: 1     8515    0.06%
      0     0     2185.2913    41     2184.0000 UserPurge2: 1     8531    0.06%
      0     0     2185.2798    42     2184.0000 UserPurge2: 1     8544    0.06%
      0     0     2185.2673    42     2184.0000 UserPurge2: 1     8554    0.06%
      0     0     2185.2567    42     2184.0000 UserPurge2: 1     8568    0.06%
      0     0     2185.2426    42     2184.0000 UserPurge2: 1     8581    0.06%
      0     0     2185.2319    42     2184.0000 UserPurge2: 1     8599    0.06%
      0     0     2185.2072    41     2184.0000 UserPurge2: 1     8621    0.06%
      0     0     2185.1905    42     2184.0000 UserPurge2: 1     8640    0.05%
      0     0     2185.1731    41     2184.0000 UserPurge2: 1     8656    0.05%
      0     0     2185.1282    38     2184.0000 UserPurge2: 1     8680    0.05%
      0     0     2185.1252    39     2184.0000 UserPurge2: 1     8691    0.05%
      0     0     2185.1224    40     2184.0000 UserPurge2: 1     8698    0.05%
      0     0     2185.1103    40     2184.0000 UserPurge2: 1     8711    0.05%
      0     0     2185.0897    38     2184.0000 UserPurge2: 1     8729    0.05%
      0     0     2185.0743    35     2184.0000 UserPurge2: 1     8741    0.05%
      0     0     2185.0669    36     2184.0000 UserPurge2: 1     8754    0.05%
      0     0     2185.0643    36     2184.0000 UserPurge2: 1     8761    0.05%
      0     0     2185.0567    38     2184.0000 UserPurge2: 1     8776    0.05%
      0     0     2185.0488    39     2184.0000 UserPurge2: 1     8791    0.05%
      0     0     2185.0362    40     2184.0000 UserPurge2: 1     8810    0.05%
      0     0     2185.0241    38     2184.0000 UserPurge2: 1     8823    0.05%
      0     0     2185.0138    39     2184.0000 UserPurge2: 1     8843    0.05%
      0     0     2185.0035    39     2184.0000 UserPurge2: 1     8860    0.05%
      0     0     2184.9885    40     2184.0000 UserPurge2: 1     8880    0.05%
      0     0     2184.9716    39     2184.0000 UserPurge2: 1     8909    0.04%
      0     0     2184.9586    39     2184.0000 UserPurge2: 1     8927    0.04%
      0     0     2184.9532    40     2184.0000 UserPurge2: 1     8935    0.04%
      0     0     2184.9469    41     2184.0000 UserPurge2: 1     8949    0.04%
      0     0     2184.9335    41     2184.0000 UserPurge2: 1     8970    0.04%
      0     0     2184.9157    38     2184.0000 UserPurge2: 1     8994    0.04%
      0     0     2184.9098    39     2184.0000 UserPurge2: 1     9003    0.04%
      0     0     2184.8998    39     2184.0000 UserPurge2: 1     9020    0.04%
      0     0     2184.8916    40     2184.0000 UserPurge2: 1     9033    0.04%
      0     0     2184.8799    40     2184.0000 UserPurge2: 1     9052    0.04%
      0     0     2184.8659    40     2184.0000 UserPurge2: 1     9070    0.04%
      0     0     2184.8538    40     2184.0000 UserPurge2: 1     9095    0.04%
      0     0     2184.8475    40     2184.0000 UserPurge2: 1     9113    0.04%
      0     0     2184.8462    41     2184.0000 UserPurge2: 1     9126    0.04%
      0     0     2184.8421    42     2184.0000 UserPurge2: 1     9143    0.04%
      0     0     2184.8368    41     2184.0000 UserPurge2: 1     9159    0.04%
      0     0     2184.8302    40     2184.0000 UserPurge2: 1     9175    0.04%
      0     0     2184.8258    39     2184.0000 UserPurge2: 1     9188    0.04%
      0     0     2184.8209    40     2184.0000 UserPurge2: 1     9206    0.04%
      0     0     2184.8131    39     2184.0000 UserPurge2: 1     9222    0.04%
      0     0     2184.8073    40     2184.0000 UserPurge2: 1     9242    0.04%
      0     0     2184.8020    41     2184.0000 UserPurge2: 1     9256    0.04%
      0     0     2184.7994    42     2184.0000 UserPurge2: 1     9271    0.04%
      0     0     2184.7965    42     2184.0000 UserPurge2: 1     9284    0.04%
      0     0     2184.7902    43     2184.0000 UserPurge2: 1     9301    0.04%
      0     2     2184.7902    43     2184.0000     2184.7895     9301    0.04%
Elapsed time = 20.65 sec. (2980.85 ticks, tree = 0.01 MB, solutions = 4)

User cuts applied:  138

Root node processing (before b&c):
  Real time             =   20.65 sec. (2980.96 ticks)
Sequential b&c:
  Real time             =    1.74 sec. (151.03 ticks)
                          ------------
Total (root+branch&cut) =   22.38 sec. (3131.99 ticks)
@Parameters: 
is_S_cut                                true
is_add_all_yinF                         true
is_start_value                          true
is_usercut                              true
is_visualization                        false
uc_only_rootnode                        false

data                                    Qi
fn                                      data/Qi/instance_800_500.csv
mode                                    NewSubmodular
solver                                  cplex

p                                       10
r                                       10

EPS                                     1.0e-06
EPS_vio                                 1.0e-04
beta                                    0.10
gap                                     0.00
nodelimit                               Inf
timelimit                               7200.00


@PrintInfos
ItCnt: 11185
Current gap: 0.00 %
Termination Status: OPTIMAL
Primal Status: FEASIBLE_POINT
Solve Time: 22.39 sec
Objective Value: 2184.000000
Number of Nodes:      3

CutInfo: [phase] num / time (sec) 
ZLP             [phase1]     0 / 0.00 [rLC]     0 / 0.00 [rUC]     0 / 0.00 [sLC]     0 / 0.00 [sUC]     0 / 0.00 
OldSubmodular   [phase1]     0 / 0.00 [rLC]     0 / 0.00 [rUC]     0 / 0.00 [sLC]     0 / 0.00 [sUC]     0 / 0.00 
NewSubmodular   [phase1]     0 / 0.00 [rLC]    97 / 6.71 [rUC]   541 / 9.65 [sLC]     0 / 0.00 [sUC]    95 / 1.60 
PMP             [phase1]     0 / 0.00 [rLC]     5 / 4.06 [rUC]     0 / 0.00 [sLC]     0 / 0.00 [sUC]     0 / 0.00 
Separation Round: [phase1] 0  [rLC] 101  [rUC] 541  [sLC] 0  [sUC] 95
Root Best Bound 2184.000000
Root Best Integer: 2184.000000
Best Bound: 2184.000000
Best Integer: 2184.000000

