Version identifier: 20.1.0.0 | 2020-11-10 | 9bedb6d68
CPXPARAM_Threads                                 1
CPXPARAM_TimeLimit                               7200
CPXPARAM_MIP_Tolerances_MIPGap                   0
Generic callback                                 0x60
1 of 1 MIP starts provided solutions.
MIP start 'm1' defined initial solution with objective 3187.9086.
Tried aggregator 1 time.
Reduced MIP has 1 rows, 801 columns, and 800 nonzeros.
Reduced MIP has 800 binaries, 0 generals, 0 SOSs, and 0 indicators.
Presolve time = 0.00 sec. (0.24 ticks)
Probing time = 0.00 sec. (0.09 ticks)
Tried aggregator 1 time.
Reduced MIP has 1 rows, 801 columns, and 800 nonzeros.
Reduced MIP has 800 binaries, 0 generals, 0 SOSs, and 0 indicators.
Presolve time = 0.00 sec. (0.25 ticks)
Probing time = 0.00 sec. (0.09 ticks)
MIP emphasis: balance optimality and feasibility.
MIP search method: dynamic search.
Parallel mode: none, using 1 thread.
Root relaxation solution time = 0.00 sec. (0.17 ticks)

        Nodes                                         Cuts/
   Node  Left     Objective  IInf  Best Integer    Best Bound    ItCnt     Gap

*     0+    0                         3187.9086     5432.0000            70.39%
      0     0     4456.0899     2     3187.9086     5432.0000        0   70.39%
      0     0     4086.4517     4     3187.9086 UserPurge2: 1        6   28.19%
      0     0     3661.2174     5     3187.9086 UserPurge2: 1       12   14.85%
      0     0     3568.7351     5     3187.9086 UserPurge2: 1       30   11.95%
      0     0     3524.2924     7     3187.9086 UserPurge2: 1       42   10.55%
      0     0     3496.6594     8     3187.9086 UserPurge2: 1       53    9.69%
      0     0     3471.2857    10     3187.9086 UserPurge2: 1       78    8.89%
      0     0     3420.3283     8     3187.9086 UserPurge2: 1       88    7.29%
      0     0     3405.0331     9     3187.9086 UserPurge1: 1       99    6.81%
      0     0     3395.6049    10     3187.9086 UserPurge2: 1      115    6.52%
      0     0     3390.4023    11     3187.9086 UserPurge2: 1      137    6.35%
      0     0     3386.5766    13     3187.9086 UserPurge2: 1      150    6.23%
      0     0     3382.0323    14     3187.9086 UserPurge2: 1      180    6.09%
      0     0     3377.6533    15     3187.9086 UserPurge2: 1      206    5.95%
      0     0     3365.4233    15     3187.9086 UserPurge2: 1      250    5.57%
      0     0     3360.1493    16     3187.9086 UserPurge1: 1      252    5.40%
      0     0     3355.3534    16     3187.9086 UserPurge2: 1      273    5.25%
      0     0     3345.4580    17     3187.9086 UserPurge2: 1      315    4.94%
      0     0     3338.6292    13     3187.9086 UserPurge2: 1      336    4.73%
      0     0     3337.3430    16     3187.9086 UserPurge1: 2      343    4.69%
      0     0     3335.6730    17     3187.9086 UserPurge1: 1      354    4.64%
      0     0     3333.9374    18     3187.9086 UserPurge1: 1      359    4.58%
      0     0     3333.0156    18     3187.9086 UserPurge1: 1      362    4.55%
      0     0     3331.8737    18     3187.9086 UserPurge1: 1      363    4.52%
      0     0     3324.2120    17     3187.9086 UserPurge2: 1      412    4.28%
      0     0     3320.0560    14     3187.9086 UserPurge2: 1      440    4.15%
      0     0     3318.2230    15     3187.9086 UserPurge2: 1      454    4.09%
      0     0     3316.7394    15     3187.9086 UserPurge2: 1      469    4.04%
      0     0     3313.4997    14     3187.9086 UserPurge2: 1      493    3.94%
      0     0     3311.6887    15     3187.9086 UserPurge1: 5      502    3.88%
      0     0     3311.0109    15     3187.9086 UserPurge1: 2      513    3.86%
      0     0     3310.3734    16     3187.9086 UserPurge2: 1      528    3.84%
      0     0     3308.6161    15     3187.9086 UserPurge2: 1      562    3.79%
      0     0     3306.5098    16     3187.9086 UserPurge2: 1      581    3.72%
      0     0     3305.5229    16     3187.9086 UserPurge2: 1      593    3.69%
      0     0     3305.0164    18     3187.9086 UserPurge2: 1      604    3.67%
      0     0     3302.8372    17     3187.9086 UserPurge2: 1      634    3.61%
      0     0     3300.9607    16     3187.9086 UserPurge2: 1      653    3.55%
      0     0     3299.3770    16     3187.9086 UserPurge2: 1      678    3.50%
      0     0     3294.4504    15     3187.9086 UserPurge2: 1      716    3.34%
      0     0     3292.5992    16     3187.9086 UserPurge2: 1      737    3.28%
      0     0     3290.4330    16     3187.9086 UserPurge2: 1      767    3.22%
      0     0     3289.4230    18     3187.9086 UserPurge2: 1      783    3.18%
      0     0     3288.5434    19     3187.9086 UserPurge2: 1      809    3.16%
      0     0     3286.3904    17     3187.9086 UserPurge2: 1      848    3.09%
      0     0     3285.4747    17     3187.9086 UserPurge2: 1      862    3.06%
      0     0     3284.6230    19     3187.9086 UserPurge2: 1      883    3.03%
      0     0     3282.8633    17     3187.9086 UserPurge2: 1      916    2.98%
      0     0     3281.7978    19     3187.9086 UserPurge2: 1      933    2.95%
      0     0     3280.7303    20     3187.9086 UserPurge2: 1      953    2.91%
      0     0     3277.1303    19     3187.9086 UserPurge2: 1      985    2.80%
      0     0     3274.8876    19     3187.9086 UserPurge2: 1     1003    2.73%
      0     0     3271.2423    18     3187.9086 UserPurge2: 1     1028    2.61%
      0     0     3269.4710    17     3187.9086 UserPurge2: 1     1059    2.56%
      0     0     3268.3398    18     3187.9086 UserPurge2: 1     1095    2.52%
      0     0     3267.7548    20     3187.9086 UserPurge2: 1     1116    2.50%
      0     0     3266.8331    19     3187.9086 UserPurge2: 1     1140    2.48%
      0     0     3266.0528    19     3187.9086 UserPurge2: 1     1156    2.45%
      0     0     3265.3162    18     3187.9086 UserPurge2: 1     1175    2.43%
      0     0     3264.8720    19     3187.9086 UserPurge2: 1     1186    2.41%
      0     0     3264.1367    20     3187.9086 UserPurge2: 1     1226    2.39%
      0     0     3262.6888    18     3187.9086 UserPurge2: 1     1262    2.35%
      0     0     3261.1899    19     3187.9086 UserPurge2: 1     1292    2.30%
      0     0     3260.7501    18     3187.9086 UserPurge2: 1     1306    2.28%
      0     0     3260.1784    18     3187.9086 UserPurge2: 1     1318    2.27%
      0     0     3259.7771    19     3187.9086 UserPurge2: 1     1337    2.25%
      0     0     3258.3428    19     3187.9086 UserPurge2: 1     1376    2.21%
      0     0     3257.3669    19     3187.9086 UserPurge2: 1     1402    2.18%
      0     0     3257.0571    20     3187.9086 UserPurge2: 1     1422    2.17%
      0     0     3256.0354    20     3187.9086 UserPurge2: 1     1456    2.14%
      0     0     3254.0324    19     3187.9086 UserPurge2: 1     1499    2.07%
      0     0     3253.7934    19     3187.9086 UserPurge2: 1     1517    2.07%
      0     0     3253.0534    19     3187.9086 UserPurge2: 1     1541    2.04%
      0     0     3252.4520    20     3187.9086 UserPurge2: 1     1561    2.02%
      0     0     3251.4635    21     3187.9086 UserPurge2: 1     1592    1.99%
      0     0     3250.7178    21     3187.9086 UserPurge2: 1     1613    1.97%
      0     0     3249.4207    20     3187.9086 UserPurge2: 1     1635    1.93%
      0     0     3249.1471    21     3187.9086 UserPurge2: 1     1650    1.92%
      0     0     3248.5575    21     3187.9086 UserPurge2: 1     1679    1.90%
      0     0     3247.8564    20     3187.9086 UserPurge2: 1     1703    1.88%
      0     0     3247.4403    20     3187.9086 UserPurge2: 1     1718    1.87%
      0     0     3247.3519    21     3187.9086 UserPurge2: 1     1724    1.86%
      0     0     3247.1456    21     3187.9086 UserPurge2: 1     1743    1.86%
      0     0     3246.7458    22     3187.9086 UserPurge2: 1     1765    1.85%
      0     0     3246.5525    23     3187.9086 UserPurge2: 1     1782    1.84%
      0     0     3245.9340    24     3187.9086 UserPurge2: 1     1819    1.82%
      0     0     3245.6615    25     3187.9086 UserPurge2: 1     1835    1.81%
      0     0     3244.9691    24     3187.9086 UserPurge2: 1     1877    1.79%
      0     0     3244.5566    23     3187.9086 UserPurge2: 1     1896    1.78%
      0     0     3244.3468    24     3187.9086 UserPurge2: 1     1916    1.77%
      0     0     3243.7846    25     3187.9086 UserPurge2: 1     1962    1.75%
      0     0     3242.9736    25     3187.9086 UserPurge2: 1     1994    1.73%
      0     0     3242.3762    26     3187.9086 UserPurge2: 1     2019    1.71%
      0     0     3241.6660    26     3187.9086 UserPurge2: 1     2043    1.69%
      0     0     3240.4204    24     3187.9086 UserPurge2: 1     2088    1.65%
      0     0     3240.1037    24     3187.9086 UserPurge2: 1     2106    1.64%
      0     0     3239.6336    25     3187.9086 UserPurge2: 1     2134    1.62%
      0     0     3239.2899    26     3187.9086 UserPurge2: 1     2159    1.61%
      0     0     3238.7186    27     3187.9086 UserPurge2: 1     2204    1.59%
      0     0     3237.5276    25     3187.9086 UserPurge2: 1     2241    1.56%
      0     0     3236.7446    25     3187.9086 UserPurge2: 1     2270    1.53%
      0     0     3236.0718    24     3187.9086 UserPurge2: 1     2307    1.51%
      0     0     3235.6746    23     3187.9086 UserPurge2: 1     2330    1.50%
      0     0     3235.4054    24     3187.9086 UserPurge2: 1     2356    1.49%
      0     0     3235.1042    24     3187.9086 UserPurge2: 1     2384    1.48%
      0     0     3234.5502    23     3187.9086 UserPurge2: 1     2417    1.46%
      0     0     3234.3558    24     3187.9086 UserPurge2: 1     2437    1.46%
      0     0     3234.3309    25     3187.9086 UserPurge2: 1     2444    1.46%
      0     0     3234.1636    25     3187.9086 UserPurge2: 1     2472    1.45%
      0     0     3233.9737    26     3187.9086 UserPurge2: 1     2499    1.44%
      0     0     3233.6904    26     3187.9086 UserPurge2: 1     2527    1.44%
      0     0     3233.4655    27     3187.9086 UserPurge2: 1     2552    1.43%
      0     0     3233.3341    28     3187.9086 UserPurge2: 1     2575    1.42%
      0     0     3233.1866    28     3187.9086 UserPurge2: 1     2598    1.42%
      0     0     3232.8647    28     3187.9086 UserPurge2: 1     2622    1.41%
      0     0     3232.6966    29     3187.9086 UserPurge2: 1     2660    1.40%
      0     0     3232.1596    28     3187.9086 UserPurge2: 1     2703    1.39%
      0     0     3231.8737    29     3187.9086 UserPurge2: 1     2725    1.38%
      0     0     3231.5705    27     3187.9086 UserPurge2: 1     2754    1.37%
      0     0     3231.4878    28     3187.9086 UserPurge2: 1     2775    1.37%
      0     0     3231.3104    28     3187.9086 UserPurge2: 1     2797    1.36%
      0     0     3230.9762    28     3187.9086 UserPurge2: 1     2831    1.35%
      0     0     3230.7111    27     3187.9086 UserPurge2: 1     2861    1.34%
      0     0     3230.6532    28     3187.9086 UserPurge2: 1     2885    1.34%
      0     0     3230.6064    29     3187.9086 UserPurge2: 1     2902    1.34%
      0     0     3230.4615    29     3187.9086 UserPurge2: 1     2925    1.33%
      0     0     3230.3699    30     3187.9086 UserPurge2: 1     2942    1.33%
      0     0     3230.1514    30     3187.9086 UserPurge2: 1     2987    1.33%
      0     0     3229.6556    29     3187.9086 UserPurge2: 1     3031    1.31%
      0     0     3229.3048    29     3187.9086 UserPurge2: 1     3067    1.30%
      0     0     3228.8165    28     3187.9086 UserPurge2: 1     3106    1.28%
      0     0     3228.3919    28     3187.9086 UserPurge2: 1     3148    1.27%
      0     0     3227.9839    28     3187.9086 UserPurge2: 1     3179    1.26%
      0     0     3227.8842    29     3187.9086 UserPurge2: 1     3194    1.25%
      0     0     3227.2656    29     3187.9086 UserPurge2: 1     3228    1.23%
      0     0     3226.5479    27     3187.9086 UserPurge2: 1     3262    1.21%
      0     0     3226.2296    28     3187.9086 UserPurge2: 1     3277    1.20%
      0     0     3225.9107    26     3187.9086 UserPurge2: 1     3310    1.19%
      0     0     3225.7809    26     3187.9086 UserPurge2: 1     3320    1.19%
      0     0     3225.4863    26     3187.9086 UserPurge2: 1     3353    1.18%
      0     0     3225.2518    27     3187.9086 UserPurge2: 1     3382    1.17%
      0     0     3225.1099    26     3187.9086 UserPurge2: 1     3405    1.17%
      0     0     3224.9738    26     3187.9086 UserPurge2: 1     3438    1.16%
      0     0     3224.9039    27     3187.9086 UserPurge2: 1     3449    1.16%
      0     0     3224.6847    28     3187.9086 UserPurge2: 1     3485    1.15%
      0     0     3224.6349    27     3187.9086 UserPurge2: 1     3498    1.15%
      0     0     3224.5496    28     3187.9086 UserPurge2: 1     3510    1.15%
      0     0     3224.3001    29     3187.9086 UserPurge2: 1     3550    1.14%
      0     0     3224.1128    28     3187.9086 UserPurge2: 1     3577    1.14%
      0     0     3223.5990    26     3187.9086 UserPurge2: 1     3604    1.12%
      0     0     3223.4505    26     3187.9086 UserPurge2: 1     3621    1.11%
      0     0     3223.3444    27     3187.9086 UserPurge2: 1     3636    1.11%
      0     0     3223.2340    27     3187.9086 UserPurge2: 1     3652    1.11%
      0     0     3223.0053    25     3187.9086 UserPurge2: 1     3684    1.10%
      0     0     3222.7048    25     3187.9086 UserPurge2: 1     3706    1.09%
      0     0     3222.6050    26     3187.9086 UserPurge2: 1     3728    1.09%
      0     0     3222.5081    27     3187.9086 UserPurge2: 1     3751    1.09%
      0     0     3222.4995    28     3187.9086 UserPurge2: 1     3762    1.09%
      0     0     3222.3753    28     3187.9086 UserPurge2: 1     3777    1.08%
      0     0     3222.2675    29     3187.9086 UserPurge2: 1     3794    1.08%
      0     0     3222.1119    29     3187.9086 UserPurge2: 1     3832    1.07%
      0     0     3222.0127    29     3187.9086 UserPurge2: 1     3861    1.07%
      0     0     3221.8341    30     3187.9086 UserPurge2: 1     3891    1.06%
      0     0     3221.5042    30     3187.9086 UserPurge2: 1     3928    1.05%
      0     0     3221.2985    31     3187.9086 UserPurge2: 1     3950    1.05%
      0     0     3220.8838    29     3187.9086 UserPurge2: 1     4001    1.03%
      0     0     3220.4969    30     3187.9086 UserPurge2: 1     4040    1.02%
      0     0     3220.1630    27     3187.9086 UserPurge2: 1     4066    1.01%
      0     0     3219.9503    25     3187.9086 UserPurge2: 1     4101    1.01%
      0     0     3219.8950    25     3187.9086 UserPurge2: 1     4113    1.00%
      0     0     3219.7985    26     3187.9086 UserPurge2: 1     4127    1.00%
      0     0     3219.7839    27     3187.9086 UserPurge2: 1     4143    1.00%
      0     0     3219.7600    27     3187.9086 UserPurge2: 1     4162    1.00%
      0     0     3219.7383    28     3187.9086 UserPurge2: 1     4177    1.00%
      0     0     3219.6407    29     3187.9086 UserPurge2: 1     4202    1.00%
      0     0     3219.4985    30     3187.9086 UserPurge2: 1     4231    0.99%
      0     0     3219.3986    28     3187.9086 UserPurge2: 1     4249    0.99%
      0     0     3219.3094    29     3187.9086 UserPurge2: 1     4281    0.98%
      0     0     3219.2425    30     3187.9086 UserPurge2: 1     4314    0.98%
      0     0     3219.1959    30     3187.9086 UserPurge2: 1     4326    0.98%
      0     0     3219.0887    30     3187.9086 UserPurge2: 1     4355    0.98%
      0     0     3219.0202    31     3187.9086 UserPurge2: 1     4384    0.98%
      0     0     3218.9724    32     3187.9086 UserPurge2: 1     4412    0.97%
      0     0     3218.8958    33     3187.9086 UserPurge2: 1     4444    0.97%
      0     0     3218.6806    32     3187.9086 UserPurge2: 1     4478    0.97%
      0     0     3218.5987    31     3187.9086 UserPurge2: 1     4496    0.96%
      0     0     3218.3227    30     3187.9086 UserPurge2: 1     4540    0.95%
      0     0     3218.2443    31     3187.9086 UserPurge2: 1     4559    0.95%
      0     0     3217.9856    32     3187.9086 UserPurge2: 1     4610    0.94%
      0     0     3217.9137    32     3187.9086 UserPurge2: 1     4627    0.94%
      0     0     3217.7272    30     3187.9086 UserPurge2: 1     4661    0.94%
      0     0     3217.6536    30     3187.9086 UserPurge2: 1     4688    0.93%
      0     0     3217.5832    31     3187.9086 UserPurge2: 1     4706    0.93%
      0     0     3217.5049    31     3187.9086 UserPurge2: 1     4734    0.93%
      0     0     3217.4672    32     3187.9086 UserPurge2: 1     4759    0.93%
      0     0     3217.4148    33     3187.9086 UserPurge2: 1     4783    0.93%
      0     0     3217.3637    34     3187.9086 UserPurge2: 1     4805    0.92%
      0     0     3217.2674    33     3187.9086 UserPurge2: 1     4853    0.92%
      0     0     3217.2169    34     3187.9086 UserPurge2: 1     4873    0.92%
      0     0     3217.1427    35     3187.9086 UserPurge2: 1     4901    0.92%
      0     0     3217.0644    35     3187.9086 UserPurge2: 1     4932    0.91%
      0     0     3217.0380    34     3187.9086 UserPurge2: 1     4943    0.91%
      0     0     3216.9714    34     3187.9086 UserPurge2: 1     4973    0.91%
      0     0     3216.8862    34     3187.9086 UserPurge2: 1     5016    0.91%
      0     0     3216.7883    35     3187.9086 UserPurge2: 1     5038    0.91%
      0     0     3216.6418    35     3187.9086 UserPurge2: 1     5069    0.90%
      0     0     3216.4144    34     3187.9086 UserPurge2: 1     5102    0.89%
      0     0     3216.2780    32     3187.9086 UserPurge2: 1     5134    0.89%
      0     0     3216.1459    32     3187.9086 UserPurge2: 1     5162    0.89%
      0     0     3216.0022    32     3187.9086 UserPurge2: 1     5194    0.88%
      0     0     3215.9117    32     3187.9086 UserPurge2: 1     5216    0.88%
      0     0     3215.8256    33     3187.9086 UserPurge2: 1     5237    0.88%
      0     0     3215.6976    33     3187.9086 UserPurge2: 1     5279    0.87%
      0     0     3215.6463    34     3187.9086 UserPurge2: 1     5296    0.87%
      0     0     3215.4990    34     3187.9086 UserPurge2: 1     5328    0.87%
      0     0     3215.3821    33     3187.9086 UserPurge2: 1     5355    0.86%
      0     0     3215.3272    34     3187.9086 UserPurge2: 1     5393    0.86%
      0     0     3215.2858    35     3187.9086 UserPurge2: 1     5418    0.86%
      0     0     3215.2439    36     3187.9086 UserPurge2: 1     5447    0.86%
      0     0     3215.1945    37     3187.9086 UserPurge2: 1     5463    0.86%
      0     0     3215.1421    38     3187.9086 UserPurge2: 1     5503    0.85%
      0     0     3215.0903    39     3187.9086 UserPurge2: 1     5527    0.85%
      0     0     3214.9983    39     3187.9086 UserPurge2: 1     5563    0.85%
      0     0     3214.7094    37     3187.9086 UserPurge2: 1     5610    0.84%
      0     0     3214.4877    36     3187.9086 UserPurge2: 1     5640    0.83%
      0     0     3214.2968    33     3187.9086 UserPurge2: 1     5678    0.83%
      0     0     3214.1656    33     3187.9086 UserPurge2: 1     5701    0.82%
      0     0     3214.0182    33     3187.9086 UserPurge2: 1     5733    0.82%
      0     0     3213.9102    34     3187.9086 UserPurge2: 1     5758    0.82%
      0     0     3213.8304    34     3187.9086 UserPurge2: 1     5775    0.81%
      0     0     3213.8011    35     3187.9086 UserPurge2: 1     5794    0.81%
      0     0     3213.7115    35     3187.9086 UserPurge2: 1     5821    0.81%
      0     0     3213.5063    33     3187.9086 UserPurge2: 1     5855    0.80%
      0     0     3213.3045    34     3187.9086 UserPurge2: 1     5884    0.80%
      0     0     3213.1658    32     3187.9086 UserPurge2: 1     5913    0.79%
      0     0     3213.0167    32     3187.9086 UserPurge2: 1     5946    0.79%
      0     0     3212.7440    30     3187.9086 UserPurge2: 1     5974    0.78%
      0     0     3212.7172    31     3187.9086 UserPurge2: 1     5991    0.78%
      0     0     3212.6583    32     3187.9086 UserPurge2: 1     6015    0.78%
      0     0     3212.6411    32     3187.9086 UserPurge2: 1     6035    0.78%
      0     0     3212.6197    33     3187.9086 UserPurge2: 1     6054    0.78%
      0     0     3212.6016    34     3187.9086 UserPurge2: 1     6070    0.77%
      0     0     3212.5740    35     3187.9086 UserPurge2: 1     6091    0.77%
      0     0     3212.5598    36     3187.9086 UserPurge2: 1     6108    0.77%
      0     0     3212.5500    37     3187.9086 UserPurge2: 1     6126    0.77%
      0     0     3212.5110    38     3187.9086 UserPurge2: 1     6147    0.77%
      0     0     3212.4251    38     3187.9086 UserPurge2: 1     6193    0.77%
      0     0     3212.3029    37     3187.9086 UserPurge2: 1     6218    0.77%
      0     0     3212.1518    35     3187.9086 UserPurge2: 1     6247    0.76%
      0     0     3212.0594    35     3187.9086 UserPurge2: 1     6275    0.76%
      0     0     3211.9752    35     3187.9086 UserPurge2: 1     6307    0.75%
      0     0     3211.9457    35     3187.9086 UserPurge2: 1     6325    0.75%
      0     0     3211.9292    35     3187.9086 UserPurge2: 1     6338    0.75%
      0     0     3211.8692    36     3187.9086 UserPurge2: 1     6363    0.75%
      0     0     3211.8509    36     3187.9086 UserPurge2: 1     6386    0.75%
      0     0     3211.8198    37     3187.9086 UserPurge2: 1     6404    0.75%
      0     0     3211.7568    37     3187.9086 UserPurge2: 1     6459    0.75%
      0     0     3211.7185    38     3187.9086 UserPurge2: 1     6479    0.75%
      0     0     3211.6535    37     3187.9086 UserPurge2: 1     6505    0.74%
      0     0     3211.6014    37     3187.9086 UserPurge2: 1     6529    0.74%
      0     0     3211.4909    37     3187.9086 UserPurge2: 1     6567    0.74%
      0     0     3211.4592    38     3187.9086 UserPurge2: 1     6583    0.74%
      0     0     3211.4162    37     3187.9086 UserPurge2: 1     6604    0.74%
      0     0     3211.3158    38     3187.9086 UserPurge2: 1     6641    0.73%
      0     0     3211.2843    38     3187.9086 UserPurge2: 1     6676    0.73%
      0     0     3211.2173    38     3187.9086 UserPurge2: 1     6704    0.73%
      0     0     3211.1368    37     3187.9086 UserPurge2: 1     6732    0.73%
      0     0     3211.0032    36     3187.9086 UserPurge2: 1     6776    0.72%
      0     0     3210.9574    36     3187.9086 UserPurge2: 1     6792    0.72%
      0     0     3210.8795    36     3187.9086 UserPurge2: 1     6818    0.72%
      0     0     3210.8460    37     3187.9086 UserPurge2: 1     6845    0.72%
      0     0     3210.8104    37     3187.9086 UserPurge2: 1     6869    0.72%
      0     0     3210.7715    37     3187.9086 UserPurge2: 1     6901    0.72%
      0     0     3210.6841    35     3187.9086 UserPurge2: 1     6934    0.71%
      0     0     3210.6667    36     3187.9086 UserPurge2: 1     6944    0.71%
      0     0     3210.6303    35     3187.9086 UserPurge2: 1     6967    0.71%
      0     0     3210.5887    35     3187.9086 UserPurge2: 1     6990    0.71%
      0     0     3210.5354    36     3187.9086 UserPurge2: 1     7025    0.71%
      0     0     3210.4991    36     3187.9086 UserPurge2: 1     7055    0.71%
      0     0     3210.4810    36     3187.9086 UserPurge2: 1     7076    0.71%
      0     0     3210.4586    37     3187.9086 UserPurge2: 1     7096    0.71%
      0     0     3210.4319    38     3187.9086 UserPurge2: 1     7121    0.71%
      0     0     3210.3979    38     3187.9086 UserPurge2: 1     7160    0.71%
      0     0     3210.3687    39     3187.9086 UserPurge2: 1     7189    0.70%
      0     0     3210.3315    40     3187.9086 UserPurge2: 1     7224    0.70%
      0     0     3210.2843    39     3187.9086 UserPurge2: 1     7251    0.70%
      0     0     3210.1751    37     3187.9086 UserPurge2: 1     7297    0.70%
      0     0     3210.1415    38     3187.9086 UserPurge2: 1     7314    0.70%
      0     0     3210.0546    37     3187.9086 UserPurge2: 1     7346    0.69%
      0     0     3210.0064    37     3187.9086 UserPurge2: 1     7380    0.69%
      0     0     3209.8545    35     3187.9086 UserPurge2: 1     7411    0.69%
      0     0     3209.7475    36     3187.9086 UserPurge2: 1     7439    0.69%
      0     0     3209.7032    36     3187.9086 UserPurge2: 1     7455    0.68%
      0     0     3209.6698    37     3187.9086 UserPurge2: 1     7476    0.68%
      0     0     3209.6300    37     3187.9086 UserPurge2: 1     7499    0.68%
      0     0     3209.5372    38     3187.9086 UserPurge2: 1     7531    0.68%
      0     0     3209.4527    38     3187.9086 UserPurge2: 1     7587    0.68%
      0     0     3209.3840    38     3187.9086 UserPurge2: 1     7627    0.67%
      0     0     3209.3185    38     3187.9086 UserPurge2: 1     7668    0.67%
      0     0     3209.2201    38     3187.9086 UserPurge2: 1     7710    0.67%
      0     0     3209.1651    39     3187.9086 UserPurge2: 1     7735    0.67%
      0     0     3209.0673    39     3187.9086 UserPurge2: 1     7775    0.66%
      0     0     3209.0308    39     3187.9086 UserPurge2: 1     7798    0.66%
      0     0     3208.9895    37     3187.9086 UserPurge2: 1     7823    0.66%
      0     0     3208.8996    38     3187.9086 UserPurge2: 1     7867    0.66%
      0     0     3208.8287    38     3187.9086 UserPurge2: 1     7894    0.66%
      0     0     3208.6742    38     3187.9086 UserPurge2: 1     7949    0.65%
      0     0     3208.6110    38     3187.9086 UserPurge2: 1     7974    0.65%
      0     0     3208.5428    37     3187.9086 UserPurge2: 1     8000    0.65%
      0     0     3208.5036    37     3187.9086 UserPurge2: 1     8027    0.65%
      0     0     3208.4981    38     3187.9086 UserPurge2: 1     8038    0.65%
      0     0     3208.4507    39     3187.9086 UserPurge2: 1     8067    0.64%
      0     0     3208.4234    40     3187.9086 UserPurge2: 1     8100    0.64%
      0     0     3208.3324    39     3187.9086 UserPurge2: 1     8142    0.64%
      0     0     3208.2799    40     3187.9086 UserPurge2: 1     8165    0.64%
      0     0     3208.2409    39     3187.9086 UserPurge2: 1     8199    0.64%
      0     0     3208.1938    40     3187.9086 UserPurge2: 1     8241    0.64%
      0     0     3208.1700    41     3187.9086 UserPurge2: 1     8267    0.64%
      0     0     3208.0952    39     3187.9086 UserPurge2: 1     8311    0.63%
      0     0     3208.0460    40     3187.9086 UserPurge2: 1     8348    0.63%
      0     0     3207.9660    39     3187.9086 UserPurge2: 1     8388    0.63%
      0     0     3207.9401    39     3187.9086 UserPurge2: 1     8415    0.63%
      0     0     3207.8955    39     3187.9086 UserPurge2: 1     8435    0.63%
      0     0     3207.8674    39     3187.9086 UserPurge2: 1     8455    0.63%
      0     0     3207.8366    40     3187.9086 UserPurge2: 1     8476    0.63%
      0     0     3207.7301    39     3187.9086 UserPurge2: 1     8508    0.62%
      0     0     3207.6844    40     3187.9086 UserPurge2: 1     8535    0.62%
      0     0     3207.6167    40     3187.9086 UserPurge2: 1     8558    0.62%
      0     0     3207.5843    41     3187.9086 UserPurge2: 1     8579    0.62%
      0     0     3207.5675    41     3187.9086 UserPurge2: 1     8590    0.62%
      0     0     3207.5106    41     3187.9086 UserPurge2: 1     8620    0.61%
      0     0     3207.4802    42     3187.9086 UserPurge2: 1     8658    0.61%
      0     0     3207.4693    42     3187.9086 UserPurge2: 1     8677    0.61%
      0     0     3207.4215    43     3187.9086 UserPurge2: 1     8729    0.61%
      0     0     3207.3930    43     3187.9086 UserPurge2: 1     8758    0.61%
      0     0     3207.3065    43     3187.9086 UserPurge2: 1     8799    0.61%
      0     0     3207.1572    41     3187.9086 UserPurge2: 1     8854    0.60%
      0     0     3206.9904    39     3187.9086 UserPurge2: 1     8900    0.60%
      0     0     3206.8632    40     3187.9086 UserPurge2: 1     8930    0.59%
      0     0     3206.8226    40     3187.9086 UserPurge2: 1     8955    0.59%
      0     0     3206.7450    40     3187.9086 UserPurge2: 1     9001    0.59%
      0     0     3206.6751    39     3187.9086 UserPurge2: 1     9025    0.59%
      0     0     3206.6160    38     3187.9086 UserPurge2: 1     9065    0.59%
      0     0     3206.5907    38     3187.9086 UserPurge2: 1     9090    0.59%
      0     0     3206.5699    38     3187.9086 UserPurge2: 1     9110    0.59%
      0     0     3206.5384    38     3187.9086 UserPurge2: 1     9134    0.58%
      0     0     3206.5242    39     3187.9086 UserPurge2: 1     9149    0.58%
      0     0     3206.5059    40     3187.9086 UserPurge2: 1     9177    0.58%
      0     0     3206.4851    40     3187.9086 UserPurge2: 1     9210    0.58%
      0     0     3206.4692    41     3187.9086 UserPurge2: 1     9248    0.58%
      0     0     3206.4603    42     3187.9086 UserPurge2: 1     9271    0.58%
      0     0     3206.4296    41     3187.9086 UserPurge2: 1     9306    0.58%
      0     0     3206.4147    41     3187.9086 UserPurge2: 1     9335    0.58%
      0     0     3206.3624    41     3187.9086 UserPurge2: 1     9373    0.58%
      0     0     3206.3478    42     3187.9086 UserPurge2: 1     9401    0.58%
      0     0     3206.3101    43     3187.9086 UserPurge2: 1     9451    0.58%
      0     0     3206.2719    43     3187.9086 UserPurge2: 1     9487    0.58%
      0     0     3206.2579    44     3187.9086 UserPurge2: 1     9510    0.58%
      0     0     3206.2412    44     3187.9086 UserPurge2: 1     9533    0.58%
      0     0     3206.1952    44     3187.9086 UserPurge2: 1     9574    0.57%
      0     0     3206.1646    45     3187.9086 UserPurge2: 1     9602    0.57%
      0     0     3206.1231    44     3187.9086 UserPurge2: 1     9626    0.57%
      0     0     3206.0907    45     3187.9086 UserPurge2: 1     9664    0.57%
      0     0     3205.9675    44     3187.9086 UserPurge2: 1     9708    0.57%
      0     0     3205.8874    44     3187.9086 UserPurge2: 1     9744    0.56%
      0     0     3205.8215    43     3187.9086 UserPurge2: 1     9791    0.56%
      0     0     3205.7436    41     3187.9086 UserPurge2: 1     9837    0.56%
      0     0     3205.7104    41     3187.9086 UserPurge2: 1     9865    0.56%
      0     0     3205.6861    42     3187.9086 UserPurge2: 1     9889    0.56%
      0     0     3205.6556    42     3187.9086 UserPurge2: 1     9916    0.56%
      0     0     3205.5719    42     3187.9086 UserPurge2: 1     9969    0.55%
      0     0     3205.5190    41     3187.9086 UserPurge2: 1     9998    0.55%
      0     0     3205.4929    42     3187.9086 UserPurge2: 1    10024    0.55%
      0     0     3205.4027    41     3187.9086 UserPurge2: 1    10077    0.55%
      0     0     3205.3112    41     3187.9086 UserPurge2: 1    10123    0.55%
      0     0     3205.2346    40     3187.9086 UserPurge2: 1    10150    0.54%
      0     0     3205.1774    39     3187.9086 UserPurge2: 1    10177    0.54%
      0     0     3205.1461    40     3187.9086 UserPurge2: 1    10197    0.54%
      0     0     3205.1207    40     3187.9086 UserPurge2: 1    10222    0.54%
      0     0     3205.0992    41     3187.9086 UserPurge2: 1    10236    0.54%
      0     0     3205.0806    41     3187.9086 UserPurge2: 1    10274    0.54%
      0     0     3205.0715    42     3187.9086 UserPurge2: 1    10293    0.54%
      0     0     3205.0516    42     3187.9086 UserPurge2: 1    10318    0.54%
      0     0     3205.0207    43     3187.9086 UserPurge2: 1    10338    0.54%
      0     0     3205.0115    43     3187.9086 UserPurge2: 1    10356    0.54%
      0     0     3204.9783    44     3187.9086 UserPurge2: 1    10385    0.54%
      0     0     3204.9438    43     3187.9086 UserPurge2: 1    10418    0.53%
      0     0     3204.9260    43     3187.9086 UserPurge2: 1    10451    0.53%
      0     0     3204.8863    44     3187.9086 UserPurge2: 1    10491    0.53%
      0     0     3204.8617    43     3187.9086 UserPurge2: 1    10521    0.53%
      0     0     3204.8136    42     3187.9086 UserPurge2: 1    10564    0.53%
      0     0     3204.7968    43     3187.9086 UserPurge2: 1    10588    0.53%
      0     0     3204.7815    44     3187.9086 UserPurge2: 1    10619    0.53%
      0     0     3204.7582    44     3187.9086 UserPurge2: 1    10654    0.53%
      0     0     3204.7333    44     3187.9086 UserPurge2: 1    10700    0.53%
      0     0     3204.7194    44     3187.9086 UserPurge2: 1    10725    0.53%
      0     0     3204.6804    43     3187.9086 UserPurge2: 1    10780    0.53%
      0     0     3204.6645    43     3187.9086 UserPurge2: 1    10803    0.53%
      0     0     3204.6465    44     3187.9086 UserPurge2: 1    10824    0.53%
      0     0     3204.6414    45     3187.9086 UserPurge2: 1    10841    0.52%
      0     0     3204.6244    45     3187.9086 UserPurge2: 1    10871    0.52%
      0     0     3204.6139    45     3187.9086 UserPurge2: 1    10893    0.52%
      0     0     3204.6032    46     3187.9086 UserPurge2: 1    10915    0.52%
      0     0     3204.5970    47     3187.9086 UserPurge2: 1    10939    0.52%
      0     0     3204.5746    46     3187.9086 UserPurge2: 1    10977    0.52%
      0     0     3204.5480    46     3187.9086 UserPurge2: 1    11012    0.52%
      0     0     3204.5026    45     3187.9086 UserPurge2: 1    11050    0.52%
      0     0     3204.4718    44     3187.9086 UserPurge2: 1    11081    0.52%
      0     0     3204.4418    44     3187.9086 UserPurge2: 1    11110    0.52%
      0     0     3204.4182    45     3187.9086 UserPurge2: 1    11135    0.52%
      0     0     3204.3927    44     3187.9086 UserPurge2: 1    11167    0.52%
      0     0     3204.3666    44     3187.9086 UserPurge2: 1    11195    0.52%
      0     0     3204.3380    45     3187.9086 UserPurge2: 1    11242    0.52%
      0     0     3204.3072    45     3187.9086 UserPurge2: 1    11282    0.51%
      0     0     3204.2899    46     3187.9086 UserPurge2: 1    11306    0.51%
      0     0     3204.2670    45     3187.9086 UserPurge2: 1    11335    0.51%
      0     0     3204.2554    46     3187.9086 UserPurge2: 1    11358    0.51%
      0     0     3204.2280    47     3187.9086 UserPurge2: 1    11395    0.51%
      0     0     3204.1601    46     3187.9086 UserPurge2: 1    11442    0.51%
      0     0     3204.1133    44     3187.9086 UserPurge2: 1    11477    0.51%
      0     0     3204.0942    45     3187.9086 UserPurge2: 1    11502    0.51%
      0     0     3204.0734    44     3187.9086 UserPurge2: 1    11538    0.51%
      0     0     3204.0622    45     3187.9086 UserPurge2: 1    11555    0.51%
      0     0     3204.0439    46     3187.9086 UserPurge2: 1    11580    0.51%
      0     0     3204.0205    45     3187.9086 UserPurge2: 1    11619    0.51%
      0     0     3203.9832    45     3187.9086 UserPurge2: 1    11649    0.50%
      0     0     3203.9547    45     3187.9086 UserPurge2: 1    11684    0.50%
      0     0     3203.9173    44     3187.9086 UserPurge2: 1    11719    0.50%
      0     0     3203.8866    44     3187.9086 UserPurge2: 1    11747    0.50%
      0     0     3203.8653    45     3187.9086 UserPurge2: 1    11776    0.50%
      0     0     3203.8276    45     3187.9086 UserPurge2: 1    11822    0.50%
      0     0     3203.7965    45     3187.9086 UserPurge2: 1    11860    0.50%
      0     0     3203.7391    45     3187.9086 UserPurge2: 1    11893    0.50%
      0     0     3203.6983    45     3187.9086 UserPurge2: 1    11924    0.50%
      0     0     3203.6104    45     3187.9086 UserPurge2: 1    11959    0.49%
      0     0     3203.4978    44     3187.9086 UserPurge2: 1    12000    0.49%
      0     0     3203.4653    44     3187.9086 UserPurge2: 1    12022    0.49%
      0     0     3203.4139    43     3187.9086 UserPurge2: 1    12052    0.49%
      0     0     3203.3860    43     3187.9086 UserPurge2: 1    12076    0.49%
      0     0     3203.3685    43     3187.9086 UserPurge2: 1    12096    0.48%
      0     0     3203.3309    43     3187.9086 UserPurge2: 1    12125    0.48%
      0     0     3203.3097    43     3187.9086 UserPurge2: 1    12149    0.48%
      0     0     3203.2989    44     3187.9086 UserPurge2: 1    12170    0.48%
      0     0     3203.2851    45     3187.9086 UserPurge2: 1    12193    0.48%
      0     0     3203.2707    45     3187.9086 UserPurge2: 1    12225    0.48%
      0     0     3203.2401    46     3187.9086 UserPurge2: 1    12265    0.48%
      0     0     3203.2034    46     3187.9086 UserPurge2: 1    12290    0.48%
      0     0     3203.1515    47     3187.9086 UserPurge2: 1    12330    0.48%
      0     0     3203.0593    45     3187.9086 UserPurge2: 1    12381    0.48%
      0     0     3203.0029    42     3187.9086 UserPurge2: 1    12412    0.47%
      0     0     3202.9686    43     3187.9086 UserPurge2: 1    12449    0.47%
      0     0     3202.9402    44     3187.9086 UserPurge2: 1    12479    0.47%
      0     0     3202.9341    45     3187.9086 UserPurge2: 1    12490    0.47%
      0     0     3202.9256    45     3187.9086 UserPurge2: 1    12509    0.47%
      0     0     3202.9182    46     3187.9086 UserPurge2: 1    12529    0.47%
      0     0     3202.8902    46     3187.9086 UserPurge2: 1    12565    0.47%
      0     0     3202.8828    47     3187.9086 UserPurge2: 1    12578    0.47%
      0     0     3202.8615    48     3187.9086 UserPurge2: 1    12606    0.47%
      0     0     3202.8232    46     3187.9086 UserPurge2: 1    12649    0.47%
      0     0     3202.7450    44     3187.9086 UserPurge2: 1    12708    0.47%
      0     0     3202.6797    41     3187.9086 UserPurge2: 1    12743    0.46%
      0     0     3202.6220    41     3187.9086 UserPurge2: 1    12781    0.46%
      0     0     3202.5701    41     3187.9086 UserPurge2: 1    12804    0.46%
      0     0     3202.5487    41     3187.9086 UserPurge2: 1    12821    0.46%
      0     0     3202.5143    41     3187.9086 UserPurge2: 1    12840    0.46%
      0     0     3202.4883    41     3187.9086 UserPurge2: 1    12869    0.46%
      0     0     3202.4825    42     3187.9086 UserPurge2: 1    12885    0.46%
      0     0     3202.4722    43     3187.9086 UserPurge2: 1    12916    0.46%
      0     0     3202.4643    44     3187.9086 UserPurge2: 1    12935    0.46%
      0     0     3202.4553    45     3187.9086 UserPurge2: 1    12953    0.46%
      0     0     3202.4508    46     3187.9086 UserPurge2: 1    12974    0.46%
      0     0     3202.4368    46     3187.9086 UserPurge2: 1    12998    0.46%
      0     0     3202.4176    46     3187.9086 UserPurge2: 1    13030    0.46%
      0     0     3202.4013    47     3187.9086 UserPurge2: 1    13063    0.45%
      0     0     3202.3659    46     3187.9086 UserPurge2: 1    13114    0.45%
      0     0     3202.3237    45     3187.9086 UserPurge2: 1    13142    0.45%
      0     0     3202.2661    42     3187.9086 UserPurge2: 1    13184    0.45%
      0     0     3202.2467    43     3187.9086 UserPurge2: 1    13208    0.45%
      0     0     3202.2372    44     3187.9086 UserPurge2: 1    13231    0.45%
      0     0     3202.2272    44     3187.9086 UserPurge2: 1    13256    0.45%
      0     0     3202.2079    45     3187.9086 UserPurge2: 1    13282    0.45%
      0     0     3202.1823    46     3187.9086 UserPurge2: 1    13312    0.45%
      0     0     3202.1638    45     3187.9086 UserPurge2: 1    13349    0.45%
      0     0     3202.1389    46     3187.9086 UserPurge2: 1    13379    0.45%
      0     0     3202.1226    46     3187.9086 UserPurge2: 1    13404    0.45%
      0     0     3202.1008    46     3187.9086 UserPurge2: 1    13431    0.45%
      0     0     3202.0756    44     3187.9086 UserPurge2: 1    13458    0.44%
      0     0     3202.0308    42     3187.9086 UserPurge2: 1    13484    0.44%
      0     0     3202.0191    43     3187.9086 UserPurge2: 1    13513    0.44%
      0     0     3202.0099    44     3187.9086 UserPurge2: 1    13536    0.44%
      0     0     3202.0008    45     3187.9086 UserPurge2: 1    13559    0.44%
      0     0     3201.9911    46     3187.9086 UserPurge2: 1    13594    0.44%
      0     0     3201.9701    46     3187.9086 UserPurge2: 1    13622    0.44%
      0     0     3201.9619    46     3187.9086 UserPurge2: 1    13641    0.44%
      0     0     3201.9525    46     3187.9086 UserPurge2: 1    13669    0.44%
      0     0     3201.9454    47     3187.9086 UserPurge2: 1    13703    0.44%
      0     0     3201.9414    48     3187.9086 UserPurge2: 1    13720    0.44%
      0     0     3201.9378    49     3187.9086 UserPurge2: 1    13741    0.44%
      0     0     3201.9344    50     3187.9086 UserPurge2: 1    13765    0.44%
      0     0     3201.9276    50     3187.9086 UserPurge2: 1    13793    0.44%
      0     0     3201.9173    50     3187.9086 UserPurge2: 1    13832    0.44%
      0     0     3201.9090    51     3187.9086 UserPurge2: 1    13855    0.44%
      0     0     3201.8728    51     3187.9086 UserPurge2: 1    13898    0.44%
      0     0     3201.7977    48     3187.9086 UserPurge2: 1    13956    0.44%
      0     0     3201.6803    42     3187.9086 UserPurge2: 1    14010    0.43%
      0     0     3201.6671    42     3187.9086 UserPurge2: 1    14023    0.43%
      0     0     3201.6338    42     3187.9086 UserPurge2: 1    14046    0.43%
      0     0     3201.6052    43     3187.9086 UserPurge2: 1    14069    0.43%
      0     0     3201.6010    44     3187.9086 UserPurge2: 1    14088    0.43%
      0     0     3201.5805    43     3187.9086 UserPurge2: 1    14114    0.43%
      0     0     3201.5575    44     3187.9086 UserPurge2: 1    14142    0.43%
      0     0     3201.5307    42     3187.9086 UserPurge2: 1    14168    0.43%
      0     0     3201.5137    43     3187.9086 UserPurge2: 1    14187    0.43%
      0     0     3201.4855    43     3187.9086 UserPurge2: 1    14213    0.43%
      0     0     3201.4685    44     3187.9086 UserPurge2: 1    14232    0.43%
      0     0     3201.4479    44     3187.9086 UserPurge2: 1    14265    0.42%
      0     0     3201.4262    44     3187.9086 UserPurge2: 1    14293    0.42%
      0     0     3201.4206    45     3187.9086 UserPurge2: 1    14307    0.42%
      0     0     3201.3985    45     3187.9086 UserPurge2: 1    14356    0.42%
      0     0     3201.3837    46     3187.9086 UserPurge2: 1    14369    0.42%
      0     0     3201.3525    46     3187.9086 UserPurge2: 1    14403    0.42%
      0     0     3201.3315    45     3187.9086 UserPurge2: 1    14434    0.42%
      0     0     3201.2933    45     3187.9086 UserPurge2: 1    14461    0.42%
      0     0     3201.2794    44     3187.9086 UserPurge2: 1    14491    0.42%
      0     0     3201.2736    45     3187.9086 UserPurge2: 1    14516    0.42%
      0     0     3201.2627    44     3187.9086 UserPurge2: 1    14536    0.42%
      0     0     3201.2403    43     3187.9086 UserPurge2: 1    14561    0.42%
      0     0     3201.2368    44     3187.9086 UserPurge2: 1    14573    0.42%
      0     0     3201.2252    45     3187.9086 UserPurge2: 1    14592    0.42%
      0     0     3201.1962    45     3187.9086 UserPurge2: 1    14632    0.42%
      0     0     3201.1644    44     3187.9086 UserPurge2: 1    14667    0.42%
      0     0     3201.1516    44     3187.9086 UserPurge2: 1    14688    0.42%
      0     0     3201.1409    44     3187.9086 UserPurge2: 1    14712    0.42%
      0     0     3201.1145    44     3187.9086 UserPurge2: 1    14746    0.41%
      0     0     3201.0994    45     3187.9086 UserPurge2: 1    14772    0.41%
      0     0     3201.0866    45     3187.9086 UserPurge2: 1    14795    0.41%
      0     0     3201.0733    45     3187.9086 UserPurge2: 1    14812    0.41%
      0     0     3201.0482    44     3187.9086 UserPurge2: 1    14849    0.41%
      0     0     3201.0363    45     3187.9086 UserPurge2: 1    14870    0.41%
      0     0     3201.0142    44     3187.9086 UserPurge2: 1    14900    0.41%
      0     0     3201.0100    45     3187.9086 UserPurge2: 1    14916    0.41%
      0     0     3200.9937    45     3187.9086 UserPurge2: 1    14953    0.41%
      0     0     3200.9560    44     3187.9086 UserPurge2: 1    14989    0.41%
      0     0     3200.9405    44     3187.9086 UserPurge2: 1    15005    0.41%
      0     0     3200.9227    44     3187.9086 UserPurge2: 1    15035    0.41%
      0     0     3200.9005    43     3187.9086 UserPurge2: 1    15060    0.41%
      0     0     3200.8873    43     3187.9086 UserPurge2: 1    15078    0.41%
      0     0     3200.8743    43     3187.9086 UserPurge2: 1    15101    0.41%
      0     0     3200.8692    44     3187.9086 UserPurge2: 1    15125    0.41%
      0     0     3200.8651    44     3187.9086 UserPurge2: 1    15141    0.41%
      0     0     3200.8628    45     3187.9086 UserPurge2: 1    15163    0.41%
      0     0     3200.8578    46     3187.9086 UserPurge2: 1    15195    0.41%
      0     0     3200.8453    46     3187.9086 UserPurge2: 1    15227    0.41%
      0     0     3200.8335    46     3187.9086 UserPurge2: 1    15257    0.41%
      0     0     3200.8211    47     3187.9086 UserPurge2: 1    15285    0.41%
      0     0     3200.8122    47     3187.9086 UserPurge2: 1    15302    0.40%
      0     0     3200.8030    47     3187.9086 UserPurge2: 1    15332    0.40%
      0     0     3200.7934    47     3187.9086 UserPurge2: 1    15361    0.40%
      0     0     3200.7846    46     3187.9086 UserPurge2: 1    15381    0.40%
      0     0     3200.7795    47     3187.9086 UserPurge2: 1    15410    0.40%
      0     0     3200.7695    46     3187.9086 UserPurge2: 1    15449    0.40%
      0     0     3200.7653    47     3187.9086 UserPurge2: 1    15473    0.40%
      0     0     3200.7615    48     3187.9086 UserPurge2: 1    15502    0.40%
      0     0     3200.7520    48     3187.9086 UserPurge2: 1    15534    0.40%
      0     0     3200.7480    48     3187.9086 UserPurge2: 1    15555    0.40%
      0     0     3200.7426    49     3187.9086 UserPurge2: 1    15580    0.40%
      0     0     3200.7403    50     3187.9086 UserPurge2: 1    15598    0.40%
      0     0     3200.7343    50     3187.9086 UserPurge2: 1    15632    0.40%
      0     0     3200.7263    49     3187.9086 UserPurge2: 1    15652    0.40%
      0     0     3200.7154    49     3187.9086 UserPurge2: 1    15682    0.40%
      0     0     3200.7084    47     3187.9086 UserPurge2: 1    15710    0.40%
      0     0     3200.7058    48     3187.9086 UserPurge2: 1    15731    0.40%
      0     0     3200.7018    49     3187.9086 UserPurge2: 1    15746    0.40%
      0     0     3200.6969    50     3187.9086 UserPurge2: 1    15766    0.40%
      0     0     3200.6921    50     3187.9086 UserPurge2: 1    15803    0.40%
      0     0     3200.6860    51     3187.9086 UserPurge2: 1    15841    0.40%
      0     0     3200.6702    49     3187.9086 UserPurge2: 1    15879    0.40%
      0     0     3200.6596    48     3187.9086 UserPurge2: 1    15909    0.40%
      0     0     3200.6553    49     3187.9086 UserPurge2: 1    15927    0.40%
      0     0     3200.6520    50     3187.9086 UserPurge2: 1    15942    0.40%
      0     0     3200.6451    51     3187.9086 UserPurge2: 1    15977    0.40%
      0     0     3200.6328    52     3187.9086 UserPurge2: 1    16036    0.40%
      0     0     3200.6096    51     3187.9086 UserPurge2: 1    16061    0.40%
      0     0     3200.5910    49     3187.9086 UserPurge2: 1    16093    0.40%
      0     0     3200.5715    47     3187.9086 UserPurge2: 1    16128    0.40%
      0     0     3200.5619    48     3187.9086 UserPurge2: 1    16145    0.40%
      0     0     3200.5436    48     3187.9086 UserPurge2: 1    16186    0.40%
      0     0     3200.5237    48     3187.9086 UserPurge2: 1    16219    0.40%
      0     0     3200.4984    47     3187.9086 UserPurge2: 1    16250    0.39%
      0     0     3200.4851    46     3187.9086 UserPurge2: 1    16279    0.39%
      0     0     3200.4626    47     3187.9086 UserPurge2: 1    16316    0.39%
      0     0     3200.4524    47     3187.9086 UserPurge2: 1    16341    0.39%
      0     0     3200.4442    48     3187.9086 UserPurge2: 1    16365    0.39%
      0     0     3200.4368    49     3187.9086 UserPurge2: 1    16390    0.39%
      0     0     3200.4273    48     3187.9086 UserPurge2: 1    16421    0.39%
      0     0     3200.4231    49     3187.9086 UserPurge2: 1    16445    0.39%
      0     0     3200.4197    50     3187.9086 UserPurge2: 1    16465    0.39%
      0     0     3200.4159    50     3187.9086 UserPurge2: 1    16487    0.39%
      0     0     3200.4111    51     3187.9086 UserPurge2: 1    16507    0.39%
      0     0     3200.4033    52     3187.9086 UserPurge2: 1    16557    0.39%
      0     0     3200.3824    50     3187.9086 UserPurge2: 1    16601    0.39%
      0     0     3200.3755    50     3187.9086 UserPurge2: 1    16623    0.39%
      0     0     3200.3655    49     3187.9086 UserPurge2: 1    16649    0.39%
      0     0     3200.3525    50     3187.9086 UserPurge2: 1    16689    0.39%
      0     0     3200.3378    50     3187.9086 UserPurge2: 1    16720    0.39%
      0     0     3200.3228    47     3187.9086 UserPurge2: 1    16755    0.39%
      0     0     3200.3133    48     3187.9086 UserPurge2: 1    16772    0.39%
      0     0     3200.3075    48     3187.9086 UserPurge2: 1    16795    0.39%
      0     0     3200.2981    49     3187.9086 UserPurge2: 1    16822    0.39%
      0     0     3200.2920    49     3187.9086 UserPurge2: 1    16855    0.39%
      0     0     3200.2757    49     3187.9086 UserPurge2: 1    16897    0.39%
      0     0     3200.2533    48     3187.9086 UserPurge2: 1    16929    0.39%
      0     0     3200.2186    47     3187.9086 UserPurge2: 1    16968    0.39%
      0     0     3200.1601    46     3187.9086 UserPurge2: 1    17010    0.38%
      0     0     3200.1471    45     3187.9086 UserPurge2: 1    17028    0.38%
      0     0     3200.1344    44     3187.9086 UserPurge2: 1    17061    0.38%
      0     0     3200.1242    45     3187.9086 UserPurge2: 1    17092    0.38%
      0     2     3200.1242    45     3187.9086     3200.1241    17092    0.38%
Elapsed time = 46.38 sec. (7940.62 ticks, tree = 0.01 MB, solutions = 1)
      1     3     3193.8187    66     3187.9086     3200.1240    75659    0.38%
      2     4     3192.5746     6     3187.9086     3193.8187    93558    0.19%
      3     5     3192.5021     2     3187.9086     3193.8187    94179    0.19%
*     4     4      integral     0     3192.4828     3193.8187    94586    0.04%
      4     4     3192.4828     0     3192.4828     3193.8187    94586    0.04%
*     6     1      integral     0     3193.1713     3193.8186   100036    0.02%
      7     0        cutoff           3193.1713     3193.1713   107497    0.00%

User cuts applied:  3250

Root node processing (before b&c):
  Real time             =   46.39 sec. (7947.94 ticks)
Sequential b&c:
  Real time             =  212.15 sec. (89839.83 ticks)
                          ------------
Total (root+branch&cut) =  258.54 sec. (97787.76 ticks)
@Parameters: 
is_S_cut                                true
is_add_all_yinF                         true
is_start_value                          true
is_usercut                              true
is_visualization                        false
uc_only_rootnode                        false

data                                    Qi
fn                                      data/Qi/instance_1000_800.csv
mode                                    NewSubmodular
solver                                  cplex

p                                       10
r                                       5

EPS                                     1.0e-06
EPS_vio                                 1.0e-04
beta                                    0.10
gap                                     0.00
nodelimit                               Inf
timelimit                               7200.00


@PrintInfos
ItCnt: 107497
Current gap: 0.00 %
Termination Status: OPTIMAL
Primal Status: FEASIBLE_POINT
Solve Time: 258.54 sec
Objective Value: 3193.171268
Number of Nodes:      8

CutInfo: [phase] num / time (sec) 
ZLP             [phase1]     0 / 0.00 [rLC]     0 / 0.00 [rUC]     0 / 0.00 [sLC]     0 / 0.00 [sUC]     0 / 0.00 
OldSubmodular   [phase1]     0 / 0.00 [rLC]     0 / 0.00 [rUC]     0 / 0.00 [sLC]     0 / 0.00 [sUC]     0 / 0.00 
NewSubmodular   [phase1]     0 / 0.00 [rLC]   125 / 17.92 [rUC]   618 / 21.15 [sLC]     1 / 11.82 [sUC]  3200 / 130.45 
PMP             [phase1]     0 / 0.00 [rLC]     3 / 13.78 [rUC]     0 / 0.00 [sLC]     3 / 11.78 [sUC]     5 / 24.46 
Separation Round: [phase1] 0  [rLC] 125  [rUC] 618  [sLC] 3  [sUC] 1301
Root Best Bound 3193.818662
Root Best Integer: 3187.908624
Best Bound: 3193.171268
Best Integer: 3193.171268

