Version identifier: 20.1.0.0 | 2020-11-10 | 9bedb6d68
CPXPARAM_Threads                                 1
CPXPARAM_TimeLimit                               7200
CPXPARAM_MIP_Tolerances_MIPGap                   0
Generic callback                                 0x60
1 of 1 MIP starts provided solutions.
MIP start 'm1' defined initial solution with objective 1037.1184.
Tried aggregator 1 time.
Reduced MIP has 1 rows, 1001 columns, and 1000 nonzeros.
Reduced MIP has 1000 binaries, 0 generals, 0 SOSs, and 0 indicators.
Presolve time = 0.00 sec. (0.30 ticks)
Probing time = 0.00 sec. (0.11 ticks)
Tried aggregator 1 time.
Reduced MIP has 1 rows, 1001 columns, and 1000 nonzeros.
Reduced MIP has 1000 binaries, 0 generals, 0 SOSs, and 0 indicators.
Presolve time = 0.00 sec. (0.31 ticks)
Probing time = 0.00 sec. (0.11 ticks)
MIP emphasis: balance optimality and feasibility.
MIP search method: dynamic search.
Parallel mode: none, using 1 thread.
Root relaxation solution time = 0.00 sec. (0.21 ticks)

        Nodes                                         Cuts/
   Node  Left     Objective  IInf  Best Integer    Best Bound    ItCnt     Gap

*     0+    0                         1037.1184     2716.0000           161.88%
      0     0     1376.1266     2     1037.1184     2716.0000        0  161.88%
      0     0     1309.2971     3     1037.1184 UserPurge2: 1        4   26.24%
      0     0     1243.4311     5     1037.1184 UserPurge2: 1       11   19.89%
      0     0     1194.5966     5     1037.1184 UserPurge2: 1       19   15.18%
      0     0     1173.2851     7     1037.1184 UserPurge2: 1       30   13.13%
      0     0     1164.8059     9     1037.1184 UserPurge2: 1       39   12.31%
      0     0     1158.4188    10     1037.1184 UserPurge2: 1       52   11.70%
      0     0     1144.9028    10     1037.1184 UserPurge2: 1       71   10.39%
      0     0     1142.0607    12     1037.1184 UserPurge1: 1       73   10.12%
      0     0     1136.3860    12     1037.1184 UserPurge2: 1       99    9.57%
      0     0     1129.2715    13     1037.1184 UserPurge2: 1      111    8.89%
      0     0     1126.8631    15     1037.1184 UserPurge2: 1      125    8.65%
      0     0     1117.7416    13     1037.1184 UserPurge2: 1      163    7.77%
      0     0     1115.8117    13     1037.1184 UserPurge1: 1      176    7.59%
      0     0     1115.0504    15     1037.1184 UserPurge1: 1      179    7.51%
      0     0     1113.4421    14     1037.1184 UserPurge1: 1      182    7.36%
      0     0     1112.1987    16     1037.1184 UserPurge1: 1      185    7.24%
      0     0     1108.6723    13     1037.1184 UserPurge2: 1      220    6.90%
      0     0     1106.3052    15     1037.1184 UserPurge1: 3      238    6.67%
      0     0     1104.8982    16     1037.1184 UserPurge1: 1      243    6.54%
      0     0     1103.1728    17     1037.1184 UserPurge2: 1      265    6.37%
      0     0     1102.8424    18     1037.1184 UserPurge1: 1      271    6.34%
      0     0     1096.9717    12     1037.1184 UserPurge2: 1      306    5.77%
      0     0     1092.8790    12     1037.1184 UserPurge1: 1      311    5.38%
      0     0     1091.1746    10     1037.1184 UserPurge2: 1      327    5.21%
      0     0     1089.7019    11     1037.1184 UserPurge2: 1      341    5.07%
      0     0     1089.1362    13     1037.1184 UserPurge1: 1      352    5.02%
      0     0     1088.7341    14     1037.1184 UserPurge1: 1      354    4.98%
      0     0     1087.5538    15     1037.1184 UserPurge2: 1      377    4.86%
      0     0     1086.7462    13     1037.1184 UserPurge2: 1      387    4.79%
      0     0     1086.2205    14     1037.1184 UserPurge1: 1      392    4.73%
      0     0     1085.6193    14     1037.1184 UserPurge2: 1      405    4.68%
      0     0     1085.1553    16     1037.1184 UserPurge1: 3      413    4.63%
      0     0     1085.0261    17     1037.1184 UserPurge1: 1      420    4.62%
      0     0     1084.7186    17     1037.1184 UserPurge2: 1      441    4.59%
      0     0     1083.9181    16     1037.1184 UserPurge2: 1      460    4.51%
      0     0     1083.6778    16     1037.1184 UserPurge2: 1      474    4.49%
      0     0     1082.5565    14     1037.1184 UserPurge2: 1      495    4.38%
      0     0     1082.2014    16     1037.1184 UserPurge2: 1      507    4.35%
      0     0     1081.6302    17     1037.1184 UserPurge2: 1      515    4.29%
      0     0     1081.3544    18     1037.1184 UserPurge2: 1      529    4.27%
      0     0     1080.4437    16     1037.1184 UserPurge2: 1      550    4.18%
      0     0     1079.6804    17     1037.1184 UserPurge2: 1      572    4.10%
      0     0     1077.8425    15     1037.1184 UserPurge2: 1      598    3.93%
      0     0     1077.4319    16     1037.1184 UserPurge2: 1      608    3.89%
      0     0     1076.5122    17     1037.1184 UserPurge2: 1      633    3.80%
      0     0     1075.3205    16     1037.1184 UserPurge2: 1      647    3.68%
      0     0     1074.5308    17     1037.1184 UserPurge2: 1      662    3.61%
      0     0     1073.8933    15     1037.1184 UserPurge2: 1      679    3.55%
      0     0     1073.5183    16     1037.1184 UserPurge2: 1      700    3.51%
      0     0     1072.6629    18     1037.1184 UserPurge2: 1      733    3.43%
      0     0     1071.6657    17     1037.1184 UserPurge2: 1      758    3.33%
      0     0     1071.1604    16     1037.1184 UserPurge2: 1      773    3.28%
      0     0     1070.9111    17     1037.1184 UserPurge2: 1      787    3.26%
      0     0     1070.6416    17     1037.1184 UserPurge2: 1      802    3.23%
      0     0     1070.0229    16     1037.1184 UserPurge2: 1      835    3.17%
      0     0     1069.7028    17     1037.1184 UserPurge2: 1      858    3.14%
      0     0     1069.3717    18     1037.1184 UserPurge2: 1      874    3.11%
      0     0     1069.2887    20     1037.1184 UserPurge2: 1      886    3.10%
      0     0     1069.0636    20     1037.1184 UserPurge2: 1      910    3.08%
      0     0     1068.2129    19     1037.1184 UserPurge2: 1      934    3.00%
      0     0     1067.2420    18     1037.1184 UserPurge2: 1      962    2.90%
      0     0     1066.7999    17     1037.1184 UserPurge2: 1      994    2.86%
      0     0     1066.4914    17     1037.1184 UserPurge2: 1     1022    2.83%
      0     0     1066.2317    18     1037.1184 UserPurge2: 1     1033    2.81%
      0     0     1065.7196    18     1037.1184 UserPurge2: 1     1064    2.76%
      0     0     1065.5949    18     1037.1184 UserPurge2: 1     1075    2.75%
      0     0     1065.4686    18     1037.1184 UserPurge2: 1     1097    2.73%
      0     0     1065.4220    19     1037.1184 UserPurge2: 1     1110    2.73%
      0     0     1065.3585    20     1037.1184 UserPurge2: 1     1121    2.72%
      0     0     1064.4406    18     1037.1184 UserPurge2: 1     1159    2.63%
      0     0     1063.9871    18     1037.1184 UserPurge2: 1     1178    2.59%
      0     0     1063.4144    18     1037.1184 UserPurge2: 1     1199    2.54%
      0     0     1063.1438    19     1037.1184 UserPurge2: 1     1221    2.51%
      0     0     1062.6861    19     1037.1184 UserPurge2: 1     1249    2.47%
      0     0     1062.2101    19     1037.1184 UserPurge2: 1     1283    2.42%
      0     0     1061.7109    18     1037.1184 UserPurge2: 1     1312    2.37%
      0     0     1061.4914    19     1037.1184 UserPurge2: 1     1324    2.35%
      0     0     1060.4822    20     1037.1184 UserPurge2: 1     1374    2.25%
      0     0     1060.1713    19     1037.1184 UserPurge2: 1     1386    2.22%
      0     0     1059.8357    18     1037.1184 UserPurge2: 1     1405    2.19%
      0     0     1059.4268    18     1037.1184 UserPurge2: 1     1425    2.15%
      0     0     1059.1576    19     1037.1184 UserPurge2: 1     1445    2.13%
      0     0     1059.0827    20     1037.1184 UserPurge2: 1     1460    2.12%
      0     0     1058.7267    20     1037.1184 UserPurge2: 1     1484    2.08%
      0     0     1058.4003    20     1037.1184 UserPurge2: 1     1500    2.05%
      0     0     1057.9845    20     1037.1184 UserPurge2: 1     1520    2.01%
      0     0     1057.9065    21     1037.1184 UserPurge2: 1     1537    2.00%
      0     0     1057.8224    22     1037.1184 UserPurge2: 1     1553    2.00%
      0     0     1057.2824    19     1037.1184 UserPurge2: 1     1593    1.94%
      0     0     1056.9587    18     1037.1184 UserPurge2: 1     1618    1.91%
      0     0     1056.6252    17     1037.1184 UserPurge2: 1     1633    1.88%
      0     0     1056.5196    18     1037.1184 UserPurge2: 1     1648    1.87%
      0     0     1056.4351    19     1037.1184 UserPurge2: 1     1659    1.86%
      0     0     1056.2582    20     1037.1184 UserPurge2: 1     1677    1.85%
      0     0     1056.1365    20     1037.1184 UserPurge2: 1     1690    1.83%
      0     0     1056.0507    21     1037.1184 UserPurge2: 1     1708    1.83%
      0     0     1055.9164    21     1037.1184 UserPurge2: 1     1729    1.81%
      0     0     1055.8457    22     1037.1184 UserPurge2: 1     1737    1.81%
      0     0     1055.3346    17     1037.1184 UserPurge2: 1     1768    1.76%
      0     0     1055.1935    18     1037.1184 UserPurge2: 1     1780    1.74%
      0     0     1055.0283    19     1037.1184 UserPurge2: 1     1786    1.73%
      0     0     1054.6181    17     1037.1184 UserPurge2: 1     1808    1.69%
      0     0     1054.5184    18     1037.1184 UserPurge2: 1     1817    1.68%
      0     0     1054.3639    18     1037.1184 UserPurge2: 1     1833    1.66%
      0     0     1054.3189    18     1037.1184 UserPurge2: 1     1841    1.66%
      0     0     1054.2046    19     1037.1184 UserPurge2: 1     1850    1.65%
      0     0     1054.0600    19     1037.1184 UserPurge2: 1     1864    1.63%
      0     0     1053.9345    19     1037.1184 UserPurge2: 1     1878    1.62%
      0     0     1053.8775    19     1037.1184 UserPurge2: 1     1886    1.62%
      0     0     1053.6669    19     1037.1184 UserPurge2: 1     1904    1.60%
      0     0     1053.5801    20     1037.1184 UserPurge2: 1     1917    1.59%
      0     0     1053.5494    21     1037.1184 UserPurge2: 1     1921    1.58%
      0     0     1053.3407    19     1037.1184 UserPurge2: 1     1954    1.56%
      0     0     1053.1893    19     1037.1184 UserPurge2: 1     1974    1.55%
      0     0     1052.9793    18     1037.1184 UserPurge2: 1     1993    1.53%
      0     0     1052.8538    19     1037.1184 UserPurge2: 1     2015    1.52%
      0     0     1052.8163    19     1037.1184 UserPurge2: 1     2027    1.51%
      0     0     1052.7684    19     1037.1184 UserPurge2: 1     2035    1.51%
      0     0     1052.7060    20     1037.1184 UserPurge2: 1     2045    1.50%
      0     0     1052.5869    21     1037.1184 UserPurge2: 1     2068    1.49%
      0     0     1052.5081    21     1037.1184 UserPurge2: 1     2080    1.48%
      0     0     1052.4102    22     1037.1184 UserPurge2: 1     2099    1.47%
      0     0     1052.3729    23     1037.1184 UserPurge2: 1     2119    1.47%
      0     0     1052.3242    24     1037.1184 UserPurge2: 1     2131    1.47%
      0     0     1052.2264    24     1037.1184 UserPurge2: 1     2160    1.46%
      0     0     1051.9812    22     1037.1184 UserPurge2: 1     2196    1.43%
      0     0     1051.9115    22     1037.1184 UserPurge2: 1     2210    1.43%
      0     0     1051.8417    23     1037.1184 UserPurge2: 1     2226    1.42%
      0     0     1051.7553    23     1037.1184 UserPurge2: 1     2245    1.41%
      0     0     1051.6755    24     1037.1184 UserPurge2: 1     2268    1.40%
      0     0     1051.6500    24     1037.1184 UserPurge2: 1     2283    1.40%
      0     0     1051.5495    25     1037.1184 UserPurge2: 1     2310    1.39%
      0     0     1051.2125    23     1037.1184 UserPurge2: 1     2344    1.36%
      0     0     1051.0368    23     1037.1184 UserPurge2: 1     2366    1.34%
      0     0     1050.9867    24     1037.1184 UserPurge2: 1     2384    1.34%
      0     0     1050.9155    25     1037.1184 UserPurge2: 1     2403    1.33%
      0     0     1050.7212    25     1037.1184 UserPurge2: 1     2428    1.31%
      0     0     1050.5187    24     1037.1184 UserPurge2: 1     2451    1.29%
      0     0     1050.4236    24     1037.1184 UserPurge2: 1     2471    1.28%
      0     0     1050.3803    25     1037.1184 UserPurge2: 1     2482    1.28%
      0     0     1050.1760    25     1037.1184 UserPurge2: 1     2507    1.26%
      0     0     1050.0739    25     1037.1184 UserPurge2: 1     2522    1.25%
      0     0     1049.8130    25     1037.1184 UserPurge2: 1     2553    1.22%
      0     0     1049.7022    25     1037.1184 UserPurge2: 1     2578    1.21%
      0     0     1049.5431    24     1037.1184 UserPurge2: 1     2603    1.20%
      0     0     1049.5180    24     1037.1184 UserPurge2: 1     2613    1.20%
      0     0     1049.4986    24     1037.1184 UserPurge2: 1     2627    1.19%
      0     0     1049.4663    25     1037.1184 UserPurge2: 1     2640    1.19%
      0     0     1049.4198    25     1037.1184 UserPurge2: 1     2661    1.19%
      0     0     1049.3507    25     1037.1184 UserPurge2: 1     2676    1.18%
      0     0     1049.2962    26     1037.1184 UserPurge2: 1     2690    1.17%
      0     0     1049.2028    24     1037.1184 UserPurge2: 1     2716    1.17%
      0     0     1049.1775    25     1037.1184 UserPurge2: 1     2723    1.16%
      0     0     1049.1205    26     1037.1184 UserPurge2: 1     2741    1.16%
      0     0     1049.0517    26     1037.1184 UserPurge2: 1     2764    1.15%
      0     0     1048.9918    25     1037.1184 UserPurge2: 1     2785    1.14%
      0     0     1048.9568    26     1037.1184 UserPurge2: 1     2800    1.14%
      0     0     1048.9513    27     1037.1184 UserPurge2: 1     2805    1.14%
      0     0     1048.9068    28     1037.1184 UserPurge2: 1     2822    1.14%
      0     0     1048.8957    29     1037.1184 UserPurge2: 1     2835    1.14%
      0     0     1048.8525    29     1037.1184 UserPurge2: 1     2851    1.13%
      0     0     1048.7129    29     1037.1184 UserPurge2: 1     2890    1.12%
      0     0     1048.6273    26     1037.1184 UserPurge2: 1     2915    1.11%
      0     0     1048.5144    26     1037.1184 UserPurge2: 1     2937    1.10%
      0     0     1048.4883    26     1037.1184 UserPurge2: 1     2958    1.10%
      0     0     1048.4574    27     1037.1184 UserPurge2: 1     2976    1.09%
      0     0     1048.4283    28     1037.1184 UserPurge2: 1     2993    1.09%
      0     0     1048.3988    28     1037.1184 UserPurge2: 1     3018    1.09%
      0     0     1048.3918    29     1037.1184 UserPurge2: 1     3023    1.09%
      0     0     1048.3295    30     1037.1184 UserPurge2: 1     3056    1.08%
      0     0     1048.2397    28     1037.1184 UserPurge2: 1     3083    1.07%
      0     0     1048.1217    28     1037.1184 UserPurge2: 1     3122    1.06%
      0     0     1047.9619    28     1037.1184 UserPurge2: 1     3159    1.05%
      0     0     1047.7905    24     1037.1184 UserPurge2: 1     3186    1.03%
      0     0     1047.7396    23     1037.1184 UserPurge2: 1     3197    1.02%
      0     0     1047.6635    23     1037.1184 UserPurge2: 1     3207    1.02%
      0     0     1047.6035    22     1037.1184 UserPurge2: 1     3221    1.01%
      0     0     1047.5924    23     1037.1184 UserPurge2: 1     3228    1.01%
      0     0     1047.5491    24     1037.1184 UserPurge2: 1     3245    1.01%
      0     0     1047.5409    24     1037.1184 UserPurge2: 1     3252    1.00%
      0     0     1047.5330    25     1037.1184 UserPurge2: 1     3259    1.00%
      0     0     1047.5151    26     1037.1184 UserPurge2: 1     3271    1.00%
      0     0     1047.4861    26     1037.1184 UserPurge2: 1     3290    1.00%
      0     0     1047.4548    27     1037.1184 UserPurge2: 1     3309    1.00%
      0     0     1047.4334    26     1037.1184 UserPurge2: 1     3326    0.99%
      0     0     1047.4145    26     1037.1184 UserPurge2: 1     3339    0.99%
      0     0     1047.3968    27     1037.1184 UserPurge2: 1     3346    0.99%
      0     0     1047.3861    28     1037.1184 UserPurge2: 1     3359    0.99%
      0     0     1047.3601    29     1037.1184 UserPurge2: 1     3379    0.99%
      0     0     1047.3337    30     1037.1184 UserPurge2: 1     3394    0.98%
      0     0     1047.3138    30     1037.1184 UserPurge2: 1     3410    0.98%
      0     0     1047.2567    30     1037.1184 UserPurge2: 1     3445    0.98%
      0     0     1047.2028    30     1037.1184 UserPurge2: 1     3469    0.97%
      0     0     1047.1197    29     1037.1184 UserPurge2: 1     3492    0.96%
      0     0     1047.0650    28     1037.1184 UserPurge2: 1     3510    0.96%
      0     0     1047.0548    28     1037.1184 UserPurge2: 1     3523    0.96%
      0     0     1047.0194    28     1037.1184 UserPurge2: 1     3550    0.95%
      0     0     1046.9715    27     1037.1184 UserPurge2: 1     3572    0.95%
      0     0     1046.9049    27     1037.1184 UserPurge2: 1     3600    0.94%
      0     0     1046.8897    27     1037.1184 UserPurge2: 1     3609    0.94%
      0     0     1046.8796    28     1037.1184 UserPurge2: 1     3619    0.94%
      0     0     1046.8601    29     1037.1184 UserPurge2: 1     3645    0.94%
      0     0     1046.8243    29     1037.1184 UserPurge2: 1     3665    0.94%
      0     0     1046.7978    30     1037.1184 UserPurge2: 1     3689    0.93%
      0     0     1046.7890    30     1037.1184 UserPurge2: 1     3700    0.93%
      0     0     1046.7843    31     1037.1184 UserPurge2: 1     3710    0.93%
      0     0     1046.7600    30     1037.1184 UserPurge2: 1     3726    0.93%
      0     0     1046.7137    30     1037.1184 UserPurge2: 1     3755    0.93%
      0     0     1046.7071    31     1037.1184 UserPurge2: 1     3761    0.92%
      0     0     1046.6188    31     1037.1184 UserPurge2: 1     3796    0.92%
      0     0     1046.4976    28     1037.1184 UserPurge2: 1     3821    0.90%
      0     0     1046.4110    29     1037.1184 UserPurge2: 1     3842    0.90%
      0     0     1046.3172    29     1037.1184 UserPurge2: 1     3874    0.89%
      0     0     1046.2466    29     1037.1184 UserPurge2: 1     3910    0.88%
      0     0     1046.1549    28     1037.1184 UserPurge2: 1     3935    0.87%
      0     0     1046.0539    27     1037.1184 UserPurge2: 1     3964    0.86%
      0     0     1046.0450    27     1037.1184 UserPurge2: 1     3968    0.86%
      0     0     1045.9950    28     1037.1184 UserPurge2: 1     3981    0.86%
      0     0     1045.9595    29     1037.1184 UserPurge2: 1     4005    0.85%
      0     0     1045.9381    29     1037.1184 UserPurge2: 1     4020    0.85%
      0     0     1045.8548    29     1037.1184 UserPurge2: 1     4050    0.84%
      0     0     1045.8211    28     1037.1184 UserPurge2: 1     4066    0.84%
      0     0     1045.7842    28     1037.1184 UserPurge2: 1     4087    0.84%
      0     0     1045.7398    28     1037.1184 UserPurge2: 1     4106    0.83%
      0     0     1045.7026    27     1037.1184 UserPurge2: 1     4124    0.83%
*     0+    0                         1037.5377     1045.7026             0.79%
      0     0     1045.6740    28     1037.5377 UserPurge2: 1     4143    0.78%
      0     0     1045.6577    29     1037.5377 UserPurge2: 1     4154    0.78%
      0     0     1045.6452    30     1037.5377 UserPurge2: 1     4167    0.78%
      0     0     1045.5634    29     1037.5377 UserPurge2: 1     4200    0.77%
      0     0     1045.5332    30     1037.5377 UserPurge2: 1     4218    0.77%
      0     0     1045.5257    31     1037.5377 UserPurge2: 1     4230    0.77%
      0     0     1045.5152    31     1037.5377 UserPurge2: 1     4248    0.77%
      0     0     1045.5000    32     1037.5377 UserPurge2: 1     4269    0.77%
      0     0     1045.4922    33     1037.5377 UserPurge2: 1     4284    0.77%
      0     0     1045.4792    34     1037.5377 UserPurge2: 1     4300    0.77%
      0     0     1045.3991    32     1037.5377 UserPurge2: 1     4343    0.76%
      0     0     1045.3430    31     1037.5377 UserPurge2: 1     4365    0.75%
      0     0     1045.3269    31     1037.5377 UserPurge2: 1     4389    0.75%
      0     0     1045.2940    30     1037.5377 UserPurge2: 1     4400    0.75%
*     0+    0                         1038.4229     1045.2940             0.66%
      0     0     1045.2619    30     1038.4229 UserPurge2: 1     4416    0.66%
      0     0     1045.2387    31     1038.4229 UserPurge2: 1     4435    0.66%
      0     0     1045.1881    30     1038.4229 UserPurge2: 1     4468    0.65%
      0     0     1045.1624    31     1038.4229 UserPurge2: 1     4489    0.65%
      0     0     1045.0855    31     1038.4229 UserPurge2: 1     4516    0.64%
      0     0     1045.0547    30     1038.4229 UserPurge2: 1     4533    0.64%
      0     0     1045.0197    29     1038.4229 UserPurge2: 1     4552    0.64%
      0     0     1045.0142    30     1038.4229 UserPurge2: 1     4562    0.63%
      0     0     1045.0091    31     1038.4229 UserPurge2: 1     4575    0.63%
      0     0     1045.0025    32     1038.4229 UserPurge2: 1     4586    0.63%
      0     0     1044.9836    33     1038.4229 UserPurge2: 1     4610    0.63%
      0     0     1044.9359    33     1038.4229 UserPurge2: 1     4643    0.63%
      0     0     1044.9040    33     1038.4229 UserPurge2: 1     4665    0.62%
      0     0     1044.8586    32     1038.4229 UserPurge2: 1     4692    0.62%
      0     0     1044.8080    33     1038.4229 UserPurge2: 1     4713    0.61%
      0     0     1044.7394    31     1038.4229 UserPurge2: 1     4751    0.61%
      0     0     1044.6824    31     1038.4229 UserPurge2: 1     4786    0.60%
      0     0     1044.6357    30     1038.4229 UserPurge2: 1     4810    0.60%
      0     0     1044.6139    31     1038.4229 UserPurge2: 1     4824    0.60%
      0     0     1044.5613    31     1038.4229 UserPurge2: 1     4852    0.59%
      0     0     1044.4869    31     1038.4229 UserPurge2: 1     4882    0.58%
      0     0     1044.4618    31     1038.4229 UserPurge2: 1     4898    0.58%
      0     0     1044.4397    31     1038.4229 UserPurge2: 1     4912    0.58%
      0     0     1044.4033    32     1038.4229 UserPurge2: 1     4935    0.58%
      0     0     1044.3769    31     1038.4229 UserPurge2: 1     4961    0.57%
      0     0     1044.3554    32     1038.4229 UserPurge2: 1     4980    0.57%
      0     0     1044.3280    31     1038.4229 UserPurge2: 1     5002    0.57%
      0     0     1044.2829    32     1038.4229 UserPurge2: 1     5031    0.56%
      0     0     1044.2621    32     1038.4229 UserPurge2: 1     5051    0.56%
      0     0     1044.2433    33     1038.4229 UserPurge2: 1     5078    0.56%
      0     0     1044.2338    34     1038.4229 UserPurge2: 1     5094    0.56%
      0     0     1044.2160    33     1038.4229 UserPurge2: 1     5121    0.56%
      0     0     1044.1906    33     1038.4229 UserPurge2: 1     5142    0.56%
      0     0     1044.1754    33     1038.4229 UserPurge2: 1     5159    0.55%
      0     0     1044.1668    34     1038.4229 UserPurge2: 1     5174    0.55%
      0     0     1044.1525    35     1038.4229 UserPurge2: 1     5191    0.55%
      0     0     1044.1083    36     1038.4229 UserPurge2: 1     5228    0.55%
      0     0     1044.0435    35     1038.4229 UserPurge2: 1     5262    0.54%
      0     0     1044.0314    34     1038.4229 UserPurge2: 1     5275    0.54%
      0     0     1044.0163    33     1038.4229 UserPurge2: 1     5303    0.54%
      0     0     1043.9992    34     1038.4229 UserPurge2: 1     5317    0.54%
      0     0     1043.9600    34     1038.4229 UserPurge2: 1     5344    0.53%
      0     0     1043.9296    34     1038.4229 UserPurge2: 1     5374    0.53%
      0     0     1043.8833    33     1038.4229 UserPurge2: 1     5393    0.53%
      0     0     1043.8683    34     1038.4229 UserPurge2: 1     5417    0.52%
      0     0     1043.8492    35     1038.4229 UserPurge2: 1     5430    0.52%
      0     0     1043.8274    35     1038.4229 UserPurge2: 1     5457    0.52%
      0     0     1043.7754    34     1038.4229 UserPurge2: 1     5501    0.52%
      0     0     1043.7293    32     1038.4229 UserPurge2: 1     5522    0.51%
      0     0     1043.7202    32     1038.4229 UserPurge2: 1     5530    0.51%
      0     0     1043.6820    33     1038.4229 UserPurge2: 1     5554    0.51%
      0     0     1043.6595    32     1038.4229 UserPurge2: 1     5577    0.50%
      0     0     1043.6490    32     1038.4229 UserPurge2: 1     5594    0.50%
      0     0     1043.6456    33     1038.4229 UserPurge2: 1     5603    0.50%
      0     0     1043.6350    33     1038.4229 UserPurge2: 1     5619    0.50%
*     0+    0                         1038.7679     1043.6350             0.47%

Repeating presolve.
Tried aggregator 1 time.
MIP Presolve eliminated 0 rows and 256 columns.
Reduced MIP has 1 rows, 745 columns, and 744 nonzeros.
Reduced MIP has 744 binaries, 0 generals, 0 SOSs, and 0 indicators.
Presolve time = 0.00 sec. (0.27 ticks)
Probing time = 0.00 sec. (0.08 ticks)
Tried aggregator 1 time.
Reduced MIP has 1 rows, 745 columns, and 744 nonzeros.
Reduced MIP has 744 binaries, 0 generals, 0 SOSs, and 0 indicators.
Presolve time = 0.00 sec. (0.23 ticks)
Represolve time = 0.09 sec. (43.25 ticks)
Probing time = 0.00 sec. (0.08 ticks)
MIP emphasis: balance optimality and feasibility.
MIP search method: dynamic search.
Parallel mode: none, using 1 thread.
Root relaxation solution time = 0.01 sec. (17.87 ticks)

        Nodes                                         Cuts/
   Node  Left     Objective  IInf  Best Integer    Best Bound    ItCnt     Gap

*     0+    0                         1038.7679     1043.6350             0.47%
      0     0     1043.6350    33     1038.7679     1043.6350     5734    0.47%
      0     0     1043.6175    33     1038.7679 UserPurge2: 1     5753    0.47%
      0     0     1043.6041    33     1038.7679 UserPurge2: 1     5766    0.47%
      0     0     1043.5764    32     1038.7679 UserPurge2: 1     5792    0.46%
      0     0     1043.5667    33     1038.7679 UserPurge2: 1     5800    0.46%
      0     0     1043.5563    34     1038.7679 UserPurge2: 1     5810    0.46%
      0     0     1043.5256    34     1038.7679 UserPurge2: 1     5842    0.46%
      0     0     1043.5025    34     1038.7679 UserPurge2: 1     5866    0.46%
      0     0     1043.4907    35     1038.7679 UserPurge2: 1     5878    0.45%
      0     0     1043.4575    35     1038.7679 UserPurge2: 1     5905    0.45%
      0     0     1043.4221    35     1038.7679 UserPurge2: 1     5934    0.45%
      0     0     1043.4033    34     1038.7679 UserPurge2: 1     5968    0.45%
      0     0     1043.3699    34     1038.7679 UserPurge2: 1     5995    0.44%
      0     0     1043.3526    34     1038.7679 UserPurge2: 1     6014    0.44%
      0     0     1043.3440    33     1038.7679 UserPurge2: 1     6035    0.44%
      0     0     1043.3302    33     1038.7679 UserPurge2: 1     6055    0.44%
      0     0     1043.3249    33     1038.7679 UserPurge2: 1     6070    0.44%
      0     0     1043.3173    34     1038.7679 UserPurge2: 1     6088    0.44%
      0     0     1043.3104    35     1038.7679 UserPurge2: 1     6116    0.44%
      0     0     1043.2919    35     1038.7679 UserPurge2: 1     6139    0.44%
      0     0     1043.2892    36     1038.7679 UserPurge2: 1     6149    0.44%
      0     0     1043.2672    37     1038.7679 UserPurge2: 1     6181    0.43%
      0     0     1043.2386    35     1038.7679 UserPurge2: 1     6211    0.43%
      0     0     1043.2239    35     1038.7679 UserPurge2: 1     6235    0.43%
*     0+    0                         1040.0780     1043.2239             0.30%
      0     0     1043.1892    35     1040.0780 UserPurge2: 1     6254    0.30%
      0     0     1043.1853    36     1040.0780 UserPurge2: 1     6266    0.30%
      0     0     1043.1699    34     1040.0780 UserPurge2: 1     6293    0.30%
      0     0     1043.1540    31     1040.0780 UserPurge2: 1     6318    0.30%
      0     0     1043.1497    32     1040.0780 UserPurge2: 1     6327    0.30%
      0     0     1043.1443    33     1040.0780 UserPurge2: 1     6342    0.29%
      0     0     1043.1260    34     1040.0780 UserPurge2: 1     6367    0.29%
      0     0     1043.1173    34     1040.0780 UserPurge2: 1     6384    0.29%
      0     0     1043.0886    34     1040.0780 UserPurge2: 1     6421    0.29%
      0     0     1043.0697    35     1040.0780 UserPurge2: 1     6447    0.29%
      0     0     1043.0612    36     1040.0780 UserPurge2: 1     6462    0.29%
      0     0     1043.0163    34     1040.0780 UserPurge2: 1     6497    0.28%
      0     0     1043.0075    35     1040.0780 UserPurge2: 1     6516    0.28%
      0     0     1043.0027    34     1040.0780 UserPurge2: 1     6526    0.28%
      0     0     1042.9835    35     1040.0780 UserPurge2: 1     6560    0.28%
      0     0     1042.9728    34     1040.0780 UserPurge2: 1     6575    0.28%
      0     0     1042.9603    35     1040.0780 UserPurge2: 1     6592    0.28%
      0     0     1042.9469    32     1040.0780 UserPurge2: 1     6616    0.28%
      0     0     1042.9397    32     1040.0780 UserPurge2: 1     6638    0.28%
      0     0     1042.9342    33     1040.0780 UserPurge2: 1     6651    0.27%
      0     0     1042.9247    34     1040.0780 UserPurge2: 1     6668    0.27%
      0     0     1042.9134    35     1040.0780 UserPurge2: 1     6686    0.27%
      0     0     1042.9002    35     1040.0780 UserPurge2: 1     6708    0.27%
      0     0     1042.8961    35     1040.0780 UserPurge2: 1     6719    0.27%
      0     0     1042.8719    34     1040.0780 UserPurge2: 1     6750    0.27%
      0     0     1042.8612    35     1040.0780 UserPurge2: 1     6763    0.27%
      0     0     1042.8557    35     1040.0780 UserPurge2: 1     6781    0.27%
      0     0     1042.8473    36     1040.0780 UserPurge2: 1     6799    0.27%
      0     0     1042.8372    36     1040.0780 UserPurge2: 1     6816    0.27%
      0     0     1042.8315    37     1040.0780 UserPurge2: 1     6828    0.26%
      0     0     1042.7896    35     1040.0780 UserPurge2: 1     6869    0.26%
      0     0     1042.7701    35     1040.0780 UserPurge2: 1     6897    0.26%
      0     0     1042.7433    34     1040.0780 UserPurge2: 1     6919    0.26%
      0     0     1042.7303    35     1040.0780 UserPurge2: 1     6933    0.26%
      0     0     1042.7018    35     1040.0780 UserPurge2: 1     6962    0.25%
      0     0     1042.6951    35     1040.0780 UserPurge2: 1     6974    0.25%
      0     0     1042.6877    36     1040.0780 UserPurge2: 1     6990    0.25%
      0     0     1042.6792    37     1040.0780 UserPurge2: 1     7008    0.25%
      0     0     1042.6698    37     1040.0780 UserPurge2: 1     7026    0.25%
      0     0     1042.6588    38     1040.0780 UserPurge2: 1     7040    0.25%
      0     0     1042.6428    38     1040.0780 UserPurge2: 1     7063    0.25%
      0     0     1042.6377    39     1040.0780 UserPurge2: 1     7086    0.25%
      0     0     1042.5949    36     1040.0780 UserPurge2: 1     7136    0.24%
      0     0     1042.5793    35     1040.0780 UserPurge2: 1     7148    0.24%
      0     0     1042.5672    35     1040.0780 UserPurge2: 1     7167    0.24%
      0     0     1042.5591    36     1040.0780 UserPurge2: 1     7184    0.24%
      0     0     1042.5547    37     1040.0780 UserPurge2: 1     7198    0.24%
      0     0     1042.5145    36     1040.0780 UserPurge2: 1     7225    0.23%
      0     0     1042.4717    35     1040.0780 UserPurge2: 1     7260    0.23%
      0     0     1042.4531    35     1040.0780 UserPurge2: 1     7280    0.23%
      0     0     1042.4369    36     1040.0780 UserPurge2: 1     7298    0.23%
      0     0     1042.4186    35     1040.0780 UserPurge2: 1     7312    0.23%
      0     0     1042.3956    36     1040.0780 UserPurge2: 1     7336    0.22%
      0     0     1042.3867    36     1040.0780 UserPurge2: 1     7352    0.22%
      0     0     1042.3732    34     1040.0780 UserPurge2: 1     7370    0.22%
      0     0     1042.3693    35     1040.0780 UserPurge2: 1     7378    0.22%
      0     0     1042.3663    36     1040.0780 UserPurge2: 1     7388    0.22%
      0     0     1042.3619    37     1040.0780 UserPurge2: 1     7402    0.22%
      0     0     1042.3531    36     1040.0780 UserPurge2: 1     7429    0.22%
      0     0     1042.3466    37     1040.0780 UserPurge2: 1     7448    0.22%
      0     0     1042.3409    35     1040.0780 UserPurge2: 1     7465    0.22%
      0     0     1042.3368    36     1040.0780 UserPurge2: 1     7479    0.22%
      0     0     1042.3262    37     1040.0780 UserPurge2: 1     7507    0.22%
      0     0     1042.3228    38     1040.0780 UserPurge2: 1     7515    0.22%
      0     0     1042.3189    37     1040.0780 UserPurge2: 1     7539    0.22%
      0     0     1042.3131    38     1040.0780 UserPurge2: 1     7566    0.21%
      0     0     1042.3081    39     1040.0780 UserPurge2: 1     7578    0.21%
      0     0     1042.3013    39     1040.0780 UserPurge2: 1     7594    0.21%
      0     0     1042.2983    40     1040.0780 UserPurge2: 1     7604    0.21%
      0     0     1042.2909    40     1040.0780 UserPurge2: 1     7625    0.21%
      0     0     1042.2796    40     1040.0780 UserPurge2: 1     7655    0.21%
      0     0     1042.2658    40     1040.0780 UserPurge2: 1     7691    0.21%
      0     0     1042.2188    37     1040.0780 UserPurge2: 1     7740    0.21%
      0     0     1042.2021    37     1040.0780 UserPurge2: 1     7761    0.20%
      0     0     1042.1787    38     1040.0780 UserPurge2: 1     7785    0.20%
      0     0     1042.1703    38     1040.0780 UserPurge2: 1     7801    0.20%
      0     0     1042.1576    38     1040.0780 UserPurge2: 1     7822    0.20%
      0     0     1042.1505    38     1040.0780 UserPurge2: 1     7840    0.20%
      0     0     1042.1411    39     1040.0780 UserPurge2: 1     7855    0.20%
      0     0     1042.1326    39     1040.0780 UserPurge2: 1     7876    0.20%
      0     0     1042.1211    39     1040.0780 UserPurge2: 1     7898    0.20%
      0     0     1042.1141    39     1040.0780 UserPurge2: 1     7922    0.20%
      0     0     1042.1071    40     1040.0780 UserPurge2: 1     7940    0.20%
      0     0     1042.1055    40     1040.0780 UserPurge2: 1     7945    0.19%
      0     0     1042.0838    40     1040.0780 UserPurge2: 1     7973    0.19%
      0     0     1042.0584    39     1040.0780 UserPurge2: 1     8009    0.19%
      0     0     1042.0520    40     1040.0780 UserPurge2: 1     8022    0.19%
      0     0     1042.0289    38     1040.0780 UserPurge2: 1     8060    0.19%
      0     0     1041.9872    36     1040.0780 UserPurge2: 1     8094    0.18%
      0     0     1041.9724    37     1040.0780 UserPurge2: 1     8109    0.18%
      0     0     1041.9674    38     1040.0780 UserPurge2: 1     8124    0.18%
      0     0     1041.9522    36     1040.0780 UserPurge2: 1     8148    0.18%
      0     0     1041.9472    36     1040.0780 UserPurge2: 1     8159    0.18%
      0     0     1041.9304    35     1040.0780 UserPurge2: 1     8180    0.18%
      0     0     1041.9129    34     1040.0780 UserPurge2: 1     8204    0.18%
      0     0     1041.8943    34     1040.0780 UserPurge2: 1     8221    0.17%
      0     0     1041.8829    35     1040.0780 UserPurge2: 1     8241    0.17%
      0     0     1041.8736    36     1040.0780 UserPurge2: 1     8260    0.17%
      0     0     1041.8710    37     1040.0780 UserPurge2: 1     8272    0.17%
*     0+    0                         1040.1453     1041.8710             0.17%
      0     0     1041.8534    37     1040.1453 UserPurge2: 1     8305    0.16%
      0     0     1041.8428    37     1040.1453 UserPurge2: 1     8326    0.16%
      0     0     1041.8356    38     1040.1453 UserPurge2: 1     8341    0.16%
      0     0     1041.8213    38     1040.1453 UserPurge2: 1     8362    0.16%
      0     0     1041.8148    38     1040.1453 UserPurge2: 1     8378    0.16%
      0     0     1041.8016    38     1040.1453 UserPurge2: 1     8406    0.16%
      0     0     1041.7899    38     1040.1453 UserPurge2: 1     8425    0.16%
      0     0     1041.7867    39     1040.1453 UserPurge2: 1     8436    0.16%
      0     0     1041.7755    40     1040.1453 UserPurge2: 1     8459    0.16%
      0     0     1041.7664    41     1040.1453 UserPurge2: 1     8489    0.16%
      0     0     1041.7580    40     1040.1453 UserPurge2: 1     8521    0.16%
      0     0     1041.7492    40     1040.1453 UserPurge2: 1     8544    0.15%
      0     0     1041.7350    40     1040.1453 UserPurge2: 1     8569    0.15%
      0     0     1041.7244    41     1040.1453 UserPurge2: 1     8588    0.15%
      0     0     1041.6976    40     1040.1453 UserPurge2: 1     8623    0.15%
      0     0     1041.6832    39     1040.1453 UserPurge2: 1     8647    0.15%
      0     0     1041.6763    40     1040.1453 UserPurge2: 1     8664    0.15%
      0     0     1041.6636    40     1040.1453 UserPurge2: 1     8686    0.15%
      0     0     1041.6503    39     1040.1453 UserPurge2: 1     8716    0.14%
      0     0     1041.6451    37     1040.1453 UserPurge2: 1     8732    0.14%
      0     0     1041.6415    38     1040.1453 UserPurge2: 1     8751    0.14%
      0     0     1041.6360    38     1040.1453 UserPurge2: 1     8779    0.14%
      0     0     1041.6304    39     1040.1453 UserPurge2: 1     8802    0.14%
      0     0     1041.6274    40     1040.1453 UserPurge2: 1     8817    0.14%
      0     0     1041.6240    40     1040.1453 UserPurge2: 1     8834    0.14%
      0     0     1041.6163    41     1040.1453 UserPurge2: 1     8855    0.14%
      0     0     1041.6132    41     1040.1453 UserPurge2: 1     8879    0.14%
      0     0     1041.5990    38     1040.1453 UserPurge2: 1     8928    0.14%
      0     0     1041.5905    38     1040.1453 UserPurge2: 1     8945    0.14%
      0     0     1041.5858    39     1040.1453 UserPurge2: 1     8960    0.14%
      0     0     1041.5833    40     1040.1453 UserPurge2: 1     8975    0.14%
      0     0     1041.5713    40     1040.1453 UserPurge2: 1     9008    0.14%
      0     0     1041.5418    38     1040.1453 UserPurge2: 1     9035    0.13%
      0     0     1041.5110    36     1040.1453 UserPurge2: 1     9062    0.13%
      0     0     1041.4857    34     1040.1453 UserPurge2: 1     9088    0.13%
      0     0     1041.4825    35     1040.1453 UserPurge2: 1     9099    0.13%
      0     0     1041.4797    36     1040.1453 UserPurge2: 1     9108    0.13%
      0     0     1041.4723    35     1040.1453 UserPurge2: 1     9124    0.13%
      0     0     1041.4680    36     1040.1453 UserPurge2: 1     9137    0.13%
*     0+    0                         1040.2860     1041.4680             0.11%
      0     0     1041.4540    37     1040.2860 UserPurge2: 1     9152    0.11%
      0     0     1041.4509    38     1040.2860 UserPurge2: 1     9163    0.11%
      0     0     1041.4458    38     1040.2860 UserPurge2: 1     9181    0.11%
      0     0     1041.4431    39     1040.2860 UserPurge2: 1     9193    0.11%
      0     0     1041.4410    40     1040.2860 UserPurge2: 1     9210    0.11%
      0     0     1041.4383    41     1040.2860 UserPurge2: 1     9221    0.11%
      0     0     1041.4335    41     1040.2860 UserPurge2: 1     9249    0.11%
      0     0     1041.4283    41     1040.2860 UserPurge2: 1     9265    0.11%
      0     0     1041.4211    40     1040.2860 UserPurge2: 1     9288    0.11%
      0     0     1041.4135    39     1040.2860 UserPurge2: 1     9315    0.11%
      0     0     1041.4010    39     1040.2860 UserPurge2: 1     9342    0.11%
      0     0     1041.3969    40     1040.2860 UserPurge2: 1     9352    0.11%
      0     0     1041.3926    41     1040.2860 UserPurge2: 1     9373    0.11%
      0     0     1041.3726    37     1040.2860 UserPurge2: 1     9405    0.10%
      0     0     1041.3679    37     1040.2860 UserPurge2: 1     9416    0.10%
      0     0     1041.3632    37     1040.2860 UserPurge2: 1     9435    0.10%
*     0+    0                         1040.3999     1041.3632             0.09%
      0     0     1041.3576    37     1040.3999 UserPurge2: 1     9446    0.09%
      0     0     1041.3530    37     1040.3999 UserPurge2: 1     9455    0.09%
      0     0     1041.3505    38     1040.3999 UserPurge2: 1     9468    0.09%
      0     0     1041.3466    39     1040.3999 UserPurge2: 1     9484    0.09%
      0     0     1041.3433    40     1040.3999 UserPurge2: 1     9500    0.09%
      0     0     1041.3349    41     1040.3999 UserPurge2: 1     9533    0.09%
      0     0     1041.3322    41     1040.3999 UserPurge2: 1     9544    0.09%
      0     0     1041.3303    41     1040.3999 UserPurge2: 1     9555    0.09%
      0     0     1041.3246    40     1040.3999 UserPurge2: 1     9581    0.09%
      0     0     1041.3210    41     1040.3999 UserPurge2: 1     9601    0.09%
      0     0     1041.3090    40     1040.3999 UserPurge2: 1     9639    0.09%
      0     0     1041.3019    39     1040.3999 UserPurge2: 1     9672    0.09%
      0     0     1041.2954    39     1040.3999 UserPurge2: 1     9700    0.09%
      0     0     1041.2901    38     1040.3999 UserPurge2: 1     9718    0.09%
      0     0     1041.2869    37     1040.3999 UserPurge2: 1     9736    0.09%
      0     0     1041.2849    38     1040.3999 UserPurge2: 1     9753    0.09%
      0     0     1041.2842    39     1040.3999 UserPurge2: 1     9764    0.08%
      0     0     1041.2828    40     1040.3999 UserPurge2: 1     9780    0.08%
      0     0     1041.2801    40     1040.3999 UserPurge2: 1     9804    0.08%
      0     0     1041.2767    40     1040.3999 UserPurge2: 1     9823    0.08%
      0     0     1041.2703    39     1040.3999 UserPurge2: 1     9842    0.08%
      0     0     1041.2675    39     1040.3999 UserPurge2: 1     9853    0.08%
      0     0     1041.2651    40     1040.3999 UserPurge2: 1     9869    0.08%
      0     0     1041.2621    41     1040.3999 UserPurge2: 1     9888    0.08%
      0     0     1041.2596    42     1040.3999 UserPurge2: 1     9901    0.08%
      0     0     1041.2580    43     1040.3999 UserPurge2: 1     9912    0.08%
      0     0     1041.2555    44     1040.3999 UserPurge2: 1     9931    0.08%
      0     0     1041.2483    44     1040.3999 UserPurge2: 1     9963    0.08%
      0     0     1041.2376    41     1040.3999 UserPurge2: 1     9992    0.08%
      0     0     1041.2273    40     1040.3999 UserPurge2: 1    10019    0.08%
      0     0     1041.2230    39     1040.3999 UserPurge2: 1    10036    0.08%
      0     0     1041.2200    38     1040.3999 UserPurge2: 1    10058    0.08%
      0     2     1041.2200    38     1040.3999     1041.2200    10058    0.08%
Elapsed time = 35.00 sec. (4831.51 ticks, tree = 0.01 MB, solutions = 8)
      1     1        cutoff           1040.3999     1041.2200    17185    0.08%

User cuts applied:  870

Root node processing (before b&c):
  Real time             =   35.00 sec. (4833.35 ticks)
Sequential b&c:
  Real time             =   15.96 sec. (2681.98 ticks)
                          ------------
Total (root+branch&cut) =   50.96 sec. (7515.33 ticks)
@Parameters: 
is_S_cut                                true
is_add_all_yinF                         true
is_start_value                          true
is_usercut                              true
is_visualization                        false
uc_only_rootnode                        false

data                                    Qi
fn                                      data/Qi/instance_500_1000.csv
mode                                    NewSubmodular
solver                                  cplex

p                                       10
r                                       50

EPS                                     1.0e-06
EPS_vio                                 1.0e-04
beta                                    0.10
gap                                     0.00
nodelimit                               Inf
timelimit                               7200.00


@PrintInfos
ItCnt: 17484
Current gap: 0.00 %
Termination Status: OPTIMAL
Primal Status: FEASIBLE_POINT
Solve Time: 50.96 sec
Objective Value: 1040.399948
Number of Nodes:      3

CutInfo: [phase] num / time (sec) 
ZLP             [phase1]     0 / 0.00 [rLC]     0 / 0.00 [rUC]     0 / 0.00 [sLC]     0 / 0.00 [sUC]     0 / 0.00 
OldSubmodular   [phase1]     0 / 0.00 [rLC]     0 / 0.00 [rUC]     0 / 0.00 [sLC]     0 / 0.00 [sUC]     0 / 0.00 
NewSubmodular   [phase1]     0 / 0.00 [rLC]   148 / 6.58 [rUC]  1262 / 22.29 [sLC]     0 / 0.00 [sUC]   832 / 13.51 
PMP             [phase1]     0 / 0.00 [rLC]    12 / 3.26 [rUC]     0 / 0.00 [sLC]     0 / 0.00 [sUC]     0 / 0.00 
Separation Round: [phase1] 0  [rLC] 121  [rUC] 505  [sLC] 0  [sUC] 208
Root Best Bound 1040.399948
Root Best Integer: 1040.399948
Best Bound: 1040.399948
Best Integer: 1040.399948

