Version identifier: 20.1.0.0 | 2020-11-10 | 9bedb6d68
CPXPARAM_Threads                                 1
CPXPARAM_TimeLimit                               7200
CPXPARAM_MIP_Tolerances_MIPGap                   0
Generic callback                                 0x60
1 of 1 MIP starts provided solutions.
MIP start 'm1' defined initial solution with objective 1598.9676.
Tried aggregator 1 time.
Reduced MIP has 1 rows, 801 columns, and 800 nonzeros.
Reduced MIP has 800 binaries, 0 generals, 0 SOSs, and 0 indicators.
Presolve time = 0.00 sec. (0.24 ticks)
Probing time = 0.00 sec. (0.09 ticks)
Tried aggregator 1 time.
Reduced MIP has 1 rows, 801 columns, and 800 nonzeros.
Reduced MIP has 800 binaries, 0 generals, 0 SOSs, and 0 indicators.
Presolve time = 0.00 sec. (0.25 ticks)
Probing time = 0.00 sec. (0.09 ticks)
MIP emphasis: balance optimality and feasibility.
MIP search method: dynamic search.
Parallel mode: none, using 1 thread.
Root relaxation solution time = 0.00 sec. (0.17 ticks)

        Nodes                                         Cuts/
   Node  Left     Objective  IInf  Best Integer    Best Bound    ItCnt     Gap

*     0+    0                         1598.9676     2716.0000            69.86%
      0     0     2071.8519     2     1598.9676     2716.0000        0   69.86%
      0     0     1977.9681     3     1598.9676 UserPurge2: 1        4   23.70%
      0     0     1883.4688     4     1598.9676 UserPurge2: 1       12   17.79%
      0     0     1833.3808     6     1598.9676 UserPurge2: 1       25   14.66%
      0     0     1796.1001     6     1598.9676 UserPurge2: 1       41   12.33%
      0     0     1758.3848     7     1598.9676 UserPurge2: 1       55    9.97%
      0     0     1750.5739     9     1598.9676 UserPurge2: 1       72    9.48%
      0     0     1729.8205     8     1598.9676 UserPurge2: 1      101    8.18%
      0     0     1713.8525     9     1598.9676 UserPurge2: 1      113    7.18%
      0     0     1704.8432    10     1598.9676 UserPurge2: 1      128    6.62%
      0     0     1700.1868    11     1598.9676 UserPurge2: 1      140    6.33%
      0     0     1696.9586    12     1598.9676 UserPurge2: 1      153    6.13%
      0     0     1694.3501    13     1598.9676 UserPurge2: 1      174    5.97%
      0     0     1691.6293    14     1598.9676 UserPurge2: 1      203    5.80%
      0     0     1686.4163    14     1598.9676 UserPurge2: 1      229    5.47%
      0     0     1682.5217    15     1598.9676 UserPurge2: 1      253    5.23%
      0     0     1680.1390    16     1598.9676 UserPurge2: 1      281    5.08%
      0     0     1676.4039    15     1598.9676 UserPurge2: 1      318    4.84%
      0     0     1673.8342    16     1598.9676 UserPurge1: 1      337    4.68%
      0     0     1671.1623    15     1598.9676 UserPurge2: 1      376    4.52%
      0     0     1670.1047    12     1598.9676 UserPurge1: 1      380    4.45%
      0     0     1669.3526    15     1598.9676 UserPurge1: 4      392    4.40%
      0     0     1668.7883    16     1598.9676 UserPurge1: 1      394    4.37%
      0     0     1668.4197    15     1598.9676 UserPurge2: 1      405    4.34%
      0     0     1666.7534    15     1598.9676 UserPurge2: 1      422    4.24%
      0     0     1666.2957    16     1598.9676 UserPurge2: 1      440    4.21%
      0     0     1664.5236    15     1598.9676 UserPurge2: 1      471    4.10%
      0     0     1664.0798    16     1598.9676 UserPurge2: 1      490    4.07%
      0     0     1663.2722    17     1598.9676 UserPurge2: 1      511    4.02%
      0     0     1662.5810    17     1598.9676 UserPurge2: 1      535    3.98%
      0     0     1661.9117    17     1598.9676 UserPurge2: 1      559    3.94%
      0     0     1659.9563    17     1598.9676 UserPurge2: 1      593    3.81%
      0     0     1658.4345    17     1598.9676 UserPurge2: 1      613    3.72%
      0     0     1656.4836    16     1598.9676 UserPurge2: 1      638    3.60%
      0     0     1653.8565    15     1598.9676 UserPurge2: 1      659    3.43%
      0     0     1653.1909    16     1598.9676 UserPurge2: 1      684    3.39%
      0     0     1650.9097    15     1598.9676 UserPurge2: 1      712    3.25%
      0     0     1649.7716    15     1598.9676 UserPurge2: 1      726    3.18%
      0     0     1649.3224    16     1598.9676 UserPurge2: 1      740    3.15%
      0     0     1649.1212    18     1598.9676 UserPurge2: 1      753    3.14%
      0     0     1648.3895    16     1598.9676 UserPurge2: 1      773    3.09%
      0     0     1647.6176    13     1598.9676 UserPurge2: 1      795    3.04%
      0     0     1647.2233    15     1598.9676 UserPurge2: 1      806    3.02%
      0     0     1646.9374    17     1598.9676 UserPurge2: 1      823    3.00%
      0     0     1646.6917    17     1598.9676 UserPurge2: 1      839    2.98%
      0     0     1646.5191    18     1598.9676 UserPurge2: 1      851    2.97%
      0     0     1646.2941    18     1598.9676 UserPurge2: 1      861    2.96%
      0     0     1646.0728    19     1598.9676 UserPurge2: 1      886    2.95%
      0     0     1645.4425    20     1598.9676 UserPurge2: 1      907    2.91%
      0     0     1645.1590    18     1598.9676 UserPurge2: 1      925    2.89%
      0     0     1644.8209    19     1598.9676 UserPurge2: 1      941    2.87%
      0     0     1644.6612    19     1598.9676 UserPurge2: 1      956    2.86%
      0     0     1644.1125    19     1598.9676 UserPurge2: 1      984    2.82%
      0     0     1643.0851    19     1598.9676 UserPurge2: 1     1019    2.76%
      0     0     1642.5537    19     1598.9676 UserPurge2: 1     1034    2.73%
      0     0     1641.6454    19     1598.9676 UserPurge2: 1     1069    2.67%
      0     0     1640.8870    19     1598.9676 UserPurge2: 1     1087    2.62%
      0     0     1640.1006    18     1598.9676 UserPurge2: 1     1112    2.57%
      0     0     1638.6033    17     1598.9676 UserPurge2: 1     1139    2.48%
      0     0     1638.4467    18     1598.9676 UserPurge2: 1     1149    2.47%
      0     0     1637.4546    19     1598.9676 UserPurge2: 1     1172    2.41%
      0     0     1636.9115    18     1598.9676 UserPurge2: 1     1186    2.37%
      0     0     1636.1586    17     1598.9676 UserPurge2: 1     1206    2.33%
      0     0     1635.7933    16     1598.9676 UserPurge2: 1     1217    2.30%
      0     0     1635.2752    17     1598.9676 UserPurge2: 1     1234    2.27%
      0     0     1635.0761    18     1598.9676 UserPurge2: 1     1245    2.26%
      0     0     1634.8093    19     1598.9676 UserPurge2: 1     1259    2.24%
      0     0     1634.6687    19     1598.9676 UserPurge2: 1     1281    2.23%
      0     0     1634.4127    20     1598.9676 UserPurge2: 1     1312    2.22%
      0     0     1633.7700    20     1598.9676 UserPurge2: 1     1352    2.18%
      0     0     1633.1013    20     1598.9676 UserPurge2: 1     1380    2.13%
      0     0     1632.6670    19     1598.9676 UserPurge2: 1     1398    2.11%
      0     0     1632.6032    20     1598.9676 UserPurge2: 1     1406    2.10%
      0     0     1632.4246    20     1598.9676 UserPurge2: 1     1418    2.09%
      0     0     1632.2520    21     1598.9676 UserPurge2: 1     1434    2.08%
      0     0     1632.1878    22     1598.9676 UserPurge2: 1     1450    2.08%
      0     0     1632.0842    23     1598.9676 UserPurge2: 1     1464    2.07%
      0     0     1631.6308    22     1598.9676 UserPurge2: 1     1505    2.04%
      0     0     1630.9849    21     1598.9676 UserPurge2: 1     1532    2.00%
      0     0     1630.5183    21     1598.9676 UserPurge2: 1     1555    1.97%
      0     0     1630.1499    21     1598.9676 UserPurge2: 1     1576    1.95%
      0     0     1629.5893    22     1598.9676 UserPurge2: 1     1611    1.92%
      0     0     1629.0657    20     1598.9676 UserPurge2: 1     1643    1.88%
      0     0     1628.9587    21     1598.9676 UserPurge2: 1     1660    1.88%
      0     0     1628.7639    21     1598.9676 UserPurge2: 1     1673    1.86%
      0     0     1628.4546    20     1598.9676 UserPurge2: 1     1697    1.84%
      0     0     1628.2445    21     1598.9676 UserPurge2: 1     1716    1.83%
      0     0     1628.1463    22     1598.9676 UserPurge2: 1     1732    1.82%
      0     0     1628.0365    22     1598.9676 UserPurge2: 1     1754    1.82%
      0     0     1627.8470    23     1598.9676 UserPurge2: 1     1776    1.81%
      0     0     1627.6584    23     1598.9676 UserPurge2: 1     1792    1.79%
      0     0     1627.2939    23     1598.9676 UserPurge2: 1     1828    1.77%
      0     0     1626.9932    22     1598.9676 UserPurge2: 1     1852    1.75%
      0     0     1626.8841    23     1598.9676 UserPurge2: 1     1868    1.75%
      0     0     1626.7598    24     1598.9676 UserPurge2: 1     1883    1.74%
      0     0     1626.6066    25     1598.9676 UserPurge2: 1     1896    1.73%
      0     0     1626.4999    26     1598.9676 UserPurge2: 1     1914    1.72%
      0     0     1626.3230    26     1598.9676 UserPurge2: 1     1930    1.71%
      0     0     1626.1839    25     1598.9676 UserPurge2: 1     1952    1.70%
      0     0     1626.0378    24     1598.9676 UserPurge2: 1     1976    1.69%
      0     0     1625.9106    25     1598.9676 UserPurge2: 1     1996    1.69%
      0     0     1625.7049    25     1598.9676 UserPurge2: 1     2018    1.67%
      0     0     1625.5904    26     1598.9676 UserPurge2: 1     2039    1.67%
      0     0     1625.4953    26     1598.9676 UserPurge2: 1     2059    1.66%
      0     0     1625.2436    24     1598.9676 UserPurge2: 1     2083    1.64%
      0     0     1624.9642    24     1598.9676 UserPurge2: 1     2099    1.63%
*     0+    0                         1601.0275     1624.9642             1.50%
      0     0     1624.8227    25     1601.0275 UserPurge2: 1     2118    1.49%
      0     0     1624.5877    26     1601.0275 UserPurge2: 1     2150    1.47%
      0     0     1624.4139    26     1601.0275 UserPurge2: 1     2167    1.46%
      0     0     1624.2697    25     1601.0275 UserPurge2: 1     2186    1.45%
      0     0     1624.1039    26     1601.0275 UserPurge2: 1     2209    1.44%
      0     0     1623.8910    26     1601.0275 UserPurge2: 1     2234    1.43%
      0     0     1623.7678    26     1601.0275 UserPurge2: 1     2257    1.42%
      0     0     1623.6778    27     1601.0275 UserPurge2: 1     2270    1.41%
      0     0     1623.5490    27     1601.0275 UserPurge2: 1     2292    1.41%
      0     0     1623.4110    27     1601.0275 UserPurge2: 1     2311    1.40%
      0     0     1623.2593    27     1601.0275 UserPurge2: 1     2338    1.39%
      0     0     1623.1361    27     1601.0275 UserPurge2: 1     2356    1.38%
      0     0     1623.0704    27     1601.0275 UserPurge2: 1     2375    1.38%
      0     0     1622.7902    25     1601.0275 UserPurge2: 1     2395    1.36%
      0     0     1622.7049    26     1601.0275 UserPurge2: 1     2414    1.35%
      0     0     1622.6566    27     1601.0275 UserPurge2: 1     2428    1.35%
      0     0     1622.4463    26     1601.0275 UserPurge2: 1     2462    1.34%
      0     0     1622.3331    27     1601.0275 UserPurge2: 1     2484    1.33%
      0     0     1622.2524    27     1601.0275 UserPurge2: 1     2498    1.33%
      0     0     1622.1239    26     1601.0275 UserPurge2: 1     2525    1.32%
      0     0     1622.0070    27     1601.0275 UserPurge2: 1     2550    1.31%
      0     0     1621.9055    27     1601.0275 UserPurge2: 1     2584    1.30%
      0     0     1621.8472    27     1601.0275 UserPurge2: 1     2608    1.30%
      0     0     1621.6474    27     1601.0275 UserPurge2: 1     2641    1.29%
      0     0     1621.5554    27     1601.0275 UserPurge2: 1     2666    1.28%
      0     0     1621.3328    28     1601.0275 UserPurge2: 1     2709    1.27%
      0     0     1621.0746    27     1601.0275 UserPurge2: 1     2734    1.25%
      0     0     1620.6612    24     1601.0275 UserPurge2: 1     2772    1.23%
      0     0     1620.5929    25     1601.0275 UserPurge2: 1     2780    1.22%
      0     0     1620.5596    26     1601.0275 UserPurge2: 1     2792    1.22%
      0     0     1620.5178    27     1601.0275 UserPurge2: 1     2811    1.22%
      0     0     1620.4653    28     1601.0275 UserPurge2: 1     2833    1.21%
      0     0     1620.3151    26     1601.0275 UserPurge2: 1     2864    1.20%
      0     0     1620.1986    27     1601.0275 UserPurge2: 1     2878    1.20%
      0     0     1620.1078    28     1601.0275 UserPurge2: 1     2894    1.19%
      0     0     1619.9410    27     1601.0275 UserPurge2: 1     2914    1.18%
      0     0     1619.8708    27     1601.0275 UserPurge2: 1     2926    1.18%
      0     0     1619.6840    25     1601.0275 UserPurge2: 1     2956    1.17%
      0     0     1619.6113    26     1601.0275 UserPurge2: 1     2971    1.16%
      0     0     1619.5926    27     1601.0275 UserPurge2: 1     2979    1.16%
      0     0     1619.5618    28     1601.0275 UserPurge2: 1     2995    1.16%
      0     0     1619.4707    26     1601.0275 UserPurge2: 1     3020    1.15%
      0     0     1619.4206    27     1601.0275 UserPurge2: 1     3032    1.15%
      0     0     1619.4029    27     1601.0275 UserPurge2: 1     3040    1.15%
      0     0     1619.3642    27     1601.0275 UserPurge2: 1     3052    1.15%
      0     0     1619.3307    28     1601.0275 UserPurge2: 1     3070    1.14%
      0     0     1619.3162    29     1601.0275 UserPurge2: 1     3075    1.14%
      0     0     1619.3006    30     1601.0275 UserPurge2: 1     3083    1.14%
      0     0     1619.2495    29     1601.0275 UserPurge2: 1     3108    1.14%
      0     0     1619.1489    28     1601.0275 UserPurge2: 1     3133    1.13%
      0     0     1619.0906    29     1601.0275 UserPurge2: 1     3160    1.13%
      0     0     1619.0264    29     1601.0275 UserPurge2: 1     3182    1.12%
      0     0     1618.9988    29     1601.0275 UserPurge2: 1     3212    1.12%
      0     0     1618.9527    30     1601.0275 UserPurge2: 1     3240    1.12%
      0     0     1618.9074    31     1601.0275 UserPurge2: 1     3274    1.12%
      0     0     1618.8003    32     1601.0275 UserPurge2: 1     3295    1.11%
      0     0     1618.7125    31     1601.0275 UserPurge2: 1     3325    1.10%
      0     0     1618.6651    32     1601.0275 UserPurge2: 1     3343    1.10%
      0     0     1618.5915    32     1601.0275 UserPurge2: 1     3372    1.10%
      0     0     1618.5377    33     1601.0275 UserPurge2: 1     3396    1.09%
      0     0     1618.3669    32     1601.0275 UserPurge2: 1     3421    1.08%
      0     0     1618.2188    32     1601.0275 UserPurge2: 1     3454    1.07%
      0     0     1618.0319    30     1601.0275 UserPurge2: 1     3486    1.06%
      0     0     1618.0072    31     1601.0275 UserPurge2: 1     3508    1.06%
      0     0     1617.9356    32     1601.0275 UserPurge2: 1     3535    1.06%
      0     0     1617.8732    32     1601.0275 UserPurge2: 1     3557    1.05%
      0     0     1617.8104    33     1601.0275 UserPurge2: 1     3582    1.05%
      0     0     1617.7483    34     1601.0275 UserPurge2: 1     3601    1.04%
      0     0     1617.6418    32     1601.0275 UserPurge2: 1     3630    1.04%
      0     0     1617.6042    33     1601.0275 UserPurge2: 1     3646    1.04%
      0     0     1617.5830    33     1601.0275 UserPurge2: 1     3664    1.03%
      0     0     1617.5652    34     1601.0275 UserPurge2: 1     3675    1.03%
      0     0     1617.5225    34     1601.0275 UserPurge2: 1     3697    1.03%
      0     0     1617.4688    35     1601.0275 UserPurge2: 1     3718    1.03%
      0     0     1617.4209    36     1601.0275 UserPurge2: 1     3751    1.02%
      0     0     1617.3584    35     1601.0275 UserPurge2: 1     3786    1.02%
      0     0     1617.2428    33     1601.0275 UserPurge2: 1     3816    1.01%
      0     0     1617.0432    33     1601.0275 UserPurge2: 1     3849    1.00%
      0     0     1616.9643    34     1601.0275 UserPurge2: 1     3870    1.00%
      0     0     1616.7922    33     1601.0275 UserPurge2: 1     3907    0.98%
      0     0     1616.5866    30     1601.0275 UserPurge2: 1     3937    0.97%
      0     0     1616.4404    31     1601.0275 UserPurge2: 1     3961    0.96%
      0     0     1616.3138    31     1601.0275 UserPurge2: 1     3979    0.95%
      0     0     1616.2729    32     1601.0275 UserPurge2: 1     3997    0.95%
      0     0     1616.2076    32     1601.0275 UserPurge2: 1     4016    0.95%
      0     0     1616.1040    31     1601.0275 UserPurge2: 1     4051    0.94%
      0     0     1616.0712    31     1601.0275 UserPurge2: 1     4071    0.94%
      0     0     1616.0102    30     1601.0275 UserPurge2: 1     4092    0.94%
      0     0     1615.9729    28     1601.0275 UserPurge2: 1     4112    0.93%
      0     0     1615.9438    29     1601.0275 UserPurge2: 1     4130    0.93%
      0     0     1615.9252    30     1601.0275 UserPurge2: 1     4144    0.93%
      0     0     1615.8792    31     1601.0275 UserPurge2: 1     4162    0.93%
      0     0     1615.8621    32     1601.0275 UserPurge2: 1     4177    0.93%
      0     0     1615.8241    33     1601.0275 UserPurge2: 1     4202    0.92%
      0     0     1615.7899    34     1601.0275 UserPurge2: 1     4218    0.92%
      0     0     1615.7223    33     1601.0275 UserPurge2: 1     4249    0.92%
      0     0     1615.6495    33     1601.0275 UserPurge2: 1     4264    0.91%
      0     0     1615.6274    33     1601.0275 UserPurge2: 1     4286    0.91%
      0     0     1615.5628    33     1601.0275 UserPurge2: 1     4315    0.91%
      0     0     1615.4983    32     1601.0275 UserPurge2: 1     4342    0.90%
      0     0     1615.4189    31     1601.0275 UserPurge2: 1     4365    0.90%
      0     0     1615.3750    31     1601.0275 UserPurge2: 1     4391    0.90%
      0     0     1615.3258    32     1601.0275 UserPurge2: 1     4407    0.89%
      0     0     1615.3212    33     1601.0275 UserPurge2: 1     4414    0.89%
      0     0     1615.3087    34     1601.0275 UserPurge2: 1     4422    0.89%
      0     0     1615.2933    35     1601.0275 UserPurge2: 1     4432    0.89%
      0     0     1615.2730    36     1601.0275 UserPurge2: 1     4450    0.89%
      0     0     1615.2225    35     1601.0275 UserPurge2: 1     4481    0.89%
      0     0     1615.1033    34     1601.0275 UserPurge2: 1     4518    0.88%
      0     0     1615.0600    34     1601.0275 UserPurge2: 1     4530    0.88%
      0     0     1614.9840    34     1601.0275 UserPurge2: 1     4569    0.87%
      0     0     1614.9079    33     1601.0275 UserPurge2: 1     4592    0.87%
      0     0     1614.8770    34     1601.0275 UserPurge2: 1     4614    0.87%
      0     0     1614.8419    35     1601.0275 UserPurge2: 1     4638    0.86%
      0     0     1614.8285    36     1601.0275 UserPurge2: 1     4655    0.86%
      0     0     1614.8104    37     1601.0275 UserPurge2: 1     4673    0.86%
      0     0     1614.7941    36     1601.0275 UserPurge2: 1     4696    0.86%
*     0+    0                         1601.6715     1614.7941             0.82%
      0     0     1614.7740    37     1601.6715 UserPurge2: 1     4716    0.82%
      0     0     1614.7158    36     1601.6715 UserPurge2: 1     4746    0.81%
      0     0     1614.6076    34     1601.6715 UserPurge2: 1     4788    0.81%
      0     0     1614.5809    34     1601.6715 UserPurge2: 1     4802    0.81%
      0     0     1614.5594    35     1601.6715 UserPurge2: 1     4820    0.80%
      0     0     1614.5373    35     1601.6715 UserPurge2: 1     4842    0.80%
      0     0     1614.4865    34     1601.6715 UserPurge2: 1     4860    0.80%
      0     0     1614.3777    32     1601.6715 UserPurge2: 1     4892    0.79%
      0     0     1614.3631    33     1601.6715 UserPurge2: 1     4913    0.79%
      0     0     1614.3411    33     1601.6715 UserPurge2: 1     4935    0.79%
      0     0     1614.3150    34     1601.6715 UserPurge2: 1     4951    0.79%
      0     0     1614.2767    34     1601.6715 UserPurge2: 1     4967    0.79%
      0     0     1614.1657    34     1601.6715 UserPurge2: 1     5002    0.78%
      0     0     1614.0863    31     1601.6715 UserPurge2: 1     5026    0.78%
      0     0     1614.0702    32     1601.6715 UserPurge2: 1     5039    0.77%
      0     0     1614.0362    33     1601.6715 UserPurge2: 1     5057    0.77%
      0     0     1614.0079    33     1601.6715 UserPurge2: 1     5079    0.77%
      0     0     1613.9991    33     1601.6715 UserPurge2: 1     5096    0.77%
      0     0     1613.9611    34     1601.6715 UserPurge2: 1     5123    0.77%
      0     0     1613.9109    34     1601.6715 UserPurge2: 1     5154    0.76%
      0     0     1613.8628    32     1601.6715 UserPurge2: 1     5182    0.76%
      0     0     1613.8062    33     1601.6715 UserPurge2: 1     5210    0.76%
      0     0     1613.7822    34     1601.6715 UserPurge2: 1     5227    0.76%
      0     0     1613.7681    35     1601.6715 UserPurge2: 1     5248    0.76%
      0     0     1613.7089    33     1601.6715 UserPurge2: 1     5273    0.75%
*     0+    0                         1604.3790     1613.7089             0.58%
      0     0     1613.6743    32     1604.3790 UserPurge2: 1     5291    0.58%
      0     0     1613.6442    33     1604.3790 UserPurge2: 1     5310    0.58%
      0     0     1613.6317    34     1604.3790 UserPurge2: 1     5330    0.58%
      0     0     1613.6124    35     1604.3790 UserPurge2: 1     5356    0.58%
      0     0     1613.5904    34     1604.3790 UserPurge2: 1     5379    0.57%
      0     0     1613.5518    34     1604.3790 UserPurge2: 1     5417    0.57%
      0     0     1613.4903    34     1604.3790 UserPurge2: 1     5443    0.57%
      0     0     1613.4463    33     1604.3790 UserPurge2: 1     5466    0.57%
      0     0     1613.3795    33     1604.3790 UserPurge2: 1     5510    0.56%
      0     0     1613.3518    32     1604.3790 UserPurge2: 1     5527    0.56%
      0     0     1613.3457    33     1604.3790 UserPurge2: 1     5537    0.56%
      0     0     1613.2947    32     1604.3790 UserPurge2: 1     5561    0.56%
      0     0     1613.2276    32     1604.3790 UserPurge2: 1     5580    0.55%
      0     0     1613.1881    31     1604.3790 UserPurge2: 1     5602    0.55%
      0     0     1613.1671    31     1604.3790 UserPurge2: 1     5621    0.55%
      0     0     1613.1617    32     1604.3790 UserPurge2: 1     5626    0.55%
      0     0     1613.1109    33     1604.3790 UserPurge2: 1     5662    0.54%
      0     0     1613.1002    33     1604.3790 UserPurge2: 1     5679    0.54%
      0     0     1613.0702    34     1604.3790 UserPurge2: 1     5696    0.54%
      0     0     1613.0422    33     1604.3790 UserPurge2: 1     5708    0.54%
      0     0     1613.0170    33     1604.3790 UserPurge2: 1     5725    0.54%
      0     0     1613.0039    33     1604.3790 UserPurge2: 1     5737    0.54%
      0     0     1612.9704    33     1604.3790 UserPurge2: 1     5753    0.54%
      0     0     1612.8949    33     1604.3790 UserPurge2: 1     5776    0.53%
      0     0     1612.8219    30     1604.3790 UserPurge2: 1     5813    0.53%
      0     0     1612.7728    29     1604.3790 UserPurge2: 1     5829    0.52%
      0     0     1612.7543    29     1604.3790 UserPurge2: 1     5844    0.52%
      0     0     1612.7245    30     1604.3790 UserPurge2: 1     5864    0.52%
      0     0     1612.7113    31     1604.3790 UserPurge2: 1     5878    0.52%
      0     0     1612.6931    31     1604.3790 UserPurge2: 1     5894    0.52%
      0     0     1612.6708    32     1604.3790 UserPurge2: 1     5910    0.52%
      0     0     1612.6555    32     1604.3790 UserPurge2: 1     5920    0.52%
      0     0     1612.6417    33     1604.3790 UserPurge2: 1     5930    0.52%
      0     0     1612.6310    34     1604.3790 UserPurge2: 1     5947    0.51%
      0     0     1612.6248    35     1604.3790 UserPurge2: 1     5962    0.51%
      0     0     1612.6193    35     1604.3790 UserPurge2: 1     5977    0.51%
      0     0     1612.6107    35     1604.3790 UserPurge2: 1     5993    0.51%
      0     0     1612.5901    36     1604.3790 UserPurge2: 1     6019    0.51%
      0     0     1612.5651    34     1604.3790 UserPurge2: 1     6040    0.51%
      0     0     1612.5423    34     1604.3790 UserPurge2: 1     6064    0.51%
      0     0     1612.5277    35     1604.3790 UserPurge2: 1     6089    0.51%
      0     0     1612.5053    35     1604.3790 UserPurge2: 1     6119    0.51%
      0     0     1612.4962    36     1604.3790 UserPurge2: 1     6145    0.51%
      0     0     1612.4857    36     1604.3790 UserPurge2: 1     6166    0.51%
      0     0     1612.4804    36     1604.3790 UserPurge2: 1     6188    0.50%
      0     0     1612.4692    36     1604.3790 UserPurge2: 1     6222    0.50%
      0     0     1612.4467    35     1604.3790 UserPurge2: 1     6248    0.50%
      0     0     1612.4288    36     1604.3790 UserPurge2: 1     6277    0.50%
      0     0     1612.4153    36     1604.3790 UserPurge2: 1     6308    0.50%
      0     0     1612.4014    36     1604.3790 UserPurge2: 1     6346    0.50%
      0     0     1612.3854    37     1604.3790 UserPurge2: 1     6366    0.50%
      0     0     1612.3717    37     1604.3790 UserPurge2: 1     6385    0.50%
      0     0     1612.3453    36     1604.3790 UserPurge2: 1     6408    0.50%
      0     0     1612.3322    36     1604.3790 UserPurge2: 1     6434    0.50%
      0     0     1612.3240    36     1604.3790 UserPurge2: 1     6456    0.50%
      0     0     1612.3048    37     1604.3790 UserPurge2: 1     6480    0.49%
      0     0     1612.2965    38     1604.3790 UserPurge2: 1     6501    0.49%
      0     0     1612.2823    37     1604.3790 UserPurge2: 1     6526    0.49%
      0     0     1612.2720    38     1604.3790 UserPurge2: 1     6546    0.49%
      0     0     1612.2365    35     1604.3790 UserPurge2: 1     6582    0.49%
      0     0     1612.2268    36     1604.3790 UserPurge2: 1     6593    0.49%
      0     0     1612.2191    37     1604.3790 UserPurge2: 1     6611    0.49%
      0     0     1612.2118    37     1604.3790 UserPurge2: 1     6631    0.49%
      0     0     1612.1958    38     1604.3790 UserPurge2: 1     6642    0.49%
      0     0     1612.1813    39     1604.3790 UserPurge2: 1     6670    0.49%
      0     0     1612.1566    39     1604.3790 UserPurge2: 1     6692    0.48%
      0     0     1612.1491    40     1604.3790 UserPurge2: 1     6699    0.48%
      0     0     1612.1130    38     1604.3790 UserPurge2: 1     6729    0.48%
      0     0     1612.0095    36     1604.3790 UserPurge2: 1     6769    0.48%
      0     0     1611.9898    36     1604.3790 UserPurge2: 1     6788    0.47%
      0     0     1611.9761    36     1604.3790 UserPurge2: 1     6805    0.47%
      0     0     1611.9666    37     1604.3790 UserPurge2: 1     6816    0.47%
      0     0     1611.9495    37     1604.3790 UserPurge2: 1     6839    0.47%
      0     0     1611.9110    36     1604.3790 UserPurge2: 1     6871    0.47%
      0     0     1611.8713    36     1604.3790 UserPurge2: 1     6902    0.47%
      0     0     1611.8567    37     1604.3790 UserPurge2: 1     6921    0.47%
      0     0     1611.8373    37     1604.3790 UserPurge2: 1     6941    0.46%
      0     0     1611.7860    36     1604.3790 UserPurge2: 1     6967    0.46%
      0     0     1611.7778    36     1604.3790 UserPurge2: 1     6980    0.46%
      0     0     1611.7560    37     1604.3790 UserPurge2: 1     7003    0.46%
      0     0     1611.7285    37     1604.3790 UserPurge2: 1     7040    0.46%
      0     0     1611.6960    36     1604.3790 UserPurge2: 1     7073    0.46%
      0     0     1611.6583    36     1604.3790 UserPurge2: 1     7101    0.45%
      0     0     1611.6296    35     1604.3790 UserPurge2: 1     7122    0.45%
      0     0     1611.6174    36     1604.3790 UserPurge2: 1     7141    0.45%
      0     0     1611.6055    37     1604.3790 UserPurge2: 1     7157    0.45%
      0     0     1611.5941    37     1604.3790 UserPurge2: 1     7187    0.45%
      0     0     1611.5793    38     1604.3790 UserPurge2: 1     7199    0.45%
      0     0     1611.5696    39     1604.3790 UserPurge2: 1     7216    0.45%
      0     0     1611.5601    40     1604.3790 UserPurge2: 1     7246    0.45%
      0     0     1611.5445    39     1604.3790 UserPurge2: 1     7272    0.45%
      0     0     1611.5375    40     1604.3790 UserPurge2: 1     7291    0.45%
      0     0     1611.4955    41     1604.3790 UserPurge2: 1     7335    0.44%
      0     0     1611.4389    39     1604.3790 UserPurge2: 1     7363    0.44%
      0     0     1611.3539    37     1604.3790 UserPurge2: 1     7387    0.43%
      0     0     1611.3213    38     1604.3790 UserPurge2: 1     7417    0.43%
      0     0     1611.3080    39     1604.3790 UserPurge2: 1     7439    0.43%
      0     0     1611.2888    39     1604.3790 UserPurge2: 1     7466    0.43%
      0     0     1611.2726    38     1604.3790 UserPurge2: 1     7487    0.43%
      0     0     1611.2419    38     1604.3790 UserPurge2: 1     7510    0.43%
      0     0     1611.2153    38     1604.3790 UserPurge2: 1     7531    0.43%
      0     0     1611.2094    39     1604.3790 UserPurge2: 1     7550    0.43%
      0     0     1611.1926    40     1604.3790 UserPurge2: 1     7582    0.42%
      0     0     1611.1577    40     1604.3790 UserPurge2: 1     7614    0.42%
      0     0     1611.1429    41     1604.3790 UserPurge2: 1     7642    0.42%
      0     0     1611.1091    40     1604.3790 UserPurge2: 1     7670    0.42%
      0     0     1611.0913    39     1604.3790 UserPurge2: 1     7693    0.42%
      0     0     1611.0572    36     1604.3790 UserPurge2: 1     7723    0.42%
      0     0     1611.0396    37     1604.3790 UserPurge2: 1     7748    0.42%
      0     0     1611.0312    38     1604.3790 UserPurge2: 1     7765    0.41%
      0     0     1611.0161    39     1604.3790 UserPurge2: 1     7785    0.41%
      0     0     1610.9939    40     1604.3790 UserPurge2: 1     7802    0.41%
      0     0     1610.9738    39     1604.3790 UserPurge2: 1     7815    0.41%
      0     0     1610.9390    40     1604.3790 UserPurge2: 1     7838    0.41%
      0     0     1610.9243    41     1604.3790 UserPurge2: 1     7852    0.41%
      0     0     1610.8794    40     1604.3790 UserPurge2: 1     7875    0.41%
      0     0     1610.8651    40     1604.3790 UserPurge2: 1     7896    0.40%
      0     0     1610.8477    41     1604.3790 UserPurge2: 1     7919    0.40%
      0     0     1610.7921    41     1604.3790 UserPurge2: 1     7956    0.40%
      0     0     1610.7237    38     1604.3790 UserPurge2: 1     7988    0.40%
      0     0     1610.6790    37     1604.3790 UserPurge2: 1     8006    0.39%
      0     0     1610.6746    38     1604.3790 UserPurge2: 1     8019    0.39%
      0     0     1610.6544    36     1604.3790 UserPurge2: 1     8047    0.39%
      0     0     1610.6385    37     1604.3790 UserPurge2: 1     8065    0.39%
      0     0     1610.6101    36     1604.3790 UserPurge2: 1     8090    0.39%
      0     0     1610.5913    36     1604.3790 UserPurge2: 1     8110    0.39%
      0     0     1610.5834    37     1604.3790 UserPurge2: 1     8122    0.39%
      0     0     1610.5728    38     1604.3790 UserPurge2: 1     8133    0.39%
      0     0     1610.5629    39     1604.3790 UserPurge2: 1     8148    0.39%
      0     0     1610.5498    39     1604.3790 UserPurge2: 1     8171    0.38%
      0     0     1610.5088    38     1604.3790 UserPurge2: 1     8206    0.38%
      0     0     1610.4943    39     1604.3790 UserPurge2: 1     8218    0.38%
      0     0     1610.4711    38     1604.3790 UserPurge2: 1     8255    0.38%
      0     0     1610.4469    38     1604.3790 UserPurge2: 1     8287    0.38%
      0     0     1610.4339    39     1604.3790 UserPurge2: 1     8309    0.38%
      0     0     1610.4274    40     1604.3790 UserPurge2: 1     8324    0.38%
      0     0     1610.4184    40     1604.3790 UserPurge2: 1     8343    0.38%
      0     0     1610.4103    40     1604.3790 UserPurge2: 1     8360    0.38%
      0     0     1610.3975    41     1604.3790 UserPurge2: 1     8375    0.38%
      0     0     1610.3934    42     1604.3790 UserPurge2: 1     8384    0.37%
      0     0     1610.3840    42     1604.3790 UserPurge2: 1     8403    0.37%
      0     0     1610.3727    43     1604.3790 UserPurge2: 1     8429    0.37%
      0     0     1610.3445    42     1604.3790 UserPurge2: 1     8460    0.37%
      0     0     1610.3198    43     1604.3790 UserPurge2: 1     8485    0.37%
      0     0     1610.3058    44     1604.3790 UserPurge2: 1     8512    0.37%
      0     0     1610.2324    40     1604.3790 UserPurge2: 1     8561    0.36%
      0     0     1610.1695    38     1604.3790 UserPurge2: 1     8591    0.36%
      0     0     1610.1345    36     1604.3790 UserPurge2: 1     8609    0.36%
*     0+    0                         1605.2563     1610.1345             0.30%

Repeating presolve.
Tried aggregator 1 time.
MIP Presolve eliminated 0 rows and 217 columns.
Reduced MIP has 1 rows, 584 columns, and 583 nonzeros.
Reduced MIP has 583 binaries, 0 generals, 0 SOSs, and 0 indicators.
Presolve time = 0.00 sec. (0.22 ticks)
Probing time = 0.00 sec. (0.06 ticks)
Tried aggregator 1 time.
Reduced MIP has 1 rows, 584 columns, and 583 nonzeros.
Reduced MIP has 583 binaries, 0 generals, 0 SOSs, and 0 indicators.
Presolve time = 0.00 sec. (0.18 ticks)
Represolve time = 0.39 sec. (74.23 ticks)
Probing time = 0.00 sec. (0.06 ticks)
MIP emphasis: balance optimality and feasibility.
MIP search method: dynamic search.
Parallel mode: none, using 1 thread.
Root relaxation solution time = 0.01 sec. (14.39 ticks)

        Nodes                                         Cuts/
   Node  Left     Objective  IInf  Best Integer    Best Bound    ItCnt     Gap

*     0+    0                         1605.2563     1610.1345             0.30%
      0     0     1610.1345    36     1605.2563     1610.1345     8724    0.30%
      0     0     1610.1131    36     1605.2563 UserPurge2: 1     8740    0.30%
      0     0     1610.1017    36     1605.2563 UserPurge2: 1     8757    0.30%
      0     0     1610.0884    37     1605.2563 UserPurge2: 1     8767    0.30%
      0     0     1610.0787    38     1605.2563 UserPurge2: 1     8775    0.30%
      0     0     1610.0489    38     1605.2563 UserPurge2: 1     8800    0.30%
      0     0     1610.0395    39     1605.2563 UserPurge2: 1     8818    0.30%
      0     0     1610.0326    40     1605.2563 UserPurge2: 1     8836    0.30%
      0     0     1610.0081    40     1605.2563 UserPurge2: 1     8868    0.30%
      0     0     1609.9687    38     1605.2563 UserPurge2: 1     8897    0.29%
      0     0     1609.9563    39     1605.2563 UserPurge2: 1     8911    0.29%
      0     0     1609.9484    39     1605.2563 UserPurge2: 1     8927    0.29%
      0     0     1609.9436    40     1605.2563 UserPurge2: 1     8937    0.29%
      0     0     1609.9350    41     1605.2563 UserPurge2: 1     8952    0.29%
      0     0     1609.9229    41     1605.2563 UserPurge2: 1     8969    0.29%
      0     0     1609.9179    41     1605.2563 UserPurge2: 1     8985    0.29%
      0     0     1609.9059    42     1605.2563 UserPurge2: 1     9011    0.29%
      0     0     1609.8918    42     1605.2563 UserPurge2: 1     9033    0.29%
      0     0     1609.8773    42     1605.2563 UserPurge2: 1     9062    0.29%
      0     0     1609.8541    40     1605.2563 UserPurge2: 1     9094    0.29%
      0     0     1609.8403    39     1605.2563 UserPurge2: 1     9115    0.29%
      0     0     1609.8379    40     1605.2563 UserPurge2: 1     9128    0.29%
      0     0     1609.8167    40     1605.2563 UserPurge2: 1     9158    0.28%
      0     0     1609.8081    38     1605.2563 UserPurge2: 1     9181    0.28%
      0     0     1609.7993    38     1605.2563 UserPurge2: 1     9199    0.28%
      0     0     1609.7918    38     1605.2563 UserPurge2: 1     9212    0.28%
      0     0     1609.7836    39     1605.2563 UserPurge2: 1     9226    0.28%
      0     0     1609.7791    40     1605.2563 UserPurge2: 1     9240    0.28%
      0     0     1609.7694    41     1605.2563 UserPurge2: 1     9260    0.28%
      0     0     1609.7653    41     1605.2563 UserPurge2: 1     9267    0.28%
      0     0     1609.7572    40     1605.2563 UserPurge2: 1     9289    0.28%
      0     0     1609.7463    41     1605.2563 UserPurge2: 1     9318    0.28%
      0     0     1609.7403    42     1605.2563 UserPurge2: 1     9337    0.28%
      0     0     1609.7258    42     1605.2563 UserPurge2: 1     9363    0.28%
      0     0     1609.7148    42     1605.2563 UserPurge2: 1     9395    0.28%
      0     0     1609.7024    42     1605.2563 UserPurge2: 1     9416    0.28%
      0     0     1609.6872    39     1605.2563 UserPurge2: 1     9452    0.28%
      0     0     1609.6804    39     1605.2563 UserPurge2: 1     9471    0.28%
      0     0     1609.6755    40     1605.2563 UserPurge2: 1     9485    0.28%
      0     0     1609.6716    41     1605.2563 UserPurge2: 1     9505    0.28%
      0     0     1609.6677    42     1605.2563 UserPurge2: 1     9520    0.27%
      0     0     1609.6619    43     1605.2563 UserPurge2: 1     9532    0.27%
      0     0     1609.6322    41     1605.2563 UserPurge2: 1     9560    0.27%
      0     0     1609.6177    42     1605.2563 UserPurge2: 1     9581    0.27%
      0     0     1609.6092    42     1605.2563 UserPurge2: 1     9604    0.27%
      0     0     1609.5979    42     1605.2563 UserPurge2: 1     9627    0.27%
      0     0     1609.5929    43     1605.2563 UserPurge2: 1     9645    0.27%
      0     0     1609.5806    44     1605.2563 UserPurge2: 1     9679    0.27%
      0     0     1609.5670    45     1605.2563 UserPurge2: 1     9701    0.27%
      0     0     1609.5616    46     1605.2563 UserPurge2: 1     9721    0.27%
      0     0     1609.5514    44     1605.2563 UserPurge2: 1     9751    0.27%
*     0+    0                         1605.8269     1609.5514             0.23%
      0     0     1609.5336    42     1605.8269 UserPurge2: 1     9771    0.23%
      0     0     1609.5256    43     1605.8269 UserPurge2: 1     9780    0.23%
      0     0     1609.5071    42     1605.8269 UserPurge2: 1     9808    0.23%
      0     0     1609.4825    41     1605.8269 UserPurge2: 1     9828    0.23%
      0     0     1609.4550    40     1605.8269 UserPurge2: 1     9862    0.23%
      0     0     1609.4462    40     1605.8269 UserPurge2: 1     9876    0.23%
      0     0     1609.4262    41     1605.8269 UserPurge2: 1     9890    0.22%
      0     0     1609.4186    41     1605.8269 UserPurge2: 1     9904    0.22%
      0     0     1609.4086    42     1605.8269 UserPurge2: 1     9917    0.22%
      0     0     1609.3926    42     1605.8269 UserPurge2: 1     9938    0.22%
      0     0     1609.3573    41     1605.8269 UserPurge2: 1     9961    0.22%
      0     0     1609.3420    40     1605.8269 UserPurge2: 1     9984    0.22%
      0     0     1609.3270    40     1605.8269 UserPurge2: 1     9999    0.22%
      0     0     1609.2950    40     1605.8269 UserPurge2: 1    10034    0.22%
      0     0     1609.2860    41     1605.8269 UserPurge2: 1    10054    0.22%
      0     0     1609.2732    42     1605.8269 UserPurge2: 1    10078    0.21%
      0     0     1609.2479    42     1605.8269 UserPurge2: 1    10103    0.21%
      0     0     1609.2340    41     1605.8269 UserPurge2: 1    10132    0.21%
      0     0     1609.2117    41     1605.8269 UserPurge2: 1    10152    0.21%
      0     0     1609.2071    42     1605.8269 UserPurge2: 1    10172    0.21%
      0     0     1609.2042    41     1605.8269 UserPurge2: 1    10188    0.21%
      0     0     1609.2020    41     1605.8269 UserPurge2: 1    10207    0.21%
      0     0     1609.1989    42     1605.8269 UserPurge2: 1    10219    0.21%
      0     0     1609.1931    42     1605.8269 UserPurge2: 1    10245    0.21%
      0     0     1609.1902    42     1605.8269 UserPurge2: 1    10267    0.21%
      0     0     1609.1881    43     1605.8269 UserPurge2: 1    10278    0.21%
      0     0     1609.1792    43     1605.8269 UserPurge2: 1    10303    0.21%
      0     0     1609.1694    44     1605.8269 UserPurge2: 1    10310    0.21%
      0     0     1609.1515    42     1605.8269 UserPurge2: 1    10338    0.21%
      0     0     1609.1459    42     1605.8269 UserPurge2: 1    10355    0.21%
      0     0     1609.1320    42     1605.8269 UserPurge2: 1    10382    0.21%
      0     0     1609.1219    42     1605.8269 UserPurge2: 1    10397    0.21%
      0     0     1609.0973    41     1605.8269 UserPurge2: 1    10435    0.20%
      0     0     1609.0849    41     1605.8269 UserPurge2: 1    10452    0.20%
      0     0     1609.0564    39     1605.8269 UserPurge2: 1    10474    0.20%
      0     0     1609.0466    39     1605.8269 UserPurge2: 1    10490    0.20%
      0     0     1609.0415    40     1605.8269 UserPurge2: 1    10500    0.20%
      0     0     1609.0391    41     1605.8269 UserPurge2: 1    10516    0.20%
      0     0     1609.0323    42     1605.8269 UserPurge2: 1    10532    0.20%
      0     0     1609.0261    42     1605.8269 UserPurge2: 1    10556    0.20%
      0     0     1609.0126    42     1605.8269 UserPurge2: 1    10580    0.20%
      0     0     1609.0062    42     1605.8269 UserPurge2: 1    10599    0.20%
      0     0     1609.0002    43     1605.8269 UserPurge2: 1    10615    0.20%
      0     0     1608.9907    43     1605.8269 UserPurge2: 1    10643    0.20%
      0     0     1608.9858    44     1605.8269 UserPurge2: 1    10657    0.20%
      0     0     1608.9823    44     1605.8269 UserPurge2: 1    10673    0.20%
      0     0     1608.9610    43     1605.8269 UserPurge2: 1    10703    0.20%
      0     0     1608.9495    43     1605.8269 UserPurge2: 1    10723    0.19%
*     0+    0                         1605.9647     1608.9495             0.19%
      0     0     1608.9386    42     1605.9647 UserPurge2: 1    10743    0.19%
      0     0     1608.9367    42     1605.9647 UserPurge2: 1    10755    0.19%
      0     0     1608.9314    43     1605.9647 UserPurge2: 1    10771    0.18%
      0     0     1608.9177    42     1605.9647 UserPurge2: 1    10795    0.18%
      0     0     1608.9064    41     1605.9647 UserPurge2: 1    10819    0.18%
      0     0     1608.8985    41     1605.9647 UserPurge2: 1    10838    0.18%
      0     0     1608.8947    41     1605.9647 UserPurge2: 1    10850    0.18%
      0     0     1608.8867    42     1605.9647 UserPurge2: 1    10859    0.18%
      0     0     1608.8844    43     1605.9647 UserPurge2: 1    10869    0.18%
      0     0     1608.8794    44     1605.9647 UserPurge2: 1    10886    0.18%
      0     0     1608.8734    45     1605.9647 UserPurge2: 1    10899    0.18%
      0     0     1608.8640    45     1605.9647 UserPurge2: 1    10924    0.18%
      0     0     1608.8593    45     1605.9647 UserPurge2: 1    10946    0.18%
      0     0     1608.8414    45     1605.9647 UserPurge2: 1    10980    0.18%
      0     0     1608.8344    44     1605.9647 UserPurge2: 1    10999    0.18%
      0     0     1608.8121    41     1605.9647 UserPurge2: 1    11033    0.18%
      0     0     1608.8020    40     1605.9647 UserPurge2: 1    11051    0.18%
      0     0     1608.7984    40     1605.9647 UserPurge2: 1    11059    0.18%
      0     0     1608.7947    41     1605.9647 UserPurge2: 1    11071    0.18%
      0     0     1608.7933    42     1605.9647 UserPurge2: 1    11081    0.18%
      0     0     1608.7921    43     1605.9647 UserPurge2: 1    11093    0.18%
      0     0     1608.7901    43     1605.9647 UserPurge2: 1    11103    0.18%
      0     0     1608.7750    43     1605.9647 UserPurge2: 1    11133    0.17%
      0     0     1608.7672    42     1605.9647 UserPurge2: 1    11157    0.17%
      0     0     1608.7604    42     1605.9647 UserPurge2: 1    11184    0.17%
      0     0     1608.7560    42     1605.9647 UserPurge2: 1    11204    0.17%
      0     0     1608.7503    43     1605.9647 UserPurge2: 1    11219    0.17%
      0     0     1608.7447    44     1605.9647 UserPurge2: 1    11232    0.17%
      0     0     1608.7381    45     1605.9647 UserPurge2: 1    11251    0.17%
      0     0     1608.7323    45     1605.9647 UserPurge2: 1    11274    0.17%
      0     0     1608.7273    46     1605.9647 UserPurge2: 1    11291    0.17%
      0     0     1608.7184    46     1605.9647 UserPurge2: 1    11319    0.17%
      0     0     1608.7161    46     1605.9647 UserPurge2: 1    11342    0.17%
      0     0     1608.7056    46     1605.9647 UserPurge2: 1    11371    0.17%
      0     0     1608.6960    45     1605.9647 UserPurge2: 1    11391    0.17%
      0     0     1608.6856    44     1605.9647 UserPurge2: 1    11414    0.17%
      0     0     1608.6770    43     1605.9647 UserPurge2: 1    11438    0.17%
      0     0     1608.6728    44     1605.9647 UserPurge2: 1    11456    0.17%
      0     0     1608.6707    45     1605.9647 UserPurge2: 1    11475    0.17%
      0     0     1608.6686    46     1605.9647 UserPurge2: 1    11490    0.17%
      0     2     1608.6686    46     1605.9647     1608.6683    11490    0.17%
Elapsed time = 48.11 sec. (5340.61 ticks, tree = 0.01 MB, solutions = 7)
      1     3     1606.7207    10     1605.9647     1608.6683    21478    0.17%
      4     6     1606.6184     6     1605.9647     1608.6683    22637    0.17%
*     5     5      integral     0     1606.5832     1608.6683    22766    0.13%
      7     3        cutoff           1606.5832     1606.7202    45495    0.01%
      8     2        cutoff           1606.5832     1606.7049    46589    0.01%
      9     3     1606.6818     8     1606.5832     1606.7049    47503    0.01%
*    10     2      integral     0     1606.6319     1606.7049    47593    0.00%
*    12     0      integral     0     1606.7027     1606.7027    47675    0.00%

User cuts applied:  3070

Root node processing (before b&c):
  Real time             =   48.11 sec. (5345.70 ticks)
Sequential b&c:
  Real time             =   93.58 sec. (27617.03 ticks)
                          ------------
Total (root+branch&cut) =  141.69 sec. (32962.73 ticks)
@Parameters: 
is_S_cut                                true
is_add_all_yinF                         true
is_start_value                          true
is_usercut                              true
is_visualization                        false
uc_only_rootnode                        false

data                                    Qi
fn                                      data/Qi/instance_500_800.csv
mode                                    NewSubmodular
solver                                  cplex

p                                       10
r                                       5

EPS                                     1.0e-06
EPS_vio                                 1.0e-04
beta                                    0.10
gap                                     0.00
nodelimit                               Inf
timelimit                               7200.00


@PrintInfos
ItCnt: 47675
Current gap: 0.00 %
Termination Status: OPTIMAL
Primal Status: FEASIBLE_POINT
Solve Time: 141.69 sec
Objective Value: 1606.702729
Number of Nodes:     13

CutInfo: [phase] num / time (sec) 
ZLP             [phase1]     0 / 0.00 [rLC]     0 / 0.00 [rUC]     0 / 0.00 [sLC]     0 / 0.00 [sUC]     0 / 0.00 
OldSubmodular   [phase1]     0 / 0.00 [rLC]     0 / 0.00 [rUC]     0 / 0.00 [sLC]     0 / 0.00 [sUC]     0 / 0.00 
NewSubmodular   [phase1]     0 / 0.00 [rLC]   239 / 18.13 [rUC]  1706 / 23.03 [sLC]     0 / 3.16 [sUC]  3019 / 66.28 
PMP             [phase1]     0 / 0.00 [rLC]    12 / 14.61 [rUC]     0 / 0.00 [sLC]     3 / 3.14 [sUC]    10 / 11.77 
Separation Round: [phase1] 0  [rLC] 144  [rUC] 535  [sLC] 3  [sUC] 642
Root Best Bound 1608.668267
Root Best Integer: 1605.964661
Best Bound: 1606.702729
Best Integer: 1606.702729

