Version identifier: 20.1.0.0 | 2020-11-10 | 9bedb6d68
CPXPARAM_Threads                                 1
CPXPARAM_TimeLimit                               7200
CPXPARAM_MIP_Tolerances_MIPGap                   0
Generic callback                                 0x60
1 of 1 MIP starts provided solutions.
MIP start 'm1' defined initial solution with objective 1037.2205.
Tried aggregator 1 time.
Reduced MIP has 1 rows, 801 columns, and 800 nonzeros.
Reduced MIP has 800 binaries, 0 generals, 0 SOSs, and 0 indicators.
Presolve time = 0.00 sec. (0.24 ticks)
Probing time = 0.00 sec. (0.09 ticks)
Tried aggregator 1 time.
Reduced MIP has 1 rows, 801 columns, and 800 nonzeros.
Reduced MIP has 800 binaries, 0 generals, 0 SOSs, and 0 indicators.
Presolve time = 0.00 sec. (0.25 ticks)
Probing time = 0.00 sec. (0.09 ticks)
MIP emphasis: balance optimality and feasibility.
MIP search method: dynamic search.
Parallel mode: none, using 1 thread.
Root relaxation solution time = 0.00 sec. (0.17 ticks)

        Nodes                                         Cuts/
   Node  Left     Objective  IInf  Best Integer    Best Bound    ItCnt     Gap

*     0+    0                         1037.2205     2716.0000           161.85%
      0     0     1376.2162     2     1037.2205     2716.0000        0  161.85%
      0     0     1312.3569     3     1037.2205 UserPurge2: 1        6   26.53%
      0     0     1215.2961     4     1037.2205 UserPurge2: 1       12   17.17%
      0     0     1180.8708     5     1037.2205 UserPurge2: 1       20   13.85%
      0     0     1172.6784     7     1037.2205 UserPurge2: 1       31   13.06%
      0     0     1167.1649     9     1037.2205 UserPurge2: 1       46   12.53%
      0     0     1151.8071    10     1037.2205 UserPurge2: 1       74   11.05%
      0     0     1141.7186    11     1037.2205 UserPurge2: 1       93   10.07%
      0     0     1134.2426    11     1037.2205 UserPurge2: 1      112    9.35%
      0     0     1130.9913    13     1037.2205 UserPurge2: 1      128    9.04%
      0     0     1126.7088    14     1037.2205 UserPurge2: 1      151    8.63%
      0     0     1124.1331    15     1037.2205 UserPurge2: 1      176    8.38%
      0     0     1121.5000    16     1037.2205 UserPurge2: 1      212    8.13%
      0     0     1119.5942    16     1037.2205 UserPurge2: 1      230    7.94%
      0     0     1114.9968    15     1037.2205 UserPurge2: 1      286    7.50%
      0     0     1112.3433    15     1037.2205 UserPurge1: 2      300    7.24%
      0     0     1110.9801    15     1037.2205 UserPurge1: 1      302    7.11%
      0     0     1110.4802    16     1037.2205 UserPurge1: 1      318    7.06%
      0     0     1107.8279    15     1037.2205 UserPurge2: 1      346    6.81%
      0     0     1102.9650    12     1037.2205 UserPurge2: 1      370    6.34%
      0     0     1102.3891    16     1037.2205 UserPurge1: 3      385    6.28%
      0     0     1098.2916    12     1037.2205 UserPurge2: 1      408    5.89%
      0     0     1096.5266    13     1037.2205 UserPurge2: 1      426    5.72%
      0     0     1095.4376    13     1037.2205 UserPurge2: 1      437    5.61%
      0     0     1094.7231    14     1037.2205 UserPurge1: 1      439    5.54%
      0     0     1094.3978    15     1037.2205 UserPurge2: 1      447    5.51%
      0     0     1093.8034    16     1037.2205 UserPurge1: 1      464    5.46%
      0     0     1092.0585    15     1037.2205 UserPurge2: 1      483    5.29%
      0     0     1090.5589    13     1037.2205 UserPurge2: 1      501    5.14%
      0     0     1089.6834    14     1037.2205 UserPurge2: 1      510    5.06%
      0     0     1088.9666    16     1037.2205 UserPurge1: 1      517    4.99%
      0     0     1088.9499    16     1037.2205 UserPurge1: 1      521    4.99%
      0     0     1087.9755    16     1037.2205 UserPurge2: 1      545    4.89%
      0     0     1086.2338    14     1037.2205 UserPurge2: 1      578    4.73%
      0     0     1085.5594    15     1037.2205 UserPurge2: 1      583    4.66%
      0     0     1084.7619    15     1037.2205 UserPurge2: 1      601    4.58%
      0     0     1083.9435    17     1037.2205 UserPurge2: 1      619    4.50%
      0     0     1082.7851    16     1037.2205 UserPurge2: 1      639    4.39%
      0     0     1081.8767    16     1037.2205 UserPurge2: 1      677    4.31%
      0     0     1081.4392    18     1037.2205 UserPurge2: 1      692    4.26%
      0     0     1080.0129    18     1037.2205 UserPurge2: 1      728    4.13%
      0     0     1079.1969    17     1037.2205 UserPurge2: 1      751    4.05%
      0     0     1078.5487    17     1037.2205 UserPurge2: 1      767    3.98%
      0     0     1078.2516    18     1037.2205 UserPurge2: 1      783    3.96%
      0     0     1077.7057    17     1037.2205 UserPurge2: 1      805    3.90%
      0     0     1077.2197    19     1037.2205 UserPurge2: 1      826    3.86%
      0     0     1076.5932    19     1037.2205 UserPurge2: 1      856    3.80%
      0     0     1076.2013    18     1037.2205 UserPurge2: 1      874    3.76%
      0     0     1074.8678    17     1037.2205 UserPurge2: 1      925    3.63%
      0     0     1073.4848    17     1037.2205 UserPurge2: 1      939    3.50%
      0     0     1071.6822    14     1037.2205 UserPurge2: 1      971    3.32%
      0     0     1071.0896    14     1037.2205 UserPurge2: 1      987    3.27%
      0     0     1070.2057    15     1037.2205 UserPurge2: 1     1001    3.18%
      0     0     1070.0502    17     1037.2205 UserPurge2: 1     1008    3.17%
      0     0     1069.4986    17     1037.2205 UserPurge2: 1     1028    3.11%
      0     0     1068.8357    17     1037.2205 UserPurge2: 1     1043    3.05%
      0     0     1068.3817    17     1037.2205 UserPurge2: 1     1056    3.00%
      0     0     1068.0674    18     1037.2205 UserPurge2: 1     1079    2.97%
      0     0     1066.7704    18     1037.2205 UserPurge2: 1     1113    2.85%
      0     0     1065.9656    17     1037.2205 UserPurge2: 1     1131    2.77%
      0     0     1065.1410    17     1037.2205 UserPurge2: 1     1150    2.69%
      0     0     1064.4554    16     1037.2205 UserPurge2: 1     1169    2.63%
      0     0     1063.7594    15     1037.2205 UserPurge2: 1     1187    2.56%
      0     0     1063.4029    16     1037.2205 UserPurge2: 1     1202    2.52%
      0     0     1063.2351    16     1037.2205 UserPurge2: 1     1215    2.51%
      0     0     1062.8932    17     1037.2205 UserPurge2: 1     1234    2.48%
      0     0     1062.5903    17     1037.2205 UserPurge2: 1     1249    2.45%
      0     0     1062.2085    17     1037.2205 UserPurge2: 1     1260    2.41%
      0     0     1062.0046    18     1037.2205 UserPurge2: 1     1273    2.39%
      0     0     1061.8705    19     1037.2205 UserPurge2: 1     1285    2.38%
      0     0     1061.6388    18     1037.2205 UserPurge2: 1     1311    2.35%
      0     0     1061.3444    19     1037.2205 UserPurge2: 1     1332    2.33%
      0     0     1060.7044    19     1037.2205 UserPurge2: 1     1356    2.26%
      0     0     1060.5530    19     1037.2205 UserPurge2: 1     1370    2.25%
      0     0     1060.1793    19     1037.2205 UserPurge2: 1     1392    2.21%
      0     0     1060.0237    19     1037.2205 UserPurge2: 1     1414    2.20%
      0     0     1059.9491    20     1037.2205 UserPurge2: 1     1425    2.19%
      0     0     1059.7480    19     1037.2205 UserPurge2: 1     1444    2.17%
      0     0     1059.7080    20     1037.2205 UserPurge2: 1     1448    2.17%
      0     0     1059.6039    21     1037.2205 UserPurge2: 1     1463    2.16%
      0     0     1059.5332    22     1037.2205 UserPurge2: 1     1474    2.15%
      0     0     1059.4747    23     1037.2205 UserPurge2: 1     1492    2.15%
      0     0     1059.2853    23     1037.2205 UserPurge2: 1     1523    2.13%
      0     0     1059.1478    23     1037.2205 UserPurge2: 1     1546    2.11%
      0     0     1058.7059    22     1037.2205 UserPurge2: 1     1580    2.07%
      0     0     1058.5098    21     1037.2205 UserPurge2: 1     1598    2.05%
      0     0     1058.4299    22     1037.2205 UserPurge2: 1     1617    2.04%
      0     0     1058.1442    23     1037.2205 UserPurge2: 1     1657    2.02%
      0     0     1058.0666    23     1037.2205 UserPurge2: 1     1669    2.01%
      0     0     1057.7858    22     1037.2205 UserPurge2: 1     1693    1.98%
      0     0     1057.5147    22     1037.2205 UserPurge2: 1     1719    1.96%
      0     0     1057.3057    22     1037.2205 UserPurge2: 1     1752    1.94%
      0     0     1057.1543    23     1037.2205 UserPurge2: 1     1766    1.92%
      0     0     1056.6454    20     1037.2205 UserPurge2: 1     1798    1.87%
      0     0     1056.3512    21     1037.2205 UserPurge2: 1     1825    1.84%
      0     0     1056.2045    22     1037.2205 UserPurge2: 1     1842    1.83%
      0     0     1056.1770    22     1037.2205 UserPurge2: 1     1852    1.83%
      0     0     1056.0499    23     1037.2205 UserPurge2: 1     1877    1.82%
      0     0     1055.8029    22     1037.2205 UserPurge2: 1     1896    1.79%
      0     0     1055.5649    21     1037.2205 UserPurge2: 1     1916    1.77%
      0     0     1055.5211    20     1037.2205 UserPurge2: 1     1922    1.76%
      0     0     1055.4621    21     1037.2205 UserPurge2: 1     1934    1.76%
      0     0     1055.4018    22     1037.2205 UserPurge2: 1     1948    1.75%
      0     0     1055.3485    22     1037.2205 UserPurge2: 1     1963    1.75%
      0     0     1055.2805    23     1037.2205 UserPurge2: 1     1981    1.74%
      0     0     1055.1862    23     1037.2205 UserPurge2: 1     2004    1.73%
      0     0     1054.9839    23     1037.2205 UserPurge2: 1     2034    1.71%
      0     0     1054.8725    23     1037.2205 UserPurge2: 1     2049    1.70%
      0     0     1054.7718    23     1037.2205 UserPurge2: 1     2059    1.69%
      0     0     1054.6792    22     1037.2205 UserPurge2: 1     2072    1.68%
      0     0     1054.5544    22     1037.2205 UserPurge2: 1     2085    1.67%
      0     0     1054.5378    23     1037.2205 UserPurge2: 1     2098    1.67%
      0     0     1054.3842    22     1037.2205 UserPurge2: 1     2126    1.65%
      0     0     1054.2685    23     1037.2205 UserPurge2: 1     2140    1.64%
      0     0     1054.2009    24     1037.2205 UserPurge2: 1     2161    1.64%
      0     0     1054.1139    24     1037.2205 UserPurge2: 1     2174    1.63%
      0     0     1053.9365    23     1037.2205 UserPurge2: 1     2200    1.61%
      0     0     1053.7309    24     1037.2205 UserPurge2: 1     2235    1.59%
      0     0     1053.4850    22     1037.2205 UserPurge2: 1     2259    1.57%
      0     0     1053.3116    22     1037.2205 UserPurge2: 1     2282    1.55%
      0     0     1053.2824    23     1037.2205 UserPurge2: 1     2294    1.55%
      0     0     1053.1930    23     1037.2205 UserPurge2: 1     2303    1.54%
      0     0     1053.0958    24     1037.2205 UserPurge2: 1     2323    1.53%
      0     0     1053.0782    25     1037.2205 UserPurge2: 1     2331    1.53%
      0     0     1052.9998    26     1037.2205 UserPurge2: 1     2342    1.52%
      0     0     1052.9034    26     1037.2205 UserPurge2: 1     2360    1.51%
      0     0     1052.7802    25     1037.2205 UserPurge2: 1     2392    1.50%
      0     0     1052.5792    24     1037.2205 UserPurge2: 1     2409    1.48%
      0     0     1052.4573    24     1037.2205 UserPurge2: 1     2424    1.47%
      0     0     1052.4091    25     1037.2205 UserPurge2: 1     2437    1.46%
      0     0     1052.3728    25     1037.2205 UserPurge2: 1     2452    1.46%
      0     0     1052.3323    26     1037.2205 UserPurge2: 1     2470    1.46%
      0     0     1052.2973    27     1037.2205 UserPurge2: 1     2482    1.45%
      0     0     1052.1806    27     1037.2205 UserPurge2: 1     2495    1.44%
      0     0     1051.9199    26     1037.2205 UserPurge2: 1     2541    1.42%
      0     0     1051.4614    25     1037.2205 UserPurge2: 1     2576    1.37%
      0     0     1051.2809    23     1037.2205 UserPurge2: 1     2596    1.36%
      0     0     1051.2148    23     1037.2205 UserPurge2: 1     2607    1.35%
      0     0     1051.1844    24     1037.2205 UserPurge2: 1     2615    1.35%
      0     0     1051.0938    24     1037.2205 UserPurge2: 1     2632    1.34%
      0     0     1051.0400    25     1037.2205 UserPurge2: 1     2646    1.33%
      0     0     1050.9497    25     1037.2205 UserPurge2: 1     2660    1.32%
      0     0     1050.7212    24     1037.2205 UserPurge2: 1     2695    1.30%
*     0+    0                         1039.0992     1050.7212             1.12%
      0     0     1050.6929    24     1039.0992 UserPurge2: 1     2706    1.12%
*     0+    0                         1039.4452     1050.6929             1.08%
      0     0     1050.5661    24     1039.4452 UserPurge2: 1     2722    1.07%
      0     0     1050.4808    25     1039.4452 UserPurge2: 1     2735    1.06%
      0     0     1050.4205    25     1039.4452 UserPurge2: 1     2757    1.06%
      0     0     1050.3811    26     1039.4452 UserPurge2: 1     2774    1.05%
      0     0     1050.2961    26     1039.4452 UserPurge2: 1     2794    1.04%
      0     0     1050.2387    26     1039.4452 UserPurge2: 1     2819    1.04%
      0     0     1050.1935    26     1039.4452 UserPurge2: 1     2836    1.03%
      0     0     1050.0936    27     1039.4452 UserPurge2: 1     2866    1.02%
      0     0     1049.9836    27     1039.4452 UserPurge2: 1     2891    1.01%
      0     0     1049.8080    24     1039.4452 UserPurge2: 1     2924    1.00%
      0     0     1049.6880    23     1039.4452 UserPurge2: 1     2939    0.99%
      0     0     1049.6516    24     1039.4452 UserPurge2: 1     2954    0.98%
      0     0     1049.6285    25     1039.4452 UserPurge2: 1     2961    0.98%
      0     0     1049.6197    26     1039.4452 UserPurge2: 1     2970    0.98%
      0     0     1049.6126    27     1039.4452 UserPurge2: 1     2979    0.98%
      0     0     1049.5896    27     1039.4452 UserPurge2: 1     2997    0.98%
      0     0     1049.5591    28     1039.4452 UserPurge2: 1     3010    0.97%
      0     0     1049.5466    29     1039.4452 UserPurge2: 1     3021    0.97%
      0     0     1049.5150    29     1039.4452 UserPurge2: 1     3038    0.97%
      0     0     1049.4947    28     1039.4452 UserPurge2: 1     3057    0.97%
      0     0     1049.4608    29     1039.4452 UserPurge2: 1     3071    0.96%
      0     0     1049.4372    29     1039.4452 UserPurge2: 1     3096    0.96%
      0     0     1049.4211    30     1039.4452 UserPurge2: 1     3118    0.96%
      0     0     1049.3833    30     1039.4452 UserPurge2: 1     3139    0.96%
      0     0     1049.3195    30     1039.4452 UserPurge2: 1     3162    0.95%
      0     0     1049.1901    27     1039.4452 UserPurge2: 1     3197    0.94%
      0     0     1049.1448    28     1039.4452 UserPurge2: 1     3207    0.93%
      0     0     1049.1250    29     1039.4452 UserPurge2: 1     3224    0.93%
      0     0     1049.0978    29     1039.4452 UserPurge2: 1     3250    0.93%
      0     0     1049.0423    28     1039.4452 UserPurge2: 1     3278    0.92%
      0     0     1048.9646    29     1039.4452 UserPurge2: 1     3299    0.92%
      0     0     1048.9427    30     1039.4452 UserPurge2: 1     3316    0.91%
      0     0     1048.9099    30     1039.4452 UserPurge2: 1     3332    0.91%
      0     0     1048.8647    29     1039.4452 UserPurge2: 1     3350    0.91%
      0     0     1048.7996    29     1039.4452 UserPurge2: 1     3371    0.90%
      0     0     1048.7089    28     1039.4452 UserPurge2: 1     3393    0.89%
      0     0     1048.6120    28     1039.4452 UserPurge2: 1     3424    0.88%
      0     0     1048.5149    29     1039.4452 UserPurge2: 1     3461    0.87%
      0     0     1048.4769    29     1039.4452 UserPurge2: 1     3479    0.87%
      0     0     1048.4543    29     1039.4452 UserPurge2: 1     3494    0.87%
      0     0     1048.4103    30     1039.4452 UserPurge2: 1     3504    0.86%
      0     0     1048.3887    30     1039.4452 UserPurge2: 1     3518    0.86%
      0     0     1048.3060    30     1039.4452 UserPurge2: 1     3542    0.85%
      0     0     1048.2225    30     1039.4452 UserPurge2: 1     3567    0.84%
      0     0     1048.1442    30     1039.4452 UserPurge2: 1     3599    0.84%
      0     0     1048.0906    30     1039.4452 UserPurge2: 1     3618    0.83%
      0     0     1048.0642    30     1039.4452 UserPurge2: 1     3635    0.83%
      0     0     1048.0534    31     1039.4452 UserPurge2: 1     3648    0.83%
      0     0     1048.0447    32     1039.4452 UserPurge2: 1     3659    0.83%
      0     0     1048.0033    33     1039.4452 UserPurge2: 1     3693    0.82%
      0     0     1047.9802    34     1039.4452 UserPurge2: 1     3718    0.82%
      0     0     1047.9443    33     1039.4452 UserPurge2: 1     3742    0.82%
      0     0     1047.8827    33     1039.4452 UserPurge2: 1     3773    0.81%
      0     0     1047.7865    32     1039.4452 UserPurge2: 1     3800    0.80%
      0     0     1047.7063    32     1039.4452 UserPurge2: 1     3833    0.79%
      0     0     1047.6553    33     1039.4452 UserPurge2: 1     3851    0.79%
      0     0     1047.5357    32     1039.4452 UserPurge2: 1     3893    0.78%
      0     0     1047.4523    32     1039.4452 UserPurge2: 1     3924    0.77%
      0     0     1047.3328    30     1039.4452 UserPurge2: 1     3946    0.76%
      0     0     1047.3059    28     1039.4452 UserPurge2: 1     3964    0.76%
      0     0     1047.2997    29     1039.4452 UserPurge2: 1     3974    0.76%
      0     0     1047.2707    30     1039.4452 UserPurge2: 1     3989    0.75%
      0     0     1047.2198    31     1039.4452 UserPurge2: 1     4007    0.75%
      0     0     1047.0995    29     1039.4452 UserPurge2: 1     4033    0.74%
      0     0     1047.0800    30     1039.4452 UserPurge2: 1     4046    0.73%
      0     0     1047.0571    31     1039.4452 UserPurge2: 1     4059    0.73%
      0     0     1047.0215    32     1039.4452 UserPurge2: 1     4089    0.73%
      0     0     1046.9835    32     1039.4452 UserPurge2: 1     4117    0.73%
      0     0     1046.9420    31     1039.4452 UserPurge2: 1     4137    0.72%
      0     0     1046.9281    31     1039.4452 UserPurge2: 1     4155    0.72%
      0     0     1046.8933    31     1039.4452 UserPurge2: 1     4178    0.72%
      0     0     1046.7970    30     1039.4452 UserPurge2: 1     4218    0.71%
      0     0     1046.7441    31     1039.4452 UserPurge2: 1     4238    0.70%
      0     0     1046.7337    32     1039.4452 UserPurge2: 1     4251    0.70%
      0     0     1046.7183    32     1039.4452 UserPurge2: 1     4267    0.70%
      0     0     1046.6620    31     1039.4452 UserPurge2: 1     4293    0.69%
      0     0     1046.5750    31     1039.4452 UserPurge2: 1     4323    0.69%
      0     0     1046.5175    29     1039.4452 UserPurge2: 1     4356    0.68%
      0     0     1046.5000    30     1039.4452 UserPurge2: 1     4373    0.68%
      0     0     1046.4811    31     1039.4452 UserPurge2: 1     4388    0.68%
      0     0     1046.4612    32     1039.4452 UserPurge2: 1     4411    0.67%
      0     0     1046.4255    33     1039.4452 UserPurge2: 1     4438    0.67%
      0     0     1046.3834    33     1039.4452 UserPurge2: 1     4464    0.67%
*     0+    0                         1040.6312     1046.3834             0.55%
      0     0     1046.3529    34     1040.6312 UserPurge2: 1     4493    0.55%
      0     0     1046.2951    33     1040.6312 UserPurge2: 1     4535    0.54%
      0     0     1046.2757    32     1040.6312 UserPurge2: 1     4561    0.54%
      0     0     1046.2635    32     1040.6312 UserPurge2: 1     4578    0.54%
      0     0     1046.2277    32     1040.6312 UserPurge2: 1     4600    0.54%
      0     0     1046.1704    32     1040.6312 UserPurge2: 1     4635    0.53%
      0     0     1046.1416    33     1040.6312 UserPurge2: 1     4650    0.53%
      0     0     1046.1048    32     1040.6312 UserPurge2: 1     4677    0.53%
      0     0     1046.0923    32     1040.6312 UserPurge2: 1     4693    0.52%
      0     0     1045.9689    30     1040.6312 UserPurge2: 1     4719    0.51%
      0     0     1045.9590    31     1040.6312 UserPurge2: 1     4727    0.51%
      0     0     1045.9179    32     1040.6312 UserPurge2: 1     4747    0.51%
      0     0     1045.8881    32     1040.6312 UserPurge2: 1     4768    0.51%
      0     0     1045.8134    32     1040.6312 UserPurge2: 1     4785    0.50%
      0     0     1045.7366    31     1040.6312 UserPurge2: 1     4805    0.49%
      0     0     1045.7021    31     1040.6312 UserPurge2: 1     4821    0.49%
      0     0     1045.6762    31     1040.6312 UserPurge2: 1     4847    0.48%
      0     0     1045.6703    32     1040.6312 UserPurge2: 1     4862    0.48%
      0     0     1045.6611    33     1040.6312 UserPurge2: 1     4878    0.48%
      0     0     1045.6452    34     1040.6312 UserPurge2: 1     4897    0.48%
      0     0     1045.6266    34     1040.6312 UserPurge2: 1     4920    0.48%
      0     0     1045.5347    27     1040.6312 UserPurge2: 1     4951    0.47%

Repeating presolve.
Tried aggregator 1 time.
MIP Presolve eliminated 0 rows and 202 columns.
Reduced MIP has 1 rows, 599 columns, and 598 nonzeros.
Reduced MIP has 598 binaries, 0 generals, 0 SOSs, and 0 indicators.
Presolve time = 0.00 sec. (0.22 ticks)
Probing time = 0.00 sec. (0.06 ticks)
Tried aggregator 1 time.
Reduced MIP has 1 rows, 599 columns, and 598 nonzeros.
Reduced MIP has 598 binaries, 0 generals, 0 SOSs, and 0 indicators.
Presolve time = 0.00 sec. (0.18 ticks)
Represolve time = 0.10 sec. (38.10 ticks)
Probing time = 0.00 sec. (0.06 ticks)
MIP emphasis: balance optimality and feasibility.
MIP search method: dynamic search.
Parallel mode: none, using 1 thread.
Root relaxation solution time = 0.01 sec. (9.74 ticks)

        Nodes                                         Cuts/
   Node  Left     Objective  IInf  Best Integer    Best Bound    ItCnt     Gap

*     0+    0                         1040.6312     1045.5347             0.47%
      0     0     1045.5347    27     1040.6312     1045.5347     5045    0.47%
      0     0     1045.4624    27     1040.6312 UserPurge2: 1     5068    0.46%
      0     0     1045.4477    28     1040.6312 UserPurge2: 1     5078    0.46%
      0     0     1045.4221    29     1040.6312 UserPurge2: 1     5094    0.46%
      0     0     1045.4096    30     1040.6312 UserPurge2: 1     5107    0.46%
      0     0     1045.3987    31     1040.6312 UserPurge2: 1     5119    0.46%
      0     0     1045.3845    32     1040.6312 UserPurge2: 1     5139    0.46%
      0     0     1045.3787    33     1040.6312 UserPurge2: 1     5149    0.46%
      0     0     1045.3634    34     1040.6312 UserPurge2: 1     5168    0.45%
      0     0     1045.3160    32     1040.6312 UserPurge2: 1     5187    0.45%
      0     0     1045.2844    32     1040.6312 UserPurge2: 1     5207    0.45%
      0     0     1045.2727    33     1040.6312 UserPurge2: 1     5219    0.45%
      0     0     1045.2426    32     1040.6312 UserPurge2: 1     5244    0.44%
      0     0     1045.2121    33     1040.6312 UserPurge2: 1     5265    0.44%
      0     0     1045.1984    34     1040.6312 UserPurge2: 1     5285    0.44%
      0     0     1045.1643    33     1040.6312 UserPurge2: 1     5301    0.44%
      0     0     1045.1304    32     1040.6312 UserPurge2: 1     5333    0.43%
      0     0     1045.0861    31     1040.6312 UserPurge2: 1     5352    0.43%
      0     0     1045.0539    32     1040.6312 UserPurge2: 1     5365    0.43%
      0     0     1045.0392    33     1040.6312 UserPurge2: 1     5386    0.42%
      0     0     1045.0254    33     1040.6312 UserPurge2: 1     5409    0.42%
      0     0     1045.0018    33     1040.6312 UserPurge2: 1     5425    0.42%
      0     0     1044.9952    33     1040.6312 UserPurge2: 1     5433    0.42%
      0     0     1044.9646    32     1040.6312 UserPurge2: 1     5465    0.42%
      0     0     1044.9490    32     1040.6312 UserPurge2: 1     5478    0.41%
      0     0     1044.9114    33     1040.6312 UserPurge2: 1     5508    0.41%
      0     0     1044.8763    33     1040.6312 UserPurge2: 1     5529    0.41%
      0     0     1044.8550    32     1040.6312 UserPurge2: 1     5548    0.41%
      0     0     1044.8381    32     1040.6312 UserPurge2: 1     5563    0.40%
      0     0     1044.8312    33     1040.6312 UserPurge2: 1     5578    0.40%
      0     0     1044.8194    34     1040.6312 UserPurge2: 1     5601    0.40%
      0     0     1044.8030    35     1040.6312 UserPurge2: 1     5623    0.40%
      0     0     1044.7925    35     1040.6312 UserPurge2: 1     5638    0.40%
      0     0     1044.7734    35     1040.6312 UserPurge2: 1     5657    0.40%
      0     0     1044.7663    36     1040.6312 UserPurge2: 1     5670    0.40%
      0     0     1044.7440    35     1040.6312 UserPurge2: 1     5692    0.40%
      0     0     1044.7293    33     1040.6312 UserPurge2: 1     5724    0.39%
      0     0     1044.7050    32     1040.6312 UserPurge2: 1     5751    0.39%
      0     0     1044.6954    33     1040.6312 UserPurge2: 1     5763    0.39%
      0     0     1044.6893    34     1040.6312 UserPurge2: 1     5777    0.39%
      0     0     1044.6691    34     1040.6312 UserPurge2: 1     5799    0.39%
      0     0     1044.6591    32     1040.6312 UserPurge2: 1     5818    0.39%
      0     0     1044.6464    32     1040.6312 UserPurge2: 1     5835    0.39%
      0     0     1044.6421    33     1040.6312 UserPurge2: 1     5843    0.39%
      0     0     1044.6276    34     1040.6312 UserPurge2: 1     5865    0.38%
      0     0     1044.6184    32     1040.6312 UserPurge2: 1     5882    0.38%
      0     0     1044.6124    32     1040.6312 UserPurge2: 1     5894    0.38%
      0     0     1044.6074    33     1040.6312 UserPurge2: 1     5904    0.38%
      0     0     1044.5977    34     1040.6312 UserPurge2: 1     5923    0.38%
      0     0     1044.5863    34     1040.6312 UserPurge2: 1     5951    0.38%
      0     0     1044.5799    35     1040.6312 UserPurge2: 1     5960    0.38%
      0     0     1044.5728    35     1040.6312 UserPurge2: 1     5973    0.38%
      0     0     1044.5712    36     1040.6312 UserPurge2: 1     5984    0.38%
      0     0     1044.5673    37     1040.6312 UserPurge2: 1     6001    0.38%
      0     0     1044.5638    38     1040.6312 UserPurge2: 1     6017    0.38%
      0     0     1044.5440    36     1040.6312 UserPurge2: 1     6060    0.38%
      0     0     1044.5346    37     1040.6312 UserPurge2: 1     6083    0.38%
      0     0     1044.5204    36     1040.6312 UserPurge2: 1     6103    0.37%
      0     0     1044.5087    37     1040.6312 UserPurge2: 1     6119    0.37%
      0     0     1044.4941    36     1040.6312 UserPurge2: 1     6150    0.37%
      0     0     1044.4909    37     1040.6312 UserPurge2: 1     6164    0.37%
      0     0     1044.4801    38     1040.6312 UserPurge2: 1     6198    0.37%
      0     0     1044.4630    38     1040.6312 UserPurge2: 1     6220    0.37%
      0     0     1044.4346    37     1040.6312 UserPurge2: 1     6249    0.37%
      0     0     1044.4275    37     1040.6312 UserPurge2: 1     6267    0.36%
      0     0     1044.4227    37     1040.6312 UserPurge2: 1     6285    0.36%
      0     0     1044.3987    36     1040.6312 UserPurge2: 1     6314    0.36%
      0     0     1044.3848    37     1040.6312 UserPurge2: 1     6326    0.36%
      0     0     1044.3190    34     1040.6312 UserPurge2: 1     6373    0.35%
      0     0     1044.3014    34     1040.6312 UserPurge2: 1     6395    0.35%
      0     0     1044.2875    32     1040.6312 UserPurge2: 1     6410    0.35%
      0     0     1044.2664    31     1040.6312 UserPurge2: 1     6438    0.35%
      0     0     1044.2467    29     1040.6312 UserPurge2: 1     6457    0.35%
      0     0     1044.2390    30     1040.6312 UserPurge2: 1     6467    0.35%
      0     0     1044.2300    31     1040.6312 UserPurge2: 1     6476    0.35%
      0     0     1044.2279    32     1040.6312 UserPurge2: 1     6482    0.35%
      0     0     1044.2240    32     1040.6312 UserPurge2: 1     6494    0.35%
*     0+    0                         1041.6144     1044.2240             0.25%
      0     0     1044.2154    33     1041.6144 UserPurge2: 1     6513    0.25%
      0     0     1044.2126    34     1041.6144 UserPurge2: 1     6519    0.25%
      0     0     1044.2118    34     1041.6144 UserPurge2: 1     6529    0.25%
      0     0     1044.2044    35     1041.6144 UserPurge2: 1     6553    0.25%
      0     0     1044.1940    36     1041.6144 UserPurge2: 1     6584    0.25%
      0     0     1044.1818    34     1041.6144 UserPurge2: 1     6604    0.25%
      0     0     1044.1703    33     1041.6144 UserPurge2: 1     6630    0.25%
      0     0     1044.1497    33     1041.6144 UserPurge2: 1     6668    0.24%
      0     0     1044.1412    34     1041.6144 UserPurge2: 1     6687    0.24%
      0     0     1044.1165    33     1041.6144 UserPurge2: 1     6716    0.24%
      0     0     1044.1080    34     1041.6144 UserPurge2: 1     6733    0.24%
      0     0     1044.1040    35     1041.6144 UserPurge2: 1     6749    0.24%
      0     0     1044.0926    34     1041.6144 UserPurge2: 1     6774    0.24%
      0     0     1044.0746    35     1041.6144 UserPurge2: 1     6796    0.24%
      0     0     1044.0481    36     1041.6144 UserPurge2: 1     6824    0.23%
      0     0     1044.0316    35     1041.6144 UserPurge2: 1     6845    0.23%
      0     0     1044.0192    35     1041.6144 UserPurge2: 1     6862    0.23%
      0     0     1044.0079    36     1041.6144 UserPurge2: 1     6883    0.23%
      0     0     1043.9976    36     1041.6144 UserPurge2: 1     6901    0.23%
      0     0     1043.9925    37     1041.6144 UserPurge2: 1     6917    0.23%
      0     0     1043.9846    38     1041.6144 UserPurge2: 1     6936    0.23%
      0     0     1043.9663    37     1041.6144 UserPurge2: 1     6962    0.23%
      0     0     1043.9609    38     1041.6144 UserPurge2: 1     6972    0.23%
      0     0     1043.9473    37     1041.6144 UserPurge2: 1     6998    0.22%
      0     0     1043.9166    38     1041.6144 UserPurge2: 1     7037    0.22%
      0     0     1043.9056    38     1041.6144 UserPurge2: 1     7053    0.22%
      0     0     1043.8805    39     1041.6144 UserPurge2: 1     7076    0.22%
      0     0     1043.8353    37     1041.6144 UserPurge2: 1     7111    0.21%
      0     0     1043.8250    37     1041.6144 UserPurge2: 1     7138    0.21%
      0     0     1043.8152    37     1041.6144 UserPurge2: 1     7157    0.21%
      0     0     1043.8086    36     1041.6144 UserPurge2: 1     7175    0.21%
      0     0     1043.8022    37     1041.6144 UserPurge2: 1     7188    0.21%
      0     0     1043.7993    38     1041.6144 UserPurge2: 1     7201    0.21%
      0     0     1043.7918    38     1041.6144 UserPurge2: 1     7230    0.21%
      0     0     1043.7876    39     1041.6144 UserPurge2: 1     7247    0.21%
      0     0     1043.7851    40     1041.6144 UserPurge2: 1     7266    0.21%
      0     0     1043.7791    40     1041.6144 UserPurge2: 1     7299    0.21%
      0     0     1043.7690    40     1041.6144 UserPurge2: 1     7317    0.21%
      0     0     1043.7502    37     1041.6144 UserPurge2: 1     7345    0.21%
      0     0     1043.7370    38     1041.6144 UserPurge2: 1     7364    0.20%
      0     0     1043.7263    39     1041.6144 UserPurge2: 1     7383    0.20%
      0     0     1043.7208    40     1041.6144 UserPurge2: 1     7407    0.20%
      0     0     1043.7081    41     1041.6144 UserPurge2: 1     7429    0.20%
      0     0     1043.6915    39     1041.6144 UserPurge2: 1     7458    0.20%
      0     0     1043.6643    39     1041.6144 UserPurge2: 1     7484    0.20%
      0     0     1043.6175    38     1041.6144 UserPurge2: 1     7525    0.19%
      0     0     1043.5550    38     1041.6144 UserPurge2: 1     7569    0.19%
      0     0     1043.5388    38     1041.6144 UserPurge2: 1     7583    0.18%
      0     0     1043.5021    35     1041.6144 UserPurge2: 1     7612    0.18%
      0     0     1043.4871    35     1041.6144 UserPurge2: 1     7627    0.18%
      0     0     1043.4679    35     1041.6144 UserPurge2: 1     7647    0.18%
      0     0     1043.4537    34     1041.6144 UserPurge2: 1     7664    0.18%
      0     0     1043.4405    34     1041.6144 UserPurge2: 1     7685    0.18%
      0     0     1043.4368    35     1041.6144 UserPurge2: 1     7694    0.17%
      0     0     1043.4310    36     1041.6144 UserPurge2: 1     7712    0.17%
      0     0     1043.4288    37     1041.6144 UserPurge2: 1     7721    0.17%
      0     0     1043.4274    38     1041.6144 UserPurge2: 1     7735    0.17%
      0     0     1043.4245    39     1041.6144 UserPurge2: 1     7752    0.17%
      0     0     1043.4168    39     1041.6144 UserPurge2: 1     7769    0.17%
      0     0     1043.3884    38     1041.6144 UserPurge2: 1     7806    0.17%
      0     0     1043.3717    37     1041.6144 UserPurge2: 1     7830    0.17%
      0     0     1043.3633    37     1041.6144 UserPurge2: 1     7848    0.17%
      0     0     1043.3483    38     1041.6144 UserPurge2: 1     7877    0.17%
      0     0     1043.3397    37     1041.6144 UserPurge2: 1     7896    0.17%
      0     0     1043.3268    38     1041.6144 UserPurge2: 1     7911    0.16%
      0     0     1043.3162    39     1041.6144 UserPurge2: 1     7932    0.16%
      0     0     1043.3063    40     1041.6144 UserPurge2: 1     7956    0.16%
*     0+    0                         1041.9935     1043.3063             0.13%
      0     0     1043.3019    41     1041.9935 UserPurge2: 1     7972    0.13%
      0     0     1043.2878    42     1041.9935 UserPurge2: 1     8001    0.12%
      0     0     1043.2454    38     1041.9935 UserPurge2: 1     8038    0.12%
      0     0     1043.2194    38     1041.9935 UserPurge2: 1     8057    0.12%
      0     0     1043.2140    36     1041.9935 UserPurge2: 1     8069    0.12%
      0     0     1043.1733    34     1041.9935 UserPurge2: 1     8098    0.11%
      0     0     1043.1633    34     1041.9935 UserPurge2: 1     8113    0.11%
      0     0     1043.1522    35     1041.9935 UserPurge2: 1     8130    0.11%
      0     0     1043.1507    36     1041.9935 UserPurge2: 1     8141    0.11%
      0     0     1043.1429    36     1041.9935 UserPurge2: 1     8162    0.11%
      0     0     1043.1392    37     1041.9935 UserPurge2: 1     8176    0.11%
      0     0     1043.1262    36     1041.9935 UserPurge2: 1     8207    0.11%
      0     0     1043.1223    37     1041.9935 UserPurge2: 1     8220    0.11%
      0     0     1043.1181    38     1041.9935 UserPurge2: 1     8239    0.11%
      0     0     1043.1130    39     1041.9935 UserPurge2: 1     8248    0.11%
      0     0     1043.1045    39     1041.9935 UserPurge2: 1     8269    0.11%
      0     0     1043.0960    37     1041.9935 UserPurge2: 1     8295    0.11%
      0     0     1043.0840    37     1041.9935 UserPurge2: 1     8313    0.10%
      0     0     1043.0787    37     1041.9935 UserPurge2: 1     8329    0.10%
      0     0     1043.0712    36     1041.9935 UserPurge2: 1     8344    0.10%
      0     0     1043.0644    36     1041.9935 UserPurge2: 1     8362    0.10%
      0     0     1043.0544    37     1041.9935 UserPurge2: 1     8388    0.10%
      0     0     1043.0495    37     1041.9935 UserPurge2: 1     8410    0.10%
      0     0     1043.0465    38     1041.9935 UserPurge2: 1     8429    0.10%
      0     0     1043.0453    39     1041.9935 UserPurge2: 1     8440    0.10%
      0     0     1043.0427    40     1041.9935 UserPurge2: 1     8461    0.10%
      0     0     1043.0348    40     1041.9935 UserPurge2: 1     8486    0.10%
      0     0     1043.0331    39     1041.9935 UserPurge2: 1     8498    0.10%
      0     0     1042.9927    36     1041.9935 UserPurge2: 1     8545    0.10%
      0     0     1042.9722    35     1041.9935 UserPurge2: 1     8563    0.09%
      0     0     1042.9562    35     1041.9935 UserPurge2: 1     8586    0.09%
      0     0     1042.9534    36     1041.9935 UserPurge2: 1     8592    0.09%
      0     0     1042.9478    36     1041.9935 UserPurge2: 1     8605    0.09%
      0     0     1042.9349    36     1041.9935 UserPurge2: 1     8628    0.09%
      0     0     1042.9299    36     1041.9935 UserPurge2: 1     8635    0.09%
      0     0     1042.9133    35     1041.9935 UserPurge2: 1     8656    0.09%
      0     0     1042.9068    35     1041.9935 UserPurge2: 1     8666    0.09%
      0     0     1042.9030    36     1041.9935 UserPurge2: 1     8674    0.09%
      0     0     1042.8917    36     1041.9935 UserPurge2: 1     8697    0.09%
      0     0     1042.8746    36     1041.9935 UserPurge2: 1     8728    0.08%
      0     0     1042.8698    35     1041.9935 UserPurge2: 1     8740    0.08%
      0     0     1042.8671    36     1041.9935 UserPurge2: 1     8747    0.08%
      0     0     1042.8635    37     1041.9935 UserPurge2: 1     8761    0.08%
      0     0     1042.8535    37     1041.9935 UserPurge2: 1     8785    0.08%
      0     0     1042.8452    36     1041.9935 UserPurge2: 1     8817    0.08%
      0     0     1042.8426    37     1041.9935 UserPurge2: 1     8829    0.08%
      0     0     1042.8403    37     1041.9935 UserPurge2: 1     8841    0.08%
      0     0     1042.8390    38     1041.9935 UserPurge2: 1     8853    0.08%
      0     0     1042.8340    37     1041.9935 UserPurge2: 1     8870    0.08%
      0     0     1042.8313    37     1041.9935 UserPurge2: 1     8887    0.08%
      0     0     1042.8290    38     1041.9935 UserPurge2: 1     8894    0.08%
      0     0     1042.8256    38     1041.9935 UserPurge2: 1     8908    0.08%
      0     0     1042.8218    39     1041.9935 UserPurge2: 1     8922    0.08%
      0     0     1042.8189    39     1041.9935 UserPurge2: 1     8940    0.08%
      0     0     1042.8168    40     1041.9935 UserPurge2: 1     8956    0.08%
      0     0     1042.8110    41     1041.9935 UserPurge2: 1     8980    0.08%
      0     0     1042.8053    38     1041.9935 UserPurge2: 1     8996    0.08%
      0     0     1042.7974    37     1041.9935 UserPurge2: 1     9022    0.08%
      0     0     1042.7967    38     1041.9935 UserPurge2: 1     9029    0.08%
      0     0     1042.7854    36     1041.9935 UserPurge2: 1     9054    0.08%
      0     0     1042.7765    36     1041.9935 UserPurge2: 1     9077    0.08%
      0     0     1042.7742    37     1041.9935 UserPurge2: 1     9091    0.07%
      0     0     1042.7703    37     1041.9935 UserPurge2: 1     9108    0.07%
      0     0     1042.7680    38     1041.9935 UserPurge2: 1     9122    0.07%
      0     0     1042.7652    39     1041.9935 UserPurge2: 1     9132    0.07%
      0     0     1042.7642    40     1041.9935 UserPurge2: 1     9145    0.07%
      0     0     1042.7636    41     1041.9935 UserPurge2: 1     9157    0.07%
      0     0     1042.7613    42     1041.9935 UserPurge2: 1     9171    0.07%
      0     0     1042.7553    41     1041.9935 UserPurge2: 1     9195    0.07%
      0     0     1042.7536    42     1041.9935 UserPurge2: 1     9206    0.07%
      0     0     1042.7513    42     1041.9935 UserPurge2: 1     9231    0.07%
      0     0     1042.7474    41     1041.9935 UserPurge2: 1     9247    0.07%
      0     0     1042.7453    42     1041.9935 UserPurge2: 1     9261    0.07%
      0     0     1042.7373    42     1041.9935 UserPurge2: 1     9288    0.07%
      0     0     1042.7272    42     1041.9935 UserPurge2: 1     9314    0.07%
      0     0     1042.7229    43     1041.9935 UserPurge2: 1     9326    0.07%
      0     0     1042.7177    43     1041.9935 UserPurge2: 1     9348    0.07%
      0     0     1042.7105    41     1041.9935 UserPurge2: 1     9367    0.07%
      0     0     1042.6841    39     1041.9935 UserPurge2: 1     9399    0.07%
      0     0     1042.6761    38     1041.9935 UserPurge2: 1     9411    0.07%
      0     0     1042.6636    38     1041.9935 UserPurge2: 1     9441    0.06%
      0     0     1042.6613    39     1041.9935 UserPurge2: 1     9464    0.06%
      0     0     1042.6436    39     1041.9935 UserPurge2: 1     9489    0.06%
      0     0     1042.6348    38     1041.9935 UserPurge2: 1     9505    0.06%
      0     0     1042.6223    37     1041.9935 UserPurge2: 1     9522    0.06%
      0     0     1042.6168    35     1041.9935 UserPurge2: 1     9537    0.06%
      0     0     1042.6142    36     1041.9935 UserPurge2: 1     9547    0.06%
      0     0     1042.6115    37     1041.9935 UserPurge2: 1     9560    0.06%
      0     0     1042.6067    38     1041.9935 UserPurge2: 1     9574    0.06%
      0     0     1042.6048    39     1041.9935 UserPurge2: 1     9580    0.06%
      0     0     1042.6028    40     1041.9935 UserPurge2: 1     9592    0.06%
      0     0     1042.6006    41     1041.9935 UserPurge2: 1     9611    0.06%
      0     0     1042.5860    40     1041.9935 UserPurge2: 1     9649    0.06%
      0     0     1042.5782    39     1041.9935 UserPurge2: 1     9673    0.06%
      0     0     1042.5716    40     1041.9935 UserPurge2: 1     9686    0.06%
      0     0     1042.5671    39     1041.9935 UserPurge2: 1     9709    0.06%
      0     0     1042.5651    40     1041.9935 UserPurge2: 1     9725    0.05%
      0     0     1042.5602    40     1041.9935 UserPurge2: 1     9741    0.05%
      0     0     1042.5555    41     1041.9935 UserPurge2: 1     9755    0.05%
      0     0     1042.5519    39     1041.9935 UserPurge2: 1     9783    0.05%
      0     0     1042.5481    40     1041.9935 UserPurge2: 1     9806    0.05%
      0     0     1042.5448    40     1041.9935 UserPurge2: 1     9821    0.05%
      0     0     1042.5375    40     1041.9935 UserPurge2: 1     9842    0.05%
      0     0     1042.5276    40     1041.9935 UserPurge2: 1     9866    0.05%
      0     0     1042.5235    41     1041.9935 UserPurge2: 1     9886    0.05%
      0     0     1042.5212    41     1041.9935 UserPurge2: 1     9902    0.05%
      0     0     1042.5164    41     1041.9935 UserPurge2: 1     9924    0.05%
      0     0     1042.5091    41     1041.9935 UserPurge2: 1     9947    0.05%
      0     0     1042.5064    42     1041.9935 UserPurge2: 1     9958    0.05%
      0     0     1042.5024    41     1041.9935 UserPurge2: 1     9972    0.05%
      0     0     1042.4958    41     1041.9935 UserPurge2: 1     9997    0.05%
      0     0     1042.4905    39     1041.9935 UserPurge2: 1    10017    0.05%
      0     0     1042.4897    40     1041.9935 UserPurge2: 1    10027    0.05%
      0     0     1042.4882    41     1041.9935 UserPurge2: 1    10044    0.05%
      0     0     1042.4851    41     1041.9935 UserPurge2: 1    10060    0.05%
      0     0     1042.4789    40     1041.9935 UserPurge2: 1    10086    0.05%
      0     0     1042.4746    41     1041.9935 UserPurge2: 1    10099    0.05%
      0     0     1042.4670    39     1041.9935 UserPurge2: 1    10129    0.05%
      0     0     1042.4582    40     1041.9935 UserPurge2: 1    10146    0.04%
      0     0     1042.4530    41     1041.9935 UserPurge2: 1    10163    0.04%
      0     0     1042.4479    41     1041.9935 UserPurge2: 1    10177    0.04%
      0     0     1042.4248    40     1041.9935 UserPurge2: 1    10217    0.04%
      0     0     1042.4183    38     1041.9935 UserPurge2: 1    10232    0.04%
      0     0     1042.4053    38     1041.9935 UserPurge2: 1    10251    0.04%
      0     0     1042.3937    38     1041.9935 UserPurge2: 1    10269    0.04%
      0     0     1042.3847    37     1041.9935 UserPurge2: 1    10281    0.04%
      0     0     1042.3812    38     1041.9935 UserPurge2: 1    10289    0.04%
      0     0     1042.3754    37     1041.9935 UserPurge2: 1    10303    0.04%
      0     0     1042.3691    38     1041.9935 UserPurge2: 1    10317    0.04%
      0     0     1042.3642    38     1041.9935 UserPurge2: 1    10329    0.04%
      0     0     1042.3565    38     1041.9935 UserPurge2: 1    10347    0.03%
      0     0     1042.3533    37     1041.9935 UserPurge2: 1    10357    0.03%
      0     0     1042.3512    38     1041.9935 UserPurge2: 1    10367    0.03%
      0     0     1042.3496    39     1041.9935 UserPurge2: 1    10377    0.03%
      0     0     1042.3474    40     1041.9935 UserPurge2: 1    10397    0.03%
      0     0     1042.3330    38     1041.9935 UserPurge2: 1    10427    0.03%
      0     0     1042.3298    38     1041.9935 UserPurge2: 1    10451    0.03%
      0     0     1042.3276    38     1041.9935 UserPurge2: 1    10463    0.03%
      0     0     1042.3266    39     1041.9935 UserPurge2: 1    10474    0.03%
      0     0     1042.3206    39     1041.9935 UserPurge2: 1    10502    0.03%
      0     0     1042.3166    40     1041.9935 UserPurge2: 1    10520    0.03%
      0     0     1042.3123    39     1041.9935 UserPurge2: 1    10539    0.03%
      0     0     1042.3071    39     1041.9935 UserPurge2: 1    10555    0.03%
      0     0     1042.3048    39     1041.9935 UserPurge2: 1    10570    0.03%
      0     0     1042.3005    39     1041.9935 UserPurge2: 1    10590    0.03%
      0     0     1042.2982    40     1041.9935 UserPurge2: 1    10605    0.03%
      0     0     1042.2916    41     1041.9935 UserPurge2: 1    10631    0.03%
      0     0     1042.2867    42     1041.9935 UserPurge2: 1    10653    0.03%
      0     0     1042.2784    41     1041.9935 UserPurge2: 1    10673    0.03%
      0     0     1042.2733    39     1041.9935 UserPurge2: 1    10696    0.03%
      0     0     1042.2703    40     1041.9935 UserPurge2: 1    10710    0.03%
      0     0     1042.2663    40     1041.9935 UserPurge2: 1    10730    0.03%
      0     0     1042.2636    40     1041.9935 UserPurge2: 1    10746    0.03%
      0     0     1042.2621    41     1041.9935 UserPurge2: 1    10754    0.03%
      0     0     1042.2613    42     1041.9935 UserPurge2: 1    10764    0.03%
      0     0     1042.2593    43     1041.9935 UserPurge2: 1    10783    0.03%
      0     0     1042.2568    43     1041.9935 UserPurge2: 1    10804    0.03%
      0     0     1042.2517    43     1041.9935 UserPurge2: 1    10827    0.02%
      0     0     1042.2506    43     1041.9935 UserPurge2: 1    10836    0.02%
      0     0     1042.2464    41     1041.9935 UserPurge2: 1    10853    0.02%
      0     0     1042.2438    42     1041.9935 UserPurge2: 1    10863    0.02%
      0     0     1042.2414    43     1041.9935 UserPurge2: 1    10871    0.02%
      0     0     1042.2354    43     1041.9935 UserPurge2: 1    10889    0.02%
      0     0     1042.2272    42     1041.9935 UserPurge2: 1    10911    0.02%
      0     0     1042.2253    40     1041.9935 UserPurge2: 1    10924    0.02%
      0     0     1042.2219    40     1041.9935 UserPurge2: 1    10942    0.02%
      0     0     1042.2214    41     1041.9935 UserPurge2: 1    10954    0.02%
      0     0     1042.2185    42     1041.9935 UserPurge2: 1    10974    0.02%
      0     0     1042.2171    43     1041.9935 UserPurge2: 1    10986    0.02%
      0     0     1042.2154    44     1041.9935 UserPurge2: 1    11006    0.02%
      0     2     1042.2154    44     1041.9935     1042.2151    11006    0.02%
Elapsed time = 40.08 sec. (4381.46 ticks, tree = 0.01 MB, solutions = 6)
      1     1        cutoff           1041.9935     1042.2145    12900    0.02%

User cuts applied:  407

Root node processing (before b&c):
  Real time             =   40.08 sec. (4382.15 ticks)
Sequential b&c:
  Real time             =    5.23 sec. (414.19 ticks)
                          ------------
Total (root+branch&cut) =   45.31 sec. (4796.34 ticks)
@Parameters: 
is_S_cut                                true
is_add_all_yinF                         true
is_start_value                          true
is_usercut                              true
is_visualization                        false
uc_only_rootnode                        false

data                                    Qi
fn                                      data/Qi/instance_500_800.csv
mode                                    NewSubmodular
solver                                  cplex

p                                       10
r                                       50

EPS                                     1.0e-06
EPS_vio                                 1.0e-04
beta                                    0.10
gap                                     0.00
nodelimit                               Inf
timelimit                               7200.00


@PrintInfos
ItCnt: 13076
Current gap: 0.00 %
Termination Status: OPTIMAL
Primal Status: FEASIBLE_POINT
Solve Time: 45.31 sec
Objective Value: 1041.993475
Number of Nodes:      3

CutInfo: [phase] num / time (sec) 
ZLP             [phase1]     0 / 0.00 [rLC]     0 / 0.00 [rUC]     0 / 0.00 [sLC]     0 / 0.00 [sUC]     0 / 0.00 
OldSubmodular   [phase1]     0 / 0.00 [rLC]     0 / 0.00 [rUC]     0 / 0.00 [sLC]     0 / 0.00 [sUC]     0 / 0.00 
NewSubmodular   [phase1]     0 / 0.00 [rLC]   141 / 6.71 [rUC]  1980 / 26.97 [sLC]     0 / 0.00 [sUC]   363 / 4.78 
PMP             [phase1]     0 / 0.00 [rLC]    11 / 3.82 [rUC]     0 / 0.00 [sLC]     0 / 0.00 [sUC]     0 / 0.00 
Separation Round: [phase1] 0  [rLC] 109  [rUC] 563  [sLC] 0  [sUC] 82
Root Best Bound 1041.993475
Root Best Integer: 1041.993475
Best Bound: 1041.993475
Best Integer: 1041.993475

