Version identifier: 20.1.0.0 | 2020-11-10 | 9bedb6d68
CPXPARAM_Threads                                 1
CPXPARAM_TimeLimit                               7200
CPXPARAM_MIP_Tolerances_MIPGap                   0
Generic callback                                 0x60
1 of 1 MIP starts provided solutions.
MIP start 'm1' defined initial solution with objective 2706.7744.
Tried aggregator 1 time.
Reduced MIP has 1 rows, 1001 columns, and 1000 nonzeros.
Reduced MIP has 1000 binaries, 0 generals, 0 SOSs, and 0 indicators.
Presolve time = 0.00 sec. (0.30 ticks)
Probing time = 0.00 sec. (0.11 ticks)
Tried aggregator 1 time.
Reduced MIP has 1 rows, 1001 columns, and 1000 nonzeros.
Reduced MIP has 1000 binaries, 0 generals, 0 SOSs, and 0 indicators.
Presolve time = 0.00 sec. (0.31 ticks)
Probing time = 0.00 sec. (0.11 ticks)
MIP emphasis: balance optimality and feasibility.
MIP search method: dynamic search.
Parallel mode: none, using 1 thread.
Root relaxation solution time = 0.00 sec. (0.21 ticks)

        Nodes                                         Cuts/
   Node  Left     Objective  IInf  Best Integer    Best Bound    ItCnt     Gap

*     0+    0                         2706.7744     5432.0000           100.68%
      0     0     3759.0093     2     2706.7744     5432.0000        0  100.68%
      0     0     3496.1616     4     2706.7744 UserPurge2: 1        8   29.16%
      0     0     3295.8957     5     2706.7744 UserPurge2: 1       26   21.76%
      0     0     3179.2334     7     2706.7744 UserPurge2: 1       46   17.45%
      0     0     3084.0140     7     2706.7744 UserPurge2: 1       69   13.94%
      0     0     3019.7311     8     2706.7744 UserPurge2: 1       75   11.56%
      0     0     2974.6715     9     2706.7744 UserPurge2: 1       90    9.90%
      0     0     2957.7585    11     2706.7744 UserPurge2: 1      112    9.27%
      0     0     2940.5901    12     2706.7744 UserPurge2: 1      138    8.64%
      0     0     2919.7024    12     2706.7744 UserPurge2: 1      173    7.87%
      0     0     2913.1132    13     2706.7744 UserPurge1: 1      186    7.62%
      0     0     2910.6044    15     2706.7744 UserPurge2: 1      204    7.53%
      0     0     2907.5334    16     2706.7744 UserPurge2: 1      230    7.42%
      0     0     2902.1556    17     2706.7744 UserPurge2: 1      252    7.22%
      0     0     2899.6434    18     2706.7744 UserPurge2: 1      271    7.13%
      0     0     2894.4866    19     2706.7744 UserPurge1: 1      280    6.93%
      0     0     2890.0707    17     2706.7744 UserPurge1: 1      283    6.77%
      0     0     2885.0371    18     2706.7744 UserPurge2: 1      317    6.59%
      0     0     2884.2152    18     2706.7744 UserPurge1: 1      327    6.56%
      0     0     2879.7208    17     2706.7744 UserPurge2: 1      359    6.39%
      0     0     2876.2649    20     2706.7744 UserPurge1: 3      375    6.26%
      0     0     2871.3631    18     2706.7744 UserPurge2: 1      411    6.08%
      0     0     2869.7729    19     2706.7744 UserPurge1: 1      416    6.02%
      0     0     2856.7755    14     2706.7744 UserPurge2: 1      458    5.54%
      0     0     2849.9312    14     2706.7744 UserPurge1: 1      474    5.29%
      0     0     2845.8565    13     2706.7744 UserPurge2: 1      492    5.14%
      0     0     2845.3612    16     2706.7744 UserPurge1: 2      505    5.12%
      0     0     2844.8044    18     2706.7744 UserPurge2: 1      522    5.10%
      0     0     2841.8650    16     2706.7744 UserPurge2: 1      563    4.99%
      0     0     2835.4044    14     2706.7744 UserPurge2: 1      589    4.75%
      0     0     2832.0988    16     2706.7744 UserPurge2: 1      622    4.63%
      0     0     2828.3035    15     2706.7744 UserPurge2: 1      667    4.49%
      0     0     2823.3086    16     2706.7744 UserPurge2: 1      708    4.31%
      0     0     2818.0883    15     2706.7744 UserPurge2: 1      731    4.11%
      0     0     2816.2234    15     2706.7744 UserPurge2: 1      756    4.04%
      0     0     2815.2544    16     2706.7744 UserPurge2: 1      774    4.01%
      0     0     2814.6280    17     2706.7744 UserPurge2: 1      790    3.98%
      0     0     2812.7346    18     2706.7744 UserPurge2: 1      824    3.91%
      0     0     2811.8345    17     2706.7744 UserPurge2: 1      837    3.88%
      0     0     2810.8628    15     2706.7744 UserPurge2: 1      863    3.85%
      0     0     2807.3836    15     2706.7744 UserPurge2: 1      902    3.72%
      0     0     2806.2322    16     2706.7744 UserPurge2: 1      915    3.67%
      0     0     2805.9643    17     2706.7744 UserPurge2: 1      927    3.66%
      0     0     2804.1479    17     2706.7744 UserPurge2: 1      956    3.60%
      0     0     2802.9989    19     2706.7744 UserPurge2: 1      987    3.55%
      0     0     2800.3645    18     2706.7744 UserPurge2: 1     1005    3.46%
      0     0     2798.4961    18     2706.7744 UserPurge2: 1     1050    3.39%
      0     0     2795.8604    17     2706.7744 UserPurge2: 1     1102    3.29%
      0     0     2794.0280    18     2706.7744 UserPurge2: 1     1116    3.22%
      0     0     2792.8338    19     2706.7744 UserPurge2: 1     1136    3.18%
      0     0     2791.4836    18     2706.7744 UserPurge2: 1     1166    3.13%
      0     0     2789.8421    18     2706.7744 UserPurge2: 1     1193    3.07%
      0     0     2789.0279    18     2706.7744 UserPurge2: 1     1215    3.04%
      0     0     2788.0672    17     2706.7744 UserPurge2: 1     1246    3.00%
      0     0     2787.6926    18     2706.7744 UserPurge2: 1     1269    2.99%
      0     0     2787.4014    19     2706.7744 UserPurge2: 1     1288    2.98%
      0     0     2786.9750    20     2706.7744 UserPurge2: 1     1304    2.96%
      0     0     2786.3946    20     2706.7744 UserPurge2: 1     1334    2.94%
      0     0     2784.8475    19     2706.7744 UserPurge2: 1     1389    2.88%
      0     0     2783.4850    19     2706.7744 UserPurge2: 1     1425    2.83%
      0     0     2780.7615    16     2706.7744 UserPurge2: 1     1464    2.73%
      0     0     2780.3083    17     2706.7744 UserPurge2: 1     1483    2.72%
      0     0     2779.1982    17     2706.7744 UserPurge2: 1     1505    2.68%
      0     0     2778.3780    18     2706.7744 UserPurge2: 1     1534    2.65%
      0     0     2778.2063    19     2706.7744 UserPurge2: 1     1542    2.64%
      0     0     2776.9314    18     2706.7744 UserPurge2: 1     1575    2.59%
      0     0     2776.3808    19     2706.7744 UserPurge2: 1     1591    2.57%
      0     0     2775.8662    18     2706.7744 UserPurge2: 1     1608    2.55%
      0     0     2775.3405    18     2706.7744 UserPurge2: 1     1629    2.53%
      0     0     2774.7899    19     2706.7744 UserPurge2: 1     1653    2.51%
      0     0     2774.4476    20     2706.7744 UserPurge2: 1     1679    2.50%
      0     0     2773.6883    20     2706.7744 UserPurge2: 1     1710    2.47%
      0     0     2772.8374    21     2706.7744 UserPurge2: 1     1742    2.44%
      0     0     2771.6102    19     2706.7744 UserPurge2: 1     1776    2.40%
      0     0     2769.5408    20     2706.7744 UserPurge2: 1     1804    2.32%
      0     0     2768.2378    21     2706.7744 UserPurge2: 1     1840    2.27%
      0     0     2767.8698    21     2706.7744 UserPurge2: 1     1863    2.26%
      0     0     2766.9050    18     2706.7744 UserPurge2: 1     1887    2.22%
      0     0     2766.2834    18     2706.7744 UserPurge2: 1     1905    2.20%
      0     0     2765.3598    18     2706.7744 UserPurge2: 1     1929    2.16%
      0     0     2765.1191    19     2706.7744 UserPurge2: 1     1942    2.16%
      0     0     2764.6608    20     2706.7744 UserPurge2: 1     1961    2.14%
      0     0     2764.3927    21     2706.7744 UserPurge2: 1     1980    2.13%
      0     0     2764.0896    22     2706.7744 UserPurge2: 1     2006    2.12%
      0     0     2763.8852    22     2706.7744 UserPurge2: 1     2029    2.11%
      0     0     2763.7177    23     2706.7744 UserPurge2: 1     2055    2.10%
      0     0     2763.4465    23     2706.7744 UserPurge2: 1     2087    2.09%
      0     0     2762.6532    21     2706.7744 UserPurge2: 1     2121    2.06%
      0     0     2762.3783    22     2706.7744 UserPurge2: 1     2136    2.05%
      0     0     2762.1985    22     2706.7744 UserPurge2: 1     2153    2.05%
      0     0     2762.0933    23     2706.7744 UserPurge2: 1     2167    2.04%
      0     0     2761.7554    24     2706.7744 UserPurge2: 1     2197    2.03%
      0     0     2761.3727    23     2706.7744 UserPurge2: 1     2231    2.02%
      0     0     2760.7491    21     2706.7744 UserPurge2: 1     2261    1.99%
      0     0     2760.4928    21     2706.7744 UserPurge2: 1     2281    1.98%
      0     0     2760.3510    22     2706.7744 UserPurge2: 1     2289    1.98%
      0     0     2760.2593    23     2706.7744 UserPurge2: 1     2305    1.98%
      0     0     2760.1323    24     2706.7744 UserPurge2: 1     2325    1.97%
      0     0     2759.9778    24     2706.7744 UserPurge2: 1     2348    1.97%
      0     0     2759.7997    25     2706.7744 UserPurge2: 1     2385    1.96%
      0     0     2759.7374    26     2706.7744 UserPurge2: 1     2398    1.96%
      0     0     2759.5843    27     2706.7744 UserPurge2: 1     2416    1.95%
      0     0     2759.0887    26     2706.7744 UserPurge2: 1     2462    1.93%
      0     0     2758.2555    25     2706.7744 UserPurge2: 1     2505    1.90%
      0     0     2757.5178    22     2706.7744 UserPurge2: 1     2543    1.87%
      0     0     2757.2929    22     2706.7744 UserPurge2: 1     2560    1.87%
      0     0     2757.1444    23     2706.7744 UserPurge2: 1     2578    1.86%
      0     0     2757.0500    23     2706.7744 UserPurge2: 1     2595    1.86%
      0     0     2756.9615    24     2706.7744 UserPurge2: 1     2618    1.85%
      0     0     2756.8947    25     2706.7744 UserPurge2: 1     2633    1.85%
      0     0     2756.5421    25     2706.7744 UserPurge2: 1     2661    1.84%
      0     0     2756.4031    25     2706.7744 UserPurge2: 1     2678    1.83%
      0     0     2756.0754    25     2706.7744 UserPurge2: 1     2711    1.82%
      0     0     2755.8371    25     2706.7744 UserPurge2: 1     2725    1.81%
      0     0     2755.6270    25     2706.7744 UserPurge2: 1     2756    1.80%
      0     0     2755.5638    25     2706.7744 UserPurge2: 1     2772    1.80%
      0     0     2755.4982    26     2706.7744 UserPurge2: 1     2797    1.80%
      0     0     2755.4554    27     2706.7744 UserPurge2: 1     2811    1.80%
      0     0     2755.3365    27     2706.7744 UserPurge2: 1     2841    1.79%
      0     0     2755.0349    27     2706.7744 UserPurge2: 1     2882    1.78%
      0     0     2754.6776    27     2706.7744 UserPurge2: 1     2907    1.77%
      0     0     2754.1899    27     2706.7744 UserPurge2: 1     2943    1.75%
      0     0     2753.8331    27     2706.7744 UserPurge2: 1     2975    1.74%
      0     0     2753.6508    26     2706.7744 UserPurge2: 1     2995    1.73%
      0     0     2753.4194    27     2706.7744 UserPurge2: 1     3012    1.72%
      0     0     2753.0798    26     2706.7744 UserPurge2: 1     3040    1.71%
      0     0     2752.4867    24     2706.7744 UserPurge2: 1     3080    1.69%
      0     0     2752.1619    24     2706.7744 UserPurge2: 1     3109    1.68%
      0     0     2752.0368    25     2706.7744 UserPurge2: 1     3127    1.67%
      0     0     2751.9467    26     2706.7744 UserPurge2: 1     3150    1.67%
      0     0     2751.8774    27     2706.7744 UserPurge2: 1     3166    1.67%
      0     0     2751.6936    27     2706.7744 UserPurge2: 1     3184    1.66%
      0     0     2751.3047    27     2706.7744 UserPurge2: 1     3213    1.65%
      0     0     2751.1284    28     2706.7744 UserPurge2: 1     3236    1.64%
      0     0     2750.5615    27     2706.7744 UserPurge2: 1     3267    1.62%
      0     0     2750.3474    27     2706.7744 UserPurge2: 1     3280    1.61%
      0     0     2750.0932    26     2706.7744 UserPurge2: 1     3304    1.60%
      0     0     2749.6482    26     2706.7744 UserPurge2: 1     3331    1.58%
      0     0     2749.3908    26     2706.7744 UserPurge2: 1     3355    1.57%
      0     0     2749.2307    27     2706.7744 UserPurge2: 1     3386    1.57%
      0     0     2748.8407    26     2706.7744 UserPurge2: 1     3411    1.55%
      0     0     2748.7550    27     2706.7744 UserPurge2: 1     3424    1.55%
      0     0     2748.5748    28     2706.7744 UserPurge2: 1     3451    1.54%
      0     0     2748.4306    27     2706.7744 UserPurge2: 1     3487    1.54%
      0     0     2748.1883    27     2706.7744 UserPurge2: 1     3516    1.53%
      0     0     2748.0210    27     2706.7744 UserPurge2: 1     3537    1.52%
      0     0     2747.9629    27     2706.7744 UserPurge2: 1     3553    1.52%
      0     0     2747.8753    28     2706.7744 UserPurge2: 1     3569    1.52%
      0     0     2747.7382    29     2706.7744 UserPurge2: 1     3589    1.51%
      0     0     2747.5993    29     2706.7744 UserPurge2: 1     3614    1.51%
      0     0     2747.4890    29     2706.7744 UserPurge2: 1     3639    1.50%
      0     0     2747.3491    30     2706.7744 UserPurge2: 1     3669    1.50%
      0     0     2747.2869    30     2706.7744 UserPurge2: 1     3695    1.50%
      0     0     2747.2275    31     2706.7744 UserPurge2: 1     3713    1.49%
      0     0     2747.1216    32     2706.7744 UserPurge2: 1     3755    1.49%
      0     0     2746.9821    32     2706.7744 UserPurge2: 1     3782    1.49%
      0     0     2746.7725    30     2706.7744 UserPurge2: 1     3827    1.48%
      0     0     2746.6758    30     2706.7744 UserPurge2: 1     3858    1.47%
      0     0     2746.5073    31     2706.7744 UserPurge2: 1     3893    1.47%
      0     0     2746.3204    32     2706.7744 UserPurge2: 1     3929    1.46%
      0     0     2746.1691    32     2706.7744 UserPurge2: 1     3968    1.46%
      0     0     2745.8925    31     2706.7744 UserPurge2: 1     4009    1.45%
      0     0     2745.6490    32     2706.7744 UserPurge2: 1     4052    1.44%
      0     0     2745.2542    30     2706.7744 UserPurge2: 1     4090    1.42%
      0     0     2744.7289    30     2706.7744 UserPurge2: 1     4147    1.40%
      0     0     2744.5420    30     2706.7744 UserPurge2: 1     4168    1.40%
      0     0     2744.2750    30     2706.7744 UserPurge2: 1     4189    1.39%
      0     0     2743.9580    30     2706.7744 UserPurge2: 1     4217    1.37%
      0     0     2743.8253    29     2706.7744 UserPurge2: 1     4233    1.37%
      0     0     2743.7524    30     2706.7744 UserPurge2: 1     4250    1.37%
      0     0     2743.4543    30     2706.7744 UserPurge2: 1     4281    1.36%
      0     0     2743.2114    27     2706.7744 UserPurge2: 1     4323    1.35%
      0     0     2743.0773    28     2706.7744 UserPurge2: 1     4341    1.34%
      0     0     2742.9027    28     2706.7744 UserPurge2: 1     4365    1.33%
      0     0     2742.8098    29     2706.7744 UserPurge2: 1     4381    1.33%
      0     0     2742.7622    30     2706.7744 UserPurge2: 1     4394    1.33%
      0     0     2742.6307    31     2706.7744 UserPurge2: 1     4419    1.32%
      0     0     2742.4653    32     2706.7744 UserPurge2: 1     4436    1.32%
      0     0     2742.3571    32     2706.7744 UserPurge2: 1     4461    1.31%
      0     0     2742.1707    31     2706.7744 UserPurge2: 1     4514    1.31%
      0     0     2742.0030    30     2706.7744 UserPurge2: 1     4536    1.30%
      0     0     2741.9397    31     2706.7744 UserPurge2: 1     4560    1.30%
      0     0     2741.8119    32     2706.7744 UserPurge2: 1     4587    1.29%
      0     0     2741.6468    31     2706.7744 UserPurge2: 1     4629    1.29%
      0     0     2741.4657    31     2706.7744 UserPurge2: 1     4652    1.28%
      0     0     2741.3013    31     2706.7744 UserPurge2: 1     4688    1.28%
      0     0     2741.2237    31     2706.7744 UserPurge2: 1     4718    1.27%
      0     0     2741.1439    31     2706.7744 UserPurge2: 1     4746    1.27%
      0     0     2741.1011    32     2706.7744 UserPurge2: 1     4762    1.27%
      0     0     2741.0297    33     2706.7744 UserPurge2: 1     4785    1.27%
      0     0     2740.9328    33     2706.7744 UserPurge2: 1     4813    1.26%
      0     0     2740.8791    33     2706.7744 UserPurge2: 1     4838    1.26%
      0     0     2740.8371    34     2706.7744 UserPurge2: 1     4868    1.26%
      0     0     2740.7713    35     2706.7744 UserPurge2: 1     4899    1.26%
      0     0     2740.7235    36     2706.7744 UserPurge2: 1     4923    1.25%
      0     0     2740.5525    35     2706.7744 UserPurge2: 1     4983    1.25%
      0     0     2740.3344    34     2706.7744 UserPurge2: 1     5020    1.24%
      0     0     2740.1097    34     2706.7744 UserPurge2: 1     5051    1.23%
      0     0     2739.7361    33     2706.7744 UserPurge2: 1     5110    1.22%
      0     0     2739.4404    31     2706.7744 UserPurge2: 1     5155    1.21%
      0     0     2739.1680    29     2706.7744 UserPurge2: 1     5188    1.20%
      0     0     2738.8891    27     2706.7744 UserPurge2: 1     5229    1.19%
      0     0     2738.6624    28     2706.7744 UserPurge2: 1     5258    1.18%
      0     0     2738.6121    28     2706.7744 UserPurge2: 1     5276    1.18%
      0     0     2738.5461    28     2706.7744 UserPurge2: 1     5298    1.17%
      0     0     2738.4344    29     2706.7744 UserPurge2: 1     5324    1.17%
      0     0     2738.3941    30     2706.7744 UserPurge2: 1     5342    1.17%
      0     0     2738.3387    31     2706.7744 UserPurge2: 1     5359    1.17%
      0     0     2738.3218    32     2706.7744 UserPurge2: 1     5371    1.17%
      0     0     2738.2863    32     2706.7744 UserPurge2: 1     5395    1.16%
      0     0     2738.2151    31     2706.7744 UserPurge2: 1     5416    1.16%
      0     0     2738.1271    31     2706.7744 UserPurge2: 1     5438    1.16%
      0     0     2738.0550    32     2706.7744 UserPurge2: 1     5463    1.16%
      0     0     2738.0318    32     2706.7744 UserPurge2: 1     5482    1.15%
      0     0     2737.9797    32     2706.7744 UserPurge2: 1     5499    1.15%
      0     0     2737.8265    32     2706.7744 UserPurge2: 1     5541    1.15%
      0     0     2737.7735    31     2706.7744 UserPurge2: 1     5559    1.15%
      0     0     2737.7529    32     2706.7744 UserPurge2: 1     5575    1.14%
      0     0     2737.7019    31     2706.7744 UserPurge2: 1     5604    1.14%
      0     0     2737.5664    32     2706.7744 UserPurge2: 1     5641    1.14%
      0     0     2737.4898    31     2706.7744 UserPurge2: 1     5670    1.13%
      0     0     2737.4055    31     2706.7744 UserPurge2: 1     5698    1.13%
      0     0     2737.3773    32     2706.7744 UserPurge2: 1     5712    1.13%
      0     0     2737.3501    31     2706.7744 UserPurge2: 1     5738    1.13%
      0     0     2737.3144    32     2706.7744 UserPurge2: 1     5749    1.13%
      0     0     2737.2270    32     2706.7744 UserPurge2: 1     5780    1.13%
      0     0     2737.1925    32     2706.7744 UserPurge2: 1     5794    1.12%
      0     0     2737.1399    33     2706.7744 UserPurge2: 1     5822    1.12%
      0     0     2737.0806    33     2706.7744 UserPurge2: 1     5851    1.12%
      0     0     2736.9672    34     2706.7744 UserPurge2: 1     5894    1.12%
      0     0     2736.8201    31     2706.7744 UserPurge2: 1     5940    1.11%
      0     0     2736.7473    31     2706.7744 UserPurge2: 1     5963    1.11%
      0     0     2736.7178    30     2706.7744 UserPurge2: 1     5985    1.11%
      0     0     2736.6868    31     2706.7744 UserPurge2: 1     6004    1.11%
      0     0     2736.6768    32     2706.7744 UserPurge2: 1     6018    1.10%
      0     0     2736.6401    33     2706.7744 UserPurge2: 1     6050    1.10%
      0     0     2736.6161    34     2706.7744 UserPurge2: 1     6071    1.10%
      0     0     2736.6008    35     2706.7744 UserPurge2: 1     6094    1.10%
      0     0     2736.5645    36     2706.7744 UserPurge2: 1     6130    1.10%
      0     0     2736.5504    37     2706.7744 UserPurge2: 1     6151    1.10%
      0     0     2736.4882    36     2706.7744 UserPurge2: 1     6181    1.10%
      0     0     2736.4547    37     2706.7744 UserPurge2: 1     6202    1.10%
      0     0     2736.4058    37     2706.7744 UserPurge2: 1     6223    1.09%
      0     0     2736.2806    34     2706.7744 UserPurge2: 1     6271    1.09%
      0     0     2736.1976    35     2706.7744 UserPurge2: 1     6304    1.09%
      0     0     2736.1385    36     2706.7744 UserPurge2: 1     6332    1.08%
      0     0     2736.1027    35     2706.7744 UserPurge2: 1     6353    1.08%
      0     0     2736.0720    37     2706.7744 UserPurge2: 1     6371    1.08%
      0     0     2736.0438    37     2706.7744 UserPurge2: 1     6395    1.08%
      0     0     2735.9956    38     2706.7744 UserPurge2: 1     6424    1.08%
      0     0     2735.9237    37     2706.7744 UserPurge2: 1     6475    1.08%
      0     0     2735.8009    35     2706.7744 UserPurge2: 1     6509    1.07%
      0     0     2735.7117    36     2706.7744 UserPurge2: 1     6544    1.07%
      0     0     2735.6352    37     2706.7744 UserPurge2: 1     6578    1.07%
      0     0     2735.5072    36     2706.7744 UserPurge2: 1     6619    1.06%
      0     0     2735.3858    36     2706.7744 UserPurge2: 1     6654    1.06%
      0     0     2735.2986    36     2706.7744 UserPurge2: 1     6688    1.05%
      0     0     2735.1669    36     2706.7744 UserPurge2: 1     6724    1.05%
      0     0     2735.0112    35     2706.7744 UserPurge2: 1     6751    1.04%
      0     0     2734.9433    36     2706.7744 UserPurge2: 1     6772    1.04%
      0     0     2734.8823    34     2706.7744 UserPurge2: 1     6805    1.04%
      0     0     2734.8235    36     2706.7744 UserPurge2: 1     6831    1.04%
      0     0     2734.7489    37     2706.7744 UserPurge2: 1     6854    1.03%
      0     0     2734.7090    37     2706.7744 UserPurge2: 1     6894    1.03%
      0     0     2734.6575    38     2706.7744 UserPurge2: 1     6922    1.03%
      0     0     2734.5481    38     2706.7744 UserPurge2: 1     6957    1.03%
      0     0     2734.4661    38     2706.7744 UserPurge2: 1     6989    1.02%
      0     0     2734.3522    38     2706.7744 UserPurge2: 1     7018    1.02%
      0     0     2734.2720    39     2706.7744 UserPurge2: 1     7058    1.02%
      0     0     2734.1195    36     2706.7744 UserPurge2: 1     7101    1.01%
      0     0     2733.9935    35     2706.7744 UserPurge2: 1     7132    1.01%
      0     0     2733.8107    35     2706.7744 UserPurge2: 1     7165    1.00%
      0     0     2733.6758    35     2706.7744 UserPurge2: 1     7193    0.99%
      0     0     2733.5993    36     2706.7744 UserPurge2: 1     7214    0.99%
      0     0     2733.5706    37     2706.7744 UserPurge2: 1     7227    0.99%
      0     0     2733.4644    37     2706.7744 UserPurge2: 1     7251    0.99%
      0     0     2733.3191    35     2706.7744 UserPurge2: 1     7297    0.98%
      0     0     2733.2177    34     2706.7744 UserPurge2: 1     7323    0.98%
      0     0     2733.1727    35     2706.7744 UserPurge2: 1     7348    0.98%
      0     0     2733.1472    36     2706.7744 UserPurge2: 1     7368    0.97%
      0     0     2733.0979    37     2706.7744 UserPurge2: 1     7388    0.97%
      0     0     2733.0464    37     2706.7744 UserPurge2: 1     7419    0.97%
      0     0     2732.9251    36     2706.7744 UserPurge2: 1     7468    0.97%
      0     0     2732.8559    37     2706.7744 UserPurge2: 1     7493    0.96%
      0     0     2732.6965    35     2706.7744 UserPurge2: 1     7545    0.96%
      0     0     2732.6229    35     2706.7744 UserPurge2: 1     7582    0.95%
      0     0     2732.5888    35     2706.7744 UserPurge2: 1     7594    0.95%
      0     0     2732.5337    36     2706.7744 UserPurge2: 1     7612    0.95%
      0     0     2732.4679    37     2706.7744 UserPurge2: 1     7642    0.95%
      0     0     2732.4386    38     2706.7744 UserPurge2: 1     7667    0.95%
      0     0     2732.3913    39     2706.7744 UserPurge2: 1     7686    0.95%
      0     0     2732.3193    40     2706.7744 UserPurge2: 1     7731    0.94%
      0     0     2732.2625    40     2706.7744 UserPurge2: 1     7758    0.94%
      0     0     2732.1006    38     2706.7744 UserPurge2: 1     7825    0.94%
      0     0     2731.9763    38     2706.7744 UserPurge2: 1     7857    0.93%
      0     0     2731.9010    36     2706.7744 UserPurge2: 1     7891    0.93%
      0     0     2731.8073    36     2706.7744 UserPurge2: 1     7916    0.92%
      0     0     2731.7308    36     2706.7744 UserPurge2: 1     7950    0.92%
      0     0     2731.6822    36     2706.7744 UserPurge2: 1     7977    0.92%
      0     0     2731.6030    37     2706.7744 UserPurge2: 1     8009    0.92%
      0     0     2731.5849    38     2706.7744 UserPurge2: 1     8021    0.92%
      0     0     2731.5646    39     2706.7744 UserPurge2: 1     8031    0.92%
      0     0     2731.5275    40     2706.7744 UserPurge2: 1     8053    0.91%
      0     0     2731.4877    41     2706.7744 UserPurge2: 1     8078    0.91%
      0     0     2731.4091    41     2706.7744 UserPurge2: 1     8110    0.91%
      0     0     2731.3691    40     2706.7744 UserPurge2: 1     8138    0.91%
      0     0     2731.3362    40     2706.7744 UserPurge2: 1     8176    0.91%
      0     0     2731.2858    40     2706.7744 UserPurge2: 1     8198    0.91%
      0     0     2731.2171    40     2706.7744 UserPurge2: 1     8240    0.90%
      0     0     2731.2093    41     2706.7744 UserPurge2: 1     8255    0.90%
      0     0     2731.1173    42     2706.7744 UserPurge2: 1     8300    0.90%
      0     0     2731.0294    41     2706.7744 UserPurge2: 1     8342    0.90%
      0     0     2730.9203    39     2706.7744 UserPurge2: 1     8378    0.89%
      0     0     2730.8735    37     2706.7744 UserPurge2: 1     8402    0.89%
      0     0     2730.8117    36     2706.7744 UserPurge2: 1     8428    0.89%
      0     0     2730.7901    37     2706.7744 UserPurge2: 1     8444    0.89%
      0     0     2730.7718    38     2706.7744 UserPurge2: 1     8465    0.89%
      0     0     2730.7526    38     2706.7744 UserPurge2: 1     8477    0.89%
      0     0     2730.7080    38     2706.7744 UserPurge2: 1     8509    0.88%
      0     0     2730.6955    39     2706.7744 UserPurge2: 1     8522    0.88%
      0     0     2730.6563    39     2706.7744 UserPurge2: 1     8562    0.88%
      0     0     2730.6271    39     2706.7744 UserPurge2: 1     8590    0.88%
      0     0     2730.6107    39     2706.7744 UserPurge2: 1     8613    0.88%
      0     0     2730.5790    40     2706.7744 UserPurge2: 1     8641    0.88%
      0     0     2730.5569    41     2706.7744 UserPurge2: 1     8673    0.88%
      0     0     2730.5281    41     2706.7744 UserPurge2: 1     8703    0.88%
      0     0     2730.4544    41     2706.7744 UserPurge2: 1     8737    0.87%
      0     0     2730.4042    41     2706.7744 UserPurge2: 1     8767    0.87%
      0     0     2730.3216    40     2706.7744 UserPurge2: 1     8807    0.87%
      0     0     2730.2701    39     2706.7744 UserPurge2: 1     8860    0.87%
      0     0     2730.2409    40     2706.7744 UserPurge2: 1     8895    0.87%
      0     0     2730.2109    41     2706.7744 UserPurge2: 1     8932    0.87%
      0     0     2730.1208    40     2706.7744 UserPurge2: 1     8993    0.86%
      0     0     2730.0858    39     2706.7744 UserPurge2: 1     9013    0.86%
      0     0     2730.0501    40     2706.7744 UserPurge2: 1     9031    0.86%
      0     0     2729.9999    40     2706.7744 UserPurge2: 1     9058    0.86%
      0     0     2729.9470    39     2706.7744 UserPurge2: 1     9088    0.86%
      0     0     2729.9089    39     2706.7744 UserPurge2: 1     9112    0.85%
      0     0     2729.8646    38     2706.7744 UserPurge2: 1     9135    0.85%
      0     0     2729.8276    38     2706.7744 UserPurge2: 1     9157    0.85%
      0     0     2729.8078    39     2706.7744 UserPurge2: 1     9179    0.85%
      0     0     2729.7858    40     2706.7744 UserPurge2: 1     9209    0.85%
      0     0     2729.7512    41     2706.7744 UserPurge2: 1     9243    0.85%
      0     0     2729.6895    40     2706.7744 UserPurge2: 1     9305    0.85%
      0     0     2729.6449    40     2706.7744 UserPurge2: 1     9344    0.84%
      0     0     2729.5884    39     2706.7744 UserPurge2: 1     9396    0.84%
      0     0     2729.5550    40     2706.7744 UserPurge2: 1     9419    0.84%
      0     0     2729.4295    38     2706.7744 UserPurge2: 1     9480    0.84%
      0     0     2729.3884    38     2706.7744 UserPurge2: 1     9509    0.84%
      0     0     2729.3443    38     2706.7744 UserPurge2: 1     9536    0.83%
      0     0     2729.3145    39     2706.7744 UserPurge2: 1     9561    0.83%
      0     0     2729.3061    40     2706.7744 UserPurge2: 1     9580    0.83%
      0     0     2729.2819    41     2706.7744 UserPurge2: 1     9609    0.83%
      0     0     2729.2412    42     2706.7744 UserPurge2: 1     9648    0.83%
      0     0     2729.2054    41     2706.7744 UserPurge2: 1     9677    0.83%
      0     0     2729.1434    41     2706.7744 UserPurge2: 1     9715    0.83%
      0     0     2729.0916    40     2706.7744 UserPurge2: 1     9752    0.82%
      0     0     2729.0224    38     2706.7744 UserPurge2: 1     9789    0.82%
      0     0     2728.9641    39     2706.7744 UserPurge2: 1     9819    0.82%
      0     0     2728.9419    39     2706.7744 UserPurge2: 1     9835    0.82%
      0     0     2728.9075    39     2706.7744 UserPurge2: 1     9866    0.82%
      0     0     2728.8437    38     2706.7744 UserPurge2: 1     9891    0.82%
      0     0     2728.7708    38     2706.7744 UserPurge2: 1     9926    0.81%
      0     0     2728.7204    39     2706.7744 UserPurge2: 1     9964    0.81%
      0     0     2728.6962    40     2706.7744 UserPurge2: 1    10013    0.81%
      0     0     2728.6657    38     2706.7744 UserPurge2: 1    10037    0.81%
      0     0     2728.6422    38     2706.7744 UserPurge2: 1    10066    0.81%
      0     0     2728.6128    39     2706.7744 UserPurge2: 1    10091    0.81%
      0     0     2728.5861    38     2706.7744 UserPurge2: 1    10110    0.81%
      0     0     2728.5665    38     2706.7744 UserPurge2: 1    10135    0.81%
      0     0     2728.5577    39     2706.7744 UserPurge2: 1    10150    0.80%
      0     0     2728.5405    40     2706.7744 UserPurge2: 1    10162    0.80%
      0     0     2728.5123    41     2706.7744 UserPurge2: 1    10187    0.80%
      0     0     2728.4988    42     2706.7744 UserPurge2: 1    10210    0.80%
      0     0     2728.4745    41     2706.7744 UserPurge2: 1    10245    0.80%
      0     0     2728.4539    40     2706.7744 UserPurge2: 1    10271    0.80%
      0     0     2728.4445    41     2706.7744 UserPurge2: 1    10294    0.80%
      0     0     2728.4237    41     2706.7744 UserPurge2: 1    10329    0.80%
      0     0     2728.3862    42     2706.7744 UserPurge2: 1    10365    0.80%
      0     0     2728.3739    43     2706.7744 UserPurge2: 1    10381    0.80%
      0     0     2728.3378    43     2706.7744 UserPurge2: 1    10421    0.80%
      0     0     2728.3241    43     2706.7744 UserPurge2: 1    10445    0.80%
      0     0     2728.3022    43     2706.7744 UserPurge2: 1    10475    0.80%
      0     0     2728.2821    42     2706.7744 UserPurge2: 1    10502    0.79%
      0     0     2728.2474    42     2706.7744 UserPurge2: 1    10545    0.79%
      0     0     2728.2244    43     2706.7744 UserPurge2: 1    10576    0.79%
      0     0     2728.1891    42     2706.7744 UserPurge2: 1    10610    0.79%
      0     0     2728.1497    43     2706.7744 UserPurge2: 1    10634    0.79%
      0     0     2728.0821    41     2706.7744 UserPurge2: 1    10671    0.79%
      0     0     2728.0610    40     2706.7744 UserPurge2: 1    10689    0.79%
      0     0     2728.0430    41     2706.7744 UserPurge2: 1    10703    0.79%
      0     0     2728.0063    42     2706.7744 UserPurge2: 1    10740    0.78%
      0     0     2727.9821    42     2706.7744 UserPurge2: 1    10767    0.78%
      0     0     2727.9491    42     2706.7744 UserPurge2: 1    10795    0.78%
      0     0     2727.9315    42     2706.7744 UserPurge2: 1    10819    0.78%
      0     0     2727.9224    43     2706.7744 UserPurge2: 1    10849    0.78%
      0     0     2727.9102    44     2706.7744 UserPurge2: 1    10866    0.78%
      0     0     2727.8747    43     2706.7744 UserPurge2: 1    10913    0.78%
      0     0     2727.8379    43     2706.7744 UserPurge2: 1    10955    0.78%
      0     0     2727.7477    42     2706.7744 UserPurge2: 1    10999    0.77%
      0     0     2727.7113    41     2706.7744 UserPurge2: 1    11029    0.77%
      0     0     2727.6698    42     2706.7744 UserPurge2: 1    11057    0.77%
      0     0     2727.6184    43     2706.7744 UserPurge2: 1    11102    0.77%
      0     0     2727.5653    42     2706.7744 UserPurge2: 1    11136    0.77%
      0     0     2727.5172    43     2706.7744 UserPurge2: 1    11175    0.77%
      0     0     2727.4900    43     2706.7744 UserPurge2: 1    11207    0.77%
      0     0     2727.4548    42     2706.7744 UserPurge2: 1    11246    0.76%
      0     0     2727.4253    43     2706.7744 UserPurge2: 1    11282    0.76%
      0     0     2727.4127    44     2706.7744 UserPurge2: 1    11303    0.76%
      0     0     2727.3075    42     2706.7744 UserPurge2: 1    11356    0.76%
      0     0     2727.2677    42     2706.7744 UserPurge2: 1    11385    0.76%
      0     0     2727.2180    42     2706.7744 UserPurge2: 1    11417    0.76%
      0     0     2727.1555    43     2706.7744 UserPurge2: 1    11449    0.75%
      0     0     2727.1035    44     2706.7744 UserPurge2: 1    11491    0.75%
      0     0     2727.0632    42     2706.7744 UserPurge2: 1    11525    0.75%
      0     0     2727.0485    43     2706.7744 UserPurge2: 1    11538    0.75%
      0     0     2727.0273    43     2706.7744 UserPurge2: 1    11562    0.75%
      0     0     2726.9966    44     2706.7744 UserPurge2: 1    11600    0.75%
      0     0     2726.9816    42     2706.7744 UserPurge2: 1    11626    0.75%
      0     0     2726.9612    42     2706.7744 UserPurge2: 1    11653    0.75%
      0     0     2726.9562    43     2706.7744 UserPurge2: 1    11669    0.75%
      0     0     2726.9408    43     2706.7744 UserPurge2: 1    11686    0.75%
      0     0     2726.9249    44     2706.7744 UserPurge2: 1    11714    0.74%
      0     0     2726.9143    45     2706.7744 UserPurge2: 1    11738    0.74%
      0     0     2726.8886    45     2706.7744 UserPurge2: 1    11773    0.74%
      0     0     2726.8630    45     2706.7744 UserPurge2: 1    11796    0.74%
      0     0     2726.8534    46     2706.7744 UserPurge2: 1    11823    0.74%
      0     0     2726.8336    46     2706.7744 UserPurge2: 1    11854    0.74%
      0     0     2726.8052    46     2706.7744 UserPurge2: 1    11888    0.74%
      0     0     2726.7819    47     2706.7744 UserPurge2: 1    11931    0.74%
      0     0     2726.7443    46     2706.7744 UserPurge2: 1    11974    0.74%
      0     0     2726.7326    47     2706.7744 UserPurge2: 1    11993    0.74%
      0     0     2726.7032    48     2706.7744 UserPurge2: 1    12030    0.74%
      0     0     2726.6252    45     2706.7744 UserPurge2: 1    12086    0.73%
      0     0     2726.5857    45     2706.7744 UserPurge2: 1    12111    0.73%
      0     0     2726.5546    44     2706.7744 UserPurge2: 1    12137    0.73%
      0     0     2726.4858    43     2706.7744 UserPurge2: 1    12173    0.73%
      0     0     2726.4331    42     2706.7744 UserPurge2: 1    12209    0.73%
      0     0     2726.4089    43     2706.7744 UserPurge2: 1    12238    0.73%
      0     0     2726.3664    42     2706.7744 UserPurge2: 1    12273    0.72%
      0     0     2726.3576    43     2706.7744 UserPurge2: 1    12287    0.72%
      0     0     2726.3173    43     2706.7744 UserPurge2: 1    12313    0.72%
      0     0     2726.2984    43     2706.7744 UserPurge2: 1    12349    0.72%
      0     0     2726.2811    44     2706.7744 UserPurge2: 1    12377    0.72%
      0     0     2726.2746    45     2706.7744 UserPurge2: 1    12395    0.72%
      0     0     2726.2503    46     2706.7744 UserPurge2: 1    12423    0.72%
      0     0     2726.2388    46     2706.7744 UserPurge2: 1    12445    0.72%
      0     0     2726.2293    45     2706.7744 UserPurge2: 1    12463    0.72%
      0     0     2726.2166    45     2706.7744 UserPurge2: 1    12485    0.72%
      0     0     2726.1996    45     2706.7744 UserPurge2: 1    12517    0.72%
      0     0     2726.1918    45     2706.7744 UserPurge2: 1    12537    0.72%
      0     0     2726.1750    46     2706.7744 UserPurge2: 1    12576    0.72%
      0     0     2726.1413    46     2706.7744 UserPurge2: 1    12630    0.72%
      0     0     2726.1189    45     2706.7744 UserPurge2: 1    12663    0.71%
      0     0     2726.1003    45     2706.7744 UserPurge2: 1    12703    0.71%
      0     0     2726.0936    46     2706.7744 UserPurge2: 1    12721    0.71%
      0     0     2726.0757    47     2706.7744 UserPurge2: 1    12756    0.71%
      0     0     2726.0574    46     2706.7744 UserPurge2: 1    12792    0.71%
      0     0     2726.0397    46     2706.7744 UserPurge2: 1    12836    0.71%
      0     0     2726.0268    46     2706.7744 UserPurge2: 1    12881    0.71%
      0     0     2726.0153    46     2706.7744 UserPurge2: 1    12929    0.71%
      0     0     2726.0071    47     2706.7744 UserPurge2: 1    12963    0.71%
      0     0     2725.9664    47     2706.7744 UserPurge2: 1    13028    0.71%
      0     0     2725.9508    47     2706.7744 UserPurge2: 1    13070    0.71%
      0     0     2725.9255    47     2706.7744 UserPurge2: 1    13098    0.71%
      0     0     2725.8776    45     2706.7744 UserPurge2: 1    13135    0.71%
      0     0     2725.7995    43     2706.7744 UserPurge2: 1    13177    0.70%
      0     0     2725.7663    44     2706.7744 UserPurge2: 1    13202    0.70%
      0     0     2725.7478    44     2706.7744 UserPurge2: 1    13218    0.70%
      0     0     2725.7292    45     2706.7744 UserPurge2: 1    13244    0.70%
      0     0     2725.7134    45     2706.7744 UserPurge2: 1    13275    0.70%
      0     0     2725.6959    45     2706.7744 UserPurge2: 1    13297    0.70%
      0     0     2725.6724    44     2706.7744 UserPurge2: 1    13340    0.70%
      0     0     2725.6172    44     2706.7744 UserPurge2: 1    13381    0.70%
      0     0     2725.5655    44     2706.7744 UserPurge2: 1    13415    0.69%
      0     0     2725.5350    45     2706.7744 UserPurge2: 1    13444    0.69%
      0     0     2725.4952    44     2706.7744 UserPurge2: 1    13482    0.69%
      0     0     2725.4732    44     2706.7744 UserPurge2: 1    13505    0.69%
      0     0     2725.4450    43     2706.7744 UserPurge2: 1    13535    0.69%
      0     0     2725.4292    43     2706.7744 UserPurge2: 1    13555    0.69%
      0     0     2725.3906    44     2706.7744 UserPurge2: 1    13589    0.69%
      0     0     2725.3452    44     2706.7744 UserPurge2: 1    13624    0.69%
      0     0     2725.3110    43     2706.7744 UserPurge2: 1    13654    0.68%
      0     0     2725.2838    44     2706.7744 UserPurge2: 1    13675    0.68%
      0     0     2725.2458    44     2706.7744 UserPurge2: 1    13714    0.68%
      0     0     2725.2139    43     2706.7744 UserPurge2: 1    13755    0.68%
      0     0     2725.1916    44     2706.7744 UserPurge2: 1    13784    0.68%
      0     0     2725.1715    45     2706.7744 UserPurge2: 1    13817    0.68%
      0     0     2725.1522    44     2706.7744 UserPurge2: 1    13852    0.68%
      0     0     2725.1263    45     2706.7744 UserPurge2: 1    13893    0.68%
      0     0     2725.1168    46     2706.7744 UserPurge2: 1    13923    0.68%
      0     0     2725.1082    46     2706.7744 UserPurge2: 1    13951    0.68%
      0     0     2725.1054    47     2706.7744 UserPurge2: 1    13968    0.68%
      0     0     2725.0993    48     2706.7744 UserPurge2: 1    14006    0.68%
      0     0     2725.0933    49     2706.7744 UserPurge2: 1    14035    0.68%
      0     0     2725.0891    49     2706.7744 UserPurge2: 1    14060    0.68%
      0     0     2725.0763    50     2706.7744 UserPurge2: 1    14103    0.68%
      0     0     2725.0515    49     2706.7744 UserPurge2: 1    14154    0.68%
      0     0     2725.0404    49     2706.7744 UserPurge2: 1    14175    0.67%
      0     0     2725.0071    50     2706.7744 UserPurge2: 1    14212    0.67%
      0     0     2725.0003    49     2706.7744 UserPurge2: 1    14233    0.67%
      0     0     2724.9858    45     2706.7744 UserPurge2: 1    14262    0.67%
      0     0     2724.9803    46     2706.7744 UserPurge2: 1    14285    0.67%
      0     0     2724.9727    47     2706.7744 UserPurge2: 1    14303    0.67%
      0     0     2724.9668    48     2706.7744 UserPurge2: 1    14321    0.67%
      0     0     2724.9575    48     2706.7744 UserPurge2: 1    14359    0.67%
      0     0     2724.9369    47     2706.7744 UserPurge2: 1    14398    0.67%
      0     0     2724.9188    46     2706.7744 UserPurge2: 1    14444    0.67%
      0     0     2724.9080    47     2706.7744 UserPurge2: 1    14468    0.67%
      0     0     2724.8954    47     2706.7744 UserPurge2: 1    14489    0.67%
      0     0     2724.8760    47     2706.7744 UserPurge2: 1    14528    0.67%
      0     0     2724.8653    48     2706.7744 UserPurge2: 1    14565    0.67%
      0     0     2724.8568    48     2706.7744 UserPurge2: 1    14594    0.67%
      0     0     2724.8536    49     2706.7744 UserPurge2: 1    14615    0.67%
      0     0     2724.8438    50     2706.7744 UserPurge2: 1    14656    0.67%
      0     0     2724.8309    51     2706.7744 UserPurge2: 1    14697    0.67%
      0     0     2724.8242    51     2706.7744 UserPurge2: 1    14723    0.67%
      0     0     2724.8087    51     2706.7744 UserPurge2: 1    14773    0.67%
      0     0     2724.7680    50     2706.7744 UserPurge2: 1    14823    0.66%
      0     0     2724.7019    47     2706.7744 UserPurge2: 1    14894    0.66%
      0     0     2724.6744    47     2706.7744 UserPurge2: 1    14920    0.66%
      0     0     2724.6556    48     2706.7744 UserPurge2: 1    14938    0.66%
      0     0     2724.6328    48     2706.7744 UserPurge2: 1    14967    0.66%
      0     0     2724.6132    48     2706.7744 UserPurge2: 1    14990    0.66%
      0     0     2724.5814    47     2706.7744 UserPurge2: 1    15029    0.66%
      0     0     2724.5758    48     2706.7744 UserPurge2: 1    15050    0.66%
      0     0     2724.5660    48     2706.7744 UserPurge2: 1    15064    0.66%
      0     0     2724.5610    49     2706.7744 UserPurge2: 1    15085    0.66%
      0     0     2724.5463    49     2706.7744 UserPurge2: 1    15126    0.66%
      0     0     2724.5336    50     2706.7744 UserPurge2: 1    15152    0.66%
      0     0     2724.4977    47     2706.7744 UserPurge2: 1    15202    0.65%
      0     0     2724.4839    48     2706.7744 UserPurge2: 1    15235    0.65%
      0     0     2724.4446    47     2706.7744 UserPurge2: 1    15269    0.65%
      0     0     2724.4072    46     2706.7744 UserPurge2: 1    15301    0.65%
      0     0     2724.3906    47     2706.7744 UserPurge2: 1    15319    0.65%
      0     0     2724.3832    48     2706.7744 UserPurge2: 1    15343    0.65%
      0     0     2724.3376    47     2706.7744 UserPurge2: 1    15390    0.65%
      0     0     2724.3178    46     2706.7744 UserPurge2: 1    15418    0.65%
      0     0     2724.2798    44     2706.7744 UserPurge2: 1    15448    0.65%
      0     0     2724.2677    45     2706.7744 UserPurge2: 1    15462    0.65%
      0     0     2724.2629    46     2706.7744 UserPurge2: 1    15481    0.65%
      0     0     2724.2571    45     2706.7744 UserPurge2: 1    15501    0.65%
      0     0     2724.2426    45     2706.7744 UserPurge2: 1    15522    0.65%
      0     0     2724.2266    46     2706.7744 UserPurge2: 1    15546    0.64%
      0     0     2724.2198    46     2706.7744 UserPurge2: 1    15564    0.64%
      0     0     2724.2066    47     2706.7744 UserPurge2: 1    15589    0.64%
      0     0     2724.1901    48     2706.7744 UserPurge2: 1    15626    0.64%
      0     0     2724.1703    48     2706.7744 UserPurge2: 1    15662    0.64%
      0     0     2724.1619    49     2706.7744 UserPurge2: 1    15689    0.64%
      0     0     2724.1496    48     2706.7744 UserPurge2: 1    15717    0.64%
      0     0     2724.1364    48     2706.7744 UserPurge2: 1    15747    0.64%
      0     0     2724.1260    48     2706.7744 UserPurge2: 1    15777    0.64%
      0     0     2724.1195    47     2706.7744 UserPurge2: 1    15797    0.64%
      0     0     2724.1125    47     2706.7744 UserPurge2: 1    15831    0.64%
      0     0     2724.1033    48     2706.7744 UserPurge2: 1    15860    0.64%
      0     0     2724.0962    48     2706.7744 UserPurge2: 1    15882    0.64%
      0     0     2724.0916    49     2706.7744 UserPurge2: 1    15900    0.64%
      0     2     2724.0916    49     2706.7744     2724.0915    15900    0.64%
Elapsed time = 45.92 sec. (8118.48 ticks, tree = 0.01 MB, solutions = 1)
      1     3     2713.8974    39     2706.7744     2724.0915   134172    0.64%
      2     4     2717.6983    18     2706.7744     2717.6983   193609    0.40%
      3     5     2717.5875    18     2706.7744     2717.6983   202568    0.40%
      4     6     2716.3508    26     2706.7744     2717.5874   234312    0.40%
      5     7     2717.4662    18     2706.7744     2717.5874   241173    0.40%
      6     8     2716.8314    18     2706.7744     2717.4662   256064    0.40%
      7     9     2717.2044    18     2706.7744     2717.4662   270185    0.40%
      8    10     2715.9513    14     2706.7744     2717.2044   280993    0.39%
      9    11     2715.7439    16     2706.7744     2717.2044   284989    0.39%
*    10     8      integral     0     2714.8903     2717.2044   287179    0.09%
Elapsed time = 1215.99 sec. (738908.04 ticks, tree = 0.29 MB, solutions = 2)
     11     9     2715.4310    16     2714.8903     2717.2044   294007    0.09%
     12     8        cutoff           2714.8903     2717.2044   294364    0.09%
     13     9     2715.0454    16     2714.8903     2717.2044   304264    0.09%
*    14     8      integral     0     2714.9075     2717.2044   307885    0.08%
     16     6        cutoff           2714.9075     2717.2044   308311    0.08%
     17     7     2716.7374    18     2714.9075     2717.2044   332352    0.08%
     18     8     2716.5019    18     2714.9075     2717.2044   350023    0.08%
     19     7        cutoff           2714.9075     2717.2044   358914    0.08%
     20     8     2716.3628    21     2714.9075     2717.2044   372520    0.08%
     21     7        cutoff           2714.9075     2717.2044   387106    0.08%
Elapsed time = 2077.23 sec. (1285938.97 ticks, tree = 0.24 MB, solutions = 3)
     22     8     2716.3497    21     2714.9075     2717.2044   392435    0.08%
     23     7        cutoff           2714.9075     2717.2044   403123    0.08%
     24     8     2716.1375    21     2714.9075     2717.2044   425491    0.08%
     25     9     2715.1537    22     2714.9075     2717.2044   452049    0.08%
     26    10     2715.8294    23     2714.9075     2717.2044   489673    0.08%
     27     9        cutoff           2714.9075     2717.2044   497949    0.08%
     28    10     2715.5446    37     2714.9075     2717.2044   616712    0.08%
*    29     9      integral     0     2714.9679     2717.2044   630495    0.08%
     29     9     2714.9679     0     2714.9679     2717.2044   630495    0.08%
     30    10     2715.2375    38     2714.9679     2717.2044   721965    0.08%
     31     9        cutoff           2714.9679     2717.2044   726601    0.08%
Elapsed time = 5200.40 sec. (3382672.65 ticks, tree = 0.44 MB, solutions = 4)
     32    10     2715.0505    38     2714.9679     2717.2044   780191    0.08%
     33     9        cutoff           2714.9679     2717.2044   781830    0.08%
     34     8        cutoff           2714.9679     2717.2044   782597    0.08%
     35     7        cutoff           2714.9679     2717.2044   782936    0.08%
     36     8     2716.4049    18     2714.9679     2716.8313   796260    0.07%
     37     9     2716.2445    18     2714.9679     2716.8313   801847    0.07%
     38    10     2715.8339    22     2714.9679     2716.8313   819101    0.07%
     39    11     2715.7361    23     2714.9679     2716.8313   829083    0.07%
     40    12     2715.6729    19     2714.9679     2716.8313   839377    0.07%
     41    13     2715.5315    19     2714.9679     2716.8313   849218    0.07%
Elapsed time = 7105.27 sec. (4790597.70 ticks, tree = 1.19 MB, solutions = 4)
     42    14     2715.5206    19     2714.9679     2716.8313   851361    0.07%

User cuts applied:  22105

Root node processing (before b&c):
  Real time             =   45.95 sec. (8181.66 ticks)
Sequential b&c:
  Real time             = 7154.19 sec. (4845289.44 ticks)
                          ------------
Total (root+branch&cut) = 7200.14 sec. (4853471.10 ticks)
@Parameters: 
is_S_cut                                true
is_add_all_yinF                         true
is_start_value                          true
is_usercut                              true
is_visualization                        false
uc_only_rootnode                        false

data                                    Qi
fn                                      data/Qi/instance_1000_1000.csv
mode                                    NewSubmodular
solver                                  cplex

p                                       10
r                                       10

EPS                                     1.0e-06
EPS_vio                                 1.0e-04
beta                                    0.10
gap                                     0.00
nodelimit                               Inf
timelimit                               7200.00


@PrintInfos
ItCnt: 854153
Current gap: 0.07 %
Termination Status: TIME_LIMIT
Primal Status: FEASIBLE_POINT
Solve Time: 7200.14 sec
Objective Value: 2714.967872
Number of Nodes:     43

CutInfo: [phase] num / time (sec) 
ZLP             [phase1]     0 / 0.00 [rLC]     0 / 0.00 [rUC]     0 / 0.00 [sLC]     0 / 0.00 [sUC]     0 / 0.00 
OldSubmodular   [phase1]     0 / 0.00 [rLC]     0 / 0.00 [rUC]     0 / 0.00 [sLC]     0 / 0.00 [sUC]     0 / 0.00 
NewSubmodular   [phase1]     0 / 0.00 [rLC]   173 / 14.71 [rUC]   558 / 23.52 [sLC]     0 / 12.10 [sUC] 22053 / 1395.19 
PMP             [phase1]     0 / 0.00 [rLC]     2 / 8.91 [rUC]     0 / 0.00 [sLC]     3 / 12.06 [sUC]    57 / 248.47 
Separation Round: [phase1] 0  [rLC] 174  [rUC] 558  [sLC] 3  [sUC] 12914
Root Best Bound 2717.698274
Root Best Integer: 2706.774427
Best Bound: 2716.831339
Best Integer: 2714.967872

