Version identifier: 20.1.0.0 | 2020-11-10 | 9bedb6d68
CPXPARAM_Threads                                 1
CPXPARAM_TimeLimit                               7200
CPXPARAM_MIP_Tolerances_MIPGap                   0
Generic callback                                 0x60
1 of 1 MIP starts provided solutions.
MIP start 'm1' defined initial solution with objective 3215.5279.
Tried aggregator 1 time.
Reduced MIP has 1 rows, 801 columns, and 800 nonzeros.
Reduced MIP has 800 binaries, 0 generals, 0 SOSs, and 0 indicators.
Presolve time = 0.00 sec. (0.24 ticks)
Probing time = 0.00 sec. (0.09 ticks)
Tried aggregator 1 time.
Reduced MIP has 1 rows, 801 columns, and 800 nonzeros.
Reduced MIP has 800 binaries, 0 generals, 0 SOSs, and 0 indicators.
Presolve time = 0.00 sec. (0.25 ticks)
Probing time = 0.00 sec. (0.09 ticks)
MIP emphasis: balance optimality and feasibility.
MIP search method: dynamic search.
Parallel mode: none, using 1 thread.
Root relaxation solution time = 0.00 sec. (0.17 ticks)

        Nodes                                         Cuts/
   Node  Left     Objective  IInf  Best Integer    Best Bound    ItCnt     Gap

*     0+    0                         3215.5279     4368.0000            35.84%
      0     0     4368.0000     2     3215.5279     4368.0000        0   35.84%
      0     0     3988.6687     3     3215.5279 UserPurge2: 1       20   24.04%
      0     0     3803.9117     4     3215.5279 UserPurge2: 1       29   18.30%
      0     0     3676.0178     5     3215.5279 UserPurge2: 1       50   14.32%
      0     0     3614.7282     7     3215.5279 UserPurge2: 1       62   12.41%
      0     0     3520.4370     7     3215.5279 UserPurge2: 1       93    9.48%
      0     0     3461.9564     8     3215.5279 UserPurge2: 1      120    7.66%
      0     0     3431.0738    10     3215.5279 UserPurge2: 1      138    6.70%
      0     0     3406.0063    10     3215.5279 UserPurge2: 1      149    5.92%
      0     0     3393.3118    10     3215.5279 UserPurge2: 1      173    5.53%
      0     0     3386.9856    12     3215.5279 UserPurge2: 1      191    5.33%
      0     0     3380.9636    13     3215.5279 UserPurge2: 1      220    5.14%
      0     0     3370.7869    13     3215.5279 UserPurge1: 1      231    4.83%
      0     0     3357.6190    12     3215.5279 UserPurge2: 1      255    4.42%
      0     0     3355.5600    14     3215.5279 UserPurge1: 1      272    4.35%
      0     0     3351.9386    14     3215.5279 UserPurge2: 1      291    4.24%
      0     0     3349.1768    15     3215.5279 UserPurge2: 1      316    4.16%
      0     0     3345.6940    16     3215.5279 UserPurge2: 1      347    4.05%
      0     0     3343.6176    16     3215.5279 UserPurge2: 1      363    3.98%
      0     0     3339.4678    16     3215.5279 UserPurge2: 1      389    3.85%
      0     0     3332.8948    16     3215.5279 UserPurge2: 1      424    3.65%
      0     0     3331.7962    17     3215.5279 UserPurge1: 1      432    3.62%
      0     0     3330.4881    20     3215.5279 UserPurge1: 3      446    3.58%
      0     0     3328.9051    18     3215.5279 UserPurge1: 1      457    3.53%
      0     0     3326.0022    18     3215.5279 UserPurge2: 1      491    3.44%
      0     0     3323.8469    18     3215.5279 UserPurge2: 1      518    3.37%
      0     0     3322.8480    19     3215.5279 UserPurge1: 1      526    3.34%
      0     0     3322.5034    20     3215.5279 UserPurge1: 2      535    3.33%
      0     0     3320.4897    19     3215.5279 UserPurge2: 1      580    3.26%
      0     0     3319.6313    19     3215.5279 UserPurge2: 1      590    3.24%
      0     0     3316.5414    19     3215.5279 UserPurge2: 1      641    3.14%
      0     0     3312.7435    18     3215.5279 UserPurge2: 1      669    3.02%
      0     0     3310.2592    19     3215.5279 UserPurge2: 1      718    2.95%
      0     0     3307.9336    17     3215.5279 UserPurge2: 1      757    2.87%
      0     0     3307.0528    19     3215.5279 UserPurge2: 1      782    2.85%
      0     0     3305.7902    19     3215.5279 UserPurge2: 1      813    2.81%
      0     0     3304.7792    20     3215.5279 UserPurge2: 1      846    2.78%
      0     0     3301.7164    18     3215.5279 UserPurge2: 1      897    2.68%
      0     0     3300.1230    18     3215.5279 UserPurge2: 1      935    2.63%
      0     0     3299.0530    18     3215.5279 UserPurge2: 1      956    2.60%
      0     0     3297.7126    19     3215.5279 UserPurge2: 1     1003    2.56%
      0     0     3296.2557    19     3215.5279 UserPurge2: 1     1016    2.51%
      0     0     3295.6853    21     3215.5279 UserPurge2: 1     1030    2.49%
      0     0     3294.6161    19     3215.5279 UserPurge2: 1     1053    2.46%
      0     0     3294.0820    19     3215.5279 UserPurge2: 1     1086    2.44%
      0     0     3293.5785    19     3215.5279 UserPurge2: 1     1105    2.43%
      0     0     3293.0614    19     3215.5279 UserPurge2: 1     1134    2.41%
      0     0     3291.5718    19     3215.5279 UserPurge2: 1     1178    2.36%
      0     0     3290.7067    19     3215.5279 UserPurge2: 1     1207    2.34%
      0     0     3289.9893    18     3215.5279 UserPurge2: 1     1233    2.32%
      0     0     3289.7793    20     3215.5279 UserPurge2: 1     1250    2.31%
      0     0     3288.7601    20     3215.5279 UserPurge2: 1     1284    2.28%
      0     0     3288.0657    20     3215.5279 UserPurge2: 1     1310    2.26%
      0     0     3287.8815    22     3215.5279 UserPurge2: 1     1320    2.25%
      0     0     3287.4861    19     3215.5279 UserPurge2: 1     1343    2.24%
      0     0     3287.0272    20     3215.5279 UserPurge2: 1     1363    2.22%
      0     0     3286.4172    21     3215.5279 UserPurge2: 1     1387    2.20%
      0     0     3285.8489    19     3215.5279 UserPurge2: 1     1416    2.19%
      0     0     3284.5157    18     3215.5279 UserPurge2: 1     1454    2.15%
      0     0     3283.9511    20     3215.5279 UserPurge2: 1     1475    2.13%
      0     0     3283.0106    18     3215.5279 UserPurge2: 1     1506    2.10%
      0     0     3282.7670    19     3215.5279 UserPurge2: 1     1519    2.09%
      0     0     3282.4381    19     3215.5279 UserPurge2: 1     1539    2.08%
      0     0     3281.8100    20     3215.5279 UserPurge2: 1     1570    2.06%
      0     0     3280.8450    18     3215.5279 UserPurge2: 1     1603    2.03%
      0     0     3280.3160    19     3215.5279 UserPurge2: 1     1627    2.01%
      0     0     3279.1612    17     3215.5279 UserPurge2: 1     1664    1.98%
      0     0     3278.8213    18     3215.5279 UserPurge2: 1     1680    1.97%
      0     0     3278.5553    19     3215.5279 UserPurge2: 1     1698    1.96%
      0     0     3278.4777    19     3215.5279 UserPurge2: 1     1711    1.96%
      0     0     3278.4007    21     3215.5279 UserPurge2: 1     1721    1.96%
      0     0     3278.3404    21     3215.5279 UserPurge2: 1     1734    1.95%
      0     0     3278.2233    23     3215.5279 UserPurge2: 1     1747    1.95%
      0     0     3278.1300    23     3215.5279 UserPurge2: 1     1766    1.95%
      0     0     3277.8134    23     3215.5279 UserPurge2: 1     1790    1.94%
      0     0     3277.6314    22     3215.5279 UserPurge2: 1     1811    1.93%
      0     0     3277.4332    23     3215.5279 UserPurge2: 1     1834    1.93%
      0     0     3277.2342    24     3215.5279 UserPurge2: 1     1855    1.92%
      0     0     3276.8354    24     3215.5279 UserPurge2: 1     1890    1.91%
      0     0     3276.0531    23     3215.5279 UserPurge2: 1     1922    1.88%
      0     0     3275.0666    23     3215.5279 UserPurge2: 1     1960    1.85%
      0     0     3274.5736    22     3215.5279 UserPurge2: 1     1982    1.84%
      0     0     3274.1191    22     3215.5279 UserPurge2: 1     2012    1.82%
      0     0     3273.8633    22     3215.5279 UserPurge2: 1     2033    1.81%
      0     0     3273.8465    23     3215.5279 UserPurge2: 1     2047    1.81%
      0     0     3273.7612    23     3215.5279 UserPurge2: 1     2060    1.81%
      0     0     3273.6298    24     3215.5279 UserPurge2: 1     2076    1.81%
      0     0     3273.1162    24     3215.5279 UserPurge2: 1     2128    1.79%
      0     0     3272.5630    23     3215.5279 UserPurge2: 1     2152    1.77%
      0     0     3272.0289    23     3215.5279 UserPurge2: 1     2182    1.76%
      0     0     3271.7205    23     3215.5279 UserPurge2: 1     2199    1.75%
      0     0     3271.5461    24     3215.5279 UserPurge2: 1     2217    1.74%
      0     0     3271.3767    24     3215.5279 UserPurge2: 1     2237    1.74%
      0     0     3271.2554    25     3215.5279 UserPurge2: 1     2257    1.73%
      0     0     3271.1029    26     3215.5279 UserPurge2: 1     2275    1.73%
      0     0     3270.6924    24     3215.5279 UserPurge2: 1     2306    1.72%
      0     0     3270.4275    25     3215.5279 UserPurge2: 1     2334    1.71%
      0     0     3270.1523    26     3215.5279 UserPurge2: 1     2369    1.70%
      0     0     3269.8049    24     3215.5279 UserPurge2: 1     2400    1.69%
      0     0     3269.6573    25     3215.5279 UserPurge2: 1     2422    1.68%
      0     0     3269.5357    25     3215.5279 UserPurge2: 1     2444    1.68%
      0     0     3269.2128    25     3215.5279 UserPurge2: 1     2472    1.67%
      0     0     3269.0564    25     3215.5279 UserPurge2: 1     2496    1.66%
      0     0     3268.8687    26     3215.5279 UserPurge2: 1     2520    1.66%
      0     0     3268.5411    25     3215.5279 UserPurge2: 1     2548    1.65%
      0     0     3268.2102    25     3215.5279 UserPurge2: 1     2576    1.64%
      0     0     3268.0774    25     3215.5279 UserPurge2: 1     2591    1.63%
      0     0     3267.3909    25     3215.5279 UserPurge2: 1     2623    1.61%
      0     0     3267.0119    24     3215.5279 UserPurge2: 1     2652    1.60%
      0     0     3266.8234    24     3215.5279 UserPurge2: 1     2677    1.60%
      0     0     3266.6743    25     3215.5279 UserPurge2: 1     2698    1.59%
      0     0     3266.3636    25     3215.5279 UserPurge2: 1     2730    1.58%
      0     0     3266.2011    23     3215.5279 UserPurge2: 1     2757    1.58%
      0     0     3266.1503    23     3215.5279 UserPurge2: 1     2766    1.57%
      0     0     3266.0321    24     3215.5279 UserPurge2: 1     2785    1.57%
      0     0     3265.9405    25     3215.5279 UserPurge2: 1     2807    1.57%
      0     0     3265.8028    25     3215.5279 UserPurge2: 1     2827    1.56%
      0     0     3265.7665    26     3215.5279 UserPurge2: 1     2846    1.56%
      0     0     3265.7258    27     3215.5279 UserPurge2: 1     2860    1.56%
      0     0     3265.6852    27     3215.5279 UserPurge2: 1     2876    1.56%
      0     0     3265.6191    28     3215.5279 UserPurge2: 1     2894    1.56%
      0     0     3265.4783    29     3215.5279 UserPurge2: 1     2936    1.55%
      0     0     3265.3141    28     3215.5279 UserPurge2: 1     2962    1.55%
      0     0     3265.1284    27     3215.5279 UserPurge2: 1     2989    1.54%
      0     0     3265.0067    28     3215.5279 UserPurge2: 1     3018    1.54%
      0     0     3264.8594    28     3215.5279 UserPurge2: 1     3047    1.53%
      0     0     3264.6734    29     3215.5279 UserPurge2: 1     3092    1.53%
      0     0     3264.4508    28     3215.5279 UserPurge2: 1     3134    1.52%
      0     0     3264.3722    29     3215.5279 UserPurge2: 1     3157    1.52%
      0     0     3264.3123    29     3215.5279 UserPurge2: 1     3176    1.52%
      0     0     3264.2737    30     3215.5279 UserPurge2: 1     3190    1.52%
      0     0     3264.0277    29     3215.5279 UserPurge2: 1     3243    1.51%
      0     0     3263.8967    28     3215.5279 UserPurge2: 1     3273    1.50%
      0     0     3263.8369    29     3215.5279 UserPurge2: 1     3285    1.50%
      0     0     3263.6060    28     3215.5279 UserPurge2: 1     3325    1.50%
      0     0     3263.4590    28     3215.5279 UserPurge2: 1     3347    1.49%
      0     0     3263.3977    29     3215.5279 UserPurge2: 1     3370    1.49%
      0     0     3263.2906    28     3215.5279 UserPurge2: 1     3396    1.49%
      0     0     3263.2172    29     3215.5279 UserPurge2: 1     3416    1.48%
      0     0     3263.0441    29     3215.5279 UserPurge2: 1     3472    1.48%
      0     0     3262.8451    28     3215.5279 UserPurge2: 1     3510    1.47%
      0     0     3262.6141    28     3215.5279 UserPurge2: 1     3543    1.46%
      0     0     3262.3542    28     3215.5279 UserPurge2: 1     3562    1.46%
      0     0     3262.1606    28     3215.5279 UserPurge2: 1     3591    1.45%
      0     0     3262.1126    29     3215.5279 UserPurge2: 1     3604    1.45%
      0     0     3261.9004    29     3215.5279 UserPurge2: 1     3632    1.44%
      0     0     3261.6201    29     3215.5279 UserPurge2: 1     3660    1.43%
      0     0     3261.4942    29     3215.5279 UserPurge2: 1     3681    1.43%
      0     0     3261.2463    29     3215.5279 UserPurge2: 1     3721    1.42%
      0     0     3261.0759    29     3215.5279 UserPurge2: 1     3761    1.42%
      0     0     3260.9684    29     3215.5279 UserPurge2: 1     3789    1.41%
      0     0     3260.7630    29     3215.5279 UserPurge2: 1     3814    1.41%
      0     0     3260.6508    29     3215.5279 UserPurge2: 1     3837    1.40%
      0     0     3260.5848    30     3215.5279 UserPurge2: 1     3854    1.40%
*     0+    0                         3224.0354     3260.5848             1.13%
      0     0     3260.5540    31     3224.0354 UserPurge2: 1     3863    1.13%
      0     0     3260.4131    30     3224.0354 UserPurge2: 1     3905    1.13%
      0     0     3260.3111    29     3224.0354 UserPurge2: 1     3929    1.13%
      0     0     3260.2761    30     3224.0354 UserPurge2: 1     3942    1.12%
      0     0     3260.1880    31     3224.0354 UserPurge2: 1     3966    1.12%
      0     0     3260.1212    30     3224.0354 UserPurge2: 1     3985    1.12%
      0     0     3260.0899    31     3224.0354 UserPurge2: 1     4000    1.12%
      0     0     3259.9925    30     3224.0354 UserPurge2: 1     4026    1.12%
      0     0     3259.9320    31     3224.0354 UserPurge2: 1     4050    1.11%
      0     0     3259.8319    30     3224.0354 UserPurge2: 1     4074    1.11%
      0     0     3259.7610    31     3224.0354 UserPurge2: 1     4096    1.11%
      0     0     3259.6941    31     3224.0354 UserPurge2: 1     4123    1.11%
      0     0     3259.5872    31     3224.0354 UserPurge2: 1     4151    1.10%
      0     0     3259.5176    32     3224.0354 UserPurge2: 1     4176    1.10%
      0     0     3259.2613    31     3224.0354 UserPurge2: 1     4216    1.09%
      0     0     3259.1757    30     3224.0354 UserPurge2: 1     4238    1.09%
      0     0     3259.0569    30     3224.0354 UserPurge2: 1     4256    1.09%
      0     0     3258.9397    30     3224.0354 UserPurge2: 1     4287    1.08%
      0     0     3258.8785    31     3224.0354 UserPurge2: 1     4312    1.08%
      0     0     3258.8572    32     3224.0354 UserPurge2: 1     4325    1.08%
      0     0     3258.7883    32     3224.0354 UserPurge2: 1     4366    1.08%
      0     0     3258.7603    33     3224.0354 UserPurge2: 1     4393    1.08%
      0     0     3258.6454    34     3224.0354 UserPurge2: 1     4419    1.07%
      0     0     3258.4259    32     3224.0354 UserPurge2: 1     4465    1.07%
      0     0     3258.1598    31     3224.0354 UserPurge2: 1     4500    1.06%
      0     0     3258.0603    30     3224.0354 UserPurge2: 1     4517    1.06%
      0     0     3257.9879    30     3224.0354 UserPurge2: 1     4543    1.05%
      0     0     3257.9218    31     3224.0354 UserPurge2: 1     4561    1.05%
      0     0     3257.7883    32     3224.0354 UserPurge2: 1     4598    1.05%
      0     0     3257.7477    32     3224.0354 UserPurge2: 1     4620    1.05%
      0     0     3257.7117    33     3224.0354 UserPurge2: 1     4639    1.04%
      0     0     3257.6918    34     3224.0354 UserPurge2: 1     4664    1.04%
      0     0     3257.5729    34     3224.0354 UserPurge2: 1     4711    1.04%
      0     0     3257.4806    32     3224.0354 UserPurge2: 1     4733    1.04%
      0     0     3257.3869    31     3224.0354 UserPurge2: 1     4754    1.03%
      0     0     3257.2725    32     3224.0354 UserPurge2: 1     4784    1.03%
      0     0     3257.2270    32     3224.0354 UserPurge2: 1     4802    1.03%
      0     0     3257.1721    33     3224.0354 UserPurge2: 1     4822    1.03%
      0     0     3257.1111    34     3224.0354 UserPurge2: 1     4849    1.03%
      0     0     3257.0895    35     3224.0354 UserPurge2: 1     4876    1.03%
      0     0     3257.0681    36     3224.0354 UserPurge2: 1     4908    1.02%
      0     0     3257.0151    37     3224.0354 UserPurge2: 1     4932    1.02%
      0     0     3256.9446    37     3224.0354 UserPurge2: 1     4976    1.02%
      0     0     3256.8325    36     3224.0354 UserPurge2: 1     5026    1.02%
      0     0     3256.7313    34     3224.0354 UserPurge2: 1     5050    1.01%
      0     0     3256.6792    35     3224.0354 UserPurge2: 1     5081    1.01%
      0     0     3256.5455    35     3224.0354 UserPurge2: 1     5121    1.01%
      0     0     3256.4270    34     3224.0354 UserPurge2: 1     5163    1.00%
      0     0     3256.3798    33     3224.0354 UserPurge2: 1     5183    1.00%
      0     0     3256.3269    34     3224.0354 UserPurge2: 1     5218    1.00%
      0     0     3256.2731    34     3224.0354 UserPurge2: 1     5246    1.00%
      0     0     3256.2386    35     3224.0354 UserPurge2: 1     5271    1.00%
      0     0     3256.2058    35     3224.0354 UserPurge2: 1     5314    1.00%
      0     0     3256.1678    36     3224.0354 UserPurge2: 1     5350    1.00%
      0     0     3256.1081    36     3224.0354 UserPurge2: 1     5384    0.99%
      0     0     3256.0482    36     3224.0354 UserPurge2: 1     5412    0.99%
      0     0     3255.9948    37     3224.0354 UserPurge2: 1     5433    0.99%
      0     0     3255.9505    36     3224.0354 UserPurge2: 1     5458    0.99%
      0     0     3255.8320    36     3224.0354 UserPurge2: 1     5504    0.99%
      0     0     3255.6627    34     3224.0354 UserPurge2: 1     5539    0.98%
      0     0     3255.5626    35     3224.0354 UserPurge2: 1     5584    0.98%
      0     0     3255.4317    34     3224.0354 UserPurge2: 1     5626    0.97%
      0     0     3255.3646    33     3224.0354 UserPurge2: 1     5654    0.97%
      0     0     3255.2979    34     3224.0354 UserPurge2: 1     5682    0.97%
      0     0     3255.1549    34     3224.0354 UserPurge2: 1     5723    0.97%
      0     0     3255.0807    34     3224.0354 UserPurge2: 1     5746    0.96%
      0     0     3254.9541    35     3224.0354 UserPurge2: 1     5780    0.96%
      0     0     3254.8672    35     3224.0354 UserPurge2: 1     5805    0.96%
      0     0     3254.7419    35     3224.0354 UserPurge2: 1     5848    0.95%
      0     0     3254.6143    34     3224.0354 UserPurge2: 1     5870    0.95%
      0     0     3254.5065    35     3224.0354 UserPurge2: 1     5903    0.95%
      0     0     3254.4492    34     3224.0354 UserPurge2: 1     5940    0.94%
      0     0     3254.3705    32     3224.0354 UserPurge2: 1     5972    0.94%
      0     0     3254.2544    32     3224.0354 UserPurge2: 1     5997    0.94%
      0     0     3254.1888    33     3224.0354 UserPurge2: 1     6023    0.94%
      0     0     3254.1716    34     3224.0354 UserPurge2: 1     6039    0.93%
      0     0     3254.1279    32     3224.0354 UserPurge2: 1     6059    0.93%
      0     0     3254.0751    33     3224.0354 UserPurge2: 1     6084    0.93%
      0     0     3254.0493    33     3224.0354 UserPurge2: 1     6112    0.93%
      0     0     3254.0303    34     3224.0354 UserPurge2: 1     6138    0.93%
*     0+    0                         3225.2398     3254.0303             0.89%
      0     0     3253.9970    35     3225.2398 UserPurge2: 1     6169    0.89%
      0     0     3253.9643    36     3225.2398 UserPurge2: 1     6202    0.89%
      0     0     3253.9280    36     3225.2398 UserPurge2: 1     6227    0.89%
      0     0     3253.9087    37     3225.2398 UserPurge2: 1     6259    0.89%
      0     0     3253.8803    37     3225.2398 UserPurge2: 1     6292    0.89%
      0     0     3253.8326    38     3225.2398 UserPurge2: 1     6332    0.89%
      0     0     3253.7881    38     3225.2398 UserPurge2: 1     6363    0.89%
      0     0     3253.6513    36     3225.2398 UserPurge2: 1     6401    0.88%
      0     0     3253.6158    36     3225.2398 UserPurge2: 1     6421    0.88%
      0     0     3253.5911    37     3225.2398 UserPurge2: 1     6448    0.88%
      0     0     3253.5691    38     3225.2398 UserPurge2: 1     6469    0.88%
      0     0     3253.5242    38     3225.2398 UserPurge2: 1     6498    0.88%
      0     0     3253.5149    39     3225.2398 UserPurge2: 1     6517    0.88%
      0     0     3253.4695    40     3225.2398 UserPurge2: 1     6555    0.88%
      0     0     3253.4321    41     3225.2398 UserPurge2: 1     6588    0.87%
      0     0     3253.3029    40     3225.2398 UserPurge2: 1     6635    0.87%
      0     0     3253.2335    41     3225.2398 UserPurge2: 1     6668    0.87%
      0     0     3253.1804    41     3225.2398 UserPurge2: 1     6697    0.87%
      0     0     3253.0829    40     3225.2398 UserPurge2: 1     6742    0.86%
      0     0     3253.0585    41     3225.2398 UserPurge2: 1     6762    0.86%
      0     0     3252.9772    40     3225.2398 UserPurge2: 1     6810    0.86%
      0     0     3252.9123    41     3225.2398 UserPurge2: 1     6845    0.86%
      0     0     3252.8414    38     3225.2398 UserPurge2: 1     6866    0.86%
      0     0     3252.7950    39     3225.2398 UserPurge2: 1     6881    0.85%
      0     0     3252.7564    38     3225.2398 UserPurge2: 1     6909    0.85%
      0     0     3252.7232    38     3225.2398 UserPurge2: 1     6948    0.85%
      0     0     3252.6874    38     3225.2398 UserPurge2: 1     6976    0.85%
      0     0     3252.6573    39     3225.2398 UserPurge2: 1     6999    0.85%
      0     0     3252.5612    38     3225.2398 UserPurge2: 1     7027    0.85%
      0     0     3252.4627    37     3225.2398 UserPurge2: 1     7051    0.84%
      0     0     3252.3868    38     3225.2398 UserPurge2: 1     7076    0.84%
      0     0     3252.3342    37     3225.2398 UserPurge2: 1     7114    0.84%
      0     0     3252.2838    38     3225.2398 UserPurge2: 1     7146    0.84%
      0     0     3252.2344    39     3225.2398 UserPurge2: 1     7180    0.84%
      0     0     3252.1511    38     3225.2398 UserPurge2: 1     7216    0.83%
      0     0     3252.0539    36     3225.2398 UserPurge2: 1     7243    0.83%
      0     0     3251.9730    35     3225.2398 UserPurge2: 1     7273    0.83%
      0     0     3251.9183    36     3225.2398 UserPurge2: 1     7295    0.83%
      0     0     3251.8810    36     3225.2398 UserPurge2: 1     7328    0.83%
      0     0     3251.8524    36     3225.2398 UserPurge2: 1     7349    0.83%
      0     0     3251.8147    36     3225.2398 UserPurge2: 1     7385    0.82%
      0     0     3251.7819    36     3225.2398 UserPurge2: 1     7408    0.82%
      0     0     3251.7588    37     3225.2398 UserPurge2: 1     7425    0.82%
      0     0     3251.7402    38     3225.2398 UserPurge2: 1     7453    0.82%
      0     0     3251.7227    38     3225.2398 UserPurge2: 1     7477    0.82%
      0     0     3251.6987    39     3225.2398 UserPurge2: 1     7503    0.82%
      0     0     3251.6778    39     3225.2398 UserPurge2: 1     7535    0.82%
      0     0     3251.6674    40     3225.2398 UserPurge2: 1     7560    0.82%
      0     0     3251.6557    41     3225.2398 UserPurge2: 1     7590    0.82%
      0     0     3251.6342    42     3225.2398 UserPurge2: 1     7632    0.82%
      0     0     3251.5999    41     3225.2398 UserPurge2: 1     7662    0.82%
      0     0     3251.4948    39     3225.2398 UserPurge2: 1     7714    0.81%
      0     0     3251.4357    39     3225.2398 UserPurge2: 1     7759    0.81%
      0     0     3251.3499    37     3225.2398 UserPurge2: 1     7796    0.81%
      0     0     3251.3029    38     3225.2398 UserPurge2: 1     7829    0.81%
      0     0     3251.2814    38     3225.2398 UserPurge2: 1     7858    0.81%
      0     0     3251.2613    39     3225.2398 UserPurge2: 1     7878    0.81%
      0     0     3251.2315    39     3225.2398 UserPurge2: 1     7902    0.81%
      0     0     3251.2044    39     3225.2398 UserPurge2: 1     7925    0.81%
      0     0     3251.1671    38     3225.2398 UserPurge2: 1     7954    0.80%
      0     0     3251.1389    39     3225.2398 UserPurge2: 1     7986    0.80%
      0     0     3251.1150    40     3225.2398 UserPurge2: 1     8025    0.80%
      0     0     3251.0872    40     3225.2398 UserPurge2: 1     8062    0.80%
      0     0     3251.0358    39     3225.2398 UserPurge2: 1     8095    0.80%
      0     0     3250.9798    39     3225.2398 UserPurge2: 1     8127    0.80%
      0     0     3250.9500    38     3225.2398 UserPurge2: 1     8156    0.80%
      0     0     3250.8801    37     3225.2398 UserPurge2: 1     8183    0.79%
      0     0     3250.8602    38     3225.2398 UserPurge2: 1     8198    0.79%
      0     0     3250.8285    36     3225.2398 UserPurge2: 1     8232    0.79%
      0     0     3250.8250    37     3225.2398 UserPurge2: 1     8237    0.79%
      0     0     3250.7685    36     3225.2398 UserPurge2: 1     8274    0.79%
      0     0     3250.7429    37     3225.2398 UserPurge2: 1     8296    0.79%
      0     0     3250.7023    38     3225.2398 UserPurge2: 1     8323    0.79%
*     0+    0                         3226.8764     3250.7023             0.74%
      0     0     3250.6594    38     3226.8764 UserPurge2: 1     8363    0.74%
      0     0     3250.6370    38     3226.8764 UserPurge2: 1     8389    0.74%
      0     0     3250.6270    39     3226.8764 UserPurge2: 1     8406    0.74%
      0     0     3250.6115    39     3226.8764 UserPurge2: 1     8428    0.74%
      0     0     3250.5977    40     3226.8764 UserPurge2: 1     8453    0.74%
      0     0     3250.5801    40     3226.8764 UserPurge2: 1     8481    0.73%
      0     0     3250.5417    38     3226.8764 UserPurge2: 1     8536    0.73%
      0     0     3250.4870    37     3226.8764 UserPurge2: 1     8570    0.73%
      0     0     3250.4386    37     3226.8764 UserPurge2: 1     8604    0.73%
      0     0     3250.4291    38     3226.8764 UserPurge2: 1     8613    0.73%
      0     0     3250.3958    38     3226.8764 UserPurge2: 1     8655    0.73%
      0     0     3250.3568    38     3226.8764 UserPurge2: 1     8678    0.73%
      0     0     3250.3193    38     3226.8764 UserPurge2: 1     8709    0.73%
      0     0     3250.3016    38     3226.8764 UserPurge2: 1     8733    0.73%
      0     0     3250.2800    38     3226.8764 UserPurge2: 1     8758    0.73%
      0     0     3250.2421    38     3226.8764 UserPurge2: 1     8781    0.72%
      0     0     3250.2227    38     3226.8764 UserPurge2: 1     8810    0.72%
      0     0     3250.1729    38     3226.8764 UserPurge2: 1     8856    0.72%
      0     0     3250.1541    38     3226.8764 UserPurge2: 1     8881    0.72%
      0     0     3250.1176    39     3226.8764 UserPurge2: 1     8902    0.72%
      0     0     3250.0786    37     3226.8764 UserPurge2: 1     8931    0.72%
      0     0     3250.0655    38     3226.8764 UserPurge2: 1     8949    0.72%
      0     0     3250.0508    39     3226.8764 UserPurge2: 1     8967    0.72%
      0     0     3250.0395    40     3226.8764 UserPurge2: 1     8998    0.72%
      0     0     3250.0263    41     3226.8764 UserPurge2: 1     9024    0.72%
      0     0     3250.0169    42     3226.8764 UserPurge2: 1     9044    0.72%
      0     0     3249.9936    41     3226.8764 UserPurge2: 1     9081    0.72%
      0     0     3249.9657    41     3226.8764 UserPurge2: 1     9111    0.72%
      0     0     3249.9396    40     3226.8764 UserPurge2: 1     9135    0.71%
      0     0     3249.9310    41     3226.8764 UserPurge2: 1     9149    0.71%
      0     0     3249.8923    40     3226.8764 UserPurge2: 1     9190    0.71%
      0     0     3249.8592    38     3226.8764 UserPurge2: 1     9220    0.71%
      0     0     3249.8298    39     3226.8764 UserPurge2: 1     9250    0.71%
      0     0     3249.8087    38     3226.8764 UserPurge2: 1     9277    0.71%
      0     0     3249.7941    39     3226.8764 UserPurge2: 1     9305    0.71%
      0     0     3249.7824    40     3226.8764 UserPurge2: 1     9324    0.71%
      0     0     3249.7597    41     3226.8764 UserPurge2: 1     9355    0.71%
      0     0     3249.7326    42     3226.8764 UserPurge2: 1     9387    0.71%
      0     0     3249.6933    42     3226.8764 UserPurge2: 1     9416    0.71%
      0     0     3249.6252    41     3226.8764 UserPurge2: 1     9458    0.70%
      0     0     3249.6030    41     3226.8764 UserPurge2: 1     9479    0.70%
      0     0     3249.5859    42     3226.8764 UserPurge2: 1     9510    0.70%
      0     0     3249.5551    42     3226.8764 UserPurge2: 1     9557    0.70%
      0     0     3249.5407    41     3226.8764 UserPurge2: 1     9578    0.70%
      0     0     3249.5209    41     3226.8764 UserPurge2: 1     9609    0.70%
      0     0     3249.5033    42     3226.8764 UserPurge2: 1     9630    0.70%
      0     0     3249.4807    42     3226.8764 UserPurge2: 1     9656    0.70%
      0     0     3249.4693    42     3226.8764 UserPurge2: 1     9689    0.70%
      0     0     3249.4551    43     3226.8764 UserPurge2: 1     9722    0.70%
      0     0     3249.4440    44     3226.8764 UserPurge2: 1     9743    0.70%
      0     0     3249.4309    44     3226.8764 UserPurge2: 1     9772    0.70%
      0     0     3249.4164    44     3226.8764 UserPurge2: 1     9804    0.70%
      0     0     3249.4027    44     3226.8764 UserPurge2: 1     9847    0.70%
      0     0     3249.3875    43     3226.8764 UserPurge2: 1     9880    0.70%
      0     0     3249.3759    44     3226.8764 UserPurge2: 1     9914    0.70%
      0     0     3249.3702    45     3226.8764 UserPurge2: 1     9933    0.70%
      0     0     3249.3419    45     3226.8764 UserPurge2: 1     9976    0.70%
      0     0     3249.3154    45     3226.8764 UserPurge2: 1    10016    0.70%
      0     0     3249.2774    43     3226.8764 UserPurge2: 1    10055    0.69%
      0     0     3249.2471    43     3226.8764 UserPurge2: 1    10082    0.69%
      0     0     3249.2235    44     3226.8764 UserPurge2: 1    10110    0.69%
*     0+    0                         3229.8753     3249.2235             0.60%
      0     0     3249.1934    44     3229.8753 UserPurge2: 1    10140    0.60%
      0     0     3249.1686    42     3229.8753 UserPurge2: 1    10188    0.60%
      0     0     3249.1432    41     3229.8753 UserPurge2: 1    10207    0.60%
      0     0     3249.1209    42     3229.8753 UserPurge2: 1    10241    0.60%
      0     0     3249.0867    41     3229.8753 UserPurge2: 1    10278    0.59%
      0     0     3249.0614    42     3229.8753 UserPurge2: 1    10304    0.59%
      0     0     3249.0062    41     3229.8753 UserPurge2: 1    10357    0.59%
      0     0     3248.9942    41     3229.8753 UserPurge2: 1    10379    0.59%
      0     0     3248.9690    41     3229.8753 UserPurge2: 1    10406    0.59%
      0     0     3248.9621    42     3229.8753 UserPurge2: 1    10428    0.59%
      0     0     3248.9519    42     3229.8753 UserPurge2: 1    10455    0.59%
      0     0     3248.9390    43     3229.8753 UserPurge2: 1    10478    0.59%
      0     0     3248.9180    42     3229.8753 UserPurge2: 1    10515    0.59%
      0     0     3248.8966    43     3229.8753 UserPurge2: 1    10557    0.59%
      0     0     3248.8847    44     3229.8753 UserPurge2: 1    10580    0.59%
      0     0     3248.8669    44     3229.8753 UserPurge2: 1    10608    0.59%
      0     0     3248.8526    43     3229.8753 UserPurge2: 1    10641    0.59%
      0     0     3248.8355    42     3229.8753 UserPurge2: 1    10672    0.59%
      0     0     3248.8307    43     3229.8753 UserPurge2: 1    10696    0.59%
      0     0     3248.8256    44     3229.8753 UserPurge2: 1    10718    0.59%
      0     0     3248.8123    44     3229.8753 UserPurge2: 1    10758    0.59%
      0     0     3248.8063    45     3229.8753 UserPurge2: 1    10779    0.59%
      0     0     3248.7852    45     3229.8753 UserPurge2: 1    10826    0.59%
      0     0     3248.7736    45     3229.8753 UserPurge2: 1    10856    0.59%
      0     0     3248.7524    44     3229.8753 UserPurge2: 1    10902    0.58%
      0     0     3248.7393    45     3229.8753 UserPurge2: 1    10930    0.58%
      0     0     3248.7023    45     3229.8753 UserPurge2: 1    10989    0.58%
      0     0     3248.6703    46     3229.8753 UserPurge2: 1    11032    0.58%
      0     0     3248.6500    45     3229.8753 UserPurge2: 1    11051    0.58%
      0     0     3248.6273    44     3229.8753 UserPurge2: 1    11082    0.58%
      0     0     3248.6149    45     3229.8753 UserPurge2: 1    11109    0.58%
      0     0     3248.5911    44     3229.8753 UserPurge2: 1    11159    0.58%
      0     0     3248.5795    45     3229.8753 UserPurge2: 1    11180    0.58%
      0     0     3248.5676    46     3229.8753 UserPurge2: 1    11218    0.58%
      0     0     3248.5574    45     3229.8753 UserPurge2: 1    11252    0.58%
      0     0     3248.5481    46     3229.8753 UserPurge2: 1    11283    0.58%
      0     0     3248.5414    47     3229.8753 UserPurge2: 1    11303    0.58%
      0     0     3248.5278    48     3229.8753 UserPurge2: 1    11345    0.58%
      0     0     3248.5116    47     3229.8753 UserPurge2: 1    11380    0.58%
      0     0     3248.4972    47     3229.8753 UserPurge2: 1    11406    0.58%
      0     0     3248.4853    46     3229.8753 UserPurge2: 1    11438    0.58%
      0     0     3248.4681    47     3229.8753 UserPurge2: 1    11481    0.58%
      0     0     3248.4357    45     3229.8753 UserPurge2: 1    11532    0.57%
      0     0     3248.3955    46     3229.8753 UserPurge2: 1    11572    0.57%
      0     0     3248.3790    45     3229.8753 UserPurge2: 1    11592    0.57%
*     0+    0                         3231.6050     3248.3790             0.52%
      0     0     3248.3640    45     3231.6050 UserPurge2: 1    11613    0.52%
      0     0     3248.3524    45     3231.6050 UserPurge2: 1    11635    0.52%
      0     0     3248.3410    46     3231.6050 UserPurge2: 1    11665    0.52%
      0     0     3248.3270    45     3231.6050 UserPurge2: 1    11688    0.52%
      0     0     3248.3057    45     3231.6050 UserPurge2: 1    11724    0.52%
      0     0     3248.2821    46     3231.6050 UserPurge2: 1    11751    0.52%
      0     0     3248.2538    46     3231.6050 UserPurge2: 1    11786    0.52%
      0     0     3248.2293    47     3231.6050 UserPurge2: 1    11820    0.51%
      0     0     3248.2126    47     3231.6050 UserPurge2: 1    11849    0.51%
      0     0     3248.1754    45     3231.6050 UserPurge2: 1    11907    0.51%
      0     0     3248.1508    45     3231.6050 UserPurge2: 1    11934    0.51%
      0     0     3248.1313    46     3231.6050 UserPurge2: 1    11961    0.51%
      0     0     3248.0957    46     3231.6050 UserPurge2: 1    11994    0.51%
      0     0     3248.0797    45     3231.6050 UserPurge2: 1    12024    0.51%
      0     0     3248.0633    46     3231.6050 UserPurge2: 1    12055    0.51%
      0     0     3248.0316    46     3231.6050 UserPurge2: 1    12108    0.51%
      0     0     3247.9902    45     3231.6050 UserPurge2: 1    12154    0.51%
      0     0     3247.9344    45     3231.6050 UserPurge2: 1    12193    0.51%
      0     0     3247.8921    45     3231.6050 UserPurge2: 1    12226    0.50%
      0     0     3247.8643    46     3231.6050 UserPurge2: 1    12253    0.50%
      0     0     3247.8451    45     3231.6050 UserPurge2: 1    12281    0.50%
      0     0     3247.8272    46     3231.6050 UserPurge2: 1    12318    0.50%
      0     0     3247.8049    44     3231.6050 UserPurge2: 1    12355    0.50%
      0     0     3247.7872    44     3231.6050 UserPurge2: 1    12387    0.50%
      0     0     3247.7744    44     3231.6050 UserPurge2: 1    12418    0.50%
      0     0     3247.7641    45     3231.6050 UserPurge2: 1    12438    0.50%
      0     0     3247.7569    45     3231.6050 UserPurge2: 1    12472    0.50%
      0     0     3247.7295    45     3231.6050 UserPurge2: 1    12515    0.50%
      0     0     3247.7171    46     3231.6050 UserPurge2: 1    12541    0.50%
      0     0     3247.6908    46     3231.6050 UserPurge2: 1    12573    0.50%
      0     0     3247.6710    45     3231.6050 UserPurge2: 1    12600    0.50%
*     0+    0                         3234.2718     3247.6710             0.41%
      0     0     3247.6481    45     3234.2718 UserPurge2: 1    12632    0.41%
      0     0     3247.6353    46     3234.2718 UserPurge2: 1    12666    0.41%
      0     0     3247.6104    46     3234.2718 UserPurge2: 1    12713    0.41%
      0     0     3247.5768    44     3234.2718 UserPurge2: 1    12767    0.41%
      0     0     3247.5020    42     3234.2718 UserPurge2: 1    12813    0.41%
      0     0     3247.4869    43     3234.2718 UserPurge2: 1    12833    0.41%
      0     0     3247.4667    44     3234.2718 UserPurge2: 1    12855    0.41%
      0     0     3247.4476    44     3234.2718 UserPurge2: 1    12874    0.41%
      0     0     3247.4367    44     3234.2718 UserPurge2: 1    12895    0.41%
      0     0     3247.4137    43     3234.2718 UserPurge2: 1    12934    0.41%
      0     0     3247.3874    43     3234.2718 UserPurge2: 1    12963    0.41%
      0     0     3247.3764    42     3234.2718 UserPurge2: 1    12987    0.41%
      0     0     3247.3625    43     3234.2718 UserPurge2: 1    13022    0.40%
      0     0     3247.3547    44     3234.2718 UserPurge2: 1    13049    0.40%
      0     0     3247.3348    45     3234.2718 UserPurge2: 1    13095    0.40%
      0     0     3247.3290    45     3234.2718 UserPurge2: 1    13111    0.40%
      0     0     3247.3197    45     3234.2718 UserPurge2: 1    13131    0.40%
      0     0     3247.3163    46     3234.2718 UserPurge2: 1    13154    0.40%
      0     0     3247.3063    47     3234.2718 UserPurge2: 1    13188    0.40%
      0     0     3247.2970    48     3234.2718 UserPurge2: 1    13219    0.40%
      0     0     3247.2572    45     3234.2718 UserPurge2: 1    13274    0.40%
      0     0     3247.2446    44     3234.2718 UserPurge2: 1    13292    0.40%
      0     0     3247.2378    45     3234.2718 UserPurge2: 1    13311    0.40%
      0     0     3247.2278    46     3234.2718 UserPurge2: 1    13330    0.40%
      0     0     3247.2155    46     3234.2718 UserPurge2: 1    13353    0.40%
      0     0     3247.1992    44     3234.2718 UserPurge2: 1    13383    0.40%
      0     0     3247.1907    45     3234.2718 UserPurge2: 1    13412    0.40%
      0     0     3247.1854    46     3234.2718 UserPurge2: 1    13440    0.40%
      0     0     3247.1756    46     3234.2718 UserPurge2: 1    13484    0.40%
      0     0     3247.1715    47     3234.2718 UserPurge2: 1    13511    0.40%
      0     0     3247.1616    47     3234.2718 UserPurge2: 1    13556    0.40%
      0     0     3247.1558    47     3234.2718 UserPurge2: 1    13577    0.40%
      0     0     3247.1450    48     3234.2718 UserPurge2: 1    13604    0.40%
      0     0     3247.1394    49     3234.2718 UserPurge2: 1    13626    0.40%
      0     0     3247.1266    48     3234.2718 UserPurge2: 1    13671    0.40%
      0     0     3247.1201    49     3234.2718 UserPurge2: 1    13691    0.40%
      0     0     3247.1093    49     3234.2718 UserPurge2: 1    13731    0.40%
      0     0     3247.0881    49     3234.2718 UserPurge2: 1    13780    0.40%
      0     0     3247.0722    48     3234.2718 UserPurge2: 1    13812    0.40%
      0     0     3247.0649    47     3234.2718 UserPurge2: 1    13829    0.40%
      0     0     3247.0601    48     3234.2718 UserPurge2: 1    13848    0.40%
      0     0     3247.0491    49     3234.2718 UserPurge2: 1    13870    0.40%
      0     0     3247.0302    48     3234.2718 UserPurge2: 1    13920    0.39%
      0     0     3247.0085    46     3234.2718 UserPurge2: 1    13973    0.39%
      0     0     3246.9962    46     3234.2718 UserPurge2: 1    13989    0.39%
      0     0     3246.9812    46     3234.2718 UserPurge2: 1    14022    0.39%
      0     0     3246.9684    47     3234.2718 UserPurge2: 1    14051    0.39%
      0     0     3246.9606    46     3234.2718 UserPurge2: 1    14069    0.39%
      0     0     3246.9399    45     3234.2718 UserPurge2: 1    14102    0.39%
      0     0     3246.9239    43     3234.2718 UserPurge2: 1    14126    0.39%
      0     0     3246.9132    44     3234.2718 UserPurge2: 1    14148    0.39%
      0     0     3246.9079    45     3234.2718 UserPurge2: 1    14172    0.39%
      0     0     3246.8985    45     3234.2718 UserPurge2: 1    14192    0.39%
      0     0     3246.8943    46     3234.2718 UserPurge2: 1    14218    0.39%
      0     0     3246.8901    47     3234.2718 UserPurge2: 1    14240    0.39%
      0     0     3246.8846    47     3234.2718 UserPurge2: 1    14273    0.39%
      0     0     3246.8787    48     3234.2718 UserPurge2: 1    14296    0.39%
      0     0     3246.8753    49     3234.2718 UserPurge2: 1    14314    0.39%
      0     0     3246.8636    48     3234.2718 UserPurge2: 1    14346    0.39%
      0     0     3246.8529    46     3234.2718 UserPurge2: 1    14372    0.39%
      0     0     3246.8415    47     3234.2718 UserPurge2: 1    14417    0.39%
      0     0     3246.8365    47     3234.2718 UserPurge2: 1    14436    0.39%
      0     0     3246.8216    47     3234.2718 UserPurge2: 1    14475    0.39%
      0     0     3246.8111    48     3234.2718 UserPurge2: 1    14505    0.39%
      0     0     3246.7941    47     3234.2718 UserPurge2: 1    14545    0.39%
      0     0     3246.7803    47     3234.2718 UserPurge2: 1    14571    0.39%
      0     0     3246.7696    47     3234.2718 UserPurge2: 1    14615    0.39%
      0     0     3246.7613    47     3234.2718 UserPurge2: 1    14648    0.39%
      0     0     3246.7539    48     3234.2718 UserPurge2: 1    14677    0.39%
      0     0     3246.7368    45     3234.2718 UserPurge2: 1    14711    0.39%
      0     0     3246.7262    45     3234.2718 UserPurge2: 1    14739    0.39%
      0     0     3246.7181    44     3234.2718 UserPurge2: 1    14774    0.38%
      0     0     3246.7096    44     3234.2718 UserPurge2: 1    14793    0.38%
      0     0     3246.7055    45     3234.2718 UserPurge2: 1    14820    0.38%
      0     0     3246.7028    46     3234.2718 UserPurge2: 1    14844    0.38%
      0     0     3246.7001    47     3234.2718 UserPurge2: 1    14866    0.38%
      0     0     3246.6957    48     3234.2718 UserPurge2: 1    14895    0.38%
      0     0     3246.6932    48     3234.2718 UserPurge2: 1    14920    0.38%
      0     0     3246.6887    49     3234.2718 UserPurge2: 1    14953    0.38%
      0     0     3246.6819    49     3234.2718 UserPurge2: 1    14984    0.38%
      0     0     3246.6665    49     3234.2718 UserPurge2: 1    15025    0.38%
      0     0     3246.6484    48     3234.2718 UserPurge2: 1    15075    0.38%
      0     0     3246.6355    46     3234.2718 UserPurge2: 1    15117    0.38%
      0     0     3246.6302    46     3234.2718 UserPurge2: 1    15137    0.38%
      0     0     3246.6213    47     3234.2718 UserPurge2: 1    15161    0.38%
      0     0     3246.6180    47     3234.2718 UserPurge2: 1    15180    0.38%
      0     0     3246.6125    48     3234.2718 UserPurge2: 1    15218    0.38%
      0     0     3246.6073    49     3234.2718 UserPurge2: 1    15252    0.38%
      0     0     3246.6030    50     3234.2718 UserPurge2: 1    15285    0.38%
      0     0     3246.5961    50     3234.2718 UserPurge2: 1    15314    0.38%
      0     0     3246.5920    49     3234.2718 UserPurge2: 1    15337    0.38%
      0     0     3246.5896    49     3234.2718 UserPurge2: 1    15361    0.38%
      0     0     3246.5874    50     3234.2718 UserPurge2: 1    15384    0.38%
      0     0     3246.5800    50     3234.2718 UserPurge2: 1    15440    0.38%
      0     0     3246.5642    48     3234.2718 UserPurge2: 1    15476    0.38%
      0     0     3246.5569    47     3234.2718 UserPurge2: 1    15496    0.38%
      0     0     3246.5443    48     3234.2718 UserPurge2: 1    15540    0.38%
      0     0     3246.5270    48     3234.2718 UserPurge2: 1    15585    0.38%
      0     0     3246.5137    47     3234.2718 UserPurge2: 1    15619    0.38%
      0     0     3246.5107    47     3234.2718 UserPurge2: 1    15643    0.38%
      0     0     3246.4939    48     3234.2718 UserPurge2: 1    15670    0.38%
      0     0     3246.4864    48     3234.2718 UserPurge2: 1    15690    0.38%
      0     0     3246.4702    49     3234.2718 UserPurge2: 1    15724    0.38%
      0     0     3246.4606    48     3234.2718 UserPurge2: 1    15756    0.38%
      0     0     3246.4543    49     3234.2718 UserPurge2: 1    15773    0.38%
      0     0     3246.4417    50     3234.2718 UserPurge2: 1    15799    0.38%
      0     0     3246.4310    51     3234.2718 UserPurge2: 1    15827    0.38%
      0     0     3246.4222    50     3234.2718 UserPurge2: 1    15854    0.38%
      0     0     3246.4120    49     3234.2718 UserPurge2: 1    15889    0.38%
      0     0     3246.4086    50     3234.2718 UserPurge2: 1    15906    0.38%
      0     0     3246.3943    50     3234.2718 UserPurge2: 1    15935    0.37%
      0     0     3246.3897    49     3234.2718 UserPurge2: 1    15961    0.37%
      0     0     3246.3806    49     3234.2718 UserPurge2: 1    15996    0.37%
      0     0     3246.3724    49     3234.2718 UserPurge2: 1    16024    0.37%
      0     0     3246.3590    50     3234.2718 UserPurge2: 1    16070    0.37%
      0     0     3246.3481    51     3234.2718 UserPurge2: 1    16099    0.37%
      0     0     3246.3308    50     3234.2718 UserPurge2: 1    16141    0.37%
      0     0     3246.3252    51     3234.2718 UserPurge2: 1    16158    0.37%
      0     0     3246.3132    51     3234.2718 UserPurge2: 1    16192    0.37%
      0     0     3246.3008    49     3234.2718 UserPurge2: 1    16235    0.37%
      0     0     3246.2895    49     3234.2718 UserPurge2: 1    16268    0.37%
      0     0     3246.2752    49     3234.2718 UserPurge2: 1    16306    0.37%
      0     0     3246.2711    50     3234.2718 UserPurge2: 1    16321    0.37%
      0     0     3246.2676    51     3234.2718 UserPurge2: 1    16344    0.37%
      0     0     3246.2622    52     3234.2718 UserPurge2: 1    16386    0.37%
      0     0     3246.2513    52     3234.2718 UserPurge2: 1    16423    0.37%
      0     0     3246.2360    50     3234.2718 UserPurge2: 1    16470    0.37%
      0     0     3246.2280    49     3234.2718 UserPurge2: 1    16498    0.37%
      0     0     3246.2225    50     3234.2718 UserPurge2: 1    16528    0.37%
      0     0     3246.2092    49     3234.2718 UserPurge2: 1    16573    0.37%
      0     0     3246.2022    50     3234.2718 UserPurge2: 1    16603    0.37%
      0     0     3246.1966    51     3234.2718 UserPurge2: 1    16624    0.37%
      0     0     3246.1790    49     3234.2718 UserPurge2: 1    16659    0.37%
      0     0     3246.1729    49     3234.2718 UserPurge2: 1    16701    0.37%
      0     0     3246.1597    49     3234.2718 UserPurge2: 1    16738    0.37%
      0     0     3246.1554    50     3234.2718 UserPurge2: 1    16763    0.37%
      0     0     3246.1501    50     3234.2718 UserPurge2: 1    16779    0.37%
      0     0     3246.1390    48     3234.2718 UserPurge2: 1    16806    0.37%
      0     0     3246.1304    49     3234.2718 UserPurge2: 1    16837    0.37%
      0     0     3246.1184    50     3234.2718 UserPurge2: 1    16891    0.37%
      0     0     3246.1102    50     3234.2718 UserPurge2: 1    16922    0.37%
      0     0     3246.1023    50     3234.2718 UserPurge2: 1    16946    0.37%
      0     0     3246.0935    51     3234.2718 UserPurge2: 1    16966    0.37%
      0     0     3246.0815    52     3234.2718 UserPurge2: 1    17008    0.37%
      0     0     3246.0700    52     3234.2718 UserPurge2: 1    17039    0.36%
      0     0     3246.0569    51     3234.2718 UserPurge2: 1    17076    0.36%
      0     0     3246.0514    51     3234.2718 UserPurge2: 1    17105    0.36%
      0     0     3246.0387    51     3234.2718 UserPurge2: 1    17133    0.36%
      0     0     3246.0243    50     3234.2718 UserPurge2: 1    17167    0.36%
      0     0     3246.0100    51     3234.2718 UserPurge2: 1    17198    0.36%
      0     0     3246.0049    51     3234.2718 UserPurge2: 1    17215    0.36%
      0     0     3245.9952    52     3234.2718 UserPurge2: 1    17243    0.36%
      0     0     3245.9866    52     3234.2718 UserPurge2: 1    17264    0.36%
      0     0     3245.9804    51     3234.2718 UserPurge2: 1    17300    0.36%
      0     0     3245.9726    50     3234.2718 UserPurge2: 1    17339    0.36%
      0     0     3245.9631    51     3234.2718 UserPurge2: 1    17368    0.36%
      0     0     3245.9554    50     3234.2718 UserPurge2: 1    17401    0.36%
      0     0     3245.9477    51     3234.2718 UserPurge2: 1    17430    0.36%
      0     0     3245.9409    51     3234.2718 UserPurge2: 1    17470    0.36%
      0     0     3245.9354    49     3234.2718 UserPurge2: 1    17496    0.36%
      0     0     3245.9277    50     3234.2718 UserPurge2: 1    17527    0.36%
      0     0     3245.9243    50     3234.2718 UserPurge2: 1    17561    0.36%
      0     0     3245.9208    51     3234.2718 UserPurge2: 1    17594    0.36%
      0     0     3245.9167    52     3234.2718 UserPurge2: 1    17616    0.36%
      0     0     3245.9116    53     3234.2718 UserPurge2: 1    17652    0.36%
      0     0     3245.9017    53     3234.2718 UserPurge2: 1    17687    0.36%
      0     0     3245.8936    53     3234.2718 UserPurge2: 1    17718    0.36%
      0     0     3245.8758    53     3234.2718 UserPurge2: 1    17780    0.36%
      0     0     3245.8632    53     3234.2718 UserPurge2: 1    17813    0.36%
      0     0     3245.8548    53     3234.2718 UserPurge2: 1    17851    0.36%
      0     0     3245.8437    52     3234.2718 UserPurge2: 1    17885    0.36%
      0     0     3245.8234    50     3234.2718 UserPurge2: 1    17929    0.36%
      0     0     3245.8153    51     3234.2718 UserPurge2: 1    17959    0.36%
      0     0     3245.7984    51     3234.2718 UserPurge2: 1    18000    0.36%
      0     0     3245.7881    51     3234.2718 UserPurge2: 1    18024    0.36%
      0     0     3245.7598    51     3234.2718 UserPurge2: 1    18070    0.36%
      0     0     3245.7436    52     3234.2718 UserPurge2: 1    18110    0.35%
      0     0     3245.7298    53     3234.2718 UserPurge2: 1    18140    0.35%
      0     0     3245.7111    53     3234.2718 UserPurge2: 1    18176    0.35%
      0     0     3245.6917    52     3234.2718 UserPurge2: 1    18211    0.35%
      0     0     3245.6665    50     3234.2718 UserPurge2: 1    18245    0.35%
      0     0     3245.6522    47     3234.2718 UserPurge2: 1    18285    0.35%
      0     0     3245.6453    47     3234.2718 UserPurge2: 1    18305    0.35%
      0     0     3245.6353    48     3234.2718 UserPurge2: 1    18328    0.35%
      0     0     3245.6298    49     3234.2718 UserPurge2: 1    18348    0.35%
      0     0     3245.6242    50     3234.2718 UserPurge2: 1    18374    0.35%
      0     0     3245.6202    51     3234.2718 UserPurge2: 1    18393    0.35%
      0     0     3245.6125    52     3234.2718 UserPurge2: 1    18415    0.35%
      0     0     3245.6075    53     3234.2718 UserPurge2: 1    18433    0.35%
      0     0     3245.5951    54     3234.2718 UserPurge2: 1    18474    0.35%
      0     0     3245.5618    51     3234.2718 UserPurge2: 1    18522    0.35%
      0     0     3245.5326    47     3234.2718 UserPurge2: 1    18569    0.35%
      0     0     3245.5176    48     3234.2718 UserPurge2: 1    18594    0.35%
      0     0     3245.4974    47     3234.2718 UserPurge2: 1    18620    0.35%
      0     0     3245.4850    47     3234.2718 UserPurge2: 1    18641    0.35%
      0     0     3245.4798    46     3234.2718 UserPurge2: 1    18659    0.35%
      0     2     3245.4798    46     3234.2718     3245.4778    18659    0.35%
Elapsed time = 99.69 sec. (9351.64 ticks, tree = 0.01 MB, solutions = 7)
      1     3     3242.3975    36     3234.2718     3245.4778   136466    0.35%
      2     4     3241.6420    23     3234.2718     3242.3975   164670    0.25%
      3     5     3239.3270    22     3234.2718     3242.3975   179111    0.25%
      4     6     3241.5593    23     3234.2718     3242.3975   199787    0.25%
      5     7     3241.1636    28     3234.2718     3242.3975   223199    0.25%
      6     8     3240.0412    21     3234.2718     3242.3975   237848    0.25%
      7     9     3240.0218    23     3234.2718     3242.3975   241916    0.25%
      8    10     3239.9581    20     3234.2718     3242.3975   246811    0.25%
      9    11     3239.7916    20     3234.2718     3242.3975   251726    0.25%
*    10+   10                         3236.5796     3242.3975             0.18%
     10    12     3237.9075    12     3236.5796     3242.3975   255028    0.18%
Elapsed time = 1650.93 sec. (977259.72 ticks, tree = 0.92 MB, solutions = 8)
     11    13     3237.8821    12     3236.5796     3242.3975   255114    0.18%
     12    14     3237.4055     9     3236.5796     3242.3975   255940    0.18%
     13    15     3237.0332    12     3236.5796     3242.3975   256873    0.18%
     15    15     3236.9874    10     3236.5796     3242.3975   257239    0.18%
     16    16     3236.7172    12     3236.5796     3242.3975   258132    0.18%
     17    17     3236.5892     8     3236.5796     3242.3975   258608    0.18%
     20    16     3241.9373    20     3236.5796     3242.3975   269581    0.18%
     21    17     3241.6604    19     3236.5796     3242.3975   279920    0.18%
     22    18     3241.5978    19     3236.5796     3242.3975   284548    0.18%
     23    19     3240.6056    22     3236.5796     3242.3975   303356    0.18%
Elapsed time = 2485.76 sec. (1501185.56 ticks, tree = 1.99 MB, solutions = 8)
     24    20     3241.3585    25     3236.5796     3242.3975   314571    0.18%
     25    21     3240.8681    17     3236.5796     3242.3975   324127    0.18%
     26    22     3240.6775    16     3236.5796     3242.3975   330520    0.18%
     27    23     3240.1503    19     3236.5796     3242.3975   344484    0.18%
     28    24     3239.8672    19     3236.5796     3242.3975   353155    0.18%
     29    25     3240.0110    27     3236.5796     3242.3975   366616    0.18%
     30    26     3239.9804    23     3236.5796     3242.3975   374246    0.18%
     31    27     3239.7295    20     3236.5796     3242.3975   381305    0.18%
     32    28     3239.6563    21     3236.5796     3242.3975   387042    0.18%
     33    29     3239.4512    20     3236.5796     3242.3975   392880    0.18%
Elapsed time = 4338.93 sec. (2768970.96 ticks, tree = 4.03 MB, solutions = 8)
     34    30     3239.3256    13     3236.5796     3242.3975   397370    0.18%
     35    31     3239.0905    26     3236.5796     3242.3975   404401    0.18%
     36    32     3237.8287    19     3236.5796     3242.3975   407424    0.18%
     37    33     3237.8282    12     3236.5796     3242.3975   407884    0.18%
     38    34     3237.8278     8     3236.5796     3242.3975   408017    0.18%
     39    35     3237.8253     5     3236.5796     3242.3975   408109    0.18%
*    40+   30                         3237.8192     3242.3975             0.14%
     40    30     3237.8213     2     3237.8192     3242.3975   408116    0.14%
     42    30     3242.2719    37     3237.8192     3242.2719   442006    0.14%

User cuts applied:  38945

Root node processing (before b&c):
  Real time             =   99.73 sec. (9440.81 ticks)
Sequential b&c:
  Real time             = 7100.33 sec. (4693038.98 ticks)
                          ------------
Total (root+branch&cut) = 7200.06 sec. (4702479.80 ticks)
@Parameters: 
is_S_cut                                true
is_add_all_yinF                         true
is_start_value                          true
is_usercut                              true
is_visualization                        false
uc_only_rootnode                        false

data                                    Qi
fn                                      data/Qi/instance_800_800.csv
mode                                    NewSubmodular
solver                                  cplex

p                                       10
r                                       2

EPS                                     1.0e-06
EPS_vio                                 1.0e-04
beta                                    0.10
gap                                     0.00
nodelimit                               Inf
timelimit                               7200.00


@PrintInfos
ItCnt: 511170
Current gap: 0.14 %
Termination Status: TIME_LIMIT
Primal Status: FEASIBLE_POINT
Solve Time: 7200.06 sec
Objective Value: 3237.819171
Number of Nodes:     43

CutInfo: [phase] num / time (sec) 
ZLP             [phase1]     0 / 0.00 [rLC]     0 / 0.00 [rUC]     0 / 0.00 [sLC]     0 / 0.00 [sUC]     0 / 0.00 
OldSubmodular   [phase1]     0 / 0.00 [rLC]     0 / 0.00 [rUC]     0 / 0.00 [sLC]     0 / 0.00 [sUC]     0 / 0.00 
NewSubmodular   [phase1]     0 / 0.00 [rLC]   478 / 37.73 [rUC]  2495 / 51.96 [sLC]     0 / 4.72 [sUC] 42040 / 1430.86 
PMP             [phase1]     0 / 0.00 [rLC]    12 / 30.25 [rUC]     0 / 0.00 [sLC]     2 / 4.69 [sUC]    88 / 254.81 
Separation Round: [phase1] 0  [rLC] 206  [rUC] 641  [sLC] 2  [sUC] 7328
Root Best Bound 3242.397534
Root Best Integer: 3234.271828
Best Bound: 3242.271936
Best Integer: 3237.819171

