Version identifier: 20.1.0.0 | 2020-11-10 | 9bedb6d68
CPXPARAM_Threads                                 1
CPXPARAM_TimeLimit                               7200
CPXPARAM_MIP_Tolerances_MIPGap                   0
Generic callback                                 0x60
1 of 1 MIP starts provided solutions.
MIP start 'm1' defined initial solution with objective 3199.5401.
Tried aggregator 1 time.
Reduced MIP has 1 rows, 501 columns, and 500 nonzeros.
Reduced MIP has 500 binaries, 0 generals, 0 SOSs, and 0 indicators.
Presolve time = 0.00 sec. (0.15 ticks)
Probing time = 0.00 sec. (0.05 ticks)
Tried aggregator 1 time.
Reduced MIP has 1 rows, 501 columns, and 500 nonzeros.
Reduced MIP has 500 binaries, 0 generals, 0 SOSs, and 0 indicators.
Presolve time = 0.00 sec. (0.15 ticks)
Probing time = 0.00 sec. (0.05 ticks)
MIP emphasis: balance optimality and feasibility.
MIP search method: dynamic search.
Parallel mode: none, using 1 thread.
Root relaxation solution time = 0.00 sec. (0.10 ticks)

        Nodes                                         Cuts/
   Node  Left     Objective  IInf  Best Integer    Best Bound    ItCnt     Gap

*     0+    0                         3199.5401     5432.0000            69.77%
      0     0     4258.8158     2     3199.5401     5432.0000        0   69.77%
      0     0     4112.4774     4     3199.5401 UserPurge2: 1       13   28.53%
      0     0     3889.9531     5     3199.5401 UserPurge2: 1       24   21.58%
      0     0     3687.7853     6     3199.5401 UserPurge2: 1       37   15.26%
      0     0     3554.3599     6     3199.5401 UserPurge2: 1       50   11.09%
      0     0     3492.0545     7     3199.5401 UserPurge2: 1       58    9.14%
      0     0     3464.9317     9     3199.5401 UserPurge2: 1       72    8.29%
      0     0     3437.1173     9     3199.5401 UserPurge2: 1       95    7.43%
      0     0     3426.5427    10     3199.5401 UserPurge2: 1      112    7.09%
      0     0     3418.2274    12     3199.5401 UserPurge2: 1      140    6.83%
      0     0     3411.4167    13     3199.5401 UserPurge2: 1      163    6.62%
      0     0     3406.1160    15     3199.5401 UserPurge2: 1      185    6.46%
      0     0     3398.0426    17     3199.5401 UserPurge2: 1      229    6.20%
      0     0     3385.9823    17     3199.5401 UserPurge2: 1      267    5.83%
      0     0     3379.1959    18     3199.5401 UserPurge2: 1      294    5.62%
      0     0     3373.2585    16     3199.5401 UserPurge2: 1      322    5.43%
      0     0     3371.7391    17     3199.5401 UserPurge1: 1      331    5.38%
      0     0     3367.7796    18     3199.5401 UserPurge2: 1      348    5.26%
      0     0     3365.1125    19     3199.5401 UserPurge2: 1      368    5.17%
      0     0     3363.7195    20     3199.5401 UserPurge2: 1      388    5.13%
      0     0     3360.0913    21     3199.5401 UserPurge1: 2      405    5.02%
      0     0     3349.0650    14     3199.5401 UserPurge2: 1      446    4.67%
      0     0     3340.7352    15     3199.5401 UserPurge2: 1      472    4.41%
      0     0     3336.5096    15     3199.5401 UserPurge1: 2      491    4.28%
      0     0     3335.2899    17     3199.5401 UserPurge1: 2      498    4.24%
      0     0     3335.2620    18     3199.5401 UserPurge1: 1      503    4.24%
      0     0     3332.8669    17     3199.5401 UserPurge2: 1      520    4.17%
      0     0     3331.3276    16     3199.5401 UserPurge2: 1      533    4.12%
      0     0     3328.6472    17     3199.5401 UserPurge2: 1      558    4.04%
      0     0     3326.1907    17     3199.5401 UserPurge2: 1      578    3.96%
      0     0     3324.2663    18     3199.5401 UserPurge2: 1      599    3.90%
      0     0     3320.6261    18     3199.5401 UserPurge2: 1      631    3.78%
      0     0     3318.4142    16     3199.5401 UserPurge2: 1      646    3.72%
      0     0     3316.7506    16     3199.5401 UserPurge2: 1      671    3.66%
      0     0     3314.8263    18     3199.5401 UserPurge2: 1      690    3.60%
      0     0     3314.0379    18     3199.5401 UserPurge2: 1      703    3.58%
      0     0     3312.4593    19     3199.5401 UserPurge2: 1      736    3.53%
      0     0     3309.7096    16     3199.5401 UserPurge2: 1      749    3.44%
      0     0     3306.8651    16     3199.5401 UserPurge2: 1      783    3.35%
      0     0     3304.5607    17     3199.5401 UserPurge2: 1      814    3.28%
      0     0     3303.0582    18     3199.5401 UserPurge2: 1      831    3.24%
      0     0     3301.3632    17     3199.5401 UserPurge2: 1      858    3.18%
      0     0     3299.8206    18     3199.5401 UserPurge2: 1      882    3.13%
      0     0     3298.4363    20     3199.5401 UserPurge2: 1      894    3.09%
      0     0     3295.4415    18     3199.5401 UserPurge2: 1      928    3.00%
      0     0     3294.2782    19     3199.5401 UserPurge2: 1      942    2.96%
      0     0     3292.2258    19     3199.5401 UserPurge2: 1      968    2.90%
      0     0     3291.3160    20     3199.5401 UserPurge2: 1      988    2.87%
      0     0     3290.1067    20     3199.5401 UserPurge2: 1     1015    2.83%
      0     0     3288.3372    19     3199.5401 UserPurge2: 1     1049    2.78%
      0     0     3288.0110    19     3199.5401 UserPurge2: 1     1063    2.77%
      0     0     3287.2597    19     3199.5401 UserPurge2: 1     1083    2.74%
      0     0     3286.5331    19     3199.5401 UserPurge2: 1     1101    2.72%
      0     0     3286.0646    20     3199.5401 UserPurge2: 1     1120    2.70%
      0     0     3285.5960    20     3199.5401 UserPurge2: 1     1141    2.69%
      0     0     3285.3084    20     3199.5401 UserPurge2: 1     1156    2.68%
      0     0     3284.4277    21     3199.5401 UserPurge2: 1     1178    2.65%
      0     0     3282.5781    21     3199.5401 UserPurge2: 1     1212    2.60%
      0     0     3281.8225    21     3199.5401 UserPurge2: 1     1235    2.57%
      0     0     3280.5020    20     3199.5401 UserPurge2: 1     1262    2.53%
      0     0     3279.7080    21     3199.5401 UserPurge2: 1     1283    2.51%
      0     0     3278.5687    21     3199.5401 UserPurge2: 1     1306    2.47%
      0     0     3277.5465    21     3199.5401 UserPurge2: 1     1320    2.44%
      0     0     3276.1244    21     3199.5401 UserPurge2: 1     1354    2.39%
      0     0     3275.1404    21     3199.5401 UserPurge2: 1     1378    2.36%
      0     0     3274.5058    21     3199.5401 UserPurge2: 1     1398    2.34%
      0     0     3273.7248    22     3199.5401 UserPurge2: 1     1411    2.32%
      0     0     3272.6926    22     3199.5401 UserPurge2: 1     1439    2.29%
      0     0     3271.8132    21     3199.5401 UserPurge2: 1     1451    2.26%
      0     0     3270.8610    19     3199.5401 UserPurge2: 1     1480    2.23%
      0     0     3270.1090    19     3199.5401 UserPurge2: 1     1494    2.21%
      0     0     3269.8050    20     3199.5401 UserPurge2: 1     1510    2.20%
      0     0     3269.6735    21     3199.5401 UserPurge2: 1     1528    2.19%
      0     0     3268.8904    22     3199.5401 UserPurge2: 1     1554    2.17%
      0     0     3267.6651    23     3199.5401 UserPurge2: 1     1577    2.13%
      0     0     3266.9833    23     3199.5401 UserPurge2: 1     1599    2.11%
      0     0     3266.5345    23     3199.5401 UserPurge2: 1     1615    2.09%
      0     0     3265.5853    22     3199.5401 UserPurge2: 1     1649    2.06%
      0     0     3264.2139    21     3199.5401 UserPurge2: 1     1692    2.02%
      0     0     3263.2074    22     3199.5401 UserPurge2: 1     1719    1.99%
      0     0     3262.3003    21     3199.5401 UserPurge2: 1     1742    1.96%
      0     0     3260.3773    20     3199.5401 UserPurge2: 1     1774    1.90%
      0     0     3259.8288    20     3199.5401 UserPurge2: 1     1799    1.88%
      0     0     3259.4687    20     3199.5401 UserPurge2: 1     1811    1.87%
      0     0     3259.2596    21     3199.5401 UserPurge2: 1     1830    1.87%
      0     0     3259.1147    21     3199.5401 UserPurge2: 1     1843    1.86%
      0     0     3258.6953    22     3199.5401 UserPurge2: 1     1863    1.85%
      0     0     3258.4119    23     3199.5401 UserPurge2: 1     1882    1.84%
      0     0     3258.2210    23     3199.5401 UserPurge2: 1     1896    1.83%
      0     0     3257.9553    23     3199.5401 UserPurge2: 1     1910    1.83%
      0     0     3257.6360    24     3199.5401 UserPurge2: 1     1934    1.82%
      0     0     3257.5187    25     3199.5401 UserPurge2: 1     1944    1.81%
      0     0     3256.9669    25     3199.5401 UserPurge2: 1     1971    1.79%
      0     0     3256.2657    25     3199.5401 UserPurge2: 1     2004    1.77%
      0     0     3255.8987    23     3199.5401 UserPurge2: 1     2020    1.76%
      0     0     3255.5551    22     3199.5401 UserPurge2: 1     2040    1.75%
      0     0     3255.2939    23     3199.5401 UserPurge2: 1     2059    1.74%
      0     0     3255.1046    24     3199.5401 UserPurge2: 1     2082    1.74%
      0     0     3254.9994    25     3199.5401 UserPurge2: 1     2094    1.73%
      0     0     3254.8393    26     3199.5401 UserPurge2: 1     2108    1.73%
      0     0     3254.4749    25     3199.5401 UserPurge2: 1     2137    1.72%
      0     0     3254.4035    25     3199.5401 UserPurge2: 1     2150    1.71%
      0     0     3254.1848    26     3199.5401 UserPurge2: 1     2171    1.71%
      0     0     3253.8745    27     3199.5401 UserPurge2: 1     2193    1.70%
      0     0     3252.8246    27     3199.5401 UserPurge2: 1     2235    1.67%
      0     0     3252.4769    26     3199.5401 UserPurge2: 1     2252    1.65%
      0     0     3252.2640    26     3199.5401 UserPurge2: 1     2272    1.65%
      0     0     3252.0355    25     3199.5401 UserPurge2: 1     2293    1.64%
      0     0     3251.6270    25     3199.5401 UserPurge2: 1     2328    1.63%
      0     0     3251.5451    25     3199.5401 UserPurge2: 1     2349    1.63%
      0     0     3251.3342    26     3199.5401 UserPurge2: 1     2363    1.62%
      0     0     3250.8481    27     3199.5401 UserPurge2: 1     2400    1.60%
      0     0     3250.3226    27     3199.5401 UserPurge2: 1     2438    1.59%
      0     0     3250.0228    25     3199.5401 UserPurge2: 1     2457    1.58%
      0     0     3249.4913    21     3199.5401 UserPurge2: 1     2488    1.56%
      0     0     3249.1440    22     3199.5401 UserPurge2: 1     2504    1.55%
      0     0     3248.8938    23     3199.5401 UserPurge2: 1     2519    1.54%
      0     0     3248.8088    24     3199.5401 UserPurge2: 1     2534    1.54%
      0     0     3248.7223    25     3199.5401 UserPurge2: 1     2547    1.54%
      0     0     3248.6793    25     3199.5401 UserPurge2: 1     2563    1.54%
      0     0     3248.6246    25     3199.5401 UserPurge2: 1     2578    1.53%
      0     0     3248.5677    26     3199.5401 UserPurge2: 1     2590    1.53%
      0     0     3248.3919    27     3199.5401 UserPurge2: 1     2619    1.53%
      0     0     3248.1371    26     3199.5401 UserPurge2: 1     2645    1.52%
      0     0     3247.8840    27     3199.5401 UserPurge2: 1     2666    1.51%
      0     0     3247.7090    28     3199.5401 UserPurge2: 1     2698    1.51%
      0     0     3247.5184    28     3199.5401 UserPurge2: 1     2718    1.50%
      0     0     3247.2483    27     3199.5401 UserPurge2: 1     2745    1.49%
      0     0     3247.0982    27     3199.5401 UserPurge2: 1     2773    1.49%
      0     0     3247.0405    28     3199.5401 UserPurge2: 1     2788    1.48%
      0     0     3246.9716    29     3199.5401 UserPurge2: 1     2804    1.48%
      0     0     3246.8241    29     3199.5401 UserPurge2: 1     2843    1.48%
      0     0     3246.4942    28     3199.5401 UserPurge2: 1     2867    1.47%
      0     0     3245.8227    26     3199.5401 UserPurge2: 1     2896    1.45%
      0     0     3245.5410    26     3199.5401 UserPurge2: 1     2915    1.44%
      0     0     3245.2878    26     3199.5401 UserPurge2: 1     2933    1.43%
      0     0     3245.0162    26     3199.5401 UserPurge2: 1     2949    1.42%
      0     0     3244.7426    27     3199.5401 UserPurge2: 1     2971    1.41%
      0     0     3244.4846    28     3199.5401 UserPurge2: 1     2990    1.40%
      0     0     3244.0988    28     3199.5401 UserPurge2: 1     3009    1.39%
      0     0     3243.8220    27     3199.5401 UserPurge2: 1     3036    1.38%
      0     0     3243.6782    28     3199.5401 UserPurge2: 1     3050    1.38%
      0     0     3243.3803    28     3199.5401 UserPurge2: 1     3077    1.37%
      0     0     3242.6784    27     3199.5401 UserPurge2: 1     3112    1.35%
      0     0     3242.5239    28     3199.5401 UserPurge2: 1     3125    1.34%
      0     0     3242.4060    28     3199.5401 UserPurge2: 1     3147    1.34%
      0     0     3242.2132    29     3199.5401 UserPurge2: 1     3177    1.33%
      0     0     3242.0187    29     3199.5401 UserPurge2: 1     3198    1.33%
      0     0     3241.6706    29     3199.5401 UserPurge2: 1     3242    1.32%
      0     0     3241.4666    27     3199.5401 UserPurge2: 1     3269    1.31%
      0     0     3241.3814    27     3199.5401 UserPurge2: 1     3280    1.31%
      0     0     3241.2972    28     3199.5401 UserPurge2: 1     3295    1.31%
      0     0     3241.2589    29     3199.5401 UserPurge2: 1     3310    1.30%
      0     0     3241.2170    30     3199.5401 UserPurge2: 1     3324    1.30%
      0     0     3241.1594    31     3199.5401 UserPurge2: 1     3341    1.30%
      0     0     3240.9720    30     3199.5401 UserPurge2: 1     3371    1.29%
      0     0     3240.9225    31     3199.5401 UserPurge2: 1     3398    1.29%
      0     0     3240.8414    30     3199.5401 UserPurge2: 1     3411    1.29%
      0     0     3240.6390    30     3199.5401 UserPurge2: 1     3454    1.28%
      0     0     3240.3674    29     3199.5401 UserPurge2: 1     3484    1.28%
      0     0     3240.2022    29     3199.5401 UserPurge2: 1     3514    1.27%
      0     0     3240.0536    29     3199.5401 UserPurge2: 1     3532    1.27%
      0     0     3239.4945    29     3199.5401 UserPurge2: 1     3569    1.25%
      0     0     3238.9513    29     3199.5401 UserPurge2: 1     3593    1.23%
      0     0     3238.8089    28     3199.5401 UserPurge2: 1     3611    1.23%
      0     0     3238.5763    28     3199.5401 UserPurge2: 1     3632    1.22%
      0     0     3238.4119    28     3199.5401 UserPurge2: 1     3649    1.21%
      0     0     3238.3234    28     3199.5401 UserPurge2: 1     3668    1.21%
      0     0     3238.1616    28     3199.5401 UserPurge2: 1     3683    1.21%
      0     0     3237.9320    28     3199.5401 UserPurge2: 1     3700    1.20%
      0     0     3237.6793    27     3199.5401 UserPurge2: 1     3729    1.19%
      0     0     3237.6185    27     3199.5401 UserPurge2: 1     3743    1.19%
      0     0     3237.4822    28     3199.5401 UserPurge2: 1     3766    1.19%
      0     0     3237.4062    28     3199.5401 UserPurge2: 1     3785    1.18%
      0     0     3237.2892    28     3199.5401 UserPurge2: 1     3803    1.18%
      0     0     3237.1741    29     3199.5401 UserPurge2: 1     3822    1.18%
      0     0     3237.0988    30     3199.5401 UserPurge2: 1     3839    1.17%
      0     0     3237.0406    30     3199.5401 UserPurge2: 1     3859    1.17%
      0     0     3236.9415    31     3199.5401 UserPurge2: 1     3895    1.17%
      0     0     3236.8210    31     3199.5401 UserPurge2: 1     3920    1.17%
      0     0     3236.6849    31     3199.5401 UserPurge2: 1     3953    1.16%
      0     0     3236.5231    31     3199.5401 UserPurge2: 1     3987    1.16%
      0     0     3236.4135    31     3199.5401 UserPurge2: 1     4008    1.15%
      0     0     3236.1330    31     3199.5401 UserPurge2: 1     4052    1.14%
      0     0     3236.0019    30     3199.5401 UserPurge2: 1     4078    1.14%
      0     0     3235.8898    31     3199.5401 UserPurge2: 1     4109    1.14%
      0     0     3235.7329    31     3199.5401 UserPurge2: 1     4134    1.13%
      0     0     3235.6111    32     3199.5401 UserPurge2: 1     4161    1.13%
      0     0     3235.4721    32     3199.5401 UserPurge2: 1     4177    1.12%
      0     0     3235.4115    32     3199.5401 UserPurge2: 1     4201    1.12%
      0     0     3235.3284    30     3199.5401 UserPurge2: 1     4216    1.12%
      0     0     3235.2661    31     3199.5401 UserPurge2: 1     4238    1.12%
      0     0     3235.2104    32     3199.5401 UserPurge2: 1     4258    1.11%
      0     0     3235.1323    33     3199.5401 UserPurge2: 1     4290    1.11%
      0     0     3235.0192    34     3199.5401 UserPurge2: 1     4317    1.11%
      0     0     3234.6722    30     3199.5401 UserPurge2: 1     4352    1.10%
      0     0     3234.4485    29     3199.5401 UserPurge2: 1     4371    1.09%
      0     0     3234.3607    29     3199.5401 UserPurge2: 1     4388    1.09%
      0     0     3234.3248    30     3199.5401 UserPurge2: 1     4401    1.09%
      0     0     3234.3090    31     3199.5401 UserPurge2: 1     4412    1.09%
      0     0     3234.2904    32     3199.5401 UserPurge2: 1     4427    1.09%
      0     0     3234.2418    33     3199.5401 UserPurge2: 1     4446    1.08%
      0     0     3233.9663    31     3199.5401 UserPurge2: 1     4491    1.08%
      0     0     3233.8438    32     3199.5401 UserPurge2: 1     4512    1.07%
      0     0     3233.7152    30     3199.5401 UserPurge2: 1     4538    1.07%
      0     0     3233.6273    30     3199.5401 UserPurge2: 1     4558    1.07%
      0     0     3233.4398    31     3199.5401 UserPurge2: 1     4578    1.06%
      0     0     3233.3327    31     3199.5401 UserPurge2: 1     4605    1.06%
      0     0     3233.2286    31     3199.5401 UserPurge2: 1     4633    1.05%
      0     0     3233.1647    32     3199.5401 UserPurge2: 1     4647    1.05%
      0     0     3233.0965    31     3199.5401 UserPurge2: 1     4668    1.05%
      0     0     3233.0466    32     3199.5401 UserPurge2: 1     4695    1.05%
      0     0     3233.0149    32     3199.5401 UserPurge2: 1     4719    1.05%
      0     0     3232.9756    33     3199.5401 UserPurge2: 1     4737    1.05%
      0     0     3232.9050    33     3199.5401 UserPurge2: 1     4763    1.04%
      0     0     3232.4568    28     3199.5401 UserPurge2: 1     4806    1.03%
      0     0     3232.3686    26     3199.5401 UserPurge2: 1     4828    1.03%
      0     0     3232.2937    27     3199.5401 UserPurge2: 1     4849    1.02%
      0     0     3232.2818    28     3199.5401 UserPurge2: 1     4855    1.02%
      0     0     3232.2397    29     3199.5401 UserPurge2: 1     4872    1.02%
      0     0     3232.1443    30     3199.5401 UserPurge2: 1     4890    1.02%
      0     0     3232.1015    30     3199.5401 UserPurge2: 1     4906    1.02%
      0     0     3231.9781    28     3199.5401 UserPurge2: 1     4928    1.01%
      0     0     3231.9495    29     3199.5401 UserPurge2: 1     4945    1.01%
      0     0     3231.9233    30     3199.5401 UserPurge2: 1     4956    1.01%
      0     0     3231.8691    31     3199.5401 UserPurge2: 1     4971    1.01%
      0     0     3231.8120    32     3199.5401 UserPurge2: 1     4995    1.01%
      0     0     3231.7140    31     3199.5401 UserPurge2: 1     5021    1.01%
      0     0     3231.6765    32     3199.5401 UserPurge2: 1     5032    1.00%
      0     0     3231.5817    30     3199.5401 UserPurge2: 1     5064    1.00%
      0     0     3231.4829    29     3199.5401 UserPurge2: 1     5086    1.00%
      0     0     3231.4612    30     3199.5401 UserPurge2: 1     5103    1.00%
      0     0     3231.4040    30     3199.5401 UserPurge2: 1     5120    1.00%
      0     0     3231.3570    30     3199.5401 UserPurge2: 1     5138    0.99%
      0     0     3231.3220    31     3199.5401 UserPurge2: 1     5154    0.99%
      0     0     3231.2926    32     3199.5401 UserPurge2: 1     5167    0.99%
      0     0     3231.2309    33     3199.5401 UserPurge2: 1     5188    0.99%
      0     0     3231.1774    34     3199.5401 UserPurge2: 1     5208    0.99%
      0     0     3231.0870    33     3199.5401 UserPurge2: 1     5235    0.99%
      0     0     3231.0179    33     3199.5401 UserPurge2: 1     5259    0.98%
      0     0     3230.8536    32     3199.5401 UserPurge2: 1     5300    0.98%
      0     0     3230.7740    32     3199.5401 UserPurge2: 1     5320    0.98%
      0     0     3230.7085    32     3199.5401 UserPurge2: 1     5345    0.97%
      0     0     3230.6744    32     3199.5401 UserPurge2: 1     5363    0.97%
      0     0     3230.6291    32     3199.5401 UserPurge2: 1     5390    0.97%
      0     0     3230.5770    33     3199.5401 UserPurge2: 1     5415    0.97%
      0     0     3230.5722    34     3199.5401 UserPurge2: 1     5427    0.97%
      0     0     3230.5580    35     3199.5401 UserPurge2: 1     5440    0.97%
      0     0     3230.5497    36     3199.5401 UserPurge2: 1     5450    0.97%
      0     0     3230.4686    33     3199.5401 UserPurge2: 1     5484    0.97%
      0     0     3230.4030    34     3199.5401 UserPurge2: 1     5507    0.96%
      0     0     3230.3161    33     3199.5401 UserPurge2: 1     5540    0.96%
      0     0     3230.2075    33     3199.5401 UserPurge2: 1     5559    0.96%
      0     0     3230.1398    33     3199.5401 UserPurge2: 1     5575    0.96%
      0     0     3230.0044    32     3199.5401 UserPurge2: 1     5608    0.95%
      0     0     3229.9847    33     3199.5401 UserPurge2: 1     5619    0.95%
      0     0     3229.9323    33     3199.5401 UserPurge2: 1     5635    0.95%
      0     0     3229.8543    33     3199.5401 UserPurge2: 1     5648    0.95%
      0     0     3229.7715    32     3199.5401 UserPurge2: 1     5674    0.94%
      0     0     3229.7170    32     3199.5401 UserPurge2: 1     5698    0.94%
      0     0     3229.6843    33     3199.5401 UserPurge2: 1     5712    0.94%
      0     0     3229.6477    34     3199.5401 UserPurge2: 1     5733    0.94%
      0     0     3229.6116    34     3199.5401 UserPurge2: 1     5756    0.94%
      0     0     3229.5882    35     3199.5401 UserPurge2: 1     5766    0.94%
      0     0     3229.5826    36     3199.5401 UserPurge2: 1     5772    0.94%
      0     0     3229.5209    37     3199.5401 UserPurge2: 1     5800    0.94%
      0     0     3229.4017    37     3199.5401 UserPurge2: 1     5834    0.93%
      0     0     3229.2871    35     3199.5401 UserPurge2: 1     5871    0.93%
      0     0     3229.2706    36     3199.5401 UserPurge2: 1     5891    0.93%
      0     0     3229.2187    36     3199.5401 UserPurge2: 1     5923    0.93%
      0     0     3229.1204    36     3199.5401 UserPurge2: 1     5954    0.92%
      0     0     3229.0489    36     3199.5401 UserPurge2: 1     5970    0.92%
      0     0     3228.9755    36     3199.5401 UserPurge2: 1     5991    0.92%
      0     0     3228.8840    36     3199.5401 UserPurge2: 1     6019    0.92%
      0     0     3228.7755    37     3199.5401 UserPurge2: 1     6051    0.91%
      0     0     3228.7236    37     3199.5401 UserPurge2: 1     6076    0.91%
      0     0     3228.5884    36     3199.5401 UserPurge2: 1     6109    0.91%
      0     0     3228.3345    35     3199.5401 UserPurge2: 1     6148    0.90%
      0     0     3228.2357    33     3199.5401 UserPurge2: 1     6167    0.90%
      0     0     3228.1100    33     3199.5401 UserPurge2: 1     6188    0.89%
      0     0     3228.0109    33     3199.5401 UserPurge2: 1     6208    0.89%
      0     0     3227.9431    34     3199.5401 UserPurge2: 1     6230    0.89%
      0     0     3227.8563    34     3199.5401 UserPurge2: 1     6256    0.89%
      0     0     3227.8014    35     3199.5401 UserPurge2: 1     6274    0.88%
      0     0     3227.7369    35     3199.5401 UserPurge2: 1     6297    0.88%
      0     0     3227.7149    36     3199.5401 UserPurge2: 1     6308    0.88%
      0     0     3227.6748    37     3199.5401 UserPurge2: 1     6330    0.88%
      0     0     3227.5072    34     3199.5401 UserPurge2: 1     6358    0.87%
      0     0     3227.4579    35     3199.5401 UserPurge2: 1     6378    0.87%
      0     0     3227.4150    36     3199.5401 UserPurge2: 1     6389    0.87%
      0     0     3227.3945    37     3199.5401 UserPurge2: 1     6406    0.87%
      0     0     3227.3085    38     3199.5401 UserPurge2: 1     6431    0.87%
      0     0     3227.2210    37     3199.5401 UserPurge2: 1     6463    0.87%
      0     0     3227.1948    36     3199.5401 UserPurge2: 1     6483    0.86%
      0     0     3227.1520    36     3199.5401 UserPurge2: 1     6513    0.86%
      0     0     3227.1104    37     3199.5401 UserPurge2: 1     6540    0.86%
      0     0     3227.0604    37     3199.5401 UserPurge2: 1     6565    0.86%
      0     0     3226.9910    37     3199.5401 UserPurge2: 1     6585    0.86%
      0     0     3226.9739    38     3199.5401 UserPurge2: 1     6604    0.86%
      0     0     3226.9479    39     3199.5401 UserPurge2: 1     6624    0.86%
      0     0     3226.9154    39     3199.5401 UserPurge2: 1     6645    0.86%
      0     0     3226.8018    35     3199.5401 UserPurge2: 1     6696    0.85%
      0     0     3226.7727    34     3199.5401 UserPurge2: 1     6712    0.85%
      0     0     3226.7504    35     3199.5401 UserPurge2: 1     6725    0.85%
      0     0     3226.7287    36     3199.5401 UserPurge2: 1     6740    0.85%
      0     0     3226.6932    37     3199.5401 UserPurge2: 1     6771    0.85%
      0     0     3226.6842    38     3199.5401 UserPurge2: 1     6780    0.85%
      0     0     3226.6584    37     3199.5401 UserPurge2: 1     6806    0.85%
      0     0     3226.6263    38     3199.5401 UserPurge2: 1     6826    0.85%
      0     0     3226.5679    36     3199.5401 UserPurge2: 1     6853    0.84%
      0     0     3226.5449    37     3199.5401 UserPurge2: 1     6870    0.84%
      0     0     3226.4927    37     3199.5401 UserPurge2: 1     6891    0.84%
      0     0     3226.4669    37     3199.5401 UserPurge2: 1     6904    0.84%
      0     0     3226.4266    38     3199.5401 UserPurge2: 1     6924    0.84%
      0     0     3226.3710    38     3199.5401 UserPurge2: 1     6948    0.84%
      0     0     3226.3423    39     3199.5401 UserPurge2: 1     6964    0.84%
      0     0     3226.2493    40     3199.5401 UserPurge2: 1     6991    0.83%
      0     0     3226.1699    36     3199.5401 UserPurge2: 1     7016    0.83%
      0     0     3226.1256    37     3199.5401 UserPurge2: 1     7032    0.83%
      0     0     3226.0609    37     3199.5401 UserPurge2: 1     7063    0.83%
      0     0     3226.0169    38     3199.5401 UserPurge2: 1     7086    0.83%
      0     0     3225.8810    37     3199.5401 UserPurge2: 1     7137    0.82%
      0     0     3225.8072    36     3199.5401 UserPurge2: 1     7161    0.82%
      0     0     3225.7418    35     3199.5401 UserPurge2: 1     7187    0.82%
      0     0     3225.6897    35     3199.5401 UserPurge2: 1     7204    0.82%
      0     0     3225.6205    35     3199.5401 UserPurge2: 1     7225    0.82%
      0     0     3225.5951    35     3199.5401 UserPurge2: 1     7242    0.81%
      0     0     3225.5543    36     3199.5401 UserPurge2: 1     7269    0.81%
      0     0     3225.5152    36     3199.5401 UserPurge2: 1     7300    0.81%
      0     0     3225.4553    37     3199.5401 UserPurge2: 1     7326    0.81%
      0     0     3225.4185    38     3199.5401 UserPurge2: 1     7348    0.81%
      0     0     3225.3545    38     3199.5401 UserPurge2: 1     7384    0.81%
      0     0     3225.3075    37     3199.5401 UserPurge2: 1     7403    0.81%
      0     0     3225.2500    35     3199.5401 UserPurge2: 1     7429    0.80%
      0     0     3225.2068    35     3199.5401 UserPurge2: 1     7451    0.80%
      0     0     3225.1420    36     3199.5401 UserPurge2: 1     7470    0.80%
*     0+    0                         3200.7776     3225.1420             0.76%
      0     0     3225.1152    37     3200.7776 UserPurge2: 1     7478    0.76%
      0     0     3225.0561    37     3200.7776 UserPurge2: 1     7496    0.76%
      0     0     3225.0266    37     3200.7776 UserPurge2: 1     7507    0.76%
      0     0     3224.9751    37     3200.7776 UserPurge2: 1     7541    0.76%
      0     0     3224.8866    37     3200.7776 UserPurge2: 1     7569    0.75%
      0     0     3224.8342    37     3200.7776 UserPurge2: 1     7587    0.75%
      0     0     3224.7758    37     3200.7776 UserPurge2: 1     7611    0.75%
      0     0     3224.7433    38     3200.7776 UserPurge2: 1     7636    0.75%
      0     0     3224.7265    38     3200.7776 UserPurge2: 1     7648    0.75%
      0     0     3224.6791    39     3200.7776 UserPurge2: 1     7674    0.75%
      0     0     3224.6494    39     3200.7776 UserPurge2: 1     7694    0.75%
      0     0     3224.6251    40     3200.7776 UserPurge2: 1     7720    0.75%
      0     0     3224.6085    40     3200.7776 UserPurge2: 1     7748    0.74%
      0     0     3224.5703    40     3200.7776 UserPurge2: 1     7772    0.74%
      0     0     3224.5523    41     3200.7776 UserPurge2: 1     7791    0.74%
      0     0     3224.4988    40     3200.7776 UserPurge2: 1     7828    0.74%
      0     0     3224.4682    40     3200.7776 UserPurge2: 1     7846    0.74%
      0     0     3224.3855    40     3200.7776 UserPurge2: 1     7873    0.74%
      0     0     3224.3017    38     3200.7776 UserPurge2: 1     7910    0.73%
      0     0     3224.2636    38     3200.7776 UserPurge2: 1     7928    0.73%
*     0+    0                         3206.1501     3224.2636             0.56%
      0     0     3224.2383    37     3206.1501 UserPurge2: 1     7942    0.56%
      0     0     3224.2045    37     3206.1501 UserPurge2: 1     7966    0.56%
      0     0     3224.1810    37     3206.1501 UserPurge2: 1     7980    0.56%
      0     0     3224.1623    38     3206.1501 UserPurge2: 1     8000    0.56%
      0     0     3224.1105    38     3206.1501 UserPurge2: 1     8018    0.56%
      0     0     3224.0841    39     3206.1501 UserPurge2: 1     8042    0.56%
      0     0     3224.0435    39     3206.1501 UserPurge2: 1     8073    0.56%
      0     0     3224.0264    40     3206.1501 UserPurge2: 1     8089    0.56%
      0     0     3224.0070    41     3206.1501 UserPurge2: 1     8110    0.56%
      0     0     3223.9836    42     3206.1501 UserPurge2: 1     8133    0.56%
      0     0     3223.9447    41     3206.1501 UserPurge2: 1     8160    0.56%
      0     0     3223.8874    41     3206.1501 UserPurge2: 1     8190    0.55%
      0     0     3223.8405    41     3206.1501 UserPurge2: 1     8219    0.55%
      0     0     3223.7441    41     3206.1501 UserPurge2: 1     8250    0.55%
      0     0     3223.6929    42     3206.1501 UserPurge2: 1     8277    0.55%
      0     0     3223.6413    41     3206.1501 UserPurge2: 1     8306    0.55%
      0     0     3223.5905    40     3206.1501 UserPurge2: 1     8333    0.54%
      0     0     3223.5501    41     3206.1501 UserPurge2: 1     8351    0.54%
      0     0     3223.5189    42     3206.1501 UserPurge2: 1     8381    0.54%
      0     0     3223.4437    40     3206.1501 UserPurge2: 1     8421    0.54%
      0     0     3223.3447    40     3206.1501 UserPurge2: 1     8474    0.54%
      0     0     3223.2212    38     3206.1501 UserPurge2: 1     8502    0.53%
      0     0     3223.1263    39     3206.1501 UserPurge2: 1     8526    0.53%
      0     0     3223.0828    40     3206.1501 UserPurge2: 1     8552    0.53%
      0     0     3222.9847    39     3206.1501 UserPurge2: 1     8596    0.53%
      0     0     3222.9660    39     3206.1501 UserPurge2: 1     8610    0.52%
      0     0     3222.9337    40     3206.1501 UserPurge2: 1     8631    0.52%
      0     0     3222.9166    40     3206.1501 UserPurge2: 1     8649    0.52%
      0     0     3222.8830    40     3206.1501 UserPurge2: 1     8676    0.52%
      0     0     3222.8588    41     3206.1501 UserPurge2: 1     8695    0.52%
      0     0     3222.8538    42     3206.1501 UserPurge2: 1     8713    0.52%
      0     0     3222.8280    43     3206.1501 UserPurge2: 1     8743    0.52%
      0     0     3222.7924    42     3206.1501 UserPurge2: 1     8767    0.52%
      0     0     3222.7536    42     3206.1501 UserPurge2: 1     8792    0.52%
      0     0     3222.6437    41     3206.1501 UserPurge2: 1     8829    0.51%
      0     0     3222.5807    41     3206.1501 UserPurge2: 1     8852    0.51%
      0     0     3222.5257    38     3206.1501 UserPurge2: 1     8892    0.51%
      0     0     3222.4918    39     3206.1501 UserPurge2: 1     8917    0.51%
      0     0     3222.4646    40     3206.1501 UserPurge2: 1     8932    0.51%
      0     0     3222.4370    41     3206.1501 UserPurge2: 1     8956    0.51%
      0     0     3222.4082    42     3206.1501 UserPurge2: 1     8977    0.51%
      0     0     3222.3926    43     3206.1501 UserPurge2: 1     8999    0.51%
      0     0     3222.3767    43     3206.1501 UserPurge2: 1     9028    0.51%
      0     0     3222.3473    43     3206.1501 UserPurge2: 1     9058    0.51%
      0     0     3222.3141    43     3206.1501 UserPurge2: 1     9081    0.50%
      0     0     3222.2458    43     3206.1501 UserPurge2: 1     9109    0.50%
      0     0     3222.1824    41     3206.1501 UserPurge2: 1     9142    0.50%
      0     0     3222.1127    41     3206.1501 UserPurge2: 1     9165    0.50%
      0     0     3222.0333    40     3206.1501 UserPurge2: 1     9192    0.50%
      0     0     3221.9750    41     3206.1501 UserPurge2: 1     9212    0.49%
      0     0     3221.9519    40     3206.1501 UserPurge2: 1     9228    0.49%
      0     0     3221.9130    41     3206.1501 UserPurge2: 1     9261    0.49%
      0     0     3221.7934    40     3206.1501 UserPurge2: 1     9296    0.49%
      0     0     3221.7561    39     3206.1501 UserPurge2: 1     9310    0.49%
      0     0     3221.6598    38     3206.1501 UserPurge2: 1     9336    0.48%
      0     0     3221.6002    38     3206.1501 UserPurge2: 1     9356    0.48%
      0     0     3221.5853    38     3206.1501 UserPurge2: 1     9381    0.48%
      0     0     3221.5692    38     3206.1501 UserPurge2: 1     9400    0.48%
      0     0     3221.5552    39     3206.1501 UserPurge2: 1     9419    0.48%
      0     0     3221.5310    38     3206.1501 UserPurge2: 1     9434    0.48%
      0     0     3221.5214    39     3206.1501 UserPurge2: 1     9446    0.48%
      0     0     3221.5050    40     3206.1501 UserPurge2: 1     9463    0.48%
      0     0     3221.4991    41     3206.1501 UserPurge2: 1     9472    0.48%
      0     0     3221.4874    42     3206.1501 UserPurge2: 1     9482    0.48%
      0     0     3221.4824    42     3206.1501 UserPurge2: 1     9491    0.48%
      0     0     3221.4587    41     3206.1501 UserPurge2: 1     9516    0.48%
      0     0     3221.4435    42     3206.1501 UserPurge2: 1     9539    0.48%
      0     0     3221.4185    41     3206.1501 UserPurge2: 1     9560    0.48%
      0     0     3221.4090    42     3206.1501 UserPurge2: 1     9571    0.48%
      0     0     3221.4004    43     3206.1501 UserPurge2: 1     9584    0.48%
      0     0     3221.3858    42     3206.1501 UserPurge2: 1     9610    0.48%
      0     0     3221.3697    43     3206.1501 UserPurge2: 1     9636    0.47%
      0     0     3221.3616    44     3206.1501 UserPurge2: 1     9655    0.47%
      0     0     3221.3448    44     3206.1501 UserPurge2: 1     9677    0.47%
      0     0     3221.3185    43     3206.1501 UserPurge2: 1     9707    0.47%
      0     0     3221.3167    44     3206.1501 UserPurge2: 1     9722    0.47%
      0     0     3221.3130    45     3206.1501 UserPurge2: 1     9736    0.47%
      0     0     3221.3086    46     3206.1501 UserPurge2: 1     9750    0.47%
      0     0     3221.2981    45     3206.1501 UserPurge2: 1     9784    0.47%
      0     0     3221.2909    46     3206.1501 UserPurge2: 1     9794    0.47%
      0     0     3221.2613    45     3206.1501 UserPurge2: 1     9819    0.47%
      0     0     3221.2226    44     3206.1501 UserPurge2: 1     9841    0.47%
      0     0     3221.2019    43     3206.1501 UserPurge2: 1     9857    0.47%
      0     0     3221.1523    41     3206.1501 UserPurge2: 1     9882    0.47%
      0     0     3221.1276    40     3206.1501 UserPurge2: 1     9899    0.47%
      0     0     3221.1015    41     3206.1501 UserPurge2: 1     9917    0.47%
      0     0     3221.0876    41     3206.1501 UserPurge2: 1     9928    0.47%
      0     0     3221.0710    42     3206.1501 UserPurge2: 1     9948    0.47%
      0     0     3221.0565    42     3206.1501 UserPurge2: 1     9967    0.46%
      0     0     3221.0416    43     3206.1501 UserPurge2: 1     9991    0.46%
      0     0     3221.0247    44     3206.1501 UserPurge2: 1    10012    0.46%
      0     0     3220.9958    44     3206.1501 UserPurge2: 1    10046    0.46%
      0     0     3220.9611    43     3206.1501 UserPurge2: 1    10070    0.46%
      0     0     3220.9446    44     3206.1501 UserPurge2: 1    10086    0.46%
      0     0     3220.9319    44     3206.1501 UserPurge2: 1    10101    0.46%
      0     0     3220.9092    44     3206.1501 UserPurge2: 1    10128    0.46%
      0     0     3220.8674    42     3206.1501 UserPurge2: 1    10163    0.46%
      0     0     3220.8473    43     3206.1501 UserPurge2: 1    10179    0.46%
      0     0     3220.8301    43     3206.1501 UserPurge2: 1    10197    0.46%
      0     0     3220.8040    43     3206.1501 UserPurge2: 1    10220    0.46%
      0     0     3220.7947    44     3206.1501 UserPurge2: 1    10234    0.46%
      0     0     3220.7804    45     3206.1501 UserPurge2: 1    10258    0.46%
      0     0     3220.7635    45     3206.1501 UserPurge2: 1    10279    0.46%
      0     0     3220.7382    44     3206.1501 UserPurge2: 1    10304    0.46%
      0     0     3220.7020    42     3206.1501 UserPurge2: 1    10337    0.45%
      0     0     3220.6802    42     3206.1501 UserPurge2: 1    10364    0.45%
      0     0     3220.6691    42     3206.1501 UserPurge2: 1    10379    0.45%
      0     0     3220.6598    43     3206.1501 UserPurge2: 1    10392    0.45%
*     0+    0                         3207.0211     3220.6598             0.43%
      0     0     3220.6368    44     3207.0211 UserPurge2: 1    10428    0.42%
      0     0     3220.6180    44     3207.0211 UserPurge2: 1    10459    0.42%
      0     0     3220.5987    43     3207.0211 UserPurge2: 1    10477    0.42%
      0     0     3220.5288    44     3207.0211 UserPurge2: 1    10505    0.42%
      0     0     3220.5064    43     3207.0211 UserPurge2: 1    10525    0.42%
      0     0     3220.4766    42     3207.0211 UserPurge2: 1    10555    0.42%
      0     0     3220.4731    43     3207.0211 UserPurge2: 1    10563    0.42%
      0     0     3220.4279    42     3207.0211 UserPurge2: 1    10591    0.42%
      0     0     3220.4002    43     3207.0211 UserPurge2: 1    10618    0.42%
      0     0     3220.3890    44     3207.0211 UserPurge2: 1    10633    0.42%
      0     0     3220.3653    44     3207.0211 UserPurge2: 1    10666    0.42%
      0     0     3220.3276    43     3207.0211 UserPurge2: 1    10687    0.41%
      0     0     3220.2964    41     3207.0211 UserPurge2: 1    10715    0.41%
      0     0     3220.2792    42     3207.0211 UserPurge2: 1    10733    0.41%
      0     0     3220.2567    43     3207.0211 UserPurge2: 1    10755    0.41%
      0     0     3220.2356    43     3207.0211 UserPurge2: 1    10778    0.41%
      0     0     3220.1955    42     3207.0211 UserPurge2: 1    10807    0.41%
      0     0     3220.1613    39     3207.0211 UserPurge2: 1    10830    0.41%
      0     0     3220.1261    40     3207.0211 UserPurge2: 1    10857    0.41%
      0     0     3220.0892    41     3207.0211 UserPurge2: 1    10880    0.41%
      0     0     3220.0814    42     3207.0211 UserPurge2: 1    10893    0.41%
      0     0     3220.0619    42     3207.0211 UserPurge2: 1    10918    0.41%
      0     0     3220.0447    42     3207.0211 UserPurge2: 1    10948    0.41%
      0     0     3220.0356    43     3207.0211 UserPurge2: 1    10967    0.41%
      0     0     3219.9868    42     3207.0211 UserPurge2: 1    11002    0.40%
      0     0     3219.9657    41     3207.0211 UserPurge2: 1    11017    0.40%
      0     0     3219.9298    42     3207.0211 UserPurge2: 1    11048    0.40%
      0     0     3219.8843    41     3207.0211 UserPurge2: 1    11078    0.40%
      0     0     3219.8675    42     3207.0211 UserPurge2: 1    11089    0.40%
      0     0     3219.8466    42     3207.0211 UserPurge2: 1    11106    0.40%
      0     0     3219.8142    39     3207.0211 UserPurge2: 1    11125    0.40%
      0     0     3219.7885    39     3207.0211 UserPurge2: 1    11143    0.40%
      0     0     3219.7778    40     3207.0211 UserPurge2: 1    11154    0.40%
      0     0     3219.7618    39     3207.0211 UserPurge2: 1    11168    0.40%
      0     0     3219.7477    40     3207.0211 UserPurge2: 1    11187    0.40%
      0     0     3219.7429    40     3207.0211 UserPurge2: 1    11198    0.40%
      0     0     3219.7405    41     3207.0211 UserPurge2: 1    11205    0.40%
      0     0     3219.7355    42     3207.0211 UserPurge2: 1    11219    0.40%
      0     0     3219.7330    43     3207.0211 UserPurge2: 1    11228    0.40%
      0     0     3219.7240    43     3207.0211 UserPurge2: 1    11255    0.40%
      0     0     3219.7188    44     3207.0211 UserPurge2: 1    11280    0.40%
      0     0     3219.7178    45     3207.0211 UserPurge2: 1    11288    0.40%
      0     0     3219.7157    46     3207.0211 UserPurge2: 1    11299    0.40%
      0     0     3219.7130    46     3207.0211 UserPurge2: 1    11315    0.40%
      0     0     3219.7074    47     3207.0211 UserPurge2: 1    11329    0.40%
      0     0     3219.6939    44     3207.0211 UserPurge2: 1    11365    0.40%
      0     0     3219.6809    45     3207.0211 UserPurge2: 1    11391    0.39%
      0     0     3219.6704    45     3207.0211 UserPurge2: 1    11415    0.39%
      0     0     3219.6415    43     3207.0211 UserPurge2: 1    11444    0.39%
      0     0     3219.6023    42     3207.0211 UserPurge2: 1    11474    0.39%
      0     0     3219.5724    41     3207.0211 UserPurge2: 1    11502    0.39%
      0     0     3219.5366    39     3207.0211 UserPurge2: 1    11534    0.39%
      0     0     3219.5281    40     3207.0211 UserPurge2: 1    11544    0.39%
      0     0     3219.5237    41     3207.0211 UserPurge2: 1    11554    0.39%
      0     0     3219.5081    41     3207.0211 UserPurge2: 1    11571    0.39%
      0     0     3219.4933    41     3207.0211 UserPurge2: 1    11583    0.39%
      0     0     3219.4852    41     3207.0211 UserPurge2: 1    11603    0.39%
      0     0     3219.4687    41     3207.0211 UserPurge2: 1    11618    0.39%
      0     0     3219.4556    42     3207.0211 UserPurge2: 1    11641    0.39%
      0     0     3219.4430    41     3207.0211 UserPurge2: 1    11664    0.39%
      0     0     3219.4295    41     3207.0211 UserPurge2: 1    11688    0.39%
      0     0     3219.4205    41     3207.0211 UserPurge2: 1    11701    0.39%
      0     0     3219.4169    40     3207.0211 UserPurge2: 1    11712    0.39%
      0     0     3219.4122    41     3207.0211 UserPurge2: 1    11728    0.39%
      0     0     3219.4062    42     3207.0211 UserPurge2: 1    11741    0.39%
      0     0     3219.3997    41     3207.0211 UserPurge2: 1    11762    0.39%
      0     0     3219.3881    41     3207.0211 UserPurge2: 1    11778    0.39%
      0     0     3219.3814    41     3207.0211 UserPurge2: 1    11793    0.39%
      0     0     3219.3783    42     3207.0211 UserPurge2: 1    11809    0.39%
      0     0     3219.3734    43     3207.0211 UserPurge2: 1    11831    0.39%
      0     0     3219.3726    44     3207.0211 UserPurge2: 1    11843    0.39%
      0     0     3219.3703    45     3207.0211 UserPurge2: 1    11856    0.39%
      0     0     3219.3577    46     3207.0211 UserPurge2: 1    11882    0.38%
      0     0     3219.3422    45     3207.0211 UserPurge2: 1    11912    0.38%
      0     0     3219.3310    44     3207.0211 UserPurge2: 1    11936    0.38%
      0     0     3219.3256    45     3207.0211 UserPurge2: 1    11947    0.38%
      0     0     3219.3127    46     3207.0211 UserPurge2: 1    11969    0.38%
      0     0     3219.2885    46     3207.0211 UserPurge2: 1    12005    0.38%
      0     0     3219.2490    41     3207.0211 UserPurge2: 1    12044    0.38%
      0     0     3219.2324    40     3207.0211 UserPurge2: 1    12072    0.38%
      0     0     3219.2155    40     3207.0211 UserPurge2: 1    12089    0.38%
      0     0     3219.2106    41     3207.0211 UserPurge2: 1    12096    0.38%
      0     0     3219.2021    40     3207.0211 UserPurge2: 1    12107    0.38%
      0     0     3219.1842    41     3207.0211 UserPurge2: 1    12124    0.38%
      0     0     3219.1679    40     3207.0211 UserPurge2: 1    12137    0.38%
      0     0     3219.1424    38     3207.0211 UserPurge2: 1    12157    0.38%
      0     0     3219.1338    38     3207.0211 UserPurge2: 1    12176    0.38%
      0     0     3219.1172    39     3207.0211 UserPurge2: 1    12193    0.38%
      0     0     3219.1091    39     3207.0211 UserPurge2: 1    12210    0.38%
      0     0     3219.0992    39     3207.0211 UserPurge2: 1    12225    0.38%
      0     0     3219.0936    40     3207.0211 UserPurge2: 1    12237    0.38%
      0     0     3219.0904    41     3207.0211 UserPurge2: 1    12248    0.38%
      0     0     3219.0844    42     3207.0211 UserPurge2: 1    12270    0.38%
      0     0     3219.0780    43     3207.0211 UserPurge2: 1    12283    0.38%
      0     0     3219.0652    44     3207.0211 UserPurge2: 1    12303    0.38%
      0     0     3219.0432    42     3207.0211 UserPurge2: 1    12323    0.37%
      0     0     3219.0308    41     3207.0211 UserPurge2: 1    12338    0.37%
      0     0     3219.0225    41     3207.0211 UserPurge2: 1    12353    0.37%
      0     0     3219.0112    40     3207.0211 UserPurge2: 1    12373    0.37%
      0     0     3219.0086    41     3207.0211 UserPurge2: 1    12382    0.37%
      0     0     3218.9939    42     3207.0211 UserPurge2: 1    12407    0.37%
      0     0     3218.9890    43     3207.0211 UserPurge2: 1    12414    0.37%
      0     0     3218.9785    43     3207.0211 UserPurge2: 1    12438    0.37%
      0     0     3218.9720    43     3207.0211 UserPurge2: 1    12456    0.37%
      0     0     3218.9681    44     3207.0211 UserPurge2: 1    12467    0.37%
      0     0     3218.9611    44     3207.0211 UserPurge2: 1    12493    0.37%
      0     0     3218.9452    43     3207.0211 UserPurge2: 1    12518    0.37%
      0     0     3218.9379    42     3207.0211 UserPurge2: 1    12539    0.37%
      0     0     3218.9356    43     3207.0211 UserPurge2: 1    12548    0.37%
      0     0     3218.9325    44     3207.0211 UserPurge2: 1    12559    0.37%
      0     0     3218.9247    45     3207.0211 UserPurge2: 1    12578    0.37%
      0     0     3218.9170    45     3207.0211 UserPurge2: 1    12601    0.37%
      0     0     3218.9096    45     3207.0211 UserPurge2: 1    12619    0.37%
      0     0     3218.9018    45     3207.0211 UserPurge2: 1    12640    0.37%
      0     0     3218.8868    45     3207.0211 UserPurge2: 1    12677    0.37%
      0     0     3218.8787    45     3207.0211 UserPurge2: 1    12696    0.37%
      0     0     3218.8693    46     3207.0211 UserPurge2: 1    12710    0.37%
      0     0     3218.8521    47     3207.0211 UserPurge2: 1    12732    0.37%
      0     0     3218.8204    44     3207.0211 UserPurge2: 1    12765    0.37%
      0     0     3218.8124    43     3207.0211 UserPurge2: 1    12793    0.37%
      0     0     3218.7987    43     3207.0211 UserPurge2: 1    12821    0.37%
      0     0     3218.7930    43     3207.0211 UserPurge2: 1    12832    0.37%
      0     0     3218.7866    43     3207.0211 UserPurge2: 1    12846    0.37%
      0     0     3218.7833    44     3207.0211 UserPurge2: 1    12852    0.37%
      0     0     3218.7812    45     3207.0211 UserPurge2: 1    12861    0.37%
      0     0     3218.7738    44     3207.0211 UserPurge2: 1    12881    0.37%
      0     0     3218.7649    45     3207.0211 UserPurge2: 1    12898    0.37%
      0     0     3218.7582    44     3207.0211 UserPurge2: 1    12909    0.37%
      0     0     3218.7465    42     3207.0211 UserPurge2: 1    12929    0.37%
      0     0     3218.7401    43     3207.0211 UserPurge2: 1    12951    0.37%
      0     0     3218.7331    43     3207.0211 UserPurge2: 1    12966    0.37%
      0     0     3218.7153    42     3207.0211 UserPurge2: 1    12996    0.36%
      0     0     3218.7080    42     3207.0211 UserPurge2: 1    13014    0.36%
      0     0     3218.7039    43     3207.0211 UserPurge2: 1    13030    0.36%
      0     0     3218.7010    44     3207.0211 UserPurge2: 1    13051    0.36%
      0     0     3218.6970    45     3207.0211 UserPurge2: 1    13065    0.36%
      0     0     3218.6903    46     3207.0211 UserPurge2: 1    13090    0.36%
      0     0     3218.6795    46     3207.0211 UserPurge2: 1    13115    0.36%
      0     0     3218.6701    45     3207.0211 UserPurge2: 1    13134    0.36%
      0     0     3218.6661    46     3207.0211 UserPurge2: 1    13151    0.36%
      0     0     3218.6602    46     3207.0211 UserPurge2: 1    13164    0.36%
      0     0     3218.6557    46     3207.0211 UserPurge2: 1    13181    0.36%
      0     0     3218.6507    47     3207.0211 UserPurge2: 1    13199    0.36%
      0     0     3218.6425    45     3207.0211 UserPurge2: 1    13231    0.36%
      0     0     3218.6386    46     3207.0211 UserPurge2: 1    13248    0.36%
      0     0     3218.6311    47     3207.0211 UserPurge2: 1    13272    0.36%
      0     0     3218.6188    47     3207.0211 UserPurge2: 1    13294    0.36%
      0     0     3218.5986    47     3207.0211 UserPurge2: 1    13327    0.36%
      0     0     3218.5870    47     3207.0211 UserPurge2: 1    13352    0.36%
      0     0     3218.5705    47     3207.0211 UserPurge2: 1    13377    0.36%
      0     0     3218.5445    46     3207.0211 UserPurge2: 1    13407    0.36%
      0     0     3218.5330    46     3207.0211 UserPurge2: 1    13427    0.36%
      0     0     3218.5082    45     3207.0211 UserPurge2: 1    13454    0.36%
      0     0     3218.4911    44     3207.0211 UserPurge2: 1    13474    0.36%
      0     0     3218.4644    42     3207.0211 UserPurge2: 1    13493    0.36%
      0     0     3218.4499    41     3207.0211 UserPurge2: 1    13516    0.36%
      0     0     3218.4444    42     3207.0211 UserPurge2: 1    13531    0.36%
      0     0     3218.4408    42     3207.0211 UserPurge2: 1    13539    0.36%
      0     0     3218.4374    43     3207.0211 UserPurge2: 1    13553    0.36%
      0     0     3218.4319    43     3207.0211 UserPurge2: 1    13573    0.36%
      0     0     3218.4281    44     3207.0211 UserPurge2: 1    13591    0.36%
      0     0     3218.4246    45     3207.0211 UserPurge2: 1    13610    0.36%
      0     0     3218.4238    46     3207.0211 UserPurge2: 1    13618    0.36%
      0     0     3218.4209    47     3207.0211 UserPurge2: 1    13637    0.36%
      0     0     3218.4133    47     3207.0211 UserPurge2: 1    13660    0.36%
      0     0     3218.4118    48     3207.0211 UserPurge2: 1    13676    0.36%
      0     0     3218.4062    49     3207.0211 UserPurge2: 1    13698    0.36%
      0     0     3218.3994    48     3207.0211 UserPurge2: 1    13728    0.35%
      0     0     3218.3964    49     3207.0211 UserPurge2: 1    13744    0.35%
      0     0     3218.3813    48     3207.0211 UserPurge2: 1    13775    0.35%
      0     0     3218.3691    49     3207.0211 UserPurge2: 1    13812    0.35%
      0     0     3218.3350    47     3207.0211 UserPurge2: 1    13847    0.35%
      0     0     3218.3182    47     3207.0211 UserPurge2: 1    13867    0.35%
      0     0     3218.2920    45     3207.0211 UserPurge2: 1    13908    0.35%
      0     0     3218.2762    46     3207.0211 UserPurge2: 1    13935    0.35%
      0     0     3218.2731    47     3207.0211 UserPurge2: 1    13952    0.35%
      0     0     3218.2621    48     3207.0211 UserPurge2: 1    13982    0.35%
      0     0     3218.2519    49     3207.0211 UserPurge2: 1    14002    0.35%
      0     0     3218.2370    48     3207.0211 UserPurge2: 1    14029    0.35%
      0     0     3218.2288    48     3207.0211 UserPurge2: 1    14055    0.35%
      0     0     3218.2226    48     3207.0211 UserPurge2: 1    14071    0.35%
      0     0     3218.2120    48     3207.0211 UserPurge2: 1    14090    0.35%
      0     0     3218.1986    47     3207.0211 UserPurge2: 1    14114    0.35%
      0     0     3218.1921    46     3207.0211 UserPurge2: 1    14145    0.35%
      0     0     3218.1824    47     3207.0211 UserPurge2: 1    14164    0.35%
      0     0     3218.1731    47     3207.0211 UserPurge2: 1    14190    0.35%
      0     0     3218.1699    48     3207.0211 UserPurge2: 1    14202    0.35%
      0     0     3218.1673    49     3207.0211 UserPurge2: 1    14218    0.35%
      0     0     3218.1638    50     3207.0211 UserPurge2: 1    14236    0.35%
      0     2     3218.1638    50     3207.0211     3218.1638    14236    0.35%
Elapsed time = 73.42 sec. (5167.20 ticks, tree = 0.01 MB, solutions = 4)
      1     3     3212.4377    26     3207.0211     3218.1637    43844    0.35%
      2     4     3211.8945    19     3207.0211     3212.4377    81697    0.17%
      3     5     3211.8841    16     3207.0211     3212.4377    82174    0.17%
      4     6     3211.3444    16     3207.0211     3212.4377    92438    0.17%
      5     7     3209.6096    14     3207.0211     3212.4377   106931    0.17%
      6     8     3211.3139    16     3207.0211     3212.4377   109084    0.17%
      7     9     3209.8283    14     3207.0211     3212.4377   117498    0.17%
      8    10     3210.8843    16     3207.0211     3212.4377   124850    0.17%
      9    11     3210.9875    16     3207.0211     3212.4377   132640    0.17%
*    10+    6                         3210.5273     3212.4377             0.06%
     10     8     3210.9075    14     3210.5273     3212.4377   141874    0.06%
Elapsed time = 822.36 sec. (378302.77 ticks, tree = 0.31 MB, solutions = 5)
     11     7        cutoff           3210.5273     3212.4377   146403    0.06%
     12     6        cutoff           3210.5273     3212.4377   146899    0.06%
     13     7     3211.8750    20     3210.5273     3212.4376   159743    0.06%
     14     8     3211.3040    36     3210.5273     3212.4376   183198    0.06%
*    15     2      integral     0     3211.4249     3212.4376   185234    0.03%
     16     3     3211.6444    20     3211.4249     3211.8945   196786    0.01%
     17     2        cutoff           3211.4249     3211.8945   203704    0.01%
*    18     1      integral     0     3211.4682     3211.8945   204825    0.01%
     18     1     3211.4682     0     3211.4682     3211.8945   204825    0.01%
*    19     0      integral     0     3211.6667     3211.6667   206729    0.00%

User cuts applied:  15335

Root node processing (before b&c):
  Real time             =   73.44 sec. (5189.15 ticks)
Sequential b&c:
  Real time             = 1337.02 sec. (733053.33 ticks)
                          ------------
Total (root+branch&cut) = 1410.45 sec. (738242.48 ticks)
@Parameters: 
is_S_cut                                true
is_add_all_yinF                         true
is_start_value                          true
is_usercut                              true
is_visualization                        false
uc_only_rootnode                        false

data                                    Qi
fn                                      data/Qi/instance_1000_500.csv
mode                                    NewSubmodular
solver                                  cplex

p                                       10
r                                       5

EPS                                     1.0e-06
EPS_vio                                 1.0e-04
beta                                    0.10
gap                                     0.00
nodelimit                               Inf
timelimit                               7200.00


@PrintInfos
ItCnt: 206729
Current gap: 0.00 %
Termination Status: OPTIMAL
Primal Status: FEASIBLE_POINT
Solve Time: 1410.45 sec
Objective Value: 3211.666714
Number of Nodes:     20

CutInfo: [phase] num / time (sec) 
ZLP             [phase1]     0 / 0.00 [rLC]     0 / 0.00 [rUC]     0 / 0.00 [sLC]     0 / 0.00 [sUC]     0 / 0.00 
OldSubmodular   [phase1]     0 / 0.00 [rLC]     0 / 0.00 [rUC]     0 / 0.00 [sLC]     0 / 0.00 [sUC]     0 / 0.00 
NewSubmodular   [phase1]     0 / 0.00 [rLC]   266 / 28.44 [rUC]  2019 / 38.27 [sLC]     0 / 9.45 [sUC] 15270 / 479.36 
PMP             [phase1]     0 / 0.00 [rLC]     9 / 23.63 [rUC]     0 / 0.00 [sLC]     4 / 9.42 [sUC]    29 / 96.14 
Separation Round: [phase1] 0  [rLC] 170  [rUC] 654  [sLC] 4  [sUC] 5214
Root Best Bound 3212.437657
Root Best Integer: 3207.021144
Best Bound: 3211.666714
Best Integer: 3211.666714

