Version identifier: 20.1.0.0 | 2020-11-10 | 9bedb6d68
CPXPARAM_Threads                                 1
CPXPARAM_TimeLimit                               7200
CPXPARAM_MIP_Tolerances_MIPGap                   0
Generic callback                                 0x60
1 of 1 MIP starts provided solutions.
MIP start 'm1' defined initial solution with objective 3987.3212.
Tried aggregator 1 time.
Reduced MIP has 1 rows, 801 columns, and 800 nonzeros.
Reduced MIP has 800 binaries, 0 generals, 0 SOSs, and 0 indicators.
Presolve time = 0.00 sec. (0.24 ticks)
Probing time = 0.00 sec. (0.09 ticks)
Tried aggregator 1 time.
Reduced MIP has 1 rows, 801 columns, and 800 nonzeros.
Reduced MIP has 800 binaries, 0 generals, 0 SOSs, and 0 indicators.
Presolve time = 0.00 sec. (0.25 ticks)
Probing time = 0.00 sec. (0.09 ticks)
MIP emphasis: balance optimality and feasibility.
MIP search method: dynamic search.
Parallel mode: none, using 1 thread.
Root relaxation solution time = 0.00 sec. (0.17 ticks)

        Nodes                                         Cuts/
   Node  Left     Objective  IInf  Best Integer    Best Bound    ItCnt     Gap

*     0+    0                         3987.3212     5432.0000            36.23%
      0     0     5432.0000     2     3987.3212     5432.0000        0   36.23%
      0     0     5111.2603     3     3987.3212 UserPurge2: 1        6   28.19%
      0     0     4755.8829     4     3987.3212 UserPurge2: 1       14   19.28%
      0     0     4482.6557     5     3987.3212 UserPurge2: 1       20   12.42%
      0     0     4417.9979     6     3987.3212 UserPurge2: 1       37   10.80%
      0     0     4330.3930     7     3987.3212 UserPurge2: 1       54    8.60%
      0     0     4289.2393     7     3987.3212 UserPurge2: 1       66    7.57%
      0     0     4227.2594     7     3987.3212 UserPurge2: 1       82    6.02%
      0     0     4215.5831     9     3987.3212 UserPurge2: 1       93    5.72%
      0     0     4198.9575     9     3987.3212 UserPurge2: 1      105    5.31%
      0     0     4195.7903    10     3987.3212 UserPurge2: 1      114    5.23%
      0     0     4192.4813    10     3987.3212 UserPurge2: 1      143    5.15%
      0     0     4189.3620    12     3987.3212 UserPurge2: 1      163    5.07%
      0     0     4184.1754    13     3987.3212 UserPurge2: 1      182    4.94%
      0     0     4172.5439    13     3987.3212 UserPurge2: 1      212    4.65%
      0     0     4168.6086    13     3987.3212 UserPurge2: 1      247    4.55%
      0     0     4164.0876    15     3987.3212 UserPurge2: 1      262    4.43%
      0     0     4159.8661    16     3987.3212 UserPurge2: 1      289    4.33%
      0     0     4154.3707    17     3987.3212 UserPurge2: 1      319    4.19%
      0     0     4147.1661    16     3987.3212 UserPurge2: 1      363    4.01%
      0     0     4143.9738    17     3987.3212 UserPurge2: 1      396    3.93%
      0     0     4142.2299    19     3987.3212 UserPurge1: 1      410    3.89%
      0     0     4138.7698    20     3987.3212 UserPurge2: 1      436    3.80%
      0     0     4138.2404    20     3987.3212 UserPurge1: 1      445    3.78%
      0     0     4134.7602    20     3987.3212 UserPurge2: 1      474    3.70%
      0     0     4132.9187    18     3987.3212 UserPurge2: 1      495    3.65%
      0     0     4129.7586    19     3987.3212 UserPurge2: 1      533    3.57%
      0     0     4124.0308    17     3987.3212 UserPurge2: 1      578    3.43%
      0     0     4119.6869    17     3987.3212 UserPurge2: 1      599    3.32%
      0     0     4118.6634    18     3987.3212 UserPurge2: 1      622    3.29%
      0     0     4116.5869    18     3987.3212 UserPurge2: 1      646    3.24%
      0     0     4114.6124    18     3987.3212 UserPurge2: 1      667    3.19%
      0     0     4112.5574    18     3987.3212 UserPurge2: 1      692    3.14%
      0     0     4109.8649    16     3987.3212 UserPurge2: 1      723    3.07%
      0     0     4107.3133    17     3987.3212 UserPurge2: 1      746    3.01%
      0     0     4106.4440    18     3987.3212 UserPurge2: 1      770    2.99%
      0     0     4104.6585    17     3987.3212 UserPurge2: 1      805    2.94%
      0     0     4102.8027    17     3987.3212 UserPurge2: 1      826    2.90%
      0     0     4101.4205    17     3987.3212 UserPurge2: 1      848    2.86%
      0     0     4100.8653    18     3987.3212 UserPurge2: 1      865    2.85%
      0     0     4099.8898    19     3987.3212 UserPurge2: 1      884    2.82%
      0     0     4099.3097    20     3987.3212 UserPurge2: 1      900    2.81%
      0     0     4098.9124    20     3987.3212 UserPurge2: 1      934    2.80%
      0     0     4097.8474    19     3987.3212 UserPurge2: 1      980    2.77%
      0     0     4096.3853    19     3987.3212 UserPurge2: 1     1001    2.74%
      0     0     4094.4107    18     3987.3212 UserPurge2: 1     1049    2.69%
      0     0     4093.4199    19     3987.3212 UserPurge2: 1     1073    2.66%
      0     0     4092.8208    20     3987.3212 UserPurge2: 1     1086    2.65%
      0     0     4089.9217    17     3987.3212 UserPurge2: 1     1121    2.57%
      0     0     4088.8334    18     3987.3212 UserPurge2: 1     1139    2.55%
      0     0     4088.3586    20     3987.3212 UserPurge2: 1     1152    2.53%
      0     0     4087.4997    22     3987.3212 UserPurge2: 1     1187    2.51%
      0     0     4086.3622    20     3987.3212 UserPurge2: 1     1232    2.48%
      0     0     4084.6512    20     3987.3212 UserPurge2: 1     1256    2.44%
      0     0     4084.0213    21     3987.3212 UserPurge2: 1     1272    2.43%
      0     0     4083.2840    19     3987.3212 UserPurge2: 1     1299    2.41%
      0     0     4082.3197    18     3987.3212 UserPurge2: 1     1324    2.38%
      0     0     4081.0977    20     3987.3212 UserPurge2: 1     1339    2.35%
      0     0     4080.5311    21     3987.3212 UserPurge2: 1     1361    2.34%
      0     0     4078.6773    19     3987.3212 UserPurge2: 1     1394    2.29%
      0     0     4077.3864    19     3987.3212 UserPurge2: 1     1425    2.26%
      0     0     4076.5518    20     3987.3212 UserPurge2: 1     1452    2.24%
      0     0     4075.3135    19     3987.3212 UserPurge2: 1     1485    2.21%
      0     0     4074.4753    19     3987.3212 UserPurge2: 1     1509    2.19%
      0     0     4074.2027    20     3987.3212 UserPurge2: 1     1530    2.18%
      0     0     4073.5657    21     3987.3212 UserPurge2: 1     1554    2.16%
      0     0     4073.0090    19     3987.3212 UserPurge2: 1     1575    2.15%
      0     0     4072.5810    21     3987.3212 UserPurge2: 1     1600    2.14%
      0     0     4072.0171    21     3987.3212 UserPurge2: 1     1622    2.12%
      0     0     4071.3715    20     3987.3212 UserPurge2: 1     1649    2.11%
      0     0     4071.0087    22     3987.3212 UserPurge2: 1     1666    2.10%
      0     0     4070.2301    20     3987.3212 UserPurge2: 1     1691    2.08%
      0     0     4069.7771    21     3987.3212 UserPurge2: 1     1711    2.07%
      0     0     4069.3376    22     3987.3212 UserPurge2: 1     1734    2.06%
      0     0     4068.9961    22     3987.3212 UserPurge2: 1     1755    2.05%
      0     0     4068.4221    22     3987.3212 UserPurge2: 1     1789    2.03%
      0     0     4067.9385    24     3987.3212 UserPurge2: 1     1815    2.02%
      0     0     4067.0655    22     3987.3212 UserPurge2: 1     1856    2.00%
      0     0     4066.3099    23     3987.3212 UserPurge2: 1     1890    1.98%
*     0+    0                         3988.8807     4066.3099             1.94%
      0     0     4065.0760    22     3988.8807 UserPurge2: 1     1932    1.91%
      0     0     4064.1032    23     3988.8807 UserPurge2: 1     1954    1.89%
      0     0     4063.8247    22     3988.8807 UserPurge2: 1     1978    1.88%
      0     0     4063.5828    23     3988.8807 UserPurge2: 1     1994    1.87%
      0     0     4063.3027    23     3988.8807 UserPurge2: 1     2015    1.87%
      0     0     4063.1830    22     3988.8807 UserPurge2: 1     2028    1.86%
      0     0     4062.6196    21     3988.8807 UserPurge2: 1     2059    1.85%
      0     0     4062.4804    23     3988.8807 UserPurge2: 1     2070    1.85%
      0     0     4062.1081    22     3988.8807 UserPurge2: 1     2094    1.84%
      0     0     4061.8549    23     3988.8807 UserPurge2: 1     2108    1.83%
      0     0     4061.5512    23     3988.8807 UserPurge2: 1     2131    1.82%
      0     0     4061.0648    23     3988.8807 UserPurge2: 1     2162    1.81%
      0     0     4060.8373    23     3988.8807 UserPurge2: 1     2187    1.80%
      0     0     4060.4446    22     3988.8807 UserPurge2: 1     2216    1.79%
      0     0     4059.9744    22     3988.8807 UserPurge2: 1     2240    1.78%
      0     0     4059.9082    22     3988.8807 UserPurge2: 1     2259    1.78%
*     0+    0                         3993.8902     4059.9082             1.65%
      0     0     4059.8250    23     3993.8902 UserPurge2: 1     2278    1.65%
      0     0     4059.6364    24     3993.8902 UserPurge2: 1     2299    1.65%
      0     0     4059.4681    25     3993.8902 UserPurge2: 1     2320    1.64%
      0     0     4059.3207    25     3993.8902 UserPurge2: 1     2340    1.64%
      0     0     4059.1484    26     3993.8902 UserPurge2: 1     2366    1.63%
      0     0     4058.5129    25     3993.8902 UserPurge2: 1     2404    1.62%
      0     0     4058.2082    26     3993.8902 UserPurge2: 1     2429    1.61%
      0     0     4057.7533    25     3993.8902 UserPurge2: 1     2463    1.60%
      0     0     4057.5382    26     3993.8902 UserPurge2: 1     2476    1.59%
      0     0     4057.2856    26     3993.8902 UserPurge2: 1     2498    1.59%
      0     0     4056.8172    25     3993.8902 UserPurge2: 1     2526    1.58%
      0     0     4056.6100    26     3993.8902 UserPurge2: 1     2548    1.57%
      0     0     4056.3760    26     3993.8902 UserPurge2: 1     2572    1.56%
      0     0     4056.0728    27     3993.8902 UserPurge2: 1     2601    1.56%
      0     0     4055.5110    25     3993.8902 UserPurge2: 1     2627    1.54%
      0     0     4055.4100    26     3993.8902 UserPurge2: 1     2642    1.54%
      0     0     4055.2953    26     3993.8902 UserPurge2: 1     2659    1.54%
      0     0     4054.4986    25     3993.8902 UserPurge2: 1     2701    1.52%
      0     0     4053.9809    23     3993.8902 UserPurge2: 1     2731    1.50%
      0     0     4053.7737    22     3993.8902 UserPurge2: 1     2746    1.50%
      0     0     4053.6540    23     3993.8902 UserPurge2: 1     2758    1.50%
      0     0     4053.4547    23     3993.8902 UserPurge2: 1     2776    1.49%
      0     0     4053.2713    24     3993.8902 UserPurge2: 1     2787    1.49%
      0     0     4052.9424    24     3993.8902 UserPurge2: 1     2809    1.48%
      0     0     4052.5543    24     3993.8902 UserPurge2: 1     2824    1.47%
      0     0     4052.5032    25     3993.8902 UserPurge2: 1     2829    1.47%
      0     0     4052.2544    25     3993.8902 UserPurge2: 1     2851    1.46%
      0     0     4052.0645    25     3993.8902 UserPurge2: 1     2873    1.46%
      0     0     4051.9602    24     3993.8902 UserPurge2: 1     2890    1.45%
      0     0     4051.9338    25     3993.8902 UserPurge2: 1     2900    1.45%
      0     0     4051.8682    26     3993.8902 UserPurge2: 1     2915    1.45%
      0     0     4051.7615    26     3993.8902 UserPurge2: 1     2936    1.45%
*     0+    0                         3996.2413     4051.7615             1.39%
      0     0     4051.5747    25     3996.2413 UserPurge2: 1     2967    1.38%
      0     0     4051.5329    26     3996.2413 UserPurge2: 1     2985    1.38%
      0     0     4051.4841    27     3996.2413 UserPurge2: 1     3005    1.38%
      0     0     4051.0144    26     3996.2413 UserPurge2: 1     3047    1.37%
      0     0     4050.8886    26     3996.2413 UserPurge2: 1     3075    1.37%
      0     0     4050.7843    26     3996.2413 UserPurge2: 1     3092    1.36%
      0     0     4050.5750    26     3996.2413 UserPurge2: 1     3114    1.36%
      0     0     4050.4596    26     3996.2413 UserPurge2: 1     3130    1.36%
      0     0     4050.3914    27     3996.2413 UserPurge2: 1     3152    1.36%
      0     0     4050.1708    26     3996.2413 UserPurge2: 1     3185    1.35%
      0     0     4050.0949    27     3996.2413 UserPurge2: 1     3200    1.35%
      0     0     4049.8523    26     3996.2413 UserPurge2: 1     3229    1.34%
      0     0     4049.7411    27     3996.2413 UserPurge2: 1     3240    1.34%
      0     0     4049.4243    26     3996.2413 UserPurge2: 1     3280    1.33%
      0     0     4049.2865    27     3996.2413 UserPurge2: 1     3298    1.33%
      0     0     4048.9881    28     3996.2413 UserPurge2: 1     3319    1.32%
      0     0     4048.6180    27     3996.2413 UserPurge2: 1     3351    1.31%
      0     0     4048.4089    28     3996.2413 UserPurge2: 1     3366    1.31%
      0     0     4048.2606    27     3996.2413 UserPurge2: 1     3386    1.30%
      0     0     4048.0700    27     3996.2413 UserPurge2: 1     3414    1.30%
      0     0     4047.8635    26     3996.2413 UserPurge2: 1     3433    1.29%
      0     0     4047.7833    27     3996.2413 UserPurge2: 1     3445    1.29%
      0     0     4047.7073    28     3996.2413 UserPurge2: 1     3460    1.29%
      0     0     4047.5914    28     3996.2413 UserPurge2: 1     3488    1.28%
      0     0     4047.5295    29     3996.2413 UserPurge2: 1     3507    1.28%
      0     0     4047.3657    29     3996.2413 UserPurge2: 1     3538    1.28%
      0     0     4047.2595    30     3996.2413 UserPurge2: 1     3561    1.28%
      0     0     4046.7961    29     3996.2413 UserPurge2: 1     3605    1.27%
      0     0     4046.3705    27     3996.2413 UserPurge2: 1     3640    1.25%
      0     0     4045.6232    26     3996.2413 UserPurge2: 1     3673    1.24%
      0     0     4045.3553    24     3996.2413 UserPurge2: 1     3692    1.23%
      0     0     4045.2288    25     3996.2413 UserPurge2: 1     3716    1.23%
      0     0     4045.1717    26     3996.2413 UserPurge2: 1     3729    1.22%
      0     0     4045.0873    26     3996.2413 UserPurge2: 1     3747    1.22%
      0     0     4044.9805    26     3996.2413 UserPurge2: 1     3761    1.22%
      0     0     4044.9227    27     3996.2413 UserPurge2: 1     3779    1.22%
      0     0     4044.8438    28     3996.2413 UserPurge2: 1     3798    1.22%
      0     0     4044.7805    29     3996.2413 UserPurge2: 1     3812    1.21%
      0     0     4044.7270    29     3996.2413 UserPurge2: 1     3829    1.21%
      0     0     4044.5391    28     3996.2413 UserPurge2: 1     3862    1.21%
      0     0     4044.2182    28     3996.2413 UserPurge2: 1     3893    1.20%
      0     0     4044.1458    27     3996.2413 UserPurge2: 1     3913    1.20%
      0     0     4044.0776    27     3996.2413 UserPurge2: 1     3928    1.20%
      0     0     4044.0651    28     3996.2413 UserPurge2: 1     3943    1.20%
      0     0     4044.0282    29     3996.2413 UserPurge2: 1     3959    1.20%
      0     0     4043.9743    30     3996.2413 UserPurge2: 1     3988    1.19%
      0     0     4043.8497    31     3996.2413 UserPurge2: 1     4016    1.19%
      0     0     4043.5200    28     3996.2413 UserPurge2: 1     4065    1.18%
      0     0     4043.2922    27     3996.2413 UserPurge2: 1     4086    1.18%
      0     0     4043.2165    28     3996.2413 UserPurge2: 1     4102    1.18%
      0     0     4042.9570    28     3996.2413 UserPurge2: 1     4124    1.17%
      0     0     4042.9055    28     3996.2413 UserPurge2: 1     4138    1.17%
      0     0     4042.8175    29     3996.2413 UserPurge2: 1     4156    1.17%
      0     0     4042.8031    30     3996.2413 UserPurge2: 1     4171    1.17%
      0     0     4042.7454    30     3996.2413 UserPurge2: 1     4191    1.16%
      0     0     4042.6956    31     3996.2413 UserPurge2: 1     4213    1.16%
      0     0     4042.6347    32     3996.2413 UserPurge2: 1     4229    1.16%
      0     0     4042.5520    33     3996.2413 UserPurge2: 1     4255    1.16%
      0     0     4042.4990    34     3996.2413 UserPurge2: 1     4282    1.16%
      0     0     4042.4200    34     3996.2413 UserPurge2: 1     4310    1.16%
      0     0     4042.3570    35     3996.2413 UserPurge2: 1     4338    1.15%
      0     0     4042.3308    36     3996.2413 UserPurge2: 1     4363    1.15%
      0     0     4042.2043    36     3996.2413 UserPurge2: 1     4391    1.15%
      0     0     4042.0779    36     3996.2413 UserPurge2: 1     4419    1.15%
      0     0     4041.6851    34     3996.2413 UserPurge2: 1     4464    1.14%
      0     0     4041.4136    32     3996.2413 UserPurge2: 1     4489    1.13%
      0     0     4041.3153    32     3996.2413 UserPurge2: 1     4504    1.13%
      0     0     4041.1630    29     3996.2413 UserPurge2: 1     4522    1.12%
      0     0     4040.9601    30     3996.2413 UserPurge2: 1     4551    1.12%
      0     0     4040.8715    31     3996.2413 UserPurge2: 1     4575    1.12%
      0     0     4040.7034    32     3996.2413 UserPurge2: 1     4604    1.11%
      0     0     4040.6388    31     3996.2413 UserPurge2: 1     4636    1.11%
      0     0     4040.5403    29     3996.2413 UserPurge2: 1     4671    1.11%
      0     0     4040.4846    29     3996.2413 UserPurge2: 1     4689    1.11%
      0     0     4040.4432    30     3996.2413 UserPurge2: 1     4705    1.11%
      0     0     4040.4187    31     3996.2413 UserPurge2: 1     4715    1.11%
      0     0     4040.3717    32     3996.2413 UserPurge2: 1     4739    1.10%
      0     0     4040.2870    32     3996.2413 UserPurge2: 1     4766    1.10%
      0     0     4040.2698    33     3996.2413 UserPurge2: 1     4778    1.10%
      0     0     4040.2289    34     3996.2413 UserPurge2: 1     4801    1.10%
      0     0     4040.1479    35     3996.2413 UserPurge2: 1     4844    1.10%
      0     0     4039.8888    32     3996.2413 UserPurge2: 1     4886    1.09%
      0     0     4039.7241    32     3996.2413 UserPurge2: 1     4908    1.09%
      0     0     4039.5330    31     3996.2413 UserPurge2: 1     4947    1.08%
      0     0     4039.2930    30     3996.2413 UserPurge2: 1     4973    1.08%
      0     0     4039.2590    31     3996.2413 UserPurge2: 1     4993    1.08%
*     0+    0                         4006.1063     4039.2590             0.83%
      0     0     4039.1440    30     4006.1063 UserPurge2: 1     5019    0.82%
      0     0     4039.1152    31     4006.1063 UserPurge2: 1     5035    0.82%
      0     0     4039.0359    32     4006.1063 UserPurge2: 1     5057    0.82%
      0     0     4038.8978    31     4006.1063 UserPurge2: 1     5088    0.82%
      0     0     4038.7765    32     4006.1063 UserPurge2: 1     5113    0.82%
      0     0     4038.6856    32     4006.1063 UserPurge2: 1     5134    0.81%
      0     0     4038.5062    31     4006.1063 UserPurge2: 1     5158    0.81%
      0     0     4038.4383    31     4006.1063 UserPurge2: 1     5174    0.81%
      0     0     4038.3732    30     4006.1063 UserPurge2: 1     5199    0.81%
      0     0     4038.3550    30     4006.1063 UserPurge2: 1     5213    0.80%
      0     0     4038.3124    31     4006.1063 UserPurge2: 1     5231    0.80%
      0     0     4038.2551    32     4006.1063 UserPurge2: 1     5255    0.80%
      0     0     4038.2411    33     4006.1063 UserPurge2: 1     5267    0.80%
      0     0     4038.2079    34     4006.1063 UserPurge2: 1     5290    0.80%
      0     0     4038.1479    33     4006.1063 UserPurge2: 1     5319    0.80%
      0     0     4038.1130    34     4006.1063 UserPurge2: 1     5338    0.80%
      0     0     4038.0782    33     4006.1063 UserPurge2: 1     5356    0.80%
      0     0     4038.0348    34     4006.1063 UserPurge2: 1     5371    0.80%
      0     0     4037.9663    34     4006.1063 UserPurge2: 1     5401    0.80%
      0     0     4037.9034    34     4006.1063 UserPurge2: 1     5424    0.79%
      0     0     4037.7984    34     4006.1063 UserPurge2: 1     5447    0.79%
      0     0     4037.6339    34     4006.1063 UserPurge2: 1     5480    0.79%
      0     0     4037.5816    34     4006.1063 UserPurge2: 1     5499    0.79%
      0     0     4037.4755    33     4006.1063 UserPurge2: 1     5528    0.78%
      0     0     4037.3863    33     4006.1063 UserPurge2: 1     5552    0.78%
      0     0     4037.2445    33     4006.1063 UserPurge2: 1     5579    0.78%
      0     0     4037.1315    33     4006.1063 UserPurge2: 1     5603    0.77%
      0     0     4037.0792    34     4006.1063 UserPurge2: 1     5632    0.77%
      0     0     4036.9755    33     4006.1063 UserPurge2: 1     5672    0.77%
      0     0     4036.9145    33     4006.1063 UserPurge2: 1     5693    0.77%
      0     0     4036.8733    34     4006.1063 UserPurge2: 1     5721    0.77%
      0     0     4036.8336    35     4006.1063 UserPurge2: 1     5741    0.77%
      0     0     4036.8046    36     4006.1063 UserPurge2: 1     5771    0.77%
      0     0     4036.7582    37     4006.1063 UserPurge2: 1     5799    0.77%
      0     0     4036.7043    36     4006.1063 UserPurge2: 1     5831    0.76%
      0     0     4036.6504    37     4006.1063 UserPurge2: 1     5856    0.76%
      0     0     4036.6098    37     4006.1063 UserPurge2: 1     5878    0.76%
      0     0     4036.5190    37     4006.1063 UserPurge2: 1     5933    0.76%
      0     0     4036.4385    38     4006.1063 UserPurge2: 1     5973    0.76%
      0     0     4036.3319    35     4006.1063 UserPurge2: 1     6020    0.75%
      0     0     4036.1857    34     4006.1063 UserPurge2: 1     6054    0.75%
      0     0     4036.1401    35     4006.1063 UserPurge2: 1     6079    0.75%
      0     0     4036.0910    36     4006.1063 UserPurge2: 1     6106    0.75%
      0     0     4036.0401    37     4006.1063 UserPurge2: 1     6132    0.75%
      0     0     4035.9605    36     4006.1063 UserPurge2: 1     6158    0.75%
      0     0     4035.8279    36     4006.1063 UserPurge2: 1     6191    0.74%
      0     0     4035.7145    35     4006.1063 UserPurge2: 1     6226    0.74%
      0     0     4035.6919    35     4006.1063 UserPurge2: 1     6252    0.74%
      0     0     4035.6660    36     4006.1063 UserPurge2: 1     6265    0.74%
      0     0     4035.6122    37     4006.1063 UserPurge2: 1     6293    0.74%
      0     0     4035.4673    36     4006.1063 UserPurge2: 1     6340    0.73%
      0     0     4035.3715    34     4006.1063 UserPurge2: 1     6378    0.73%
      0     0     4035.2989    35     4006.1063 UserPurge2: 1     6400    0.73%
      0     0     4035.1865    35     4006.1063 UserPurge2: 1     6427    0.73%
      0     0     4035.1035    35     4006.1063 UserPurge2: 1     6462    0.72%
      0     0     4035.0212    36     4006.1063 UserPurge2: 1     6495    0.72%
      0     0     4034.9640    36     4006.1063 UserPurge2: 1     6521    0.72%
      0     0     4034.9462    37     4006.1063 UserPurge2: 1     6544    0.72%
*     0+    0                         4006.6462     4034.9462             0.71%
      0     0     4034.9199    38     4006.6462 UserPurge2: 1     6578    0.71%
      0     0     4034.8984    36     4006.6462 UserPurge2: 1     6599    0.71%
      0     0     4034.8592    37     4006.6462 UserPurge2: 1     6623    0.70%
      0     0     4034.8443    38     4006.6462 UserPurge2: 1     6643    0.70%
      0     0     4034.8222    39     4006.6462 UserPurge2: 1     6664    0.70%
      0     0     4034.7834    40     4006.6462 UserPurge2: 1     6707    0.70%
      0     0     4034.7161    39     4006.6462 UserPurge2: 1     6747    0.70%
      0     0     4034.6485    40     4006.6462 UserPurge2: 1     6784    0.70%
      0     0     4034.5726    39     4006.6462 UserPurge2: 1     6822    0.70%
      0     0     4034.5156    39     4006.6462 UserPurge2: 1     6855    0.70%
      0     0     4034.4844    39     4006.6462 UserPurge2: 1     6876    0.69%
      0     0     4034.4283    39     4006.6462 UserPurge2: 1     6921    0.69%
      0     0     4034.3159    37     4006.6462 UserPurge2: 1     6965    0.69%
      0     0     4034.2324    37     4006.6462 UserPurge2: 1     6996    0.69%
      0     0     4034.1723    37     4006.6462 UserPurge2: 1     7020    0.69%
      0     0     4034.1215    38     4006.6462 UserPurge2: 1     7038    0.69%
      0     0     4034.0092    37     4006.6462 UserPurge2: 1     7068    0.68%
      0     0     4033.9788    38     4006.6462 UserPurge2: 1     7082    0.68%
      0     0     4033.8926    39     4006.6462 UserPurge2: 1     7116    0.68%
      0     0     4033.7897    39     4006.6462 UserPurge2: 1     7146    0.68%
      0     0     4033.7022    39     4006.6462 UserPurge2: 1     7181    0.68%
      0     0     4033.6521    40     4006.6462 UserPurge2: 1     7209    0.67%
      0     0     4033.5751    39     4006.6462 UserPurge2: 1     7246    0.67%
      0     0     4033.5185    39     4006.6462 UserPurge2: 1     7267    0.67%
      0     0     4033.4466    37     4006.6462 UserPurge2: 1     7292    0.67%
      0     0     4033.4183    38     4006.6462 UserPurge2: 1     7306    0.67%
      0     0     4033.3785    37     4006.6462 UserPurge2: 1     7336    0.67%
      0     0     4033.2984    37     4006.6462 UserPurge2: 1     7362    0.67%
      0     0     4033.2516    38     4006.6462 UserPurge2: 1     7382    0.66%
      0     0     4033.1683    38     4006.6462 UserPurge2: 1     7411    0.66%
      0     0     4033.1024    37     4006.6462 UserPurge2: 1     7446    0.66%
      0     0     4033.0857    38     4006.6462 UserPurge2: 1     7467    0.66%
      0     0     4033.0336    39     4006.6462 UserPurge2: 1     7503    0.66%
      0     0     4032.9921    39     4006.6462 UserPurge2: 1     7532    0.66%
      0     0     4032.8946    39     4006.6462 UserPurge2: 1     7559    0.66%
      0     0     4032.7667    39     4006.6462 UserPurge2: 1     7590    0.65%
      0     0     4032.7307    36     4006.6462 UserPurge2: 1     7610    0.65%
      0     0     4032.6545    36     4006.6462 UserPurge2: 1     7640    0.65%
      0     0     4032.6076    35     4006.6462 UserPurge2: 1     7661    0.65%
      0     0     4032.5512    35     4006.6462 UserPurge2: 1     7686    0.65%
      0     0     4032.4889    35     4006.6462 UserPurge2: 1     7713    0.64%
      0     0     4032.4410    36     4006.6462 UserPurge2: 1     7742    0.64%
      0     0     4032.4019    37     4006.6462 UserPurge2: 1     7767    0.64%
      0     0     4032.2887    35     4006.6462 UserPurge2: 1     7809    0.64%
      0     0     4032.2481    36     4006.6462 UserPurge2: 1     7833    0.64%
      0     0     4032.2290    36     4006.6462 UserPurge2: 1     7850    0.64%
      0     0     4032.1992    35     4006.6462 UserPurge2: 1     7871    0.64%
      0     0     4032.1906    36     4006.6462 UserPurge2: 1     7880    0.64%
      0     0     4032.1729    37     4006.6462 UserPurge2: 1     7898    0.64%
      0     0     4032.1382    37     4006.6462 UserPurge2: 1     7922    0.64%
      0     0     4032.1054    35     4006.6462 UserPurge2: 1     7941    0.64%
      0     0     4032.0517    35     4006.6462 UserPurge2: 1     7970    0.63%
      0     0     4032.0125    36     4006.6462 UserPurge2: 1     7982    0.63%
      0     0     4031.9549    35     4006.6462 UserPurge2: 1     8016    0.63%
      0     0     4031.9048    34     4006.6462 UserPurge2: 1     8040    0.63%
      0     0     4031.8703    34     4006.6462 UserPurge2: 1     8064    0.63%
      0     0     4031.8504    34     4006.6462 UserPurge2: 1     8082    0.63%
      0     0     4031.8232    35     4006.6462 UserPurge2: 1     8108    0.63%
      0     0     4031.7985    36     4006.6462 UserPurge2: 1     8135    0.63%
      0     0     4031.7704    36     4006.6462 UserPurge2: 1     8163    0.63%
      0     0     4031.7375    37     4006.6462 UserPurge2: 1     8192    0.63%
      0     0     4031.7184    38     4006.6462 UserPurge2: 1     8222    0.63%
      0     0     4031.7076    38     4006.6462 UserPurge2: 1     8242    0.63%
      0     0     4031.6660    38     4006.6462 UserPurge2: 1     8277    0.62%
      0     0     4031.5905    36     4006.6462 UserPurge2: 1     8310    0.62%
*     0+    0                         4009.9531     4031.5905             0.54%
      0     0     4031.5680    35     4009.9531 UserPurge2: 1     8333    0.54%
      0     0     4031.5560    36     4009.9531 UserPurge2: 1     8350    0.54%
      0     0     4031.5455    37     4009.9531 UserPurge2: 1     8362    0.54%
      0     0     4031.5259    36     4009.9531 UserPurge2: 1     8378    0.54%
      0     0     4031.4752    36     4009.9531 UserPurge2: 1     8398    0.54%
      0     0     4031.4220    36     4009.9531 UserPurge2: 1     8422    0.54%
      0     0     4031.3899    37     4009.9531 UserPurge2: 1     8441    0.53%
      0     0     4031.3408    35     4009.9531 UserPurge2: 1     8491    0.53%
      0     0     4031.3264    36     4009.9531 UserPurge2: 1     8508    0.53%
      0     0     4031.3002    35     4009.9531 UserPurge2: 1     8537    0.53%
      0     0     4031.2761    35     4009.9531 UserPurge2: 1     8563    0.53%
      0     0     4031.2618    36     4009.9531 UserPurge2: 1     8588    0.53%
      0     0     4031.2551    37     4009.9531 UserPurge2: 1     8606    0.53%
      0     0     4031.2501    38     4009.9531 UserPurge2: 1     8622    0.53%
      0     0     4031.2437    39     4009.9531 UserPurge2: 1     8644    0.53%
      0     0     4031.2391    40     4009.9531 UserPurge2: 1     8661    0.53%
      0     0     4031.2197    41     4009.9531 UserPurge2: 1     8687    0.53%
      0     0     4031.2039    42     4009.9531 UserPurge2: 1     8716    0.53%
      0     0     4031.1465    40     4009.9531 UserPurge2: 1     8755    0.53%
      0     0     4031.1038    39     4009.9531 UserPurge2: 1     8781    0.53%
      0     0     4031.0705    40     4009.9531 UserPurge2: 1     8816    0.53%
      0     0     4031.0383    41     4009.9531 UserPurge2: 1     8840    0.53%
      0     0     4031.0251    40     4009.9531 UserPurge2: 1     8868    0.53%
      0     0     4030.9697    40     4009.9531 UserPurge2: 1     8900    0.52%
      0     0     4030.8901    39     4009.9531 UserPurge2: 1     8940    0.52%
      0     0     4030.8239    38     4009.9531 UserPurge2: 1     8960    0.52%
      0     0     4030.7909    38     4009.9531 UserPurge2: 1     8986    0.52%
      0     0     4030.7483    37     4009.9531 UserPurge2: 1     9026    0.52%
      0     0     4030.6729    36     4009.9531 UserPurge2: 1     9052    0.52%
      0     0     4030.6514    35     4009.9531 UserPurge2: 1     9071    0.52%
      0     0     4030.6341    36     4009.9531 UserPurge2: 1     9097    0.52%
      0     0     4030.6254    37     4009.9531 UserPurge2: 1     9110    0.52%
      0     0     4030.6114    38     4009.9531 UserPurge2: 1     9150    0.52%
      0     0     4030.6001    38     4009.9531 UserPurge2: 1     9173    0.51%
      0     0     4030.5739    38     4009.9531 UserPurge2: 1     9214    0.51%
      0     0     4030.5518    38     4009.9531 UserPurge2: 1     9229    0.51%
      0     0     4030.5355    38     4009.9531 UserPurge2: 1     9249    0.51%
      0     0     4030.5086    38     4009.9531 UserPurge2: 1     9274    0.51%
      0     0     4030.4899    38     4009.9531 UserPurge2: 1     9299    0.51%
      0     0     4030.4794    38     4009.9531 UserPurge2: 1     9318    0.51%
      0     0     4030.4634    38     4009.9531 UserPurge2: 1     9345    0.51%
      0     0     4030.4432    39     4009.9531 UserPurge2: 1     9374    0.51%
      0     0     4030.4251    39     4009.9531 UserPurge2: 1     9407    0.51%
      0     0     4030.4005    40     4009.9531 UserPurge2: 1     9431    0.51%
      0     0     4030.3886    41     4009.9531 UserPurge2: 1     9454    0.51%
      0     0     4030.3815    42     4009.9531 UserPurge2: 1     9477    0.51%
      0     0     4030.3663    42     4009.9531 UserPurge2: 1     9505    0.51%
      0     0     4030.3480    42     4009.9531 UserPurge2: 1     9530    0.51%
      0     0     4030.3312    43     4009.9531 UserPurge2: 1     9559    0.51%
      0     0     4030.3236    44     4009.9531 UserPurge2: 1     9591    0.51%
      0     0     4030.3017    43     4009.9531 UserPurge2: 1     9628    0.51%
      0     0     4030.2585    43     4009.9531 UserPurge2: 1     9662    0.51%
      0     0     4030.2103    42     4009.9531 UserPurge2: 1     9709    0.51%
      0     0     4030.1957    43     4009.9531 UserPurge2: 1     9732    0.50%
      0     0     4030.1451    42     4009.9531 UserPurge2: 1     9761    0.50%
      0     0     4030.1283    42     4009.9531 UserPurge2: 1     9790    0.50%
      0     0     4030.1152    43     4009.9531 UserPurge2: 1     9818    0.50%
      0     0     4030.1070    43     4009.9531 UserPurge2: 1     9841    0.50%
      0     0     4030.0940    44     4009.9531 UserPurge2: 1     9869    0.50%
      0     0     4030.0738    44     4009.9531 UserPurge2: 1     9896    0.50%
      0     0     4030.0635    45     4009.9531 UserPurge2: 1     9918    0.50%
      0     0     4030.0241    45     4009.9531 UserPurge2: 1     9951    0.50%
      0     0     4029.9626    43     4009.9531 UserPurge2: 1    10003    0.50%
      0     0     4029.9053    43     4009.9531 UserPurge2: 1    10037    0.50%
      0     0     4029.8792    42     4009.9531 UserPurge2: 1    10058    0.50%
      0     0     4029.8572    42     4009.9531 UserPurge2: 1    10083    0.50%
      0     0     4029.7731    39     4009.9531 UserPurge2: 1    10127    0.49%
      0     0     4029.7236    39     4009.9531 UserPurge2: 1    10155    0.49%
      0     0     4029.6968    40     4009.9531 UserPurge2: 1    10181    0.49%
      0     0     4029.6686    40     4009.9531 UserPurge2: 1    10214    0.49%
      0     0     4029.6414    41     4009.9531 UserPurge2: 1    10239    0.49%
      0     0     4029.6254    42     4009.9531 UserPurge2: 1    10262    0.49%
      0     0     4029.6057    42     4009.9531 UserPurge2: 1    10292    0.49%
      0     0     4029.5707    42     4009.9531 UserPurge2: 1    10326    0.49%
      0     0     4029.5140    41     4009.9531 UserPurge2: 1    10364    0.49%
      0     0     4029.4807    41     4009.9531 UserPurge2: 1    10383    0.49%
      0     0     4029.4270    39     4009.9531 UserPurge2: 1    10412    0.49%
      0     0     4029.3912    40     4009.9531 UserPurge2: 1    10437    0.48%
      0     0     4029.3622    40     4009.9531 UserPurge2: 1    10483    0.48%
      0     0     4029.3505    41     4009.9531 UserPurge2: 1    10519    0.48%
      0     0     4029.3162    42     4009.9531 UserPurge2: 1    10552    0.48%
      0     0     4029.3034    42     4009.9531 UserPurge2: 1    10583    0.48%
      0     0     4029.2883    43     4009.9531 UserPurge2: 1    10606    0.48%
      0     0     4029.2694    42     4009.9531 UserPurge2: 1    10631    0.48%
      0     0     4029.2408    41     4009.9531 UserPurge2: 1    10657    0.48%
      0     0     4029.2333    42     4009.9531 UserPurge2: 1    10678    0.48%
      0     0     4029.2234    42     4009.9531 UserPurge2: 1    10698    0.48%
      0     0     4029.2106    42     4009.9531 UserPurge2: 1    10720    0.48%
      0     0     4029.1987    43     4009.9531 UserPurge2: 1    10749    0.48%
      0     0     4029.1913    44     4009.9531 UserPurge2: 1    10767    0.48%
      0     0     4029.1825    45     4009.9531 UserPurge2: 1    10784    0.48%
      0     0     4029.1672    45     4009.9531 UserPurge2: 1    10822    0.48%
      0     0     4029.1471    43     4009.9531 UserPurge2: 1    10850    0.48%
      0     0     4029.0943    42     4009.9531 UserPurge2: 1    10902    0.48%
      0     0     4029.0604    42     4009.9531 UserPurge2: 1    10922    0.48%
      0     0     4029.0334    43     4009.9531 UserPurge2: 1    10951    0.48%
      0     0     4029.0168    42     4009.9531 UserPurge2: 1    10981    0.48%
      0     0     4028.9819    43     4009.9531 UserPurge2: 1    11025    0.47%
      0     0     4028.9591    42     4009.9531 UserPurge2: 1    11056    0.47%
      0     0     4028.9327    43     4009.9531 UserPurge2: 1    11084    0.47%
      0     0     4028.8926    42     4009.9531 UserPurge2: 1    11119    0.47%
      0     0     4028.8764    43     4009.9531 UserPurge2: 1    11142    0.47%
      0     0     4028.8594    43     4009.9531 UserPurge2: 1    11165    0.47%
      0     0     4028.8164    42     4009.9531 UserPurge2: 1    11199    0.47%
      0     0     4028.8069    43     4009.9531 UserPurge2: 1    11212    0.47%
      0     0     4028.7946    43     4009.9531 UserPurge2: 1    11232    0.47%
      0     0     4028.7863    44     4009.9531 UserPurge2: 1    11250    0.47%
      0     0     4028.7117    42     4009.9531 UserPurge2: 1    11285    0.47%
      0     0     4028.7040    43     4009.9531 UserPurge2: 1    11302    0.47%
      0     0     4028.6687    43     4009.9531 UserPurge2: 1    11352    0.47%
      0     0     4028.6349    44     4009.9531 UserPurge2: 1    11374    0.47%
      0     0     4028.6186    45     4009.9531 UserPurge2: 1    11404    0.47%
      0     0     4028.5813    42     4009.9531 UserPurge2: 1    11441    0.46%
      0     0     4028.5702    42     4009.9531 UserPurge2: 1    11459    0.46%
      0     0     4028.5601    41     4009.9531 UserPurge2: 1    11482    0.46%
      0     0     4028.5552    42     4009.9531 UserPurge2: 1    11497    0.46%
      0     0     4028.5471    43     4009.9531 UserPurge2: 1    11519    0.46%
      0     0     4028.5391    43     4009.9531 UserPurge2: 1    11549    0.46%
      0     0     4028.5307    44     4009.9531 UserPurge2: 1    11566    0.46%
      0     0     4028.5156    43     4009.9531 UserPurge2: 1    11597    0.46%
      0     0     4028.5040    44     4009.9531 UserPurge2: 1    11625    0.46%
      0     0     4028.4669    45     4009.9531 UserPurge2: 1    11662    0.46%
      0     0     4028.4378    45     4009.9531 UserPurge2: 1    11684    0.46%
      0     0     4028.4303    46     4009.9531 UserPurge2: 1    11698    0.46%
      0     0     4028.4149    47     4009.9531 UserPurge2: 1    11724    0.46%
      0     0     4028.3943    48     4009.9531 UserPurge2: 1    11752    0.46%
      0     0     4028.3828    48     4009.9531 UserPurge2: 1    11769    0.46%
      0     0     4028.3567    47     4009.9531 UserPurge2: 1    11805    0.46%
      0     0     4028.3385    47     4009.9531 UserPurge2: 1    11822    0.46%
      0     0     4028.3169    48     4009.9531 UserPurge2: 1    11849    0.46%
      0     0     4028.2970    48     4009.9531 UserPurge2: 1    11875    0.46%
      0     0     4028.2625    48     4009.9531 UserPurge2: 1    11898    0.46%
      0     0     4028.2406    48     4009.9531 UserPurge2: 1    11935    0.46%
      0     0     4028.2190    49     4009.9531 UserPurge2: 1    11974    0.46%
      0     0     4028.1714    45     4009.9531 UserPurge2: 1    12008    0.45%
      0     0     4028.1327    45     4009.9531 UserPurge2: 1    12043    0.45%
      0     0     4028.0880    44     4009.9531 UserPurge2: 1    12082    0.45%
      0     0     4028.0540    44     4009.9531 UserPurge2: 1    12123    0.45%
      0     0     4028.0318    44     4009.9531 UserPurge2: 1    12155    0.45%
      0     0     4028.0027    44     4009.9531 UserPurge2: 1    12185    0.45%
      0     0     4027.9942    45     4009.9531 UserPurge2: 1    12207    0.45%
      0     0     4027.9687    45     4009.9531 UserPurge2: 1    12230    0.45%
      0     0     4027.9408    44     4009.9531 UserPurge2: 1    12263    0.45%
      0     0     4027.9142    45     4009.9531 UserPurge2: 1    12295    0.45%
      0     0     4027.8713    44     4009.9531 UserPurge2: 1    12337    0.45%
      0     0     4027.8358    43     4009.9531 UserPurge2: 1    12369    0.45%
      0     0     4027.8163    44     4009.9531 UserPurge2: 1    12391    0.45%
      0     0     4027.7934    44     4009.9531 UserPurge2: 1    12428    0.44%
      0     0     4027.7670    44     4009.9531 UserPurge2: 1    12451    0.44%
      0     0     4027.7488    44     4009.9531 UserPurge2: 1    12478    0.44%
      0     0     4027.7406    45     4009.9531 UserPurge2: 1    12502    0.44%
      0     0     4027.7268    45     4009.9531 UserPurge2: 1    12526    0.44%
      0     0     4027.7133    46     4009.9531 UserPurge2: 1    12555    0.44%
      0     0     4027.6993    46     4009.9531 UserPurge2: 1    12593    0.44%
      0     0     4027.6921    47     4009.9531 UserPurge2: 1    12614    0.44%
      0     0     4027.6833    47     4009.9531 UserPurge2: 1    12637    0.44%
      0     0     4027.6794    48     4009.9531 UserPurge2: 1    12650    0.44%
      0     0     4027.6571    48     4009.9531 UserPurge2: 1    12681    0.44%
      0     0     4027.6336    46     4009.9531 UserPurge2: 1    12721    0.44%
      0     0     4027.6159    46     4009.9531 UserPurge2: 1    12746    0.44%
      0     0     4027.6037    44     4009.9531 UserPurge2: 1    12774    0.44%
      0     0     4027.6006    45     4009.9531 UserPurge2: 1    12789    0.44%
      0     0     4027.5972    46     4009.9531 UserPurge2: 1    12807    0.44%
      0     0     4027.5811    45     4009.9531 UserPurge2: 1    12852    0.44%
      0     0     4027.5670    44     4009.9531 UserPurge2: 1    12891    0.44%
      0     0     4027.5583    45     4009.9531 UserPurge2: 1    12923    0.44%
      0     0     4027.5530    46     4009.9531 UserPurge2: 1    12943    0.44%
      0     0     4027.5466    47     4009.9531 UserPurge2: 1    12967    0.44%
      0     0     4027.5404    48     4009.9531 UserPurge2: 1    13005    0.44%
      0     0     4027.5247    48     4009.9531 UserPurge2: 1    13055    0.44%
      0     0     4027.5104    49     4009.9531 UserPurge2: 1    13085    0.44%
      0     0     4027.4991    49     4009.9531 UserPurge2: 1    13114    0.44%
      0     0     4027.4784    48     4009.9531 UserPurge2: 1    13155    0.44%
      0     0     4027.4709    48     4009.9531 UserPurge2: 1    13180    0.44%
      0     0     4027.4589    49     4009.9531 UserPurge2: 1    13228    0.44%
      0     0     4027.4473    49     4009.9531 UserPurge2: 1    13260    0.44%
      0     0     4027.4351    50     4009.9531 UserPurge2: 1    13302    0.44%
      0     0     4027.4203    48     4009.9531 UserPurge2: 1    13344    0.44%
      0     0     4027.3993    49     4009.9531 UserPurge2: 1    13385    0.44%
      0     0     4027.3703    48     4009.9531 UserPurge2: 1    13427    0.43%
      0     0     4027.3062    48     4009.9531 UserPurge2: 1    13481    0.43%
      0     0     4027.2831    46     4009.9531 UserPurge2: 1    13517    0.43%
      0     0     4027.2518    45     4009.9531 UserPurge2: 1    13542    0.43%
      0     0     4027.2360    45     4009.9531 UserPurge2: 1    13566    0.43%
      0     0     4027.2116    45     4009.9531 UserPurge2: 1    13603    0.43%
      0     0     4027.1996    46     4009.9531 UserPurge2: 1    13624    0.43%
      0     0     4027.1739    45     4009.9531 UserPurge2: 1    13656    0.43%
      0     0     4027.1463    43     4009.9531 UserPurge2: 1    13688    0.43%
      0     0     4027.1290    43     4009.9531 UserPurge2: 1    13706    0.43%
      0     0     4027.1203    42     4009.9531 UserPurge2: 1    13728    0.43%
      0     0     4027.1091    43     4009.9531 UserPurge2: 1    13751    0.43%
      0     0     4027.0969    43     4009.9531 UserPurge2: 1    13783    0.43%
      0     0     4027.0870    44     4009.9531 UserPurge2: 1    13810    0.43%
      0     0     4027.0804    45     4009.9531 UserPurge2: 1    13824    0.43%
      0     0     4027.0768    46     4009.9531 UserPurge2: 1    13839    0.43%
      0     0     4027.0641    45     4009.9531 UserPurge2: 1    13871    0.43%
      0     0     4027.0487    46     4009.9531 UserPurge2: 1    13906    0.43%
      0     0     4027.0384    47     4009.9531 UserPurge2: 1    13933    0.43%
      0     0     4027.0305    48     4009.9531 UserPurge2: 1    13966    0.43%
      0     0     4027.0227    49     4009.9531 UserPurge2: 1    13989    0.43%
      0     0     4026.9772    48     4009.9531 UserPurge2: 1    14053    0.42%
      0     0     4026.9466    47     4009.9531 UserPurge2: 1    14076    0.42%
      0     0     4026.9259    46     4009.9531 UserPurge2: 1    14109    0.42%
      0     0     4026.9097    47     4009.9531 UserPurge2: 1    14129    0.42%
      0     0     4026.8950    48     4009.9531 UserPurge2: 1    14149    0.42%
*     0+    0                         4013.5715     4026.8950             0.33%
      0     0     4026.8848    49     4013.5715 UserPurge2: 1    14178    0.33%
      0     0     4026.8338    46     4013.5715 UserPurge2: 1    14226    0.33%
      0     0     4026.8128    46     4013.5715 UserPurge2: 1    14257    0.33%
      0     0     4026.7910    46     4013.5715 UserPurge2: 1    14283    0.33%
      0     0     4026.7853    47     4013.5715 UserPurge2: 1    14298    0.33%
      0     0     4026.7692    46     4013.5715 UserPurge2: 1    14324    0.33%
      0     0     4026.7448    46     4013.5715 UserPurge2: 1    14358    0.33%
      0     0     4026.7203    46     4013.5715 UserPurge2: 1    14401    0.33%
      0     0     4026.7046    46     4013.5715 UserPurge2: 1    14432    0.33%
      0     0     4026.6971    47     4013.5715 UserPurge2: 1    14449    0.33%
      0     0     4026.6903    47     4013.5715 UserPurge2: 1    14471    0.33%
      0     0     4026.6847    48     4013.5715 UserPurge2: 1    14487    0.33%
      0     0     4026.6746    49     4013.5715 UserPurge2: 1    14514    0.33%
      0     0     4026.6630    50     4013.5715 UserPurge2: 1    14549    0.33%
      0     0     4026.6498    49     4013.5715 UserPurge2: 1    14570    0.33%
      0     0     4026.6418    48     4013.5715 UserPurge2: 1    14597    0.33%
      0     0     4026.6019    46     4013.5715 UserPurge2: 1    14633    0.32%
      0     0     4026.5872    45     4013.5715 UserPurge2: 1    14663    0.32%
      0     0     4026.5816    46     4013.5715 UserPurge2: 1    14683    0.32%
      0     0     4026.5722    46     4013.5715 UserPurge2: 1    14709    0.32%
      0     0     4026.5649    47     4013.5715 UserPurge2: 1    14731    0.32%
      0     0     4026.5620    48     4013.5715 UserPurge2: 1    14746    0.32%
      0     0     4026.5528    48     4013.5715 UserPurge2: 1    14773    0.32%
      0     0     4026.5470    49     4013.5715 UserPurge2: 1    14791    0.32%
      0     0     4026.5376    50     4013.5715 UserPurge2: 1    14816    0.32%
      0     0     4026.5104    49     4013.5715 UserPurge2: 1    14853    0.32%
      0     0     4026.4780    47     4013.5715 UserPurge2: 1    14893    0.32%
      0     0     4026.4692    48     4013.5715 UserPurge2: 1    14913    0.32%
      0     0     4026.4616    49     4013.5715 UserPurge2: 1    14933    0.32%
      0     0     4026.4504    50     4013.5715 UserPurge2: 1    14959    0.32%
      0     0     4026.4478    51     4013.5715 UserPurge2: 1    14986    0.32%
      0     0     4026.4403    50     4013.5715 UserPurge2: 1    15010    0.32%
      0     0     4026.4279    50     4013.5715 UserPurge2: 1    15046    0.32%
      0     0     4026.4157    51     4013.5715 UserPurge2: 1    15080    0.32%
      0     0     4026.3966    51     4013.5715 UserPurge2: 1    15110    0.32%
      0     0     4026.3482    49     4013.5715 UserPurge2: 1    15169    0.32%
      0     0     4026.3359    50     4013.5715 UserPurge2: 1    15189    0.32%
      0     0     4026.2974    48     4013.5715 UserPurge2: 1    15234    0.32%
      0     0     4026.2809    47     4013.5715 UserPurge2: 1    15253    0.32%
      0     0     4026.2666    48     4013.5715 UserPurge2: 1    15287    0.32%
      0     0     4026.2443    47     4013.5715 UserPurge2: 1    15326    0.32%
      0     0     4026.2352    47     4013.5715 UserPurge2: 1    15350    0.32%
      0     0     4026.2218    47     4013.5715 UserPurge2: 1    15387    0.32%
      0     0     4026.2125    47     4013.5715 UserPurge2: 1    15416    0.31%
      0     0     4026.1996    48     4013.5715 UserPurge2: 1    15440    0.31%
      0     0     4026.1872    48     4013.5715 UserPurge2: 1    15462    0.31%
      0     0     4026.1679    49     4013.5715 UserPurge2: 1    15504    0.31%
      0     0     4026.1459    49     4013.5715 UserPurge2: 1    15547    0.31%
      0     0     4026.1182    49     4013.5715 UserPurge2: 1    15592    0.31%
      0     0     4026.0920    49     4013.5715 UserPurge2: 1    15632    0.31%
      0     0     4026.0775    49     4013.5715 UserPurge2: 1    15666    0.31%
      0     0     4026.0541    49     4013.5715 UserPurge2: 1    15690    0.31%
      0     0     4026.0471    49     4013.5715 UserPurge2: 1    15710    0.31%
      0     0     4026.0411    49     4013.5715 UserPurge2: 1    15726    0.31%
      0     0     4026.0325    50     4013.5715 UserPurge2: 1    15748    0.31%
      0     0     4026.0277    51     4013.5715 UserPurge2: 1    15778    0.31%
      0     0     4026.0134    52     4013.5715 UserPurge2: 1    15816    0.31%
      0     0     4025.9870    50     4013.5715 UserPurge2: 1    15860    0.31%
      0     0     4025.9716    51     4013.5715 UserPurge2: 1    15887    0.31%
      0     0     4025.9428    48     4013.5715 UserPurge2: 1    15919    0.31%
      0     0     4025.9261    48     4013.5715 UserPurge2: 1    15941    0.31%
      0     0     4025.9129    49     4013.5715 UserPurge2: 1    15963    0.31%
      0     0     4025.8847    48     4013.5715 UserPurge2: 1    16020    0.31%
      0     0     4025.8727    47     4013.5715 UserPurge2: 1    16038    0.31%
      0     0     4025.8655    47     4013.5715 UserPurge2: 1    16067    0.31%
      0     0     4025.8384    47     4013.5715 UserPurge2: 1    16104    0.31%
      0     0     4025.8299    47     4013.5715 UserPurge2: 1    16123    0.31%
      0     0     4025.8247    47     4013.5715 UserPurge2: 1    16150    0.31%
      0     0     4025.8159    46     4013.5715 UserPurge2: 1    16176    0.31%
      0     0     4025.8031    47     4013.5715 UserPurge2: 1    16207    0.30%
      0     0     4025.8001    48     4013.5715 UserPurge2: 1    16232    0.30%
      0     0     4025.7972    49     4013.5715 UserPurge2: 1    16246    0.30%
      0     0     4025.7946    49     4013.5715 UserPurge2: 1    16262    0.30%
      0     0     4025.7837    49     4013.5715 UserPurge2: 1    16295    0.30%
      0     0     4025.7729    49     4013.5715 UserPurge2: 1    16319    0.30%
      0     0     4025.7603    48     4013.5715 UserPurge2: 1    16356    0.30%
      0     0     4025.7543    48     4013.5715 UserPurge2: 1    16374    0.30%
      0     0     4025.7483    49     4013.5715 UserPurge2: 1    16400    0.30%
      0     0     4025.7437    50     4013.5715 UserPurge2: 1    16418    0.30%
      0     0     4025.7271    50     4013.5715 UserPurge2: 1    16451    0.30%
      0     0     4025.7203    49     4013.5715 UserPurge2: 1    16482    0.30%
      0     2     4025.7203    49     4013.5715     4025.7198    16482    0.30%
Elapsed time = 209.68 sec. (8592.90 ticks, tree = 0.01 MB, solutions = 8)
      1     3     4020.4990    49     4013.5715     4025.7194   159097    0.30%
      2     4     4020.6378    19     4013.5715     4020.6377   190454    0.18%
      3     5     4020.0812    27     4013.5715     4020.6377   206186    0.18%
      4     6     4020.3581    23     4013.5715     4020.4990   228378    0.17%
      5     7     4020.2536     4     4013.5715     4020.4990   243543    0.17%
      6     8     4020.2384    20     4013.5715     4020.4990   249569    0.17%
      7     9     4020.1469     2     4013.5715     4020.4990   250234    0.17%
      8    10     4020.0976     4     4013.5715     4020.4990   254448    0.17%
      9    11     4019.3340     2     4013.5715     4020.4990   259645    0.17%
*    10+   10                         4018.0124     4020.4990             0.06%
     10    12     4019.2334     8     4018.0124     4020.4990   263059    0.06%
Elapsed time = 2433.72 sec. (1290054.37 ticks, tree = 1.02 MB, solutions = 9)
     11    11        cutoff           4018.0124     4020.4990   263634    0.06%
     12    12     4019.1935    14     4018.0124     4020.4990   268859    0.06%
     13    11        cutoff           4018.0124     4020.4990   269390    0.06%
     14    12     4019.1263     8     4018.0124     4020.4990   272946    0.06%
     15    13     4019.1108     8     4018.0124     4020.4990   274481    0.06%
     17    13     4019.0417    14     4018.0124     4020.4990   278466    0.06%
     19    13     4018.2261    13     4018.0124     4020.4990   283428    0.06%
     20    14     4018.9681     8     4018.0124     4020.4990   284616    0.06%
     21    15     4018.9614     6     4018.0124     4020.4990   284722    0.06%
     22    16     4018.9408     4     4018.0124     4020.4990   285130    0.06%
Elapsed time = 2854.58 sec. (1545948.79 ticks, tree = 1.78 MB, solutions = 9)
     23    17     4018.8760     2     4018.0124     4020.4990   285764    0.06%
     24    18     4018.8463     2     4018.0124     4020.4990   286085    0.06%
     25    19     4018.6858     4     4018.0124     4020.4990   287013    0.06%
     26    20     4018.8415     2     4018.0124     4020.4990   287562    0.06%
     27    19        cutoff           4018.0124     4020.4990   288170    0.06%
     28    20     4018.8363     6     4018.0124     4020.4990   289204    0.06%
*    30+   14                         4018.7802     4020.4990             0.04%
     30    16     4018.8355     2     4018.7802     4020.4990   289554    0.04%
     31    17     4018.8334     6     4018.7802     4020.4990   289898    0.04%
     33    17     4018.8320     6     4018.7802     4020.4990   290249    0.04%
     36    17     4018.8290     4     4018.7802     4020.4990   290373    0.04%
Elapsed time = 3091.78 sec. (1644684.82 ticks, tree = 1.95 MB, solutions = 10)
     38    16     4018.8052     4     4018.7802     4020.4990   290467    0.04%
     41    16     4019.3309    37     4018.7802     4020.4990   338337    0.04%
     42    15        cutoff           4018.7802     4020.4990   349154    0.04%
     43    14        cutoff           4018.7802     4020.4990   374643    0.04%
     44    15     4020.3558    40     4018.7802     4020.3581   422244    0.04%
     45    16     4020.2358    41     4018.7802     4020.3581   456544    0.04%
     46    17     4020.1483    44     4018.7802     4020.3581   495983    0.04%
Advanced basis not built.

User cuts applied:  34605

Root node processing (before b&c):
  Real time             =  209.73 sec. (8672.14 ticks)
Sequential b&c:
  Real time             = 6990.67 sec. (4276403.52 ticks)
                          ------------
Total (root+branch&cut) = 7200.40 sec. (4285075.65 ticks)
@Parameters: 
is_S_cut                                true
is_add_all_yinF                         true
is_start_value                          true
is_usercut                              true
is_visualization                        false
uc_only_rootnode                        false

data                                    Qi
fn                                      data/Qi/instance_1000_800.csv
mode                                    NewSubmodular
solver                                  cplex

p                                       10
r                                       2

EPS                                     1.0e-06
EPS_vio                                 1.0e-04
beta                                    0.10
gap                                     0.00
nodelimit                               Inf
timelimit                               7200.00


@PrintInfos
ItCnt: 514727
Current gap: 0.04 %
Termination Status: TIME_LIMIT
Primal Status: FEASIBLE_POINT
Solve Time: 7200.40 sec
Objective Value: 4018.780158
Number of Nodes:     47

CutInfo: [phase] num / time (sec) 
ZLP             [phase1]     0 / 0.00 [rLC]     0 / 0.00 [rUC]     0 / 0.00 [sLC]     0 / 0.00 [sUC]     0 / 0.00 
OldSubmodular   [phase1]     0 / 0.00 [rLC]     0 / 0.00 [rUC]     0 / 0.00 [sLC]     0 / 0.00 [sUC]     0 / 0.00 
NewSubmodular   [phase1]     0 / 0.00 [rLC]  1020 / 81.52 [rUC]  4598 / 114.51 [sLC]     0 / 7.34 [sUC] 35161 / 1594.20 
PMP             [phase1]     0 / 0.00 [rLC]    20 / 65.87 [rUC]     0 / 0.00 [sLC]     2 / 7.30 [sUC]    73 / 290.78 
Separation Round: [phase1] 0  [rLC] 247  [rUC] 623  [sLC] 2  [sUC] 6719
Root Best Bound 4020.637750
Root Best Integer: 4013.571509
Best Bound: 4020.358086
Best Integer: 4018.780158

