Version identifier: 20.1.0.0 | 2020-11-10 | 9bedb6d68
CPXPARAM_Threads                                 1
CPXPARAM_TimeLimit                               7200
CPXPARAM_MIP_Tolerances_MIPGap                   0
Generic callback                                 0x60
1 of 1 MIP starts provided solutions.
MIP start 'm1' defined initial solution with objective 2709.1300.
Tried aggregator 1 time.
Reduced MIP has 1 rows, 801 columns, and 800 nonzeros.
Reduced MIP has 800 binaries, 0 generals, 0 SOSs, and 0 indicators.
Presolve time = 0.00 sec. (0.24 ticks)
Probing time = 0.00 sec. (0.09 ticks)
Tried aggregator 1 time.
Reduced MIP has 1 rows, 801 columns, and 800 nonzeros.
Reduced MIP has 800 binaries, 0 generals, 0 SOSs, and 0 indicators.
Presolve time = 0.00 sec. (0.25 ticks)
Probing time = 0.00 sec. (0.09 ticks)
MIP emphasis: balance optimality and feasibility.
MIP search method: dynamic search.
Parallel mode: none, using 1 thread.
Root relaxation solution time = 0.00 sec. (0.17 ticks)

        Nodes                                         Cuts/
   Node  Left     Objective  IInf  Best Integer    Best Bound    ItCnt     Gap

*     0+    0                         2709.1300     5432.0000           100.51%
      0     0     3709.6682     2     2709.1300     5432.0000        0  100.51%
      0     0     3455.2158     4     2709.1300 UserPurge2: 1       12   27.54%
      0     0     3238.3293     5     2709.1300 UserPurge2: 1       21   19.53%
      0     0     3171.0957     7     2709.1300 UserPurge2: 1       43   17.05%
      0     0     3086.9149     8     2709.1300 UserPurge2: 1       63   13.94%
      0     0     3013.3614     8     2709.1300 UserPurge2: 1       77   11.23%
      0     0     2981.7907     9     2709.1300 UserPurge2: 1       88   10.06%
      0     0     2969.5193    11     2709.1300 UserPurge2: 1      104    9.61%
      0     0     2950.8852    12     2709.1300 UserPurge2: 1      129    8.92%
      0     0     2932.3311    13     2709.1300 UserPurge1: 1      137    8.24%
      0     0     2923.2687    13     2709.1300 UserPurge2: 1      155    7.90%
      0     0     2919.7145    15     2709.1300 UserPurge2: 1      172    7.77%
      0     0     2904.5685    14     2709.1300 UserPurge2: 1      229    7.21%
      0     0     2896.9044    15     2709.1300 UserPurge1: 1      252    6.93%
      0     0     2892.0248    15     2709.1300 UserPurge2: 1      289    6.75%
      0     0     2885.9140    15     2709.1300 UserPurge2: 1      323    6.53%
      0     0     2883.2160    17     2709.1300 UserPurge1: 1      336    6.43%
      0     0     2876.4510    15     2709.1300 UserPurge2: 1      373    6.18%
      0     0     2872.8483    17     2709.1300 UserPurge1: 2      381    6.04%
      0     0     2870.3041    16     2709.1300 UserPurge1: 1      388    5.95%
      0     0     2864.8308    16     2709.1300 UserPurge2: 1      434    5.75%
      0     0     2862.7734    17     2709.1300 UserPurge1: 1      439    5.67%
      0     0     2855.1019    13     2709.1300 UserPurge2: 1      482    5.39%
      0     0     2853.9815    15     2709.1300 UserPurge1: 1      491    5.35%
      0     0     2852.6792    16     2709.1300 UserPurge1: 1      494    5.30%
      0     0     2850.7496    17     2709.1300 UserPurge2: 1      513    5.23%
      0     0     2850.0435    17     2709.1300 UserPurge1: 1      521    5.20%
      0     0     2846.4955    15     2709.1300 UserPurge2: 1      552    5.07%
      0     0     2842.1764    13     2709.1300 UserPurge2: 1      588    4.91%
      0     0     2839.4683    15     2709.1300 UserPurge2: 1      605    4.81%
      0     0     2837.5759    16     2709.1300 UserPurge2: 1      634    4.74%
      0     0     2833.5024    16     2709.1300 UserPurge2: 1      657    4.59%
      0     0     2829.7268    16     2709.1300 UserPurge2: 1      681    4.45%
      0     0     2828.1386    17     2709.1300 UserPurge2: 1      701    4.39%
      0     0     2823.4774    16     2709.1300 UserPurge2: 1      735    4.22%
      0     0     2819.3663    15     2709.1300 UserPurge2: 1      756    4.07%
      0     0     2817.3953    17     2709.1300 UserPurge2: 1      776    4.00%
      0     0     2816.0300    17     2709.1300 UserPurge2: 1      794    3.95%
      0     0     2813.8688    17     2709.1300 UserPurge2: 1      816    3.87%
      0     0     2811.9831    18     2709.1300 UserPurge2: 1      846    3.80%
      0     0     2811.2866    18     2709.1300 UserPurge2: 1      866    3.77%
      0     0     2809.0368    16     2709.1300 UserPurge2: 1      905    3.69%
      0     0     2808.3648    17     2709.1300 UserPurge2: 1      916    3.66%
      0     0     2806.9547    17     2709.1300 UserPurge2: 1      944    3.61%
      0     0     2805.6609    18     2709.1300 UserPurge2: 1      974    3.56%
      0     0     2804.0873    20     2709.1300 UserPurge2: 1      999    3.51%
      0     0     2801.6465    17     2709.1300 UserPurge2: 1     1035    3.41%
      0     0     2800.7655    19     2709.1300 UserPurge2: 1     1053    3.38%
      0     0     2799.0210    19     2709.1300 UserPurge2: 1     1079    3.32%
      0     0     2797.5463    20     2709.1300 UserPurge2: 1     1108    3.26%
      0     0     2795.1988    19     2709.1300 UserPurge2: 1     1149    3.18%
      0     0     2793.1006    18     2709.1300 UserPurge2: 1     1180    3.10%
      0     0     2792.2973    19     2709.1300 UserPurge2: 1     1207    3.07%
      0     0     2790.5844    19     2709.1300 UserPurge2: 1     1235    3.01%
      0     0     2789.2621    19     2709.1300 UserPurge2: 1     1269    2.96%
      0     0     2788.3626    19     2709.1300 UserPurge2: 1     1289    2.92%
      0     0     2787.8253    19     2709.1300 UserPurge2: 1     1302    2.90%
      0     0     2787.3170    19     2709.1300 UserPurge2: 1     1319    2.89%
      0     0     2786.7670    20     2709.1300 UserPurge2: 1     1331    2.87%
      0     0     2786.2809    20     2709.1300 UserPurge2: 1     1348    2.85%
      0     0     2785.4510    20     2709.1300 UserPurge2: 1     1381    2.82%
      0     0     2783.8439    20     2709.1300 UserPurge2: 1     1415    2.76%
      0     0     2783.2370    20     2709.1300 UserPurge2: 1     1435    2.74%
      0     0     2782.0087    21     2709.1300 UserPurge2: 1     1473    2.69%
      0     0     2780.2922    21     2709.1300 UserPurge2: 1     1500    2.63%
      0     0     2778.3826    21     2709.1300 UserPurge2: 1     1544    2.56%
      0     0     2777.6241    21     2709.1300 UserPurge2: 1     1565    2.53%
      0     0     2777.1922    22     2709.1300 UserPurge2: 1     1582    2.51%
      0     0     2776.2949    22     2709.1300 UserPurge2: 1     1614    2.48%
      0     0     2775.8435    22     2709.1300 UserPurge2: 1     1630    2.46%
      0     0     2775.2300    21     2709.1300 UserPurge2: 1     1668    2.44%
      0     0     2775.0146    22     2709.1300 UserPurge2: 1     1681    2.43%
      0     0     2774.3100    22     2709.1300 UserPurge2: 1     1717    2.41%
      0     0     2773.1441    22     2709.1300 UserPurge2: 1     1749    2.36%
      0     0     2771.5513    21     2709.1300 UserPurge2: 1     1777    2.30%
      0     0     2770.7003    21     2709.1300 UserPurge2: 1     1792    2.27%
      0     0     2769.9818    22     2709.1300 UserPurge2: 1     1811    2.25%
      0     0     2769.2555    22     2709.1300 UserPurge2: 1     1841    2.22%
      0     0     2767.3448    20     2709.1300 UserPurge2: 1     1875    2.15%
      0     0     2766.9513    21     2709.1300 UserPurge2: 1     1886    2.13%
      0     0     2766.6198    22     2709.1300 UserPurge2: 1     1900    2.12%
      0     0     2766.1600    21     2709.1300 UserPurge2: 1     1926    2.11%
      0     0     2765.7193    22     2709.1300 UserPurge2: 1     1943    2.09%
      0     0     2764.5552    20     2709.1300 UserPurge2: 1     1976    2.05%
      0     0     2763.6336    19     2709.1300 UserPurge2: 1     2001    2.01%
      0     0     2762.7795    20     2709.1300 UserPurge2: 1     2028    1.98%
      0     0     2762.4114    21     2709.1300 UserPurge2: 1     2054    1.97%
      0     0     2762.2280    22     2709.1300 UserPurge2: 1     2067    1.96%
      0     0     2761.9285    22     2709.1300 UserPurge2: 1     2079    1.95%
      0     0     2761.7422    22     2709.1300 UserPurge2: 1     2100    1.94%
      0     0     2761.6066    23     2709.1300 UserPurge2: 1     2114    1.94%
      0     0     2761.4301    23     2709.1300 UserPurge2: 1     2123    1.93%
      0     0     2761.2805    24     2709.1300 UserPurge2: 1     2143    1.92%
      0     0     2761.0516    24     2709.1300 UserPurge2: 1     2165    1.92%
      0     0     2760.6250    25     2709.1300 UserPurge2: 1     2199    1.90%
      0     0     2760.1885    24     2709.1300 UserPurge2: 1     2220    1.88%
      0     0     2760.0923    24     2709.1300 UserPurge2: 1     2236    1.88%
      0     0     2759.8969    25     2709.1300 UserPurge2: 1     2265    1.87%
      0     0     2759.7305    26     2709.1300 UserPurge2: 1     2288    1.87%
      0     0     2759.2905    26     2709.1300 UserPurge2: 1     2328    1.85%
      0     0     2758.4496    26     2709.1300 UserPurge2: 1     2360    1.82%
      0     0     2757.8908    25     2709.1300 UserPurge2: 1     2385    1.80%
      0     0     2757.2903    26     2709.1300 UserPurge2: 1     2421    1.78%
      0     0     2757.1092    25     2709.1300 UserPurge2: 1     2442    1.77%
      0     0     2756.9008    24     2709.1300 UserPurge2: 1     2462    1.76%
      0     0     2756.4678    24     2709.1300 UserPurge2: 1     2488    1.75%
      0     0     2756.3460    24     2709.1300 UserPurge2: 1     2498    1.74%
      0     0     2756.2861    25     2709.1300 UserPurge2: 1     2513    1.74%
      0     0     2756.2319    26     2709.1300 UserPurge2: 1     2525    1.74%
      0     0     2756.1472    27     2709.1300 UserPurge2: 1     2548    1.74%
      0     0     2756.0792    27     2709.1300 UserPurge2: 1     2571    1.73%
      0     0     2755.9705    28     2709.1300 UserPurge2: 1     2587    1.73%
      0     0     2755.3882    27     2709.1300 UserPurge2: 1     2624    1.71%
      0     0     2755.1114    26     2709.1300 UserPurge2: 1     2651    1.70%
      0     0     2754.7543    26     2709.1300 UserPurge2: 1     2672    1.68%
      0     0     2754.5879    26     2709.1300 UserPurge2: 1     2694    1.68%
      0     0     2754.4150    25     2709.1300 UserPurge2: 1     2712    1.67%
      0     0     2754.1640    25     2709.1300 UserPurge2: 1     2740    1.66%
      0     0     2754.0819    26     2709.1300 UserPurge2: 1     2747    1.66%
      0     0     2753.8678    26     2709.1300 UserPurge2: 1     2768    1.65%
      0     0     2753.6593    26     2709.1300 UserPurge2: 1     2791    1.64%
      0     0     2753.4963    27     2709.1300 UserPurge2: 1     2820    1.64%
      0     0     2753.3165    28     2709.1300 UserPurge2: 1     2834    1.63%
      0     0     2753.1327    27     2709.1300 UserPurge2: 1     2858    1.62%
      0     0     2753.0055    28     2709.1300 UserPurge2: 1     2881    1.62%
      0     0     2752.5980    28     2709.1300 UserPurge2: 1     2926    1.60%
      0     0     2752.2629    28     2709.1300 UserPurge2: 1     2951    1.59%
      0     0     2751.9493    27     2709.1300 UserPurge2: 1     2977    1.58%
      0     0     2751.7312    28     2709.1300 UserPurge2: 1     3002    1.57%
      0     0     2751.4695    27     2709.1300 UserPurge2: 1     3037    1.56%
      0     0     2750.9645    27     2709.1300 UserPurge2: 1     3068    1.54%
      0     0     2750.8738    28     2709.1300 UserPurge2: 1     3089    1.54%
      0     0     2750.5890    27     2709.1300 UserPurge2: 1     3119    1.53%
      0     0     2750.4887    28     2709.1300 UserPurge2: 1     3133    1.53%
      0     0     2750.4203    29     2709.1300 UserPurge2: 1     3151    1.52%
      0     0     2750.1735    29     2709.1300 UserPurge2: 1     3176    1.52%
      0     0     2749.8274    29     2709.1300 UserPurge2: 1     3237    1.50%
      0     0     2749.7202    28     2709.1300 UserPurge2: 1     3258    1.50%
      0     0     2749.5547    29     2709.1300 UserPurge2: 1     3282    1.49%
      0     0     2749.2148    29     2709.1300 UserPurge2: 1     3309    1.48%
      0     0     2748.7586    29     2709.1300 UserPurge2: 1     3358    1.46%
      0     0     2748.3325    28     2709.1300 UserPurge2: 1     3381    1.45%
      0     0     2747.9973    27     2709.1300 UserPurge2: 1     3403    1.43%
      0     0     2747.8273    28     2709.1300 UserPurge2: 1     3421    1.43%
      0     0     2747.6925    29     2709.1300 UserPurge2: 1     3444    1.42%
      0     0     2747.6182    30     2709.1300 UserPurge2: 1     3475    1.42%
      0     0     2747.4066    30     2709.1300 UserPurge2: 1     3505    1.41%
      0     0     2747.1343    29     2709.1300 UserPurge2: 1     3537    1.40%
      0     0     2747.0147    30     2709.1300 UserPurge2: 1     3558    1.40%
      0     0     2746.8962    31     2709.1300 UserPurge2: 1     3579    1.39%
      0     0     2746.7564    31     2709.1300 UserPurge2: 1     3605    1.39%
      0     0     2746.6605    31     2709.1300 UserPurge2: 1     3633    1.39%
      0     0     2746.3774    32     2709.1300 UserPurge2: 1     3674    1.37%
      0     0     2746.1690    32     2709.1300 UserPurge2: 1     3702    1.37%
      0     0     2745.7135    30     2709.1300 UserPurge2: 1     3737    1.35%
      0     0     2745.4023    28     2709.1300 UserPurge2: 1     3775    1.34%
      0     0     2744.9838    27     2709.1300 UserPurge2: 1     3797    1.32%
      0     0     2744.7519    27     2709.1300 UserPurge2: 1     3817    1.31%
      0     0     2744.6433    25     2709.1300 UserPurge2: 1     3834    1.31%
      0     0     2744.5871    26     2709.1300 UserPurge2: 1     3844    1.31%
      0     0     2744.5015    27     2709.1300 UserPurge2: 1     3861    1.31%
      0     0     2744.4500    28     2709.1300 UserPurge2: 1     3871    1.30%
      0     0     2744.3984    28     2709.1300 UserPurge2: 1     3897    1.30%
      0     0     2744.3223    28     2709.1300 UserPurge2: 1     3913    1.30%
      0     0     2744.2936    28     2709.1300 UserPurge2: 1     3922    1.30%
      0     0     2744.2607    29     2709.1300 UserPurge2: 1     3938    1.30%
      0     0     2744.1897    29     2709.1300 UserPurge2: 1     3965    1.29%
      0     0     2744.1315    30     2709.1300 UserPurge2: 1     3991    1.29%
      0     0     2744.0609    31     2709.1300 UserPurge2: 1     4009    1.29%
      0     0     2743.9682    31     2709.1300 UserPurge2: 1     4046    1.29%
      0     0     2743.8186    31     2709.1300 UserPurge2: 1     4073    1.28%
      0     0     2743.6957    30     2709.1300 UserPurge2: 1     4115    1.28%
      0     0     2743.6230    31     2709.1300 UserPurge2: 1     4141    1.27%
      0     0     2743.5433    31     2709.1300 UserPurge2: 1     4163    1.27%
      0     0     2743.3221    31     2709.1300 UserPurge2: 1     4205    1.26%
      0     0     2743.0835    31     2709.1300 UserPurge2: 1     4246    1.25%
      0     0     2742.8981    31     2709.1300 UserPurge2: 1     4278    1.25%
      0     0     2742.8389    31     2709.1300 UserPurge2: 1     4296    1.24%
      0     0     2742.5938    32     2709.1300 UserPurge2: 1     4322    1.24%
      0     0     2742.3806    31     2709.1300 UserPurge2: 1     4361    1.23%
      0     0     2742.1638    31     2709.1300 UserPurge2: 1     4390    1.22%
      0     0     2742.1182    31     2709.1300 UserPurge2: 1     4410    1.22%
      0     0     2742.0986    32     2709.1300 UserPurge2: 1     4431    1.22%
      0     0     2741.9217    32     2709.1300 UserPurge2: 1     4474    1.21%
      0     0     2741.5883    29     2709.1300 UserPurge2: 1     4511    1.20%
      0     0     2741.2006    30     2709.1300 UserPurge2: 1     4532    1.18%
      0     0     2741.0472    30     2709.1300 UserPurge2: 1     4560    1.18%
      0     0     2740.8321    30     2709.1300 UserPurge2: 1     4584    1.17%
      0     0     2740.7727    31     2709.1300 UserPurge2: 1     4594    1.17%
      0     0     2740.6760    32     2709.1300 UserPurge2: 1     4621    1.16%
      0     0     2740.5207    31     2709.1300 UserPurge2: 1     4650    1.16%
      0     0     2740.3602    31     2709.1300 UserPurge2: 1     4682    1.15%
      0     0     2740.2525    32     2709.1300 UserPurge2: 1     4707    1.15%
      0     0     2740.0582    31     2709.1300 UserPurge2: 1     4745    1.14%
      0     0     2739.8893    30     2709.1300 UserPurge2: 1     4765    1.14%
      0     0     2739.7797    30     2709.1300 UserPurge2: 1     4781    1.13%
      0     0     2739.7267    30     2709.1300 UserPurge2: 1     4796    1.13%
      0     0     2739.6881    31     2709.1300 UserPurge2: 1     4810    1.13%
      0     0     2739.6346    32     2709.1300 UserPurge2: 1     4832    1.13%
      0     0     2739.5422    33     2709.1300 UserPurge2: 1     4848    1.12%
      0     0     2739.5261    33     2709.1300 UserPurge2: 1     4860    1.12%
      0     0     2739.3605    34     2709.1300 UserPurge2: 1     4902    1.12%
      0     0     2739.2857    34     2709.1300 UserPurge2: 1     4925    1.11%
      0     0     2739.1935    31     2709.1300 UserPurge2: 1     4963    1.11%
      0     0     2739.0815    32     2709.1300 UserPurge2: 1     4988    1.11%
      0     0     2739.0387    33     2709.1300 UserPurge2: 1     5009    1.10%
      0     0     2738.9640    34     2709.1300 UserPurge2: 1     5043    1.10%
      0     0     2738.8431    33     2709.1300 UserPurge2: 1     5071    1.10%
      0     0     2738.7851    34     2709.1300 UserPurge2: 1     5089    1.09%
      0     0     2738.6273    33     2709.1300 UserPurge2: 1     5136    1.09%
      0     0     2738.4450    34     2709.1300 UserPurge2: 1     5168    1.08%
      0     0     2738.3542    34     2709.1300 UserPurge2: 1     5186    1.08%
      0     0     2738.2580    33     2709.1300 UserPurge2: 1     5214    1.08%
      0     0     2738.1737    33     2709.1300 UserPurge2: 1     5232    1.07%
      0     0     2738.1150    33     2709.1300 UserPurge2: 1     5250    1.07%
      0     0     2738.0131    32     2709.1300 UserPurge2: 1     5277    1.07%
      0     0     2737.7993    31     2709.1300 UserPurge2: 1     5320    1.06%
      0     0     2737.6781    30     2709.1300 UserPurge2: 1     5351    1.05%
      0     0     2737.5869    31     2709.1300 UserPurge2: 1     5381    1.05%
      0     0     2737.5413    32     2709.1300 UserPurge2: 1     5404    1.05%
      0     0     2737.5048    33     2709.1300 UserPurge2: 1     5431    1.05%
      0     0     2737.4686    34     2709.1300 UserPurge2: 1     5449    1.05%
      0     0     2737.4333    35     2709.1300 UserPurge2: 1     5474    1.04%
      0     0     2737.3560    35     2709.1300 UserPurge2: 1     5497    1.04%
      0     0     2737.1996    34     2709.1300 UserPurge2: 1     5537    1.04%
      0     0     2737.0713    34     2709.1300 UserPurge2: 1     5564    1.03%
      0     0     2737.0244    34     2709.1300 UserPurge2: 1     5583    1.03%
      0     0     2736.8844    34     2709.1300 UserPurge2: 1     5621    1.02%
      0     0     2736.8062    34     2709.1300 UserPurge2: 1     5646    1.02%
      0     0     2736.7624    34     2709.1300 UserPurge2: 1     5670    1.02%
      0     0     2736.7180    34     2709.1300 UserPurge2: 1     5693    1.02%
      0     0     2736.6547    34     2709.1300 UserPurge2: 1     5717    1.02%
      0     0     2736.6145    35     2709.1300 UserPurge2: 1     5735    1.01%
      0     0     2736.5262    35     2709.1300 UserPurge2: 1     5770    1.01%
      0     0     2736.4666    35     2709.1300 UserPurge2: 1     5791    1.01%
      0     0     2736.4126    35     2709.1300 UserPurge2: 1     5817    1.01%
      0     0     2736.3178    36     2709.1300 UserPurge2: 1     5844    1.00%
      0     0     2736.1884    34     2709.1300 UserPurge2: 1     5888    1.00%
      0     0     2736.1020    34     2709.1300 UserPurge2: 1     5918    1.00%
      0     0     2736.0495    35     2709.1300 UserPurge2: 1     5936    0.99%
      0     0     2736.0353    36     2709.1300 UserPurge2: 1     5948    0.99%
      0     0     2735.9898    36     2709.1300 UserPurge2: 1     5980    0.99%
      0     0     2735.9520    36     2709.1300 UserPurge2: 1     6010    0.99%
      0     0     2735.8976    37     2709.1300 UserPurge2: 1     6032    0.99%
      0     0     2735.8760    37     2709.1300 UserPurge2: 1     6060    0.99%
      0     0     2735.8493    38     2709.1300 UserPurge2: 1     6102    0.99%
      0     0     2735.7846    38     2709.1300 UserPurge2: 1     6144    0.98%
      0     0     2735.7139    38     2709.1300 UserPurge2: 1     6179    0.98%
      0     0     2735.5667    38     2709.1300 UserPurge2: 1     6233    0.98%
      0     0     2735.4443    39     2709.1300 UserPurge2: 1     6275    0.97%
      0     0     2735.2592    37     2709.1300 UserPurge2: 1     6312    0.96%
      0     0     2735.1299    37     2709.1300 UserPurge2: 1     6347    0.96%
      0     0     2735.0538    37     2709.1300 UserPurge2: 1     6366    0.96%
      0     0     2735.0101    37     2709.1300 UserPurge2: 1     6389    0.96%
      0     0     2734.8876    37     2709.1300 UserPurge2: 1     6429    0.95%
      0     0     2734.7403    37     2709.1300 UserPurge2: 1     6466    0.95%
      0     0     2734.6219    36     2709.1300 UserPurge2: 1     6502    0.94%
      0     0     2734.4632    35     2709.1300 UserPurge2: 1     6540    0.94%
      0     0     2734.2174    35     2709.1300 UserPurge2: 1     6577    0.93%
      0     0     2734.1315    34     2709.1300 UserPurge2: 1     6596    0.92%
      0     0     2734.0257    34     2709.1300 UserPurge2: 1     6629    0.92%
      0     0     2734.0064    35     2709.1300 UserPurge2: 1     6643    0.92%
      0     0     2733.9149    35     2709.1300 UserPurge2: 1     6670    0.91%
      0     0     2733.8868    36     2709.1300 UserPurge2: 1     6684    0.91%
      0     0     2733.7968    36     2709.1300 UserPurge2: 1     6716    0.91%
      0     0     2733.7710    36     2709.1300 UserPurge2: 1     6733    0.91%
      0     0     2733.7435    37     2709.1300 UserPurge2: 1     6753    0.91%
      0     0     2733.6295    37     2709.1300 UserPurge2: 1     6792    0.90%
      0     0     2733.5249    36     2709.1300 UserPurge2: 1     6819    0.90%
      0     0     2733.4153    35     2709.1300 UserPurge2: 1     6848    0.90%
      0     0     2733.3274    35     2709.1300 UserPurge2: 1     6881    0.89%
      0     0     2733.1876    33     2709.1300 UserPurge2: 1     6920    0.89%
      0     0     2733.1637    34     2709.1300 UserPurge2: 1     6931    0.89%
      0     0     2733.1178    35     2709.1300 UserPurge2: 1     6955    0.89%
      0     0     2733.0573    35     2709.1300 UserPurge2: 1     6978    0.88%
      0     0     2732.9613    35     2709.1300 UserPurge2: 1     7003    0.88%
      0     0     2732.8315    35     2709.1300 UserPurge2: 1     7035    0.87%
      0     0     2732.7371    32     2709.1300 UserPurge2: 1     7078    0.87%
      0     0     2732.7064    33     2709.1300 UserPurge2: 1     7086    0.87%
      0     0     2732.6500    32     2709.1300 UserPurge2: 1     7110    0.87%
      0     0     2732.5956    32     2709.1300 UserPurge2: 1     7135    0.87%
      0     0     2732.5150    33     2709.1300 UserPurge2: 1     7161    0.86%
      0     0     2732.4986    34     2709.1300 UserPurge2: 1     7183    0.86%
      0     0     2732.4619    35     2709.1300 UserPurge2: 1     7207    0.86%
      0     0     2732.4459    36     2709.1300 UserPurge2: 1     7229    0.86%
      0     0     2732.4205    37     2709.1300 UserPurge2: 1     7255    0.86%
      0     0     2732.3550    35     2709.1300 UserPurge2: 1     7288    0.86%
      0     0     2732.2878    36     2709.1300 UserPurge2: 1     7311    0.85%
      0     0     2732.2330    35     2709.1300 UserPurge2: 1     7337    0.85%
      0     0     2732.1913    36     2709.1300 UserPurge2: 1     7361    0.85%
      0     0     2732.1434    35     2709.1300 UserPurge2: 1     7392    0.85%
      0     0     2732.1041    37     2709.1300 UserPurge2: 1     7413    0.85%
      0     0     2732.0807    38     2709.1300 UserPurge2: 1     7437    0.85%
      0     0     2732.0244    37     2709.1300 UserPurge2: 1     7468    0.85%
      0     0     2732.0014    36     2709.1300 UserPurge2: 1     7490    0.84%
      0     0     2731.9824    37     2709.1300 UserPurge2: 1     7505    0.84%
      0     0     2731.9480    37     2709.1300 UserPurge2: 1     7536    0.84%
      0     0     2731.9137    35     2709.1300 UserPurge2: 1     7557    0.84%
      0     0     2731.8940    36     2709.1300 UserPurge2: 1     7581    0.84%
      0     0     2731.8371    37     2709.1300 UserPurge2: 1     7616    0.84%
      0     0     2731.8187    38     2709.1300 UserPurge2: 1     7637    0.84%
      0     0     2731.7910    39     2709.1300 UserPurge2: 1     7661    0.84%
      0     0     2731.7722    40     2709.1300 UserPurge2: 1     7695    0.84%
      0     0     2731.7201    39     2709.1300 UserPurge2: 1     7730    0.83%
      0     0     2731.6947    40     2709.1300 UserPurge2: 1     7752    0.83%
      0     0     2731.6823    39     2709.1300 UserPurge2: 1     7771    0.83%
      0     0     2731.6679    40     2709.1300 UserPurge2: 1     7794    0.83%
      0     0     2731.5782    40     2709.1300 UserPurge2: 1     7848    0.83%
      0     0     2731.5231    40     2709.1300 UserPurge2: 1     7874    0.83%
      0     0     2731.4902    41     2709.1300 UserPurge2: 1     7906    0.83%
      0     0     2731.4763    42     2709.1300 UserPurge2: 1     7927    0.82%
      0     0     2731.3789    41     2709.1300 UserPurge2: 1     7984    0.82%
      0     0     2731.3259    39     2709.1300 UserPurge2: 1     8014    0.82%
      0     0     2731.2919    39     2709.1300 UserPurge2: 1     8031    0.82%
      0     0     2731.2455    40     2709.1300 UserPurge2: 1     8050    0.82%
      0     0     2731.2188    41     2709.1300 UserPurge2: 1     8067    0.82%
      0     0     2731.1534    41     2709.1300 UserPurge2: 1     8102    0.81%
      0     0     2730.9994    40     2709.1300 UserPurge2: 1     8161    0.81%
      0     0     2730.9253    38     2709.1300 UserPurge2: 1     8190    0.80%
      0     0     2730.8595    37     2709.1300 UserPurge2: 1     8220    0.80%
      0     0     2730.7214    35     2709.1300 UserPurge2: 1     8274    0.80%
      0     0     2730.6879    35     2709.1300 UserPurge2: 1     8292    0.80%
      0     0     2730.6621    36     2709.1300 UserPurge2: 1     8305    0.79%
      0     0     2730.6511    37     2709.1300 UserPurge2: 1     8313    0.79%
      0     0     2730.6016    37     2709.1300 UserPurge2: 1     8340    0.79%
      0     0     2730.5413    37     2709.1300 UserPurge2: 1     8380    0.79%
      0     0     2730.4943    37     2709.1300 UserPurge2: 1     8407    0.79%
      0     0     2730.4514    37     2709.1300 UserPurge2: 1     8433    0.79%
      0     0     2730.4066    38     2709.1300 UserPurge2: 1     8455    0.79%
      0     0     2730.3577    36     2709.1300 UserPurge2: 1     8481    0.78%
      0     0     2730.3335    37     2709.1300 UserPurge2: 1     8500    0.78%
      0     0     2730.3028    37     2709.1300 UserPurge2: 1     8525    0.78%
      0     0     2730.2770    38     2709.1300 UserPurge2: 1     8545    0.78%
      0     0     2730.2470    38     2709.1300 UserPurge2: 1     8572    0.78%
      0     0     2730.2375    39     2709.1300 UserPurge2: 1     8597    0.78%
      0     0     2730.2183    39     2709.1300 UserPurge2: 1     8628    0.78%
      0     0     2730.2016    40     2709.1300 UserPurge2: 1     8657    0.78%
      0     0     2730.1831    41     2709.1300 UserPurge2: 1     8682    0.78%
      0     0     2730.1705    42     2709.1300 UserPurge2: 1     8708    0.78%
      0     0     2730.1252    42     2709.1300 UserPurge2: 1     8735    0.77%
      0     0     2730.1076    43     2709.1300 UserPurge2: 1     8763    0.77%
      0     0     2730.0580    43     2709.1300 UserPurge2: 1     8813    0.77%
      0     0     2730.0310    44     2709.1300 UserPurge2: 1     8839    0.77%
      0     0     2729.9789    43     2709.1300 UserPurge2: 1     8889    0.77%
      0     0     2729.9175    40     2709.1300 UserPurge2: 1     8936    0.77%
      0     0     2729.8544    39     2709.1300 UserPurge2: 1     8973    0.76%
      0     0     2729.8038    39     2709.1300 UserPurge2: 1     9000    0.76%
      0     0     2729.7429    40     2709.1300 UserPurge2: 1     9019    0.76%
      0     0     2729.7182    40     2709.1300 UserPurge2: 1     9040    0.76%
      0     0     2729.7041    41     2709.1300 UserPurge2: 1     9060    0.76%
      0     0     2729.6516    42     2709.1300 UserPurge2: 1     9091    0.76%
      0     0     2729.6141    42     2709.1300 UserPurge2: 1     9111    0.76%
      0     0     2729.5221    42     2709.1300 UserPurge2: 1     9148    0.75%
      0     0     2729.4588    41     2709.1300 UserPurge2: 1     9179    0.75%
      0     0     2729.3297    39     2709.1300 UserPurge2: 1     9222    0.75%
      0     0     2729.2449    38     2709.1300 UserPurge2: 1     9246    0.74%
      0     0     2729.2269    39     2709.1300 UserPurge2: 1     9268    0.74%
      0     0     2729.1590    39     2709.1300 UserPurge2: 1     9299    0.74%
      0     0     2729.0586    39     2709.1300 UserPurge2: 1     9333    0.74%
      0     0     2729.0026    39     2709.1300 UserPurge2: 1     9366    0.73%
      0     0     2728.9220    39     2709.1300 UserPurge2: 1     9405    0.73%
      0     0     2728.8959    39     2709.1300 UserPurge2: 1     9435    0.73%
      0     0     2728.8723    40     2709.1300 UserPurge2: 1     9456    0.73%
      0     0     2728.8481    41     2709.1300 UserPurge2: 1     9473    0.73%
      0     0     2728.8315    40     2709.1300 UserPurge2: 1     9504    0.73%
      0     0     2728.8007    41     2709.1300 UserPurge2: 1     9530    0.73%
      0     0     2728.7716    41     2709.1300 UserPurge2: 1     9570    0.73%
      0     0     2728.7229    41     2709.1300 UserPurge2: 1     9602    0.72%
      0     0     2728.6517    40     2709.1300 UserPurge2: 1     9631    0.72%
      0     0     2728.6193    39     2709.1300 UserPurge2: 1     9650    0.72%
      0     0     2728.5937    40     2709.1300 UserPurge2: 1     9661    0.72%
      0     0     2728.5534    41     2709.1300 UserPurge2: 1     9689    0.72%
      0     0     2728.4976    42     2709.1300 UserPurge2: 1     9725    0.71%
      0     0     2728.4561    41     2709.1300 UserPurge2: 1     9761    0.71%
      0     0     2728.4223    41     2709.1300 UserPurge2: 1     9786    0.71%
      0     0     2728.3464    41     2709.1300 UserPurge2: 1     9811    0.71%
      0     0     2728.2989    40     2709.1300 UserPurge2: 1     9839    0.71%
      0     0     2728.2756    40     2709.1300 UserPurge2: 1     9865    0.71%
      0     0     2728.2585    41     2709.1300 UserPurge2: 1     9881    0.71%
      0     0     2728.2405    42     2709.1300 UserPurge2: 1     9895    0.71%
      0     0     2728.2187    43     2709.1300 UserPurge2: 1     9924    0.70%
      0     0     2728.1779    43     2709.1300 UserPurge2: 1     9975    0.70%
      0     0     2728.1447    43     2709.1300 UserPurge2: 1    10010    0.70%
      0     0     2728.0962    44     2709.1300 UserPurge2: 1    10049    0.70%
      0     0     2728.0534    43     2709.1300 UserPurge2: 1    10089    0.70%
      0     0     2728.0356    44     2709.1300 UserPurge2: 1    10123    0.70%
      0     0     2727.9869    44     2709.1300 UserPurge2: 1    10158    0.70%
      0     0     2727.9497    44     2709.1300 UserPurge2: 1    10195    0.69%
      0     0     2727.9155    45     2709.1300 UserPurge2: 1    10235    0.69%
      0     0     2727.8759    44     2709.1300 UserPurge2: 1    10264    0.69%
      0     0     2727.8528    43     2709.1300 UserPurge2: 1    10292    0.69%
      0     0     2727.8340    44     2709.1300 UserPurge2: 1    10326    0.69%
      0     0     2727.8137    45     2709.1300 UserPurge2: 1    10357    0.69%
      0     0     2727.7974    46     2709.1300 UserPurge2: 1    10382    0.69%
      0     0     2727.7595    42     2709.1300 UserPurge2: 1    10430    0.69%
      0     0     2727.7489    43     2709.1300 UserPurge2: 1    10453    0.69%
      0     0     2727.7365    44     2709.1300 UserPurge2: 1    10484    0.69%
      0     0     2727.7123    45     2709.1300 UserPurge2: 1    10513    0.69%
      0     0     2727.6872    45     2709.1300 UserPurge2: 1    10556    0.68%
      0     0     2727.6549    45     2709.1300 UserPurge2: 1    10592    0.68%
      0     0     2727.6035    44     2709.1300 UserPurge2: 1    10649    0.68%
      0     0     2727.5045    43     2709.1300 UserPurge2: 1    10681    0.68%
      0     0     2727.4736    43     2709.1300 UserPurge2: 1    10705    0.68%
      0     0     2727.4255    44     2709.1300 UserPurge2: 1    10735    0.68%
      0     0     2727.3539    42     2709.1300 UserPurge2: 1    10762    0.67%
      0     0     2727.3073    42     2709.1300 UserPurge2: 1    10785    0.67%
      0     0     2727.2510    42     2709.1300 UserPurge2: 1    10811    0.67%
      0     0     2727.2189    43     2709.1300 UserPurge2: 1    10830    0.67%
      0     0     2727.1885    44     2709.1300 UserPurge2: 1    10869    0.67%
      0     0     2727.1041    43     2709.1300 UserPurge2: 1    10909    0.66%
      0     0     2727.0152    41     2709.1300 UserPurge2: 1    10947    0.66%
      0     0     2726.9890    42     2709.1300 UserPurge2: 1    10965    0.66%
      0     0     2726.9732    42     2709.1300 UserPurge2: 1    10982    0.66%
      0     0     2726.9505    43     2709.1300 UserPurge2: 1    11004    0.66%
      0     0     2726.8891    43     2709.1300 UserPurge2: 1    11031    0.66%
      0     0     2726.8396    43     2709.1300 UserPurge2: 1    11062    0.65%
      0     0     2726.7871    41     2709.1300 UserPurge2: 1    11095    0.65%
      0     0     2726.7649    42     2709.1300 UserPurge2: 1    11119    0.65%
      0     0     2726.7506    42     2709.1300 UserPurge2: 1    11132    0.65%
      0     0     2726.7371    42     2709.1300 UserPurge2: 1    11153    0.65%
      0     0     2726.7309    43     2709.1300 UserPurge2: 1    11168    0.65%
      0     0     2726.6784    41     2709.1300 UserPurge2: 1    11212    0.65%
      0     0     2726.6581    42     2709.1300 UserPurge2: 1    11234    0.65%
      0     0     2726.6297    41     2709.1300 UserPurge2: 1    11267    0.65%
      0     0     2726.6133    41     2709.1300 UserPurge2: 1    11292    0.65%
      0     0     2726.5859    42     2709.1300 UserPurge2: 1    11321    0.64%
      0     0     2726.5580    43     2709.1300 UserPurge2: 1    11346    0.64%
      0     0     2726.5384    43     2709.1300 UserPurge2: 1    11376    0.64%
      0     0     2726.5061    43     2709.1300 UserPurge2: 1    11400    0.64%
      0     0     2726.4941    44     2709.1300 UserPurge2: 1    11418    0.64%
      0     0     2726.4793    44     2709.1300 UserPurge2: 1    11450    0.64%
      0     0     2726.4551    43     2709.1300 UserPurge2: 1    11476    0.64%
      0     0     2726.4426    43     2709.1300 UserPurge2: 1    11500    0.64%
      0     0     2726.4287    43     2709.1300 UserPurge2: 1    11521    0.64%
      0     0     2726.4159    43     2709.1300 UserPurge2: 1    11543    0.64%
      0     0     2726.4004    44     2709.1300 UserPurge2: 1    11568    0.64%
      0     0     2726.3837    44     2709.1300 UserPurge2: 1    11595    0.64%
      0     0     2726.3772    45     2709.1300 UserPurge2: 1    11614    0.64%
      0     0     2726.3520    45     2709.1300 UserPurge2: 1    11666    0.64%
      0     0     2726.3375    44     2709.1300 UserPurge2: 1    11690    0.64%
      0     0     2726.3245    44     2709.1300 UserPurge2: 1    11715    0.63%
      0     0     2726.3116    44     2709.1300 UserPurge2: 1    11728    0.63%
      0     0     2726.2928    45     2709.1300 UserPurge2: 1    11750    0.63%
      0     0     2726.2617    45     2709.1300 UserPurge2: 1    11789    0.63%
      0     0     2726.2481    45     2709.1300 UserPurge2: 1    11821    0.63%
      0     0     2726.2332    46     2709.1300 UserPurge2: 1    11850    0.63%
      0     0     2726.2113    47     2709.1300 UserPurge2: 1    11891    0.63%
      0     0     2726.1781    46     2709.1300 UserPurge2: 1    11924    0.63%
      0     0     2726.1303    44     2709.1300 UserPurge2: 1    11953    0.63%
      0     0     2726.0866    43     2709.1300 UserPurge2: 1    12000    0.63%
      0     0     2726.0719    42     2709.1300 UserPurge2: 1    12017    0.63%
      0     0     2726.0499    43     2709.1300 UserPurge2: 1    12038    0.62%
      0     0     2726.0186    43     2709.1300 UserPurge2: 1    12080    0.62%
      0     0     2725.9889    41     2709.1300 UserPurge2: 1    12109    0.62%
      0     0     2725.9668    42     2709.1300 UserPurge2: 1    12130    0.62%
      0     0     2725.9484    41     2709.1300 UserPurge2: 1    12159    0.62%
      0     0     2725.9302    42     2709.1300 UserPurge2: 1    12185    0.62%
      0     0     2725.9254    43     2709.1300 UserPurge2: 1    12196    0.62%
      0     0     2725.9040    43     2709.1300 UserPurge2: 1    12221    0.62%
      0     0     2725.8733    44     2709.1300 UserPurge2: 1    12257    0.62%
      0     0     2725.8513    43     2709.1300 UserPurge2: 1    12294    0.62%
      0     0     2725.8384    43     2709.1300 UserPurge2: 1    12326    0.62%
      0     0     2725.8293    44     2709.1300 UserPurge2: 1    12367    0.62%
      0     0     2725.8217    44     2709.1300 UserPurge2: 1    12389    0.62%
      0     0     2725.8123    45     2709.1300 UserPurge2: 1    12418    0.62%
      0     0     2725.7975    46     2709.1300 UserPurge2: 1    12462    0.62%
      0     0     2725.7627    43     2709.1300 UserPurge2: 1    12503    0.61%
      0     0     2725.7563    43     2709.1300 UserPurge2: 1    12528    0.61%
      0     0     2725.7282    44     2709.1300 UserPurge2: 1    12559    0.61%
      0     0     2725.7089    43     2709.1300 UserPurge2: 1    12585    0.61%
      0     0     2725.7011    44     2709.1300 UserPurge2: 1    12607    0.61%
      0     0     2725.6990    45     2709.1300 UserPurge2: 1    12625    0.61%
      0     0     2725.6854    46     2709.1300 UserPurge2: 1    12654    0.61%
      0     0     2725.6647    46     2709.1300 UserPurge2: 1    12686    0.61%
      0     0     2725.6482    46     2709.1300 UserPurge2: 1    12711    0.61%
      0     0     2725.6142    46     2709.1300 UserPurge2: 1    12747    0.61%
      0     0     2725.5943    46     2709.1300 UserPurge2: 1    12787    0.61%
      0     0     2725.5834    46     2709.1300 UserPurge2: 1    12812    0.61%
      0     0     2725.5562    46     2709.1300 UserPurge2: 1    12836    0.61%
      0     0     2725.5481    46     2709.1300 UserPurge2: 1    12864    0.61%
      0     0     2725.5304    45     2709.1300 UserPurge2: 1    12899    0.61%
      0     0     2725.5123    45     2709.1300 UserPurge2: 1    12924    0.60%
      0     0     2725.4928    45     2709.1300 UserPurge2: 1    12949    0.60%
      0     0     2725.4738    46     2709.1300 UserPurge2: 1    12980    0.60%
      0     0     2725.4545    46     2709.1300 UserPurge2: 1    13016    0.60%
      0     0     2725.4430    45     2709.1300 UserPurge2: 1    13043    0.60%
      0     0     2725.4336    45     2709.1300 UserPurge2: 1    13066    0.60%
      0     0     2725.4200    46     2709.1300 UserPurge2: 1    13097    0.60%
      0     0     2725.4125    47     2709.1300 UserPurge2: 1    13119    0.60%
      0     0     2725.4023    47     2709.1300 UserPurge2: 1    13146    0.60%
      0     0     2725.3934    48     2709.1300 UserPurge2: 1    13175    0.60%
      0     0     2725.3724    48     2709.1300 UserPurge2: 1    13215    0.60%
      0     0     2725.3542    49     2709.1300 UserPurge2: 1    13241    0.60%
      0     0     2725.3242    48     2709.1300 UserPurge2: 1    13295    0.60%
      0     0     2725.3143    48     2709.1300 UserPurge2: 1    13325    0.60%
      0     0     2725.2943    48     2709.1300 UserPurge2: 1    13350    0.60%
      0     0     2725.2783    48     2709.1300 UserPurge2: 1    13377    0.60%
      0     0     2725.2586    48     2709.1300 UserPurge2: 1    13401    0.60%
      0     0     2725.2329    48     2709.1300 UserPurge2: 1    13439    0.59%
      0     0     2725.2040    46     2709.1300 UserPurge2: 1    13485    0.59%
      0     0     2725.1750    46     2709.1300 UserPurge2: 1    13517    0.59%
      0     0     2725.1180    43     2709.1300 UserPurge2: 1    13574    0.59%
      0     0     2725.0833    41     2709.1300 UserPurge2: 1    13603    0.59%
      0     0     2725.0669    42     2709.1300 UserPurge2: 1    13616    0.59%
      0     0     2725.0581    43     2709.1300 UserPurge2: 1    13634    0.59%
      0     0     2725.0440    43     2709.1300 UserPurge2: 1    13655    0.59%
      0     0     2725.0312    44     2709.1300 UserPurge2: 1    13687    0.59%
      0     0     2725.0214    45     2709.1300 UserPurge2: 1    13716    0.59%
      0     0     2725.0126    45     2709.1300 UserPurge2: 1    13739    0.59%
      0     0     2724.9997    46     2709.1300 UserPurge2: 1    13767    0.59%
      0     0     2724.9913    47     2709.1300 UserPurge2: 1    13783    0.59%
      0     0     2724.9834    48     2709.1300 UserPurge2: 1    13804    0.59%
      0     0     2724.9647    48     2709.1300 UserPurge2: 1    13831    0.58%
      0     0     2724.9494    49     2709.1300 UserPurge2: 1    13861    0.58%
      0     0     2724.9117    46     2709.1300 UserPurge2: 1    13914    0.58%
      0     0     2724.8920    46     2709.1300 UserPurge2: 1    13939    0.58%
      0     0     2724.8616    46     2709.1300 UserPurge2: 1    13976    0.58%
      0     0     2724.8279    46     2709.1300 UserPurge2: 1    14005    0.58%
      0     0     2724.7867    46     2709.1300 UserPurge2: 1    14036    0.58%
      0     0     2724.7735    47     2709.1300 UserPurge2: 1    14050    0.58%
      0     0     2724.7364    46     2709.1300 UserPurge2: 1    14095    0.58%
      0     0     2724.7030    44     2709.1300 UserPurge2: 1    14126    0.57%
      0     0     2724.6893    45     2709.1300 UserPurge2: 1    14157    0.57%
      0     0     2724.6782    46     2709.1300 UserPurge2: 1    14180    0.57%
      0     0     2724.6675    47     2709.1300 UserPurge2: 1    14211    0.57%
      0     0     2724.6309    47     2709.1300 UserPurge2: 1    14260    0.57%
      0     0     2724.6096    47     2709.1300 UserPurge2: 1    14300    0.57%
      0     0     2724.5790    47     2709.1300 UserPurge2: 1    14346    0.57%
      0     0     2724.5708    48     2709.1300 UserPurge2: 1    14367    0.57%
      0     0     2724.5528    47     2709.1300 UserPurge2: 1    14397    0.57%
      0     0     2724.5478    48     2709.1300 UserPurge2: 1    14411    0.57%
      0     0     2724.5260    48     2709.1300 UserPurge2: 1    14444    0.57%
      0     0     2724.5165    49     2709.1300 UserPurge2: 1    14462    0.57%
      0     0     2724.5016    49     2709.1300 UserPurge2: 1    14487    0.57%
      0     0     2724.4877    50     2709.1300 UserPurge2: 1    14528    0.57%
      0     0     2724.4619    50     2709.1300 UserPurge2: 1    14566    0.57%
      0     0     2724.4381    49     2709.1300 UserPurge2: 1    14610    0.57%
      0     0     2724.4120    49     2709.1300 UserPurge2: 1    14644    0.56%
      0     0     2724.3896    49     2709.1300 UserPurge2: 1    14675    0.56%
      0     0     2724.3713    49     2709.1300 UserPurge2: 1    14702    0.56%
      0     0     2724.3434    49     2709.1300 UserPurge2: 1    14738    0.56%
      0     0     2724.3338    49     2709.1300 UserPurge2: 1    14763    0.56%
      0     0     2724.3040    49     2709.1300 UserPurge2: 1    14803    0.56%
      0     2     2724.3040    49     2709.1300     2724.3027    14803    0.56%
Elapsed time = 37.55 sec. (6766.08 ticks, tree = 0.01 MB, solutions = 1)
      1     3     2715.8721    16     2709.1300     2724.3027    52522    0.56%
      2     4     2716.6551    18     2709.1300     2716.6551   126338    0.28%
      3     5     2715.6029    16     2709.1300     2716.6551   134964    0.28%
*     4     4      integral     0     2714.8664     2716.6551   137768    0.07%
      4     4     2714.8664     0     2714.8664     2716.6551   137768    0.07%
      5     5     2715.3617    16     2714.8664     2716.6551   149233    0.07%
      6     6     2715.0811    19     2714.8664     2716.6551   158657    0.07%
      7     7     2715.1800    21     2714.8664     2716.6551   166042    0.07%
      8     6        cutoff           2714.8664     2716.6551   166278    0.07%
      9     7     2715.1630    19     2714.8664     2716.6551   170011    0.07%
*    10     6      integral     0     2714.9683     2716.6551   175752    0.06%
     10     6     2714.9683     0     2714.9683     2716.6551   175752    0.06%
Elapsed time = 658.91 sec. (358016.47 ticks, tree = 0.20 MB, solutions = 3)
*    12     1      integral     0     2716.0000     2716.6551   197756    0.02%
     12     1     2716.0000     0     2716.0000     2716.6550   197756    0.02%
     13     2     2716.4609    18     2716.0000     2716.4609   215111    0.02%
     14     3     2716.1195    18     2716.0000     2716.4609   238988    0.02%
     15     2        cutoff           2716.0000     2716.4609   239475    0.02%
     17     0        cutoff           2716.0000     2716.0000   240029    0.00%

User cuts applied:  8704

Root node processing (before b&c):
  Real time             =   37.56 sec. (6785.89 ticks)
Sequential b&c:
  Real time             = 1039.15 sec. (639623.69 ticks)
                          ------------
Total (root+branch&cut) = 1076.71 sec. (646409.58 ticks)
@Parameters: 
is_S_cut                                true
is_add_all_yinF                         true
is_start_value                          true
is_usercut                              true
is_visualization                        false
uc_only_rootnode                        false

data                                    Qi
fn                                      data/Qi/instance_1000_800.csv
mode                                    NewSubmodular
solver                                  cplex

p                                       10
r                                       10

EPS                                     1.0e-06
EPS_vio                                 1.0e-04
beta                                    0.10
gap                                     0.00
nodelimit                               Inf
timelimit                               7200.00


@PrintInfos
ItCnt: 240029
Current gap: 0.00 %
Termination Status: OPTIMAL
Primal Status: FEASIBLE_POINT
Solve Time: 1076.71 sec
Objective Value: 2716.000000
Number of Nodes:     18

CutInfo: [phase] num / time (sec) 
ZLP             [phase1]     0 / 0.00 [rLC]     0 / 0.00 [rUC]     0 / 0.00 [sLC]     0 / 0.00 [sUC]     0 / 0.00 
OldSubmodular   [phase1]     0 / 0.00 [rLC]     0 / 0.00 [rUC]     0 / 0.00 [sLC]     0 / 0.00 [sUC]     0 / 0.00 
NewSubmodular   [phase1]     0 / 0.00 [rLC]   154 / 12.27 [rUC]   544 / 18.77 [sLC]     0 / 10.33 [sUC]  8653 / 396.64 
PMP             [phase1]     0 / 0.00 [rLC]     2 / 7.59 [rUC]     0 / 0.00 [sLC]     3 / 10.30 [sUC]    19 / 67.89 
Separation Round: [phase1] 0  [rLC] 155  [rUC] 544  [sLC] 3  [sUC] 4977
Root Best Bound 2716.655097
Root Best Integer: 2709.129982
Best Bound: 2716.000000
Best Integer: 2716.000000

