Version identifier: 20.1.0.0 | 2020-11-10 | 9bedb6d68
CPXPARAM_Threads                                 1
CPXPARAM_TimeLimit                               7200
CPXPARAM_MIP_Tolerances_MIPGap                   0
Generic callback                                 0x60
1 of 1 MIP starts provided solutions.
MIP start 'm1' defined initial solution with objective 1999.1758.
Tried aggregator 1 time.
Reduced MIP has 1 rows, 1001 columns, and 1000 nonzeros.
Reduced MIP has 1000 binaries, 0 generals, 0 SOSs, and 0 indicators.
Presolve time = 0.00 sec. (0.30 ticks)
Probing time = 0.00 sec. (0.11 ticks)
Tried aggregator 1 time.
Reduced MIP has 1 rows, 1001 columns, and 1000 nonzeros.
Reduced MIP has 1000 binaries, 0 generals, 0 SOSs, and 0 indicators.
Presolve time = 0.00 sec. (0.31 ticks)
Probing time = 0.00 sec. (0.11 ticks)
MIP emphasis: balance optimality and feasibility.
MIP search method: dynamic search.
Parallel mode: none, using 1 thread.
Root relaxation solution time = 0.00 sec. (0.21 ticks)

        Nodes                                         Cuts/
   Node  Left     Objective  IInf  Best Integer    Best Bound    ItCnt     Gap

*     0+    0                         1999.1758     2716.0000            35.86%
      0     0     2290.0593     2     1999.1758     2716.0000        0   35.86%
      0     0     2253.8479     3     1999.1758 UserPurge2: 1        5   12.74%
      0     0     2200.9371     4     1999.1758 UserPurge2: 1        9   10.09%
      0     0     2163.4359     5     1999.1758 UserPurge2: 1       23    8.22%
      0     0     2147.7971     5     1999.1758 UserPurge2: 1       28    7.43%
      0     0     2135.6483     7     1999.1758 UserPurge2: 1       37    6.83%
      0     0     2119.1456     7     1999.1758 UserPurge2: 1       49    6.00%
      0     0     2109.7320     8     1999.1758 UserPurge2: 1       65    5.53%
      0     0     2101.9858     9     1999.1758 UserPurge2: 1       86    5.14%
      0     0     2096.7302    11     1999.1758 UserPurge2: 1       98    4.88%
      0     0     2087.7395    12     1999.1758 UserPurge2: 1      109    4.43%
      0     0     2083.2079    12     1999.1758 UserPurge2: 1      122    4.20%
      0     0     2080.9369    12     1999.1758 UserPurge2: 1      142    4.09%
      0     0     2077.6890    13     1999.1758 UserPurge2: 1      165    3.93%
      0     0     2076.2033    14     1999.1758 UserPurge2: 1      196    3.85%
      0     0     2075.2360    16     1999.1758 UserPurge2: 1      215    3.80%
      0     0     2074.1434    17     1999.1758 UserPurge2: 1      251    3.75%
      0     0     2070.6391    13     1999.1758 UserPurge2: 1      293    3.57%
      0     0     2070.0589    16     1999.1758 UserPurge1: 2      301    3.55%
      0     0     2068.7166    16     1999.1758 UserPurge2: 1      325    3.48%
      0     0     2068.5114    18     1999.1758 UserPurge1: 1      326    3.47%
      0     0     2067.7304    18     1999.1758 UserPurge2: 1      340    3.43%
      0     0     2065.7643    17     1999.1758 UserPurge2: 1      377    3.33%
      0     0     2063.6708    19     1999.1758 UserPurge2: 1      412    3.23%
      0     0     2060.9878    16     1999.1758 UserPurge2: 1      440    3.09%
      0     0     2059.7564    18     1999.1758 UserPurge2: 1      456    3.03%
      0     0     2058.9384    19     1999.1758 UserPurge2: 1      476    2.99%
      0     0     2057.6441    19     1999.1758 UserPurge2: 1      514    2.92%
      0     0     2056.4157    18     1999.1758 UserPurge2: 1      550    2.86%
      0     0     2055.6472    19     1999.1758 UserPurge2: 1      573    2.82%
      0     0     2054.6601    20     1999.1758 UserPurge2: 1      591    2.78%
      0     0     2053.7396    19     1999.1758 UserPurge2: 1      621    2.73%
      0     0     2052.8960    20     1999.1758 UserPurge2: 1      638    2.69%
      0     0     2051.4789    17     1999.1758 UserPurge2: 1      672    2.62%
      0     0     2050.4105    16     1999.1758 UserPurge2: 1      696    2.56%
      0     0     2049.8894    17     1999.1758 UserPurge2: 1      715    2.54%
      0     0     2049.1574    18     1999.1758 UserPurge2: 1      737    2.50%
      0     0     2048.4281    16     1999.1758 UserPurge2: 1      759    2.46%
      0     0     2047.7248    15     1999.1758 UserPurge2: 1      798    2.43%
      0     0     2046.9583    16     1999.1758 UserPurge2: 1      830    2.39%
      0     0     2046.5052    17     1999.1758 UserPurge2: 1      846    2.37%
      0     0     2045.6855    17     1999.1758 UserPurge2: 1      860    2.33%
      0     0     2044.9417    16     1999.1758 UserPurge2: 1      893    2.29%
      0     0     2044.2408    18     1999.1758 UserPurge2: 1      909    2.25%
      0     0     2043.4568    17     1999.1758 UserPurge2: 1      949    2.21%
      0     0     2042.7105    16     1999.1758 UserPurge2: 1      972    2.18%
      0     0     2042.3383    15     1999.1758 UserPurge2: 1      982    2.16%
      0     0     2042.1919    16     1999.1758 UserPurge2: 1      993    2.15%
      0     0     2041.8366    16     1999.1758 UserPurge2: 1     1011    2.13%
      0     0     2041.4373    16     1999.1758 UserPurge2: 1     1022    2.11%
      0     0     2041.1411    15     1999.1758 UserPurge2: 1     1043    2.10%
      0     0     2040.8775    16     1999.1758 UserPurge2: 1     1065    2.09%
      0     0     2040.8080    18     1999.1758 UserPurge2: 1     1081    2.08%
      0     0     2040.7296    19     1999.1758 UserPurge2: 1     1091    2.08%
      0     0     2039.4509    17     1999.1758 UserPurge2: 1     1143    2.01%
      0     0     2039.3482    16     1999.1758 UserPurge2: 1     1151    2.01%
      0     0     2038.8926    16     1999.1758 UserPurge2: 1     1163    1.99%
      0     0     2038.0151    15     1999.1758 UserPurge2: 1     1192    1.94%
*     0+    0                         1999.7639     2038.0151             1.91%
      0     0     2037.6167    15     1999.7639 UserPurge2: 1     1212    1.89%
      0     0     2037.5275    17     1999.7639 UserPurge2: 1     1220    1.89%
      0     0     2037.3090    16     1999.7639 UserPurge2: 1     1241    1.88%
      0     0     2037.2793    17     1999.7639 UserPurge2: 1     1249    1.88%
      0     0     2037.0490    18     1999.7639 UserPurge2: 1     1259    1.86%
      0     0     2036.9687    19     1999.7639 UserPurge2: 1     1279    1.86%
      0     0     2036.4822    18     1999.7639 UserPurge2: 1     1300    1.84%
      0     0     2036.2371    17     1999.7639 UserPurge2: 1     1327    1.82%
      0     0     2035.9467    18     1999.7639 UserPurge2: 1     1357    1.81%
      0     0     2035.7101    19     1999.7639 UserPurge2: 1     1382    1.80%
      0     0     2035.4096    19     1999.7639 UserPurge2: 1     1416    1.78%
      0     0     2035.2553    19     1999.7639 UserPurge2: 1     1432    1.77%
      0     0     2035.1387    19     1999.7639 UserPurge2: 1     1447    1.77%
      0     0     2034.7210    20     1999.7639 UserPurge2: 1     1483    1.75%
      0     0     2034.3371    19     1999.7639 UserPurge2: 1     1505    1.73%
      0     0     2034.1847    20     1999.7639 UserPurge2: 1     1521    1.72%
      0     0     2034.0927    21     1999.7639 UserPurge2: 1     1539    1.72%
      0     0     2033.9479    21     1999.7639 UserPurge2: 1     1560    1.71%
      0     0     2033.7929    21     1999.7639 UserPurge2: 1     1577    1.70%
      0     0     2033.7161    21     1999.7639 UserPurge2: 1     1589    1.70%
      0     0     2033.4696    20     1999.7639 UserPurge2: 1     1615    1.69%
      0     0     2033.2626    20     1999.7639 UserPurge2: 1     1633    1.68%
      0     0     2033.1710    21     1999.7639 UserPurge2: 1     1656    1.67%
      0     0     2032.9116    22     1999.7639 UserPurge2: 1     1687    1.66%
      0     0     2032.7602    22     1999.7639 UserPurge2: 1     1719    1.65%
*     0+    0                         2000.1586     2032.7602             1.63%
      0     0     2032.5436    21     2000.1586 UserPurge2: 1     1747    1.62%
      0     0     2032.4333    22     2000.1586 UserPurge2: 1     1761    1.61%
      0     0     2032.4049    23     2000.1586 UserPurge2: 1     1768    1.61%
      0     0     2032.2749    23     2000.1586 UserPurge2: 1     1790    1.61%
      0     0     2032.1429    24     2000.1586 UserPurge2: 1     1812    1.60%
      0     0     2031.8688    24     2000.1586 UserPurge2: 1     1866    1.59%
      0     0     2031.5712    20     2000.1586 UserPurge2: 1     1889    1.57%
      0     0     2031.4326    21     2000.1586 UserPurge2: 1     1901    1.56%
      0     0     2031.3594    22     2000.1586 UserPurge2: 1     1922    1.56%
      0     0     2031.2947    23     2000.1586 UserPurge2: 1     1938    1.56%
      0     0     2031.1883    23     2000.1586 UserPurge2: 1     1968    1.55%
      0     0     2031.0962    23     2000.1586 UserPurge2: 1     1985    1.55%
      0     0     2030.9280    24     2000.1586 UserPurge2: 1     2005    1.54%
      0     0     2030.6161    23     2000.1586 UserPurge2: 1     2045    1.52%
      0     0     2030.1568    21     2000.1586 UserPurge2: 1     2082    1.50%
      0     0     2029.9179    20     2000.1586 UserPurge2: 1     2107    1.49%
      0     0     2029.4433    20     2000.1586 UserPurge2: 1     2134    1.46%
      0     0     2029.2881    21     2000.1586 UserPurge2: 1     2159    1.46%
      0     0     2029.1884    22     2000.1586 UserPurge2: 1     2176    1.45%
      0     0     2029.0928    22     2000.1586 UserPurge2: 1     2204    1.45%
      0     0     2029.0513    22     2000.1586 UserPurge2: 1     2218    1.44%
      0     0     2028.9951    23     2000.1586 UserPurge2: 1     2232    1.44%
      0     0     2028.9811    24     2000.1586 UserPurge2: 1     2246    1.44%
      0     0     2028.9593    25     2000.1586 UserPurge2: 1     2261    1.44%
      0     0     2028.9134    26     2000.1586 UserPurge2: 1     2289    1.44%
      0     0     2028.8034    25     2000.1586 UserPurge2: 1     2319    1.43%
      0     0     2028.7204    26     2000.1586 UserPurge2: 1     2338    1.43%
      0     0     2028.5879    23     2000.1586 UserPurge2: 1     2369    1.42%
      0     0     2028.3533    24     2000.1586 UserPurge2: 1     2409    1.41%
      0     0     2028.2416    25     2000.1586 UserPurge2: 1     2439    1.40%
      0     0     2028.2279    26     2000.1586 UserPurge2: 1     2460    1.40%
      0     0     2027.9904    25     2000.1586 UserPurge2: 1     2494    1.39%
      0     0     2027.7691    25     2000.1586 UserPurge2: 1     2525    1.38%
      0     0     2027.6010    23     2000.1586 UserPurge2: 1     2545    1.37%
      0     0     2027.2676    23     2000.1586 UserPurge2: 1     2580    1.36%
      0     0     2027.1912    23     2000.1586 UserPurge2: 1     2593    1.35%
      0     0     2027.0866    24     2000.1586 UserPurge2: 1     2606    1.35%
      0     0     2027.0520    24     2000.1586 UserPurge2: 1     2616    1.34%
      0     0     2026.9320    25     2000.1586 UserPurge2: 1     2631    1.34%
      0     0     2026.8401    25     2000.1586 UserPurge2: 1     2645    1.33%
      0     0     2026.7916    25     2000.1586 UserPurge2: 1     2652    1.33%
      0     0     2026.6908    26     2000.1586 UserPurge2: 1     2675    1.33%
*     0+    0                         2000.7915     2026.6908             1.29%
      0     0     2026.6553    27     2000.7915 UserPurge2: 1     2691    1.29%
      0     0     2026.5106    26     2000.7915 UserPurge2: 1     2723    1.29%
      0     0     2026.4235    27     2000.7915 UserPurge2: 1     2747    1.28%
      0     0     2026.1001    25     2000.7915 UserPurge2: 1     2779    1.26%
      0     0     2026.0190    24     2000.7915 UserPurge2: 1     2792    1.26%
      0     0     2025.8676    23     2000.7915 UserPurge2: 1     2807    1.25%
      0     0     2025.7114    24     2000.7915 UserPurge2: 1     2832    1.25%
*     0+    0                         2001.2818     2025.7114             1.22%
      0     0     2025.6702    25     2001.2818 UserPurge2: 1     2849    1.22%
      0     0     2025.6507    26     2001.2818 UserPurge2: 1     2863    1.22%
      0     0     2025.5318    26     2001.2818 UserPurge2: 1     2888    1.21%
      0     0     2025.4278    26     2001.2818 UserPurge2: 1     2903    1.21%
      0     0     2025.3547    25     2001.2818 UserPurge2: 1     2915    1.20%
      0     0     2025.2115    25     2001.2818 UserPurge2: 1     2934    1.20%
      0     0     2025.1212    25     2001.2818 UserPurge2: 1     2951    1.19%
      0     0     2025.0595    24     2001.2818 UserPurge2: 1     2966    1.19%
      0     0     2025.0143    23     2001.2818 UserPurge2: 1     2979    1.19%
      0     0     2024.9664    24     2001.2818 UserPurge2: 1     2989    1.18%
      0     0     2024.9319    25     2001.2818 UserPurge2: 1     3005    1.18%
      0     0     2024.9202    26     2001.2818 UserPurge2: 1     3019    1.18%
      0     0     2024.9139    27     2001.2818 UserPurge2: 1     3031    1.18%
      0     0     2024.9013    28     2001.2818 UserPurge2: 1     3041    1.18%
      0     0     2024.8804    29     2001.2818 UserPurge2: 1     3056    1.18%
      0     0     2024.7571    27     2001.2818 UserPurge2: 1     3082    1.17%
*     0+    0                         2002.0562     2024.7571             1.13%
      0     0     2024.6997    26     2002.0562 UserPurge2: 1     3101    1.13%
      0     0     2024.6310    26     2002.0562 UserPurge2: 1     3124    1.13%
      0     0     2024.5595    26     2002.0562 UserPurge2: 1     3146    1.12%
      0     0     2024.4787    24     2002.0562 UserPurge2: 1     3160    1.12%
      0     0     2024.4447    25     2002.0562 UserPurge2: 1     3176    1.12%
      0     0     2024.4252    26     2002.0562 UserPurge2: 1     3184    1.12%
      0     0     2024.4158    27     2002.0562 UserPurge2: 1     3195    1.12%
      0     0     2024.3142    26     2002.0562 UserPurge2: 1     3232    1.11%
      0     0     2024.2831    27     2002.0562 UserPurge2: 1     3246    1.11%
      0     0     2024.2112    26     2002.0562 UserPurge2: 1     3268    1.11%
      0     0     2024.1827    27     2002.0562 UserPurge2: 1     3289    1.11%
      0     0     2024.1478    28     2002.0562 UserPurge2: 1     3314    1.10%
      0     0     2024.1081    28     2002.0562 UserPurge2: 1     3333    1.10%
      0     0     2024.0699    29     2002.0562 UserPurge2: 1     3359    1.10%
      0     0     2024.0433    30     2002.0562 UserPurge2: 1     3377    1.10%
      0     0     2023.9850    29     2002.0562 UserPurge2: 1     3397    1.10%
      0     0     2023.9084    29     2002.0562 UserPurge2: 1     3434    1.09%
      0     0     2023.8765    30     2002.0562 UserPurge2: 1     3454    1.09%
      0     0     2023.7487    27     2002.0562 UserPurge2: 1     3486    1.08%
      0     0     2023.6932    27     2002.0562 UserPurge2: 1     3501    1.08%
      0     0     2023.6259    25     2002.0562 UserPurge2: 1     3523    1.08%
      0     0     2023.6074    25     2002.0562 UserPurge2: 1     3533    1.08%
      0     0     2023.5576    26     2002.0562 UserPurge2: 1     3551    1.07%
      0     0     2023.5436    27     2002.0562 UserPurge2: 1     3562    1.07%
      0     0     2023.4988    28     2002.0562 UserPurge2: 1     3583    1.07%
      0     0     2023.4724    28     2002.0562 UserPurge2: 1     3598    1.07%
      0     0     2023.4302    28     2002.0562 UserPurge2: 1     3622    1.07%
*     0+    0                         2007.2216     2023.4302             0.81%
      0     0     2023.3994    29     2007.2216 UserPurge2: 1     3645    0.81%
      0     0     2023.3575    28     2007.2216 UserPurge2: 1     3674    0.80%
      0     0     2023.3417    29     2007.2216 UserPurge2: 1     3684    0.80%
      0     0     2023.2937    29     2007.2216 UserPurge2: 1     3709    0.80%
      0     0     2023.2805    30     2007.2216 UserPurge2: 1     3725    0.80%
      0     0     2023.2399    31     2007.2216 UserPurge2: 1     3757    0.80%
      0     0     2023.1362    31     2007.2216 UserPurge2: 1     3785    0.79%
      0     0     2023.0542    29     2007.2216 UserPurge2: 1     3815    0.79%
      0     0     2023.0286    29     2007.2216 UserPurge2: 1     3831    0.79%
      0     0     2022.9962    30     2007.2216 UserPurge2: 1     3846    0.79%
      0     0     2022.8687    28     2007.2216 UserPurge2: 1     3880    0.78%
      0     0     2022.7986    26     2007.2216 UserPurge2: 1     3899    0.78%
      0     0     2022.7546    27     2007.2216 UserPurge2: 1     3918    0.77%
      0     0     2022.6940    26     2007.2216 UserPurge2: 1     3937    0.77%
      0     0     2022.6762    27     2007.2216 UserPurge2: 1     3950    0.77%
      0     0     2022.6611    28     2007.2216 UserPurge2: 1     3960    0.77%
      0     0     2022.6081    28     2007.2216 UserPurge2: 1     3984    0.77%
      0     0     2022.5794    29     2007.2216 UserPurge2: 1     4012    0.77%
      0     0     2022.5521    30     2007.2216 UserPurge2: 1     4025    0.76%
      0     0     2022.5320    31     2007.2216 UserPurge2: 1     4043    0.76%
      0     0     2022.4910    30     2007.2216 UserPurge2: 1     4074    0.76%
      0     0     2022.4708    30     2007.2216 UserPurge2: 1     4090    0.76%
      0     0     2022.4221    30     2007.2216 UserPurge2: 1     4125    0.76%
      0     0     2022.4010    31     2007.2216 UserPurge2: 1     4146    0.76%
      0     0     2022.3571    31     2007.2216 UserPurge2: 1     4176    0.75%
      0     0     2022.3192    32     2007.2216 UserPurge2: 1     4200    0.75%
      0     0     2022.2158    29     2007.2216 UserPurge2: 1     4255    0.75%
      0     0     2022.1312    30     2007.2216 UserPurge2: 1     4274    0.74%
      0     0     2022.0881    31     2007.2216 UserPurge2: 1     4294    0.74%
      0     0     2021.9945    31     2007.2216 UserPurge2: 1     4324    0.74%
      0     0     2021.9178    29     2007.2216 UserPurge2: 1     4351    0.73%
      0     0     2021.8799    29     2007.2216 UserPurge2: 1     4365    0.73%
      0     0     2021.8619    30     2007.2216 UserPurge2: 1     4380    0.73%
      0     0     2021.8473    31     2007.2216 UserPurge2: 1     4404    0.73%
      0     0     2021.8239    32     2007.2216 UserPurge2: 1     4454    0.73%
      0     0     2021.8045    31     2007.2216 UserPurge2: 1     4482    0.73%
      0     0     2021.7785    31     2007.2216 UserPurge2: 1     4513    0.73%
      0     0     2021.7532    31     2007.2216 UserPurge2: 1     4532    0.72%
      0     0     2021.7316    32     2007.2216 UserPurge2: 1     4548    0.72%
      0     0     2021.6640    32     2007.2216 UserPurge2: 1     4592    0.72%
      0     0     2021.5988    29     2007.2216 UserPurge2: 1     4621    0.72%
      0     0     2021.5494    30     2007.2216 UserPurge2: 1     4633    0.71%
      0     0     2021.5165    31     2007.2216 UserPurge2: 1     4652    0.71%
      0     0     2021.4954    31     2007.2216 UserPurge2: 1     4669    0.71%
      0     0     2021.4773    30     2007.2216 UserPurge2: 1     4687    0.71%
      0     0     2021.4531    30     2007.2216 UserPurge2: 1     4709    0.71%
      0     0     2021.4413    31     2007.2216 UserPurge2: 1     4725    0.71%
      0     0     2021.4023    32     2007.2216 UserPurge2: 1     4745    0.71%
      0     0     2021.3317    33     2007.2216 UserPurge2: 1     4787    0.70%
      0     0     2021.2897    33     2007.2216 UserPurge2: 1     4811    0.70%
      0     0     2021.2586    33     2007.2216 UserPurge2: 1     4833    0.70%
      0     0     2021.1989    32     2007.2216 UserPurge2: 1     4867    0.70%
      0     0     2021.1723    31     2007.2216 UserPurge2: 1     4889    0.70%
      0     0     2021.1243    31     2007.2216 UserPurge2: 1     4916    0.69%
      0     0     2021.0486    31     2007.2216 UserPurge2: 1     4949    0.69%
      0     0     2021.0344    32     2007.2216 UserPurge2: 1     4965    0.69%
      0     0     2020.9868    33     2007.2216 UserPurge2: 1     4996    0.69%
      0     0     2020.9254    32     2007.2216 UserPurge2: 1     5028    0.68%
      0     0     2020.8882    33     2007.2216 UserPurge2: 1     5057    0.68%
      0     0     2020.8707    32     2007.2216 UserPurge2: 1     5075    0.68%
      0     0     2020.8290    32     2007.2216 UserPurge2: 1     5093    0.68%
      0     0     2020.8171    33     2007.2216 UserPurge2: 1     5111    0.68%
      0     0     2020.7968    34     2007.2216 UserPurge2: 1     5126    0.68%
      0     0     2020.7810    35     2007.2216 UserPurge2: 1     5145    0.68%
      0     0     2020.7325    35     2007.2216 UserPurge2: 1     5177    0.67%
      0     0     2020.7194    36     2007.2216 UserPurge2: 1     5197    0.67%
      0     0     2020.6701    35     2007.2216 UserPurge2: 1     5223    0.67%
      0     0     2020.6396    36     2007.2216 UserPurge2: 1     5249    0.67%
      0     0     2020.6028    35     2007.2216 UserPurge2: 1     5293    0.67%
      0     0     2020.5730    35     2007.2216 UserPurge2: 1     5314    0.67%
      0     0     2020.5443    36     2007.2216 UserPurge2: 1     5348    0.66%
      0     0     2020.5257    37     2007.2216 UserPurge2: 1     5377    0.66%
      0     0     2020.5095    37     2007.2216 UserPurge2: 1     5417    0.66%
      0     0     2020.4835    36     2007.2216 UserPurge2: 1     5449    0.66%
      0     0     2020.4750    37     2007.2216 UserPurge2: 1     5466    0.66%
*     0+    0                         2009.4740     2020.4750             0.55%
      0     0     2020.4640    38     2009.4740 UserPurge2: 1     5500    0.55%
      0     0     2020.4494    39     2009.4740 UserPurge2: 1     5533    0.55%
      0     0     2020.3591    37     2009.4740 UserPurge2: 1     5588    0.54%
      0     0     2020.2223    33     2009.4740 UserPurge2: 1     5632    0.53%
      0     0     2020.1783    33     2009.4740 UserPurge2: 1     5653    0.53%
      0     0     2020.1422    34     2009.4740 UserPurge2: 1     5679    0.53%
      0     0     2020.1115    33     2009.4740 UserPurge2: 1     5703    0.53%
      0     0     2020.0977    34     2009.4740 UserPurge2: 1     5721    0.53%
      0     0     2020.0811    35     2009.4740 UserPurge2: 1     5743    0.53%
      0     0     2020.0632    36     2009.4740 UserPurge2: 1     5762    0.53%
      0     0     2020.0357    37     2009.4740 UserPurge2: 1     5789    0.53%
      0     0     2020.0071    37     2009.4740 UserPurge2: 1     5825    0.52%
      0     0     2019.9518    36     2009.4740 UserPurge2: 1     5849    0.52%
      0     0     2019.9274    37     2009.4740 UserPurge2: 1     5889    0.52%
      0     0     2019.9019    37     2009.4740 UserPurge2: 1     5908    0.52%
      0     0     2019.8588    37     2009.4740 UserPurge2: 1     5957    0.52%
      0     0     2019.8330    37     2009.4740 UserPurge2: 1     5979    0.52%
      0     0     2019.8053    37     2009.4740 UserPurge2: 1     6006    0.51%
      0     0     2019.7628    37     2009.4740 UserPurge2: 1     6039    0.51%
      0     0     2019.7212    37     2009.4740 UserPurge2: 1     6070    0.51%
      0     0     2019.6803    37     2009.4740 UserPurge2: 1     6091    0.51%
      0     0     2019.6316    37     2009.4740 UserPurge2: 1     6128    0.51%
      0     0     2019.5639    36     2009.4740 UserPurge2: 1     6158    0.50%
      0     0     2019.5312    33     2009.4740 UserPurge2: 1     6178    0.50%
      0     0     2019.5180    33     2009.4740 UserPurge2: 1     6200    0.50%
      0     0     2019.4729    34     2009.4740 UserPurge2: 1     6231    0.50%
      0     0     2019.4506    34     2009.4740 UserPurge2: 1     6256    0.50%
      0     0     2019.4021    33     2009.4740 UserPurge2: 1     6286    0.49%
      0     0     2019.3910    33     2009.4740 UserPurge2: 1     6305    0.49%
      0     0     2019.3653    33     2009.4740 UserPurge2: 1     6334    0.49%
      0     0     2019.3527    33     2009.4740 UserPurge2: 1     6354    0.49%
      0     0     2019.3258    34     2009.4740 UserPurge2: 1     6374    0.49%
      0     0     2019.3058    34     2009.4740 UserPurge2: 1     6393    0.49%
      0     0     2019.2895    35     2009.4740 UserPurge2: 1     6410    0.49%
      0     0     2019.2822    36     2009.4740 UserPurge2: 1     6429    0.49%
      0     0     2019.2713    37     2009.4740 UserPurge2: 1     6443    0.49%
      0     0     2019.2488    38     2009.4740 UserPurge2: 1     6470    0.49%
      0     0     2019.2436    39     2009.4740 UserPurge2: 1     6484    0.49%
      0     0     2019.2152    39     2009.4740 UserPurge2: 1     6520    0.48%
      0     0     2019.1450    38     2009.4740 UserPurge2: 1     6563    0.48%
      0     0     2019.1038    36     2009.4740 UserPurge2: 1     6594    0.48%
      0     0     2019.0852    35     2009.4740 UserPurge2: 1     6609    0.48%
      0     0     2019.0618    35     2009.4740 UserPurge2: 1     6625    0.48%
      0     0     2019.0436    36     2009.4740 UserPurge2: 1     6642    0.48%
      0     0     2019.0319    37     2009.4740 UserPurge2: 1     6655    0.48%
      0     0     2019.0180    37     2009.4740 UserPurge2: 1     6681    0.47%
      0     0     2019.0141    37     2009.4740 UserPurge2: 1     6697    0.47%
      0     0     2018.9947    37     2009.4740 UserPurge2: 1     6733    0.47%
      0     0     2018.9779    37     2009.4740 UserPurge2: 1     6762    0.47%
      0     0     2018.9667    38     2009.4740 UserPurge2: 1     6785    0.47%
      0     0     2018.9529    38     2009.4740 UserPurge2: 1     6809    0.47%
      0     0     2018.9369    37     2009.4740 UserPurge2: 1     6841    0.47%
      0     0     2018.9187    38     2009.4740 UserPurge2: 1     6871    0.47%
      0     0     2018.9027    38     2009.4740 UserPurge2: 1     6906    0.47%
      0     0     2018.8765    37     2009.4740 UserPurge2: 1     6930    0.47%
      0     0     2018.8548    37     2009.4740 UserPurge2: 1     6955    0.47%
      0     0     2018.8442    37     2009.4740 UserPurge2: 1     6973    0.47%
      0     0     2018.8112    37     2009.4740 UserPurge2: 1     7009    0.46%
      0     0     2018.8014    38     2009.4740 UserPurge2: 1     7022    0.46%
      0     0     2018.7909    38     2009.4740 UserPurge2: 1     7042    0.46%
      0     0     2018.7714    39     2009.4740 UserPurge2: 1     7064    0.46%
      0     0     2018.7264    38     2009.4740 UserPurge2: 1     7096    0.46%
      0     0     2018.6856    37     2009.4740 UserPurge2: 1     7118    0.46%
      0     0     2018.6616    38     2009.4740 UserPurge2: 1     7136    0.46%
      0     0     2018.6303    36     2009.4740 UserPurge2: 1     7168    0.46%
      0     0     2018.6038    37     2009.4740 UserPurge2: 1     7188    0.45%
      0     0     2018.5751    38     2009.4740 UserPurge2: 1     7213    0.45%
      0     0     2018.5579    39     2009.4740 UserPurge2: 1     7234    0.45%
      0     0     2018.5344    39     2009.4740 UserPurge2: 1     7258    0.45%
      0     0     2018.5017    39     2009.4740 UserPurge2: 1     7291    0.45%
      0     0     2018.4623    40     2009.4740 UserPurge2: 1     7340    0.45%
      0     0     2018.4312    39     2009.4740 UserPurge2: 1     7372    0.45%
      0     0     2018.3919    38     2009.4740 UserPurge2: 1     7429    0.44%
      0     0     2018.3665    38     2009.4740 UserPurge2: 1     7450    0.44%
      0     0     2018.3355    37     2009.4740 UserPurge2: 1     7476    0.44%
      0     0     2018.3162    37     2009.4740 UserPurge2: 1     7511    0.44%
      0     0     2018.2809    38     2009.4740 UserPurge2: 1     7543    0.44%
      0     0     2018.2731    38     2009.4740 UserPurge2: 1     7565    0.44%
      0     0     2018.2335    38     2009.4740 UserPurge2: 1     7606    0.44%
      0     0     2018.1967    37     2009.4740 UserPurge2: 1     7641    0.43%
      0     0     2018.1688    37     2009.4740 UserPurge2: 1     7671    0.43%
      0     0     2018.1487    38     2009.4740 UserPurge2: 1     7715    0.43%
      0     0     2018.1400    38     2009.4740 UserPurge2: 1     7730    0.43%
      0     0     2018.1291    39     2009.4740 UserPurge2: 1     7752    0.43%
      0     0     2018.1221    39     2009.4740 UserPurge2: 1     7777    0.43%
      0     0     2018.1017    40     2009.4740 UserPurge2: 1     7821    0.43%
      0     0     2018.0929    41     2009.4740 UserPurge2: 1     7841    0.43%
      0     0     2018.0605    40     2009.4740 UserPurge2: 1     7881    0.43%
      0     0     2018.0269    39     2009.4740 UserPurge2: 1     7910    0.43%
      0     0     2018.0084    40     2009.4740 UserPurge2: 1     7936    0.42%
      0     0     2017.9903    41     2009.4740 UserPurge2: 1     7977    0.42%
      0     0     2017.9646    41     2009.4740 UserPurge2: 1     8017    0.42%
      0     0     2017.9462    41     2009.4740 UserPurge2: 1     8043    0.42%
      0     0     2017.9283    41     2009.4740 UserPurge2: 1     8064    0.42%
      0     0     2017.8552    39     2009.4740 UserPurge2: 1     8103    0.42%
      0     0     2017.8405    38     2009.4740 UserPurge2: 1     8125    0.42%
      0     0     2017.8156    39     2009.4740 UserPurge2: 1     8148    0.42%
      0     0     2017.8061    40     2009.4740 UserPurge2: 1     8166    0.41%
      0     0     2017.7741    39     2009.4740 UserPurge2: 1     8208    0.41%
      0     0     2017.7420    39     2009.4740 UserPurge2: 1     8237    0.41%
      0     0     2017.7223    39     2009.4740 UserPurge2: 1     8261    0.41%
      0     0     2017.6589    38     2009.4740 UserPurge2: 1     8296    0.41%
      0     0     2017.6338    35     2009.4740 UserPurge2: 1     8322    0.41%
      0     0     2017.6155    36     2009.4740 UserPurge2: 1     8349    0.41%
      0     0     2017.6109    37     2009.4740 UserPurge2: 1     8361    0.40%
      0     0     2017.6005    37     2009.4740 UserPurge2: 1     8377    0.40%
      0     0     2017.5890    38     2009.4740 UserPurge2: 1     8396    0.40%
      0     0     2017.5684    39     2009.4740 UserPurge2: 1     8428    0.40%
      0     0     2017.5515    38     2009.4740 UserPurge2: 1     8459    0.40%
      0     0     2017.5403    38     2009.4740 UserPurge2: 1     8477    0.40%
      0     0     2017.5306    39     2009.4740 UserPurge2: 1     8496    0.40%
      0     0     2017.5174    40     2009.4740 UserPurge2: 1     8516    0.40%
      0     0     2017.5048    41     2009.4740 UserPurge2: 1     8546    0.40%
      0     0     2017.4929    42     2009.4740 UserPurge2: 1     8579    0.40%
      0     0     2017.4803    41     2009.4740 UserPurge2: 1     8607    0.40%
      0     0     2017.4627    41     2009.4740 UserPurge2: 1     8638    0.40%
      0     0     2017.4579    41     2009.4740 UserPurge2: 1     8664    0.40%
      0     0     2017.4517    41     2009.4740 UserPurge2: 1     8683    0.40%
      0     0     2017.4454    42     2009.4740 UserPurge2: 1     8705    0.40%
      0     0     2017.4358    43     2009.4740 UserPurge2: 1     8726    0.40%
      0     0     2017.4258    43     2009.4740 UserPurge2: 1     8752    0.40%
      0     0     2017.4187    44     2009.4740 UserPurge2: 1     8784    0.40%
      0     0     2017.3846    43     2009.4740 UserPurge2: 1     8826    0.39%
      0     0     2017.3621    40     2009.4740 UserPurge2: 1     8852    0.39%
      0     0     2017.3313    39     2009.4740 UserPurge2: 1     8877    0.39%
      0     0     2017.3133    40     2009.4740 UserPurge2: 1     8898    0.39%
      0     0     2017.3044    41     2009.4740 UserPurge2: 1     8917    0.39%
      0     0     2017.2897    42     2009.4740 UserPurge2: 1     8952    0.39%
      0     0     2017.2503    39     2009.4740 UserPurge2: 1     8984    0.39%
      0     0     2017.2406    39     2009.4740 UserPurge2: 1     8995    0.39%
      0     0     2017.2254    39     2009.4740 UserPurge2: 1     9018    0.39%
      0     0     2017.2167    40     2009.4740 UserPurge2: 1     9033    0.39%
      0     0     2017.2133    41     2009.4740 UserPurge2: 1     9047    0.39%
      0     0     2017.2073    42     2009.4740 UserPurge2: 1     9067    0.38%
      0     0     2017.2044    43     2009.4740 UserPurge2: 1     9076    0.38%
      0     0     2017.1925    44     2009.4740 UserPurge2: 1     9108    0.38%
      0     0     2017.1792    43     2009.4740 UserPurge2: 1     9139    0.38%
      0     0     2017.1631    43     2009.4740 UserPurge2: 1     9167    0.38%
      0     0     2017.1357    41     2009.4740 UserPurge2: 1     9202    0.38%
      0     0     2017.1245    41     2009.4740 UserPurge2: 1     9228    0.38%
      0     0     2017.1122    40     2009.4740 UserPurge2: 1     9254    0.38%
      0     0     2017.1030    40     2009.4740 UserPurge2: 1     9270    0.38%
      0     0     2017.0925    41     2009.4740 UserPurge2: 1     9293    0.38%
      0     0     2017.0825    40     2009.4740 UserPurge2: 1     9314    0.38%
      0     0     2017.0679    40     2009.4740 UserPurge2: 1     9343    0.38%
      0     0     2017.0574    41     2009.4740 UserPurge2: 1     9363    0.38%
      0     0     2017.0512    42     2009.4740 UserPurge2: 1     9381    0.38%
      0     0     2017.0375    40     2009.4740 UserPurge2: 1     9413    0.38%
      0     0     2017.0270    40     2009.4740 UserPurge2: 1     9433    0.38%
      0     0     2017.0240    41     2009.4740 UserPurge2: 1     9444    0.38%
      0     0     2017.0169    42     2009.4740 UserPurge2: 1     9463    0.38%
      0     0     2017.0017    39     2009.4740 UserPurge2: 1     9493    0.37%
      0     0     2016.9937    40     2009.4740 UserPurge2: 1     9514    0.37%
      0     0     2016.9881    41     2009.4740 UserPurge2: 1     9541    0.37%
      0     0     2016.9863    42     2009.4740 UserPurge2: 1     9555    0.37%
      0     0     2016.9767    41     2009.4740 UserPurge2: 1     9582    0.37%
      0     0     2016.9730    42     2009.4740 UserPurge2: 1     9594    0.37%
      0     0     2016.9698    43     2009.4740 UserPurge2: 1     9614    0.37%
      0     0     2016.9658    44     2009.4740 UserPurge2: 1     9634    0.37%
      0     0     2016.9582    45     2009.4740 UserPurge2: 1     9669    0.37%
      0     0     2016.9441    43     2009.4740 UserPurge2: 1     9702    0.37%
      0     0     2016.9367    41     2009.4740 UserPurge2: 1     9725    0.37%
      0     0     2016.9298    42     2009.4740 UserPurge2: 1     9747    0.37%
      0     0     2016.9218    43     2009.4740 UserPurge2: 1     9768    0.37%
      0     0     2016.9082    43     2009.4740 UserPurge2: 1     9799    0.37%
      0     0     2016.9034    44     2009.4740 UserPurge2: 1     9819    0.37%
      0     0     2016.8823    42     2009.4740 UserPurge2: 1     9871    0.37%
      0     0     2016.8717    43     2009.4740 UserPurge2: 1     9891    0.37%
      0     0     2016.8665    43     2009.4740 UserPurge2: 1     9913    0.37%
      0     0     2016.8516    42     2009.4740 UserPurge2: 1     9947    0.37%
      0     0     2016.8360    42     2009.4740 UserPurge2: 1     9969    0.37%
      0     0     2016.8263    41     2009.4740 UserPurge2: 1     9992    0.37%
      0     0     2016.8190    41     2009.4740 UserPurge2: 1    10017    0.37%
      0     0     2016.8146    42     2009.4740 UserPurge2: 1    10033    0.37%
      0     0     2016.8088    43     2009.4740 UserPurge2: 1    10056    0.37%
      0     0     2016.8046    44     2009.4740 UserPurge2: 1    10077    0.36%
      0     0     2016.7802    42     2009.4740 UserPurge2: 1    10132    0.36%
      0     0     2016.7736    42     2009.4740 UserPurge2: 1    10151    0.36%
      0     0     2016.7652    43     2009.4740 UserPurge2: 1    10180    0.36%
      0     0     2016.7553    44     2009.4740 UserPurge2: 1    10215    0.36%
      0     0     2016.7534    45     2009.4740 UserPurge2: 1    10227    0.36%
      0     0     2016.7468    46     2009.4740 UserPurge2: 1    10254    0.36%
      0     0     2016.7299    44     2009.4740 UserPurge2: 1    10305    0.36%
      0     0     2016.7178    44     2009.4740 UserPurge2: 1    10345    0.36%
      0     0     2016.7055    44     2009.4740 UserPurge2: 1    10381    0.36%
      0     0     2016.6961    45     2009.4740 UserPurge2: 1    10421    0.36%
      0     0     2016.6604    43     2009.4740 UserPurge2: 1    10474    0.36%
      0     0     2016.6466    44     2009.4740 UserPurge2: 1    10518    0.36%
      0     0     2016.6308    43     2009.4740 UserPurge2: 1    10559    0.36%
      0     0     2016.6191    43     2009.4740 UserPurge2: 1    10594    0.36%
      0     0     2016.5955    42     2009.4740 UserPurge2: 1    10621    0.35%
      0     0     2016.5611    42     2009.4740 UserPurge2: 1    10657    0.35%
      0     0     2016.5547    43     2009.4740 UserPurge2: 1    10674    0.35%
      0     0     2016.5427    42     2009.4740 UserPurge2: 1    10695    0.35%
      0     0     2016.5350    42     2009.4740 UserPurge2: 1    10712    0.35%
      0     0     2016.5262    42     2009.4740 UserPurge2: 1    10735    0.35%
      0     0     2016.5171    43     2009.4740 UserPurge2: 1    10765    0.35%
      0     0     2016.5108    43     2009.4740 UserPurge2: 1    10786    0.35%
      0     0     2016.5014    42     2009.4740 UserPurge2: 1    10817    0.35%
      0     0     2016.4961    43     2009.4740 UserPurge2: 1    10835    0.35%
      0     0     2016.4927    44     2009.4740 UserPurge2: 1    10851    0.35%
      0     0     2016.4856    43     2009.4740 UserPurge2: 1    10875    0.35%
      0     0     2016.4799    44     2009.4740 UserPurge2: 1    10898    0.35%
      0     0     2016.4739    45     2009.4740 UserPurge2: 1    10917    0.35%
      0     0     2016.4636    45     2009.4740 UserPurge2: 1    10946    0.35%
      0     0     2016.4475    45     2009.4740 UserPurge2: 1    10974    0.35%
      0     0     2016.4237    43     2009.4740 UserPurge2: 1    11008    0.35%
      0     0     2016.4156    43     2009.4740 UserPurge2: 1    11033    0.35%
      0     0     2016.4050    44     2009.4740 UserPurge2: 1    11056    0.34%
      0     0     2016.3973    44     2009.4740 UserPurge2: 1    11089    0.34%
      0     0     2016.3842    44     2009.4740 UserPurge2: 1    11113    0.34%
      0     0     2016.3736    41     2009.4740 UserPurge2: 1    11141    0.34%
      0     0     2016.3688    41     2009.4740 UserPurge2: 1    11167    0.34%
      0     0     2016.3597    42     2009.4740 UserPurge2: 1    11196    0.34%
      0     0     2016.3536    43     2009.4740 UserPurge2: 1    11224    0.34%
      0     0     2016.3476    44     2009.4740 UserPurge2: 1    11253    0.34%
      0     0     2016.3380    43     2009.4740 UserPurge2: 1    11278    0.34%
      0     0     2016.3320    44     2009.4740 UserPurge2: 1    11296    0.34%
      0     0     2016.3233    44     2009.4740 UserPurge2: 1    11329    0.34%
*     0+    0                         2010.8498     2016.3233             0.27%
      0     0     2016.3122    43     2010.8498 UserPurge2: 1    11362    0.27%
      0     0     2016.3071    44     2010.8498 UserPurge2: 1    11384    0.27%
      0     0     2016.3019    45     2010.8498 UserPurge2: 1    11404    0.27%
      0     0     2016.2980    46     2010.8498 UserPurge2: 1    11421    0.27%
      0     0     2016.2948    46     2010.8498 UserPurge2: 1    11436    0.27%
      0     0     2016.2920    46     2010.8498 UserPurge2: 1    11457    0.27%
      0     0     2016.2867    45     2010.8498 UserPurge2: 1    11476    0.27%
      0     0     2016.2789    46     2010.8498 UserPurge2: 1    11509    0.27%
      0     0     2016.2710    45     2010.8498 UserPurge2: 1    11534    0.27%
      0     0     2016.2651    46     2010.8498 UserPurge2: 1    11555    0.27%
      0     0     2016.2553    44     2010.8498 UserPurge2: 1    11581    0.27%
      0     0     2016.2470    45     2010.8498 UserPurge2: 1    11607    0.27%
      0     0     2016.2402    45     2010.8498 UserPurge2: 1    11639    0.27%
      0     0     2016.2287    45     2010.8498 UserPurge2: 1    11662    0.27%
      0     0     2016.2170    43     2010.8498 UserPurge2: 1    11695    0.27%
      0     0     2016.2095    43     2010.8498 UserPurge2: 1    11719    0.27%
      0     0     2016.1998    43     2010.8498 UserPurge2: 1    11748    0.27%
      0     0     2016.1875    43     2010.8498 UserPurge2: 1    11777    0.27%
      0     0     2016.1813    44     2010.8498 UserPurge2: 1    11793    0.27%
      0     0     2016.1660    44     2010.8498 UserPurge2: 1    11814    0.26%
      0     0     2016.1562    44     2010.8498 UserPurge2: 1    11832    0.26%
      0     0     2016.1494    45     2010.8498 UserPurge2: 1    11848    0.26%
      0     0     2016.1438    45     2010.8498 UserPurge2: 1    11873    0.26%
      0     0     2016.1423    45     2010.8498 UserPurge2: 1    11890    0.26%
      0     0     2016.1411    46     2010.8498 UserPurge2: 1    11902    0.26%
      0     0     2016.1350    47     2010.8498 UserPurge2: 1    11931    0.26%
      0     0     2016.1327    47     2010.8498 UserPurge2: 1    11941    0.26%
      0     0     2016.1256    48     2010.8498 UserPurge2: 1    11974    0.26%
      0     0     2016.1076    46     2010.8498 UserPurge2: 1    12007    0.26%
      0     0     2016.0916    43     2010.8498 UserPurge2: 1    12050    0.26%
      0     0     2016.0832    43     2010.8498 UserPurge2: 1    12076    0.26%
      0     0     2016.0697    41     2010.8498 UserPurge2: 1    12100    0.26%
      0     0     2016.0621    40     2010.8498 UserPurge2: 1    12119    0.26%
      0     0     2016.0545    39     2010.8498 UserPurge2: 1    12142    0.26%
      0     0     2016.0432    39     2010.8498 UserPurge2: 1    12159    0.26%
      0     0     2016.0350    39     2010.8498 UserPurge2: 1    12183    0.26%
*     0+    0                         2011.3020     2016.0350             0.24%
      0     0     2016.0324    40     2011.3020 UserPurge2: 1    12195    0.24%
      0     0     2016.0270    41     2011.3020 UserPurge2: 1    12210    0.23%
      0     0     2016.0246    42     2011.3020 UserPurge2: 1    12228    0.23%
      0     0     2016.0212    43     2011.3020 UserPurge2: 1    12252    0.23%
      0     0     2016.0142    43     2011.3020 UserPurge2: 1    12285    0.23%
      0     0     2016.0098    44     2011.3020 UserPurge2: 1    12301    0.23%
      0     0     2016.0056    44     2011.3020 UserPurge2: 1    12329    0.23%
      0     0     2016.0027    45     2011.3020 UserPurge2: 1    12351    0.23%
      0     0     2015.9950    46     2011.3020 UserPurge2: 1    12380    0.23%
      0     0     2015.9903    46     2011.3020 UserPurge2: 1    12404    0.23%
      0     0     2015.9839    46     2011.3020 UserPurge2: 1    12440    0.23%
      0     0     2015.9715    46     2011.3020 UserPurge2: 1    12479    0.23%
      0     0     2015.9654    45     2011.3020 UserPurge2: 1    12503    0.23%
      0     0     2015.9577    46     2011.3020 UserPurge2: 1    12525    0.23%
      0     0     2015.9505    46     2011.3020 UserPurge2: 1    12546    0.23%
      0     0     2015.9462    46     2011.3020 UserPurge2: 1    12565    0.23%
      0     0     2015.9407    46     2011.3020 UserPurge2: 1    12597    0.23%
      0     0     2015.9393    46     2011.3020 UserPurge2: 1    12610    0.23%
      0     0     2015.9298    47     2011.3020 UserPurge2: 1    12634    0.23%
      0     0     2015.9281    46     2011.3020 UserPurge2: 1    12651    0.23%
      0     0     2015.9254    47     2011.3020 UserPurge2: 1    12666    0.23%
      0     0     2015.9181    47     2011.3020 UserPurge2: 1    12700    0.23%
      0     0     2015.9112    46     2011.3020 UserPurge2: 1    12743    0.23%
      0     0     2015.9034    46     2011.3020 UserPurge2: 1    12771    0.23%
      0     0     2015.9010    47     2011.3020 UserPurge2: 1    12787    0.23%
      0     0     2015.8985    47     2011.3020 UserPurge2: 1    12807    0.23%
      0     0     2015.8959    48     2011.3020 UserPurge2: 1    12835    0.23%
      0     0     2015.8869    48     2011.3020 UserPurge2: 1    12880    0.23%
      0     0     2015.8828    46     2011.3020 UserPurge2: 1    12894    0.23%
      0     0     2015.8711    47     2011.3020 UserPurge2: 1    12927    0.23%
      0     0     2015.8549    45     2011.3020 UserPurge2: 1    12963    0.23%
      0     0     2015.8352    45     2011.3020 UserPurge2: 1    13006    0.23%
      0     0     2015.8309    46     2011.3020 UserPurge2: 1    13025    0.23%
      0     0     2015.8234    46     2011.3020 UserPurge2: 1    13056    0.22%
      0     0     2015.8134    47     2011.3020 UserPurge2: 1    13085    0.22%
      0     0     2015.8092    46     2011.3020 UserPurge2: 1    13108    0.22%
      0     0     2015.8025    46     2011.3020 UserPurge2: 1    13144    0.22%
      0     0     2015.7964    47     2011.3020 UserPurge2: 1    13182    0.22%
      0     0     2015.7708    43     2011.3020 UserPurge2: 1    13223    0.22%
      0     0     2015.7647    43     2011.3020 UserPurge2: 1    13241    0.22%
      0     0     2015.7472    42     2011.3020 UserPurge2: 1    13280    0.22%
      0     0     2015.7375    43     2011.3020 UserPurge2: 1    13296    0.22%
      0     0     2015.7304    43     2011.3020 UserPurge2: 1    13323    0.22%
      0     0     2015.7228    44     2011.3020 UserPurge2: 1    13346    0.22%
      0     0     2015.7150    42     2011.3020 UserPurge2: 1    13376    0.22%
      0     0     2015.7127    43     2011.3020 UserPurge2: 1    13386    0.22%
      0     0     2015.7098    44     2011.3020 UserPurge2: 1    13395    0.22%
      0     0     2015.7064    44     2011.3020 UserPurge2: 1    13410    0.22%
      0     0     2015.6979    44     2011.3020 UserPurge2: 1    13435    0.22%
      0     0     2015.6819    42     2011.3020 UserPurge2: 1    13472    0.22%
      0     0     2015.6674    43     2011.3020 UserPurge2: 1    13507    0.22%
      0     0     2015.6578    43     2011.3020 UserPurge2: 1    13525    0.22%
      0     0     2015.6510    42     2011.3020 UserPurge2: 1    13549    0.22%
      0     0     2015.6389    42     2011.3020 UserPurge2: 1    13578    0.22%
      0     0     2015.6338    43     2011.3020 UserPurge2: 1    13593    0.22%
      0     0     2015.6309    44     2011.3020 UserPurge2: 1    13612    0.22%
      0     0     2015.6261    42     2011.3020 UserPurge2: 1    13632    0.21%
      0     0     2015.6234    43     2011.3020 UserPurge2: 1    13654    0.21%
      0     0     2015.6205    43     2011.3020 UserPurge2: 1    13672    0.21%
      0     0     2015.6179    43     2011.3020 UserPurge2: 1    13685    0.21%
      0     0     2015.6141    44     2011.3020 UserPurge2: 1    13707    0.21%
      0     0     2015.6105    44     2011.3020 UserPurge2: 1    13730    0.21%
      0     0     2015.6043    45     2011.3020 UserPurge2: 1    13753    0.21%
      0     0     2015.6003    45     2011.3020 UserPurge2: 1    13777    0.21%
      0     0     2015.5936    43     2011.3020 UserPurge2: 1    13803    0.21%
      0     0     2015.5905    44     2011.3020 UserPurge2: 1    13817    0.21%
      0     0     2015.5884    45     2011.3020 UserPurge2: 1    13830    0.21%
      0     0     2015.5844    46     2011.3020 UserPurge2: 1    13848    0.21%
      0     0     2015.5810    44     2011.3020 UserPurge2: 1    13867    0.21%
      0     0     2015.5766    43     2011.3020 UserPurge2: 1    13890    0.21%
      0     0     2015.5757    44     2011.3020 UserPurge2: 1    13900    0.21%
      0     0     2015.5706    44     2011.3020 UserPurge2: 1    13927    0.21%
      0     0     2015.5668    44     2011.3020 UserPurge2: 1    13947    0.21%
      0     0     2015.5607    42     2011.3020 UserPurge2: 1    13966    0.21%
      0     0     2015.5565    41     2011.3020 UserPurge2: 1    13979    0.21%
      0     0     2015.5514    42     2011.3020 UserPurge2: 1    13999    0.21%
      0     0     2015.5473    43     2011.3020 UserPurge2: 1    14011    0.21%
      0     2     2015.5473    43     2011.3020     2015.5469    14011    0.21%
Elapsed time = 104.23 sec. (8079.36 ticks, tree = 0.01 MB, solutions = 10)
      1     3     2012.7600    11     2011.3020     2015.5469    41090    0.21%
      2     4     2012.4878    16     2011.3020     2015.5469    50056    0.21%
      3     5     2012.6239    12     2011.3020     2015.5469    61156    0.21%
      4     6     2012.6168    11     2011.3020     2015.5469    64935    0.21%
      5     7     2012.6045     8     2011.3020     2015.5469    72269    0.21%
      6     8     2012.6042    10     2011.3020     2015.5469    73534    0.21%
      7     7        cutoff           2011.3020     2015.5469    74560    0.21%
      8     8     2012.5935    10     2011.3020     2015.5469    78477    0.21%
      9     9     2011.7305    13     2011.3020     2015.5469    89682    0.21%
*    10+    6                         2012.4563     2015.5469             0.15%
     10     8     2012.5934    10     2012.4563     2015.5469    89988    0.15%
Elapsed time = 434.87 sec. (173124.07 ticks, tree = 0.12 MB, solutions = 11)
     12     8     2012.5860    12     2012.4563     2015.5469    92858    0.15%
     14     8     2012.5813     8     2012.4563     2015.5469    95151    0.15%
     15     9     2012.5805    10     2012.4563     2015.5469    96116    0.15%
     17     9     2012.5769    12     2012.4563     2015.5469    97488    0.15%
     19     9     2012.5691     8     2012.4563     2015.5469   100255    0.15%
     20    10     2012.5646    12     2012.4563     2015.5469   102578    0.15%
     22    10     2012.5518    21     2012.4563     2015.5469   108323    0.15%
     24    10     2012.5119     2     2012.4563     2015.5469   109393    0.15%
     25    11     2012.4898     2     2012.4563     2015.5469   109673    0.15%
     27    11     2012.4735     2     2012.4563     2015.5469   109788    0.15%
Elapsed time = 604.99 sec. (248431.80 ticks, tree = 0.26 MB, solutions = 11)
     31     9     2013.6085    30     2012.4563     2013.6085   163116    0.06%
     32    10     2013.5394    30     2012.4563     2013.6085   174028    0.06%
     33    11     2013.2933     6     2012.4563     2013.5394   181732    0.05%
     34    12     2013.2266    16     2012.4563     2013.5394   190655    0.05%
     35    13     2013.2066     2     2012.4563     2013.5394   191268    0.05%
     36    14     2013.1666     2     2012.4563     2013.5394   192491    0.05%
*    37     6      integral     0     2013.1834     2013.5394   195511    0.02%
     37     4     2013.1834     0     2013.1834     2013.5394   195511    0.02%
     38     5     2013.4456    34     2013.1834     2013.5394   215930    0.02%
     39     6     2013.3429    27     2013.1834     2013.5394   242467    0.02%
     40     7     2013.2745    45     2013.1834     2013.5394   266219    0.02%
Elapsed time = 2303.78 sec. (1506476.03 ticks, tree = 0.55 MB, solutions = 12)
     41     6        cutoff           2013.1834     2013.5394   273149    0.02%
     43     4        cutoff           2013.1834     2013.4456   276256    0.01%
     44     5     2013.3140    22     2013.1834     2013.3429   285644    0.01%
     45     6     2013.2611    21     2013.1834     2013.3429   293783    0.01%
     46     5        cutoff           2013.1834     2013.3429   297547    0.01%
     47     4        cutoff           2013.1834     2013.3429   297924    0.01%
     48     3        cutoff           2013.1834     2013.3139   298616    0.01%
     49     2        cutoff           2013.1834     2013.2266   301577    0.00%
     50     1        cutoff           2013.1834     2013.2266   301987    0.00%
     51     2     2013.2127     6     2013.1834     2013.2127   303290    0.00%
Elapsed time = 2774.32 sec. (1888243.66 ticks, tree = 0.01 MB, solutions = 12)
     52     3     2013.2007     4     2013.1834     2013.2127   303603    0.00%

User cuts applied:  20289

Root node processing (before b&c):
  Real time             =  104.27 sec. (8137.42 ticks)
Sequential b&c:
  Real time             = 2683.38 sec. (1886147.47 ticks)
                          ------------
Total (root+branch&cut) = 2787.65 sec. (1894284.89 ticks)
@Parameters: 
is_S_cut                                true
is_add_all_yinF                         true
is_start_value                          true
is_usercut                              true
is_visualization                        false
uc_only_rootnode                        false

data                                    Qi
fn                                      data/Qi/instance_500_1000.csv
mode                                    NewSubmodular
solver                                  cplex

p                                       10
r                                       2

EPS                                     1.0e-06
EPS_vio                                 1.0e-04
beta                                    0.10
gap                                     0.00
nodelimit                               Inf
timelimit                               7200.00


@PrintInfos
ItCnt: 303653
Current gap: 0.00 %
Termination Status: OPTIMAL
Primal Status: FEASIBLE_POINT
Solve Time: 2787.65 sec
Objective Value: 2013.183384
Number of Nodes:     56

CutInfo: [phase] num / time (sec) 
ZLP             [phase1]     0 / 0.00 [rLC]     0 / 0.00 [rUC]     0 / 0.00 [sLC]     0 / 0.00 [sUC]     0 / 0.00 
OldSubmodular   [phase1]     0 / 0.00 [rLC]     0 / 0.00 [rUC]     0 / 0.00 [sLC]     0 / 0.00 [sUC]     0 / 0.00 
NewSubmodular   [phase1]     0 / 0.00 [rLC]   545 / 38.78 [rUC]  3516 / 53.82 [sLC]     0 / 4.26 [sUC] 20918 / 718.33 
PMP             [phase1]     0 / 0.00 [rLC]    18 / 32.25 [rUC]     0 / 0.00 [sLC]     2 / 4.25 [sUC]    67 / 139.37 
Separation Round: [phase1] 0  [rLC] 180  [rUC] 583  [sLC] 2  [sUC] 5559
Root Best Bound 2015.546933
Root Best Integer: 2011.302019
Best Bound: 2013.183384
Best Integer: 2013.183384

