Version identifier: 20.1.0.0 | 2020-11-10 | 9bedb6d68
CPXPARAM_Threads                                 1
CPXPARAM_TimeLimit                               7200
CPXPARAM_MIP_Tolerances_MIPGap                   0
Generic callback                                 0x60
1 of 1 MIP starts provided solutions.
MIP start 'm1' defined initial solution with objective 1349.9818.
Tried aggregator 1 time.
Reduced MIP has 1 rows, 801 columns, and 800 nonzeros.
Reduced MIP has 800 binaries, 0 generals, 0 SOSs, and 0 indicators.
Presolve time = 0.00 sec. (0.24 ticks)
Probing time = 0.00 sec. (0.09 ticks)
Tried aggregator 1 time.
Reduced MIP has 1 rows, 801 columns, and 800 nonzeros.
Reduced MIP has 800 binaries, 0 generals, 0 SOSs, and 0 indicators.
Presolve time = 0.00 sec. (0.25 ticks)
Probing time = 0.00 sec. (0.09 ticks)
MIP emphasis: balance optimality and feasibility.
MIP search method: dynamic search.
Parallel mode: none, using 1 thread.
Root relaxation solution time = 0.00 sec. (0.17 ticks)

        Nodes                                         Cuts/
   Node  Left     Objective  IInf  Best Integer    Best Bound    ItCnt     Gap

*     0+    0                         1349.9818     2716.0000           101.19%
      0     0     1759.6343     2     1349.9818     2716.0000        0  101.19%
      0     0     1628.1932     3     1349.9818 UserPurge2: 1        5   20.61%
      0     0     1558.2149     4     1349.9818 UserPurge2: 1       14   15.42%
      0     0     1533.8872     6     1349.9818 UserPurge2: 1       26   13.62%
      0     0     1515.6134     7     1349.9818 UserPurge2: 1       40   12.27%
      0     0     1493.0632     7     1349.9818 UserPurge2: 1       54   10.60%
      0     0     1488.1033     9     1349.9818 UserPurge1: 1       61   10.23%
      0     0     1478.9819    10     1349.9818 UserPurge2: 1       75    9.56%
      0     0     1467.3051    11     1349.9818 UserPurge2: 1       98    8.69%
      0     0     1460.4938    12     1349.9818 UserPurge2: 1      118    8.19%
      0     0     1454.0722    13     1349.9818 UserPurge2: 1      151    7.71%
      0     0     1449.2542    14     1349.9818 UserPurge2: 1      177    7.35%
      0     0     1445.1486    14     1349.9818 UserPurge2: 1      194    7.05%
      0     0     1441.7229    15     1349.9818 UserPurge2: 1      219    6.80%
      0     0     1437.9843    15     1349.9818 UserPurge2: 1      243    6.52%
      0     0     1431.7603    14     1349.9818 UserPurge2: 1      287    6.06%
      0     0     1430.6423    16     1349.9818 UserPurge1: 1      297    5.97%
      0     0     1425.9984    15     1349.9818 UserPurge2: 1      327    5.63%
      0     0     1424.1858    16     1349.9818 UserPurge1: 1      336    5.50%
      0     0     1422.7407    17     1349.9818 UserPurge2: 1      348    5.39%
      0     0     1422.4466    19     1349.9818 UserPurge1: 1      357    5.37%
      0     0     1418.9450    14     1349.9818 UserPurge2: 1      396    5.11%
      0     0     1415.6222    14     1349.9818 UserPurge2: 1      422    4.86%
      0     0     1414.5864    17     1349.9818 UserPurge1: 2      433    4.79%
      0     0     1413.3125    15     1349.9818 UserPurge2: 1      450    4.69%
      0     0     1411.4331    16     1349.9818 UserPurge2: 1      471    4.55%
      0     0     1410.5558    17     1349.9818 UserPurge1: 1      476    4.49%
      0     0     1409.0127    16     1349.9818 UserPurge2: 1      498    4.37%
      0     0     1408.6899    17     1349.9818 UserPurge1: 2      503    4.35%
      0     0     1405.9476    14     1349.9818 UserPurge2: 1      527    4.15%
      0     0     1404.5917    15     1349.9818 UserPurge2: 1      538    4.05%
      0     0     1402.7967    15     1349.9818 UserPurge2: 1      563    3.91%
      0     0     1401.9000    15     1349.9818 UserPurge2: 1      577    3.85%
      0     0     1401.1274    16     1349.9818 UserPurge2: 1      590    3.79%
      0     0     1400.5728    16     1349.9818 UserPurge2: 1      606    3.75%
      0     0     1398.5378    13     1349.9818 UserPurge2: 1      632    3.60%
      0     0     1398.3582    15     1349.9818 UserPurge2: 1      639    3.58%
      0     0     1397.5378    13     1349.9818 UserPurge2: 1      666    3.52%
      0     0     1397.3508    14     1349.9818 UserPurge2: 1      678    3.51%
      0     0     1396.8724    15     1349.9818 UserPurge2: 1      699    3.47%
      0     0     1396.1491    16     1349.9818 UserPurge2: 1      711    3.42%
      0     0     1394.8385    16     1349.9818 UserPurge2: 1      739    3.32%
      0     0     1394.1306    15     1349.9818 UserPurge2: 1      763    3.27%
      0     0     1393.2542    15     1349.9818 UserPurge2: 1      791    3.21%
      0     0     1392.8131    15     1349.9818 UserPurge2: 1      807    3.17%
      0     0     1392.1311    15     1349.9818 UserPurge2: 1      829    3.12%
      0     0     1391.9140    17     1349.9818 UserPurge2: 1      842    3.11%
      0     0     1391.7083    17     1349.9818 UserPurge2: 1      859    3.09%
      0     0     1391.4242    18     1349.9818 UserPurge2: 1      876    3.07%
      0     0     1389.5246    16     1349.9818 UserPurge2: 1      921    2.93%
      0     0     1388.6865    16     1349.9818 UserPurge2: 1      944    2.87%
      0     0     1388.5675    17     1349.9818 UserPurge2: 1      957    2.86%
      0     0     1388.2194    17     1349.9818 UserPurge2: 1      975    2.83%
      0     0     1386.3431    17     1349.9818 UserPurge2: 1     1017    2.69%
      0     0     1385.8772    15     1349.9818 UserPurge2: 1     1034    2.66%
      0     0     1385.3986    16     1349.9818 UserPurge2: 1     1046    2.62%
      0     0     1384.9265    17     1349.9818 UserPurge2: 1     1060    2.59%
      0     0     1384.5380    18     1349.9818 UserPurge2: 1     1080    2.56%
      0     0     1384.2468    17     1349.9818 UserPurge2: 1     1092    2.54%
      0     0     1384.0028    17     1349.9818 UserPurge2: 1     1110    2.52%
      0     0     1383.8062    18     1349.9818 UserPurge2: 1     1133    2.51%
      0     0     1383.3456    19     1349.9818 UserPurge2: 1     1161    2.47%
      0     0     1382.6464    18     1349.9818 UserPurge2: 1     1190    2.42%
      0     0     1382.2211    19     1349.9818 UserPurge2: 1     1215    2.39%
      0     0     1381.8882    18     1349.9818 UserPurge2: 1     1240    2.36%
      0     0     1381.2742    17     1349.9818 UserPurge2: 1     1266    2.32%
      0     0     1380.8644    17     1349.9818 UserPurge2: 1     1288    2.29%
      0     0     1380.7072    16     1349.9818 UserPurge2: 1     1301    2.28%
      0     0     1380.6068    17     1349.9818 UserPurge2: 1     1312    2.27%
      0     0     1380.5256    18     1349.9818 UserPurge2: 1     1326    2.26%
      0     0     1380.1526    19     1349.9818 UserPurge2: 1     1347    2.23%
      0     0     1379.6670    19     1349.9818 UserPurge2: 1     1372    2.20%
      0     0     1379.4154    20     1349.9818 UserPurge2: 1     1384    2.18%
      0     0     1379.2860    20     1349.9818 UserPurge2: 1     1399    2.17%
      0     0     1378.9920    20     1349.9818 UserPurge2: 1     1423    2.15%
      0     0     1378.3965    19     1349.9818 UserPurge2: 1     1456    2.10%
      0     0     1378.0345    19     1349.9818 UserPurge2: 1     1489    2.08%
      0     0     1377.8567    19     1349.9818 UserPurge2: 1     1506    2.06%
      0     0     1377.1992    18     1349.9818 UserPurge2: 1     1530    2.02%
      0     0     1376.9149    19     1349.9818 UserPurge2: 1     1551    2.00%
      0     0     1376.7272    19     1349.9818 UserPurge2: 1     1565    1.98%
      0     0     1376.2620    20     1349.9818 UserPurge2: 1     1599    1.95%
      0     0     1376.0382    21     1349.9818 UserPurge2: 1     1619    1.93%
      0     0     1375.7034    18     1349.9818 UserPurge2: 1     1639    1.91%
      0     0     1375.3924    19     1349.9818 UserPurge2: 1     1660    1.88%
      0     0     1375.2323    20     1349.9818 UserPurge2: 1     1674    1.87%
      0     0     1375.1561    20     1349.9818 UserPurge2: 1     1683    1.86%
      0     0     1375.0389    21     1349.9818 UserPurge2: 1     1695    1.86%
      0     0     1374.9537    22     1349.9818 UserPurge2: 1     1718    1.85%
      0     0     1374.6474    20     1349.9818 UserPurge2: 1     1747    1.83%
      0     0     1374.5163    20     1349.9818 UserPurge2: 1     1763    1.82%
      0     0     1374.3765    21     1349.9818 UserPurge2: 1     1777    1.81%
      0     0     1374.3339    22     1349.9818 UserPurge2: 1     1791    1.80%
      0     0     1374.1835    23     1349.9818 UserPurge2: 1     1817    1.79%
      0     0     1374.1274    23     1349.9818 UserPurge2: 1     1831    1.79%
      0     0     1374.0097    23     1349.9818 UserPurge2: 1     1850    1.78%
      0     0     1373.9466    23     1349.9818 UserPurge2: 1     1866    1.78%
      0     0     1373.9201    24     1349.9818 UserPurge2: 1     1877    1.77%
      0     0     1373.7810    25     1349.9818 UserPurge2: 1     1907    1.76%
      0     0     1373.4603    22     1349.9818 UserPurge2: 1     1939    1.74%
      0     0     1373.2305    22     1349.9818 UserPurge2: 1     1955    1.72%
      0     0     1373.0558    22     1349.9818 UserPurge2: 1     1984    1.71%
      0     0     1373.0001    23     1349.9818 UserPurge2: 1     2006    1.71%
      0     0     1372.9700    24     1349.9818 UserPurge2: 1     2021    1.70%
      0     0     1372.9508    24     1349.9818 UserPurge2: 1     2033    1.70%
      0     0     1372.8074    24     1349.9818 UserPurge2: 1     2069    1.69%
      0     0     1372.7381    24     1349.9818 UserPurge2: 1     2091    1.69%
      0     0     1372.6783    24     1349.9818 UserPurge2: 1     2101    1.68%
      0     0     1372.5396    22     1349.9818 UserPurge2: 1     2123    1.67%
      0     0     1372.3898    23     1349.9818 UserPurge2: 1     2150    1.66%
      0     0     1372.3354    23     1349.9818 UserPurge2: 1     2163    1.66%
      0     0     1372.2771    24     1349.9818 UserPurge2: 1     2174    1.65%
      0     0     1372.2390    25     1349.9818 UserPurge2: 1     2186    1.65%
      0     0     1372.1363    25     1349.9818 UserPurge2: 1     2215    1.64%
      0     0     1372.0589    26     1349.9818 UserPurge2: 1     2235    1.64%
      0     0     1371.9973    27     1349.9818 UserPurge2: 1     2251    1.63%
      0     0     1371.9213    27     1349.9818 UserPurge2: 1     2272    1.63%
      0     0     1371.7481    26     1349.9818 UserPurge2: 1     2312    1.61%
      0     0     1371.5758    24     1349.9818 UserPurge2: 1     2337    1.60%
      0     0     1371.4896    25     1349.9818 UserPurge2: 1     2356    1.59%
      0     0     1371.1763    23     1349.9818 UserPurge2: 1     2377    1.57%
      0     0     1371.0441    22     1349.9818 UserPurge2: 1     2393    1.56%
      0     0     1370.9896    23     1349.9818 UserPurge2: 1     2401    1.56%
      0     0     1370.9533    24     1349.9818 UserPurge2: 1     2411    1.55%
      0     0     1370.7552    24     1349.9818 UserPurge2: 1     2442    1.54%
      0     0     1370.6655    25     1349.9818 UserPurge2: 1     2463    1.53%
      0     0     1370.6013    26     1349.9818 UserPurge2: 1     2472    1.53%
      0     0     1370.5467    26     1349.9818 UserPurge2: 1     2482    1.52%
      0     0     1370.4492    27     1349.9818 UserPurge2: 1     2508    1.52%
      0     0     1370.3932    28     1349.9818 UserPurge2: 1     2523    1.51%
      0     0     1370.1931    26     1349.9818 UserPurge2: 1     2568    1.50%
      0     0     1369.9256    25     1349.9818 UserPurge2: 1     2588    1.48%
      0     0     1369.8254    24     1349.9818 UserPurge2: 1     2601    1.47%
      0     0     1369.5865    24     1349.9818 UserPurge2: 1     2622    1.45%
      0     0     1369.5448    25     1349.9818 UserPurge2: 1     2637    1.45%
*     0+    0                         1352.6866     1369.5448             1.25%
      0     0     1369.4804    25     1352.6866 UserPurge2: 1     2652    1.24%
      0     0     1369.3927    26     1352.6866 UserPurge2: 1     2675    1.24%
      0     0     1369.2566    26     1352.6866 UserPurge2: 1     2694    1.22%
      0     0     1369.1732    26     1352.6866 UserPurge2: 1     2717    1.22%
      0     0     1368.9259    24     1352.6866 UserPurge2: 1     2741    1.20%
      0     0     1368.8017    24     1352.6866 UserPurge2: 1     2756    1.19%
      0     0     1368.7500    25     1352.6866 UserPurge2: 1     2768    1.19%
      0     0     1368.7271    26     1352.6866 UserPurge2: 1     2783    1.19%
      0     0     1368.6985    27     1352.6866 UserPurge2: 1     2793    1.18%
      0     0     1368.6039    28     1352.6866 UserPurge2: 1     2820    1.18%
      0     0     1368.4351    26     1352.6866 UserPurge2: 1     2858    1.16%
      0     0     1368.2619    26     1352.6866 UserPurge2: 1     2874    1.15%
      0     0     1368.1520    26     1352.6866 UserPurge2: 1     2894    1.14%
      0     0     1368.0792    27     1352.6866 UserPurge2: 1     2908    1.14%
      0     0     1368.0256    28     1352.6866 UserPurge2: 1     2919    1.13%
      0     0     1367.9712    27     1352.6866 UserPurge2: 1     2934    1.13%
      0     0     1367.8134    25     1352.6866 UserPurge2: 1     2960    1.12%
      0     0     1367.7482    25     1352.6866 UserPurge2: 1     2985    1.11%
      0     0     1367.7360    26     1352.6866 UserPurge2: 1     2999    1.11%
      0     0     1367.6979    27     1352.6866 UserPurge2: 1     3022    1.11%
      0     0     1367.6553    28     1352.6866 UserPurge2: 1     3036    1.11%
      0     0     1367.5697    27     1352.6866 UserPurge2: 1     3063    1.10%
      0     0     1367.4903    27     1352.6866 UserPurge2: 1     3084    1.09%
      0     0     1367.4093    27     1352.6866 UserPurge2: 1     3104    1.09%
      0     0     1367.3354    26     1352.6866 UserPurge2: 1     3122    1.08%
      0     0     1367.2922    26     1352.6866 UserPurge2: 1     3148    1.08%
      0     0     1367.2635    27     1352.6866 UserPurge2: 1     3160    1.08%
      0     0     1367.1496    28     1352.6866 UserPurge2: 1     3186    1.07%
      0     0     1367.0525    29     1352.6866 UserPurge2: 1     3209    1.06%
      0     0     1366.9639    28     1352.6866 UserPurge2: 1     3233    1.06%
      0     0     1366.8709    29     1352.6866 UserPurge2: 1     3260    1.05%
      0     0     1366.8073    29     1352.6866 UserPurge2: 1     3279    1.04%
      0     0     1366.7203    29     1352.6866 UserPurge2: 1     3307    1.04%
      0     0     1366.4157    27     1352.6866 UserPurge2: 1     3339    1.01%
      0     0     1366.3011    28     1352.6866 UserPurge2: 1     3366    1.01%
      0     0     1366.2287    28     1352.6866 UserPurge2: 1     3400    1.00%
      0     0     1366.2073    29     1352.6866 UserPurge2: 1     3410    1.00%
      0     0     1366.1432    30     1352.6866 UserPurge2: 1     3438    0.99%
      0     0     1366.0323    30     1352.6866 UserPurge2: 1     3462    0.99%
      0     0     1365.9035    28     1352.6866 UserPurge2: 1     3491    0.98%
      0     0     1365.8450    28     1352.6866 UserPurge2: 1     3511    0.97%
      0     0     1365.7188    27     1352.6866 UserPurge2: 1     3535    0.96%
      0     0     1365.6229    27     1352.6866 UserPurge2: 1     3563    0.96%
      0     0     1365.5983    28     1352.6866 UserPurge2: 1     3573    0.95%
      0     0     1365.5746    29     1352.6866 UserPurge2: 1     3597    0.95%
      0     0     1365.5237    28     1352.6866 UserPurge2: 1     3629    0.95%
      0     0     1365.4593    26     1352.6866 UserPurge2: 1     3647    0.94%
      0     0     1365.4230    27     1352.6866 UserPurge2: 1     3658    0.94%
      0     0     1365.3941    27     1352.6866 UserPurge2: 1     3673    0.94%
*     0+    0                         1354.2856     1365.3941             0.82%
      0     0     1365.3761    28     1354.2856 UserPurge2: 1     3686    0.82%
      0     0     1365.3291    28     1354.2856 UserPurge2: 1     3711    0.82%
      0     0     1365.2875    28     1354.2856 UserPurge2: 1     3731    0.81%
      0     0     1365.2520    28     1354.2856 UserPurge2: 1     3756    0.81%
      0     0     1365.2174    29     1354.2856 UserPurge2: 1     3778    0.81%
      0     0     1365.2072    30     1354.2856 UserPurge2: 1     3799    0.81%
      0     0     1365.1927    30     1354.2856 UserPurge2: 1     3813    0.81%
      0     0     1365.1754    31     1354.2856 UserPurge2: 1     3836    0.80%
      0     0     1365.1655    32     1354.2856 UserPurge2: 1     3856    0.80%
      0     0     1365.1559    33     1354.2856 UserPurge2: 1     3869    0.80%
      0     0     1365.1146    32     1354.2856 UserPurge2: 1     3899    0.80%
      0     0     1365.0846    33     1354.2856 UserPurge2: 1     3922    0.80%
      0     0     1365.0609    33     1354.2856 UserPurge2: 1     3942    0.80%
      0     0     1365.0222    33     1354.2856 UserPurge2: 1     3969    0.79%
      0     0     1364.9898    32     1354.2856 UserPurge2: 1     3996    0.79%
      0     0     1364.9387    33     1354.2856 UserPurge2: 1     4021    0.79%
      0     0     1364.9131    32     1354.2856 UserPurge2: 1     4038    0.78%
      0     0     1364.8942    33     1354.2856 UserPurge2: 1     4059    0.78%
      0     0     1364.8389    31     1354.2856 UserPurge2: 1     4090    0.78%
      0     0     1364.7740    31     1354.2856 UserPurge2: 1     4121    0.77%
      0     0     1364.6778    31     1354.2856 UserPurge2: 1     4149    0.77%
      0     0     1364.6273    31     1354.2856 UserPurge2: 1     4175    0.76%
      0     0     1364.5781    32     1354.2856 UserPurge2: 1     4195    0.76%
      0     0     1364.4569    32     1354.2856 UserPurge2: 1     4233    0.75%
      0     0     1364.3485    30     1354.2856 UserPurge2: 1     4266    0.74%
      0     0     1364.2686    31     1354.2856 UserPurge2: 1     4292    0.74%
      0     0     1364.2181    32     1354.2856 UserPurge2: 1     4310    0.73%
      0     0     1364.1577    33     1354.2856 UserPurge2: 1     4335    0.73%
      0     0     1364.1111    32     1354.2856 UserPurge2: 1     4359    0.73%
      0     0     1364.0555    31     1354.2856 UserPurge2: 1     4381    0.72%
      0     0     1363.9828    30     1354.2856 UserPurge2: 1     4410    0.72%
      0     0     1363.8885    29     1354.2856 UserPurge2: 1     4440    0.71%
      0     0     1363.8533    30     1354.2856 UserPurge2: 1     4466    0.71%
      0     0     1363.7876    31     1354.2856 UserPurge2: 1     4494    0.70%
      0     0     1363.7360    32     1354.2856 UserPurge2: 1     4521    0.70%
      0     0     1363.7100    31     1354.2856 UserPurge2: 1     4552    0.70%
      0     0     1363.6805    32     1354.2856 UserPurge2: 1     4573    0.69%
      0     0     1363.5888    29     1354.2856 UserPurge2: 1     4619    0.69%
      0     0     1363.5338    30     1354.2856 UserPurge2: 1     4643    0.68%
      0     0     1363.4979    29     1354.2856 UserPurge2: 1     4664    0.68%
      0     0     1363.4825    30     1354.2856 UserPurge2: 1     4685    0.68%
      0     0     1363.4129    28     1354.2856 UserPurge2: 1     4717    0.67%
      0     0     1363.3939    29     1354.2856 UserPurge2: 1     4726    0.67%
      0     0     1363.3716    30     1354.2856 UserPurge2: 1     4745    0.67%
      0     0     1363.3345    31     1354.2856 UserPurge2: 1     4769    0.67%
      0     0     1363.2954    31     1354.2856 UserPurge2: 1     4789    0.67%
      0     0     1363.2704    31     1354.2856 UserPurge2: 1     4819    0.66%
*     0+    0                         1355.3453     1363.2704             0.58%
      0     0     1363.2386    31     1355.3453 UserPurge2: 1     4847    0.58%
      0     0     1363.2179    32     1355.3453 UserPurge2: 1     4864    0.58%
      0     0     1363.2065    31     1355.3453 UserPurge2: 1     4888    0.58%
      0     0     1363.1960    32     1355.3453 UserPurge2: 1     4907    0.58%
      0     0     1363.1726    33     1355.3453 UserPurge2: 1     4931    0.58%
      0     0     1363.1568    34     1355.3453 UserPurge2: 1     4955    0.58%
      0     0     1363.1057    33     1355.3453 UserPurge2: 1     4986    0.57%
      0     0     1363.0249    32     1355.3453 UserPurge2: 1     5015    0.57%
      0     0     1362.9830    33     1355.3453 UserPurge2: 1     5032    0.56%
      0     0     1362.9047    32     1355.3453 UserPurge2: 1     5062    0.56%
      0     0     1362.8689    31     1355.3453 UserPurge2: 1     5078    0.56%
      0     0     1362.8326    31     1355.3453 UserPurge2: 1     5096    0.55%
      0     0     1362.8147    32     1355.3453 UserPurge2: 1     5118    0.55%
      0     0     1362.8061    32     1355.3453 UserPurge2: 1     5135    0.55%
      0     0     1362.7934    32     1355.3453 UserPurge2: 1     5146    0.55%
      0     0     1362.7663    33     1355.3453 UserPurge2: 1     5163    0.55%
      0     0     1362.7514    34     1355.3453 UserPurge2: 1     5189    0.55%
      0     0     1362.7400    35     1355.3453 UserPurge2: 1     5213    0.55%
      0     0     1362.7359    35     1355.3453 UserPurge2: 1     5226    0.55%
      0     0     1362.7240    36     1355.3453 UserPurge2: 1     5239    0.54%
      0     0     1362.6810    32     1355.3453 UserPurge2: 1     5274    0.54%
      0     0     1362.6407    33     1355.3453 UserPurge2: 1     5296    0.54%
      0     0     1362.5794    31     1355.3453 UserPurge2: 1     5335    0.53%
      0     0     1362.5426    31     1355.3453 UserPurge2: 1     5354    0.53%
      0     0     1362.4994    30     1355.3453 UserPurge2: 1     5388    0.53%
      0     0     1362.4872    31     1355.3453 UserPurge2: 1     5397    0.53%
      0     0     1362.4425    32     1355.3453 UserPurge2: 1     5416    0.52%
      0     0     1362.4326    31     1355.3453 UserPurge2: 1     5430    0.52%
      0     0     1362.3914    32     1355.3453 UserPurge2: 1     5454    0.52%
      0     0     1362.3571    33     1355.3453 UserPurge2: 1     5474    0.52%
      0     0     1362.3330    34     1355.3453 UserPurge2: 1     5501    0.52%
*     0+    0                         1357.3543     1362.3330             0.37%

Repeating presolve.
Tried aggregator 1 time.
MIP Presolve eliminated 0 rows and 208 columns.
Reduced MIP has 1 rows, 593 columns, and 592 nonzeros.
Reduced MIP has 592 binaries, 0 generals, 0 SOSs, and 0 indicators.
Presolve time = 0.00 sec. (0.22 ticks)
Probing time = 0.00 sec. (0.06 ticks)
Tried aggregator 1 time.
Reduced MIP has 1 rows, 593 columns, and 592 nonzeros.
Reduced MIP has 592 binaries, 0 generals, 0 SOSs, and 0 indicators.
Presolve time = 0.00 sec. (0.18 ticks)
Represolve time = 0.04 sec. (24.12 ticks)
Probing time = 0.00 sec. (0.06 ticks)
MIP emphasis: balance optimality and feasibility.
MIP search method: dynamic search.
Parallel mode: none, using 1 thread.
Root relaxation solution time = 0.01 sec. (12.59 ticks)

        Nodes                                         Cuts/
   Node  Left     Objective  IInf  Best Integer    Best Bound    ItCnt     Gap

*     0+    0                         1357.3543     1362.3330             0.37%
      0     0     1362.3330    34     1357.3543     1362.3330     5597    0.37%
      0     0     1362.2798    35     1357.3543 UserPurge2: 1     5627    0.36%
      0     0     1362.2406    35     1357.3543 UserPurge2: 1     5650    0.36%
      0     0     1362.2151    34     1357.3543 UserPurge2: 1     5670    0.36%
      0     0     1362.1742    34     1357.3543 UserPurge2: 1     5693    0.36%
      0     0     1362.1087    34     1357.3543 UserPurge2: 1     5727    0.35%
      0     0     1362.0617    33     1357.3543 UserPurge2: 1     5753    0.35%
      0     0     1362.0434    33     1357.3543 UserPurge2: 1     5764    0.35%
      0     0     1362.0105    33     1357.3543 UserPurge2: 1     5785    0.34%
      0     0     1361.9956    34     1357.3543 UserPurge2: 1     5796    0.34%
      0     0     1361.9691    35     1357.3543 UserPurge2: 1     5819    0.34%
      0     0     1361.9266    32     1357.3543 UserPurge2: 1     5848    0.34%
      0     0     1361.8800    30     1357.3543 UserPurge2: 1     5883    0.33%
      0     0     1361.8731    31     1357.3543 UserPurge2: 1     5896    0.33%
      0     0     1361.8652    31     1357.3543 UserPurge2: 1     5910    0.33%
      0     0     1361.8643    32     1357.3543 UserPurge2: 1     5915    0.33%
      0     0     1361.8538    33     1357.3543 UserPurge2: 1     5930    0.33%
      0     0     1361.8477    33     1357.3543 UserPurge2: 1     5945    0.33%
      0     0     1361.8451    33     1357.3543 UserPurge2: 1     5954    0.33%
      0     0     1361.8401    34     1357.3543 UserPurge2: 1     5964    0.33%
      0     0     1361.8277    35     1357.3543 UserPurge2: 1     5987    0.33%
      0     0     1361.8096    35     1357.3543 UserPurge2: 1     6011    0.33%
      0     0     1361.7968    35     1357.3543 UserPurge2: 1     6031    0.33%
      0     0     1361.7762    34     1357.3543 UserPurge2: 1     6065    0.33%
      0     0     1361.7585    34     1357.3543 UserPurge2: 1     6091    0.32%
      0     0     1361.7445    34     1357.3543 UserPurge2: 1     6116    0.32%
      0     0     1361.7179    34     1357.3543 UserPurge2: 1     6144    0.32%
      0     0     1361.6906    34     1357.3543 UserPurge2: 1     6158    0.32%
      0     0     1361.6763    35     1357.3543 UserPurge2: 1     6175    0.32%
      0     0     1361.6634    36     1357.3543 UserPurge2: 1     6191    0.32%
      0     0     1361.5905    34     1357.3543 UserPurge2: 1     6224    0.31%
      0     0     1361.5488    34     1357.3543 UserPurge2: 1     6245    0.31%
      0     0     1361.5372    35     1357.3543 UserPurge2: 1     6259    0.31%
      0     0     1361.5305    36     1357.3543 UserPurge2: 1     6277    0.31%
      0     0     1361.5269    37     1357.3543 UserPurge2: 1     6291    0.31%
      0     0     1361.5212    38     1357.3543 UserPurge2: 1     6307    0.31%
      0     0     1361.5152    39     1357.3543 UserPurge2: 1     6323    0.31%
      0     0     1361.5078    40     1357.3543 UserPurge2: 1     6351    0.31%
      0     0     1361.4946    40     1357.3543 UserPurge2: 1     6380    0.31%
      0     0     1361.4137    36     1357.3543 UserPurge2: 1     6450    0.30%
      0     0     1361.3425    36     1357.3543 UserPurge2: 1     6478    0.29%
      0     0     1361.3201    36     1357.3543 UserPurge2: 1     6498    0.29%
      0     0     1361.2931    34     1357.3543 UserPurge2: 1     6517    0.29%
      0     0     1361.2793    34     1357.3543 UserPurge2: 1     6534    0.29%
      0     0     1361.2615    35     1357.3543 UserPurge2: 1     6551    0.29%
      0     0     1361.2202    34     1357.3543 UserPurge2: 1     6581    0.28%
      0     0     1361.1877    35     1357.3543 UserPurge2: 1     6600    0.28%
      0     0     1361.1578    35     1357.3543 UserPurge2: 1     6616    0.28%
      0     0     1361.1487    36     1357.3543 UserPurge2: 1     6626    0.28%
      0     0     1361.0808    33     1357.3543 UserPurge2: 1     6662    0.27%
      0     0     1361.0121    31     1357.3543 UserPurge2: 1     6691    0.27%
      0     0     1360.9918    32     1357.3543 UserPurge2: 1     6708    0.27%
      0     0     1360.9867    33     1357.3543 UserPurge2: 1     6719    0.27%
      0     0     1360.9734    34     1357.3543 UserPurge2: 1     6734    0.27%
      0     0     1360.9626    34     1357.3543 UserPurge2: 1     6752    0.27%
      0     0     1360.9565    34     1357.3543 UserPurge2: 1     6765    0.27%
      0     0     1360.9523    35     1357.3543 UserPurge2: 1     6780    0.27%
      0     0     1360.9367    36     1357.3543 UserPurge2: 1     6802    0.26%
      0     0     1360.9214    37     1357.3543 UserPurge2: 1     6823    0.26%
      0     0     1360.9062    38     1357.3543 UserPurge2: 1     6851    0.26%
      0     0     1360.8734    37     1357.3543 UserPurge2: 1     6874    0.26%
      0     0     1360.8432    38     1357.3543 UserPurge2: 1     6905    0.26%
      0     0     1360.8205    39     1357.3543 UserPurge2: 1     6936    0.26%
      0     0     1360.7361    37     1357.3543 UserPurge2: 1     6981    0.25%
      0     0     1360.6722    34     1357.3543 UserPurge2: 1     7006    0.24%
      0     0     1360.6470    35     1357.3543 UserPurge2: 1     7023    0.24%
      0     0     1360.6080    36     1357.3543 UserPurge2: 1     7050    0.24%
      0     0     1360.5842    36     1357.3543 UserPurge2: 1     7067    0.24%
      0     0     1360.5727    35     1357.3543 UserPurge2: 1     7083    0.24%
      0     0     1360.5431    36     1357.3543 UserPurge2: 1     7106    0.23%
      0     0     1360.5312    36     1357.3543 UserPurge2: 1     7122    0.23%
      0     0     1360.5152    36     1357.3543 UserPurge2: 1     7145    0.23%
      0     0     1360.5081    37     1357.3543 UserPurge2: 1     7156    0.23%
      0     0     1360.4981    38     1357.3543 UserPurge2: 1     7173    0.23%
      0     0     1360.4912    39     1357.3543 UserPurge2: 1     7198    0.23%
      0     0     1360.4846    39     1357.3543 UserPurge2: 1     7223    0.23%
      0     0     1360.4813    40     1357.3543 UserPurge2: 1     7243    0.23%
      0     0     1360.4769    41     1357.3543 UserPurge2: 1     7259    0.23%
      0     0     1360.4482    39     1357.3543 UserPurge2: 1     7311    0.23%
      0     0     1360.4404    39     1357.3543 UserPurge2: 1     7324    0.23%
      0     0     1360.4267    40     1357.3543 UserPurge2: 1     7351    0.23%
      0     0     1360.4161    41     1357.3543 UserPurge2: 1     7372    0.23%
      0     0     1360.3904    37     1357.3543 UserPurge2: 1     7406    0.22%
      0     0     1360.3649    37     1357.3543 UserPurge2: 1     7431    0.22%
      0     0     1360.3348    36     1357.3543 UserPurge2: 1     7465    0.22%
      0     0     1360.3134    36     1357.3543 UserPurge2: 1     7484    0.22%
      0     0     1360.2840    37     1357.3543 UserPurge2: 1     7503    0.22%
      0     0     1360.2593    37     1357.3543 UserPurge2: 1     7523    0.21%
      0     0     1360.2504    37     1357.3543 UserPurge2: 1     7538    0.21%
      0     0     1360.2183    37     1357.3543 UserPurge2: 1     7572    0.21%
      0     0     1360.2000    38     1357.3543 UserPurge2: 1     7600    0.21%
      0     0     1360.1846    39     1357.3543 UserPurge2: 1     7614    0.21%
      0     0     1360.1623    38     1357.3543 UserPurge2: 1     7641    0.21%
      0     0     1360.1308    38     1357.3543 UserPurge2: 1     7668    0.20%
      0     0     1360.0881    35     1357.3543 UserPurge2: 1     7697    0.20%
      0     0     1360.0673    35     1357.3543 UserPurge2: 1     7708    0.20%
      0     0     1360.0521    36     1357.3543 UserPurge2: 1     7720    0.20%
      0     0     1360.0230    36     1357.3543 UserPurge2: 1     7742    0.20%
      0     0     1360.0103    36     1357.3543 UserPurge2: 1     7760    0.20%
      0     0     1359.9903    37     1357.3543 UserPurge2: 1     7776    0.19%
      0     0     1359.9823    38     1357.3543 UserPurge2: 1     7790    0.19%
      0     0     1359.9716    37     1357.3543 UserPurge2: 1     7810    0.19%
      0     0     1359.9480    36     1357.3543 UserPurge2: 1     7830    0.19%
      0     0     1359.9371    37     1357.3543 UserPurge2: 1     7853    0.19%
      0     0     1359.9340    38     1357.3543 UserPurge2: 1     7858    0.19%
      0     0     1359.9248    39     1357.3543 UserPurge2: 1     7875    0.19%
      0     0     1359.9086    37     1357.3543 UserPurge2: 1     7908    0.19%
      0     0     1359.9007    38     1357.3543 UserPurge2: 1     7919    0.19%
      0     0     1359.8901    39     1357.3543 UserPurge2: 1     7943    0.19%
      0     0     1359.8836    39     1357.3543 UserPurge2: 1     7960    0.19%
      0     0     1359.8727    38     1357.3543 UserPurge2: 1     7986    0.19%
      0     0     1359.8649    39     1357.3543 UserPurge2: 1     8009    0.18%
      0     0     1359.8589    40     1357.3543 UserPurge2: 1     8026    0.18%
      0     0     1359.8353    39     1357.3543 UserPurge2: 1     8054    0.18%
      0     0     1359.8230    39     1357.3543 UserPurge2: 1     8072    0.18%
      0     0     1359.8141    38     1357.3543 UserPurge2: 1     8088    0.18%
      0     0     1359.8034    39     1357.3543 UserPurge2: 1     8117    0.18%
      0     0     1359.7905    39     1357.3543 UserPurge2: 1     8139    0.18%
      0     0     1359.7839    39     1357.3543 UserPurge2: 1     8159    0.18%
      0     0     1359.7792    40     1357.3543 UserPurge2: 1     8175    0.18%
      0     0     1359.7732    41     1357.3543 UserPurge2: 1     8196    0.18%
      0     0     1359.7508    40     1357.3543 UserPurge2: 1     8234    0.18%
      0     0     1359.7387    40     1357.3543 UserPurge2: 1     8261    0.18%
      0     0     1359.7269    40     1357.3543 UserPurge2: 1     8276    0.17%
      0     0     1359.7160    39     1357.3543 UserPurge2: 1     8308    0.17%
      0     0     1359.7011    40     1357.3543 UserPurge2: 1     8321    0.17%
      0     0     1359.6653    38     1357.3543 UserPurge2: 1     8354    0.17%
      0     0     1359.6552    37     1357.3543 UserPurge2: 1     8377    0.17%
      0     0     1359.6388    37     1357.3543 UserPurge2: 1     8409    0.17%
      0     0     1359.6349    37     1357.3543 UserPurge2: 1     8425    0.17%
      0     0     1359.6335    38     1357.3543 UserPurge2: 1     8433    0.17%
      0     0     1359.6306    39     1357.3543 UserPurge2: 1     8446    0.17%
      0     0     1359.6253    39     1357.3543 UserPurge2: 1     8461    0.17%
      0     0     1359.6229    40     1357.3543 UserPurge2: 1     8474    0.17%
      0     0     1359.6186    41     1357.3543 UserPurge2: 1     8493    0.17%
      0     0     1359.6092    40     1357.3543 UserPurge2: 1     8526    0.17%
      0     0     1359.5939    40     1357.3543 UserPurge2: 1     8556    0.16%
      0     0     1359.5858    41     1357.3543 UserPurge2: 1     8572    0.16%
      0     0     1359.5792    40     1357.3543 UserPurge2: 1     8598    0.16%
*     0+    0                         1357.7781     1359.5792             0.13%
      0     0     1359.5701    41     1357.7781 UserPurge2: 1     8617    0.13%
      0     0     1359.5615    40     1357.7781 UserPurge2: 1     8646    0.13%
      0     0     1359.5503    41     1357.7781 UserPurge2: 1     8676    0.13%
      0     0     1359.5333    40     1357.7781 UserPurge2: 1     8712    0.13%
      0     0     1359.5253    41     1357.7781 UserPurge2: 1     8733    0.13%
      0     0     1359.5229    42     1357.7781 UserPurge2: 1     8744    0.13%
      0     0     1359.5154    41     1357.7781 UserPurge2: 1     8762    0.13%
      0     0     1359.5033    40     1357.7781 UserPurge2: 1     8780    0.13%
      0     0     1359.4765    40     1357.7781 UserPurge2: 1     8817    0.13%
      0     0     1359.4654    40     1357.7781 UserPurge2: 1     8831    0.12%
      0     0     1359.4562    40     1357.7781 UserPurge2: 1     8855    0.12%
      0     0     1359.4472    41     1357.7781 UserPurge2: 1     8875    0.12%
      0     0     1359.4363    40     1357.7781 UserPurge2: 1     8900    0.12%
      0     0     1359.4310    41     1357.7781 UserPurge2: 1     8925    0.12%
      0     0     1359.4262    42     1357.7781 UserPurge2: 1     8946    0.12%
      0     0     1359.4213    43     1357.7781 UserPurge2: 1     8967    0.12%
      0     0     1359.4096    43     1357.7781 UserPurge2: 1     9006    0.12%
      0     0     1359.3885    41     1357.7781 UserPurge2: 1     9044    0.12%
      0     0     1359.3514    37     1357.7781 UserPurge2: 1     9085    0.12%
      0     0     1359.3405    37     1357.7781 UserPurge2: 1     9102    0.12%
      0     0     1359.3260    37     1357.7781 UserPurge2: 1     9123    0.11%
      0     0     1359.3085    37     1357.7781 UserPurge2: 1     9139    0.11%
      0     0     1359.2945    38     1357.7781 UserPurge2: 1     9148    0.11%
      0     0     1359.2793    39     1357.7781 UserPurge2: 1     9165    0.11%
      0     0     1359.2743    40     1357.7781 UserPurge2: 1     9178    0.11%
      0     0     1359.2634    40     1357.7781 UserPurge2: 1     9199    0.11%
      0     0     1359.2554    41     1357.7781 UserPurge2: 1     9217    0.11%
      0     0     1359.2383    39     1357.7781 UserPurge2: 1     9245    0.11%
      0     0     1359.2297    40     1357.7781 UserPurge2: 1     9260    0.11%
      0     0     1359.2059    38     1357.7781 UserPurge2: 1     9284    0.11%
      0     0     1359.1919    38     1357.7781 UserPurge2: 1     9297    0.10%
      0     0     1359.1819    38     1357.7781 UserPurge2: 1     9309    0.10%
      0     0     1359.1727    39     1357.7781 UserPurge2: 1     9322    0.10%
      0     0     1359.1616    40     1357.7781 UserPurge2: 1     9341    0.10%
      0     0     1359.1583    41     1357.7781 UserPurge2: 1     9356    0.10%
      0     0     1359.1546    42     1357.7781 UserPurge2: 1     9370    0.10%
      0     0     1359.1474    43     1357.7781 UserPurge2: 1     9391    0.10%
      0     0     1359.1415    43     1357.7781 UserPurge2: 1     9411    0.10%
      0     0     1359.1341    41     1357.7781 UserPurge2: 1     9433    0.10%
      0     0     1359.1314    42     1357.7781 UserPurge2: 1     9447    0.10%
      0     0     1359.1218    43     1357.7781 UserPurge2: 1     9474    0.10%
      0     0     1359.0946    41     1357.7781 UserPurge2: 1     9505    0.10%
      0     0     1359.0825    41     1357.7781 UserPurge2: 1     9530    0.10%
      0     0     1359.0608    39     1357.7781 UserPurge2: 1     9552    0.09%
      0     0     1359.0507    39     1357.7781 UserPurge2: 1     9566    0.09%
      0     0     1359.0328    37     1357.7781 UserPurge2: 1     9598    0.09%
      0     0     1359.0293    36     1357.7781 UserPurge2: 1     9609    0.09%
      0     0     1359.0248    36     1357.7781 UserPurge2: 1     9619    0.09%
      0     0     1359.0121    38     1357.7781 UserPurge2: 1     9636    0.09%
      0     0     1358.9997    38     1357.7781 UserPurge2: 1     9650    0.09%
      0     0     1358.9928    39     1357.7781 UserPurge2: 1     9671    0.09%
      0     0     1358.9830    39     1357.7781 UserPurge2: 1     9697    0.09%
      0     0     1358.9795    39     1357.7781 UserPurge2: 1     9718    0.09%
      0     0     1358.9721    40     1357.7781 UserPurge2: 1     9739    0.09%
      0     0     1358.9678    40     1357.7781 UserPurge2: 1     9759    0.09%
      0     0     1358.9657    41     1357.7781 UserPurge2: 1     9773    0.09%
      0     0     1358.9628    42     1357.7781 UserPurge2: 1     9792    0.09%
      0     0     1358.9560    41     1357.7781 UserPurge2: 1     9816    0.09%
      0     0     1358.9518    41     1357.7781 UserPurge2: 1     9836    0.09%
      0     0     1358.9488    41     1357.7781 UserPurge2: 1     9865    0.09%
      0     0     1358.9393    42     1357.7781 UserPurge2: 1     9888    0.09%
      0     0     1358.9275    41     1357.7781 UserPurge2: 1     9912    0.08%
      0     0     1358.9238    42     1357.7781 UserPurge2: 1     9928    0.08%
      0     0     1358.9084    41     1357.7781 UserPurge2: 1     9955    0.08%
      0     0     1358.8870    41     1357.7781 UserPurge2: 1     9979    0.08%
      0     0     1358.8727    39     1357.7781 UserPurge2: 1     9992    0.08%
      0     0     1358.8646    38     1357.7781 UserPurge2: 1    10010    0.08%
      0     0     1358.8548    39     1357.7781 UserPurge2: 1    10027    0.08%
      0     0     1358.8518    39     1357.7781 UserPurge2: 1    10038    0.08%
*     0+    0                         1358.0000     1358.8518             0.06%
      0     0     1358.8460    40     1358.0000 UserPurge2: 1    10054    0.06%
      0     0     1358.8362    41     1358.0000 UserPurge2: 1    10068    0.06%
      0     0     1358.8126    40     1358.0000 UserPurge2: 1    10093    0.06%
      0     0     1358.8038    40     1358.0000 UserPurge2: 1    10106    0.06%
      0     0     1358.7967    40     1358.0000 UserPurge2: 1    10121    0.06%
      0     0     1358.7745    41     1358.0000 UserPurge2: 1    10145    0.06%
      0     0     1358.7537    39     1358.0000 UserPurge2: 1    10175    0.06%
      0     0     1358.7427    38     1358.0000 UserPurge2: 1    10189    0.05%
      0     0     1358.7399    39     1358.0000 UserPurge2: 1    10196    0.05%
      0     0     1358.7222    37     1358.0000 UserPurge2: 1    10224    0.05%
      0     0     1358.7157    37     1358.0000 UserPurge2: 1    10235    0.05%
      0     0     1358.7117    38     1358.0000 UserPurge2: 1    10252    0.05%
      0     0     1358.7083    39     1358.0000 UserPurge2: 1    10262    0.05%
      0     0     1358.7017    40     1358.0000 UserPurge2: 1    10273    0.05%
      0     0     1358.6957    41     1358.0000 UserPurge2: 1    10290    0.05%
      0     0     1358.6810    42     1358.0000 UserPurge2: 1    10313    0.05%
      0     0     1358.6770    42     1358.0000 UserPurge2: 1    10332    0.05%
      0     0     1358.6736    42     1358.0000 UserPurge2: 1    10350    0.05%
      0     0     1358.6721    43     1358.0000 UserPurge2: 1    10365    0.05%
      0     0     1358.6690    44     1358.0000 UserPurge2: 1    10381    0.05%
      0     0     1358.6600    43     1358.0000 UserPurge2: 1    10403    0.05%
      0     0     1358.6514    44     1358.0000 UserPurge2: 1    10421    0.05%
      0     0     1358.6426    44     1358.0000 UserPurge2: 1    10443    0.05%
      0     0     1358.6355    44     1358.0000 UserPurge2: 1    10467    0.05%
      0     0     1358.6282    44     1358.0000 UserPurge2: 1    10486    0.05%
      0     0     1358.6151    44     1358.0000 UserPurge2: 1    10513    0.05%
      0     0     1358.6122    45     1358.0000 UserPurge2: 1    10524    0.05%
      0     0     1358.6052    46     1358.0000 UserPurge2: 1    10545    0.04%
      0     0     1358.5955    46     1358.0000 UserPurge2: 1    10580    0.04%
      0     0     1358.5837    46     1358.0000 UserPurge2: 1    10612    0.04%
      0     0     1358.5634    42     1358.0000 UserPurge2: 1    10638    0.04%
      0     0     1358.5556    43     1358.0000 UserPurge2: 1    10658    0.04%
      0     0     1358.5505    44     1358.0000 UserPurge2: 1    10675    0.04%
      0     0     1358.5338    42     1358.0000 UserPurge2: 1    10707    0.04%
      0     0     1358.5079    40     1358.0000 UserPurge2: 1    10729    0.04%
      0     0     1358.4943    39     1358.0000 UserPurge2: 1    10748    0.04%
      0     0     1358.4859    40     1358.0000 UserPurge2: 1    10764    0.04%
      0     0     1358.4826    40     1358.0000 UserPurge2: 1    10780    0.04%
      0     0     1358.4754    41     1358.0000 UserPurge2: 1    10801    0.04%
      0     0     1358.4660    42     1358.0000 UserPurge2: 1    10817    0.03%
      0     0     1358.4624    42     1358.0000 UserPurge2: 1    10834    0.03%
      0     0     1358.4591    43     1358.0000 UserPurge2: 1    10854    0.03%
      0     0     1358.4581    44     1358.0000 UserPurge2: 1    10872    0.03%
      0     0     1358.4531    45     1358.0000 UserPurge2: 1    10897    0.03%
      0     0     1358.4511    45     1358.0000 UserPurge2: 1    10913    0.03%
      0     0     1358.4480    46     1358.0000 UserPurge2: 1    10932    0.03%
      0     0     1358.4415    45     1358.0000 UserPurge2: 1    10958    0.03%
      0     0     1358.4328    43     1358.0000 UserPurge2: 1    10997    0.03%
      0     0     1358.4253    43     1358.0000 UserPurge2: 1    11021    0.03%
      0     0     1358.4233    43     1358.0000 UserPurge2: 1    11037    0.03%
      0     0     1358.4162    41     1358.0000 UserPurge2: 1    11066    0.03%
      0     0     1358.4110    40     1358.0000 UserPurge2: 1    11090    0.03%
      0     0     1358.4060    40     1358.0000 UserPurge2: 1    11118    0.03%
      0     0     1358.3994    40     1358.0000 UserPurge2: 1    11139    0.03%
      0     2     1358.3994    40     1358.0000     1358.3993    11139    0.03%
Elapsed time = 21.74 sec. (4337.74 ticks, tree = 0.01 MB, solutions = 7)
      2     0        cutoff           1358.0000     1358.0000    14218    0.00%

User cuts applied:  144

Root node processing (before b&c):
  Real time             =   21.74 sec. (4337.97 ticks)
Sequential b&c:
  Real time             =    2.01 sec. (278.17 ticks)
                          ------------
Total (root+branch&cut) =   23.75 sec. (4616.15 ticks)
@Parameters: 
is_S_cut                                true
is_add_all_yinF                         true
is_start_value                          true
is_usercut                              true
is_visualization                        false
uc_only_rootnode                        false

data                                    Qi
fn                                      data/Qi/instance_500_800.csv
mode                                    NewSubmodular
solver                                  cplex

p                                       10
r                                       10

EPS                                     1.0e-06
EPS_vio                                 1.0e-04
beta                                    0.10
gap                                     0.00
nodelimit                               Inf
timelimit                               7200.00


@PrintInfos
ItCnt: 14218
Current gap: 0.00 %
Termination Status: OPTIMAL
Primal Status: FEASIBLE_POINT
Solve Time: 23.75 sec
Objective Value: 1358.000000
Number of Nodes:      3

CutInfo: [phase] num / time (sec) 
ZLP             [phase1]     0 / 0.00 [rLC]     0 / 0.00 [rUC]     0 / 0.00 [sLC]     0 / 0.00 [sUC]     0 / 0.00 
OldSubmodular   [phase1]     0 / 0.00 [rLC]     0 / 0.00 [rUC]     0 / 0.00 [sLC]     0 / 0.00 [sUC]     0 / 0.00 
NewSubmodular   [phase1]     0 / 0.00 [rLC]   117 / 7.45 [rUC]   524 / 9.08 [sLC]     0 / 0.00 [sUC]   104 / 1.76 
PMP             [phase1]     0 / 0.00 [rLC]     8 / 4.68 [rUC]     0 / 0.00 [sLC]     0 / 0.00 [sUC]     0 / 0.00 
Separation Round: [phase1] 0  [rLC] 124  [rUC] 524  [sLC] 0  [sUC] 104
Root Best Bound 1358.000000
Root Best Integer: 1358.000000
Best Bound: 1358.000000
Best Integer: 1358.000000

