Version identifier: 20.1.0.0 | 2020-11-10 | 9bedb6d68
CPXPARAM_Threads                                 1
CPXPARAM_TimeLimit                               7200
CPXPARAM_MIP_Tolerances_MIPGap                   0
Generic callback                                 0x60
1 of 1 MIP starts provided solutions.
MIP start 'm1' defined initial solution with objective 1992.7807.
Tried aggregator 1 time.
Reduced MIP has 1 rows, 501 columns, and 500 nonzeros.
Reduced MIP has 500 binaries, 0 generals, 0 SOSs, and 0 indicators.
Presolve time = 0.00 sec. (0.15 ticks)
Probing time = 0.00 sec. (0.05 ticks)
Tried aggregator 1 time.
Reduced MIP has 1 rows, 501 columns, and 500 nonzeros.
Reduced MIP has 500 binaries, 0 generals, 0 SOSs, and 0 indicators.
Presolve time = 0.00 sec. (0.15 ticks)
Probing time = 0.00 sec. (0.05 ticks)
MIP emphasis: balance optimality and feasibility.
MIP search method: dynamic search.
Parallel mode: none, using 1 thread.
Root relaxation solution time = 0.00 sec. (0.10 ticks)

        Nodes                                         Cuts/
   Node  Left     Objective  IInf  Best Integer    Best Bound    ItCnt     Gap

*     0+    0                         1992.7807     2716.0000            36.29%
      0     0     2716.0000     2     1992.7807     2716.0000        0   36.29%
      0     0     2453.9786     3     1992.7807 UserPurge2: 1        9   23.14%
      0     0     2370.0001     5     1992.7807 UserPurge2: 1       21   18.93%
      0     0     2249.7883     5     1992.7807 UserPurge2: 1       41   12.90%
      0     0     2167.8552     5     1992.7807 UserPurge2: 1       47    8.79%
      0     0     2159.6112     6     1992.7807 UserPurge1: 1       52    8.37%
      0     0     2143.2730     7     1992.7807 UserPurge1: 1       58    7.55%
      0     0     2124.5276     9     1992.7807 UserPurge2: 1       73    6.61%
      0     0     2111.5681     9     1992.7807 UserPurge2: 1       92    5.96%
      0     0     2098.5271     9     1992.7807 UserPurge2: 1      115    5.31%
      0     0     2089.2420    10     1992.7807 UserPurge2: 1      140    4.84%
      0     0     2087.5645    11     1992.7807 UserPurge2: 1      151    4.76%
      0     0     2084.8432    12     1992.7807 UserPurge2: 1      172    4.62%
      0     0     2082.5426    12     1992.7807 UserPurge2: 1      194    4.50%
      0     0     2080.9385    13     1992.7807 UserPurge2: 1      208    4.42%
      0     0     2079.8516    15     1992.7807 UserPurge2: 1      253    4.37%
      0     0     2078.8422    17     1992.7807 UserPurge2: 1      271    4.32%
      0     0     2077.9334    18     1992.7807 UserPurge2: 1      308    4.27%
      0     0     2075.5398    18     1992.7807 UserPurge2: 1      329    4.15%
      0     0     2070.8474    17     1992.7807 UserPurge2: 1      376    3.92%
      0     0     2067.7446    16     1992.7807 UserPurge1: 1      381    3.76%
      0     0     2063.3309    14     1992.7807 UserPurge2: 1      401    3.54%
      0     0     2062.5459    15     1992.7807 UserPurge2: 1      421    3.50%
      0     0     2062.3129    18     1992.7807 UserPurge1: 2      423    3.49%
      0     0     2061.3356    19     1992.7807 UserPurge2: 1      450    3.44%
      0     0     2060.0015    17     1992.7807 UserPurge2: 1      483    3.37%
      0     0     2058.5116    17     1992.7807 UserPurge2: 1      512    3.30%
      0     0     2057.2658    18     1992.7807 UserPurge2: 1      527    3.24%
      0     0     2055.1006    17     1992.7807 UserPurge2: 1      561    3.13%
      0     0     2051.5133    14     1992.7807 UserPurge2: 1      588    2.95%
      0     0     2050.9779    15     1992.7807 UserPurge2: 1      602    2.92%
      0     0     2049.9992    15     1992.7807 UserPurge2: 1      622    2.87%
      0     0     2048.9944    16     1992.7807 UserPurge2: 1      635    2.82%
      0     0     2048.4371    17     1992.7807 UserPurge2: 1      654    2.79%
      0     0     2048.3091    18     1992.7807 UserPurge2: 1      668    2.79%
      0     0     2047.5439    16     1992.7807 UserPurge2: 1      696    2.75%
      0     0     2047.1505    17     1992.7807 UserPurge2: 1      709    2.73%
      0     0     2046.8127    18     1992.7807 UserPurge2: 1      731    2.71%
      0     0     2046.4061    18     1992.7807 UserPurge2: 1      748    2.69%
      0     0     2044.8772    17     1992.7807 UserPurge2: 1      777    2.61%
      0     0     2043.9909    16     1992.7807 UserPurge2: 1      799    2.57%
      0     0     2043.6334    18     1992.7807 UserPurge2: 1      817    2.55%
      0     0     2043.3539    17     1992.7807 UserPurge2: 1      835    2.54%
      0     0     2042.8685    17     1992.7807 UserPurge2: 1      853    2.51%
      0     0     2042.1321    17     1992.7807 UserPurge2: 1      886    2.48%
      0     0     2041.6090    16     1992.7807 UserPurge2: 1      902    2.45%
      0     0     2041.3329    17     1992.7807 UserPurge2: 1      913    2.44%
      0     0     2041.2022    18     1992.7807 UserPurge2: 1      929    2.43%
      0     0     2040.9303    18     1992.7807 UserPurge2: 1      944    2.42%
      0     0     2040.4177    17     1992.7807 UserPurge2: 1      960    2.39%
      0     0     2040.2765    17     1992.7807 UserPurge2: 1      971    2.38%
      0     0     2040.1701    19     1992.7807 UserPurge2: 1      994    2.38%
      0     0     2039.7954    17     1992.7807 UserPurge2: 1     1016    2.36%
      0     0     2039.7308    18     1992.7807 UserPurge2: 1     1027    2.36%
      0     0     2039.5691    19     1992.7807 UserPurge2: 1     1038    2.35%
      0     0     2039.4502    21     1992.7807 UserPurge2: 1     1051    2.34%
      0     0     2039.2444    21     1992.7807 UserPurge2: 1     1067    2.33%
      0     0     2039.0072    21     1992.7807 UserPurge2: 1     1088    2.32%
      0     0     2038.8717    22     1992.7807 UserPurge2: 1     1105    2.31%
      0     0     2038.6101    22     1992.7807 UserPurge2: 1     1127    2.30%
      0     0     2037.1845    21     1992.7807 UserPurge2: 1     1177    2.23%
      0     0     2036.5876    20     1992.7807 UserPurge2: 1     1212    2.20%
      0     0     2035.5717    19     1992.7807 UserPurge2: 1     1240    2.15%
      0     0     2035.1301    18     1992.7807 UserPurge2: 1     1256    2.13%
      0     0     2034.7743    18     1992.7807 UserPurge2: 1     1272    2.11%
      0     0     2034.6797    20     1992.7807 UserPurge2: 1     1285    2.10%
      0     0     2034.5191    20     1992.7807 UserPurge2: 1     1301    2.09%
      0     0     2034.3750    21     1992.7807 UserPurge2: 1     1318    2.09%
      0     0     2034.1937    22     1992.7807 UserPurge2: 1     1339    2.08%
      0     0     2033.7780    23     1992.7807 UserPurge2: 1     1368    2.06%
      0     0     2033.0008    20     1992.7807 UserPurge2: 1     1414    2.02%
      0     0     2032.5720    19     1992.7807 UserPurge2: 1     1433    2.00%
      0     0     2032.2786    20     1992.7807 UserPurge2: 1     1449    1.98%
      0     0     2032.1596    21     1992.7807 UserPurge2: 1     1467    1.98%
      0     0     2031.5780    20     1992.7807 UserPurge2: 1     1514    1.95%
      0     0     2031.4643    21     1992.7807 UserPurge2: 1     1521    1.94%
      0     0     2031.0297    20     1992.7807 UserPurge2: 1     1549    1.92%
      0     0     2030.8109    21     1992.7807 UserPurge2: 1     1572    1.91%
      0     0     2030.5590    21     1992.7807 UserPurge2: 1     1590    1.90%
      0     0     2030.2589    22     1992.7807 UserPurge2: 1     1626    1.88%
      0     0     2029.9940    21     1992.7807 UserPurge2: 1     1647    1.87%
      0     0     2029.6988    22     1992.7807 UserPurge2: 1     1676    1.85%
      0     0     2029.4679    22     1992.7807 UserPurge2: 1     1708    1.84%
      0     0     2029.2810    21     1992.7807 UserPurge2: 1     1737    1.83%
      0     0     2029.0418    20     1992.7807 UserPurge2: 1     1755    1.82%
      0     0     2028.9327    21     1992.7807 UserPurge2: 1     1777    1.81%
      0     0     2028.7284    22     1992.7807 UserPurge2: 1     1797    1.80%
      0     0     2028.4182    22     1992.7807 UserPurge2: 1     1822    1.79%
      0     0     2028.0962    21     1992.7807 UserPurge2: 1     1840    1.77%
      0     0     2027.9349    22     1992.7807 UserPurge2: 1     1861    1.76%
      0     0     2027.8192    22     1992.7807 UserPurge2: 1     1881    1.76%
      0     0     2027.5650    23     1992.7807 UserPurge2: 1     1909    1.75%
      0     0     2027.4378    23     1992.7807 UserPurge2: 1     1936    1.74%
      0     0     2027.3396    24     1992.7807 UserPurge2: 1     1949    1.73%
      0     0     2027.2760    24     1992.7807 UserPurge2: 1     1966    1.73%
      0     0     2027.2023    25     1992.7807 UserPurge2: 1     1986    1.73%
      0     0     2027.1727    26     1992.7807 UserPurge2: 1     2003    1.73%
      0     0     2026.9919    26     1992.7807 UserPurge2: 1     2036    1.72%
      0     0     2026.8153    26     1992.7807 UserPurge2: 1     2067    1.71%
      0     0     2026.6706    26     1992.7807 UserPurge2: 1     2096    1.70%
      0     0     2026.4292    26     1992.7807 UserPurge2: 1     2127    1.69%
      0     0     2026.3420    26     1992.7807 UserPurge2: 1     2145    1.68%
      0     0     2026.2426    26     1992.7807 UserPurge2: 1     2164    1.68%
      0     0     2025.9740    25     1992.7807 UserPurge2: 1     2192    1.67%
      0     0     2025.8430    26     1992.7807 UserPurge2: 1     2209    1.66%
      0     0     2025.5028    24     1992.7807 UserPurge2: 1     2244    1.64%
      0     0     2025.1715    24     1992.7807 UserPurge2: 1     2274    1.63%
      0     0     2025.0870    25     1992.7807 UserPurge2: 1     2286    1.62%
      0     0     2025.0500    26     1992.7807 UserPurge2: 1     2301    1.62%
      0     0     2024.9752    27     1992.7807 UserPurge2: 1     2320    1.62%
      0     0     2024.8987    26     1992.7807 UserPurge2: 1     2345    1.61%
      0     0     2024.6416    25     1992.7807 UserPurge2: 1     2375    1.60%
      0     0     2024.2782    24     1992.7807 UserPurge2: 1     2401    1.58%
      0     0     2024.1831    25     1992.7807 UserPurge2: 1     2418    1.58%
      0     0     2024.0920    25     1992.7807 UserPurge2: 1     2441    1.57%
      0     0     2024.0159    25     1992.7807 UserPurge2: 1     2454    1.57%
      0     0     2023.9786    26     1992.7807 UserPurge2: 1     2465    1.57%
      0     0     2023.9307    27     1992.7807 UserPurge2: 1     2486    1.56%
      0     0     2023.7143    27     1992.7807 UserPurge2: 1     2512    1.55%
      0     0     2023.6641    27     1992.7807 UserPurge2: 1     2533    1.55%
      0     0     2023.5803    27     1992.7807 UserPurge2: 1     2555    1.55%
      0     0     2023.4754    28     1992.7807 UserPurge2: 1     2580    1.54%
      0     0     2023.4216    27     1992.7807 UserPurge2: 1     2600    1.54%
      0     0     2023.3117    27     1992.7807 UserPurge2: 1     2630    1.53%
      0     0     2023.2677    28     1992.7807 UserPurge2: 1     2660    1.53%
      0     0     2023.2342    28     1992.7807 UserPurge2: 1     2677    1.53%
      0     0     2023.1894    29     1992.7807 UserPurge2: 1     2697    1.53%
      0     0     2022.8866    26     1992.7807 UserPurge2: 1     2742    1.51%
      0     0     2022.7138    26     1992.7807 UserPurge2: 1     2768    1.50%
      0     0     2022.6557    27     1992.7807 UserPurge2: 1     2778    1.50%
      0     0     2022.6123    27     1992.7807 UserPurge2: 1     2795    1.50%
      0     0     2022.4709    26     1992.7807 UserPurge2: 1     2823    1.49%
      0     0     2022.3729    26     1992.7807 UserPurge2: 1     2842    1.48%
      0     0     2022.3410    27     1992.7807 UserPurge2: 1     2851    1.48%
      0     0     2022.3090    27     1992.7807 UserPurge2: 1     2862    1.48%
      0     0     2022.2709    27     1992.7807 UserPurge2: 1     2881    1.48%
      0     0     2022.1922    28     1992.7807 UserPurge2: 1     2896    1.48%
      0     0     2022.1378    28     1992.7807 UserPurge2: 1     2919    1.47%
      0     0     2022.0318    29     1992.7807 UserPurge2: 1     2934    1.47%
      0     0     2022.0015    29     1992.7807 UserPurge2: 1     2947    1.47%
      0     0     2021.8991    29     1992.7807 UserPurge2: 1     2967    1.46%
      0     0     2021.8567    30     1992.7807 UserPurge2: 1     2991    1.46%
      0     0     2021.8256    30     1992.7807 UserPurge2: 1     3004    1.46%
      0     0     2021.7396    30     1992.7807 UserPurge2: 1     3038    1.45%
      0     0     2021.6323    29     1992.7807 UserPurge2: 1     3069    1.45%
      0     0     2021.5643    30     1992.7807 UserPurge2: 1     3095    1.44%
      0     0     2021.5070    29     1992.7807 UserPurge2: 1     3122    1.44%
      0     0     2021.4872    29     1992.7807 UserPurge2: 1     3140    1.44%
      0     0     2021.4681    30     1992.7807 UserPurge2: 1     3160    1.44%
      0     0     2021.4089    31     1992.7807 UserPurge2: 1     3183    1.44%
      0     0     2021.3507    31     1992.7807 UserPurge2: 1     3216    1.43%
      0     0     2021.2954    31     1992.7807 UserPurge2: 1     3250    1.43%
      0     0     2021.2221    30     1992.7807 UserPurge2: 1     3290    1.43%
      0     0     2021.1755    31     1992.7807 UserPurge2: 1     3315    1.42%
      0     0     2021.0070    29     1992.7807 UserPurge2: 1     3347    1.42%
      0     0     2020.8831    28     1992.7807 UserPurge2: 1     3376    1.41%
      0     0     2020.8365    27     1992.7807 UserPurge2: 1     3395    1.41%
      0     0     2020.7616    28     1992.7807 UserPurge2: 1     3412    1.40%
      0     0     2020.7408    29     1992.7807 UserPurge2: 1     3425    1.40%
      0     0     2020.7055    29     1992.7807 UserPurge2: 1     3447    1.40%
      0     0     2020.6372    30     1992.7807 UserPurge2: 1     3470    1.40%
      0     0     2020.5622    30     1992.7807 UserPurge2: 1     3500    1.39%
      0     0     2020.5109    31     1992.7807 UserPurge2: 1     3522    1.39%
      0     0     2020.4747    32     1992.7807 UserPurge2: 1     3538    1.39%
      0     0     2020.3288    31     1992.7807 UserPurge2: 1     3577    1.38%
      0     0     2020.0442    28     1992.7807 UserPurge2: 1     3620    1.37%
      0     0     2019.9785    28     1992.7807 UserPurge2: 1     3636    1.36%
      0     0     2019.9584    29     1992.7807 UserPurge2: 1     3648    1.36%
      0     0     2019.9329    30     1992.7807 UserPurge2: 1     3661    1.36%
      0     0     2019.8120    31     1992.7807 UserPurge2: 1     3698    1.36%
      0     0     2019.7132    31     1992.7807 UserPurge2: 1     3727    1.35%
      0     0     2019.6054    30     1992.7807 UserPurge2: 1     3752    1.35%
*     0+    0                         1994.2708     2019.6054             1.27%
      0     0     2019.5421    31     1994.2708 UserPurge2: 1     3776    1.27%
      0     0     2019.4779    30     1994.2708 UserPurge2: 1     3811    1.26%
      0     0     2019.4409    28     1994.2708 UserPurge2: 1     3827    1.26%
      0     0     2019.3519    29     1994.2708 UserPurge2: 1     3859    1.26%
      0     0     2019.3093    29     1994.2708 UserPurge2: 1     3880    1.26%
      0     0     2019.3040    30     1994.2708 UserPurge2: 1     3889    1.26%
      0     0     2019.2848    31     1994.2708 UserPurge2: 1     3913    1.25%
      0     0     2019.2599    32     1994.2708 UserPurge2: 1     3932    1.25%
      0     0     2019.2193    32     1994.2708 UserPurge2: 1     3965    1.25%
      0     0     2019.1734    32     1994.2708 UserPurge2: 1     3992    1.25%
      0     0     2019.1435    32     1994.2708 UserPurge2: 1     4011    1.25%
      0     0     2019.0969    32     1994.2708 UserPurge2: 1     4037    1.24%
*     0+    0                         1999.3980     2019.0969             0.99%
      0     0     2019.0426    32     1999.3980 UserPurge2: 1     4054    0.98%
      0     0     2019.0175    33     1999.3980 UserPurge2: 1     4073    0.98%
      0     0     2018.9862    34     1999.3980 UserPurge2: 1     4091    0.98%
      0     0     2018.9243    34     1999.3980 UserPurge2: 1     4125    0.98%
      0     0     2018.8707    34     1999.3980 UserPurge2: 1     4148    0.97%
      0     0     2018.8309    33     1999.3980 UserPurge2: 1     4167    0.97%
      0     0     2018.7380    32     1999.3980 UserPurge2: 1     4204    0.97%
      0     0     2018.6675    31     1999.3980 UserPurge2: 1     4229    0.96%
      0     0     2018.6345    30     1999.3980 UserPurge2: 1     4245    0.96%
      0     0     2018.6069    30     1999.3980 UserPurge2: 1     4260    0.96%
      0     0     2018.5924    31     1999.3980 UserPurge2: 1     4273    0.96%
      0     0     2018.5685    32     1999.3980 UserPurge2: 1     4292    0.96%
      0     0     2018.5527    33     1999.3980 UserPurge2: 1     4307    0.96%
      0     0     2018.5381    34     1999.3980 UserPurge2: 1     4331    0.96%
      0     0     2018.5304    35     1999.3980 UserPurge2: 1     4350    0.96%
      0     0     2018.5155    34     1999.3980 UserPurge2: 1     4381    0.96%
      0     0     2018.5081    35     1999.3980 UserPurge2: 1     4393    0.96%
      0     0     2018.4938    36     1999.3980 UserPurge2: 1     4414    0.96%
      0     0     2018.4284    33     1999.3980 UserPurge2: 1     4460    0.95%
      0     0     2018.3897    31     1999.3980 UserPurge2: 1     4484    0.95%
      0     0     2018.3635    31     1999.3980 UserPurge2: 1     4495    0.95%
      0     0     2018.3390    32     1999.3980 UserPurge2: 1     4510    0.95%
      0     0     2018.3072    33     1999.3980 UserPurge2: 1     4542    0.95%
      0     0     2018.2780    34     1999.3980 UserPurge2: 1     4569    0.94%
      0     0     2018.2628    35     1999.3980 UserPurge2: 1     4584    0.94%
      0     0     2018.1811    32     1999.3980 UserPurge2: 1     4629    0.94%
      0     0     2018.1440    31     1999.3980 UserPurge2: 1     4653    0.94%
      0     0     2018.1179    32     1999.3980 UserPurge2: 1     4670    0.94%
      0     0     2018.0939    32     1999.3980 UserPurge2: 1     4693    0.94%
      0     0     2018.0583    32     1999.3980 UserPurge2: 1     4713    0.93%
      0     0     2018.0309    33     1999.3980 UserPurge2: 1     4739    0.93%
      0     0     2018.0066    33     1999.3980 UserPurge2: 1     4758    0.93%
      0     0     2017.9663    34     1999.3980 UserPurge2: 1     4777    0.93%
      0     0     2017.9239    34     1999.3980 UserPurge2: 1     4801    0.93%
      0     0     2017.8133    32     1999.3980 UserPurge2: 1     4844    0.92%
      0     0     2017.7642    31     1999.3980 UserPurge2: 1     4868    0.92%
      0     0     2017.6759    32     1999.3980 UserPurge2: 1     4890    0.91%
      0     0     2017.6303    31     1999.3980 UserPurge2: 1     4920    0.91%
*     0+    0                         1999.4344     2017.6303             0.91%
      0     0     2017.5929    31     1999.4344 UserPurge2: 1     4943    0.91%
      0     0     2017.5476    30     1999.4344 UserPurge2: 1     4965    0.91%
      0     0     2017.5197    31     1999.4344 UserPurge2: 1     4982    0.90%
      0     0     2017.4879    32     1999.4344 UserPurge2: 1     5004    0.90%
      0     0     2017.4676    33     1999.4344 UserPurge2: 1     5025    0.90%
      0     0     2017.4621    34     1999.4344 UserPurge2: 1     5038    0.90%
      0     0     2017.4452    35     1999.4344 UserPurge2: 1     5061    0.90%
      0     0     2017.4244    35     1999.4344 UserPurge2: 1     5092    0.90%
      0     0     2017.2724    32     1999.4344 UserPurge2: 1     5147    0.89%
      0     0     2017.2508    32     1999.4344 UserPurge2: 1     5156    0.89%
      0     0     2017.2166    32     1999.4344 UserPurge2: 1     5171    0.89%
      0     0     2017.1885    33     1999.4344 UserPurge2: 1     5184    0.89%
      0     0     2017.1491    34     1999.4344 UserPurge2: 1     5209    0.89%
      0     0     2017.1033    34     1999.4344 UserPurge2: 1     5232    0.88%
      0     0     2017.0625    35     1999.4344 UserPurge2: 1     5259    0.88%
      0     0     2016.9851    35     1999.4344 UserPurge2: 1     5285    0.88%
      0     0     2016.9173    34     1999.4344 UserPurge2: 1     5313    0.87%
      0     0     2016.8753    33     1999.4344 UserPurge2: 1     5336    0.87%
      0     0     2016.8330    33     1999.4344 UserPurge2: 1     5364    0.87%
      0     0     2016.8170    34     1999.4344 UserPurge2: 1     5384    0.87%
      0     0     2016.7867    34     1999.4344 UserPurge2: 1     5402    0.87%
      0     0     2016.7689    35     1999.4344 UserPurge2: 1     5426    0.87%
      0     0     2016.7145    35     1999.4344 UserPurge2: 1     5466    0.86%
      0     0     2016.6774    36     1999.4344 UserPurge2: 1     5499    0.86%
      0     0     2016.6198    34     1999.4344 UserPurge2: 1     5557    0.86%
      0     0     2016.5834    35     1999.4344 UserPurge2: 1     5577    0.86%
      0     0     2016.5473    35     1999.4344 UserPurge2: 1     5593    0.86%
      0     0     2016.5173    34     1999.4344 UserPurge2: 1     5615    0.85%
      0     0     2016.4015    34     1999.4344 UserPurge2: 1     5660    0.85%
      0     0     2016.3730    35     1999.4344 UserPurge2: 1     5678    0.85%
      0     0     2016.3225    33     1999.4344 UserPurge2: 1     5697    0.84%
      0     0     2016.2969    34     1999.4344 UserPurge2: 1     5710    0.84%
      0     0     2016.2254    33     1999.4344 UserPurge2: 1     5744    0.84%
      0     0     2016.1808    32     1999.4344 UserPurge2: 1     5773    0.84%
      0     0     2016.1363    33     1999.4344 UserPurge2: 1     5804    0.84%
      0     0     2016.1140    33     1999.4344 UserPurge2: 1     5820    0.83%
      0     0     2016.0879    34     1999.4344 UserPurge2: 1     5842    0.83%
      0     0     2016.0783    35     1999.4344 UserPurge2: 1     5854    0.83%
      0     0     2016.0470    36     1999.4344 UserPurge2: 1     5884    0.83%
      0     0     2016.0264    35     1999.4344 UserPurge2: 1     5901    0.83%
      0     0     2016.0066    36     1999.4344 UserPurge2: 1     5931    0.83%
      0     0     2015.9834    35     1999.4344 UserPurge2: 1     5962    0.83%
      0     0     2015.9447    35     1999.4344 UserPurge2: 1     5992    0.83%
      0     0     2015.9291    36     1999.4344 UserPurge2: 1     6009    0.82%
      0     0     2015.9048    37     1999.4344 UserPurge2: 1     6035    0.82%
      0     0     2015.8055    33     1999.4344 UserPurge2: 1     6089    0.82%
      0     0     2015.7845    32     1999.4344 UserPurge2: 1     6104    0.82%
      0     0     2015.7802    33     1999.4344 UserPurge2: 1     6114    0.82%
      0     0     2015.7724    34     1999.4344 UserPurge2: 1     6126    0.82%
      0     0     2015.7234    35     1999.4344 UserPurge2: 1     6149    0.81%
      0     0     2015.6535    35     1999.4344 UserPurge2: 1     6182    0.81%
      0     0     2015.5531    34     1999.4344 UserPurge2: 1     6212    0.81%
      0     0     2015.5250    33     1999.4344 UserPurge2: 1     6228    0.80%
      0     0     2015.4484    33     1999.4344 UserPurge2: 1     6252    0.80%
      0     0     2015.4432    34     1999.4344 UserPurge2: 1     6261    0.80%
      0     0     2015.4322    34     1999.4344 UserPurge2: 1     6277    0.80%
      0     0     2015.4125    35     1999.4344 UserPurge2: 1     6296    0.80%
      0     0     2015.3911    36     1999.4344 UserPurge2: 1     6314    0.80%
      0     0     2015.3531    35     1999.4344 UserPurge2: 1     6346    0.80%
      0     0     2015.3078    34     1999.4344 UserPurge2: 1     6362    0.79%
      0     0     2015.2844    33     1999.4344 UserPurge2: 1     6385    0.79%
      0     0     2015.2587    34     1999.4344 UserPurge2: 1     6402    0.79%
      0     0     2015.2472    35     1999.4344 UserPurge2: 1     6416    0.79%
      0     0     2015.2060    36     1999.4344 UserPurge2: 1     6445    0.79%
      0     0     2015.1570    35     1999.4344 UserPurge2: 1     6481    0.79%
      0     0     2015.1307    36     1999.4344 UserPurge2: 1     6498    0.79%
      0     0     2015.1113    37     1999.4344 UserPurge2: 1     6526    0.78%
      0     0     2015.0876    37     1999.4344 UserPurge2: 1     6549    0.78%
      0     0     2015.0579    37     1999.4344 UserPurge2: 1     6571    0.78%
      0     0     2015.0232    38     1999.4344 UserPurge2: 1     6596    0.78%
      0     0     2014.9907    37     1999.4344 UserPurge2: 1     6635    0.78%
      0     0     2014.9590    37     1999.4344 UserPurge2: 1     6661    0.78%
      0     0     2014.9362    37     1999.4344 UserPurge2: 1     6673    0.78%
      0     0     2014.9017    37     1999.4344 UserPurge2: 1     6695    0.77%
      0     0     2014.8528    37     1999.4344 UserPurge2: 1     6722    0.77%
      0     0     2014.8432    37     1999.4344 UserPurge2: 1     6735    0.77%
      0     0     2014.7712    35     1999.4344 UserPurge2: 1     6781    0.77%
      0     0     2014.7434    35     1999.4344 UserPurge2: 1     6799    0.77%
      0     0     2014.7243    36     1999.4344 UserPurge2: 1     6820    0.76%
      0     0     2014.7126    37     1999.4344 UserPurge2: 1     6833    0.76%
      0     0     2014.6860    36     1999.4344 UserPurge2: 1     6871    0.76%
      0     0     2014.6551    35     1999.4344 UserPurge2: 1     6916    0.76%
      0     0     2014.6277    34     1999.4344 UserPurge2: 1     6935    0.76%
      0     0     2014.5939    35     1999.4344 UserPurge2: 1     6959    0.76%
      0     0     2014.5621    35     1999.4344 UserPurge2: 1     6978    0.76%
      0     0     2014.5116    36     1999.4344 UserPurge2: 1     7008    0.75%
      0     0     2014.4740    36     1999.4344 UserPurge2: 1     7047    0.75%
      0     0     2014.4543    36     1999.4344 UserPurge2: 1     7059    0.75%
      0     0     2014.4116    35     1999.4344 UserPurge2: 1     7082    0.75%
      0     0     2014.3931    35     1999.4344 UserPurge2: 1     7099    0.75%
      0     0     2014.3753    36     1999.4344 UserPurge2: 1     7118    0.75%
      0     0     2014.3575    37     1999.4344 UserPurge2: 1     7134    0.75%
      0     0     2014.3341    37     1999.4344 UserPurge2: 1     7155    0.75%
      0     0     2014.3226    38     1999.4344 UserPurge2: 1     7167    0.74%
      0     0     2014.3046    39     1999.4344 UserPurge2: 1     7189    0.74%
      0     0     2014.2322    38     1999.4344 UserPurge2: 1     7224    0.74%
      0     0     2014.2229    38     1999.4344 UserPurge2: 1     7237    0.74%
      0     0     2014.1896    39     1999.4344 UserPurge2: 1     7263    0.74%
      0     0     2014.1236    35     1999.4344 UserPurge2: 1     7292    0.73%
      0     0     2014.0699    33     1999.4344 UserPurge2: 1     7334    0.73%
*     0+    0                         2001.3287     2014.0699             0.64%
      0     0     2014.0252    33     2001.3287 UserPurge2: 1     7355    0.63%
      0     0     2014.0048    34     2001.3287 UserPurge2: 1     7370    0.63%
      0     0     2013.9875    34     2001.3287 UserPurge2: 1     7382    0.63%
      0     0     2013.9802    35     2001.3287 UserPurge2: 1     7396    0.63%
      0     0     2013.9685    36     2001.3287 UserPurge2: 1     7415    0.63%
      0     0     2013.9565    37     2001.3287 UserPurge2: 1     7437    0.63%
      0     0     2013.9494    38     2001.3287 UserPurge2: 1     7454    0.63%
      0     0     2013.9433    38     2001.3287 UserPurge2: 1     7476    0.63%
      0     0     2013.9383    39     2001.3287 UserPurge2: 1     7495    0.63%
      0     0     2013.9257    38     2001.3287 UserPurge2: 1     7525    0.63%
      0     0     2013.9021    36     2001.3287 UserPurge2: 1     7559    0.63%
      0     0     2013.8961    37     2001.3287 UserPurge2: 1     7579    0.63%
      0     0     2013.8921    37     2001.3287 UserPurge2: 1     7589    0.63%
      0     0     2013.8896    38     2001.3287 UserPurge2: 1     7600    0.63%
      0     0     2013.8784    38     2001.3287 UserPurge2: 1     7619    0.63%
      0     0     2013.8689    38     2001.3287 UserPurge2: 1     7633    0.63%
      0     0     2013.8430    38     2001.3287 UserPurge2: 1     7668    0.63%
      0     0     2013.8385    38     2001.3287 UserPurge2: 1     7679    0.63%
      0     0     2013.8263    39     2001.3287 UserPurge2: 1     7693    0.62%
      0     0     2013.8026    38     2001.3287 UserPurge2: 1     7729    0.62%
      0     0     2013.7882    38     2001.3287 UserPurge2: 1     7750    0.62%
      0     0     2013.7773    39     2001.3287 UserPurge2: 1     7775    0.62%
      0     0     2013.7707    40     2001.3287 UserPurge2: 1     7796    0.62%
      0     0     2013.7594    41     2001.3287 UserPurge2: 1     7818    0.62%
      0     0     2013.7477    40     2001.3287 UserPurge2: 1     7843    0.62%
      0     0     2013.7380    41     2001.3287 UserPurge2: 1     7859    0.62%
      0     0     2013.7315    42     2001.3287 UserPurge2: 1     7879    0.62%
      0     0     2013.7181    43     2001.3287 UserPurge2: 1     7912    0.62%
      0     0     2013.7034    44     2001.3287 UserPurge2: 1     7936    0.62%
      0     0     2013.6900    44     2001.3287 UserPurge2: 1     7968    0.62%
      0     0     2013.6403    43     2001.3287 UserPurge2: 1     8016    0.62%
      0     0     2013.6105    42     2001.3287 UserPurge2: 1     8051    0.61%
      0     0     2013.5437    41     2001.3287 UserPurge2: 1     8089    0.61%
      0     0     2013.4864    36     2001.3287 UserPurge2: 1     8120    0.61%
      0     0     2013.4751    35     2001.3287 UserPurge2: 1     8134    0.61%
      0     0     2013.4380    36     2001.3287 UserPurge2: 1     8163    0.61%
      0     0     2013.4239    35     2001.3287 UserPurge2: 1     8186    0.60%
      0     0     2013.4031    35     2001.3287 UserPurge2: 1     8199    0.60%
      0     0     2013.3754    36     2001.3287 UserPurge2: 1     8225    0.60%
      0     0     2013.3581    36     2001.3287 UserPurge2: 1     8243    0.60%
      0     0     2013.3517    36     2001.3287 UserPurge2: 1     8258    0.60%
      0     0     2013.3350    37     2001.3287 UserPurge2: 1     8277    0.60%
      0     0     2013.3095    36     2001.3287 UserPurge2: 1     8313    0.60%
      0     0     2013.3003    37     2001.3287 UserPurge2: 1     8328    0.60%
      0     0     2013.2690    38     2001.3287 UserPurge2: 1     8359    0.60%
      0     0     2013.2329    37     2001.3287 UserPurge2: 1     8385    0.59%
      0     0     2013.2164    38     2001.3287 UserPurge2: 1     8398    0.59%
      0     0     2013.1975    38     2001.3287 UserPurge2: 1     8420    0.59%
      0     0     2013.1869    39     2001.3287 UserPurge2: 1     8434    0.59%
      0     0     2013.1767    40     2001.3287 UserPurge2: 1     8453    0.59%
      0     0     2013.1645    41     2001.3287 UserPurge2: 1     8471    0.59%
      0     0     2013.1328    40     2001.3287 UserPurge2: 1     8490    0.59%
      0     0     2013.1139    40     2001.3287 UserPurge2: 1     8508    0.59%
      0     0     2013.0951    40     2001.3287 UserPurge2: 1     8524    0.59%
      0     0     2013.0722    40     2001.3287 UserPurge2: 1     8549    0.59%
      0     0     2013.0237    39     2001.3287 UserPurge2: 1     8583    0.58%
      0     0     2013.0073    40     2001.3287 UserPurge2: 1     8605    0.58%
      0     0     2012.9959    39     2001.3287 UserPurge2: 1     8625    0.58%
      0     0     2012.9766    40     2001.3287 UserPurge2: 1     8650    0.58%
      0     0     2012.9459    40     2001.3287 UserPurge2: 1     8681    0.58%
      0     0     2012.9159    40     2001.3287 UserPurge2: 1     8704    0.58%
      0     0     2012.8969    39     2001.3287 UserPurge2: 1     8717    0.58%
      0     0     2012.8695    38     2001.3287 UserPurge2: 1     8749    0.58%
      0     0     2012.8541    39     2001.3287 UserPurge2: 1     8773    0.58%
      0     0     2012.8384    38     2001.3287 UserPurge2: 1     8792    0.58%
      0     0     2012.8299    39     2001.3287 UserPurge2: 1     8802    0.57%
      0     0     2012.8237    40     2001.3287 UserPurge2: 1     8816    0.57%
      0     0     2012.8157    41     2001.3287 UserPurge2: 1     8833    0.57%
      0     0     2012.7992    41     2001.3287 UserPurge2: 1     8865    0.57%
      0     0     2012.7910    41     2001.3287 UserPurge2: 1     8881    0.57%
      0     0     2012.7770    41     2001.3287 UserPurge2: 1     8898    0.57%
      0     0     2012.7440    41     2001.3287 UserPurge2: 1     8934    0.57%
      0     0     2012.7326    42     2001.3287 UserPurge2: 1     8950    0.57%
      0     0     2012.6881    40     2001.3287 UserPurge2: 1     8991    0.57%
      0     0     2012.6569    40     2001.3287 UserPurge2: 1     9023    0.57%
      0     0     2012.6173    37     2001.3287 UserPurge2: 1     9055    0.56%
      0     0     2012.6099    38     2001.3287 UserPurge2: 1     9072    0.56%
      0     0     2012.5980    39     2001.3287 UserPurge2: 1     9091    0.56%
      0     0     2012.5907    39     2001.3287 UserPurge2: 1     9107    0.56%
      0     0     2012.5855    39     2001.3287 UserPurge2: 1     9133    0.56%
      0     0     2012.5773    40     2001.3287 UserPurge2: 1     9157    0.56%
      0     0     2012.5723    41     2001.3287 UserPurge2: 1     9178    0.56%
      0     0     2012.5669    42     2001.3287 UserPurge2: 1     9197    0.56%
      0     0     2012.5621    40     2001.3287 UserPurge2: 1     9218    0.56%
      0     0     2012.5480    40     2001.3287 UserPurge2: 1     9242    0.56%
      0     0     2012.5408    41     2001.3287 UserPurge2: 1     9260    0.56%
      0     0     2012.5287    41     2001.3287 UserPurge2: 1     9291    0.56%
      0     0     2012.5201    42     2001.3287 UserPurge2: 1     9320    0.56%
      0     0     2012.5026    39     2001.3287 UserPurge2: 1     9362    0.56%
      0     0     2012.4756    38     2001.3287 UserPurge2: 1     9396    0.56%
      0     0     2012.4710    37     2001.3287 UserPurge2: 1     9413    0.56%
      0     0     2012.4683    37     2001.3287 UserPurge2: 1     9428    0.56%
      0     0     2012.4638    37     2001.3287 UserPurge2: 1     9445    0.56%
      0     0     2012.4623    38     2001.3287 UserPurge2: 1     9459    0.56%
      0     0     2012.4604    39     2001.3287 UserPurge2: 1     9478    0.56%
      0     0     2012.4578    40     2001.3287 UserPurge2: 1     9495    0.56%
      0     0     2012.4549    40     2001.3287 UserPurge2: 1     9512    0.56%
      0     0     2012.4538    41     2001.3287 UserPurge2: 1     9527    0.56%
      0     0     2012.4518    41     2001.3287 UserPurge2: 1     9543    0.56%
      0     0     2012.4481    41     2001.3287 UserPurge2: 1     9562    0.56%
      0     0     2012.4457    42     2001.3287 UserPurge2: 1     9577    0.56%
      0     0     2012.4429    42     2001.3287 UserPurge2: 1     9601    0.56%
      0     0     2012.4370    41     2001.3287 UserPurge2: 1     9621    0.56%
      0     0     2012.4339    42     2001.3287 UserPurge2: 1     9641    0.55%
      0     0     2012.4293    43     2001.3287 UserPurge2: 1     9666    0.55%
      0     0     2012.4221    42     2001.3287 UserPurge2: 1     9698    0.55%
      0     0     2012.4182    43     2001.3287 UserPurge2: 1     9716    0.55%
      0     0     2012.4135    43     2001.3287 UserPurge2: 1     9733    0.55%
      0     0     2012.4043    43     2001.3287 UserPurge2: 1     9769    0.55%
      0     0     2012.3860    43     2001.3287 UserPurge2: 1     9801    0.55%
      0     0     2012.3682    43     2001.3287 UserPurge2: 1     9826    0.55%
      0     0     2012.3583    43     2001.3287 UserPurge2: 1     9850    0.55%
      0     0     2012.3386    41     2001.3287 UserPurge2: 1     9894    0.55%
      0     0     2012.3190    41     2001.3287 UserPurge2: 1     9922    0.55%
      0     0     2012.3112    40     2001.3287 UserPurge2: 1     9936    0.55%
      0     0     2012.3031    41     2001.3287 UserPurge2: 1     9951    0.55%
      0     0     2012.2965    42     2001.3287 UserPurge2: 1     9967    0.55%
      0     0     2012.2924    43     2001.3287 UserPurge2: 1     9981    0.55%
      0     0     2012.2874    43     2001.3287 UserPurge2: 1    10002    0.55%
      0     0     2012.2847    44     2001.3287 UserPurge2: 1    10020    0.55%
      0     0     2012.2818    45     2001.3287 UserPurge2: 1    10033    0.55%
      0     0     2012.2784    45     2001.3287 UserPurge2: 1    10047    0.55%
      0     0     2012.2718    46     2001.3287 UserPurge2: 1    10070    0.55%
      0     0     2012.2692    46     2001.3287 UserPurge2: 1    10091    0.55%
      0     0     2012.2400    45     2001.3287 UserPurge2: 1    10132    0.55%
      0     0     2012.2364    46     2001.3287 UserPurge2: 1    10150    0.55%
      0     0     2012.2174    44     2001.3287 UserPurge2: 1    10180    0.54%
      0     0     2012.1932    41     2001.3287 UserPurge2: 1    10212    0.54%
      0     0     2012.1794    40     2001.3287 UserPurge2: 1    10239    0.54%
      0     0     2012.1756    41     2001.3287 UserPurge2: 1    10248    0.54%
      0     0     2012.1661    41     2001.3287 UserPurge2: 1    10273    0.54%
      0     0     2012.1596    41     2001.3287 UserPurge2: 1    10294    0.54%
      0     0     2012.1471    41     2001.3287 UserPurge2: 1    10314    0.54%
      0     0     2012.1372    41     2001.3287 UserPurge2: 1    10327    0.54%
      0     0     2012.1247    41     2001.3287 UserPurge2: 1    10352    0.54%
      0     0     2012.1059    41     2001.3287 UserPurge2: 1    10368    0.54%
      0     0     2012.0990    42     2001.3287 UserPurge2: 1    10386    0.54%
      0     0     2012.0932    42     2001.3287 UserPurge2: 1    10403    0.54%
      0     0     2012.0868    43     2001.3287 UserPurge2: 1    10416    0.54%
      0     0     2012.0796    44     2001.3287 UserPurge2: 1    10433    0.54%
*     0+    0                         2002.7806     2012.0796             0.46%
      0     0     2012.0680    44     2002.7806 UserPurge2: 1    10462    0.46%
      0     0     2012.0603    44     2002.7806 UserPurge2: 1    10485    0.46%
      0     0     2012.0352    42     2002.7806 UserPurge2: 1    10523    0.46%
      0     0     2012.0275    42     2002.7806 UserPurge2: 1    10533    0.46%
      0     0     2012.0132    41     2002.7806 UserPurge2: 1    10553    0.46%
      0     0     2011.9994    41     2002.7806 UserPurge2: 1    10575    0.46%
      0     0     2011.9831    42     2002.7806 UserPurge2: 1    10592    0.46%
      0     0     2011.9718    42     2002.7806 UserPurge2: 1    10611    0.46%
      0     0     2011.9584    43     2002.7806 UserPurge2: 1    10645    0.46%
      0     0     2011.9522    44     2002.7806 UserPurge2: 1    10665    0.46%
      0     0     2011.9426    45     2002.7806 UserPurge2: 1    10706    0.46%
      0     0     2011.9312    44     2002.7806 UserPurge2: 1    10743    0.46%
      0     0     2011.9230    44     2002.7806 UserPurge2: 1    10770    0.46%
      0     0     2011.9056    45     2002.7806 UserPurge2: 1    10825    0.46%
      0     0     2011.8918    43     2002.7806 UserPurge2: 1    10852    0.45%
      0     0     2011.8785    42     2002.7806 UserPurge2: 1    10878    0.45%
      0     0     2011.8550    43     2002.7806 UserPurge2: 1    10905    0.45%
      0     0     2011.8350    42     2002.7806 UserPurge2: 1    10933    0.45%
      0     0     2011.8186    42     2002.7806 UserPurge2: 1    10972    0.45%
      0     0     2011.8048    42     2002.7806 UserPurge2: 1    10993    0.45%
      0     0     2011.7940    42     2002.7806 UserPurge2: 1    11011    0.45%
      0     0     2011.7787    41     2002.7806 UserPurge2: 1    11033    0.45%
      0     0     2011.7666    42     2002.7806 UserPurge2: 1    11051    0.45%
      0     0     2011.7511    42     2002.7806 UserPurge2: 1    11075    0.45%
      0     0     2011.7377    43     2002.7806 UserPurge2: 1    11111    0.45%
      0     0     2011.7247    43     2002.7806 UserPurge2: 1    11132    0.45%
      0     0     2011.7032    42     2002.7806 UserPurge2: 1    11164    0.45%
      0     0     2011.6904    42     2002.7806 UserPurge2: 1    11190    0.44%
      0     0     2011.6849    43     2002.7806 UserPurge2: 1    11206    0.44%
      0     0     2011.6716    44     2002.7806 UserPurge2: 1    11246    0.44%
      0     0     2011.6632    43     2002.7806 UserPurge2: 1    11267    0.44%
      0     0     2011.6234    41     2002.7806 UserPurge2: 1    11319    0.44%
      0     0     2011.6021    41     2002.7806 UserPurge2: 1    11341    0.44%
      0     0     2011.5927    42     2002.7806 UserPurge2: 1    11357    0.44%
      0     0     2011.5798    41     2002.7806 UserPurge2: 1    11374    0.44%
      0     0     2011.5783    42     2002.7806 UserPurge2: 1    11380    0.44%
      0     0     2011.5741    42     2002.7806 UserPurge2: 1    11386    0.44%
      0     0     2011.5679    42     2002.7806 UserPurge2: 1    11403    0.44%
      0     0     2011.5642    43     2002.7806 UserPurge2: 1    11414    0.44%
      0     0     2011.5532    44     2002.7806 UserPurge2: 1    11432    0.44%
      0     0     2011.5373    44     2002.7806 UserPurge2: 1    11461    0.44%
      0     0     2011.5320    43     2002.7806 UserPurge2: 1    11480    0.44%
      0     0     2011.5259    43     2002.7806 UserPurge2: 1    11492    0.44%
      0     0     2011.5167    43     2002.7806 UserPurge2: 1    11512    0.44%
      0     0     2011.5137    43     2002.7806 UserPurge2: 1    11530    0.44%
      0     0     2011.5083    44     2002.7806 UserPurge2: 1    11544    0.44%
      0     0     2011.4999    44     2002.7806 UserPurge2: 1    11574    0.44%
      0     0     2011.4935    44     2002.7806 UserPurge2: 1    11598    0.44%
      0     0     2011.4851    44     2002.7806 UserPurge2: 1    11629    0.43%
      0     0     2011.4694    44     2002.7806 UserPurge2: 1    11654    0.43%
      0     0     2011.4591    45     2002.7806 UserPurge2: 1    11674    0.43%
      0     0     2011.4402    45     2002.7806 UserPurge2: 1    11702    0.43%
      0     0     2011.4270    45     2002.7806 UserPurge2: 1    11720    0.43%
      0     0     2011.4154    44     2002.7806 UserPurge2: 1    11750    0.43%
      0     0     2011.4026    42     2002.7806 UserPurge2: 1    11774    0.43%
      0     0     2011.3953    43     2002.7806 UserPurge2: 1    11790    0.43%
      0     0     2011.3887    42     2002.7806 UserPurge2: 1    11808    0.43%
      0     0     2011.3828    43     2002.7806 UserPurge2: 1    11824    0.43%
      0     0     2011.3772    42     2002.7806 UserPurge2: 1    11844    0.43%
      0     0     2011.3760    42     2002.7806 UserPurge2: 1    11851    0.43%
      0     0     2011.3727    42     2002.7806 UserPurge2: 1    11861    0.43%
      0     0     2011.3659    42     2002.7806 UserPurge2: 1    11877    0.43%
      0     0     2011.3630    42     2002.7806 UserPurge2: 1    11894    0.43%
      0     0     2011.3583    42     2002.7806 UserPurge2: 1    11909    0.43%
      0     0     2011.3548    43     2002.7806 UserPurge2: 1    11924    0.43%
      0     0     2011.3515    44     2002.7806 UserPurge2: 1    11942    0.43%
      0     0     2011.3449    44     2002.7806 UserPurge2: 1    11960    0.43%
      0     0     2011.3360    43     2002.7806 UserPurge2: 1    11991    0.43%
      0     0     2011.3272    42     2002.7806 UserPurge2: 1    12019    0.43%
      0     0     2011.3247    43     2002.7806 UserPurge2: 1    12035    0.43%
      0     0     2011.3227    44     2002.7806 UserPurge2: 1    12049    0.43%
      0     0     2011.3163    45     2002.7806 UserPurge2: 1    12078    0.43%
      0     0     2011.3118    44     2002.7806 UserPurge2: 1    12104    0.43%
      0     0     2011.3092    43     2002.7806 UserPurge2: 1    12126    0.43%
      0     0     2011.3070    44     2002.7806 UserPurge2: 1    12140    0.43%
      0     0     2011.3053    45     2002.7806 UserPurge2: 1    12156    0.43%
      0     0     2011.3015    46     2002.7806 UserPurge2: 1    12181    0.43%
      0     0     2011.2959    45     2002.7806 UserPurge2: 1    12202    0.43%
      0     0     2011.2737    44     2002.7806 UserPurge2: 1    12257    0.42%
      0     0     2011.2595    43     2002.7806 UserPurge2: 1    12282    0.42%
      0     0     2011.2505    41     2002.7806 UserPurge2: 1    12304    0.42%
      0     0     2011.2415    39     2002.7806 UserPurge2: 1    12323    0.42%
      0     0     2011.2385    40     2002.7806 UserPurge2: 1    12334    0.42%
      0     0     2011.2350    41     2002.7806 UserPurge2: 1    12349    0.42%
      0     0     2011.2314    42     2002.7806 UserPurge2: 1    12358    0.42%
      0     0     2011.2310    43     2002.7806 UserPurge2: 1    12364    0.42%
      0     0     2011.2258    44     2002.7806 UserPurge2: 1    12381    0.42%
      0     0     2011.2218    45     2002.7806 UserPurge2: 1    12400    0.42%
      0     0     2011.2189    45     2002.7806 UserPurge2: 1    12426    0.42%
      0     0     2011.2129    45     2002.7806 UserPurge2: 1    12458    0.42%
      0     0     2011.1966    44     2002.7806 UserPurge2: 1    12499    0.42%
      0     0     2011.1896    43     2002.7806 UserPurge2: 1    12519    0.42%
      0     0     2011.1796    44     2002.7806 UserPurge2: 1    12537    0.42%
      0     0     2011.1777    45     2002.7806 UserPurge2: 1    12548    0.42%
      0     0     2011.1758    45     2002.7806 UserPurge2: 1    12565    0.42%
      0     0     2011.1754    46     2002.7806 UserPurge2: 1    12573    0.42%
      0     0     2011.1675    46     2002.7806 UserPurge2: 1    12597    0.42%
      0     0     2011.1567    47     2002.7806 UserPurge2: 1    12616    0.42%
      0     0     2011.1489    45     2002.7806 UserPurge2: 1    12635    0.42%
      0     0     2011.1416    45     2002.7806 UserPurge2: 1    12650    0.42%
      0     0     2011.1269    46     2002.7806 UserPurge2: 1    12682    0.42%
      0     0     2011.1178    46     2002.7806 UserPurge2: 1    12702    0.42%
      0     0     2011.1064    45     2002.7806 UserPurge2: 1    12731    0.42%
      0     0     2011.0963    46     2002.7806 UserPurge2: 1    12758    0.42%
      0     0     2011.0917    45     2002.7806 UserPurge2: 1    12778    0.41%
      0     0     2011.0826    46     2002.7806 UserPurge2: 1    12798    0.41%
      0     0     2011.0740    47     2002.7806 UserPurge2: 1    12818    0.41%
      0     0     2011.0687    47     2002.7806 UserPurge2: 1    12831    0.41%
      0     0     2011.0561    46     2002.7806 UserPurge2: 1    12870    0.41%
      0     0     2011.0315    44     2002.7806 UserPurge2: 1    12906    0.41%
      0     0     2011.0276    44     2002.7806 UserPurge2: 1    12914    0.41%
      0     0     2011.0249    45     2002.7806 UserPurge2: 1    12927    0.41%
      0     0     2011.0228    45     2002.7806 UserPurge2: 1    12936    0.41%
      0     0     2011.0150    46     2002.7806 UserPurge2: 1    12954    0.41%
      0     0     2011.0063    47     2002.7806 UserPurge2: 1    12983    0.41%
      0     0     2011.0005    48     2002.7806 UserPurge2: 1    13004    0.41%
      0     0     2010.9950    49     2002.7806 UserPurge2: 1    13028    0.41%
      0     0     2010.9889    48     2002.7806 UserPurge2: 1    13047    0.41%
      0     0     2010.9817    48     2002.7806 UserPurge2: 1    13069    0.41%
      0     0     2010.9761    47     2002.7806 UserPurge2: 1    13090    0.41%
      0     0     2010.9728    47     2002.7806 UserPurge2: 1    13110    0.41%
      0     0     2010.9717    48     2002.7806 UserPurge2: 1    13123    0.41%
*     0+    0                         2002.8673     2010.9717             0.40%
      0     0     2010.9692    48     2002.8673 UserPurge2: 1    13145    0.40%
      0     0     2010.9596    47     2002.8673 UserPurge2: 1    13182    0.40%
      0     0     2010.9569    48     2002.8673 UserPurge2: 1    13200    0.40%
      0     0     2010.9550    49     2002.8673 UserPurge2: 1    13215    0.40%
      0     0     2010.9519    50     2002.8673 UserPurge2: 1    13239    0.40%
      0     0     2010.9484    50     2002.8673 UserPurge2: 1    13256    0.40%
      0     0     2010.9408    51     2002.8673 UserPurge2: 1    13280    0.40%
      0     0     2010.9351    52     2002.8673 UserPurge2: 1    13303    0.40%
      0     0     2010.9260    52     2002.8673 UserPurge2: 1    13330    0.40%
      0     0     2010.9211    50     2002.8673 UserPurge2: 1    13351    0.40%
      0     0     2010.9138    51     2002.8673 UserPurge2: 1    13372    0.40%
      0     0     2010.9084    50     2002.8673 UserPurge2: 1    13399    0.40%
      0     0     2010.9011    51     2002.8673 UserPurge2: 1    13420    0.40%
      0     0     2010.8908    52     2002.8673 UserPurge2: 1    13452    0.40%
      0     0     2010.8831    50     2002.8673 UserPurge2: 1    13484    0.40%
      0     0     2010.8568    48     2002.8673 UserPurge2: 1    13539    0.40%
      0     0     2010.8499    46     2002.8673 UserPurge2: 1    13563    0.40%
      0     0     2010.8365    46     2002.8673 UserPurge2: 1    13589    0.40%
      0     0     2010.8341    46     2002.8673 UserPurge2: 1    13604    0.40%
      0     0     2010.8336    47     2002.8673 UserPurge2: 1    13614    0.40%
      0     0     2010.8309    48     2002.8673 UserPurge2: 1    13634    0.40%
      0     0     2010.8182    46     2002.8673 UserPurge2: 1    13659    0.40%
      0     0     2010.8155    46     2002.8673 UserPurge2: 1    13667    0.40%
      0     0     2010.8130    45     2002.8673 UserPurge2: 1    13684    0.40%
      0     0     2010.8100    46     2002.8673 UserPurge2: 1    13702    0.40%
      0     0     2010.8085    47     2002.8673 UserPurge2: 1    13718    0.40%
      0     0     2010.8052    47     2002.8673 UserPurge2: 1    13733    0.40%
      0     0     2010.8022    48     2002.8673 UserPurge2: 1    13751    0.40%
      0     0     2010.7996    47     2002.8673 UserPurge2: 1    13770    0.40%
      0     0     2010.7982    48     2002.8673 UserPurge2: 1    13783    0.40%
      0     0     2010.7959    47     2002.8673 UserPurge2: 1    13808    0.40%
      0     0     2010.7922    48     2002.8673 UserPurge2: 1    13827    0.40%
      0     0     2010.7865    49     2002.8673 UserPurge2: 1    13846    0.40%
      0     0     2010.7753    47     2002.8673 UserPurge2: 1    13873    0.39%
      0     0     2010.7703    46     2002.8673 UserPurge2: 1    13889    0.39%
      0     0     2010.7675    47     2002.8673 UserPurge2: 1    13904    0.39%
      0     0     2010.7645    47     2002.8673 UserPurge2: 1    13927    0.39%
      0     0     2010.7572    46     2002.8673 UserPurge2: 1    13952    0.39%
      0     0     2010.7520    46     2002.8673 UserPurge2: 1    13979    0.39%
      0     0     2010.7500    46     2002.8673 UserPurge2: 1    13999    0.39%
      0     0     2010.7466    47     2002.8673 UserPurge2: 1    14028    0.39%
      0     0     2010.7441    48     2002.8673 UserPurge2: 1    14051    0.39%
      0     0     2010.7422    49     2002.8673 UserPurge2: 1    14071    0.39%
      0     0     2010.7373    49     2002.8673 UserPurge2: 1    14099    0.39%
      0     0     2010.7330    48     2002.8673 UserPurge2: 1    14121    0.39%
      0     0     2010.7262    48     2002.8673 UserPurge2: 1    14158    0.39%
      0     0     2010.7192    48     2002.8673 UserPurge2: 1    14191    0.39%
      0     0     2010.7085    47     2002.8673 UserPurge2: 1    14238    0.39%
      0     0     2010.6964    47     2002.8673 UserPurge2: 1    14272    0.39%
      0     0     2010.6929    48     2002.8673 UserPurge2: 1    14303    0.39%
      0     0     2010.6855    46     2002.8673 UserPurge2: 1    14333    0.39%
      0     0     2010.6830    47     2002.8673 UserPurge2: 1    14345    0.39%
      0     0     2010.6763    46     2002.8673 UserPurge2: 1    14370    0.39%
      0     0     2010.6732    47     2002.8673 UserPurge2: 1    14389    0.39%
      0     0     2010.6703    47     2002.8673 UserPurge2: 1    14424    0.39%
      0     0     2010.6667    48     2002.8673 UserPurge2: 1    14438    0.39%
      0     0     2010.6625    48     2002.8673 UserPurge2: 1    14454    0.39%
      0     0     2010.6547    48     2002.8673 UserPurge2: 1    14490    0.39%
      0     0     2010.6487    48     2002.8673 UserPurge2: 1    14515    0.39%
      0     0     2010.6440    46     2002.8673 UserPurge2: 1    14531    0.39%
      0     0     2010.6401    47     2002.8673 UserPurge2: 1    14547    0.39%
      0     0     2010.6365    46     2002.8673 UserPurge2: 1    14564    0.39%
      0     0     2010.6315    46     2002.8673 UserPurge2: 1    14583    0.39%
      0     0     2010.6250    46     2002.8673 UserPurge2: 1    14619    0.39%
      0     0     2010.6172    46     2002.8673 UserPurge2: 1    14652    0.39%
      0     0     2010.6145    47     2002.8673 UserPurge2: 1    14667    0.39%
      0     0     2010.6084    47     2002.8673 UserPurge2: 1    14689    0.39%
      0     0     2010.6057    48     2002.8673 UserPurge2: 1    14704    0.39%
      0     0     2010.6025    48     2002.8673 UserPurge2: 1    14727    0.39%
      0     0     2010.5993    48     2002.8673 UserPurge2: 1    14746    0.39%
      0     0     2010.5845    48     2002.8673 UserPurge2: 1    14799    0.39%
      0     0     2010.5714    46     2002.8673 UserPurge2: 1    14826    0.38%
      0     0     2010.5666    45     2002.8673 UserPurge2: 1    14846    0.38%
      0     0     2010.5621    45     2002.8673 UserPurge2: 1    14872    0.38%
      0     0     2010.5607    46     2002.8673 UserPurge2: 1    14890    0.38%
      0     0     2010.5566    46     2002.8673 UserPurge2: 1    14910    0.38%
      0     0     2010.5550    47     2002.8673 UserPurge2: 1    14926    0.38%
      0     0     2010.5528    47     2002.8673 UserPurge2: 1    14944    0.38%
      0     0     2010.5525    48     2002.8673 UserPurge2: 1    14951    0.38%
      0     0     2010.5512    49     2002.8673 UserPurge2: 1    14961    0.38%
      0     0     2010.5501    49     2002.8673 UserPurge2: 1    14978    0.38%
      0     0     2010.5478    49     2002.8673 UserPurge2: 1    15000    0.38%
      0     0     2010.5464    48     2002.8673 UserPurge2: 1    15015    0.38%
      0     0     2010.5439    49     2002.8673 UserPurge2: 1    15034    0.38%
      0     0     2010.5428    50     2002.8673 UserPurge2: 1    15050    0.38%
      0     0     2010.5401    50     2002.8673 UserPurge2: 1    15078    0.38%
      0     0     2010.5369    50     2002.8673 UserPurge2: 1    15107    0.38%
      0     0     2010.5364    51     2002.8673 UserPurge2: 1    15118    0.38%
      0     0     2010.5303    49     2002.8673 UserPurge2: 1    15156    0.38%
      0     0     2010.5140    45     2002.8673 UserPurge2: 1    15188    0.38%
      0     0     2010.5073    43     2002.8673 UserPurge2: 1    15212    0.38%
      0     0     2010.5052    44     2002.8673 UserPurge2: 1    15226    0.38%
      0     0     2010.5034    45     2002.8673 UserPurge2: 1    15237    0.38%
      0     0     2010.5021    46     2002.8673 UserPurge2: 1    15247    0.38%
      0     0     2010.4991    47     2002.8673 UserPurge2: 1    15280    0.38%
      0     0     2010.4967    47     2002.8673 UserPurge2: 1    15307    0.38%
      0     0     2010.4951    47     2002.8673 UserPurge2: 1    15326    0.38%
      0     0     2010.4936    48     2002.8673 UserPurge2: 1    15345    0.38%
      0     0     2010.4930    48     2002.8673 UserPurge2: 1    15354    0.38%
      0     0     2010.4891    49     2002.8673 UserPurge2: 1    15377    0.38%
      0     0     2010.4869    49     2002.8673 UserPurge2: 1    15399    0.38%
      0     0     2010.4828    48     2002.8673 UserPurge2: 1    15433    0.38%
      0     0     2010.4766    46     2002.8673 UserPurge2: 1    15463    0.38%
      0     0     2010.4750    47     2002.8673 UserPurge2: 1    15481    0.38%
      0     0     2010.4733    48     2002.8673 UserPurge2: 1    15492    0.38%
      0     0     2010.4695    49     2002.8673 UserPurge2: 1    15519    0.38%
      0     0     2010.4671    49     2002.8673 UserPurge2: 1    15549    0.38%
      0     0     2010.4646    49     2002.8673 UserPurge2: 1    15569    0.38%
      0     0     2010.4627    50     2002.8673 UserPurge2: 1    15599    0.38%
      0     0     2010.4590    49     2002.8673 UserPurge2: 1    15633    0.38%
      0     0     2010.4510    46     2002.8673 UserPurge2: 1    15666    0.38%
      0     0     2010.4410    47     2002.8673 UserPurge2: 1    15682    0.38%
      0     0     2010.4381    47     2002.8673 UserPurge2: 1    15698    0.38%
      0     0     2010.4358    48     2002.8673 UserPurge2: 1    15718    0.38%
      0     0     2010.4297    47     2002.8673 UserPurge2: 1    15748    0.38%
      0     0     2010.4272    48     2002.8673 UserPurge2: 1    15769    0.38%
      0     0     2010.4218    48     2002.8673 UserPurge2: 1    15792    0.38%
      0     0     2010.4183    48     2002.8673 UserPurge2: 1    15808    0.38%
      0     0     2010.4134    48     2002.8673 UserPurge2: 1    15832    0.38%
      0     0     2010.4091    49     2002.8673 UserPurge2: 1    15847    0.38%
      0     0     2010.4041    49     2002.8673 UserPurge2: 1    15874    0.38%
      0     0     2010.4019    49     2002.8673 UserPurge2: 1    15890    0.38%
      0     0     2010.4001    50     2002.8673 UserPurge2: 1    15902    0.38%
      0     0     2010.3962    50     2002.8673 UserPurge2: 1    15925    0.38%
      0     0     2010.3921    49     2002.8673 UserPurge2: 1    15940    0.38%
      0     0     2010.3820    48     2002.8673 UserPurge2: 1    15967    0.38%
      0     0     2010.3785    48     2002.8673 UserPurge2: 1    15982    0.38%
      0     0     2010.3720    47     2002.8673 UserPurge2: 1    16010    0.37%
      0     0     2010.3694    47     2002.8673 UserPurge2: 1    16030    0.37%
      0     0     2010.3672    48     2002.8673 UserPurge2: 1    16047    0.37%
      0     0     2010.3667    48     2002.8673 UserPurge2: 1    16064    0.37%
      0     0     2010.3645    49     2002.8673 UserPurge2: 1    16084    0.37%
      0     0     2010.3578    50     2002.8673 UserPurge2: 1    16121    0.37%
      0     0     2010.3545    50     2002.8673 UserPurge2: 1    16146    0.37%
      0     0     2010.3509    50     2002.8673 UserPurge2: 1    16171    0.37%
      0     0     2010.3477    50     2002.8673 UserPurge2: 1    16187    0.37%
      0     0     2010.3461    50     2002.8673 UserPurge2: 1    16198    0.37%
      0     0     2010.3433    51     2002.8673 UserPurge2: 1    16214    0.37%
      0     0     2010.3420    51     2002.8673 UserPurge2: 1    16235    0.37%
      0     0     2010.3388    51     2002.8673 UserPurge2: 1    16255    0.37%
      0     0     2010.3350    52     2002.8673 UserPurge2: 1    16276    0.37%
      0     0     2010.3319    51     2002.8673 UserPurge2: 1    16295    0.37%
      0     0     2010.3277    51     2002.8673 UserPurge2: 1    16312    0.37%
      0     0     2010.3237    50     2002.8673 UserPurge2: 1    16340    0.37%
      0     0     2010.3208    51     2002.8673 UserPurge2: 1    16360    0.37%
      0     0     2010.3171    52     2002.8673 UserPurge2: 1    16376    0.37%
      0     0     2010.3108    51     2002.8673 UserPurge2: 1    16414    0.37%
      0     0     2010.3024    51     2002.8673 UserPurge2: 1    16439    0.37%
      0     0     2010.2995    51     2002.8673 UserPurge2: 1    16456    0.37%
      0     0     2010.2855    51     2002.8673 UserPurge2: 1    16490    0.37%
      0     0     2010.2700    49     2002.8673 UserPurge2: 1    16526    0.37%
      0     0     2010.2616    49     2002.8673 UserPurge2: 1    16545    0.37%
      0     0     2010.2562    49     2002.8673 UserPurge2: 1    16560    0.37%
      0     0     2010.2511    48     2002.8673 UserPurge2: 1    16581    0.37%
      0     0     2010.2477    49     2002.8673 UserPurge2: 1    16593    0.37%
      0     0     2010.2459    50     2002.8673 UserPurge2: 1    16604    0.37%
      0     0     2010.2404    50     2002.8673 UserPurge2: 1    16623    0.37%
      0     0     2010.2324    50     2002.8673 UserPurge2: 1    16656    0.37%
      0     0     2010.2228    51     2002.8673 UserPurge2: 1    16686    0.37%
      0     0     2010.2184    50     2002.8673 UserPurge2: 1    16708    0.37%
      0     0     2010.2130    51     2002.8673 UserPurge2: 1    16732    0.37%
      0     0     2010.2049    50     2002.8673 UserPurge2: 1    16756    0.37%
      0     0     2010.2021    51     2002.8673 UserPurge2: 1    16777    0.37%
      0     0     2010.1964    50     2002.8673 UserPurge2: 1    16799    0.37%
      0     0     2010.1944    50     2002.8673 UserPurge2: 1    16815    0.37%
      0     0     2010.1923    51     2002.8673 UserPurge2: 1    16831    0.37%
      0     0     2010.1866    51     2002.8673 UserPurge2: 1    16863    0.37%
      0     0     2010.1823    51     2002.8673 UserPurge2: 1    16881    0.37%
      0     0     2010.1797    51     2002.8673 UserPurge2: 1    16915    0.37%
      0     0     2010.1747    52     2002.8673 UserPurge2: 1    16944    0.36%
      0     0     2010.1692    50     2002.8673 UserPurge2: 1    16977    0.36%
      0     0     2010.1657    50     2002.8673 UserPurge2: 1    16999    0.36%
      0     0     2010.1628    50     2002.8673 UserPurge2: 1    17034    0.36%
      0     0     2010.1595    51     2002.8673 UserPurge2: 1    17052    0.36%
      0     0     2010.1571    52     2002.8673 UserPurge2: 1    17066    0.36%
      0     0     2010.1490    52     2002.8673 UserPurge2: 1    17109    0.36%
      0     0     2010.1456    52     2002.8673 UserPurge2: 1    17135    0.36%
      0     0     2010.1428    52     2002.8673 UserPurge2: 1    17155    0.36%
      0     0     2010.1410    51     2002.8673 UserPurge2: 1    17182    0.36%
      0     0     2010.1386    51     2002.8673 UserPurge2: 1    17208    0.36%
      0     0     2010.1373    52     2002.8673 UserPurge2: 1    17225    0.36%
      0     0     2010.1366    53     2002.8673 UserPurge2: 1    17238    0.36%
      0     0     2010.1342    52     2002.8673 UserPurge2: 1    17258    0.36%
      0     2     2010.1342    52     2002.8673     2010.1341    17258    0.36%
Elapsed time = 77.59 sec. (7013.15 ticks, tree = 0.01 MB, solutions = 7)
      1     3     2008.0956    53     2002.8673     2010.1341    62484    0.36%
      2     4     2008.4283    54     2002.8673     2008.4283   134907    0.28%
      3     5     2008.3821    51     2002.8673     2008.4283   160690    0.28%
      4     6     2008.0595    53     2002.8673     2008.4283   211977    0.28%
      5     7     2007.6863    25     2002.8673     2008.4283   227416    0.28%
      6     8     2005.8724    18     2002.8673     2008.4283   236152    0.28%
      7     9     2007.4731    27     2002.8673     2008.4283   245894    0.28%
      8    10     2005.6083    18     2002.8673     2008.4283   253167    0.28%
      9    11     2005.2331     9     2002.8673     2008.4283   255092    0.28%
     10    12     2005.1964    10     2002.8673     2008.4283   255610    0.28%
Elapsed time = 1686.08 sec. (1038927.03 ticks, tree = 1.06 MB, solutions = 7)
     11    13     2005.0532     7     2002.8673     2008.4283   256423    0.28%
     12    14     2004.9739     6     2002.8673     2008.4283   256696    0.28%
     13    15     2004.8927     7     2002.8673     2008.4283   257138    0.28%
     14    16     2003.1878     4     2002.8673     2008.4283   257661    0.28%
     15    17     2004.8629     6     2002.8673     2008.4283   257845    0.28%
     16    18     2004.7590     9     2002.8673     2008.4283   258358    0.28%
     17    17        cutoff           2002.8673     2008.4283   258655    0.28%
     18    18     2004.5391    10     2002.8673     2008.4283   259086    0.28%
     19    19     2004.4857     4     2002.8673     2008.4283   259640    0.28%
*    20+   16                         2003.7548     2008.4283             0.23%
     20    18     2004.2288     4     2003.7548     2008.4283   260034    0.23%
Elapsed time = 1782.95 sec. (1102877.84 ticks, tree = 2.06 MB, solutions = 8)
     21    19     2003.8068     6     2003.7548     2008.4283   260255    0.23%
     22    20     2004.2104     2     2003.7548     2008.4283   260443    0.23%
     27    21     2006.7279    25     2003.7548     2008.0956   280796    0.22%
     28    22     2006.3910    29     2003.7548     2008.0956   301786    0.22%
     29    23     2006.3437    17     2003.7548     2008.0956   307063    0.22%
     30    24     2006.0515    19     2003.7548     2008.0956   314107    0.22%
     31    25     2005.0535    32     2003.7548     2008.0956   320425    0.22%
     32    26     2005.9403    31     2003.7548     2008.0956   326164    0.22%
     33    27     2005.1322    11     2003.7548     2008.0956   328971    0.22%
     34    28     2004.8634     8     2003.7548     2008.0956   330383    0.22%
Elapsed time = 2855.05 sec. (1855660.29 ticks, tree = 4.39 MB, solutions = 8)
     35    29     2004.7087    14     2003.7548     2008.0956   333221    0.22%
     36    30     2004.8149     6     2003.7548     2008.0956   333685    0.22%
     37    31     2004.7897     6     2003.7548     2008.0956   333830    0.22%
     38    32     2004.7905     4     2003.7548     2008.0956   334020    0.22%
     39    33     2004.7717     4     2003.7548     2008.0956   334184    0.22%
*    40+   30                         2003.8428     2008.0956             0.21%
     40    32     2003.8985     4     2003.8428     2008.0956   334399    0.21%
     41    31        cutoff           2003.8428     2008.0956   334645    0.21%
     42    32     2004.7178     2     2003.8428     2008.0956   334706    0.21%
     43    33     2004.6545     4     2003.8428     2008.0956   334775    0.21%
     44    34     2004.1772     2     2003.8428     2008.0956   334877    0.21%
Elapsed time = 2973.68 sec. (1954630.77 ticks, tree = 5.96 MB, solutions = 9)
     45    35     2004.1127     2     2003.8428     2008.0956   334905    0.21%
     47    35     2003.9512     2     2003.8428     2008.0956   334935    0.21%
     50    32        cutoff           2003.8428     2008.0956   334951    0.21%
     51    33     2007.5786    15     2003.8428     2008.0956   342951    0.21%
     52    34     2007.4885    27     2003.8428     2008.0956   349627    0.21%
     53    35     2007.4029    27     2003.8428     2008.0956   355038    0.21%
     54    36     2007.3661    26     2003.8428     2008.0956   358006    0.21%
     55    37     2007.2165    18     2003.8428     2008.0956   366245    0.21%
     56    38     2007.1731    37     2003.8428     2008.0956   372948    0.21%
     57    39     2007.1189    34     2003.8428     2008.0956   378176    0.21%
Elapsed time = 3866.25 sec. (2626623.43 ticks, tree = 7.50 MB, solutions = 9)
     58    40     2007.0003    39     2003.8428     2008.0956   385117    0.21%
     59    41     2006.7810    28     2003.8428     2008.0956   396235    0.21%
*    60+   29                         2004.7821     2008.0956             0.17%
*    60+   20                         2005.5553     2008.0956             0.13%
     60    22     2006.5522    28     2005.5553     2008.0956   412901    0.13%
     61    23     2006.3937    37     2005.5553     2008.0956   430930    0.13%
     62    24     2006.1942    37     2005.5553     2008.0956   442688    0.13%
     63    25     2006.1793    34     2005.5553     2008.0956   446209    0.13%
     64    26     2006.0914    32     2005.5553     2008.0956   457041    0.13%
     65    27     2006.0010    38     2005.5553     2008.0956   467567    0.13%
     66    28     2005.8634    35     2005.5553     2008.0956   477417    0.13%
     67    27        cutoff           2005.5553     2008.0956   481733    0.13%
Elapsed time = 5878.55 sec. (4202852.78 ticks, tree = 6.29 MB, solutions = 11)
     68    26        cutoff           2005.5553     2008.0956   482144    0.13%
     69    27     2007.9235    42     2005.5553     2008.0595   500991    0.12%
*    70+   15                         2006.5337     2008.0595             0.08%
     70    17     2007.6812    47     2006.5337     2008.0595   522455    0.08%

User cuts applied:  54139

Root node processing (before b&c):
  Real time             =   77.62 sec. (7090.80 ticks)
Sequential b&c:
  Real time             = 7122.42 sec. (5077855.55 ticks)
                          ------------
Total (root+branch&cut) = 7200.05 sec. (5084946.34 ticks)
@Parameters: 
is_S_cut                                true
is_add_all_yinF                         true
is_start_value                          true
is_usercut                              true
is_visualization                        false
uc_only_rootnode                        false

data                                    Qi
fn                                      data/Qi/instance_500_500.csv
mode                                    NewSubmodular
solver                                  cplex

p                                       10
r                                       2

EPS                                     1.0e-06
EPS_vio                                 1.0e-04
beta                                    0.10
gap                                     0.00
nodelimit                               Inf
timelimit                               7200.00


@PrintInfos
ItCnt: 533556
Current gap: 0.08 %
Termination Status: TIME_LIMIT
Primal Status: FEASIBLE_POINT
Solve Time: 7200.05 sec
Objective Value: 2006.533713
Number of Nodes:     71

CutInfo: [phase] num / time (sec) 
ZLP             [phase1]     0 / 0.00 [rLC]     0 / 0.00 [rUC]     0 / 0.00 [sLC]     0 / 0.00 [sUC]     0 / 0.00 
OldSubmodular   [phase1]     0 / 0.00 [rLC]     0 / 0.00 [rUC]     0 / 0.00 [sLC]     0 / 0.00 [sUC]     0 / 0.00 
NewSubmodular   [phase1]     0 / 0.00 [rLC]   814 / 19.57 [rUC]  5146 / 44.75 [sLC]     2 / 4.80 [sUC] 54361 / 802.29 
PMP             [phase1]     0 / 0.00 [rLC]    16 / 14.02 [rUC]     0 / 0.00 [sLC]     5 / 4.76 [sUC]   128 / 125.74 
Separation Round: [phase1] 0  [rLC] 244  [rUC] 768  [sLC] 6  [sUC] 9797
Root Best Bound 2008.428338
Root Best Integer: 2002.867317
Best Bound: 2008.059478
Best Integer: 2006.533713

