Version identifier: 20.1.0.0 | 2020-11-10 | 9bedb6d68
CPXPARAM_Threads                                 1
CPXPARAM_TimeLimit                               7200
CPXPARAM_MIP_Tolerances_MIPGap                   0
Generic callback                                 0x60
1 of 1 MIP starts provided solutions.
MIP start 'm1' defined initial solution with objective 2575.5450.
Tried aggregator 1 time.
Reduced MIP has 1 rows, 501 columns, and 500 nonzeros.
Reduced MIP has 500 binaries, 0 generals, 0 SOSs, and 0 indicators.
Presolve time = 0.00 sec. (0.15 ticks)
Probing time = 0.00 sec. (0.05 ticks)
Tried aggregator 1 time.
Reduced MIP has 1 rows, 501 columns, and 500 nonzeros.
Reduced MIP has 500 binaries, 0 generals, 0 SOSs, and 0 indicators.
Presolve time = 0.00 sec. (0.15 ticks)
Probing time = 0.00 sec. (0.05 ticks)
MIP emphasis: balance optimality and feasibility.
MIP search method: dynamic search.
Parallel mode: none, using 1 thread.
Root relaxation solution time = 0.00 sec. (0.10 ticks)

        Nodes                                         Cuts/
   Node  Left     Objective  IInf  Best Integer    Best Bound    ItCnt     Gap

*     0+    0                         2575.5450     4368.0000            69.60%
      0     0     3542.0474     2     2575.5450     4368.0000        0   69.60%
      0     0     3375.2909     3     2575.5450 UserPurge2: 1        8   31.05%
      0     0     3093.8522     4     2575.5450 UserPurge2: 1       16   20.12%
      0     0     3011.7187     5     2575.5450 UserPurge2: 1       39   16.94%
      0     0     2890.2662     7     2575.5450 UserPurge2: 1       55   12.22%
      0     0     2811.7414     7     2575.5450 UserPurge2: 1       71    9.17%
      0     0     2794.0088     9     2575.5450 UserPurge2: 1       90    8.48%
      0     0     2777.6459    10     2575.5450 UserPurge2: 1      114    7.85%
      0     0     2738.1949    10     2575.5450 UserPurge2: 1      133    6.32%
      0     0     2729.5431    11     2575.5450 UserPurge2: 1      149    5.98%
      0     0     2720.8191    12     2575.5450 UserPurge2: 1      166    5.64%
      0     0     2718.7531    14     2575.5450 UserPurge1: 1      173    5.56%
      0     0     2716.4400    15     2575.5450 UserPurge2: 1      194    5.47%
      0     0     2712.7071    16     2575.5450 UserPurge2: 1      209    5.33%
      0     0     2709.1944    15     2575.5450 UserPurge2: 1      238    5.19%
      0     0     2702.2174    16     2575.5450 UserPurge2: 1      261    4.92%
      0     0     2694.2738    15     2575.5450 UserPurge2: 1      303    4.61%
      0     0     2691.4542    15     2575.5450 UserPurge2: 1      317    4.50%
      0     0     2689.6808    16     2575.5450 UserPurge2: 1      337    4.43%
      0     0     2681.5327    15     2575.5450 UserPurge2: 1      364    4.12%
      0     0     2679.0184    16     2575.5450 UserPurge1: 1      369    4.02%
      0     0     2677.4637    15     2575.5450 UserPurge2: 1      382    3.96%
      0     0     2673.6903    14     2575.5450 UserPurge2: 1      398    3.81%
      0     0     2671.4601    16     2575.5450 UserPurge1: 1      401    3.72%
      0     0     2670.1208    16     2575.5450 UserPurge1: 1      405    3.67%
      0     0     2667.5042    15     2575.5450 UserPurge2: 1      426    3.57%
      0     0     2663.1324    14     2575.5450 UserPurge2: 1      451    3.40%
      0     0     2661.9521    15     2575.5450 UserPurge1: 1      453    3.35%
      0     0     2660.8996    16     2575.5450 UserPurge2: 1      469    3.31%
      0     0     2657.7381    15     2575.5450 UserPurge2: 1      499    3.19%
      0     0     2657.0013    16     2575.5450 UserPurge1: 1      504    3.16%
      0     0     2655.5819    16     2575.5450 UserPurge2: 1      525    3.11%
      0     0     2653.8230    16     2575.5450 UserPurge2: 1      547    3.04%
      0     0     2652.1918    17     2575.5450 UserPurge2: 1      576    2.98%
      0     0     2651.5515    18     2575.5450 UserPurge2: 1      589    2.95%
      0     0     2649.9196    18     2575.5450 UserPurge2: 1      614    2.89%
      0     0     2648.5710    18     2575.5450 UserPurge2: 1      632    2.84%
      0     0     2646.1465    17     2575.5450 UserPurge2: 1      671    2.74%
      0     0     2644.0386    17     2575.5450 UserPurge2: 1      696    2.66%
      0     0     2643.4927    18     2575.5450 UserPurge2: 1      710    2.64%
      0     0     2642.6820    18     2575.5450 UserPurge2: 1      726    2.61%
      0     0     2641.9574    19     2575.5450 UserPurge2: 1      743    2.58%
      0     0     2641.2562    18     2575.5450 UserPurge2: 1      751    2.55%
      0     0     2641.1704    19     2575.5450 UserPurge2: 1      754    2.55%
      0     0     2640.5466    19     2575.5450 UserPurge2: 1      774    2.52%
      0     0     2640.0127    20     2575.5450 UserPurge2: 1      792    2.50%
      0     0     2639.0144    20     2575.5450 UserPurge2: 1      822    2.46%
      0     0     2638.3264    20     2575.5450 UserPurge2: 1      844    2.44%
      0     0     2636.9012    18     2575.5450 UserPurge2: 1      867    2.38%
      0     0     2636.6208    19     2575.5450 UserPurge2: 1      879    2.37%
      0     0     2636.1480    19     2575.5450 UserPurge2: 1      898    2.35%
      0     0     2635.5615    20     2575.5450 UserPurge2: 1      923    2.33%
      0     0     2634.3319    18     2575.5450 UserPurge2: 1      956    2.28%
      0     0     2633.1783    18     2575.5450 UserPurge2: 1      976    2.24%
      0     0     2633.0145    19     2575.5450 UserPurge2: 1      985    2.23%
      0     0     2632.0337    18     2575.5450 UserPurge2: 1     1004    2.19%
      0     0     2631.6614    18     2575.5450 UserPurge2: 1     1020    2.18%
      0     0     2631.0637    19     2575.5450 UserPurge2: 1     1041    2.16%
      0     0     2630.5180    20     2575.5450 UserPurge2: 1     1068    2.13%
      0     0     2629.8306    20     2575.5450 UserPurge2: 1     1091    2.11%
      0     0     2628.7449    20     2575.5450 UserPurge2: 1     1117    2.07%
      0     0     2628.4907    20     2575.5450 UserPurge2: 1     1139    2.06%
      0     0     2627.4127    20     2575.5450 UserPurge2: 1     1168    2.01%
      0     0     2625.9564    18     2575.5450 UserPurge2: 1     1210    1.96%
      0     0     2625.1051    18     2575.5450 UserPurge2: 1     1233    1.92%
      0     0     2624.4983    18     2575.5450 UserPurge2: 1     1246    1.90%
      0     0     2623.4530    18     2575.5450 UserPurge2: 1     1264    1.86%
      0     0     2623.1214    19     2575.5450 UserPurge2: 1     1275    1.85%
      0     0     2622.9819    20     2575.5450 UserPurge2: 1     1285    1.84%
      0     0     2622.8692    20     2575.5450 UserPurge2: 1     1296    1.84%
      0     0     2622.5394    20     2575.5450 UserPurge2: 1     1309    1.82%
      0     0     2622.2587    20     2575.5450 UserPurge2: 1     1326    1.81%
      0     0     2621.7582    19     2575.5450 UserPurge2: 1     1351    1.79%
      0     0     2621.4861    19     2575.5450 UserPurge2: 1     1367    1.78%
      0     0     2621.3988    20     2575.5450 UserPurge2: 1     1377    1.78%
      0     0     2621.2852    21     2575.5450 UserPurge2: 1     1389    1.78%
      0     0     2621.1529    22     2575.5450 UserPurge2: 1     1402    1.77%
      0     0     2621.0972    23     2575.5450 UserPurge2: 1     1415    1.77%
      0     0     2621.0016    24     2575.5450 UserPurge2: 1     1429    1.76%
      0     0     2620.8653    24     2575.5450 UserPurge2: 1     1445    1.76%
      0     0     2620.4362    23     2575.5450 UserPurge2: 1     1478    1.74%
      0     0     2619.6378    22     2575.5450 UserPurge2: 1     1509    1.71%
      0     0     2619.2655    23     2575.5450 UserPurge2: 1     1527    1.70%
      0     0     2618.7307    22     2575.5450 UserPurge2: 1     1558    1.68%
      0     0     2618.5154    23     2575.5450 UserPurge2: 1     1574    1.67%
      0     0     2618.3228    24     2575.5450 UserPurge2: 1     1591    1.66%
      0     0     2618.1186    24     2575.5450 UserPurge2: 1     1605    1.65%
      0     0     2617.8941    25     2575.5450 UserPurge2: 1     1627    1.64%
      0     0     2617.3636    23     2575.5450 UserPurge2: 1     1651    1.62%
      0     0     2616.9548    22     2575.5450 UserPurge2: 1     1673    1.61%
      0     0     2616.1562    22     2575.5450 UserPurge2: 1     1703    1.58%
      0     0     2615.8844    23     2575.5450 UserPurge2: 1     1712    1.57%
      0     0     2615.4981    23     2575.5450 UserPurge2: 1     1730    1.55%
      0     0     2614.9515    24     2575.5450 UserPurge2: 1     1751    1.53%
      0     0     2614.3791    24     2575.5450 UserPurge2: 1     1781    1.51%
      0     0     2614.1425    24     2575.5450 UserPurge2: 1     1795    1.50%
      0     0     2613.5134    23     2575.5450 UserPurge2: 1     1810    1.47%
      0     0     2612.8493    22     2575.5450 UserPurge2: 1     1836    1.45%
      0     0     2612.3634    22     2575.5450 UserPurge2: 1     1869    1.43%
      0     0     2612.1079    22     2575.5450 UserPurge2: 1     1886    1.42%
      0     0     2611.8602    23     2575.5450 UserPurge2: 1     1904    1.41%
      0     0     2611.5578    24     2575.5450 UserPurge2: 1     1928    1.40%
      0     0     2611.3896    24     2575.5450 UserPurge2: 1     1944    1.39%
      0     0     2611.2872    24     2575.5450 UserPurge2: 1     1960    1.39%
      0     0     2611.1332    24     2575.5450 UserPurge2: 1     1975    1.38%
      0     0     2611.0203    25     2575.5450 UserPurge2: 1     1991    1.38%
      0     0     2610.8356    24     2575.5450 UserPurge2: 1     2015    1.37%
      0     0     2610.3325    25     2575.5450 UserPurge2: 1     2031    1.35%
      0     0     2609.6247    24     2575.5450 UserPurge2: 1     2058    1.32%
      0     0     2609.1787    24     2575.5450 UserPurge2: 1     2083    1.31%
      0     0     2608.9245    25     2575.5450 UserPurge2: 1     2101    1.30%
      0     0     2608.7919    26     2575.5450 UserPurge2: 1     2119    1.29%
      0     0     2608.5766    27     2575.5450 UserPurge2: 1     2146    1.28%
      0     0     2608.2567    26     2575.5450 UserPurge2: 1     2169    1.27%
      0     0     2607.9789    25     2575.5450 UserPurge2: 1     2189    1.26%
      0     0     2607.7938    26     2575.5450 UserPurge2: 1     2218    1.25%
      0     0     2607.4311    26     2575.5450 UserPurge2: 1     2251    1.24%
      0     0     2607.0887    24     2575.5450 UserPurge2: 1     2272    1.22%
      0     0     2606.3311    23     2575.5450 UserPurge2: 1     2304    1.20%
      0     0     2606.1134    23     2575.5450 UserPurge2: 1     2314    1.19%
      0     0     2605.9400    23     2575.5450 UserPurge2: 1     2325    1.18%
      0     0     2605.8637    24     2575.5450 UserPurge2: 1     2332    1.18%
      0     0     2605.7946    24     2575.5450 UserPurge2: 1     2349    1.17%
      0     0     2605.5944    25     2575.5450 UserPurge2: 1     2365    1.17%
      0     0     2605.5200    25     2575.5450 UserPurge2: 1     2377    1.16%
      0     0     2605.2521    24     2575.5450 UserPurge2: 1     2392    1.15%
      0     0     2605.1845    25     2575.5450 UserPurge2: 1     2405    1.15%
      0     0     2605.0991    26     2575.5450 UserPurge2: 1     2417    1.15%
      0     0     2605.0570    27     2575.5450 UserPurge2: 1     2431    1.15%
      0     0     2604.9604    27     2575.5450 UserPurge2: 1     2453    1.14%
      0     0     2604.8563    27     2575.5450 UserPurge2: 1     2474    1.14%
      0     0     2604.5354    25     2575.5450 UserPurge2: 1     2501    1.13%
      0     0     2604.2741    25     2575.5450 UserPurge2: 1     2527    1.12%
      0     0     2604.0838    23     2575.5450 UserPurge2: 1     2541    1.11%
      0     0     2604.0224    23     2575.5450 UserPurge2: 1     2560    1.11%
      0     0     2603.9226    24     2575.5450 UserPurge2: 1     2572    1.10%
      0     0     2603.8571    25     2575.5450 UserPurge2: 1     2585    1.10%
      0     0     2603.7316    26     2575.5450 UserPurge2: 1     2609    1.09%
      0     0     2603.4985    25     2575.5450 UserPurge2: 1     2628    1.09%
      0     0     2603.3667    26     2575.5450 UserPurge2: 1     2653    1.08%
      0     0     2603.2388    27     2575.5450 UserPurge2: 1     2672    1.08%
      0     0     2603.1112    27     2575.5450 UserPurge2: 1     2697    1.07%
      0     0     2603.0007    27     2575.5450 UserPurge2: 1     2717    1.07%
      0     0     2602.8622    28     2575.5450 UserPurge2: 1     2729    1.06%
      0     0     2602.1208    26     2575.5450 UserPurge2: 1     2775    1.03%
      0     0     2602.0033    27     2575.5450 UserPurge2: 1     2786    1.03%
      0     0     2601.8345    28     2575.5450 UserPurge2: 1     2802    1.02%
      0     0     2601.6107    27     2575.5450 UserPurge2: 1     2828    1.01%
      0     0     2601.4563    27     2575.5450 UserPurge2: 1     2846    1.01%
      0     0     2601.3416    27     2575.5450 UserPurge2: 1     2861    1.00%
      0     0     2601.2051    28     2575.5450 UserPurge2: 1     2879    1.00%
      0     0     2601.1732    28     2575.5450 UserPurge2: 1     2889    1.00%
      0     0     2601.0292    28     2575.5450 UserPurge2: 1     2908    0.99%
      0     0     2600.9694    28     2575.5450 UserPurge2: 1     2923    0.99%
      0     0     2600.8582    28     2575.5450 UserPurge2: 1     2946    0.98%
      0     0     2600.7318    29     2575.5450 UserPurge2: 1     2969    0.98%
      0     0     2600.6475    30     2575.5450 UserPurge2: 1     2993    0.97%
      0     0     2600.5978    30     2575.5450 UserPurge2: 1     3007    0.97%
      0     0     2600.5560    30     2575.5450 UserPurge2: 1     3023    0.97%
      0     0     2600.4063    31     2575.5450 UserPurge2: 1     3048    0.97%
      0     0     2600.0055    28     2575.5450 UserPurge2: 1     3078    0.95%
      0     0     2599.7430    28     2575.5450 UserPurge2: 1     3103    0.94%
      0     0     2599.5348    29     2575.5450 UserPurge2: 1     3130    0.93%
      0     0     2599.4355    27     2575.5450 UserPurge2: 1     3148    0.93%
      0     0     2599.2691    27     2575.5450 UserPurge2: 1     3162    0.92%
      0     0     2599.2109    28     2575.5450 UserPurge2: 1     3174    0.92%
      0     0     2599.0011    28     2575.5450 UserPurge2: 1     3204    0.91%
      0     0     2598.9655    27     2575.5450 UserPurge2: 1     3217    0.91%
      0     0     2598.8785    27     2575.5450 UserPurge2: 1     3241    0.91%
      0     0     2598.7319    28     2575.5450 UserPurge2: 1     3277    0.90%
      0     0     2598.5224    27     2575.5450 UserPurge2: 1     3301    0.89%
      0     0     2598.4464    27     2575.5450 UserPurge2: 1     3318    0.89%
      0     0     2598.3297    27     2575.5450 UserPurge2: 1     3334    0.88%
      0     0     2598.1779    27     2575.5450 UserPurge2: 1     3356    0.88%
      0     0     2597.9826    27     2575.5450 UserPurge2: 1     3381    0.87%
      0     0     2597.8023    27     2575.5450 UserPurge2: 1     3419    0.86%
      0     0     2597.5701    26     2575.5450 UserPurge2: 1     3444    0.86%
      0     0     2597.5134    27     2575.5450 UserPurge2: 1     3454    0.85%
      0     0     2597.3698    28     2575.5450 UserPurge2: 1     3466    0.85%
      0     0     2597.2833    28     2575.5450 UserPurge2: 1     3489    0.84%
      0     0     2597.2112    27     2575.5450 UserPurge2: 1     3502    0.84%
      0     0     2597.1191    28     2575.5450 UserPurge2: 1     3523    0.84%
      0     0     2597.0448    27     2575.5450 UserPurge2: 1     3543    0.83%
      0     0     2596.9973    28     2575.5450 UserPurge2: 1     3567    0.83%
      0     0     2596.9363    29     2575.5450 UserPurge2: 1     3587    0.83%
      0     0     2596.8332    29     2575.5450 UserPurge2: 1     3615    0.83%
      0     0     2596.7527    30     2575.5450 UserPurge2: 1     3629    0.82%
      0     0     2596.6881    31     2575.5450 UserPurge2: 1     3650    0.82%
      0     0     2596.4913    30     2575.5450 UserPurge2: 1     3682    0.81%
      0     0     2596.3994    30     2575.5450 UserPurge2: 1     3695    0.81%
      0     0     2596.3228    30     2575.5450 UserPurge2: 1     3712    0.81%
      0     0     2596.2688    31     2575.5450 UserPurge2: 1     3728    0.80%
      0     0     2596.2157    32     2575.5450 UserPurge2: 1     3753    0.80%
      0     0     2596.1158    32     2575.5450 UserPurge2: 1     3781    0.80%
      0     0     2595.9825    32     2575.5450 UserPurge2: 1     3800    0.79%
      0     0     2595.9015    32     2575.5450 UserPurge2: 1     3828    0.79%
      0     0     2595.8858    32     2575.5450 UserPurge2: 1     3840    0.79%
      0     0     2595.8393    33     2575.5450 UserPurge2: 1     3857    0.79%
      0     0     2595.7036    32     2575.5450 UserPurge2: 1     3886    0.78%
      0     0     2595.4982    33     2575.5450 UserPurge2: 1     3918    0.77%
      0     0     2595.3189    30     2575.5450 UserPurge2: 1     3939    0.77%
      0     0     2595.1653    29     2575.5450 UserPurge2: 1     3976    0.76%
      0     0     2595.0792    29     2575.5450 UserPurge2: 1     3998    0.76%
      0     0     2595.0184    29     2575.5450 UserPurge2: 1     4014    0.76%
      0     0     2594.9896    29     2575.5450 UserPurge2: 1     4021    0.75%
      0     0     2594.9613    30     2575.5450 UserPurge2: 1     4035    0.75%
      0     0     2594.8518    30     2575.5450 UserPurge2: 1     4058    0.75%
      0     0     2594.8083    31     2575.5450 UserPurge2: 1     4076    0.75%
      0     0     2594.7424    31     2575.5450 UserPurge2: 1     4098    0.75%
      0     0     2594.6618    32     2575.5450 UserPurge2: 1     4120    0.74%
      0     0     2594.6174    32     2575.5450 UserPurge2: 1     4144    0.74%
      0     0     2594.4376    31     2575.5450 UserPurge2: 1     4181    0.73%
      0     0     2594.2457    30     2575.5450 UserPurge2: 1     4199    0.73%
      0     0     2594.1911    31     2575.5450 UserPurge2: 1     4211    0.72%
      0     0     2594.1420    32     2575.5450 UserPurge2: 1     4228    0.72%
      0     0     2594.0942    32     2575.5450 UserPurge2: 1     4244    0.72%
      0     0     2593.9498    33     2575.5450 UserPurge2: 1     4271    0.71%
      0     0     2593.8085    30     2575.5450 UserPurge2: 1     4289    0.71%
      0     0     2593.7881    30     2575.5450 UserPurge2: 1     4300    0.71%
      0     0     2593.7623    30     2575.5450 UserPurge2: 1     4320    0.71%
      0     0     2593.5849    30     2575.5450 UserPurge2: 1     4346    0.70%
      0     0     2593.5531    30     2575.5450 UserPurge2: 1     4356    0.70%
      0     0     2593.4739    30     2575.5450 UserPurge2: 1     4381    0.70%
      0     0     2593.4204    30     2575.5450 UserPurge2: 1     4397    0.69%
      0     0     2593.3387    30     2575.5450 UserPurge2: 1     4421    0.69%
      0     0     2593.3114    31     2575.5450 UserPurge2: 1     4440    0.69%
      0     0     2593.2997    32     2575.5450 UserPurge2: 1     4447    0.69%
      0     0     2593.2886    33     2575.5450 UserPurge2: 1     4453    0.69%
      0     0     2593.2501    34     2575.5450 UserPurge2: 1     4474    0.69%
      0     0     2593.2076    34     2575.5450 UserPurge2: 1     4505    0.69%
      0     0     2593.1333    31     2575.5450 UserPurge2: 1     4533    0.68%
      0     0     2593.0567    32     2575.5450 UserPurge2: 1     4555    0.68%
      0     0     2592.9999    32     2575.5450 UserPurge2: 1     4584    0.68%
      0     0     2592.8797    32     2575.5450 UserPurge2: 1     4613    0.67%
      0     0     2592.8511    33     2575.5450 UserPurge2: 1     4624    0.67%
      0     0     2592.8039    33     2575.5450 UserPurge2: 1     4639    0.67%
      0     0     2592.7736    34     2575.5450 UserPurge2: 1     4656    0.67%
      0     0     2592.6818    35     2575.5450 UserPurge2: 1     4692    0.67%
      0     0     2592.4865    31     2575.5450 UserPurge2: 1     4717    0.66%
      0     0     2592.3578    28     2575.5450 UserPurge2: 1     4741    0.65%
      0     0     2592.2945    29     2575.5450 UserPurge2: 1     4762    0.65%
      0     0     2592.2571    30     2575.5450 UserPurge2: 1     4773    0.65%
      0     0     2592.2293    31     2575.5450 UserPurge2: 1     4782    0.65%
      0     0     2592.2079    31     2575.5450 UserPurge2: 1     4795    0.65%
      0     0     2592.1629    32     2575.5450 UserPurge2: 1     4811    0.65%
      0     0     2592.1403    33     2575.5450 UserPurge2: 1     4826    0.64%
      0     0     2592.0964    33     2575.5450 UserPurge2: 1     4851    0.64%
      0     0     2592.0828    34     2575.5450 UserPurge2: 1     4862    0.64%
      0     0     2592.0427    35     2575.5450 UserPurge2: 1     4877    0.64%
      0     0     2591.9825    35     2575.5450 UserPurge2: 1     4909    0.64%
      0     0     2591.9000    33     2575.5450 UserPurge2: 1     4935    0.64%
      0     0     2591.8193    31     2575.5450 UserPurge2: 1     4957    0.63%
      0     0     2591.7589    32     2575.5450 UserPurge2: 1     4973    0.63%
      0     0     2591.7052    32     2575.5450 UserPurge2: 1     4990    0.63%
      0     0     2591.6683    33     2575.5450 UserPurge2: 1     5005    0.63%
      0     0     2591.6481    34     2575.5450 UserPurge2: 1     5014    0.63%
      0     0     2591.6184    34     2575.5450 UserPurge2: 1     5029    0.62%
      0     0     2591.5980    35     2575.5450 UserPurge2: 1     5046    0.62%
      0     0     2591.5354    33     2575.5450 UserPurge2: 1     5082    0.62%
      0     0     2591.5124    33     2575.5450 UserPurge2: 1     5090    0.62%
      0     0     2591.4712    32     2575.5450 UserPurge2: 1     5098    0.62%
      0     0     2591.4331    31     2575.5450 UserPurge2: 1     5117    0.62%
      0     0     2591.4038    32     2575.5450 UserPurge2: 1     5136    0.62%
      0     0     2591.3879    33     2575.5450 UserPurge2: 1     5149    0.62%
      0     0     2591.3764    34     2575.5450 UserPurge2: 1     5162    0.61%
      0     0     2591.3376    35     2575.5450 UserPurge2: 1     5197    0.61%
      0     0     2591.3175    36     2575.5450 UserPurge2: 1     5216    0.61%
      0     0     2591.2819    36     2575.5450 UserPurge2: 1     5238    0.61%
      0     0     2591.2383    36     2575.5450 UserPurge2: 1     5260    0.61%
      0     0     2591.1560    35     2575.5450 UserPurge2: 1     5297    0.61%
      0     0     2591.1225    35     2575.5450 UserPurge2: 1     5322    0.60%
      0     0     2591.0650    35     2575.5450 UserPurge2: 1     5347    0.60%
      0     0     2591.0193    36     2575.5450 UserPurge2: 1     5368    0.60%
      0     0     2590.8912    35     2575.5450 UserPurge2: 1     5395    0.60%
      0     0     2590.8236    34     2575.5450 UserPurge2: 1     5411    0.59%
      0     0     2590.7759    34     2575.5450 UserPurge2: 1     5430    0.59%
      0     0     2590.7372    35     2575.5450 UserPurge2: 1     5454    0.59%
      0     0     2590.6992    35     2575.5450 UserPurge2: 1     5469    0.59%
      0     0     2590.6293    34     2575.5450 UserPurge2: 1     5486    0.59%
      0     0     2590.5099    32     2575.5450 UserPurge2: 1     5510    0.58%
      0     0     2590.3990    32     2575.5450 UserPurge2: 1     5535    0.58%
      0     0     2590.3740    33     2575.5450 UserPurge2: 1     5555    0.58%
      0     0     2590.3206    33     2575.5450 UserPurge2: 1     5576    0.57%
      0     0     2590.2365    34     2575.5450 UserPurge2: 1     5599    0.57%
      0     0     2590.2221    35     2575.5450 UserPurge2: 1     5610    0.57%
      0     0     2590.1733    33     2575.5450 UserPurge2: 1     5634    0.57%
      0     0     2590.1503    34     2575.5450 UserPurge2: 1     5652    0.57%
      0     0     2590.1358    35     2575.5450 UserPurge2: 1     5667    0.57%
      0     0     2590.1118    36     2575.5450 UserPurge2: 1     5684    0.57%
      0     0     2590.0960    36     2575.5450 UserPurge2: 1     5700    0.56%
      0     0     2590.0875    37     2575.5450 UserPurge2: 1     5714    0.56%
      0     0     2590.0747    37     2575.5450 UserPurge2: 1     5738    0.56%
      0     0     2590.0562    38     2575.5450 UserPurge2: 1     5770    0.56%
      0     0     2589.9320    35     2575.5450 UserPurge2: 1     5825    0.56%
      0     0     2589.8601    35     2575.5450 UserPurge2: 1     5847    0.56%
      0     0     2589.7599    33     2575.5450 UserPurge2: 1     5871    0.55%
      0     0     2589.6044    31     2575.5450 UserPurge2: 1     5900    0.55%
      0     0     2589.4720    29     2575.5450 UserPurge2: 1     5922    0.54%
      0     0     2589.4344    30     2575.5450 UserPurge2: 1     5938    0.54%
      0     0     2589.4115    29     2575.5450 UserPurge2: 1     5951    0.54%
      0     0     2589.3641    30     2575.5450 UserPurge2: 1     5966    0.54%
      0     0     2589.3497    31     2575.5450 UserPurge2: 1     5980    0.54%
      0     0     2589.3306    32     2575.5450 UserPurge2: 1     5992    0.54%
      0     0     2589.3030    33     2575.5450 UserPurge2: 1     6005    0.53%
      0     0     2589.2684    34     2575.5450 UserPurge2: 1     6026    0.53%
      0     0     2589.2504    35     2575.5450 UserPurge2: 1     6038    0.53%
      0     0     2589.2080    36     2575.5450 UserPurge2: 1     6051    0.53%
      0     0     2589.1685    36     2575.5450 UserPurge2: 1     6065    0.53%
      0     0     2589.0506    34     2575.5450 UserPurge2: 1     6089    0.52%
      0     0     2588.9962    35     2575.5450 UserPurge2: 1     6102    0.52%
      0     0     2588.8887    34     2575.5450 UserPurge2: 1     6126    0.52%
      0     0     2588.8602    34     2575.5450 UserPurge2: 1     6146    0.52%
      0     0     2588.7984    35     2575.5450 UserPurge2: 1     6172    0.51%
      0     0     2588.7553    35     2575.5450 UserPurge2: 1     6191    0.51%
      0     0     2588.6667    34     2575.5450 UserPurge2: 1     6211    0.51%
      0     0     2588.6399    35     2575.5450 UserPurge2: 1     6225    0.51%
      0     0     2588.6294    36     2575.5450 UserPurge2: 1     6233    0.51%
      0     0     2588.6142    36     2575.5450 UserPurge2: 1     6242    0.51%
      0     0     2588.5924    36     2575.5450 UserPurge2: 1     6256    0.51%
      0     0     2588.5395    36     2575.5450 UserPurge2: 1     6276    0.50%
      0     0     2588.4809    37     2575.5450 UserPurge2: 1     6295    0.50%
      0     0     2588.4050    37     2575.5450 UserPurge2: 1     6315    0.50%
      0     0     2588.3527    37     2575.5450 UserPurge2: 1     6337    0.50%
      0     0     2588.3074    37     2575.5450 UserPurge2: 1     6359    0.50%
      0     0     2588.2738    37     2575.5450 UserPurge2: 1     6380    0.49%
      0     0     2588.2538    37     2575.5450 UserPurge2: 1     6395    0.49%
      0     0     2588.2189    37     2575.5450 UserPurge2: 1     6417    0.49%
      0     0     2588.1981    38     2575.5450 UserPurge2: 1     6432    0.49%
      0     0     2588.1518    39     2575.5450 UserPurge2: 1     6452    0.49%
      0     0     2588.1228    39     2575.5450 UserPurge2: 1     6468    0.49%
      0     0     2588.0938    38     2575.5450 UserPurge2: 1     6484    0.49%
      0     0     2588.0697    38     2575.5450 UserPurge2: 1     6496    0.49%
      0     0     2588.0260    36     2575.5450 UserPurge2: 1     6524    0.48%
      0     0     2588.0068    37     2575.5450 UserPurge2: 1     6537    0.48%
      0     0     2587.9963    37     2575.5450 UserPurge2: 1     6555    0.48%
      0     0     2587.9699    38     2575.5450 UserPurge2: 1     6586    0.48%
      0     0     2587.9158    38     2575.5450 UserPurge2: 1     6609    0.48%
      0     0     2587.8393    37     2575.5450 UserPurge2: 1     6647    0.48%
      0     0     2587.8073    36     2575.5450 UserPurge2: 1     6675    0.48%
      0     0     2587.7589    37     2575.5450 UserPurge2: 1     6698    0.47%
      0     0     2587.7321    37     2575.5450 UserPurge2: 1     6714    0.47%
      0     0     2587.6931    37     2575.5450 UserPurge2: 1     6740    0.47%
      0     0     2587.6800    37     2575.5450 UserPurge2: 1     6750    0.47%
      0     0     2587.6096    34     2575.5450 UserPurge2: 1     6771    0.47%
      0     0     2587.5835    34     2575.5450 UserPurge2: 1     6787    0.47%
      0     0     2587.5481    33     2575.5450 UserPurge2: 1     6806    0.47%
      0     0     2587.5349    34     2575.5450 UserPurge2: 1     6817    0.47%
      0     0     2587.5208    35     2575.5450 UserPurge2: 1     6829    0.46%
      0     0     2587.5037    35     2575.5450 UserPurge2: 1     6841    0.46%
      0     0     2587.4908    36     2575.5450 UserPurge2: 1     6853    0.46%
      0     0     2587.4713    36     2575.5450 UserPurge2: 1     6867    0.46%
      0     0     2587.4588    37     2575.5450 UserPurge2: 1     6882    0.46%
      0     0     2587.4418    38     2575.5450 UserPurge2: 1     6899    0.46%
      0     0     2587.4118    38     2575.5450 UserPurge2: 1     6923    0.46%
      0     0     2587.3850    37     2575.5450 UserPurge2: 1     6952    0.46%
      0     0     2587.3705    38     2575.5450 UserPurge2: 1     6963    0.46%
      0     0     2587.3593    38     2575.5450 UserPurge2: 1     6985    0.46%
      0     0     2587.3566    39     2575.5450 UserPurge2: 1     6997    0.46%
      0     0     2587.3390    40     2575.5450 UserPurge2: 1     7011    0.46%
      0     0     2587.3195    39     2575.5450 UserPurge2: 1     7031    0.46%
      0     0     2587.3062    39     2575.5450 UserPurge2: 1     7055    0.46%
      0     0     2587.2800    39     2575.5450 UserPurge2: 1     7086    0.46%
      0     0     2587.2681    40     2575.5450 UserPurge2: 1     7102    0.46%
      0     0     2587.2550    40     2575.5450 UserPurge2: 1     7124    0.45%
      0     0     2587.2299    40     2575.5450 UserPurge2: 1     7156    0.45%
      0     0     2587.2058    39     2575.5450 UserPurge2: 1     7180    0.45%
      0     0     2587.1783    39     2575.5450 UserPurge2: 1     7202    0.45%
      0     0     2587.1659    40     2575.5450 UserPurge2: 1     7221    0.45%
      0     0     2587.1399    40     2575.5450 UserPurge2: 1     7242    0.45%
      0     0     2587.1233    41     2575.5450 UserPurge2: 1     7271    0.45%
      0     0     2587.1046    40     2575.5450 UserPurge2: 1     7301    0.45%
      0     0     2587.0702    39     2575.5450 UserPurge2: 1     7329    0.45%
      0     0     2587.0336    40     2575.5450 UserPurge2: 1     7350    0.45%
      0     0     2586.9715    40     2575.5450 UserPurge2: 1     7377    0.44%
      0     0     2586.9337    39     2575.5450 UserPurge2: 1     7405    0.44%
      0     0     2586.9177    39     2575.5450 UserPurge2: 1     7418    0.44%
      0     0     2586.9017    40     2575.5450 UserPurge2: 1     7434    0.44%
      0     0     2586.8913    40     2575.5450 UserPurge2: 1     7456    0.44%
      0     0     2586.8799    40     2575.5450 UserPurge2: 1     7475    0.44%
      0     0     2586.8615    40     2575.5450 UserPurge2: 1     7502    0.44%
      0     0     2586.8381    40     2575.5450 UserPurge2: 1     7521    0.44%
      0     0     2586.8067    39     2575.5450 UserPurge2: 1     7544    0.44%
      0     0     2586.7703    39     2575.5450 UserPurge2: 1     7565    0.44%
      0     0     2586.7455    38     2575.5450 UserPurge2: 1     7587    0.43%
      0     0     2586.7308    38     2575.5450 UserPurge2: 1     7594    0.43%
      0     0     2586.7095    38     2575.5450 UserPurge2: 1     7612    0.43%
      0     0     2586.6885    38     2575.5450 UserPurge2: 1     7634    0.43%
      0     0     2586.6542    38     2575.5450 UserPurge2: 1     7661    0.43%
*     0+    0                         2578.2829     2586.6542             0.32%
      0     0     2586.6240    39     2578.2829 UserPurge2: 1     7681    0.32%
      0     0     2586.5795    38     2578.2829 UserPurge2: 1     7701    0.32%
      0     0     2586.5473    37     2578.2829 UserPurge2: 1     7718    0.32%
      0     0     2586.4864    36     2578.2829 UserPurge2: 1     7749    0.32%
      0     0     2586.4359    36     2578.2829 UserPurge2: 1     7771    0.32%
      0     0     2586.4233    36     2578.2829 UserPurge2: 1     7778    0.32%
      0     0     2586.4135    37     2578.2829 UserPurge2: 1     7790    0.32%
      0     0     2586.4093    38     2578.2829 UserPurge2: 1     7799    0.32%
      0     0     2586.3853    37     2578.2829 UserPurge2: 1     7821    0.31%
      0     0     2586.3516    37     2578.2829 UserPurge2: 1     7845    0.31%
      0     0     2586.3250    36     2578.2829 UserPurge2: 1     7870    0.31%
      0     0     2586.3090    37     2578.2829 UserPurge2: 1     7887    0.31%
      0     0     2586.2906    38     2578.2829 UserPurge2: 1     7908    0.31%
      0     0     2586.2668    39     2578.2829 UserPurge2: 1     7930    0.31%
      0     0     2586.2394    38     2578.2829 UserPurge2: 1     7950    0.31%
      0     0     2586.2000    37     2578.2829 UserPurge2: 1     7972    0.31%
      0     0     2586.1599    37     2578.2829 UserPurge2: 1     7999    0.31%
      0     0     2586.1283    37     2578.2829 UserPurge2: 1     8032    0.30%
      0     0     2586.1115    37     2578.2829 UserPurge2: 1     8046    0.30%
      0     0     2586.0376    36     2578.2829 UserPurge2: 1     8072    0.30%
      0     0     2586.0251    36     2578.2829 UserPurge2: 1     8083    0.30%
      0     0     2586.0006    37     2578.2829 UserPurge2: 1     8104    0.30%
      0     0     2585.9810    37     2578.2829 UserPurge2: 1     8121    0.30%
      0     0     2585.9622    37     2578.2829 UserPurge2: 1     8135    0.30%
      0     0     2585.9140    37     2578.2829 UserPurge2: 1     8154    0.30%
      0     0     2585.8998    38     2578.2829 UserPurge2: 1     8166    0.30%
      0     0     2585.8874    38     2578.2829 UserPurge2: 1     8179    0.29%
      0     0     2585.8719    39     2578.2829 UserPurge2: 1     8193    0.29%
      0     0     2585.8642    39     2578.2829 UserPurge2: 1     8204    0.29%
      0     0     2585.8573    40     2578.2829 UserPurge2: 1     8217    0.29%
      0     0     2585.8325    39     2578.2829 UserPurge2: 1     8238    0.29%
      0     0     2585.8236    40     2578.2829 UserPurge2: 1     8255    0.29%
      0     0     2585.8129    41     2578.2829 UserPurge2: 1     8280    0.29%
      0     0     2585.7813    40     2578.2829 UserPurge2: 1     8307    0.29%
      0     0     2585.7607    40     2578.2829 UserPurge2: 1     8328    0.29%
      0     0     2585.7268    40     2578.2829 UserPurge2: 1     8347    0.29%
      0     0     2585.7042    39     2578.2829 UserPurge2: 1     8365    0.29%
      0     0     2585.6913    38     2578.2829 UserPurge2: 1     8381    0.29%
      0     0     2585.6733    39     2578.2829 UserPurge2: 1     8393    0.29%
*     0+    0                         2579.2827     2585.6733             0.25%
      0     0     2585.6443    38     2579.2827 UserPurge2: 1     8423    0.25%
      0     0     2585.5930    36     2579.2827 UserPurge2: 1     8448    0.24%
      0     0     2585.5497    35     2579.2827 UserPurge2: 1     8463    0.24%
      0     0     2585.5087    34     2579.2827 UserPurge2: 1     8484    0.24%
      0     0     2585.4871    34     2579.2827 UserPurge2: 1     8498    0.24%
      0     0     2585.4745    32     2579.2827 UserPurge2: 1     8508    0.24%

Repeating presolve.
Tried aggregator 1 time.
MIP Presolve eliminated 0 rows and 126 columns.
Reduced MIP has 1 rows, 375 columns, and 374 nonzeros.
Reduced MIP has 374 binaries, 0 generals, 0 SOSs, and 0 indicators.
Presolve time = 0.00 sec. (0.14 ticks)
Probing time = 0.00 sec. (0.04 ticks)
Tried aggregator 1 time.
Reduced MIP has 1 rows, 375 columns, and 374 nonzeros.
Reduced MIP has 374 binaries, 0 generals, 0 SOSs, and 0 indicators.
Presolve time = 0.00 sec. (0.11 ticks)
Represolve time = 0.09 sec. (30.28 ticks)
Probing time = 0.00 sec. (0.04 ticks)
MIP emphasis: balance optimality and feasibility.
MIP search method: dynamic search.
Parallel mode: none, using 1 thread.
Root relaxation solution time = 0.01 sec. (8.39 ticks)

        Nodes                                         Cuts/
   Node  Left     Objective  IInf  Best Integer    Best Bound    ItCnt     Gap

*     0+    0                         2579.2827     2585.4745             0.24%
      0     0     2585.4745    32     2579.2827     2585.4745     8618    0.24%
      0     0     2585.4586    33     2579.2827 UserPurge2: 1     8630    0.24%
      0     0     2585.4522    34     2579.2827 UserPurge2: 1     8641    0.24%
      0     0     2585.4493    35     2579.2827 UserPurge2: 1     8653    0.24%
      0     0     2585.4478    36     2579.2827 UserPurge2: 1     8663    0.24%
      0     0     2585.4453    37     2579.2827 UserPurge2: 1     8672    0.24%
      0     0     2585.4392    37     2579.2827 UserPurge2: 1     8690    0.24%
      0     0     2585.4388    38     2579.2827 UserPurge2: 1     8695    0.24%
      0     0     2585.4352    39     2579.2827 UserPurge2: 1     8702    0.24%
      0     0     2585.4296    40     2579.2827 UserPurge2: 1     8716    0.24%
      0     0     2585.4236    39     2579.2827 UserPurge2: 1     8728    0.24%
      0     0     2585.4157    39     2579.2827 UserPurge2: 1     8740    0.24%
      0     0     2585.4133    40     2579.2827 UserPurge2: 1     8747    0.24%
      0     0     2585.4113    41     2579.2827 UserPurge2: 1     8758    0.24%
      0     0     2585.4003    41     2579.2827 UserPurge2: 1     8778    0.24%
      0     0     2585.3936    42     2579.2827 UserPurge2: 1     8790    0.24%
      0     0     2585.3835    39     2579.2827 UserPurge2: 1     8812    0.24%
      0     0     2585.3429    37     2579.2827 UserPurge2: 1     8835    0.23%
      0     0     2585.3174    38     2579.2827 UserPurge2: 1     8850    0.23%
      0     0     2585.2976    38     2579.2827 UserPurge2: 1     8862    0.23%
      0     0     2585.2817    38     2579.2827 UserPurge2: 1     8876    0.23%
      0     0     2585.2558    36     2579.2827 UserPurge2: 1     8897    0.23%
      0     0     2585.2111    36     2579.2827 UserPurge2: 1     8915    0.23%
      0     0     2585.1951    36     2579.2827 UserPurge2: 1     8928    0.23%
      0     0     2585.1810    36     2579.2827 UserPurge2: 1     8945    0.23%
      0     0     2585.1667    35     2579.2827 UserPurge2: 1     8958    0.23%
      0     0     2585.1623    36     2579.2827 UserPurge2: 1     8967    0.23%
      0     0     2585.1530    37     2579.2827 UserPurge2: 1     8980    0.23%
      0     0     2585.1426    35     2579.2827 UserPurge2: 1     8999    0.23%
      0     0     2585.1412    36     2579.2827 UserPurge2: 1     9005    0.23%
      0     0     2585.1288    36     2579.2827 UserPurge2: 1     9025    0.23%
      0     0     2585.1236    36     2579.2827 UserPurge2: 1     9036    0.23%
      0     0     2585.1199    37     2579.2827 UserPurge2: 1     9043    0.23%
      0     0     2585.1163    37     2579.2827 UserPurge2: 1     9055    0.23%
      0     0     2585.1141    38     2579.2827 UserPurge2: 1     9068    0.23%
      0     0     2585.1122    39     2579.2827 UserPurge2: 1     9082    0.23%
      0     0     2585.1116    40     2579.2827 UserPurge2: 1     9091    0.23%
      0     0     2585.1086    41     2579.2827 UserPurge2: 1     9104    0.23%
      0     0     2585.0996    42     2579.2827 UserPurge2: 1     9122    0.23%
      0     0     2585.0966    42     2579.2827 UserPurge2: 1     9135    0.23%
      0     0     2585.0898    43     2579.2827 UserPurge2: 1     9150    0.23%
      0     0     2585.0809    43     2579.2827 UserPurge2: 1     9166    0.22%
      0     0     2585.0681    44     2579.2827 UserPurge2: 1     9196    0.22%
      0     0     2585.0527    44     2579.2827 UserPurge2: 1     9222    0.22%
      0     0     2585.0401    42     2579.2827 UserPurge2: 1     9238    0.22%
      0     0     2585.0251    42     2579.2827 UserPurge2: 1     9258    0.22%
      0     0     2585.0074    42     2579.2827 UserPurge2: 1     9276    0.22%
      0     0     2584.9892    41     2579.2827 UserPurge2: 1     9299    0.22%
      0     0     2584.9857    42     2579.2827 UserPurge2: 1     9312    0.22%
      0     0     2584.9738    42     2579.2827 UserPurge2: 1     9331    0.22%
      0     0     2584.9655    42     2579.2827 UserPurge2: 1     9349    0.22%
      0     0     2584.9617    43     2579.2827 UserPurge2: 1     9362    0.22%
      0     0     2584.9566    44     2579.2827 UserPurge2: 1     9385    0.22%
      0     0     2584.9207    40     2579.2827 UserPurge2: 1     9423    0.22%
      0     0     2584.8882    40     2579.2827 UserPurge2: 1     9442    0.22%
      0     0     2584.8613    41     2579.2827 UserPurge2: 1     9455    0.22%
      0     0     2584.8473    40     2579.2827 UserPurge2: 1     9481    0.22%
      0     0     2584.8388    41     2579.2827 UserPurge2: 1     9494    0.22%
      0     0     2584.8255    40     2579.2827 UserPurge2: 1     9516    0.21%
      0     0     2584.7946    41     2579.2827 UserPurge2: 1     9545    0.21%
      0     0     2584.7555    40     2579.2827 UserPurge2: 1     9572    0.21%
      0     0     2584.7193    40     2579.2827 UserPurge2: 1     9596    0.21%
      0     0     2584.7066    40     2579.2827 UserPurge2: 1     9616    0.21%
      0     0     2584.6757    40     2579.2827 UserPurge2: 1     9633    0.21%
      0     0     2584.6498    40     2579.2827 UserPurge2: 1     9656    0.21%
      0     0     2584.6366    41     2579.2827 UserPurge2: 1     9671    0.21%
      0     0     2584.6239    40     2579.2827 UserPurge2: 1     9688    0.21%
      0     0     2584.5943    41     2579.2827 UserPurge2: 1     9708    0.21%
      0     0     2584.5722    39     2579.2827 UserPurge2: 1     9730    0.21%
      0     0     2584.5596    39     2579.2827 UserPurge2: 1     9742    0.20%
      0     0     2584.5543    40     2579.2827 UserPurge2: 1     9758    0.20%
      0     0     2584.5246    41     2579.2827 UserPurge2: 1     9779    0.20%
      0     0     2584.5082    42     2579.2827 UserPurge2: 1     9803    0.20%
      0     0     2584.4852    40     2579.2827 UserPurge2: 1     9830    0.20%
      0     0     2584.4488    39     2579.2827 UserPurge2: 1     9859    0.20%
      0     0     2584.4366    39     2579.2827 UserPurge2: 1     9874    0.20%
      0     0     2584.4212    39     2579.2827 UserPurge2: 1     9900    0.20%
      0     0     2584.4156    40     2579.2827 UserPurge2: 1     9914    0.20%
      0     0     2584.4076    41     2579.2827 UserPurge2: 1     9923    0.20%
      0     0     2584.3830    41     2579.2827 UserPurge2: 1     9940    0.20%
      0     0     2584.3614    41     2579.2827 UserPurge2: 1     9966    0.20%
      0     0     2584.3164    39     2579.2827 UserPurge2: 1     9998    0.20%
      0     0     2584.2951    39     2579.2827 UserPurge2: 1    10019    0.19%
      0     0     2584.2855    38     2579.2827 UserPurge2: 1    10030    0.19%
      0     0     2584.2820    38     2579.2827 UserPurge2: 1    10039    0.19%
      0     0     2584.2597    37     2579.2827 UserPurge2: 1    10068    0.19%
      0     0     2584.2565    38     2579.2827 UserPurge2: 1    10078    0.19%
      0     0     2584.2503    39     2579.2827 UserPurge2: 1    10091    0.19%
*     0+    0                         2579.7164     2584.2503             0.18%
      0     0     2584.2473    40     2579.7164 UserPurge2: 1    10102    0.18%
      0     0     2584.2238    39     2579.7164 UserPurge2: 1    10123    0.17%
      0     0     2584.2154    39     2579.7164 UserPurge2: 1    10145    0.17%
      0     0     2584.1675    36     2579.7164 UserPurge2: 1    10167    0.17%
      0     0     2584.1166    36     2579.7164 UserPurge2: 1    10188    0.17%
      0     0     2584.1057    34     2579.7164 UserPurge2: 1    10199    0.17%
      0     0     2584.0709    34     2579.7164 UserPurge2: 1    10211    0.17%
      0     0     2584.0652    34     2579.7164 UserPurge2: 1    10217    0.17%
      0     0     2584.0588    35     2579.7164 UserPurge2: 1    10226    0.17%
      0     0     2584.0544    36     2579.7164 UserPurge2: 1    10235    0.17%
      0     0     2584.0490    36     2579.7164 UserPurge2: 1    10249    0.17%
      0     0     2584.0474    37     2579.7164 UserPurge2: 1    10256    0.17%
      0     0     2584.0431    38     2579.7164 UserPurge2: 1    10266    0.17%
      0     0     2584.0375    37     2579.7164 UserPurge2: 1    10278    0.17%
      0     0     2584.0325    38     2579.7164 UserPurge2: 1    10290    0.17%
      0     0     2584.0281    38     2579.7164 UserPurge2: 1    10300    0.17%
      0     0     2584.0217    38     2579.7164 UserPurge2: 1    10310    0.17%
      0     0     2584.0196    39     2579.7164 UserPurge2: 1    10317    0.17%
      0     0     2584.0152    39     2579.7164 UserPurge2: 1    10326    0.17%
      0     0     2584.0119    40     2579.7164 UserPurge2: 1    10335    0.17%
      0     0     2584.0058    41     2579.7164 UserPurge2: 1    10345    0.17%
      0     0     2583.9987    40     2579.7164 UserPurge2: 1    10356    0.17%
      0     0     2583.9864    41     2579.7164 UserPurge2: 1    10371    0.17%
      0     0     2583.9717    39     2579.7164 UserPurge2: 1    10385    0.16%
      0     0     2583.9578    40     2579.7164 UserPurge2: 1    10415    0.16%
      0     0     2583.9557    41     2579.7164 UserPurge2: 1    10424    0.16%
      0     0     2583.9513    42     2579.7164 UserPurge2: 1    10437    0.16%
      0     0     2583.9328    43     2579.7164 UserPurge2: 1    10454    0.16%
      0     0     2583.9241    43     2579.7164 UserPurge2: 1    10472    0.16%
      0     0     2583.9029    42     2579.7164 UserPurge2: 1    10490    0.16%
      0     0     2583.8910    42     2579.7164 UserPurge2: 1    10503    0.16%
      0     0     2583.8801    42     2579.7164 UserPurge2: 1    10516    0.16%
      0     0     2583.8670    42     2579.7164 UserPurge2: 1    10528    0.16%
      0     0     2583.8611    43     2579.7164 UserPurge2: 1    10539    0.16%
      0     0     2583.8418    41     2579.7164 UserPurge2: 1    10564    0.16%
      0     0     2583.8050    39     2579.7164 UserPurge2: 1    10584    0.16%
      0     0     2583.7994    40     2579.7164 UserPurge2: 1    10599    0.16%
      0     0     2583.7848    40     2579.7164 UserPurge2: 1    10608    0.16%
      0     0     2583.7642    40     2579.7164 UserPurge2: 1    10618    0.16%
      0     0     2583.7534    38     2579.7164 UserPurge2: 1    10638    0.16%
      0     0     2583.7502    39     2579.7164 UserPurge2: 1    10646    0.16%
      0     0     2583.7398    40     2579.7164 UserPurge2: 1    10663    0.16%
      0     0     2583.7302    41     2579.7164 UserPurge2: 1    10677    0.16%
      0     0     2583.7251    41     2579.7164 UserPurge2: 1    10696    0.16%
      0     0     2583.7017    40     2579.7164 UserPurge2: 1    10719    0.15%
      0     0     2583.6828    40     2579.7164 UserPurge2: 1    10734    0.15%
      0     0     2583.6748    39     2579.7164 UserPurge2: 1    10750    0.15%
      0     0     2583.6696    40     2579.7164 UserPurge2: 1    10759    0.15%
      0     0     2583.6523    38     2579.7164 UserPurge2: 1    10782    0.15%
      0     0     2583.6478    39     2579.7164 UserPurge2: 1    10791    0.15%
      0     0     2583.6396    40     2579.7164 UserPurge2: 1    10805    0.15%
      0     0     2583.6360    40     2579.7164 UserPurge2: 1    10817    0.15%
      0     0     2583.6317    40     2579.7164 UserPurge2: 1    10832    0.15%
      0     0     2583.6232    41     2579.7164 UserPurge2: 1    10859    0.15%
      0     0     2583.6199    41     2579.7164 UserPurge2: 1    10881    0.15%
      0     0     2583.6167    42     2579.7164 UserPurge2: 1    10889    0.15%
      0     0     2583.6116    43     2579.7164 UserPurge2: 1    10905    0.15%
      0     0     2583.6023    43     2579.7164 UserPurge2: 1    10920    0.15%
      0     0     2583.5855    42     2579.7164 UserPurge2: 1    10950    0.15%
      0     0     2583.5601    42     2579.7164 UserPurge2: 1    10970    0.15%
      0     0     2583.5560    42     2579.7164 UserPurge2: 1    10987    0.15%
      0     0     2583.5465    42     2579.7164 UserPurge2: 1    11013    0.15%
      0     0     2583.5412    42     2579.7164 UserPurge2: 1    11034    0.15%
      0     0     2583.5347    42     2579.7164 UserPurge2: 1    11050    0.15%
      0     0     2583.5201    42     2579.7164 UserPurge2: 1    11070    0.15%
      0     0     2583.5158    43     2579.7164 UserPurge2: 1    11080    0.15%
      0     0     2583.5040    44     2579.7164 UserPurge2: 1    11099    0.15%
      0     0     2583.4867    43     2579.7164 UserPurge2: 1    11125    0.15%
      0     0     2583.4696    42     2579.7164 UserPurge2: 1    11143    0.15%
      0     0     2583.4548    41     2579.7164 UserPurge2: 1    11157    0.14%
      0     0     2583.4492    40     2579.7164 UserPurge2: 1    11168    0.14%
      0     0     2583.4460    41     2579.7164 UserPurge2: 1    11177    0.14%
      0     0     2583.4376    41     2579.7164 UserPurge2: 1    11192    0.14%
      0     0     2583.4272    41     2579.7164 UserPurge2: 1    11206    0.14%
      0     0     2583.4189    42     2579.7164 UserPurge2: 1    11219    0.14%
      0     0     2583.4128    43     2579.7164 UserPurge2: 1    11232    0.14%
      0     0     2583.4059    44     2579.7164 UserPurge2: 1    11251    0.14%
      0     0     2583.3890    45     2579.7164 UserPurge2: 1    11276    0.14%
      0     0     2583.3768    45     2579.7164 UserPurge2: 1    11295    0.14%
      0     0     2583.3642    44     2579.7164 UserPurge2: 1    11312    0.14%
      0     0     2583.3504    44     2579.7164 UserPurge2: 1    11327    0.14%
      0     0     2583.3396    43     2579.7164 UserPurge2: 1    11342    0.14%
      0     0     2583.3322    44     2579.7164 UserPurge2: 1    11355    0.14%
      0     0     2583.3249    43     2579.7164 UserPurge2: 1    11367    0.14%
      0     0     2583.3174    43     2579.7164 UserPurge2: 1    11378    0.14%
      0     0     2583.3087    41     2579.7164 UserPurge2: 1    11394    0.14%
      0     0     2583.3054    42     2579.7164 UserPurge2: 1    11405    0.14%
      0     0     2583.3030    43     2579.7164 UserPurge2: 1    11421    0.14%
      0     0     2583.2960    43     2579.7164 UserPurge2: 1    11436    0.14%
      0     0     2583.2915    43     2579.7164 UserPurge2: 1    11453    0.14%
      0     0     2583.2898    44     2579.7164 UserPurge2: 1    11461    0.14%
      0     0     2583.2862    45     2579.7164 UserPurge2: 1    11477    0.14%
      0     0     2583.2814    45     2579.7164 UserPurge2: 1    11494    0.14%
      0     0     2583.2779    45     2579.7164 UserPurge2: 1    11509    0.14%
      0     0     2583.2731    46     2579.7164 UserPurge2: 1    11520    0.14%
      0     0     2583.2597    43     2579.7164 UserPurge2: 1    11539    0.14%
      0     0     2583.2470    43     2579.7164 UserPurge2: 1    11562    0.14%
      0     0     2583.2368    44     2579.7164 UserPurge2: 1    11577    0.14%
      0     0     2583.2265    44     2579.7164 UserPurge2: 1    11596    0.14%
      0     0     2583.2202    45     2579.7164 UserPurge2: 1    11605    0.14%
      0     0     2583.2116    45     2579.7164 UserPurge2: 1    11622    0.14%
      0     0     2583.2030    46     2579.7164 UserPurge2: 1    11643    0.14%
      0     0     2583.1743    45     2579.7164 UserPurge2: 1    11674    0.13%
      0     0     2583.1576    46     2579.7164 UserPurge2: 1    11697    0.13%
      0     0     2583.1420    46     2579.7164 UserPurge2: 1    11724    0.13%
      0     0     2583.1324    44     2579.7164 UserPurge2: 1    11743    0.13%
      0     0     2583.1157    43     2579.7164 UserPurge2: 1    11770    0.13%
      0     0     2583.1062    42     2579.7164 UserPurge2: 1    11781    0.13%
      0     0     2583.1016    42     2579.7164 UserPurge2: 1    11793    0.13%
      0     0     2583.0955    42     2579.7164 UserPurge2: 1    11806    0.13%
      0     0     2583.0907    42     2579.7164 UserPurge2: 1    11820    0.13%
      0     0     2583.0888    43     2579.7164 UserPurge2: 1    11824    0.13%
      0     0     2583.0880    44     2579.7164 UserPurge2: 1    11827    0.13%
      0     0     2583.0532    40     2579.7164 UserPurge2: 1    11846    0.13%
      0     0     2583.0373    38     2579.7164 UserPurge2: 1    11862    0.13%
      0     0     2583.0296    37     2579.7164 UserPurge2: 1    11876    0.13%
      0     0     2583.0178    38     2579.7164 UserPurge2: 1    11886    0.13%
      0     0     2583.0026    39     2579.7164 UserPurge2: 1    11905    0.13%
      0     0     2582.9984    39     2579.7164 UserPurge2: 1    11917    0.13%
      0     0     2582.9957    40     2579.7164 UserPurge2: 1    11923    0.13%
      0     0     2582.9935    40     2579.7164 UserPurge2: 1    11931    0.13%
      0     0     2582.9861    41     2579.7164 UserPurge2: 1    11949    0.13%
      0     0     2582.9730    39     2579.7164 UserPurge2: 1    11969    0.13%
      0     0     2582.9620    39     2579.7164 UserPurge2: 1    11984    0.13%
      0     0     2582.9511    38     2579.7164 UserPurge2: 1    12001    0.13%
      0     0     2582.9263    38     2579.7164 UserPurge2: 1    12019    0.12%
      0     0     2582.9147    37     2579.7164 UserPurge2: 1    12037    0.12%
      0     0     2582.9018    36     2579.7164 UserPurge2: 1    12055    0.12%
      0     0     2582.8979    37     2579.7164 UserPurge2: 1    12064    0.12%
      0     0     2582.8952    37     2579.7164 UserPurge2: 1    12078    0.12%
      0     0     2582.8924    38     2579.7164 UserPurge2: 1    12090    0.12%
      0     0     2582.8906    39     2579.7164 UserPurge2: 1    12100    0.12%
      0     0     2582.8896    39     2579.7164 UserPurge2: 1    12109    0.12%
      0     0     2582.8884    40     2579.7164 UserPurge2: 1    12118    0.12%
      0     0     2582.8830    39     2579.7164 UserPurge2: 1    12132    0.12%
      0     0     2582.8805    40     2579.7164 UserPurge2: 1    12148    0.12%
      0     0     2582.8710    39     2579.7164 UserPurge2: 1    12176    0.12%
      0     0     2582.8675    39     2579.7164 UserPurge2: 1    12190    0.12%
      0     0     2582.8607    39     2579.7164 UserPurge2: 1    12211    0.12%
      0     0     2582.8598    40     2579.7164 UserPurge2: 1    12217    0.12%
      0     0     2582.8549    38     2579.7164 UserPurge2: 1    12226    0.12%
      0     0     2582.8520    38     2579.7164 UserPurge2: 1    12239    0.12%
      0     0     2582.8473    39     2579.7164 UserPurge2: 1    12252    0.12%
      0     0     2582.8468    39     2579.7164 UserPurge2: 1    12260    0.12%
      0     0     2582.8455    39     2579.7164 UserPurge2: 1    12271    0.12%
      0     0     2582.8454    40     2579.7164 UserPurge2: 1    12276    0.12%
      0     0     2582.8448    41     2579.7164 UserPurge2: 1    12283    0.12%
      0     0     2582.8443    42     2579.7164 UserPurge2: 1    12290    0.12%
*     0+    0                         2581.2198     2582.8443             0.06%
      0     2     2582.8443    42     2581.2198     2582.8441    12290    0.06%
Elapsed time = 33.21 sec. (4246.56 ticks, tree = 0.01 MB, solutions = 5)
      1     1        cutoff           2581.2198     2582.8432    18282    0.06%
      2     0        cutoff           2581.2198     2581.2198    19892    0.00%

User cuts applied:  551

Root node processing (before b&c):
  Real time             =   33.21 sec. (4247.11 ticks)
Sequential b&c:
  Real time             =    8.80 sec. (1458.31 ticks)
                          ------------
Total (root+branch&cut) =   42.01 sec. (5705.42 ticks)
@Parameters: 
is_S_cut                                true
is_add_all_yinF                         true
is_start_value                          true
is_usercut                              true
is_visualization                        false
uc_only_rootnode                        false

data                                    Qi
fn                                      data/Qi/instance_800_500.csv
mode                                    NewSubmodular
solver                                  cplex

p                                       10
r                                       5

EPS                                     1.0e-06
EPS_vio                                 1.0e-04
beta                                    0.10
gap                                     0.00
nodelimit                               Inf
timelimit                               7200.00


@PrintInfos
ItCnt: 19892
Current gap: 0.00 %
Termination Status: OPTIMAL
Primal Status: FEASIBLE_POINT
Solve Time: 42.01 sec
Objective Value: 2581.219840
Number of Nodes:      3

CutInfo: [phase] num / time (sec) 
ZLP             [phase1]     0 / 0.00 [rLC]     0 / 0.00 [rUC]     0 / 0.00 [sLC]     0 / 0.00 [sUC]     0 / 0.00 
OldSubmodular   [phase1]     0 / 0.00 [rLC]     0 / 0.00 [rUC]     0 / 0.00 [sLC]     0 / 0.00 [sUC]     0 / 0.00 
NewSubmodular   [phase1]     0 / 0.00 [rLC]   106 / 9.98 [rUC]  1138 / 17.74 [sLC]     0 / 0.00 [sUC]   509 / 7.61 
PMP             [phase1]     0 / 0.00 [rLC]     7 / 7.26 [rUC]     0 / 0.00 [sLC]     0 / 0.00 [sUC]     0 / 0.00 
Separation Round: [phase1] 0  [rLC] 102  [rUC] 669  [sLC] 0  [sUC] 266
Root Best Bound 2581.219840
Root Best Integer: 2581.219840
Best Bound: 2581.219840
Best Integer: 2581.219840

