Version identifier: 20.1.0.0 | 2020-11-10 | 9bedb6d68
CPXPARAM_Threads                                 1
CPXPARAM_TimeLimit                               7200
CPXPARAM_MIP_Tolerances_MIPGap                   0
Generic callback                                 0x60
1 of 1 MIP starts provided solutions.
MIP start 'm1' defined initial solution with objective 1034.5228.
Tried aggregator 1 time.
Reduced MIP has 1 rows, 501 columns, and 500 nonzeros.
Reduced MIP has 500 binaries, 0 generals, 0 SOSs, and 0 indicators.
Presolve time = 0.00 sec. (0.15 ticks)
Probing time = 0.00 sec. (0.05 ticks)
Tried aggregator 1 time.
Reduced MIP has 1 rows, 501 columns, and 500 nonzeros.
Reduced MIP has 500 binaries, 0 generals, 0 SOSs, and 0 indicators.
Presolve time = 0.00 sec. (0.15 ticks)
Probing time = 0.00 sec. (0.05 ticks)
MIP emphasis: balance optimality and feasibility.
MIP search method: dynamic search.
Parallel mode: none, using 1 thread.
Root relaxation solution time = 0.00 sec. (0.10 ticks)

        Nodes                                         Cuts/
   Node  Left     Objective  IInf  Best Integer    Best Bound    ItCnt     Gap

*     0+    0                         1034.5228     2716.0000           162.54%
      0     0     1491.9513     2     1034.5228     2716.0000        0  162.54%
      0     0     1322.3576     3     1034.5228 UserPurge2: 1        4   27.82%
      0     0     1241.1255     4     1034.5228 UserPurge2: 1       14   19.97%
      0     0     1223.1765     6     1034.5228 UserPurge2: 1       31   18.24%
      0     0     1185.3354     7     1034.5228 UserPurge2: 1       47   14.58%
      0     0     1157.3000     8     1034.5228 UserPurge2: 1       59   11.87%
      0     0     1149.9338    10     1034.5228 UserPurge2: 1       86   11.16%
      0     0     1141.4848    11     1034.5228 UserPurge2: 1      103   10.34%
      0     0     1133.8570    12     1034.5228 UserPurge2: 1      130    9.60%
      0     0     1130.1860    13     1034.5228 UserPurge1: 1      138    9.25%
      0     0     1123.7574    12     1034.5228 UserPurge2: 1      159    8.63%
      0     0     1119.9859    14     1034.5228 UserPurge2: 1      181    8.26%
      0     0     1115.9397    14     1034.5228 UserPurge2: 1      209    7.87%
      0     0     1105.6360    12     1034.5228 UserPurge2: 1      246    6.87%
      0     0     1104.5140    15     1034.5228 UserPurge1: 2      250    6.77%
      0     0     1103.1340    15     1034.5228 UserPurge1: 1      255    6.63%
      0     0     1101.7215    13     1034.5228 UserPurge2: 1      272    6.50%
      0     0     1099.9547    17     1034.5228 UserPurge1: 3      286    6.32%
      0     0     1097.9198    14     1034.5228 UserPurge2: 1      303    6.13%
      0     0     1095.5540    16     1034.5228 UserPurge2: 1      313    5.90%
      0     0     1093.8273    16     1034.5228 UserPurge2: 1      338    5.73%
      0     0     1092.2625    17     1034.5228 UserPurge2: 1      356    5.58%
      0     0     1091.7690    16     1034.5228 UserPurge1: 2      374    5.53%
      0     0     1088.8929    14     1034.5228 UserPurge2: 1      414    5.26%
      0     0     1088.8669    14     1034.5228 UserPurge1: 1      417    5.25%
      0     0     1086.5490    14     1034.5228 UserPurge2: 1      444    5.03%
      0     0     1084.2817    14     1034.5228 UserPurge2: 1      473    4.81%
      0     0     1082.1809    14     1034.5228 UserPurge2: 1      499    4.61%
      0     0     1081.4623    14     1034.5228 UserPurge2: 1      513    4.54%
      0     0     1081.0293    15     1034.5228 UserPurge2: 1      528    4.50%
      0     0     1079.8297    16     1034.5228 UserPurge2: 1      547    4.38%
      0     0     1078.2079    15     1034.5228 UserPurge2: 1      577    4.22%
      0     0     1077.4317    15     1034.5228 UserPurge2: 1      594    4.15%
      0     0     1076.1996    15     1034.5228 UserPurge2: 1      609    4.03%
      0     0     1075.2698    16     1034.5228 UserPurge2: 1      620    3.94%
      0     0     1074.9003    16     1034.5228 UserPurge2: 1      635    3.90%
      0     0     1074.3597    15     1034.5228 UserPurge2: 1      656    3.85%
      0     0     1073.8286    16     1034.5228 UserPurge2: 1      683    3.80%
      0     0     1071.5725    16     1034.5228 UserPurge2: 1      717    3.58%
      0     0     1070.4285    16     1034.5228 UserPurge2: 1      734    3.47%
      0     0     1069.7161    15     1034.5228 UserPurge2: 1      751    3.40%
      0     0     1069.5714    17     1034.5228 UserPurge2: 1      755    3.39%
      0     0     1068.6524    15     1034.5228 UserPurge2: 1      769    3.30%
      0     0     1068.0248    15     1034.5228 UserPurge2: 1      784    3.24%
      0     0     1067.4242    17     1034.5228 UserPurge2: 1      802    3.18%
      0     0     1067.2632    18     1034.5228 UserPurge2: 1      813    3.16%
      0     0     1066.9331    19     1034.5228 UserPurge2: 1      833    3.13%
      0     0     1066.4726    18     1034.5228 UserPurge2: 1      858    3.09%
      0     0     1066.1925    19     1034.5228 UserPurge2: 1      877    3.06%
      0     0     1065.9828    19     1034.5228 UserPurge2: 1      893    3.04%
      0     0     1065.6113    19     1034.5228 UserPurge2: 1      918    3.01%
      0     0     1065.0968    20     1034.5228 UserPurge2: 1      944    2.96%
      0     0     1064.9203    21     1034.5228 UserPurge2: 1      959    2.94%
      0     0     1064.6708    21     1034.5228 UserPurge2: 1      984    2.91%
      0     0     1064.1614    21     1034.5228 UserPurge2: 1     1009    2.86%
      0     0     1062.7843    17     1034.5228 UserPurge2: 1     1050    2.73%
      0     0     1062.0948    17     1034.5228 UserPurge2: 1     1076    2.67%
      0     0     1061.4822    17     1034.5228 UserPurge2: 1     1098    2.61%
      0     0     1061.2965    17     1034.5228 UserPurge2: 1     1115    2.59%
      0     0     1060.8913    18     1034.5228 UserPurge2: 1     1134    2.55%
      0     0     1060.7749    19     1034.5228 UserPurge2: 1     1141    2.54%
      0     0     1060.6875    19     1034.5228 UserPurge2: 1     1158    2.53%
      0     0     1060.4571    19     1034.5228 UserPurge2: 1     1177    2.51%
      0     0     1059.9753    19     1034.5228 UserPurge2: 1     1196    2.46%
      0     0     1059.5648    18     1034.5228 UserPurge2: 1     1214    2.42%
      0     0     1059.2805    19     1034.5228 UserPurge2: 1     1228    2.39%
      0     0     1058.6475    19     1034.5228 UserPurge2: 1     1256    2.33%
      0     0     1057.5451    18     1034.5228 UserPurge2: 1     1282    2.23%
      0     0     1057.1676    17     1034.5228 UserPurge2: 1     1296    2.19%
      0     0     1057.0106    18     1034.5228 UserPurge2: 1     1306    2.17%
      0     0     1056.6271    18     1034.5228 UserPurge2: 1     1325    2.14%
      0     0     1056.4853    19     1034.5228 UserPurge2: 1     1337    2.12%
      0     0     1056.3688    20     1034.5228 UserPurge2: 1     1355    2.11%
      0     0     1056.0646    21     1034.5228 UserPurge2: 1     1374    2.08%
      0     0     1055.7862    21     1034.5228 UserPurge2: 1     1399    2.06%
      0     0     1055.4482    21     1034.5228 UserPurge2: 1     1423    2.02%
      0     0     1055.2820    21     1034.5228 UserPurge2: 1     1433    2.01%
      0     0     1054.9623    20     1034.5228 UserPurge2: 1     1450    1.98%
      0     0     1054.6908    19     1034.5228 UserPurge2: 1     1469    1.95%
      0     0     1054.6329    20     1034.5228 UserPurge2: 1     1474    1.94%
      0     0     1054.5919    21     1034.5228 UserPurge2: 1     1480    1.94%
      0     0     1054.4864    21     1034.5228 UserPurge2: 1     1501    1.93%
      0     0     1054.3723    21     1034.5228 UserPurge2: 1     1517    1.92%
      0     0     1054.3015    22     1034.5228 UserPurge2: 1     1534    1.91%
      0     0     1054.2040    23     1034.5228 UserPurge2: 1     1550    1.90%
      0     0     1054.0547    22     1034.5228 UserPurge2: 1     1570    1.89%
      0     0     1053.9173    22     1034.5228 UserPurge2: 1     1587    1.87%
      0     0     1053.8241    22     1034.5228 UserPurge2: 1     1602    1.87%
      0     0     1053.7076    23     1034.5228 UserPurge2: 1     1617    1.85%
      0     0     1053.6600    23     1034.5228 UserPurge2: 1     1628    1.85%
      0     0     1053.6115    24     1034.5228 UserPurge2: 1     1646    1.85%
      0     0     1053.4840    23     1034.5228 UserPurge2: 1     1675    1.83%
      0     0     1053.4287    24     1034.5228 UserPurge2: 1     1691    1.83%
      0     0     1053.3161    25     1034.5228 UserPurge2: 1     1704    1.82%
      0     0     1053.2788    26     1034.5228 UserPurge2: 1     1712    1.81%
      0     0     1053.1818    26     1034.5228 UserPurge2: 1     1733    1.80%
      0     0     1052.8122    24     1034.5228 UserPurge2: 1     1766    1.77%
      0     0     1052.4075    23     1034.5228 UserPurge2: 1     1797    1.73%
      0     0     1052.1891    23     1034.5228 UserPurge2: 1     1808    1.71%
      0     0     1052.1125    24     1034.5228 UserPurge2: 1     1818    1.70%
      0     0     1051.8607    23     1034.5228 UserPurge2: 1     1842    1.68%
      0     0     1051.5111    23     1034.5228 UserPurge2: 1     1863    1.64%
      0     0     1051.3539    22     1034.5228 UserPurge2: 1     1892    1.63%
      0     0     1051.2754    23     1034.5228 UserPurge2: 1     1911    1.62%
      0     0     1051.1030    24     1034.5228 UserPurge2: 1     1935    1.60%
      0     0     1051.0439    24     1034.5228 UserPurge2: 1     1946    1.60%
      0     0     1050.9266    24     1034.5228 UserPurge2: 1     1957    1.59%
      0     0     1050.6554    24     1034.5228 UserPurge2: 1     1977    1.56%
      0     0     1050.3960    23     1034.5228 UserPurge2: 1     2002    1.53%
      0     0     1050.0379    22     1034.5228 UserPurge2: 1     2028    1.50%
      0     0     1049.9719    23     1034.5228 UserPurge2: 1     2040    1.49%
      0     0     1049.7117    22     1034.5228 UserPurge2: 1     2074    1.47%
      0     0     1049.6528    23     1034.5228 UserPurge2: 1     2083    1.46%
      0     0     1049.5873    24     1034.5228 UserPurge2: 1     2094    1.46%
      0     0     1049.3583    24     1034.5228 UserPurge2: 1     2111    1.43%
      0     0     1049.1681    24     1034.5228 UserPurge2: 1     2125    1.42%
      0     0     1048.9597    24     1034.5228 UserPurge2: 1     2151    1.40%
      0     0     1048.7922    23     1034.5228 UserPurge2: 1     2170    1.38%
      0     0     1048.6714    23     1034.5228 UserPurge2: 1     2192    1.37%
      0     0     1048.6294    24     1034.5228 UserPurge2: 1     2201    1.36%
      0     0     1048.5401    25     1034.5228 UserPurge2: 1     2220    1.35%
      0     0     1048.4169    26     1034.5228 UserPurge2: 1     2245    1.34%
      0     0     1048.1071    26     1034.5228 UserPurge2: 1     2268    1.31%
      0     0     1047.9405    25     1034.5228 UserPurge2: 1     2294    1.30%
      0     0     1047.7376    24     1034.5228 UserPurge2: 1     2318    1.28%
      0     0     1047.6698    25     1034.5228 UserPurge2: 1     2329    1.27%
      0     0     1047.5789    25     1034.5228 UserPurge2: 1     2343    1.26%
      0     0     1047.5032    26     1034.5228 UserPurge2: 1     2352    1.25%
      0     0     1047.3514    26     1034.5228 UserPurge2: 1     2370    1.24%
      0     0     1047.3130    27     1034.5228 UserPurge2: 1     2382    1.24%
      0     0     1047.2063    27     1034.5228 UserPurge2: 1     2402    1.23%
      0     0     1047.0293    27     1034.5228 UserPurge2: 1     2431    1.21%
      0     0     1046.9105    27     1034.5228 UserPurge2: 1     2448    1.20%
      0     0     1046.7214    24     1034.5228 UserPurge2: 1     2467    1.18%
      0     0     1046.4650    23     1034.5228 UserPurge2: 1     2495    1.15%
      0     0     1046.3782    22     1034.5228 UserPurge2: 1     2509    1.15%
      0     0     1046.2875    22     1034.5228 UserPurge2: 1     2532    1.14%
      0     0     1046.2504    23     1034.5228 UserPurge2: 1     2544    1.13%
      0     0     1046.2028    24     1034.5228 UserPurge2: 1     2555    1.13%
      0     0     1046.0827    22     1034.5228 UserPurge2: 1     2579    1.12%
      0     0     1045.9982    23     1034.5228 UserPurge2: 1     2597    1.11%
      0     0     1045.9324    24     1034.5228 UserPurge2: 1     2610    1.10%
      0     0     1045.9098    25     1034.5228 UserPurge2: 1     2621    1.10%
      0     0     1045.8157    24     1034.5228 UserPurge2: 1     2653    1.09%
      0     0     1045.7193    25     1034.5228 UserPurge2: 1     2670    1.08%
      0     0     1045.6818    25     1034.5228 UserPurge2: 1     2683    1.08%
      0     0     1045.6484    25     1034.5228 UserPurge2: 1     2694    1.08%
      0     0     1045.4692    24     1034.5228 UserPurge2: 1     2710    1.06%
      0     0     1045.3694    25     1034.5228 UserPurge2: 1     2724    1.05%
      0     0     1045.3220    25     1034.5228 UserPurge2: 1     2734    1.04%
      0     0     1045.2844    25     1034.5228 UserPurge2: 1     2749    1.04%
      0     0     1045.2267    25     1034.5228 UserPurge2: 1     2765    1.03%
      0     0     1045.2046    26     1034.5228 UserPurge2: 1     2784    1.03%
      0     0     1045.1695    27     1034.5228 UserPurge2: 1     2795    1.03%
      0     0     1045.1524    28     1034.5228 UserPurge2: 1     2806    1.03%
      0     0     1045.0868    29     1034.5228 UserPurge2: 1     2824    1.02%
      0     0     1045.0135    30     1034.5228 UserPurge2: 1     2857    1.01%
      0     0     1044.7747    28     1034.5228 UserPurge2: 1     2901    0.99%
      0     0     1044.7110    28     1034.5228 UserPurge2: 1     2915    0.98%
      0     0     1044.6610    27     1034.5228 UserPurge2: 1     2935    0.98%
      0     0     1044.6100    27     1034.5228 UserPurge2: 1     2949    0.98%
      0     0     1044.5698    27     1034.5228 UserPurge2: 1     2967    0.97%
      0     0     1044.5535    27     1034.5228 UserPurge2: 1     2979    0.97%
      0     0     1044.4979    27     1034.5228 UserPurge2: 1     2999    0.96%
      0     0     1044.4288    27     1034.5228 UserPurge2: 1     3015    0.96%
      0     0     1044.3534    26     1034.5228 UserPurge2: 1     3036    0.95%
      0     0     1044.3365    27     1034.5228 UserPurge2: 1     3045    0.95%
      0     0     1044.2636    27     1034.5228 UserPurge2: 1     3071    0.94%
      0     0     1044.2270    26     1034.5228 UserPurge2: 1     3093    0.94%
      0     0     1044.1874    27     1034.5228 UserPurge2: 1     3106    0.93%
      0     0     1044.1528    28     1034.5228 UserPurge2: 1     3119    0.93%
      0     0     1044.1410    29     1034.5228 UserPurge2: 1     3129    0.93%
      0     0     1044.0996    30     1034.5228 UserPurge2: 1     3153    0.93%
      0     0     1044.0102    29     1034.5228 UserPurge2: 1     3170    0.92%
      0     0     1043.9434    29     1034.5228 UserPurge2: 1     3193    0.91%
      0     0     1043.8742    28     1034.5228 UserPurge2: 1     3215    0.90%
      0     0     1043.8573    28     1034.5228 UserPurge2: 1     3229    0.90%
      0     0     1043.8298    28     1034.5228 UserPurge2: 1     3243    0.90%
      0     0     1043.7729    29     1034.5228 UserPurge2: 1     3257    0.89%
      0     0     1043.6766    30     1034.5228 UserPurge2: 1     3278    0.88%
      0     0     1043.6315    30     1034.5228 UserPurge2: 1     3291    0.88%
      0     0     1043.5749    31     1034.5228 UserPurge2: 1     3324    0.88%
      0     0     1043.5227    31     1034.5228 UserPurge2: 1     3344    0.87%
      0     0     1043.3606    29     1034.5228 UserPurge2: 1     3379    0.85%
      0     0     1043.2855    29     1034.5228 UserPurge2: 1     3395    0.85%
      0     0     1043.2196    29     1034.5228 UserPurge2: 1     3419    0.84%
      0     0     1043.1352    30     1034.5228 UserPurge2: 1     3438    0.83%
      0     0     1043.0796    30     1034.5228 UserPurge2: 1     3456    0.83%
      0     0     1042.9880    30     1034.5228 UserPurge2: 1     3477    0.82%
      0     0     1042.9016    29     1034.5228 UserPurge2: 1     3490    0.81%
      0     0     1042.7583    28     1034.5228 UserPurge2: 1     3515    0.80%
      0     0     1042.6197    28     1034.5228 UserPurge2: 1     3539    0.78%
      0     0     1042.5331    27     1034.5228 UserPurge2: 1     3566    0.77%
      0     0     1042.4929    27     1034.5228 UserPurge2: 1     3583    0.77%
      0     0     1042.4339    27     1034.5228 UserPurge2: 1     3598    0.76%
      0     0     1042.4190    28     1034.5228 UserPurge2: 1     3604    0.76%
      0     0     1042.3142    29     1034.5228 UserPurge2: 1     3634    0.75%
      0     0     1042.2421    28     1034.5228 UserPurge2: 1     3652    0.75%
      0     0     1042.1863    27     1034.5228 UserPurge2: 1     3679    0.74%
      0     0     1042.1032    26     1034.5228 UserPurge2: 1     3697    0.73%
      0     0     1042.0928    27     1034.5228 UserPurge2: 1     3706    0.73%
      0     0     1042.0866    28     1034.5228 UserPurge2: 1     3715    0.73%
      0     0     1042.0722    29     1034.5228 UserPurge2: 1     3725    0.73%
      0     0     1042.0508    30     1034.5228 UserPurge2: 1     3736    0.73%
      0     0     1042.0446    30     1034.5228 UserPurge2: 1     3745    0.73%
      0     0     1042.0386    31     1034.5228 UserPurge2: 1     3754    0.73%
      0     0     1041.9839    30     1034.5228 UserPurge2: 1     3786    0.72%
      0     0     1041.8772    28     1034.5228 UserPurge2: 1     3818    0.71%
      0     0     1041.8371    28     1034.5228 UserPurge2: 1     3839    0.71%
      0     0     1041.8126    29     1034.5228 UserPurge2: 1     3854    0.70%
      0     0     1041.8008    30     1034.5228 UserPurge2: 1     3863    0.70%
      0     0     1041.7849    31     1034.5228 UserPurge2: 1     3877    0.70%
      0     0     1041.7732    32     1034.5228 UserPurge2: 1     3893    0.70%
      0     0     1041.7457    32     1034.5228 UserPurge2: 1     3916    0.70%
      0     0     1041.7334    33     1034.5228 UserPurge2: 1     3931    0.70%
      0     0     1041.6612    33     1034.5228 UserPurge2: 1     3960    0.69%
      0     0     1041.6231    32     1034.5228 UserPurge2: 1     3979    0.69%
      0     0     1041.5741    32     1034.5228 UserPurge2: 1     3998    0.68%
      0     0     1041.4224    31     1034.5228 UserPurge2: 1     4032    0.67%
      0     0     1041.3406    30     1034.5228 UserPurge2: 1     4059    0.66%
      0     0     1041.3045    30     1034.5228 UserPurge2: 1     4075    0.66%
      0     0     1041.2820    31     1034.5228 UserPurge2: 1     4084    0.65%
      0     0     1041.2431    30     1034.5228 UserPurge2: 1     4098    0.65%
      0     0     1041.2207    29     1034.5228 UserPurge2: 1     4114    0.65%
      0     0     1041.2004    29     1034.5228 UserPurge2: 1     4123    0.65%
      0     0     1041.1916    29     1034.5228 UserPurge2: 1     4133    0.64%
      0     0     1041.1419    29     1034.5228 UserPurge2: 1     4161    0.64%
      0     0     1041.0979    30     1034.5228 UserPurge2: 1     4177    0.64%
      0     0     1041.0598    30     1034.5228 UserPurge2: 1     4186    0.63%
      0     0     1041.0284    30     1034.5228 UserPurge2: 1     4206    0.63%
      0     0     1040.9929    29     1034.5228 UserPurge2: 1     4224    0.63%
      0     0     1040.9448    28     1034.5228 UserPurge2: 1     4241    0.62%
      0     0     1040.9289    27     1034.5228 UserPurge2: 1     4260    0.62%
      0     0     1040.9093    29     1034.5228 UserPurge2: 1     4279    0.62%
      0     0     1040.8864    30     1034.5228 UserPurge2: 1     4297    0.62%
      0     0     1040.8650    30     1034.5228 UserPurge2: 1     4327    0.61%
      0     0     1040.8407    31     1034.5228 UserPurge2: 1     4339    0.61%
      0     0     1040.7921    30     1034.5228 UserPurge2: 1     4353    0.61%
      0     0     1040.7324    30     1034.5228 UserPurge2: 1     4370    0.60%
      0     0     1040.6621    29     1034.5228 UserPurge2: 1     4388    0.59%
      0     0     1040.6104    29     1034.5228 UserPurge2: 1     4411    0.59%
      0     0     1040.5808    29     1034.5228 UserPurge2: 1     4428    0.59%
      0     0     1040.5581    30     1034.5228 UserPurge2: 1     4445    0.58%
      0     0     1040.5407    31     1034.5228 UserPurge2: 1     4465    0.58%
      0     0     1040.5079    32     1034.5228 UserPurge2: 1     4491    0.58%
      0     0     1040.4953    32     1034.5228 UserPurge2: 1     4505    0.58%
      0     0     1040.4866    33     1034.5228 UserPurge2: 1     4515    0.58%
      0     0     1040.4666    32     1034.5228 UserPurge2: 1     4535    0.57%
      0     0     1040.4463    30     1034.5228 UserPurge2: 1     4554    0.57%
      0     0     1040.4324    31     1034.5228 UserPurge2: 1     4559    0.57%
      0     0     1040.4176    31     1034.5228 UserPurge2: 1     4574    0.57%
      0     0     1040.3935    31     1034.5228 UserPurge2: 1     4591    0.57%
      0     0     1040.3530    32     1034.5228 UserPurge2: 1     4610    0.56%
      0     0     1040.3271    33     1034.5228 UserPurge2: 1     4622    0.56%
      0     0     1040.3197    33     1034.5228 UserPurge2: 1     4634    0.56%
      0     0     1040.3142    34     1034.5228 UserPurge2: 1     4649    0.56%
      0     0     1040.3067    35     1034.5228 UserPurge2: 1     4659    0.56%
      0     0     1040.2768    35     1034.5228 UserPurge2: 1     4681    0.56%
      0     0     1040.2547    35     1034.5228 UserPurge2: 1     4698    0.55%
      0     0     1040.2318    36     1034.5228 UserPurge2: 1     4718    0.55%
      0     0     1040.2031    36     1034.5228 UserPurge2: 1     4734    0.55%
      0     0     1040.1698    36     1034.5228 UserPurge2: 1     4749    0.55%
      0     0     1040.1029    33     1034.5228 UserPurge2: 1     4777    0.54%
      0     0     1040.0750    34     1034.5228 UserPurge2: 1     4792    0.54%
      0     0     1040.0607    34     1034.5228 UserPurge2: 1     4808    0.54%
      0     0     1040.0453    33     1034.5228 UserPurge2: 1     4821    0.53%
      0     0     1040.0354    34     1034.5228 UserPurge2: 1     4835    0.53%
      0     0     1040.0244    34     1034.5228 UserPurge2: 1     4851    0.53%
      0     0     1039.9964    34     1034.5228 UserPurge2: 1     4872    0.53%
      0     0     1039.9829    34     1034.5228 UserPurge2: 1     4888    0.53%
      0     0     1039.9711    34     1034.5228 UserPurge2: 1     4898    0.53%
      0     0     1039.9648    34     1034.5228 UserPurge2: 1     4906    0.53%
      0     0     1039.9561    35     1034.5228 UserPurge2: 1     4922    0.53%
      0     0     1039.9375    33     1034.5228 UserPurge2: 1     4941    0.52%
      0     0     1039.9273    33     1034.5228 UserPurge2: 1     4957    0.52%
      0     0     1039.9256    34     1034.5228 UserPurge2: 1     4966    0.52%
      0     0     1039.9131    34     1034.5228 UserPurge2: 1     4989    0.52%
      0     0     1039.8949    34     1034.5228 UserPurge2: 1     5006    0.52%
      0     0     1039.8806    34     1034.5228 UserPurge2: 1     5032    0.52%
*     0+    0                         1034.7292     1039.8806             0.50%
      0     0     1039.8690    35     1034.7292 UserPurge2: 1     5047    0.50%
      0     0     1039.8470    35     1034.7292 UserPurge2: 1     5066    0.49%
      0     0     1039.8152    35     1034.7292 UserPurge2: 1     5103    0.49%
*     0+    0                         1035.1546     1039.8152             0.45%
      0     0     1039.7823    35     1035.1546 UserPurge2: 1     5125    0.45%
      0     0     1039.7361    34     1035.1546 UserPurge2: 1     5149    0.44%
      0     0     1039.7268    34     1035.1546 UserPurge2: 1     5158    0.44%
      0     0     1039.7215    35     1035.1546 UserPurge2: 1     5168    0.44%
      0     0     1039.7168    35     1035.1546 UserPurge2: 1     5184    0.44%
      0     0     1039.7120    36     1035.1546 UserPurge2: 1     5192    0.44%
      0     0     1039.6993    36     1035.1546 UserPurge2: 1     5211    0.44%
      0     0     1039.6863    37     1035.1546 UserPurge2: 1     5225    0.44%
      0     0     1039.6669    37     1035.1546 UserPurge2: 1     5239    0.44%
      0     0     1039.6425    36     1035.1546 UserPurge2: 1     5259    0.43%
      0     0     1039.6143    36     1035.1546 UserPurge2: 1     5278    0.43%
      0     0     1039.5902    36     1035.1546 UserPurge2: 1     5298    0.43%
      0     0     1039.5366    34     1035.1546 UserPurge2: 1     5327    0.42%
      0     0     1039.5012    34     1035.1546 UserPurge2: 1     5344    0.42%
      0     0     1039.4634    33     1035.1546 UserPurge2: 1     5366    0.42%
      0     0     1039.4513    34     1035.1546 UserPurge2: 1     5381    0.42%
      0     0     1039.4462    34     1035.1546 UserPurge2: 1     5391    0.41%
      0     0     1039.4370    35     1035.1546 UserPurge2: 1     5401    0.41%
      0     0     1039.4288    36     1035.1546 UserPurge2: 1     5412    0.41%
      0     0     1039.4017    37     1035.1546 UserPurge2: 1     5432    0.41%
      0     0     1039.3249    34     1035.1546 UserPurge2: 1     5467    0.40%
      0     0     1039.2654    32     1035.1546 UserPurge2: 1     5490    0.40%
      0     0     1039.1928    31     1035.1546 UserPurge2: 1     5510    0.39%
      0     0     1039.1688    31     1035.1546 UserPurge2: 1     5530    0.39%
      0     0     1039.1584    32     1035.1546 UserPurge2: 1     5539    0.39%
      0     0     1039.1564    33     1035.1546 UserPurge2: 1     5544    0.39%
      0     0     1039.1392    34     1035.1546 UserPurge2: 1     5563    0.38%
      0     0     1039.1303    34     1035.1546 UserPurge2: 1     5575    0.38%
      0     0     1039.1213    35     1035.1546 UserPurge2: 1     5590    0.38%
      0     0     1039.1130    36     1035.1546 UserPurge2: 1     5605    0.38%
      0     0     1039.0983    36     1035.1546 UserPurge2: 1     5630    0.38%
      0     0     1039.0811    34     1035.1546 UserPurge2: 1     5646    0.38%
      0     0     1039.0730    35     1035.1546 UserPurge2: 1     5656    0.38%
      0     0     1039.0663    36     1035.1546 UserPurge2: 1     5668    0.38%
      0     0     1039.0355    36     1035.1546 UserPurge2: 1     5688    0.37%
*     0+    0                         1035.8962     1039.0355             0.30%
      0     0     1038.9868    37     1035.8962 UserPurge2: 1     5713    0.30%
      0     0     1038.9723    36     1035.8962 UserPurge2: 1     5726    0.30%
      0     0     1038.9402    35     1035.8962 UserPurge2: 1     5752    0.29%
      0     0     1038.9154    35     1035.8962 UserPurge2: 1     5777    0.29%
      0     0     1038.9025    34     1035.8962 UserPurge2: 1     5801    0.29%
      0     0     1038.8594    34     1035.8962 UserPurge2: 1     5829    0.29%
      0     0     1038.8336    35     1035.8962 UserPurge2: 1     5859    0.28%
      0     0     1038.8157    36     1035.8962 UserPurge2: 1     5877    0.28%
      0     0     1038.7994    37     1035.8962 UserPurge2: 1     5892    0.28%
      0     0     1038.7920    37     1035.8962 UserPurge2: 1     5900    0.28%
      0     0     1038.7794    36     1035.8962 UserPurge2: 1     5925    0.28%
      0     0     1038.7235    35     1035.8962 UserPurge2: 1     5948    0.27%

Repeating presolve.
Tried aggregator 1 time.
MIP Presolve eliminated 0 rows and 126 columns.
Reduced MIP has 1 rows, 375 columns, and 374 nonzeros.
Reduced MIP has 374 binaries, 0 generals, 0 SOSs, and 0 indicators.
Presolve time = 0.00 sec. (0.14 ticks)
Probing time = 0.00 sec. (0.04 ticks)
Tried aggregator 1 time.
Reduced MIP has 1 rows, 375 columns, and 374 nonzeros.
Reduced MIP has 374 binaries, 0 generals, 0 SOSs, and 0 indicators.
Presolve time = 0.00 sec. (0.11 ticks)
Represolve time = 0.04 sec. (21.15 ticks)
Probing time = 0.00 sec. (0.04 ticks)
MIP emphasis: balance optimality and feasibility.
MIP search method: dynamic search.
Parallel mode: none, using 1 thread.
Root relaxation solution time = 0.01 sec. (9.49 ticks)

        Nodes                                         Cuts/
   Node  Left     Objective  IInf  Best Integer    Best Bound    ItCnt     Gap

*     0+    0                         1035.8962     1038.7235             0.27%
      0     0     1038.7235    35     1035.8962     1038.7235     6069    0.27%
      0     0     1038.6973    36     1035.8962 UserPurge2: 1     6091    0.27%
      0     0     1038.6827    37     1035.8962 UserPurge2: 1     6102    0.27%
      0     0     1038.6354    35     1035.8962 UserPurge2: 1     6123    0.26%
      0     0     1038.6016    33     1035.8962 UserPurge2: 1     6144    0.26%
      0     0     1038.5841    34     1035.8962 UserPurge2: 1     6158    0.26%
      0     0     1038.5707    35     1035.8962 UserPurge2: 1     6173    0.26%
      0     0     1038.5569    36     1035.8962 UserPurge2: 1     6186    0.26%
      0     0     1038.5532    34     1035.8962 UserPurge2: 1     6199    0.26%
      0     0     1038.5398    35     1035.8962 UserPurge2: 1     6216    0.26%
      0     0     1038.5338    36     1035.8962 UserPurge2: 1     6230    0.25%
      0     0     1038.5267    37     1035.8962 UserPurge2: 1     6245    0.25%
      0     0     1038.5183    37     1035.8962 UserPurge2: 1     6262    0.25%
      0     0     1038.5157    38     1035.8962 UserPurge2: 1     6274    0.25%
      0     0     1038.5076    39     1035.8962 UserPurge2: 1     6288    0.25%
      0     0     1038.4944    39     1035.8962 UserPurge2: 1     6308    0.25%
      0     0     1038.4536    37     1035.8962 UserPurge2: 1     6339    0.25%
      0     0     1038.4296    37     1035.8962 UserPurge2: 1     6355    0.24%
      0     0     1038.4077    38     1035.8962 UserPurge2: 1     6378    0.24%
      0     0     1038.3918    38     1035.8962 UserPurge2: 1     6391    0.24%
      0     0     1038.3786    37     1035.8962 UserPurge2: 1     6410    0.24%
      0     0     1038.3586    37     1035.8962 UserPurge2: 1     6423    0.24%
      0     0     1038.3299    36     1035.8962 UserPurge2: 1     6441    0.23%
      0     0     1038.2852    37     1035.8962 UserPurge2: 1     6455    0.23%
      0     0     1038.2606    36     1035.8962 UserPurge2: 1     6478    0.23%
      0     0     1038.2272    34     1035.8962 UserPurge2: 1     6498    0.23%
      0     0     1038.2147    35     1035.8962 UserPurge2: 1     6507    0.22%
      0     0     1038.2087    35     1035.8962 UserPurge2: 1     6517    0.22%
      0     0     1038.2003    36     1035.8962 UserPurge2: 1     6532    0.22%
      0     0     1038.1865    35     1035.8962 UserPurge2: 1     6546    0.22%
      0     0     1038.1745    36     1035.8962 UserPurge2: 1     6559    0.22%
      0     0     1038.1672    37     1035.8962 UserPurge2: 1     6572    0.22%
      0     0     1038.1617    38     1035.8962 UserPurge2: 1     6583    0.22%
      0     0     1038.1588    39     1035.8962 UserPurge2: 1     6596    0.22%
      0     0     1038.1541    39     1035.8962 UserPurge2: 1     6613    0.22%
      0     0     1038.1448    38     1035.8962 UserPurge2: 1     6637    0.22%
      0     0     1038.1379    39     1035.8962 UserPurge2: 1     6652    0.22%
      0     0     1038.1141    35     1035.8962 UserPurge2: 1     6676    0.21%
      0     0     1038.1104    35     1035.8962 UserPurge2: 1     6688    0.21%
      0     0     1038.0974    35     1035.8962 UserPurge2: 1     6705    0.21%
      0     0     1038.0935    36     1035.8962 UserPurge2: 1     6714    0.21%
      0     0     1038.0880    37     1035.8962 UserPurge2: 1     6729    0.21%
      0     0     1038.0862    38     1035.8962 UserPurge2: 1     6736    0.21%
      0     0     1038.0738    39     1035.8962 UserPurge2: 1     6750    0.21%
      0     0     1038.0588    40     1035.8962 UserPurge2: 1     6762    0.21%
      0     0     1038.0533    38     1035.8962 UserPurge2: 1     6778    0.21%
      0     0     1038.0502    39     1035.8962 UserPurge2: 1     6795    0.21%
      0     0     1038.0366    38     1035.8962 UserPurge2: 1     6816    0.21%
      0     0     1038.0252    38     1035.8962 UserPurge2: 1     6832    0.21%
      0     0     1038.0177    38     1035.8962 UserPurge2: 1     6846    0.20%
      0     0     1038.0042    37     1035.8962 UserPurge2: 1     6862    0.20%
      0     0     1037.9897    38     1035.8962 UserPurge2: 1     6874    0.20%
      0     0     1037.9789    38     1035.8962 UserPurge2: 1     6888    0.20%
      0     0     1037.9682    38     1035.8962 UserPurge2: 1     6902    0.20%
      0     0     1037.9568    39     1035.8962 UserPurge2: 1     6918    0.20%
      0     0     1037.9422    40     1035.8962 UserPurge2: 1     6934    0.20%
      0     0     1037.8793    38     1035.8962 UserPurge2: 1     6968    0.19%
      0     0     1037.8417    36     1035.8962 UserPurge2: 1     6999    0.19%
      0     0     1037.8318    35     1035.8962 UserPurge2: 1     7010    0.19%
      0     0     1037.8204    36     1035.8962 UserPurge2: 1     7026    0.19%
      0     0     1037.8127    37     1035.8962 UserPurge2: 1     7042    0.19%
      0     0     1037.7874    32     1035.8962 UserPurge2: 1     7062    0.18%
      0     0     1037.7852    33     1035.8962 UserPurge2: 1     7071    0.18%
      0     0     1037.7761    33     1035.8962 UserPurge2: 1     7084    0.18%
      0     0     1037.7710    33     1035.8962 UserPurge2: 1     7096    0.18%
      0     0     1037.7684    34     1035.8962 UserPurge2: 1     7104    0.18%
      0     0     1037.7593    35     1035.8962 UserPurge2: 1     7123    0.18%
      0     0     1037.7433    34     1035.8962 UserPurge2: 1     7140    0.18%
      0     0     1037.7348    35     1035.8962 UserPurge2: 1     7153    0.18%
      0     0     1037.7297    36     1035.8962 UserPurge2: 1     7166    0.18%
      0     0     1037.7222    37     1035.8962 UserPurge2: 1     7178    0.18%
      0     0     1037.6581    36     1035.8962 UserPurge2: 1     7222    0.17%
      0     0     1037.6425    33     1035.8962 UserPurge2: 1     7237    0.17%
      0     0     1037.6344    32     1035.8962 UserPurge2: 1     7253    0.17%
      0     0     1037.6237    33     1035.8962 UserPurge2: 1     7268    0.17%
      0     0     1037.6207    33     1035.8962 UserPurge2: 1     7283    0.17%
      0     0     1037.6197    34     1035.8962 UserPurge2: 1     7291    0.17%
      0     0     1037.6145    35     1035.8962 UserPurge2: 1     7307    0.17%
      0     0     1037.6040    35     1035.8962 UserPurge2: 1     7324    0.16%
      0     0     1037.5920    36     1035.8962 UserPurge2: 1     7340    0.16%
      0     0     1037.5722    34     1035.8962 UserPurge2: 1     7365    0.16%
      0     0     1037.5603    35     1035.8962 UserPurge2: 1     7374    0.16%
      0     0     1037.5522    35     1035.8962 UserPurge2: 1     7386    0.16%
      0     0     1037.5433    35     1035.8962 UserPurge2: 1     7403    0.16%
      0     0     1037.5315    34     1035.8962 UserPurge2: 1     7420    0.16%
      0     0     1037.5287    35     1035.8962 UserPurge2: 1     7427    0.16%
      0     0     1037.5239    35     1035.8962 UserPurge2: 1     7442    0.16%
      0     0     1037.5111    35     1035.8962 UserPurge2: 1     7455    0.16%
      0     0     1037.5048    36     1035.8962 UserPurge2: 1     7464    0.16%
      0     0     1037.5022    35     1035.8962 UserPurge2: 1     7476    0.16%
      0     0     1037.4841    35     1035.8962 UserPurge2: 1     7502    0.15%
      0     0     1037.4791    36     1035.8962 UserPurge2: 1     7514    0.15%
      0     0     1037.4728    37     1035.8962 UserPurge2: 1     7530    0.15%
      0     0     1037.4691    37     1035.8962 UserPurge2: 1     7540    0.15%
      0     0     1037.4674    38     1035.8962 UserPurge2: 1     7545    0.15%
      0     0     1037.4531    37     1035.8962 UserPurge2: 1     7560    0.15%
      0     0     1037.4360    36     1035.8962 UserPurge2: 1     7584    0.15%
      0     0     1037.4177    37     1035.8962 UserPurge2: 1     7611    0.15%
      0     0     1037.4010    36     1035.8962 UserPurge2: 1     7630    0.15%
      0     0     1037.3737    36     1035.8962 UserPurge2: 1     7653    0.14%
      0     0     1037.3699    35     1035.8962 UserPurge2: 1     7661    0.14%
      0     0     1037.3635    36     1035.8962 UserPurge2: 1     7672    0.14%
      0     0     1037.3542    37     1035.8962 UserPurge2: 1     7695    0.14%
      0     0     1037.3524    38     1035.8962 UserPurge2: 1     7707    0.14%
      0     0     1037.3496    39     1035.8962 UserPurge2: 1     7718    0.14%
      0     0     1037.3464    40     1035.8962 UserPurge2: 1     7732    0.14%
      0     0     1037.3376    38     1035.8962 UserPurge2: 1     7757    0.14%
      0     0     1037.3250    39     1035.8962 UserPurge2: 1     7775    0.14%
      0     0     1037.3089    37     1035.8962 UserPurge2: 1     7805    0.14%
      0     0     1037.2967    38     1035.8962 UserPurge2: 1     7815    0.14%
      0     0     1037.2858    38     1035.8962 UserPurge2: 1     7833    0.13%
      0     0     1037.2789    39     1035.8962 UserPurge2: 1     7851    0.13%
      0     0     1037.2718    39     1035.8962 UserPurge2: 1     7863    0.13%
      0     0     1037.2494    39     1035.8962 UserPurge2: 1     7897    0.13%
      0     0     1037.2247    36     1035.8962 UserPurge2: 1     7913    0.13%
      0     0     1037.2192    35     1035.8962 UserPurge2: 1     7924    0.13%
      0     0     1037.2074    35     1035.8962 UserPurge2: 1     7939    0.13%
      0     0     1037.2000    35     1035.8962 UserPurge2: 1     7958    0.13%
      0     0     1037.1958    36     1035.8962 UserPurge2: 1     7975    0.13%
      0     0     1037.1946    36     1035.8962 UserPurge2: 1     7980    0.13%
      0     0     1037.1927    37     1035.8962 UserPurge2: 1     7990    0.13%
      0     0     1037.1918    38     1035.8962 UserPurge2: 1     8001    0.13%
      0     0     1037.1877    36     1035.8962 UserPurge2: 1     8014    0.12%
      0     0     1037.1865    37     1035.8962 UserPurge2: 1     8021    0.12%
      0     0     1037.1865    38     1035.8962 UserPurge2: 1     8024    0.12%
      0     0     1037.1851    39     1035.8962 UserPurge2: 1     8034    0.12%
      0     0     1037.1791    37     1035.8962 UserPurge2: 1     8056    0.12%
      0     0     1037.1736    37     1035.8962 UserPurge2: 1     8073    0.12%
      0     0     1037.1698    38     1035.8962 UserPurge2: 1     8086    0.12%
      0     0     1037.1692    39     1035.8962 UserPurge2: 1     8097    0.12%
      0     0     1037.1649    40     1035.8962 UserPurge2: 1     8104    0.12%
      0     0     1037.1630    40     1035.8962 UserPurge2: 1     8119    0.12%
      0     0     1037.1594    40     1035.8962 UserPurge2: 1     8137    0.12%
      0     0     1037.1570    41     1035.8962 UserPurge2: 1     8154    0.12%
      0     0     1037.1480    39     1035.8962 UserPurge2: 1     8183    0.12%
      0     0     1037.1409    39     1035.8962 UserPurge2: 1     8207    0.12%
      0     0     1037.1397    40     1035.8962 UserPurge2: 1     8215    0.12%
      0     0     1037.1367    41     1035.8962 UserPurge2: 1     8231    0.12%
      0     0     1037.1348    38     1035.8962 UserPurge2: 1     8246    0.12%
      0     0     1037.1314    39     1035.8962 UserPurge2: 1     8260    0.12%
      0     0     1037.1306    40     1035.8962 UserPurge2: 1     8271    0.12%
*     0+    0                         1036.0480     1037.1306             0.10%
      0     0     1037.1277    41     1036.0480 UserPurge2: 1     8289    0.10%
      0     0     1037.1252    40     1036.0480 UserPurge2: 1     8304    0.10%
      0     0     1037.1179    40     1036.0480 UserPurge2: 1     8324    0.10%
      0     0     1037.1077    39     1036.0480 UserPurge2: 1     8350    0.10%
      0     0     1037.1041    39     1036.0480 UserPurge2: 1     8363    0.10%
      0     0     1037.0985    39     1036.0480 UserPurge2: 1     8378    0.10%
      0     0     1037.0949    39     1036.0480 UserPurge2: 1     8389    0.10%
      0     0     1037.0898    40     1036.0480 UserPurge2: 1     8402    0.10%
      0     0     1037.0844    41     1036.0480 UserPurge2: 1     8430    0.10%
      0     0     1037.0812    41     1036.0480 UserPurge2: 1     8439    0.10%
      0     0     1037.0781    41     1036.0480 UserPurge2: 1     8459    0.10%
      0     0     1037.0738    40     1036.0480 UserPurge2: 1     8480    0.10%
      0     0     1037.0693    39     1036.0480 UserPurge2: 1     8502    0.10%
      0     0     1037.0671    40     1036.0480 UserPurge2: 1     8520    0.10%
      0     0     1037.0648    40     1036.0480 UserPurge2: 1     8539    0.10%
      0     0     1037.0630    41     1036.0480 UserPurge2: 1     8549    0.10%
      0     0     1037.0607    41     1036.0480 UserPurge2: 1     8560    0.10%
*     0+    0                         1036.2681     1037.0607             0.08%
      0     2     1037.0607    41     1036.2681     1037.0607     8560    0.08%
Elapsed time = 18.96 sec. (2700.16 ticks, tree = 0.01 MB, solutions = 6)
      1     1        cutoff           1036.2681     1037.0607    13960    0.08%

User cuts applied:  807

Root node processing (before b&c):
  Real time             =   18.96 sec. (2700.99 ticks)
Sequential b&c:
  Real time             =    8.36 sec. (1528.46 ticks)
                          ------------
Total (root+branch&cut) =   27.32 sec. (4229.45 ticks)
@Parameters: 
is_S_cut                                true
is_add_all_yinF                         true
is_start_value                          true
is_usercut                              true
is_visualization                        false
uc_only_rootnode                        false

data                                    Qi
fn                                      data/Qi/instance_500_500.csv
mode                                    NewSubmodular
solver                                  cplex

p                                       10
r                                       50

EPS                                     1.0e-06
EPS_vio                                 1.0e-04
beta                                    0.10
gap                                     0.00
nodelimit                               Inf
timelimit                               7200.00


@PrintInfos
ItCnt: 14297
Current gap: 0.00 %
Termination Status: OPTIMAL
Primal Status: FEASIBLE_POINT
Solve Time: 27.32 sec
Objective Value: 1036.268066
Number of Nodes:      3

CutInfo: [phase] num / time (sec) 
ZLP             [phase1]     0 / 0.00 [rLC]     0 / 0.00 [rUC]     0 / 0.00 [sLC]     0 / 0.00 [sUC]     0 / 0.00 
OldSubmodular   [phase1]     0 / 0.00 [rLC]     0 / 0.00 [rUC]     0 / 0.00 [sLC]     0 / 0.00 [sUC]     0 / 0.00 
NewSubmodular   [phase1]     0 / 0.00 [rLC]    99 / 3.71 [rUC]  1073 / 11.01 [sLC]     0 / 0.00 [sUC]   764 / 7.03 
PMP             [phase1]     0 / 0.00 [rLC]    10 / 1.46 [rUC]     0 / 0.00 [sLC]     0 / 0.00 [sUC]     0 / 0.00 
Separation Round: [phase1] 0  [rLC] 92  [rUC] 487  [sLC] 0  [sUC] 191
Root Best Bound 1036.268066
Root Best Integer: 1036.268066
Best Bound: 1036.268066
Best Integer: 1036.268066

