Version identifier: 20.1.0.0 | 2020-11-10 | 9bedb6d68
CPXPARAM_Threads                                 1
CPXPARAM_TimeLimit                               7200
CPXPARAM_MIP_Tolerances_MIPGap                   0
Generic callback                                 0x60
1 of 1 MIP starts provided solutions.
MIP start 'm1' defined initial solution with objective 2070.6019.
Tried aggregator 1 time.
Reduced MIP has 1 rows, 1001 columns, and 1000 nonzeros.
Reduced MIP has 1000 binaries, 0 generals, 0 SOSs, and 0 indicators.
Presolve time = 0.00 sec. (0.30 ticks)
Probing time = 0.00 sec. (0.11 ticks)
Tried aggregator 1 time.
Reduced MIP has 1 rows, 1001 columns, and 1000 nonzeros.
Reduced MIP has 1000 binaries, 0 generals, 0 SOSs, and 0 indicators.
Presolve time = 0.00 sec. (0.31 ticks)
Probing time = 0.00 sec. (0.11 ticks)
MIP emphasis: balance optimality and feasibility.
MIP search method: dynamic search.
Parallel mode: none, using 1 thread.
Root relaxation solution time = 0.00 sec. (0.21 ticks)

        Nodes                                         Cuts/
   Node  Left     Objective  IInf  Best Integer    Best Bound    ItCnt     Gap

*     0+    0                         2070.6019     5432.0000           162.34%
      0     0     2863.9323     2     2070.6019     5432.0000        0  162.34%
      0     0     2676.3822     4     2070.6019 UserPurge2: 1       11   29.26%
      0     0     2508.2239     5     2070.6019 UserPurge2: 1       21   21.14%
      0     0     2450.5549     7     2070.6019 UserPurge2: 1       29   18.35%
      0     0     2373.3162     8     2070.6019 UserPurge2: 1       60   14.62%
      0     0     2321.9747     8     2070.6019 UserPurge2: 1       78   12.14%
      0     0     2288.2747     8     2070.6019 UserPurge2: 1       94   10.51%
      0     0     2277.6613    10     2070.6019 UserPurge2: 1      114   10.00%
      0     0     2265.6303    11     2070.6019 UserPurge2: 1      152    9.42%
      0     0     2260.2171    11     2070.6019 UserPurge2: 1      172    9.16%
      0     0     2254.2349    13     2070.6019 UserPurge2: 1      194    8.87%
      0     0     2252.0222    14     2070.6019 UserPurge2: 1      208    8.76%
      0     0     2248.2913    16     2070.6019 UserPurge2: 1      238    8.58%
      0     0     2239.5087    15     2070.6019 UserPurge2: 1      289    8.16%
      0     0     2233.9716    16     2070.6019 UserPurge1: 1      295    7.89%
      0     0     2226.8082    14     2070.6019 UserPurge2: 1      327    7.54%
      0     0     2222.3055    15     2070.6019 UserPurge1: 1      335    7.33%
      0     0     2213.0250    13     2070.6019 UserPurge2: 1      357    6.88%
      0     0     2212.0596    14     2070.6019 UserPurge1: 1      364    6.83%
      0     0     2211.1241    16     2070.6019 UserPurge1: 1      366    6.79%
      0     0     2202.2629    16     2070.6019 UserPurge2: 1      407    6.36%
      0     0     2198.2271    14     2070.6019 UserPurge1: 2      412    6.16%
      0     0     2193.4913    13     2070.6019 UserPurge1: 2      418    5.93%
      0     0     2192.4960    12     2070.6019 UserPurge1: 3      424    5.89%
      0     0     2192.1746    13     2070.6019 UserPurge1: 2      428    5.87%
      0     0     2191.4603    14     2070.6019 UserPurge2: 1      445    5.84%
      0     0     2190.4682    15     2070.6019 UserPurge2: 1      463    5.79%
      0     0     2188.4498    15     2070.6019 UserPurge2: 1      487    5.69%
      0     0     2186.8723    16     2070.6019 UserPurge2: 1      506    5.62%
      0     0     2183.8048    16     2070.6019 UserPurge2: 1      540    5.47%
      0     0     2179.5058    15     2070.6019 UserPurge2: 1      571    5.26%
      0     0     2178.5952    16     2070.6019 UserPurge2: 1      598    5.22%
      0     0     2175.1919    15     2070.6019 UserPurge2: 1      623    5.05%
      0     0     2174.3768    15     2070.6019 UserPurge2: 1      642    5.01%
      0     0     2172.5632    16     2070.6019 UserPurge2: 1      667    4.92%
      0     0     2168.7742    15     2070.6019 UserPurge2: 1      711    4.74%
      0     0     2167.6342    16     2070.6019 UserPurge2: 1      729    4.69%
      0     0     2167.1110    17     2070.6019 UserPurge2: 1      741    4.66%
      0     0     2163.0948    15     2070.6019 UserPurge2: 1      780    4.47%
      0     0     2162.2282    16     2070.6019 UserPurge2: 1      792    4.43%
      0     0     2161.5841    18     2070.6019 UserPurge2: 1      807    4.39%
      0     0     2160.1858    16     2070.6019 UserPurge2: 1      845    4.33%
      0     0     2159.3207    17     2070.6019 UserPurge2: 1      862    4.28%
      0     0     2158.9584    17     2070.6019 UserPurge2: 1      880    4.27%
      0     0     2157.6650    17     2070.6019 UserPurge2: 1      912    4.20%
      0     0     2156.9351    18     2070.6019 UserPurge2: 1      928    4.17%
      0     0     2155.8559    18     2070.6019 UserPurge2: 1      957    4.12%
      0     0     2153.1355    19     2070.6019 UserPurge2: 1      999    3.99%
      0     0     2147.7707    17     2070.6019 UserPurge2: 1     1048    3.73%
      0     0     2142.8834    16     2070.6019 UserPurge2: 1     1086    3.49%
      0     0     2142.2438    17     2070.6019 UserPurge2: 1     1103    3.46%
      0     0     2141.3534    17     2070.6019 UserPurge2: 1     1125    3.42%
      0     0     2140.7773    17     2070.6019 UserPurge2: 1     1139    3.39%
      0     0     2140.5895    18     2070.6019 UserPurge2: 1     1147    3.38%
      0     0     2140.1626    18     2070.6019 UserPurge2: 1     1165    3.36%
      0     0     2139.7749    18     2070.6019 UserPurge2: 1     1189    3.34%
      0     0     2138.7740    19     2070.6019 UserPurge2: 1     1220    3.29%
      0     0     2138.5066    19     2070.6019 UserPurge2: 1     1239    3.28%
      0     0     2137.9585    19     2070.6019 UserPurge2: 1     1260    3.25%
      0     0     2137.4613    19     2070.6019 UserPurge2: 1     1281    3.23%
      0     0     2136.9560    19     2070.6019 UserPurge2: 1     1309    3.20%
      0     0     2136.4639    20     2070.6019 UserPurge2: 1     1335    3.18%
      0     0     2135.9965    20     2070.6019 UserPurge2: 1     1360    3.16%
      0     0     2135.2249    19     2070.6019 UserPurge2: 1     1390    3.12%
      0     0     2134.1412    19     2070.6019 UserPurge2: 1     1429    3.07%
      0     0     2133.5984    20     2070.6019 UserPurge2: 1     1455    3.04%
      0     0     2133.2612    20     2070.6019 UserPurge2: 1     1472    3.03%
      0     0     2131.7205    19     2070.6019 UserPurge2: 1     1500    2.95%
      0     0     2131.2397    19     2070.6019 UserPurge2: 1     1527    2.93%
      0     0     2130.8166    20     2070.6019 UserPurge2: 1     1546    2.91%
      0     0     2130.6067    21     2070.6019 UserPurge2: 1     1559    2.90%
      0     0     2130.2093    22     2070.6019 UserPurge2: 1     1580    2.88%
      0     0     2129.9588    23     2070.6019 UserPurge2: 1     1599    2.87%
      0     0     2129.2276    23     2070.6019 UserPurge2: 1     1636    2.83%
      0     0     2128.1742    22     2070.6019 UserPurge2: 1     1676    2.78%
      0     0     2127.7656    22     2070.6019 UserPurge2: 1     1691    2.76%
      0     0     2127.1924    23     2070.6019 UserPurge2: 1     1708    2.73%
      0     0     2127.0614    23     2070.6019 UserPurge2: 1     1729    2.73%
      0     0     2125.2239    22     2070.6019 UserPurge2: 1     1786    2.64%
      0     0     2123.5930    19     2070.6019 UserPurge2: 1     1837    2.56%
      0     0     2123.1197    19     2070.6019 UserPurge2: 1     1855    2.54%
      0     0     2122.4770    20     2070.6019 UserPurge2: 1     1884    2.51%
      0     0     2121.7960    20     2070.6019 UserPurge2: 1     1914    2.47%
      0     0     2121.6051    20     2070.6019 UserPurge2: 1     1934    2.46%
      0     0     2121.4705    21     2070.6019 UserPurge2: 1     1946    2.46%
      0     0     2121.3452    22     2070.6019 UserPurge2: 1     1962    2.45%
      0     0     2120.4473    21     2070.6019 UserPurge2: 1     2012    2.41%
      0     0     2118.8562    19     2070.6019 UserPurge2: 1     2048    2.33%
      0     0     2118.1472    18     2070.6019 UserPurge2: 1     2062    2.30%
      0     0     2117.4509    18     2070.6019 UserPurge2: 1     2082    2.26%
      0     0     2117.0948    19     2070.6019 UserPurge2: 1     2093    2.25%
      0     0     2116.7003    19     2070.6019 UserPurge2: 1     2104    2.23%
      0     0     2116.5828    20     2070.6019 UserPurge2: 1     2113    2.22%
      0     0     2116.0135    21     2070.6019 UserPurge2: 1     2148    2.19%
      0     0     2115.8764    21     2070.6019 UserPurge2: 1     2158    2.19%
      0     0     2115.6308    22     2070.6019 UserPurge2: 1     2182    2.17%
      0     0     2115.3930    22     2070.6019 UserPurge2: 1     2207    2.16%
      0     0     2115.2258    23     2070.6019 UserPurge2: 1     2224    2.16%
      0     0     2115.0743    24     2070.6019 UserPurge2: 1     2241    2.15%
      0     0     2114.4768    23     2070.6019 UserPurge2: 1     2273    2.12%
      0     0     2114.0770    24     2070.6019 UserPurge2: 1     2300    2.10%
      0     0     2113.6501    24     2070.6019 UserPurge2: 1     2323    2.08%
      0     0     2113.1221    22     2070.6019 UserPurge2: 1     2342    2.05%
      0     0     2112.2842    21     2070.6019 UserPurge2: 1     2377    2.01%
      0     0     2112.1706    21     2070.6019 UserPurge2: 1     2389    2.01%
      0     0     2111.9838    22     2070.6019 UserPurge2: 1     2408    2.00%
      0     0     2111.8661    23     2070.6019 UserPurge2: 1     2424    1.99%
      0     0     2111.7774    23     2070.6019 UserPurge2: 1     2434    1.99%
      0     0     2111.6130    24     2070.6019 UserPurge2: 1     2456    1.98%
      0     0     2111.4032    25     2070.6019 UserPurge2: 1     2480    1.97%
      0     0     2111.1200    25     2070.6019 UserPurge2: 1     2500    1.96%
      0     0     2110.7619    24     2070.6019 UserPurge2: 1     2531    1.94%
      0     0     2110.2124    24     2070.6019 UserPurge2: 1     2564    1.91%
      0     0     2109.7236    24     2070.6019 UserPurge2: 1     2599    1.89%
      0     0     2109.6272    24     2070.6019 UserPurge2: 1     2614    1.88%
      0     0     2109.3122    25     2070.6019 UserPurge2: 1     2654    1.87%
      0     0     2109.0225    24     2070.6019 UserPurge2: 1     2692    1.86%
      0     0     2108.9023    25     2070.6019 UserPurge2: 1     2709    1.85%
      0     0     2108.7818    26     2070.6019 UserPurge2: 1     2733    1.84%
      0     0     2108.3858    23     2070.6019 UserPurge2: 1     2767    1.82%
      0     0     2107.9951    22     2070.6019 UserPurge2: 1     2797    1.81%
      0     0     2107.9112    22     2070.6019 UserPurge2: 1     2809    1.80%
      0     0     2107.4578    22     2070.6019 UserPurge2: 1     2833    1.78%
      0     0     2107.2164    23     2070.6019 UserPurge2: 1     2849    1.77%
      0     0     2106.9413    22     2070.6019 UserPurge2: 1     2866    1.76%
      0     0     2106.8145    23     2070.6019 UserPurge2: 1     2878    1.75%
      0     0     2106.7830    24     2070.6019 UserPurge2: 1     2887    1.75%
      0     0     2106.7060    25     2070.6019 UserPurge2: 1     2902    1.74%
      0     0     2106.6387    26     2070.6019 UserPurge2: 1     2921    1.74%
      0     0     2106.5049    26     2070.6019 UserPurge2: 1     2946    1.73%
      0     0     2106.4053    26     2070.6019 UserPurge2: 1     2970    1.73%
      0     0     2106.2968    27     2070.6019 UserPurge2: 1     2993    1.72%
      0     0     2106.1473    26     2070.6019 UserPurge2: 1     3011    1.72%
      0     0     2106.0414    26     2070.6019 UserPurge2: 1     3037    1.71%
      0     0     2105.9270    27     2070.6019 UserPurge2: 1     3064    1.71%
      0     0     2105.7996    27     2070.6019 UserPurge2: 1     3088    1.70%
      0     0     2105.6681    27     2070.6019 UserPurge2: 1     3114    1.69%
      0     0     2105.2774    27     2070.6019 UserPurge2: 1     3150    1.67%
      0     0     2105.0548    25     2070.6019 UserPurge2: 1     3174    1.66%
      0     0     2104.5639    25     2070.6019 UserPurge2: 1     3205    1.64%
      0     0     2104.4547    26     2070.6019 UserPurge2: 1     3222    1.63%
      0     0     2104.2607    27     2070.6019 UserPurge2: 1     3245    1.63%
      0     0     2104.1643    27     2070.6019 UserPurge2: 1     3261    1.62%
      0     0     2103.9967    28     2070.6019 UserPurge2: 1     3295    1.61%
      0     0     2103.8657    27     2070.6019 UserPurge2: 1     3317    1.61%
      0     0     2103.8100    28     2070.6019 UserPurge2: 1     3329    1.60%
      0     0     2103.7382    28     2070.6019 UserPurge2: 1     3342    1.60%
      0     0     2103.6099    29     2070.6019 UserPurge2: 1     3371    1.59%
      0     0     2103.5376    29     2070.6019 UserPurge2: 1     3392    1.59%
      0     0     2103.4189    28     2070.6019 UserPurge2: 1     3420    1.58%
      0     0     2103.2547    27     2070.6019 UserPurge2: 1     3456    1.58%
      0     0     2103.1265    27     2070.6019 UserPurge2: 1     3484    1.57%
      0     0     2103.0623    27     2070.6019 UserPurge2: 1     3506    1.57%
      0     0     2102.9857    28     2070.6019 UserPurge2: 1     3526    1.56%
      0     0     2102.9223    28     2070.6019 UserPurge2: 1     3545    1.56%
      0     0     2102.8817    28     2070.6019 UserPurge2: 1     3567    1.56%
      0     0     2102.8408    29     2070.6019 UserPurge2: 1     3589    1.56%
      0     0     2102.7647    30     2070.6019 UserPurge2: 1     3612    1.55%
      0     0     2102.6822    30     2070.6019 UserPurge2: 1     3641    1.55%
      0     0     2102.4508    30     2070.6019 UserPurge2: 1     3672    1.54%
      0     0     2102.3393    30     2070.6019 UserPurge2: 1     3687    1.53%
      0     0     2102.0791    29     2070.6019 UserPurge2: 1     3728    1.52%
      0     0     2101.8377    29     2070.6019 UserPurge2: 1     3763    1.51%
      0     0     2101.5999    27     2070.6019 UserPurge2: 1     3793    1.50%
      0     0     2101.5133    28     2070.6019 UserPurge2: 1     3815    1.49%
      0     0     2101.3637    29     2070.6019 UserPurge2: 1     3833    1.49%
      0     0     2101.2209    30     2070.6019 UserPurge2: 1     3865    1.48%
      0     0     2101.0216    31     2070.6019 UserPurge2: 1     3898    1.47%
      0     0     2100.8728    30     2070.6019 UserPurge2: 1     3922    1.46%
      0     0     2100.7870    31     2070.6019 UserPurge2: 1     3962    1.46%
      0     0     2100.6253    31     2070.6019 UserPurge2: 1     3995    1.45%
      0     0     2100.3864    31     2070.6019 UserPurge2: 1     4026    1.44%
      0     0     2100.1855    31     2070.6019 UserPurge2: 1     4069    1.43%
      0     0     2100.0103    30     2070.6019 UserPurge2: 1     4089    1.42%
      0     0     2099.8046    30     2070.6019 UserPurge2: 1     4119    1.41%
      0     0     2099.7465    29     2070.6019 UserPurge2: 1     4150    1.41%
      0     0     2099.6860    29     2070.6019 UserPurge2: 1     4169    1.40%
      0     0     2099.6103    30     2070.6019 UserPurge2: 1     4196    1.40%
      0     0     2099.4507    30     2070.6019 UserPurge2: 1     4229    1.39%
      0     0     2099.4003    31     2070.6019 UserPurge2: 1     4248    1.39%
      0     0     2099.2714    31     2070.6019 UserPurge2: 1     4281    1.38%
      0     0     2099.1658    31     2070.6019 UserPurge2: 1     4308    1.38%
      0     0     2099.1204    32     2070.6019 UserPurge2: 1     4326    1.38%
      0     0     2098.5774    31     2070.6019 UserPurge2: 1     4394    1.35%
      0     0     2098.2688    31     2070.6019 UserPurge2: 1     4418    1.34%
      0     0     2098.1602    30     2070.6019 UserPurge2: 1     4446    1.33%
      0     0     2098.0121    29     2070.6019 UserPurge2: 1     4468    1.32%
      0     0     2097.9440    30     2070.6019 UserPurge2: 1     4489    1.32%
      0     0     2097.8125    31     2070.6019 UserPurge2: 1     4525    1.31%
      0     0     2097.6931    31     2070.6019 UserPurge2: 1     4555    1.31%
      0     0     2097.5481    31     2070.6019 UserPurge2: 1     4578    1.30%
      0     0     2097.4341    32     2070.6019 UserPurge2: 1     4600    1.30%
      0     0     2097.3387    33     2070.6019 UserPurge2: 1     4620    1.29%
      0     0     2097.2688    34     2070.6019 UserPurge2: 1     4647    1.29%
      0     0     2097.1921    34     2070.6019 UserPurge2: 1     4676    1.28%
      0     0     2097.0838    34     2070.6019 UserPurge2: 1     4707    1.28%
      0     0     2096.8208    32     2070.6019 UserPurge2: 1     4746    1.27%
      0     0     2096.5844    32     2070.6019 UserPurge2: 1     4770    1.25%
      0     0     2096.4788    32     2070.6019 UserPurge2: 1     4796    1.25%
      0     0     2096.3470    32     2070.6019 UserPurge2: 1     4828    1.24%
      0     0     2096.2943    33     2070.6019 UserPurge2: 1     4845    1.24%
      0     0     2096.2226    34     2070.6019 UserPurge2: 1     4873    1.24%
      0     0     2096.0153    31     2070.6019 UserPurge2: 1     4921    1.23%
      0     0     2095.9583    32     2070.6019 UserPurge2: 1     4941    1.22%
      0     0     2095.8276    32     2070.6019 UserPurge2: 1     4964    1.22%
      0     0     2095.5932    30     2070.6019 UserPurge2: 1     5005    1.21%
      0     0     2095.5021    31     2070.6019 UserPurge2: 1     5023    1.20%
      0     0     2095.3914    31     2070.6019 UserPurge2: 1     5056    1.20%
      0     0     2095.2495    31     2070.6019 UserPurge2: 1     5089    1.19%
      0     0     2095.2033    31     2070.6019 UserPurge2: 1     5108    1.19%
      0     0     2095.1761    32     2070.6019 UserPurge2: 1     5128    1.19%
      0     0     2095.0597    32     2070.6019 UserPurge2: 1     5159    1.18%
      0     0     2094.9304    32     2070.6019 UserPurge2: 1     5187    1.17%
      0     0     2094.8508    32     2070.6019 UserPurge2: 1     5215    1.17%
      0     0     2094.7117    31     2070.6019 UserPurge2: 1     5243    1.16%
      0     0     2094.6521    32     2070.6019 UserPurge2: 1     5260    1.16%
      0     0     2094.5508    33     2070.6019 UserPurge2: 1     5280    1.16%
      0     0     2094.3442    32     2070.6019 UserPurge2: 1     5325    1.15%
      0     0     2094.2649    32     2070.6019 UserPurge2: 1     5344    1.14%
      0     0     2094.1286    31     2070.6019 UserPurge2: 1     5378    1.14%
      0     0     2094.1050    32     2070.6019 UserPurge2: 1     5390    1.14%
      0     0     2093.7842    29     2070.6019 UserPurge2: 1     5438    1.12%
      0     0     2093.6459    29     2070.6019 UserPurge2: 1     5458    1.11%
      0     0     2093.5647    30     2070.6019 UserPurge2: 1     5475    1.11%
      0     0     2093.4356    29     2070.6019 UserPurge2: 1     5505    1.10%
      0     0     2093.2753    29     2070.6019 UserPurge2: 1     5525    1.10%
      0     0     2093.1976    30     2070.6019 UserPurge2: 1     5544    1.09%
      0     0     2093.1247    31     2070.6019 UserPurge2: 1     5578    1.09%
      0     0     2093.0713    32     2070.6019 UserPurge2: 1     5599    1.09%
      0     0     2093.0025    33     2070.6019 UserPurge2: 1     5625    1.08%
      0     0     2092.9348    32     2070.6019 UserPurge2: 1     5671    1.08%
      0     0     2092.9217    33     2070.6019 UserPurge2: 1     5690    1.08%
      0     0     2092.8563    34     2070.6019 UserPurge2: 1     5724    1.07%
      0     0     2092.7646    33     2070.6019 UserPurge2: 1     5756    1.07%
      0     0     2092.6810    33     2070.6019 UserPurge2: 1     5790    1.07%
      0     0     2092.6056    33     2070.6019 UserPurge2: 1     5824    1.06%
      0     0     2092.5877    33     2070.6019 UserPurge2: 1     5841    1.06%
      0     0     2092.5407    34     2070.6019 UserPurge2: 1     5873    1.06%
      0     0     2092.4308    32     2070.6019 UserPurge2: 1     5920    1.05%
      0     0     2092.3526    33     2070.6019 UserPurge2: 1     5945    1.05%
      0     0     2092.2419    33     2070.6019 UserPurge2: 1     5973    1.05%
      0     0     2092.1446    32     2070.6019 UserPurge2: 1     6011    1.04%
      0     0     2091.9975    29     2070.6019 UserPurge2: 1     6049    1.03%
      0     0     2091.9593    28     2070.6019 UserPurge2: 1     6069    1.03%
      0     0     2091.9419    29     2070.6019 UserPurge2: 1     6081    1.03%
      0     0     2091.9286    30     2070.6019 UserPurge2: 1     6092    1.03%
      0     0     2091.9240    31     2070.6019 UserPurge2: 1     6107    1.03%
      0     0     2091.8748    31     2070.6019 UserPurge2: 1     6135    1.03%
      0     0     2091.8578    32     2070.6019 UserPurge2: 1     6149    1.03%
      0     0     2091.8114    31     2070.6019 UserPurge2: 1     6184    1.02%
      0     0     2091.7554    31     2070.6019 UserPurge2: 1     6206    1.02%
      0     0     2091.6857    31     2070.6019 UserPurge2: 1     6242    1.02%
      0     0     2091.6586    32     2070.6019 UserPurge2: 1     6264    1.02%
      0     0     2091.6335    33     2070.6019 UserPurge2: 1     6283    1.02%
      0     0     2091.6209    34     2070.6019 UserPurge2: 1     6295    1.02%
      0     0     2091.5872    35     2070.6019 UserPurge2: 1     6318    1.01%
      0     0     2091.5673    36     2070.6019 UserPurge2: 1     6334    1.01%
      0     0     2091.5448    36     2070.6019 UserPurge2: 1     6360    1.01%
      0     0     2091.5155    36     2070.6019 UserPurge2: 1     6388    1.01%
      0     0     2091.4802    36     2070.6019 UserPurge2: 1     6428    1.01%
      0     0     2091.4243    36     2070.6019 UserPurge2: 1     6462    1.01%
      0     0     2091.3905    37     2070.6019 UserPurge2: 1     6481    1.00%
      0     0     2091.2939    35     2070.6019 UserPurge2: 1     6518    1.00%
      0     0     2091.2235    35     2070.6019 UserPurge2: 1     6553    1.00%
      0     0     2091.1401    33     2070.6019 UserPurge2: 1     6587    0.99%
      0     0     2091.0719    34     2070.6019 UserPurge2: 1     6611    0.99%
      0     0     2090.9821    32     2070.6019 UserPurge2: 1     6651    0.98%
      0     0     2090.9125    33     2070.6019 UserPurge2: 1     6673    0.98%
      0     0     2090.8792    33     2070.6019 UserPurge2: 1     6688    0.98%
      0     0     2090.8167    34     2070.6019 UserPurge2: 1     6714    0.98%
      0     0     2090.7807    35     2070.6019 UserPurge2: 1     6737    0.97%
      0     0     2090.7461    36     2070.6019 UserPurge2: 1     6762    0.97%
      0     0     2090.6969    36     2070.6019 UserPurge2: 1     6793    0.97%
      0     0     2090.6408    37     2070.6019 UserPurge2: 1     6824    0.97%
      0     0     2090.6052    37     2070.6019 UserPurge2: 1     6848    0.97%
      0     0     2090.5860    37     2070.6019 UserPurge2: 1     6866    0.97%
      0     0     2090.5395    38     2070.6019 UserPurge2: 1     6898    0.96%
      0     0     2090.4903    36     2070.6019 UserPurge2: 1     6924    0.96%
      0     0     2090.4688    37     2070.6019 UserPurge2: 1     6941    0.96%
      0     0     2090.4532    38     2070.6019 UserPurge2: 1     6956    0.96%
      0     0     2090.4337    39     2070.6019 UserPurge2: 1     6971    0.96%
      0     0     2090.3085    37     2070.6019 UserPurge2: 1     7016    0.95%
      0     0     2090.1838    35     2070.6019 UserPurge2: 1     7053    0.95%
      0     0     2090.0573    34     2070.6019 UserPurge2: 1     7083    0.94%
      0     0     2090.0030    35     2070.6019 UserPurge2: 1     7108    0.94%
      0     0     2089.9691    36     2070.6019 UserPurge2: 1     7131    0.94%
      0     0     2089.9265    37     2070.6019 UserPurge2: 1     7160    0.93%
      0     0     2089.8479    35     2070.6019 UserPurge2: 1     7204    0.93%
      0     0     2089.8164    35     2070.6019 UserPurge2: 1     7222    0.93%
      0     0     2089.7695    36     2070.6019 UserPurge2: 1     7264    0.93%
      0     0     2089.7479    37     2070.6019 UserPurge2: 1     7302    0.92%
      0     0     2089.7070    36     2070.6019 UserPurge2: 1     7338    0.92%
      0     0     2089.6767    37     2070.6019 UserPurge2: 1     7366    0.92%
      0     0     2089.6289    36     2070.6019 UserPurge2: 1     7389    0.92%
      0     0     2089.5459    36     2070.6019 UserPurge2: 1     7422    0.91%
      0     0     2089.5056    36     2070.6019 UserPurge2: 1     7457    0.91%
      0     0     2089.4692    35     2070.6019 UserPurge2: 1     7483    0.91%
      0     0     2089.4527    35     2070.6019 UserPurge2: 1     7506    0.91%
      0     0     2089.4274    36     2070.6019 UserPurge2: 1     7544    0.91%
      0     0     2089.4175    37     2070.6019 UserPurge2: 1     7562    0.91%
      0     0     2089.3985    38     2070.6019 UserPurge2: 1     7601    0.91%
      0     0     2089.3815    39     2070.6019 UserPurge2: 1     7620    0.91%
      0     0     2089.3197    37     2070.6019 UserPurge2: 1     7663    0.90%
      0     0     2089.2926    38     2070.6019 UserPurge2: 1     7690    0.90%
      0     0     2089.2534    38     2070.6019 UserPurge2: 1     7724    0.90%
      0     0     2089.2188    38     2070.6019 UserPurge2: 1     7755    0.90%
      0     0     2089.2036    38     2070.6019 UserPurge2: 1     7777    0.90%
      0     0     2089.1805    38     2070.6019 UserPurge2: 1     7802    0.90%
      0     0     2089.1383    38     2070.6019 UserPurge2: 1     7838    0.90%
      0     0     2089.1177    38     2070.6019 UserPurge2: 1     7856    0.89%
      0     0     2089.0894    37     2070.6019 UserPurge2: 1     7892    0.89%
      0     0     2089.0602    37     2070.6019 UserPurge2: 1     7918    0.89%
      0     0     2089.0086    36     2070.6019 UserPurge2: 1     7956    0.89%
      0     0     2088.9967    37     2070.6019 UserPurge2: 1     7973    0.89%
      0     0     2088.9770    38     2070.6019 UserPurge2: 1     7995    0.89%
      0     0     2088.9436    37     2070.6019 UserPurge2: 1     8019    0.89%
      0     0     2088.9164    38     2070.6019 UserPurge2: 1     8054    0.88%
      0     0     2088.8968    39     2070.6019 UserPurge2: 1     8087    0.88%
      0     0     2088.8770    39     2070.6019 UserPurge2: 1     8113    0.88%
      0     0     2088.8396    37     2070.6019 UserPurge2: 1     8152    0.88%
      0     0     2088.8196    38     2070.6019 UserPurge2: 1     8182    0.88%
      0     0     2088.8002    39     2070.6019 UserPurge2: 1     8197    0.88%
      0     0     2088.7758    40     2070.6019 UserPurge2: 1     8222    0.88%
      0     0     2088.7625    41     2070.6019 UserPurge2: 1     8242    0.88%
      0     0     2088.6809    39     2070.6019 UserPurge2: 1     8291    0.87%
      0     0     2088.6459    38     2070.6019 UserPurge2: 1     8337    0.87%
      0     0     2088.6100    38     2070.6019 UserPurge2: 1     8370    0.87%
      0     0     2088.5150    36     2070.6019 UserPurge2: 1     8417    0.87%
      0     0     2088.4935    37     2070.6019 UserPurge2: 1     8433    0.86%
      0     0     2088.4796    38     2070.6019 UserPurge2: 1     8450    0.86%
      0     0     2088.4687    39     2070.6019 UserPurge2: 1     8462    0.86%
      0     0     2088.4211    38     2070.6019 UserPurge2: 1     8500    0.86%
      0     0     2088.4020    37     2070.6019 UserPurge2: 1     8518    0.86%
      0     0     2088.3174    36     2070.6019 UserPurge2: 1     8557    0.86%
      0     0     2088.2140    36     2070.6019 UserPurge2: 1     8603    0.85%
      0     0     2088.1887    37     2070.6019 UserPurge2: 1     8623    0.85%
      0     0     2088.1457    37     2070.6019 UserPurge2: 1     8650    0.85%
      0     0     2088.1210    36     2070.6019 UserPurge2: 1     8668    0.85%
      0     0     2088.0970    37     2070.6019 UserPurge2: 1     8693    0.84%
      0     0     2088.0873    38     2070.6019 UserPurge2: 1     8710    0.84%
      0     0     2088.0712    37     2070.6019 UserPurge2: 1     8735    0.84%
      0     0     2088.0282    36     2070.6019 UserPurge2: 1     8769    0.84%
      0     0     2087.9931    37     2070.6019 UserPurge2: 1     8793    0.84%
      0     0     2087.9682    36     2070.6019 UserPurge2: 1     8817    0.84%
      0     0     2087.9415    35     2070.6019 UserPurge2: 1     8838    0.84%
      0     0     2087.9308    35     2070.6019 UserPurge2: 1     8853    0.84%
      0     0     2087.9206    36     2070.6019 UserPurge2: 1     8870    0.84%
      0     0     2087.9173    37     2070.6019 UserPurge2: 1     8881    0.84%
      0     0     2087.9106    38     2070.6019 UserPurge2: 1     8898    0.84%
      0     0     2087.8907    38     2070.6019 UserPurge2: 1     8931    0.83%
      0     0     2087.8690    37     2070.6019 UserPurge2: 1     8955    0.83%
      0     0     2087.8389    36     2070.6019 UserPurge2: 1     8982    0.83%
      0     0     2087.8269    37     2070.6019 UserPurge2: 1     9005    0.83%
      0     0     2087.8210    37     2070.6019 UserPurge2: 1     9032    0.83%
      0     0     2087.8122    37     2070.6019 UserPurge2: 1     9062    0.83%
      0     0     2087.7993    38     2070.6019 UserPurge2: 1     9086    0.83%
      0     0     2087.7914    38     2070.6019 UserPurge2: 1     9109    0.83%
      0     0     2087.7805    39     2070.6019 UserPurge2: 1     9140    0.83%
      0     0     2087.7657    40     2070.6019 UserPurge2: 1     9169    0.83%
      0     0     2087.7186    40     2070.6019 UserPurge2: 1     9224    0.83%
      0     0     2087.6983    40     2070.6019 UserPurge2: 1     9253    0.83%
      0     0     2087.6628    41     2070.6019 UserPurge2: 1     9291    0.82%
      0     0     2087.6468    42     2070.6019 UserPurge2: 1     9314    0.82%
      0     0     2087.6216    41     2070.6019 UserPurge2: 1     9345    0.82%
      0     0     2087.5888    42     2070.6019 UserPurge2: 1     9386    0.82%
      0     0     2087.5588    42     2070.6019 UserPurge2: 1     9422    0.82%
      0     0     2087.5382    43     2070.6019 UserPurge2: 1     9463    0.82%
      0     0     2087.5063    43     2070.6019 UserPurge2: 1     9504    0.82%
      0     0     2087.3952    40     2070.6019 UserPurge2: 1     9566    0.81%
      0     0     2087.3601    39     2070.6019 UserPurge2: 1     9591    0.81%
      0     0     2087.3392    39     2070.6019 UserPurge2: 1     9613    0.81%
      0     0     2087.2971    40     2070.6019 UserPurge2: 1     9652    0.81%
      0     0     2087.2746    40     2070.6019 UserPurge2: 1     9669    0.81%
      0     0     2087.2478    40     2070.6019 UserPurge2: 1     9692    0.80%
      0     0     2087.2218    39     2070.6019 UserPurge2: 1     9725    0.80%
      0     0     2087.1893    40     2070.6019 UserPurge2: 1     9757    0.80%
      0     0     2087.1783    41     2070.6019 UserPurge2: 1     9783    0.80%
      0     0     2087.1341    38     2070.6019 UserPurge2: 1     9828    0.80%
      0     0     2087.1226    38     2070.6019 UserPurge2: 1     9846    0.80%
      0     0     2087.1100    39     2070.6019 UserPurge2: 1     9867    0.80%
      0     0     2087.1043    39     2070.6019 UserPurge2: 1     9881    0.80%
      0     0     2087.0859    39     2070.6019 UserPurge2: 1     9907    0.80%
      0     0     2087.0745    40     2070.6019 UserPurge2: 1     9921    0.80%
      0     0     2087.0591    40     2070.6019 UserPurge2: 1     9949    0.79%
      0     0     2087.0525    41     2070.6019 UserPurge2: 1     9971    0.79%
      0     0     2087.0475    42     2070.6019 UserPurge2: 1     9988    0.79%
      0     0     2087.0397    43     2070.6019 UserPurge2: 1    10012    0.79%
      0     0     2087.0236    44     2070.6019 UserPurge2: 1    10037    0.79%
      0     0     2086.9869    44     2070.6019 UserPurge2: 1    10069    0.79%
      0     0     2086.9165    40     2070.6019 UserPurge2: 1    10106    0.79%
      0     0     2086.8794    41     2070.6019 UserPurge2: 1    10132    0.79%
      0     0     2086.8418    40     2070.6019 UserPurge2: 1    10158    0.78%
      0     0     2086.8092    41     2070.6019 UserPurge2: 1    10186    0.78%
      0     0     2086.8026    42     2070.6019 UserPurge2: 1    10204    0.78%
      0     0     2086.7890    43     2070.6019 UserPurge2: 1    10233    0.78%
      0     0     2086.7498    40     2070.6019 UserPurge2: 1    10275    0.78%
      0     0     2086.7309    41     2070.6019 UserPurge2: 1    10298    0.78%
      0     0     2086.6700    40     2070.6019 UserPurge2: 1    10354    0.78%
      0     0     2086.6345    40     2070.6019 UserPurge2: 1    10393    0.77%
      0     0     2086.6165    40     2070.6019 UserPurge2: 1    10414    0.77%
      0     0     2086.5870    40     2070.6019 UserPurge2: 1    10444    0.77%
      0     0     2086.5567    41     2070.6019 UserPurge2: 1    10466    0.77%
      0     0     2086.5025    42     2070.6019 UserPurge2: 1    10517    0.77%
      0     0     2086.4169    42     2070.6019 UserPurge2: 1    10564    0.76%
      0     0     2086.3333    41     2070.6019 UserPurge2: 1    10596    0.76%
      0     0     2086.2669    42     2070.6019 UserPurge2: 1    10617    0.76%
      0     0     2086.1899    39     2070.6019 UserPurge2: 1    10665    0.75%
      0     0     2086.1384    40     2070.6019 UserPurge2: 1    10700    0.75%
      0     0     2086.1046    40     2070.6019 UserPurge2: 1    10741    0.75%
      0     0     2086.0937    41     2070.6019 UserPurge2: 1    10754    0.75%
      0     0     2086.0563    40     2070.6019 UserPurge2: 1    10784    0.75%
      0     0     2086.0164    40     2070.6019 UserPurge2: 1    10817    0.74%
      0     0     2086.0126    41     2070.6019 UserPurge2: 1    10832    0.74%
      0     0     2085.9847    41     2070.6019 UserPurge2: 1    10865    0.74%
      0     0     2085.9717    41     2070.6019 UserPurge2: 1    10887    0.74%
      0     0     2085.9496    41     2070.6019 UserPurge2: 1    10910    0.74%
      0     0     2085.9385    42     2070.6019 UserPurge2: 1    10927    0.74%
      0     0     2085.8974    43     2070.6019 UserPurge2: 1    10970    0.74%
      0     0     2085.8474    42     2070.6019 UserPurge2: 1    11020    0.74%
      0     0     2085.7512    42     2070.6019 UserPurge2: 1    11078    0.73%
      0     0     2085.6523    40     2070.6019 UserPurge2: 1    11127    0.73%
      0     0     2085.6049    38     2070.6019 UserPurge2: 1    11160    0.72%
      0     0     2085.5573    39     2070.6019 UserPurge2: 1    11180    0.72%
      0     0     2085.5341    40     2070.6019 UserPurge2: 1    11206    0.72%
      0     0     2085.5148    40     2070.6019 UserPurge2: 1    11232    0.72%
      0     0     2085.4984    41     2070.6019 UserPurge2: 1    11251    0.72%
      0     0     2085.4447    42     2070.6019 UserPurge2: 1    11275    0.72%
      0     0     2085.4146    42     2070.6019 UserPurge2: 1    11306    0.72%
      0     0     2085.3794    43     2070.6019 UserPurge2: 1    11336    0.71%
      0     0     2085.3628    43     2070.6019 UserPurge2: 1    11357    0.71%
      0     0     2085.3398    43     2070.6019 UserPurge2: 1    11382    0.71%
      0     0     2085.3242    44     2070.6019 UserPurge2: 1    11410    0.71%
      0     0     2085.3032    45     2070.6019 UserPurge2: 1    11451    0.71%
      0     0     2085.2719    45     2070.6019 UserPurge2: 1    11488    0.71%
      0     0     2085.2276    43     2070.6019 UserPurge2: 1    11522    0.71%
      0     0     2085.2089    44     2070.6019 UserPurge2: 1    11539    0.71%
      0     0     2085.1996    44     2070.6019 UserPurge2: 1    11560    0.70%
      0     0     2085.1848    45     2070.6019 UserPurge2: 1    11587    0.70%
      0     0     2085.1758    46     2070.6019 UserPurge2: 1    11616    0.70%
      0     0     2085.1523    45     2070.6019 UserPurge2: 1    11667    0.70%
      0     0     2085.1295    45     2070.6019 UserPurge2: 1    11702    0.70%
      0     0     2085.1089    45     2070.6019 UserPurge2: 1    11731    0.70%
      0     0     2085.0898    43     2070.6019 UserPurge2: 1    11756    0.70%
      0     0     2085.0650    44     2070.6019 UserPurge2: 1    11788    0.70%
      0     0     2085.0513    43     2070.6019 UserPurge2: 1    11814    0.70%
      0     0     2085.0453    44     2070.6019 UserPurge2: 1    11837    0.70%
      0     0     2085.0411    45     2070.6019 UserPurge2: 1    11857    0.70%
      0     0     2085.0334    46     2070.6019 UserPurge2: 1    11887    0.70%
      0     0     2085.0052    46     2070.6019 UserPurge2: 1    11915    0.70%
      0     0     2084.9858    47     2070.6019 UserPurge2: 1    11957    0.69%
      0     0     2084.9738    47     2070.6019 UserPurge2: 1    11984    0.69%
      0     0     2084.9561    47     2070.6019 UserPurge2: 1    12009    0.69%
      0     0     2084.9450    47     2070.6019 UserPurge2: 1    12042    0.69%
      0     0     2084.9167    48     2070.6019 UserPurge2: 1    12084    0.69%
      0     0     2084.9099    49     2070.6019 UserPurge2: 1    12110    0.69%
      0     0     2084.8847    48     2070.6019 UserPurge2: 1    12170    0.69%
      0     0     2084.8623    47     2070.6019 UserPurge2: 1    12208    0.69%
      0     0     2084.8505    48     2070.6019 UserPurge2: 1    12233    0.69%
      0     0     2084.8345    48     2070.6019 UserPurge2: 1    12277    0.69%
      0     0     2084.8223    47     2070.6019 UserPurge2: 1    12302    0.69%
      0     0     2084.7963    48     2070.6019 UserPurge2: 1    12343    0.69%
      0     0     2084.7841    49     2070.6019 UserPurge2: 1    12367    0.68%
      0     0     2084.7589    50     2070.6019 UserPurge2: 1    12411    0.68%
      0     0     2084.7004    47     2070.6019 UserPurge2: 1    12471    0.68%
      0     0     2084.6590    46     2070.6019 UserPurge2: 1    12501    0.68%
      0     0     2084.6104    46     2070.6019 UserPurge2: 1    12532    0.68%
      0     0     2084.5659    47     2070.6019 UserPurge2: 1    12571    0.67%
      0     0     2084.5149    48     2070.6019 UserPurge2: 1    12606    0.67%
      0     0     2084.4661    48     2070.6019 UserPurge2: 1    12652    0.67%
      0     0     2084.4462    48     2070.6019 UserPurge2: 1    12677    0.67%
      0     0     2084.3924    47     2070.6019 UserPurge2: 1    12717    0.67%
      0     0     2084.3518    47     2070.6019 UserPurge2: 1    12748    0.66%
      0     0     2084.2727    45     2070.6019 UserPurge2: 1    12799    0.66%
      0     0     2084.2429    44     2070.6019 UserPurge2: 1    12827    0.66%
      0     0     2084.2101    44     2070.6019 UserPurge2: 1    12863    0.66%
      0     0     2084.1960    45     2070.6019 UserPurge2: 1    12881    0.66%
      0     0     2084.1734    46     2070.6019 UserPurge2: 1    12910    0.66%
      0     0     2084.1307    46     2070.6019 UserPurge2: 1    12962    0.65%
      0     0     2084.1140    45     2070.6019 UserPurge2: 1    12984    0.65%
      0     0     2084.0860    46     2070.6019 UserPurge2: 1    13010    0.65%
      0     0     2084.0721    46     2070.6019 UserPurge2: 1    13040    0.65%
      0     0     2084.0429    47     2070.6019 UserPurge2: 1    13075    0.65%
      0     0     2084.0348    48     2070.6019 UserPurge2: 1    13093    0.65%
      0     0     2084.0029    48     2070.6019 UserPurge2: 1    13140    0.65%
      0     0     2083.9559    45     2070.6019 UserPurge2: 1    13178    0.64%
      0     0     2083.9376    46     2070.6019 UserPurge2: 1    13196    0.64%
      0     0     2083.9111    46     2070.6019 UserPurge2: 1    13224    0.64%
      0     0     2083.8770    45     2070.6019 UserPurge2: 1    13263    0.64%
      0     0     2083.8275    43     2070.6019 UserPurge2: 1    13297    0.64%
      0     0     2083.7655    41     2070.6019 UserPurge2: 1    13337    0.64%
      0     0     2083.7354    41     2070.6019 UserPurge2: 1    13360    0.63%
      0     0     2083.7215    42     2070.6019 UserPurge2: 1    13383    0.63%
      0     0     2083.7021    43     2070.6019 UserPurge2: 1    13414    0.63%
      0     0     2083.6965    44     2070.6019 UserPurge2: 1    13427    0.63%
      0     0     2083.6844    45     2070.6019 UserPurge2: 1    13454    0.63%
      0     0     2083.6773    45     2070.6019 UserPurge2: 1    13474    0.63%
      0     0     2083.6701    45     2070.6019 UserPurge2: 1    13489    0.63%
      0     0     2083.6550    45     2070.6019 UserPurge2: 1    13530    0.63%
      0     0     2083.6471    46     2070.6019 UserPurge2: 1    13548    0.63%
      0     0     2083.6391    47     2070.6019 UserPurge2: 1    13580    0.63%
      0     0     2083.6247    46     2070.6019 UserPurge2: 1    13617    0.63%
      0     0     2083.6190    47     2070.6019 UserPurge2: 1    13643    0.63%
      0     0     2083.5963    44     2070.6019 UserPurge2: 1    13689    0.63%
      0     0     2083.5821    44     2070.6019 UserPurge2: 1    13716    0.63%
      0     0     2083.5693    44     2070.6019 UserPurge2: 1    13733    0.63%
      0     0     2083.5565    45     2070.6019 UserPurge2: 1    13758    0.63%
      0     0     2083.5501    45     2070.6019 UserPurge2: 1    13775    0.63%
      0     0     2083.5362    46     2070.6019 UserPurge2: 1    13817    0.62%
      0     0     2083.5244    45     2070.6019 UserPurge2: 1    13850    0.62%
      0     0     2083.5041    45     2070.6019 UserPurge2: 1    13876    0.62%
      0     0     2083.4856    44     2070.6019 UserPurge2: 1    13904    0.62%
      0     0     2083.4643    45     2070.6019 UserPurge2: 1    13941    0.62%
      0     0     2083.4346    44     2070.6019 UserPurge2: 1    13981    0.62%
      0     0     2083.4209    45     2070.6019 UserPurge2: 1    14011    0.62%
      0     0     2083.4007    44     2070.6019 UserPurge2: 1    14037    0.62%
      0     0     2083.3944    43     2070.6019 UserPurge2: 1    14064    0.62%
      0     0     2083.3863    43     2070.6019 UserPurge2: 1    14090    0.62%
      0     0     2083.3747    44     2070.6019 UserPurge2: 1    14121    0.62%
      0     0     2083.3653    44     2070.6019 UserPurge2: 1    14133    0.62%
      0     0     2083.3562    45     2070.6019 UserPurge2: 1    14167    0.62%
      0     0     2083.3519    45     2070.6019 UserPurge2: 1    14194    0.62%
      0     0     2083.3344    45     2070.6019 UserPurge2: 1    14231    0.61%
      0     0     2083.3296    45     2070.6019 UserPurge2: 1    14254    0.61%
      0     0     2083.3238    46     2070.6019 UserPurge2: 1    14274    0.61%
      0     0     2083.3176    47     2070.6019 UserPurge2: 1    14290    0.61%
      0     0     2083.3079    48     2070.6019 UserPurge2: 1    14322    0.61%
      0     0     2083.2880    47     2070.6019 UserPurge2: 1    14360    0.61%
      0     0     2083.2717    48     2070.6019 UserPurge2: 1    14406    0.61%
      0     0     2083.2571    48     2070.6019 UserPurge2: 1    14440    0.61%
      0     0     2083.2351    47     2070.6019 UserPurge2: 1    14469    0.61%
      0     0     2083.2046    44     2070.6019 UserPurge2: 1    14499    0.61%
      0     0     2083.1864    45     2070.6019 UserPurge2: 1    14525    0.61%
      0     0     2083.1730    45     2070.6019 UserPurge2: 1    14547    0.61%
      0     0     2083.1557    45     2070.6019 UserPurge2: 1    14574    0.61%
      0     0     2083.1452    46     2070.6019 UserPurge2: 1    14606    0.61%
      0     0     2083.1389    47     2070.6019 UserPurge2: 1    14634    0.61%
      0     0     2083.1348    48     2070.6019 UserPurge2: 1    14653    0.61%
      0     0     2083.1281    49     2070.6019 UserPurge2: 1    14684    0.60%
      0     0     2083.1137    48     2070.6019 UserPurge2: 1    14720    0.60%
      0     0     2083.0915    47     2070.6019 UserPurge2: 1    14770    0.60%
      0     0     2083.0812    48     2070.6019 UserPurge2: 1    14798    0.60%
      0     0     2083.0708    47     2070.6019 UserPurge2: 1    14823    0.60%
      0     0     2083.0420    46     2070.6019 UserPurge2: 1    14865    0.60%
      0     0     2083.0382    47     2070.6019 UserPurge2: 1    14888    0.60%
      0     0     2083.0221    47     2070.6019 UserPurge2: 1    14912    0.60%
      0     0     2083.0190    48     2070.6019 UserPurge2: 1    14920    0.60%
      0     2     2083.0190    48     2070.6019     2083.0184    14920    0.60%
Elapsed time = 39.35 sec. (7618.01 ticks, tree = 0.01 MB, solutions = 1)
      1     3     2074.4820    56     2070.6019     2083.0181    45341    0.60%
      2     4     2075.8093    18     2070.6019     2075.8093   128528    0.25%
      3     5     2075.4383    34     2070.6019     2075.8093   188295    0.25%
      4     6     2074.7095     2     2070.6019     2075.4383   218371    0.23%
*     5     3      integral     0     2074.7008     2075.4383   219213    0.04%
      7     3     2075.2922    47     2074.7008     2075.4383   253575    0.04%
      8     4     2075.1131    45     2074.7008     2075.4383   293355    0.04%
      9     5     2075.0564    46     2074.7008     2075.4383   322095    0.04%
     10     4        cutoff           2074.7008     2075.4383   322432    0.04%
     11     5     2074.8427    46     2074.7008     2075.4383   346958    0.04%
Elapsed time = 3447.81 sec. (2129326.55 ticks, tree = 0.19 MB, solutions = 2)
     12     4        cutoff           2074.7008     2075.4383   348265    0.04%
     13     3        cutoff           2074.7008     2075.4383   358250    0.04%
     14     2        cutoff           2074.7008     2075.4383   358990    0.04%
     15     1        cutoff           2074.7008     2075.2921   368614    0.03%
     16     0        cutoff           2074.7008     2074.7008   369972    0.00%

User cuts applied:  24549

Root node processing (before b&c):
  Real time             =   39.38 sec. (7688.19 ticks)
Sequential b&c:
  Real time             = 3847.91 sec. (2389206.42 ticks)
                          ------------
Total (root+branch&cut) = 3887.29 sec. (2396894.62 ticks)
@Parameters: 
is_S_cut                                true
is_add_all_yinF                         true
is_start_value                          true
is_usercut                              true
is_visualization                        false
uc_only_rootnode                        false

data                                    Qi
fn                                      data/Qi/instance_1000_1000.csv
mode                                    NewSubmodular
solver                                  cplex

p                                       10
r                                       50

EPS                                     1.0e-06
EPS_vio                                 1.0e-04
beta                                    0.10
gap                                     0.00
nodelimit                               Inf
timelimit                               7200.00


@PrintInfos
ItCnt: 369972
Current gap: 0.00 %
Termination Status: OPTIMAL
Primal Status: FEASIBLE_POINT
Solve Time: 3887.29 sec
Objective Value: 2074.700761
Number of Nodes:     17

CutInfo: [phase] num / time (sec) 
ZLP             [phase1]     0 / 0.00 [rLC]     0 / 0.00 [rUC]     0 / 0.00 [sLC]     0 / 0.00 [sUC]     0 / 0.00 
OldSubmodular   [phase1]     0 / 0.00 [rLC]     0 / 0.00 [rUC]     0 / 0.00 [sLC]     0 / 0.00 [sUC]     0 / 0.00 
NewSubmodular   [phase1]     0 / 0.00 [rLC]   146 / 8.17 [rUC]   547 / 23.79 [sLC]     1 / 2.23 [sUC] 24496 / 1000.79 
PMP             [phase1]     0 / 0.00 [rLC]     3 / 2.68 [rUC]     0 / 0.00 [sLC]     2 / 2.19 [sUC]    20 / 18.75 
Separation Round: [phase1] 0  [rLC] 146  [rUC] 547  [sLC] 2  [sUC] 6395
Root Best Bound 2075.809306
Root Best Integer: 2070.601948
Best Bound: 2074.700761
Best Integer: 2074.700761

