Version identifier: 20.1.0.0 | 2020-11-10 | 9bedb6d68
CPXPARAM_Threads                                 1
CPXPARAM_TimeLimit                               7200
CPXPARAM_MIP_Tolerances_MIPGap                   0
Generic callback                                 0x60
1 of 1 MIP starts provided solutions.
MIP start 'm1' defined initial solution with objective 1355.1861.
Tried aggregator 1 time.
Reduced MIP has 1 rows, 501 columns, and 500 nonzeros.
Reduced MIP has 500 binaries, 0 generals, 0 SOSs, and 0 indicators.
Presolve time = 0.00 sec. (0.15 ticks)
Probing time = 0.00 sec. (0.05 ticks)
Tried aggregator 1 time.
Reduced MIP has 1 rows, 501 columns, and 500 nonzeros.
Reduced MIP has 500 binaries, 0 generals, 0 SOSs, and 0 indicators.
Presolve time = 0.00 sec. (0.15 ticks)
Probing time = 0.00 sec. (0.05 ticks)
MIP emphasis: balance optimality and feasibility.
MIP search method: dynamic search.
Parallel mode: none, using 1 thread.
Root relaxation solution time = 0.00 sec. (0.10 ticks)

        Nodes                                         Cuts/
   Node  Left     Objective  IInf  Best Integer    Best Bound    ItCnt     Gap

*     0+    0                         1355.1861     2716.0000           100.42%
      0     0     1907.5422     2     1355.1861     2716.0000        0  100.42%
      0     0     1747.2419     3     1355.1861 UserPurge2: 1        6   28.93%
      0     0     1654.9190     5     1355.1861 UserPurge2: 1       16   22.12%
      0     0     1546.9307     5     1355.1861 UserPurge2: 1       24   14.15%
      0     0     1533.6370     7     1355.1861 UserPurge2: 1       34   13.17%
      0     0     1503.1322     8     1355.1861 UserPurge2: 1       48   10.92%
      0     0     1484.2843     9     1355.1861 UserPurge2: 1       73    9.53%
      0     0     1470.3204    10     1355.1861 UserPurge2: 1       97    8.50%
      0     0     1461.8155    12     1355.1861 UserPurge2: 1      124    7.87%
      0     0     1456.1264    13     1355.1861 UserPurge2: 1      148    7.45%
      0     0     1453.6050    14     1355.1861 UserPurge2: 1      160    7.26%
      0     0     1449.6311    15     1355.1861 UserPurge2: 1      190    6.97%
      0     0     1442.9518    15     1355.1861 UserPurge2: 1      223    6.48%
      0     0     1439.8780    13     1355.1861 UserPurge2: 1      239    6.25%
      0     0     1439.0259    15     1355.1861 UserPurge1: 1      248    6.19%
      0     0     1434.9250    15     1355.1861 UserPurge2: 1      280    5.88%
      0     0     1432.4221    14     1355.1861 UserPurge2: 1      298    5.70%
      0     0     1432.1196    16     1355.1861 UserPurge1: 1      300    5.68%
      0     0     1430.5090    16     1355.1861 UserPurge2: 1      315    5.56%
      0     0     1430.5079    17     1355.1861 UserPurge1: 1      317    5.56%
      0     0     1426.5703    15     1355.1861 UserPurge2: 1      354    5.27%
      0     0     1424.2972    16     1355.1861 UserPurge2: 1      376    5.10%
      0     0     1421.6225    15     1355.1861 UserPurge2: 1      408    4.90%
      0     0     1419.7788    15     1355.1861 UserPurge2: 1      431    4.77%
      0     0     1419.2929    15     1355.1861 UserPurge2: 1      439    4.73%
      0     0     1418.6569    17     1355.1861 UserPurge2: 1      451    4.68%
      0     0     1417.8891    17     1355.1861 UserPurge2: 1      480    4.63%
      0     0     1416.4250    18     1355.1861 UserPurge2: 1      513    4.52%
      0     0     1414.3193    18     1355.1861 UserPurge2: 1      552    4.36%
      0     0     1411.7733    14     1355.1861 UserPurge2: 1      587    4.18%
      0     0     1409.3941    14     1355.1861 UserPurge2: 1      606    4.00%
      0     0     1408.1052    15     1355.1861 UserPurge2: 1      622    3.90%
      0     0     1407.6161    15     1355.1861 UserPurge2: 1      634    3.87%
      0     0     1405.8055    15     1355.1861 UserPurge2: 1      644    3.74%
      0     0     1405.1768    16     1355.1861 UserPurge2: 1      663    3.69%
      0     0     1404.3215    16     1355.1861 UserPurge2: 1      684    3.63%
      0     0     1402.9826    16     1355.1861 UserPurge2: 1      715    3.53%
      0     0     1401.7464    16     1355.1861 UserPurge2: 1      733    3.44%
      0     0     1400.9241    17     1355.1861 UserPurge2: 1      755    3.38%
      0     0     1400.2634    18     1355.1861 UserPurge2: 1      775    3.33%
      0     0     1399.5019    18     1355.1861 UserPurge2: 1      807    3.27%
      0     0     1398.3365    18     1355.1861 UserPurge2: 1      836    3.18%
      0     0     1397.5078    18     1355.1861 UserPurge2: 1      856    3.12%
      0     0     1396.9780    18     1355.1861 UserPurge2: 1      878    3.08%
      0     0     1396.4010    18     1355.1861 UserPurge2: 1      893    3.04%
      0     0     1395.6617    19     1355.1861 UserPurge2: 1      919    2.99%
      0     0     1395.1114    20     1355.1861 UserPurge2: 1      946    2.95%
      0     0     1393.5025    18     1355.1861 UserPurge2: 1      983    2.83%
      0     0     1391.6498    17     1355.1861 UserPurge2: 1     1021    2.69%
      0     0     1390.0614    16     1355.1861 UserPurge2: 1     1044    2.57%
      0     0     1389.2774    17     1355.1861 UserPurge2: 1     1057    2.52%
      0     0     1388.7454    18     1355.1861 UserPurge2: 1     1070    2.48%
      0     0     1388.0921    17     1355.1861 UserPurge2: 1     1096    2.43%
      0     0     1387.3783    17     1355.1861 UserPurge2: 1     1119    2.38%
      0     0     1387.0202    18     1355.1861 UserPurge2: 1     1138    2.35%
      0     0     1386.7232    18     1355.1861 UserPurge2: 1     1157    2.33%
      0     0     1386.3930    19     1355.1861 UserPurge2: 1     1176    2.30%
      0     0     1385.8204    19     1355.1861 UserPurge2: 1     1192    2.26%
      0     0     1385.5823    19     1355.1861 UserPurge2: 1     1213    2.24%
      0     0     1385.3170    20     1355.1861 UserPurge2: 1     1237    2.22%
      0     0     1384.3807    20     1355.1861 UserPurge2: 1     1265    2.15%
      0     0     1384.1031    21     1355.1861 UserPurge2: 1     1277    2.13%
      0     0     1383.7801    21     1355.1861 UserPurge2: 1     1292    2.11%
      0     0     1383.5367    22     1355.1861 UserPurge2: 1     1307    2.09%
      0     0     1382.8749    21     1355.1861 UserPurge2: 1     1338    2.04%
      0     0     1382.6395    20     1355.1861 UserPurge2: 1     1351    2.03%
      0     0     1382.3363    21     1355.1861 UserPurge2: 1     1366    2.00%
      0     0     1381.3426    22     1355.1861 UserPurge2: 1     1400    1.93%
      0     0     1380.8594    22     1355.1861 UserPurge2: 1     1426    1.89%
      0     0     1380.3567    19     1355.1861 UserPurge2: 1     1443    1.86%
      0     0     1380.2131    19     1355.1861 UserPurge2: 1     1456    1.85%
      0     0     1380.0435    20     1355.1861 UserPurge2: 1     1471    1.83%
      0     0     1379.9100    20     1355.1861 UserPurge2: 1     1490    1.82%
      0     0     1379.8546    20     1355.1861 UserPurge2: 1     1502    1.82%
      0     0     1379.7796    21     1355.1861 UserPurge2: 1     1510    1.81%
      0     0     1379.6259    21     1355.1861 UserPurge2: 1     1530    1.80%
      0     0     1379.5356    22     1355.1861 UserPurge2: 1     1537    1.80%
      0     0     1379.4830    23     1355.1861 UserPurge2: 1     1547    1.79%
      0     0     1379.4042    23     1355.1861 UserPurge2: 1     1569    1.79%
      0     0     1379.3223    24     1355.1861 UserPurge2: 1     1582    1.78%
      0     0     1379.1697    24     1355.1861 UserPurge2: 1     1603    1.77%
      0     0     1378.8150    23     1355.1861 UserPurge2: 1     1632    1.74%
      0     0     1378.1713    23     1355.1861 UserPurge2: 1     1658    1.70%
      0     0     1377.7871    24     1355.1861 UserPurge2: 1     1692    1.67%
      0     0     1377.2350    21     1355.1861 UserPurge2: 1     1723    1.63%
      0     0     1376.8331    21     1355.1861 UserPurge2: 1     1744    1.60%
      0     0     1376.4875    22     1355.1861 UserPurge2: 1     1763    1.57%
      0     0     1376.4310    23     1355.1861 UserPurge2: 1     1778    1.57%
      0     0     1376.3203    24     1355.1861 UserPurge2: 1     1790    1.56%
      0     0     1376.0447    23     1355.1861 UserPurge2: 1     1812    1.54%
      0     0     1375.6482    23     1355.1861 UserPurge2: 1     1828    1.51%
      0     0     1375.6108    24     1355.1861 UserPurge2: 1     1834    1.51%
      0     0     1375.2430    23     1355.1861 UserPurge2: 1     1869    1.48%
      0     0     1374.9307    23     1355.1861 UserPurge2: 1     1887    1.46%
      0     0     1374.8468    24     1355.1861 UserPurge2: 1     1901    1.45%
      0     0     1374.7101    25     1355.1861 UserPurge2: 1     1918    1.44%
      0     0     1374.5286    23     1355.1861 UserPurge2: 1     1948    1.43%
      0     0     1374.4825    24     1355.1861 UserPurge2: 1     1962    1.42%
      0     0     1374.3751    24     1355.1861 UserPurge2: 1     1978    1.42%
      0     0     1374.3368    24     1355.1861 UserPurge2: 1     1996    1.41%
      0     0     1374.2732    25     1355.1861 UserPurge2: 1     2012    1.41%
      0     0     1374.1896    26     1355.1861 UserPurge2: 1     2026    1.40%
      0     0     1373.9181    26     1355.1861 UserPurge2: 1     2054    1.38%
      0     0     1373.8396    25     1355.1861 UserPurge2: 1     2078    1.38%
      0     0     1373.7061    25     1355.1861 UserPurge2: 1     2100    1.37%
      0     0     1373.6281    26     1355.1861 UserPurge2: 1     2109    1.36%
      0     0     1373.5642    26     1355.1861 UserPurge2: 1     2128    1.36%
      0     0     1373.3205    26     1355.1861 UserPurge2: 1     2143    1.34%
      0     0     1373.1500    25     1355.1861 UserPurge2: 1     2170    1.33%
      0     0     1373.1085    25     1355.1861 UserPurge2: 1     2183    1.32%
      0     0     1373.0535    26     1355.1861 UserPurge2: 1     2204    1.32%
      0     0     1373.0202    27     1355.1861 UserPurge2: 1     2217    1.32%
      0     0     1372.7512    25     1355.1861 UserPurge2: 1     2254    1.30%
      0     0     1372.5245    24     1355.1861 UserPurge2: 1     2294    1.28%
      0     0     1372.4091    24     1355.1861 UserPurge2: 1     2316    1.27%
      0     0     1372.3882    25     1355.1861 UserPurge2: 1     2325    1.27%
      0     0     1372.2401    24     1355.1861 UserPurge2: 1     2353    1.26%
      0     0     1372.0269    24     1355.1861 UserPurge2: 1     2379    1.24%
      0     0     1371.9355    23     1355.1861 UserPurge2: 1     2399    1.24%
      0     0     1371.8630    24     1355.1861 UserPurge2: 1     2418    1.23%
      0     0     1371.8425    25     1355.1861 UserPurge2: 1     2435    1.23%
      0     0     1371.8266    26     1355.1861 UserPurge2: 1     2447    1.23%
      0     0     1371.7599    27     1355.1861 UserPurge2: 1     2480    1.22%
      0     0     1371.6645    27     1355.1861 UserPurge2: 1     2497    1.22%
      0     0     1371.4849    27     1355.1861 UserPurge2: 1     2528    1.20%
      0     0     1371.4391    27     1355.1861 UserPurge2: 1     2542    1.20%
      0     0     1371.3090    26     1355.1861 UserPurge2: 1     2563    1.19%
      0     0     1371.1312    27     1355.1861 UserPurge2: 1     2582    1.18%
      0     0     1371.0711    28     1355.1861 UserPurge2: 1     2596    1.17%
      0     0     1370.9054    28     1355.1861 UserPurge2: 1     2619    1.16%
      0     0     1370.8014    27     1355.1861 UserPurge2: 1     2642    1.15%
      0     0     1370.7745    28     1355.1861 UserPurge2: 1     2654    1.15%
      0     0     1370.6390    29     1355.1861 UserPurge2: 1     2681    1.14%
      0     0     1370.2528    26     1355.1861 UserPurge2: 1     2724    1.11%
      0     0     1370.0665    24     1355.1861 UserPurge2: 1     2753    1.10%
      0     0     1369.9103    25     1355.1861 UserPurge2: 1     2773    1.09%
      0     0     1369.7660    26     1355.1861 UserPurge2: 1     2786    1.08%
      0     0     1369.6402    27     1355.1861 UserPurge2: 1     2809    1.07%
      0     0     1369.4905    25     1355.1861 UserPurge2: 1     2832    1.06%
      0     0     1369.3429    26     1355.1861 UserPurge2: 1     2850    1.04%
      0     0     1369.2208    27     1355.1861 UserPurge2: 1     2866    1.04%
      0     0     1369.1098    28     1355.1861 UserPurge2: 1     2885    1.03%
      0     0     1368.9643    28     1355.1861 UserPurge2: 1     2903    1.02%
      0     0     1368.8379    29     1355.1861 UserPurge2: 1     2924    1.01%
      0     0     1368.7422    28     1355.1861 UserPurge2: 1     2942    1.00%
      0     0     1368.5945    28     1355.1861 UserPurge2: 1     2962    0.99%
      0     0     1368.5048    29     1355.1861 UserPurge2: 1     2979    0.98%
      0     0     1368.4772    29     1355.1861 UserPurge2: 1     2990    0.98%
      0     0     1368.3963    30     1355.1861 UserPurge2: 1     3010    0.97%
      0     0     1368.2729    29     1355.1861 UserPurge2: 1     3030    0.97%
      0     0     1368.2059    30     1355.1861 UserPurge2: 1     3051    0.96%
      0     0     1368.1341    29     1355.1861 UserPurge2: 1     3077    0.96%
      0     0     1368.0933    30     1355.1861 UserPurge2: 1     3097    0.95%
      0     0     1368.0330    31     1355.1861 UserPurge2: 1     3121    0.95%
      0     0     1367.9689    30     1355.1861 UserPurge2: 1     3149    0.94%
      0     0     1367.8884    30     1355.1861 UserPurge2: 1     3174    0.94%
      0     0     1367.7835    30     1355.1861 UserPurge2: 1     3200    0.93%
      0     0     1367.6724    30     1355.1861 UserPurge2: 1     3222    0.92%
      0     0     1367.5116    29     1355.1861 UserPurge2: 1     3257    0.91%
      0     0     1367.4019    29     1355.1861 UserPurge2: 1     3284    0.90%
      0     0     1367.2928    28     1355.1861 UserPurge2: 1     3312    0.89%
      0     0     1367.2034    29     1355.1861 UserPurge2: 1     3334    0.89%
      0     0     1367.1342    29     1355.1861 UserPurge2: 1     3359    0.88%
      0     0     1367.0616    29     1355.1861 UserPurge2: 1     3382    0.88%
      0     0     1367.0308    30     1355.1861 UserPurge2: 1     3401    0.87%
      0     0     1366.9982    31     1355.1861 UserPurge2: 1     3415    0.87%
      0     0     1366.9203    32     1355.1861 UserPurge2: 1     3452    0.87%
      0     0     1366.8527    29     1355.1861 UserPurge2: 1     3477    0.86%
      0     0     1366.7195    29     1355.1861 UserPurge2: 1     3502    0.85%
      0     0     1366.5993    29     1355.1861 UserPurge2: 1     3528    0.84%
      0     0     1366.5563    30     1355.1861 UserPurge2: 1     3541    0.84%
      0     0     1366.4981    31     1355.1861 UserPurge2: 1     3570    0.83%
      0     0     1366.4050    30     1355.1861 UserPurge2: 1     3593    0.83%
      0     0     1366.3407    31     1355.1861 UserPurge2: 1     3613    0.82%
      0     0     1366.2759    30     1355.1861 UserPurge2: 1     3644    0.82%
      0     0     1366.2431    31     1355.1861 UserPurge2: 1     3658    0.82%
      0     0     1366.2155    32     1355.1861 UserPurge2: 1     3676    0.81%
      0     0     1366.0740    31     1355.1861 UserPurge2: 1     3714    0.80%
      0     0     1365.8819    29     1355.1861 UserPurge2: 1     3753    0.79%
      0     0     1365.8360    28     1355.1861 UserPurge2: 1     3779    0.79%
      0     0     1365.8101    29     1355.1861 UserPurge2: 1     3796    0.78%
      0     0     1365.7819    30     1355.1861 UserPurge2: 1     3809    0.78%
      0     0     1365.6794    30     1355.1861 UserPurge2: 1     3834    0.77%
      0     0     1365.6292    31     1355.1861 UserPurge2: 1     3845    0.77%
      0     0     1365.5112    30     1355.1861 UserPurge2: 1     3868    0.76%
      0     0     1365.4840    31     1355.1861 UserPurge2: 1     3897    0.76%
      0     0     1365.4405    32     1355.1861 UserPurge2: 1     3911    0.76%
      0     0     1365.3952    32     1355.1861 UserPurge2: 1     3929    0.75%
      0     0     1365.3587    32     1355.1861 UserPurge2: 1     3960    0.75%
      0     0     1365.3198    32     1355.1861 UserPurge2: 1     3975    0.75%
      0     0     1365.2620    32     1355.1861 UserPurge2: 1     4000    0.74%
      0     0     1365.1941    30     1355.1861 UserPurge2: 1     4019    0.74%
      0     0     1365.0578    29     1355.1861 UserPurge2: 1     4042    0.73%
      0     0     1365.0202    29     1355.1861 UserPurge2: 1     4052    0.73%
      0     0     1364.9821    30     1355.1861 UserPurge2: 1     4065    0.72%
      0     0     1364.9578    31     1355.1861 UserPurge2: 1     4077    0.72%
      0     0     1364.8224    29     1355.1861 UserPurge2: 1     4110    0.71%
      0     0     1364.7123    28     1355.1861 UserPurge2: 1     4126    0.70%
      0     0     1364.6522    28     1355.1861 UserPurge2: 1     4134    0.70%
      0     0     1364.6095    29     1355.1861 UserPurge2: 1     4150    0.70%
      0     0     1364.5709    30     1355.1861 UserPurge2: 1     4163    0.69%
      0     0     1364.4718    28     1355.1861 UserPurge2: 1     4192    0.69%
      0     0     1364.4190    29     1355.1861 UserPurge2: 1     4225    0.68%
      0     0     1364.3826    28     1355.1861 UserPurge2: 1     4247    0.68%
      0     0     1364.2966    28     1355.1861 UserPurge2: 1     4263    0.67%
      0     0     1364.2755    28     1355.1861 UserPurge2: 1     4280    0.67%
      0     0     1364.2385    29     1355.1861 UserPurge2: 1     4299    0.67%
      0     0     1364.2050    30     1355.1861 UserPurge2: 1     4315    0.67%
      0     0     1364.1955    31     1355.1861 UserPurge2: 1     4335    0.66%
      0     0     1364.1786    32     1355.1861 UserPurge2: 1     4350    0.66%
      0     0     1364.1639    32     1355.1861 UserPurge2: 1     4365    0.66%
      0     0     1364.1552    32     1355.1861 UserPurge2: 1     4382    0.66%
      0     0     1364.0963    29     1355.1861 UserPurge2: 1     4403    0.66%
      0     0     1364.0835    30     1355.1861 UserPurge2: 1     4411    0.66%
      0     0     1364.0792    31     1355.1861 UserPurge2: 1     4417    0.66%
      0     0     1364.0556    31     1355.1861 UserPurge2: 1     4429    0.65%
      0     0     1364.0387    31     1355.1861 UserPurge2: 1     4442    0.65%
      0     0     1364.0105    32     1355.1861 UserPurge2: 1     4463    0.65%
      0     0     1363.9715    32     1355.1861 UserPurge2: 1     4481    0.65%
      0     0     1363.9425    32     1355.1861 UserPurge2: 1     4499    0.65%
      0     0     1363.9130    33     1355.1861 UserPurge2: 1     4515    0.64%
      0     0     1363.9037    33     1355.1861 UserPurge2: 1     4530    0.64%
      0     0     1363.8954    33     1355.1861 UserPurge2: 1     4553    0.64%
      0     0     1363.8758    34     1355.1861 UserPurge2: 1     4580    0.64%
      0     0     1363.8295    34     1355.1861 UserPurge2: 1     4609    0.64%
      0     0     1363.8113    35     1355.1861 UserPurge2: 1     4621    0.64%
      0     0     1363.7764    35     1355.1861 UserPurge2: 1     4645    0.63%
      0     0     1363.7542    35     1355.1861 UserPurge2: 1     4665    0.63%
      0     0     1363.7201    34     1355.1861 UserPurge2: 1     4684    0.63%
      0     0     1363.6969    35     1355.1861 UserPurge2: 1     4700    0.63%
      0     0     1363.6332    34     1355.1861 UserPurge2: 1     4739    0.62%
      0     0     1363.5078    32     1355.1861 UserPurge2: 1     4764    0.61%
      0     0     1363.4119    33     1355.1861 UserPurge2: 1     4786    0.61%
      0     0     1363.3630    33     1355.1861 UserPurge2: 1     4807    0.60%
      0     0     1363.3063    34     1355.1861 UserPurge2: 1     4832    0.60%
      0     0     1363.2675    35     1355.1861 UserPurge2: 1     4856    0.60%
      0     0     1363.2056    34     1355.1861 UserPurge2: 1     4882    0.59%
      0     0     1363.1335    32     1355.1861 UserPurge2: 1     4900    0.59%
      0     0     1363.0775    33     1355.1861 UserPurge2: 1     4918    0.58%
      0     0     1363.0195    32     1355.1861 UserPurge2: 1     4945    0.58%
      0     0     1362.9508    29     1355.1861 UserPurge2: 1     4964    0.57%
      0     0     1362.9371    30     1355.1861 UserPurge2: 1     4975    0.57%
      0     0     1362.9213    31     1355.1861 UserPurge2: 1     4991    0.57%
      0     0     1362.9123    32     1355.1861 UserPurge2: 1     5003    0.57%
      0     0     1362.9024    33     1355.1861 UserPurge2: 1     5012    0.57%
      0     0     1362.8948    34     1355.1861 UserPurge2: 1     5022    0.57%
      0     0     1362.8827    35     1355.1861 UserPurge2: 1     5044    0.57%
      0     0     1362.8491    35     1355.1861 UserPurge2: 1     5066    0.57%
      0     0     1362.7746    34     1355.1861 UserPurge2: 1     5092    0.56%
      0     0     1362.7554    35     1355.1861 UserPurge2: 1     5106    0.56%
      0     0     1362.7117    36     1355.1861 UserPurge2: 1     5136    0.56%
      0     0     1362.6627    37     1355.1861 UserPurge2: 1     5154    0.55%
      0     0     1362.6096    36     1355.1861 UserPurge2: 1     5181    0.55%
      0     0     1362.5737    36     1355.1861 UserPurge2: 1     5198    0.55%
      0     0     1362.5585    37     1355.1861 UserPurge2: 1     5217    0.54%
      0     0     1362.5290    35     1355.1861 UserPurge2: 1     5235    0.54%
      0     0     1362.5123    35     1355.1861 UserPurge2: 1     5256    0.54%
      0     0     1362.4944    34     1355.1861 UserPurge2: 1     5285    0.54%
      0     0     1362.4571    33     1355.1861 UserPurge2: 1     5314    0.54%
      0     0     1362.4116    34     1355.1861 UserPurge2: 1     5337    0.53%
*     0+    0                         1355.5138     1362.4116             0.51%
      0     0     1362.3599    34     1355.5138 UserPurge2: 1     5358    0.51%
      0     0     1362.2982    33     1355.5138 UserPurge2: 1     5383    0.50%
      0     0     1362.2797    33     1355.5138 UserPurge2: 1     5400    0.50%
      0     0     1362.2690    34     1355.5138 UserPurge2: 1     5416    0.50%
      0     0     1362.2413    34     1355.5138 UserPurge2: 1     5426    0.50%
      0     0     1362.2145    35     1355.5138 UserPurge2: 1     5445    0.49%
      0     0     1362.1863    35     1355.5138 UserPurge2: 1     5466    0.49%
      0     0     1362.1697    35     1355.5138 UserPurge2: 1     5475    0.49%
      0     0     1362.1411    36     1355.5138 UserPurge2: 1     5490    0.49%
      0     0     1362.1216    37     1355.5138 UserPurge2: 1     5511    0.49%
      0     0     1362.1064    37     1355.5138 UserPurge2: 1     5531    0.49%
      0     0     1362.0662    37     1355.5138 UserPurge2: 1     5562    0.48%
      0     0     1361.9996    34     1355.5138 UserPurge2: 1     5587    0.48%
      0     0     1361.9420    34     1355.5138 UserPurge2: 1     5609    0.47%
      0     0     1361.9047    34     1355.5138 UserPurge2: 1     5630    0.47%
      0     0     1361.8916    34     1355.5138 UserPurge2: 1     5641    0.47%
      0     0     1361.8749    35     1355.5138 UserPurge2: 1     5654    0.47%
      0     0     1361.8508    36     1355.5138 UserPurge2: 1     5676    0.47%
      0     0     1361.8091    35     1355.5138 UserPurge2: 1     5709    0.46%
      0     0     1361.7679    34     1355.5138 UserPurge2: 1     5729    0.46%
      0     0     1361.7466    35     1355.5138 UserPurge2: 1     5740    0.46%
      0     0     1361.6924    35     1355.5138 UserPurge2: 1     5758    0.46%
      0     0     1361.6317    35     1355.5138 UserPurge2: 1     5782    0.45%
      0     0     1361.5830    35     1355.5138 UserPurge2: 1     5806    0.45%
      0     0     1361.5050    35     1355.5138 UserPurge2: 1     5838    0.44%
      0     0     1361.4197    31     1355.5138 UserPurge2: 1     5862    0.44%
      0     0     1361.4089    32     1355.5138 UserPurge2: 1     5876    0.43%
      0     0     1361.3751    33     1355.5138 UserPurge2: 1     5898    0.43%
      0     0     1361.3716    33     1355.5138 UserPurge2: 1     5904    0.43%
      0     0     1361.3618    34     1355.5138 UserPurge2: 1     5917    0.43%
      0     0     1361.3530    35     1355.5138 UserPurge2: 1     5928    0.43%
      0     0     1361.3365    35     1355.5138 UserPurge2: 1     5942    0.43%
      0     0     1361.3059    33     1355.5138 UserPurge2: 1     5960    0.43%
      0     0     1361.2860    32     1355.5138 UserPurge2: 1     5983    0.43%
      0     0     1361.2761    33     1355.5138 UserPurge2: 1     5989    0.43%
      0     0     1361.2681    34     1355.5138 UserPurge2: 1     6001    0.42%
      0     0     1361.2592    35     1355.5138 UserPurge2: 1     6011    0.42%
*     0+    0                         1356.7851     1361.2592             0.33%
      0     0     1361.2474    36     1356.7851 UserPurge2: 1     6026    0.33%
      0     0     1361.2291    35     1356.7851 UserPurge2: 1     6045    0.33%
      0     0     1361.2213    36     1356.7851 UserPurge2: 1     6057    0.33%
      0     0     1361.2136    36     1356.7851 UserPurge2: 1     6079    0.33%
      0     0     1361.1990    36     1356.7851 UserPurge2: 1     6096    0.33%
      0     0     1361.1854    36     1356.7851 UserPurge2: 1     6115    0.32%
      0     0     1361.1658    36     1356.7851 UserPurge2: 1     6138    0.32%
      0     0     1361.1582    36     1356.7851 UserPurge2: 1     6166    0.32%
      0     0     1361.1371    36     1356.7851 UserPurge2: 1     6188    0.32%
      0     0     1361.1110    35     1356.7851 UserPurge2: 1     6210    0.32%
      0     0     1361.0763    36     1356.7851 UserPurge2: 1     6233    0.32%
      0     0     1361.0605    36     1356.7851 UserPurge2: 1     6248    0.32%
      0     0     1361.0435    35     1356.7851 UserPurge2: 1     6272    0.31%
      0     0     1361.0350    36     1356.7851 UserPurge2: 1     6288    0.31%
      0     0     1361.0244    36     1356.7851 UserPurge2: 1     6315    0.31%
      0     0     1360.9953    36     1356.7851 UserPurge2: 1     6336    0.31%
      0     0     1360.9672    35     1356.7851 UserPurge2: 1     6376    0.31%
      0     0     1360.9467    34     1356.7851 UserPurge2: 1     6398    0.31%
      0     0     1360.9414    35     1356.7851 UserPurge2: 1     6407    0.31%
      0     0     1360.9350    36     1356.7851 UserPurge2: 1     6417    0.31%
      0     0     1360.9296    36     1356.7851 UserPurge2: 1     6434    0.31%
      0     0     1360.9222    36     1356.7851 UserPurge2: 1     6457    0.30%
      0     0     1360.8954    36     1356.7851 UserPurge2: 1     6482    0.30%
      0     0     1360.8773    36     1356.7851 UserPurge2: 1     6500    0.30%
      0     0     1360.8686    36     1356.7851 UserPurge2: 1     6516    0.30%
      0     0     1360.8642    37     1356.7851 UserPurge2: 1     6530    0.30%
      0     0     1360.8502    35     1356.7851 UserPurge2: 1     6560    0.30%
      0     0     1360.8416    36     1356.7851 UserPurge2: 1     6576    0.30%
      0     0     1360.8328    37     1356.7851 UserPurge2: 1     6588    0.30%
      0     0     1360.8224    37     1356.7851 UserPurge2: 1     6602    0.30%
      0     0     1360.8129    38     1356.7851 UserPurge2: 1     6619    0.30%
      0     0     1360.8006    38     1356.7851 UserPurge2: 1     6638    0.30%
      0     0     1360.7823    37     1356.7851 UserPurge2: 1     6670    0.29%
      0     0     1360.7726    38     1356.7851 UserPurge2: 1     6684    0.29%
      0     0     1360.7284    35     1356.7851 UserPurge2: 1     6719    0.29%
      0     0     1360.7017    36     1356.7851 UserPurge2: 1     6732    0.29%
      0     0     1360.6723    35     1356.7851 UserPurge2: 1     6747    0.29%
      0     0     1360.6494    34     1356.7851 UserPurge2: 1     6770    0.28%
      0     0     1360.6380    35     1356.7851 UserPurge2: 1     6784    0.28%
      0     0     1360.6255    36     1356.7851 UserPurge2: 1     6795    0.28%
      0     0     1360.6097    36     1356.7851 UserPurge2: 1     6821    0.28%
      0     0     1360.5983    37     1356.7851 UserPurge2: 1     6836    0.28%
      0     0     1360.5842    37     1356.7851 UserPurge2: 1     6850    0.28%
      0     0     1360.5545    37     1356.7851 UserPurge2: 1     6865    0.28%
      0     0     1360.5407    36     1356.7851 UserPurge2: 1     6878    0.28%
      0     0     1360.5309    36     1356.7851 UserPurge2: 1     6886    0.28%
      0     0     1360.5257    37     1356.7851 UserPurge2: 1     6899    0.28%
      0     0     1360.5163    37     1356.7851 UserPurge2: 1     6914    0.28%
      0     0     1360.5006    37     1356.7851 UserPurge2: 1     6928    0.27%
      0     0     1360.4934    38     1356.7851 UserPurge2: 1     6941    0.27%
      0     0     1360.4921    39     1356.7851 UserPurge2: 1     6949    0.27%
      0     0     1360.4910    40     1356.7851 UserPurge2: 1     6954    0.27%
      0     0     1360.4856    41     1356.7851 UserPurge2: 1     6969    0.27%
      0     0     1360.4748    40     1356.7851 UserPurge2: 1     6995    0.27%
      0     0     1360.4661    38     1356.7851 UserPurge2: 1     7014    0.27%
      0     0     1360.4611    39     1356.7851 UserPurge2: 1     7037    0.27%
      0     0     1360.4455    39     1356.7851 UserPurge2: 1     7068    0.27%
      0     0     1360.4323    37     1356.7851 UserPurge2: 1     7093    0.27%
      0     0     1360.4293    38     1356.7851 UserPurge2: 1     7100    0.27%
      0     0     1360.4180    38     1356.7851 UserPurge2: 1     7123    0.27%
      0     0     1360.4040    37     1356.7851 UserPurge2: 1     7138    0.27%
      0     0     1360.3982    38     1356.7851 UserPurge2: 1     7149    0.27%
      0     0     1360.3944    39     1356.7851 UserPurge2: 1     7155    0.27%
      0     0     1360.3814    38     1356.7851 UserPurge2: 1     7175    0.27%
      0     0     1360.3765    38     1356.7851 UserPurge2: 1     7192    0.26%
      0     0     1360.3709    38     1356.7851 UserPurge2: 1     7206    0.26%
      0     0     1360.3673    38     1356.7851 UserPurge2: 1     7219    0.26%
      0     0     1360.3641    39     1356.7851 UserPurge2: 1     7233    0.26%
      0     0     1360.3608    40     1356.7851 UserPurge2: 1     7245    0.26%
      0     0     1360.3581    41     1356.7851 UserPurge2: 1     7259    0.26%
      0     0     1360.3285    39     1356.7851 UserPurge2: 1     7280    0.26%
      0     0     1360.3003    39     1356.7851 UserPurge2: 1     7305    0.26%
      0     0     1360.2849    38     1356.7851 UserPurge2: 1     7325    0.26%
      0     0     1360.2674    39     1356.7851 UserPurge2: 1     7352    0.26%
      0     0     1360.2374    39     1356.7851 UserPurge2: 1     7374    0.25%
      0     0     1360.1906    38     1356.7851 UserPurge2: 1     7401    0.25%
      0     0     1360.1742    38     1356.7851 UserPurge2: 1     7420    0.25%
      0     0     1360.1352    37     1356.7851 UserPurge2: 1     7457    0.25%
      0     0     1360.1190    36     1356.7851 UserPurge2: 1     7478    0.25%
      0     0     1360.1042    36     1356.7851 UserPurge2: 1     7496    0.24%
      0     0     1360.1007    37     1356.7851 UserPurge2: 1     7505    0.24%
      0     0     1360.0885    37     1356.7851 UserPurge2: 1     7527    0.24%
      0     0     1360.0843    38     1356.7851 UserPurge2: 1     7547    0.24%
      0     0     1360.0623    38     1356.7851 UserPurge2: 1     7571    0.24%
      0     0     1360.0490    39     1356.7851 UserPurge2: 1     7592    0.24%
      0     0     1360.0298    39     1356.7851 UserPurge2: 1     7617    0.24%
      0     0     1360.0126    39     1356.7851 UserPurge2: 1     7638    0.24%
      0     0     1360.0008    39     1356.7851 UserPurge2: 1     7651    0.24%
      0     0     1359.9965    40     1356.7851 UserPurge2: 1     7664    0.24%
      0     0     1359.9862    40     1356.7851 UserPurge2: 1     7679    0.24%
      0     0     1359.9791    40     1356.7851 UserPurge2: 1     7696    0.24%
      0     0     1359.9642    41     1356.7851 UserPurge2: 1     7723    0.23%
      0     0     1359.9452    39     1356.7851 UserPurge2: 1     7742    0.23%
*     0+    0                         1357.2096     1359.9452             0.20%

Repeating presolve.
Tried aggregator 1 time.
MIP Presolve eliminated 0 rows and 136 columns.
Reduced MIP has 1 rows, 365 columns, and 364 nonzeros.
Reduced MIP has 364 binaries, 0 generals, 0 SOSs, and 0 indicators.
Presolve time = 0.00 sec. (0.14 ticks)
Probing time = 0.00 sec. (0.04 ticks)
Tried aggregator 1 time.
Reduced MIP has 1 rows, 365 columns, and 364 nonzeros.
Reduced MIP has 364 binaries, 0 generals, 0 SOSs, and 0 indicators.
Presolve time = 0.00 sec. (0.11 ticks)
Represolve time = 0.03 sec. (18.76 ticks)
Probing time = 0.00 sec. (0.04 ticks)
MIP emphasis: balance optimality and feasibility.
MIP search method: dynamic search.
Parallel mode: none, using 1 thread.
Root relaxation solution time = 0.01 sec. (11.49 ticks)

        Nodes                                         Cuts/
   Node  Left     Objective  IInf  Best Integer    Best Bound    ItCnt     Gap

*     0+    0                         1357.2096     1359.9452             0.20%
      0     0     1359.9452    39     1357.2096     1359.9452     7877    0.20%
      0     0     1359.9277    38     1357.2096 UserPurge2: 1     7905    0.20%
      0     0     1359.9178    39     1357.2096 UserPurge2: 1     7925    0.20%
      0     0     1359.9067    37     1357.2096 UserPurge2: 1     7943    0.20%
      0     0     1359.9022    38     1357.2096 UserPurge2: 1     7955    0.20%
      0     0     1359.8910    39     1357.2096 UserPurge2: 1     7982    0.20%
      0     0     1359.8877    39     1357.2096 UserPurge2: 1     7996    0.20%
      0     0     1359.8823    39     1357.2096 UserPurge2: 1     8015    0.20%
      0     0     1359.8625    37     1357.2096 UserPurge2: 1     8042    0.20%
      0     0     1359.8539    37     1357.2096 UserPurge2: 1     8058    0.19%
      0     0     1359.8528    38     1357.2096 UserPurge2: 1     8067    0.19%
      0     0     1359.8477    39     1357.2096 UserPurge2: 1     8081    0.19%
      0     0     1359.8438    38     1357.2096 UserPurge2: 1     8097    0.19%
      0     0     1359.8330    39     1357.2096 UserPurge2: 1     8117    0.19%
      0     0     1359.8077    40     1357.2096 UserPurge2: 1     8147    0.19%
      0     0     1359.8021    41     1357.2096 UserPurge2: 1     8157    0.19%
      0     0     1359.7878    41     1357.2096 UserPurge2: 1     8173    0.19%
      0     0     1359.7778    41     1357.2096 UserPurge2: 1     8188    0.19%
      0     0     1359.7757    41     1357.2096 UserPurge2: 1     8198    0.19%
      0     0     1359.7717    42     1357.2096 UserPurge2: 1     8211    0.19%
      0     0     1359.7664    42     1357.2096 UserPurge2: 1     8226    0.19%
      0     0     1359.7617    42     1357.2096 UserPurge2: 1     8243    0.19%
      0     0     1359.7457    41     1357.2096 UserPurge2: 1     8273    0.19%
      0     0     1359.7322    41     1357.2096 UserPurge2: 1     8292    0.19%
      0     0     1359.7113    41     1357.2096 UserPurge2: 1     8330    0.18%
      0     0     1359.6895    41     1357.2096 UserPurge2: 1     8365    0.18%
      0     0     1359.6532    38     1357.2096 UserPurge2: 1     8386    0.18%
      0     0     1359.6426    38     1357.2096 UserPurge2: 1     8400    0.18%
      0     0     1359.6406    39     1357.2096 UserPurge2: 1     8409    0.18%
      0     0     1359.6274    38     1357.2096 UserPurge2: 1     8433    0.18%
      0     0     1359.6131    39     1357.2096 UserPurge2: 1     8450    0.18%
      0     0     1359.5896    40     1357.2096 UserPurge2: 1     8467    0.18%
      0     0     1359.5786    40     1357.2096 UserPurge2: 1     8477    0.17%
      0     0     1359.5518    38     1357.2096 UserPurge2: 1     8494    0.17%
      0     0     1359.5398    37     1357.2096 UserPurge2: 1     8510    0.17%
      0     0     1359.5293    38     1357.2096 UserPurge2: 1     8530    0.17%
      0     0     1359.5232    38     1357.2096 UserPurge2: 1     8545    0.17%
      0     0     1359.5211    39     1357.2096 UserPurge2: 1     8554    0.17%
      0     0     1359.5171    40     1357.2096 UserPurge2: 1     8567    0.17%
      0     0     1359.5096    40     1357.2096 UserPurge2: 1     8583    0.17%
      0     0     1359.4954    39     1357.2096 UserPurge2: 1     8609    0.17%
      0     0     1359.4790    39     1357.2096 UserPurge2: 1     8628    0.17%
      0     0     1359.4657    39     1357.2096 UserPurge2: 1     8649    0.17%
      0     0     1359.4552    38     1357.2096 UserPurge2: 1     8664    0.17%
      0     0     1359.4473    38     1357.2096 UserPurge2: 1     8684    0.16%
      0     0     1359.4312    36     1357.2096 UserPurge2: 1     8703    0.16%
      0     0     1359.4288    36     1357.2096 UserPurge2: 1     8713    0.16%
      0     0     1359.4259    37     1357.2096 UserPurge2: 1     8723    0.16%
      0     0     1359.4243    38     1357.2096 UserPurge2: 1     8735    0.16%
      0     0     1359.4226    39     1357.2096 UserPurge2: 1     8747    0.16%
      0     0     1359.4189    39     1357.2096 UserPurge2: 1     8761    0.16%
      0     0     1359.4168    39     1357.2096 UserPurge2: 1     8773    0.16%
      0     0     1359.4105    39     1357.2096 UserPurge2: 1     8795    0.16%
      0     0     1359.4018    38     1357.2096 UserPurge2: 1     8818    0.16%
      0     0     1359.3998    39     1357.2096 UserPurge2: 1     8835    0.16%
      0     0     1359.3989    40     1357.2096 UserPurge2: 1     8846    0.16%
      0     2     1359.3989    40     1357.2096     1359.3988     8846    0.16%
Elapsed time = 13.77 sec. (2787.36 ticks, tree = 0.01 MB, solutions = 4)
*     1     1      integral     0     1358.0000     1359.3988    11331    0.10%
      1     1     1358.0000     0     1358.0000     1359.3985    11331    0.10%
      2     0        cutoff           1358.0000     1358.0000    15714    0.00%

User cuts applied:  337

Root node processing (before b&c):
  Real time             =   13.77 sec. (2787.68 ticks)
Sequential b&c:
  Real time             =    4.53 sec. (1152.15 ticks)
                          ------------
Total (root+branch&cut) =   18.30 sec. (3939.83 ticks)
@Parameters: 
is_S_cut                                true
is_add_all_yinF                         true
is_start_value                          true
is_usercut                              true
is_visualization                        false
uc_only_rootnode                        false

data                                    Qi
fn                                      data/Qi/instance_500_500.csv
mode                                    NewSubmodular
solver                                  cplex

p                                       10
r                                       10

EPS                                     1.0e-06
EPS_vio                                 1.0e-04
beta                                    0.10
gap                                     0.00
nodelimit                               Inf
timelimit                               7200.00


@PrintInfos
ItCnt: 15714
Current gap: 0.00 %
Termination Status: OPTIMAL
Primal Status: FEASIBLE_POINT
Solve Time: 18.30 sec
Objective Value: 1358.000000
Number of Nodes:      3

CutInfo: [phase] num / time (sec) 
ZLP             [phase1]     0 / 0.00 [rLC]     0 / 0.00 [rUC]     0 / 0.00 [sLC]     0 / 0.00 [sUC]     0 / 0.00 
OldSubmodular   [phase1]     0 / 0.00 [rLC]     0 / 0.00 [rUC]     0 / 0.00 [sLC]     0 / 0.00 [sUC]     0 / 0.00 
NewSubmodular   [phase1]     0 / 0.00 [rLC]    91 / 4.52 [rUC]   446 / 5.15 [sLC]     0 / 0.44 [sUC]   297 / 3.28 
PMP             [phase1]     0 / 0.00 [rLC]     5 / 2.30 [rUC]     0 / 0.00 [sLC]     1 / 0.43 [sUC]     0 / 0.00 
Separation Round: [phase1] 0  [rLC] 95  [rUC] 446  [sLC] 1  [sUC] 297
Root Best Bound 1358.000000
Root Best Integer: 1358.000000
Best Bound: 1358.000000
Best Integer: 1358.000000

